[2026-04-01T12:58:50.984+0000] {processor.py:161} INFO - Started process (PID=72) to work on /home/airflow/.local/lib/python3.12/site-packages/airflow/example_dags/example_branch_python_dop_operator_3.py
[2026-04-01T12:58:50.985+0000] {processor.py:830} INFO - Processing file /home/airflow/.local/lib/python3.12/site-packages/airflow/example_dags/example_branch_python_dop_operator_3.py for tasks to queue
[2026-04-01T12:58:50.987+0000] {logging_mixin.py:188} INFO - [2026-04-01T12:58:50.987+0000] {dagbag.py:545} INFO - Filling up the DagBag from /home/airflow/.local/lib/python3.12/site-packages/airflow/example_dags/example_branch_python_dop_operator_3.py
[2026-04-01T12:58:50.996+0000] {processor.py:840} INFO - DAG(s) 'example_branch_dop_operator_v3' retrieved from /home/airflow/.local/lib/python3.12/site-packages/airflow/example_dags/example_branch_python_dop_operator_3.py
[2026-04-01T12:58:51.010+0000] {logging_mixin.py:188} INFO - [2026-04-01T12:58:51.010+0000] {dag.py:3096} INFO - Sync 1 DAGs
[2026-04-01T12:58:51.036+0000] {logging_mixin.py:188} INFO - [2026-04-01T12:58:51.035+0000] {dag.py:3954} INFO - Setting next_dagrun for example_branch_dop_operator_v3 to 2026-04-01 12:57:00+00:00, run_after=2026-04-01 12:58:00+00:00
[2026-04-01T12:58:51.055+0000] {processor.py:183} INFO - Processing /home/airflow/.local/lib/python3.12/site-packages/airflow/example_dags/example_branch_python_dop_operator_3.py took 0.078 seconds
[2026-04-01T12:59:21.386+0000] {processor.py:161} INFO - Started process (PID=130) to work on /home/airflow/.local/lib/python3.12/site-packages/airflow/example_dags/example_branch_python_dop_operator_3.py
[2026-04-01T12:59:21.387+0000] {processor.py:830} INFO - Processing file /home/airflow/.local/lib/python3.12/site-packages/airflow/example_dags/example_branch_python_dop_operator_3.py for tasks to queue
[2026-04-01T12:59:21.389+0000] {logging_mixin.py:188} INFO - [2026-04-01T12:59:21.388+0000] {dagbag.py:545} INFO - Filling up the DagBag from /home/airflow/.local/lib/python3.12/site-packages/airflow/example_dags/example_branch_python_dop_operator_3.py
[2026-04-01T12:59:21.396+0000] {processor.py:840} INFO - DAG(s) 'example_branch_dop_operator_v3' retrieved from /home/airflow/.local/lib/python3.12/site-packages/airflow/example_dags/example_branch_python_dop_operator_3.py
[2026-04-01T12:59:21.487+0000] {logging_mixin.py:188} INFO - [2026-04-01T12:59:21.487+0000] {dag.py:3096} INFO - Sync 1 DAGs
[2026-04-01T12:59:21.507+0000] {logging_mixin.py:188} INFO - [2026-04-01T12:59:21.507+0000] {dag.py:3954} INFO - Setting next_dagrun for example_branch_dop_operator_v3 to 2026-04-01 12:58:00+00:00, run_after=2026-04-01 12:59:00+00:00
[2026-04-01T12:59:21.525+0000] {processor.py:183} INFO - Processing /home/airflow/.local/lib/python3.12/site-packages/airflow/example_dags/example_branch_python_dop_operator_3.py took 0.143 seconds
[2026-04-01T12:59:51.872+0000] {processor.py:161} INFO - Started process (PID=188) to work on /home/airflow/.local/lib/python3.12/site-packages/airflow/example_dags/example_branch_python_dop_operator_3.py
[2026-04-01T12:59:51.873+0000] {processor.py:830} INFO - Processing file /home/airflow/.local/lib/python3.12/site-packages/airflow/example_dags/example_branch_python_dop_operator_3.py for tasks to queue
[2026-04-01T12:59:51.875+0000] {logging_mixin.py:188} INFO - [2026-04-01T12:59:51.874+0000] {dagbag.py:545} INFO - Filling up the DagBag from /home/airflow/.local/lib/python3.12/site-packages/airflow/example_dags/example_branch_python_dop_operator_3.py
[2026-04-01T12:59:51.881+0000] {processor.py:840} INFO - DAG(s) 'example_branch_dop_operator_v3' retrieved from /home/airflow/.local/lib/python3.12/site-packages/airflow/example_dags/example_branch_python_dop_operator_3.py
[2026-04-01T12:59:51.895+0000] {logging_mixin.py:188} INFO - [2026-04-01T12:59:51.895+0000] {dag.py:3096} INFO - Sync 1 DAGs
[2026-04-01T12:59:51.914+0000] {logging_mixin.py:188} INFO - [2026-04-01T12:59:51.914+0000] {dag.py:3954} INFO - Setting next_dagrun for example_branch_dop_operator_v3 to 2026-04-01 12:58:00+00:00, run_after=2026-04-01 12:59:00+00:00
[2026-04-01T12:59:51.930+0000] {processor.py:183} INFO - Processing /home/airflow/.local/lib/python3.12/site-packages/airflow/example_dags/example_branch_python_dop_operator_3.py took 0.062 seconds
[2026-04-01T13:00:22.271+0000] {processor.py:161} INFO - Started process (PID=246) to work on /home/airflow/.local/lib/python3.12/site-packages/airflow/example_dags/example_branch_python_dop_operator_3.py
[2026-04-01T13:00:22.272+0000] {processor.py:830} INFO - Processing file /home/airflow/.local/lib/python3.12/site-packages/airflow/example_dags/example_branch_python_dop_operator_3.py for tasks to queue
[2026-04-01T13:00:22.274+0000] {logging_mixin.py:188} INFO - [2026-04-01T13:00:22.273+0000] {dagbag.py:545} INFO - Filling up the DagBag from /home/airflow/.local/lib/python3.12/site-packages/airflow/example_dags/example_branch_python_dop_operator_3.py
[2026-04-01T13:00:22.282+0000] {processor.py:840} INFO - DAG(s) 'example_branch_dop_operator_v3' retrieved from /home/airflow/.local/lib/python3.12/site-packages/airflow/example_dags/example_branch_python_dop_operator_3.py
[2026-04-01T13:00:22.297+0000] {logging_mixin.py:188} INFO - [2026-04-01T13:00:22.296+0000] {dag.py:3096} INFO - Sync 1 DAGs
[2026-04-01T13:00:22.314+0000] {logging_mixin.py:188} INFO - [2026-04-01T13:00:22.313+0000] {dag.py:3954} INFO - Setting next_dagrun for example_branch_dop_operator_v3 to 2026-04-01 12:59:00+00:00, run_after=2026-04-01 13:00:00+00:00
[2026-04-01T13:00:22.328+0000] {processor.py:183} INFO - Processing /home/airflow/.local/lib/python3.12/site-packages/airflow/example_dags/example_branch_python_dop_operator_3.py took 0.062 seconds
[2026-04-01T13:00:52.523+0000] {processor.py:161} INFO - Started process (PID=304) to work on /home/airflow/.local/lib/python3.12/site-packages/airflow/example_dags/example_branch_python_dop_operator_3.py
[2026-04-01T13:00:52.523+0000] {processor.py:830} INFO - Processing file /home/airflow/.local/lib/python3.12/site-packages/airflow/example_dags/example_branch_python_dop_operator_3.py for tasks to queue
[2026-04-01T13:00:52.525+0000] {logging_mixin.py:188} INFO - [2026-04-01T13:00:52.525+0000] {dagbag.py:545} INFO - Filling up the DagBag from /home/airflow/.local/lib/python3.12/site-packages/airflow/example_dags/example_branch_python_dop_operator_3.py
[2026-04-01T13:00:52.532+0000] {processor.py:840} INFO - DAG(s) 'example_branch_dop_operator_v3' retrieved from /home/airflow/.local/lib/python3.12/site-packages/airflow/example_dags/example_branch_python_dop_operator_3.py
[2026-04-01T13:00:52.546+0000] {logging_mixin.py:188} INFO - [2026-04-01T13:00:52.546+0000] {dag.py:3096} INFO - Sync 1 DAGs
[2026-04-01T13:00:52.562+0000] {logging_mixin.py:188} INFO - [2026-04-01T13:00:52.562+0000] {dag.py:3954} INFO - Setting next_dagrun for example_branch_dop_operator_v3 to 2026-04-01 12:59:00+00:00, run_after=2026-04-01 13:00:00+00:00
[2026-04-01T13:00:52.577+0000] {processor.py:183} INFO - Processing /home/airflow/.local/lib/python3.12/site-packages/airflow/example_dags/example_branch_python_dop_operator_3.py took 0.059 seconds
[2026-04-01T13:01:22.633+0000] {processor.py:161} INFO - Started process (PID=362) to work on /home/airflow/.local/lib/python3.12/site-packages/airflow/example_dags/example_branch_python_dop_operator_3.py
[2026-04-01T13:01:22.634+0000] {processor.py:830} INFO - Processing file /home/airflow/.local/lib/python3.12/site-packages/airflow/example_dags/example_branch_python_dop_operator_3.py for tasks to queue
[2026-04-01T13:01:22.635+0000] {logging_mixin.py:188} INFO - [2026-04-01T13:01:22.635+0000] {dagbag.py:545} INFO - Filling up the DagBag from /home/airflow/.local/lib/python3.12/site-packages/airflow/example_dags/example_branch_python_dop_operator_3.py
[2026-04-01T13:01:22.643+0000] {processor.py:840} INFO - DAG(s) 'example_branch_dop_operator_v3' retrieved from /home/airflow/.local/lib/python3.12/site-packages/airflow/example_dags/example_branch_python_dop_operator_3.py
[2026-04-01T13:01:22.657+0000] {logging_mixin.py:188} INFO - [2026-04-01T13:01:22.657+0000] {dag.py:3096} INFO - Sync 1 DAGs
[2026-04-01T13:01:22.678+0000] {logging_mixin.py:188} INFO - [2026-04-01T13:01:22.678+0000] {dag.py:3954} INFO - Setting next_dagrun for example_branch_dop_operator_v3 to 2026-04-01 13:00:00+00:00, run_after=2026-04-01 13:01:00+00:00
[2026-04-01T13:01:22.694+0000] {processor.py:183} INFO - Processing /home/airflow/.local/lib/python3.12/site-packages/airflow/example_dags/example_branch_python_dop_operator_3.py took 0.066 seconds
[2026-04-01T13:01:52.867+0000] {processor.py:161} INFO - Started process (PID=420) to work on /home/airflow/.local/lib/python3.12/site-packages/airflow/example_dags/example_branch_python_dop_operator_3.py
[2026-04-01T13:01:52.867+0000] {processor.py:830} INFO - Processing file /home/airflow/.local/lib/python3.12/site-packages/airflow/example_dags/example_branch_python_dop_operator_3.py for tasks to queue
[2026-04-01T13:01:52.869+0000] {logging_mixin.py:188} INFO - [2026-04-01T13:01:52.868+0000] {dagbag.py:545} INFO - Filling up the DagBag from /home/airflow/.local/lib/python3.12/site-packages/airflow/example_dags/example_branch_python_dop_operator_3.py
[2026-04-01T13:01:52.875+0000] {processor.py:840} INFO - DAG(s) 'example_branch_dop_operator_v3' retrieved from /home/airflow/.local/lib/python3.12/site-packages/airflow/example_dags/example_branch_python_dop_operator_3.py
[2026-04-01T13:01:52.890+0000] {logging_mixin.py:188} INFO - [2026-04-01T13:01:52.890+0000] {dag.py:3096} INFO - Sync 1 DAGs
[2026-04-01T13:01:52.906+0000] {logging_mixin.py:188} INFO - [2026-04-01T13:01:52.906+0000] {dag.py:3954} INFO - Setting next_dagrun for example_branch_dop_operator_v3 to 2026-04-01 13:00:00+00:00, run_after=2026-04-01 13:01:00+00:00
[2026-04-01T13:01:52.921+0000] {processor.py:183} INFO - Processing /home/airflow/.local/lib/python3.12/site-packages/airflow/example_dags/example_branch_python_dop_operator_3.py took 0.059 seconds
[2026-04-01T13:02:23.090+0000] {processor.py:161} INFO - Started process (PID=478) to work on /home/airflow/.local/lib/python3.12/site-packages/airflow/example_dags/example_branch_python_dop_operator_3.py
[2026-04-01T13:02:23.091+0000] {processor.py:830} INFO - Processing file /home/airflow/.local/lib/python3.12/site-packages/airflow/example_dags/example_branch_python_dop_operator_3.py for tasks to queue
[2026-04-01T13:02:23.093+0000] {logging_mixin.py:188} INFO - [2026-04-01T13:02:23.092+0000] {dagbag.py:545} INFO - Filling up the DagBag from /home/airflow/.local/lib/python3.12/site-packages/airflow/example_dags/example_branch_python_dop_operator_3.py
[2026-04-01T13:02:23.101+0000] {processor.py:840} INFO - DAG(s) 'example_branch_dop_operator_v3' retrieved from /home/airflow/.local/lib/python3.12/site-packages/airflow/example_dags/example_branch_python_dop_operator_3.py
[2026-04-01T13:02:23.122+0000] {logging_mixin.py:188} INFO - [2026-04-01T13:02:23.122+0000] {dag.py:3096} INFO - Sync 1 DAGs
[2026-04-01T13:02:23.144+0000] {logging_mixin.py:188} INFO - [2026-04-01T13:02:23.144+0000] {dag.py:3954} INFO - Setting next_dagrun for example_branch_dop_operator_v3 to 2026-04-01 13:01:00+00:00, run_after=2026-04-01 13:02:00+00:00
[2026-04-01T13:02:23.162+0000] {processor.py:183} INFO - Processing /home/airflow/.local/lib/python3.12/site-packages/airflow/example_dags/example_branch_python_dop_operator_3.py took 0.077 seconds
[2026-04-01T13:02:53.292+0000] {processor.py:161} INFO - Started process (PID=536) to work on /home/airflow/.local/lib/python3.12/site-packages/airflow/example_dags/example_branch_python_dop_operator_3.py
[2026-04-01T13:02:53.292+0000] {processor.py:830} INFO - Processing file /home/airflow/.local/lib/python3.12/site-packages/airflow/example_dags/example_branch_python_dop_operator_3.py for tasks to queue
[2026-04-01T13:02:53.294+0000] {logging_mixin.py:188} INFO - [2026-04-01T13:02:53.294+0000] {dagbag.py:545} INFO - Filling up the DagBag from /home/airflow/.local/lib/python3.12/site-packages/airflow/example_dags/example_branch_python_dop_operator_3.py
[2026-04-01T13:02:53.301+0000] {processor.py:840} INFO - DAG(s) 'example_branch_dop_operator_v3' retrieved from /home/airflow/.local/lib/python3.12/site-packages/airflow/example_dags/example_branch_python_dop_operator_3.py
[2026-04-01T13:02:53.316+0000] {logging_mixin.py:188} INFO - [2026-04-01T13:02:53.315+0000] {dag.py:3096} INFO - Sync 1 DAGs
[2026-04-01T13:02:53.333+0000] {logging_mixin.py:188} INFO - [2026-04-01T13:02:53.333+0000] {dag.py:3954} INFO - Setting next_dagrun for example_branch_dop_operator_v3 to 2026-04-01 13:01:00+00:00, run_after=2026-04-01 13:02:00+00:00
[2026-04-01T13:02:53.349+0000] {processor.py:183} INFO - Processing /home/airflow/.local/lib/python3.12/site-packages/airflow/example_dags/example_branch_python_dop_operator_3.py took 0.061 seconds
[2026-04-01T13:03:23.457+0000] {processor.py:161} INFO - Started process (PID=594) to work on /home/airflow/.local/lib/python3.12/site-packages/airflow/example_dags/example_branch_python_dop_operator_3.py
[2026-04-01T13:03:23.458+0000] {processor.py:830} INFO - Processing file /home/airflow/.local/lib/python3.12/site-packages/airflow/example_dags/example_branch_python_dop_operator_3.py for tasks to queue
[2026-04-01T13:03:23.459+0000] {logging_mixin.py:188} INFO - [2026-04-01T13:03:23.459+0000] {dagbag.py:545} INFO - Filling up the DagBag from /home/airflow/.local/lib/python3.12/site-packages/airflow/example_dags/example_branch_python_dop_operator_3.py
[2026-04-01T13:03:23.466+0000] {processor.py:840} INFO - DAG(s) 'example_branch_dop_operator_v3' retrieved from /home/airflow/.local/lib/python3.12/site-packages/airflow/example_dags/example_branch_python_dop_operator_3.py
[2026-04-01T13:03:23.480+0000] {logging_mixin.py:188} INFO - [2026-04-01T13:03:23.480+0000] {dag.py:3096} INFO - Sync 1 DAGs
[2026-04-01T13:03:23.498+0000] {logging_mixin.py:188} INFO - [2026-04-01T13:03:23.498+0000] {dag.py:3954} INFO - Setting next_dagrun for example_branch_dop_operator_v3 to 2026-04-01 13:02:00+00:00, run_after=2026-04-01 13:03:00+00:00
[2026-04-01T13:03:23.514+0000] {processor.py:183} INFO - Processing /home/airflow/.local/lib/python3.12/site-packages/airflow/example_dags/example_branch_python_dop_operator_3.py took 0.062 seconds
[2026-04-01T13:03:53.785+0000] {processor.py:161} INFO - Started process (PID=652) to work on /home/airflow/.local/lib/python3.12/site-packages/airflow/example_dags/example_branch_python_dop_operator_3.py
[2026-04-01T13:03:53.786+0000] {processor.py:830} INFO - Processing file /home/airflow/.local/lib/python3.12/site-packages/airflow/example_dags/example_branch_python_dop_operator_3.py for tasks to queue
[2026-04-01T13:03:53.788+0000] {logging_mixin.py:188} INFO - [2026-04-01T13:03:53.788+0000] {dagbag.py:545} INFO - Filling up the DagBag from /home/airflow/.local/lib/python3.12/site-packages/airflow/example_dags/example_branch_python_dop_operator_3.py
[2026-04-01T13:03:53.795+0000] {processor.py:840} INFO - DAG(s) 'example_branch_dop_operator_v3' retrieved from /home/airflow/.local/lib/python3.12/site-packages/airflow/example_dags/example_branch_python_dop_operator_3.py
[2026-04-01T13:03:53.811+0000] {logging_mixin.py:188} INFO - [2026-04-01T13:03:53.810+0000] {dag.py:3096} INFO - Sync 1 DAGs
[2026-04-01T13:03:53.831+0000] {logging_mixin.py:188} INFO - [2026-04-01T13:03:53.831+0000] {dag.py:3954} INFO - Setting next_dagrun for example_branch_dop_operator_v3 to 2026-04-01 13:02:00+00:00, run_after=2026-04-01 13:03:00+00:00
[2026-04-01T13:03:53.846+0000] {processor.py:183} INFO - Processing /home/airflow/.local/lib/python3.12/site-packages/airflow/example_dags/example_branch_python_dop_operator_3.py took 0.065 seconds
[2026-04-01T13:04:24.141+0000] {processor.py:161} INFO - Started process (PID=710) to work on /home/airflow/.local/lib/python3.12/site-packages/airflow/example_dags/example_branch_python_dop_operator_3.py
[2026-04-01T13:04:24.142+0000] {processor.py:830} INFO - Processing file /home/airflow/.local/lib/python3.12/site-packages/airflow/example_dags/example_branch_python_dop_operator_3.py for tasks to queue
[2026-04-01T13:04:24.144+0000] {logging_mixin.py:188} INFO - [2026-04-01T13:04:24.143+0000] {dagbag.py:545} INFO - Filling up the DagBag from /home/airflow/.local/lib/python3.12/site-packages/airflow/example_dags/example_branch_python_dop_operator_3.py
[2026-04-01T13:04:24.151+0000] {processor.py:840} INFO - DAG(s) 'example_branch_dop_operator_v3' retrieved from /home/airflow/.local/lib/python3.12/site-packages/airflow/example_dags/example_branch_python_dop_operator_3.py
[2026-04-01T13:04:24.170+0000] {logging_mixin.py:188} INFO - [2026-04-01T13:04:24.170+0000] {dag.py:3096} INFO - Sync 1 DAGs
[2026-04-01T13:04:24.193+0000] {logging_mixin.py:188} INFO - [2026-04-01T13:04:24.193+0000] {dag.py:3954} INFO - Setting next_dagrun for example_branch_dop_operator_v3 to 2026-04-01 13:03:00+00:00, run_after=2026-04-01 13:04:00+00:00
[2026-04-01T13:04:24.210+0000] {processor.py:183} INFO - Processing /home/airflow/.local/lib/python3.12/site-packages/airflow/example_dags/example_branch_python_dop_operator_3.py took 0.074 seconds
[2026-04-01T13:04:54.298+0000] {processor.py:161} INFO - Started process (PID=768) to work on /home/airflow/.local/lib/python3.12/site-packages/airflow/example_dags/example_branch_python_dop_operator_3.py
[2026-04-01T13:04:54.299+0000] {processor.py:830} INFO - Processing file /home/airflow/.local/lib/python3.12/site-packages/airflow/example_dags/example_branch_python_dop_operator_3.py for tasks to queue
[2026-04-01T13:04:54.301+0000] {logging_mixin.py:188} INFO - [2026-04-01T13:04:54.300+0000] {dagbag.py:545} INFO - Filling up the DagBag from /home/airflow/.local/lib/python3.12/site-packages/airflow/example_dags/example_branch_python_dop_operator_3.py
[2026-04-01T13:04:54.308+0000] {processor.py:840} INFO - DAG(s) 'example_branch_dop_operator_v3' retrieved from /home/airflow/.local/lib/python3.12/site-packages/airflow/example_dags/example_branch_python_dop_operator_3.py
[2026-04-01T13:04:54.322+0000] {logging_mixin.py:188} INFO - [2026-04-01T13:04:54.322+0000] {dag.py:3096} INFO - Sync 1 DAGs
[2026-04-01T13:04:54.340+0000] {logging_mixin.py:188} INFO - [2026-04-01T13:04:54.340+0000] {dag.py:3954} INFO - Setting next_dagrun for example_branch_dop_operator_v3 to 2026-04-01 13:03:00+00:00, run_after=2026-04-01 13:04:00+00:00
[2026-04-01T13:04:54.357+0000] {processor.py:183} INFO - Processing /home/airflow/.local/lib/python3.12/site-packages/airflow/example_dags/example_branch_python_dop_operator_3.py took 0.063 seconds
[2026-04-01T13:05:24.474+0000] {processor.py:161} INFO - Started process (PID=826) to work on /home/airflow/.local/lib/python3.12/site-packages/airflow/example_dags/example_branch_python_dop_operator_3.py
[2026-04-01T13:05:24.474+0000] {processor.py:830} INFO - Processing file /home/airflow/.local/lib/python3.12/site-packages/airflow/example_dags/example_branch_python_dop_operator_3.py for tasks to queue
[2026-04-01T13:05:24.476+0000] {logging_mixin.py:188} INFO - [2026-04-01T13:05:24.476+0000] {dagbag.py:545} INFO - Filling up the DagBag from /home/airflow/.local/lib/python3.12/site-packages/airflow/example_dags/example_branch_python_dop_operator_3.py
[2026-04-01T13:05:24.484+0000] {processor.py:840} INFO - DAG(s) 'example_branch_dop_operator_v3' retrieved from /home/airflow/.local/lib/python3.12/site-packages/airflow/example_dags/example_branch_python_dop_operator_3.py
[2026-04-01T13:05:24.501+0000] {logging_mixin.py:188} INFO - [2026-04-01T13:05:24.501+0000] {dag.py:3096} INFO - Sync 1 DAGs
[2026-04-01T13:05:24.519+0000] {logging_mixin.py:188} INFO - [2026-04-01T13:05:24.519+0000] {dag.py:3954} INFO - Setting next_dagrun for example_branch_dop_operator_v3 to 2026-04-01 13:04:00+00:00, run_after=2026-04-01 13:05:00+00:00
[2026-04-01T13:05:24.543+0000] {processor.py:183} INFO - Processing /home/airflow/.local/lib/python3.12/site-packages/airflow/example_dags/example_branch_python_dop_operator_3.py took 0.074 seconds
[2026-04-01T13:05:54.620+0000] {processor.py:161} INFO - Started process (PID=884) to work on /home/airflow/.local/lib/python3.12/site-packages/airflow/example_dags/example_branch_python_dop_operator_3.py
[2026-04-01T13:05:54.621+0000] {processor.py:830} INFO - Processing file /home/airflow/.local/lib/python3.12/site-packages/airflow/example_dags/example_branch_python_dop_operator_3.py for tasks to queue
[2026-04-01T13:05:54.622+0000] {logging_mixin.py:188} INFO - [2026-04-01T13:05:54.622+0000] {dagbag.py:545} INFO - Filling up the DagBag from /home/airflow/.local/lib/python3.12/site-packages/airflow/example_dags/example_branch_python_dop_operator_3.py
[2026-04-01T13:05:54.630+0000] {processor.py:840} INFO - DAG(s) 'example_branch_dop_operator_v3' retrieved from /home/airflow/.local/lib/python3.12/site-packages/airflow/example_dags/example_branch_python_dop_operator_3.py
[2026-04-01T13:05:54.644+0000] {logging_mixin.py:188} INFO - [2026-04-01T13:05:54.644+0000] {dag.py:3096} INFO - Sync 1 DAGs
[2026-04-01T13:05:54.664+0000] {logging_mixin.py:188} INFO - [2026-04-01T13:05:54.664+0000] {dag.py:3954} INFO - Setting next_dagrun for example_branch_dop_operator_v3 to 2026-04-01 13:04:00+00:00, run_after=2026-04-01 13:05:00+00:00
[2026-04-01T13:05:54.680+0000] {processor.py:183} INFO - Processing /home/airflow/.local/lib/python3.12/site-packages/airflow/example_dags/example_branch_python_dop_operator_3.py took 0.064 seconds
[2026-04-01T13:06:24.840+0000] {processor.py:161} INFO - Started process (PID=942) to work on /home/airflow/.local/lib/python3.12/site-packages/airflow/example_dags/example_branch_python_dop_operator_3.py
[2026-04-01T13:06:24.841+0000] {processor.py:830} INFO - Processing file /home/airflow/.local/lib/python3.12/site-packages/airflow/example_dags/example_branch_python_dop_operator_3.py for tasks to queue
[2026-04-01T13:06:24.843+0000] {logging_mixin.py:188} INFO - [2026-04-01T13:06:24.842+0000] {dagbag.py:545} INFO - Filling up the DagBag from /home/airflow/.local/lib/python3.12/site-packages/airflow/example_dags/example_branch_python_dop_operator_3.py
[2026-04-01T13:06:24.850+0000] {processor.py:840} INFO - DAG(s) 'example_branch_dop_operator_v3' retrieved from /home/airflow/.local/lib/python3.12/site-packages/airflow/example_dags/example_branch_python_dop_operator_3.py
[2026-04-01T13:06:24.866+0000] {logging_mixin.py:188} INFO - [2026-04-01T13:06:24.866+0000] {dag.py:3096} INFO - Sync 1 DAGs
[2026-04-01T13:06:24.884+0000] {logging_mixin.py:188} INFO - [2026-04-01T13:06:24.884+0000] {dag.py:3954} INFO - Setting next_dagrun for example_branch_dop_operator_v3 to 2026-04-01 13:05:00+00:00, run_after=2026-04-01 13:06:00+00:00
[2026-04-01T13:06:24.901+0000] {processor.py:183} INFO - Processing /home/airflow/.local/lib/python3.12/site-packages/airflow/example_dags/example_branch_python_dop_operator_3.py took 0.067 seconds
[2026-04-01T13:06:55.126+0000] {processor.py:161} INFO - Started process (PID=999) to work on /home/airflow/.local/lib/python3.12/site-packages/airflow/example_dags/example_branch_python_dop_operator_3.py
[2026-04-01T13:06:55.126+0000] {processor.py:830} INFO - Processing file /home/airflow/.local/lib/python3.12/site-packages/airflow/example_dags/example_branch_python_dop_operator_3.py for tasks to queue
[2026-04-01T13:06:55.128+0000] {logging_mixin.py:188} INFO - [2026-04-01T13:06:55.128+0000] {dagbag.py:545} INFO - Filling up the DagBag from /home/airflow/.local/lib/python3.12/site-packages/airflow/example_dags/example_branch_python_dop_operator_3.py
[2026-04-01T13:06:55.134+0000] {processor.py:840} INFO - DAG(s) 'example_branch_dop_operator_v3' retrieved from /home/airflow/.local/lib/python3.12/site-packages/airflow/example_dags/example_branch_python_dop_operator_3.py
[2026-04-01T13:06:55.149+0000] {logging_mixin.py:188} INFO - [2026-04-01T13:06:55.149+0000] {dag.py:3096} INFO - Sync 1 DAGs
[2026-04-01T13:06:55.166+0000] {logging_mixin.py:188} INFO - [2026-04-01T13:06:55.166+0000] {dag.py:3954} INFO - Setting next_dagrun for example_branch_dop_operator_v3 to 2026-04-01 13:05:00+00:00, run_after=2026-04-01 13:06:00+00:00
[2026-04-01T13:06:55.181+0000] {processor.py:183} INFO - Processing /home/airflow/.local/lib/python3.12/site-packages/airflow/example_dags/example_branch_python_dop_operator_3.py took 0.060 seconds
[2026-04-01T13:07:25.392+0000] {processor.py:161} INFO - Started process (PID=1057) to work on /home/airflow/.local/lib/python3.12/site-packages/airflow/example_dags/example_branch_python_dop_operator_3.py
[2026-04-01T13:07:25.393+0000] {processor.py:830} INFO - Processing file /home/airflow/.local/lib/python3.12/site-packages/airflow/example_dags/example_branch_python_dop_operator_3.py for tasks to queue
[2026-04-01T13:07:25.395+0000] {logging_mixin.py:188} INFO - [2026-04-01T13:07:25.394+0000] {dagbag.py:545} INFO - Filling up the DagBag from /home/airflow/.local/lib/python3.12/site-packages/airflow/example_dags/example_branch_python_dop_operator_3.py
[2026-04-01T13:07:25.401+0000] {processor.py:840} INFO - DAG(s) 'example_branch_dop_operator_v3' retrieved from /home/airflow/.local/lib/python3.12/site-packages/airflow/example_dags/example_branch_python_dop_operator_3.py
[2026-04-01T13:07:25.418+0000] {logging_mixin.py:188} INFO - [2026-04-01T13:07:25.417+0000] {dag.py:3096} INFO - Sync 1 DAGs
[2026-04-01T13:07:25.439+0000] {logging_mixin.py:188} INFO - [2026-04-01T13:07:25.439+0000] {dag.py:3954} INFO - Setting next_dagrun for example_branch_dop_operator_v3 to 2026-04-01 13:06:00+00:00, run_after=2026-04-01 13:07:00+00:00
[2026-04-01T13:07:25.456+0000] {processor.py:183} INFO - Processing /home/airflow/.local/lib/python3.12/site-packages/airflow/example_dags/example_branch_python_dop_operator_3.py took 0.069 seconds
[2026-04-01T13:07:55.634+0000] {processor.py:161} INFO - Started process (PID=1115) to work on /home/airflow/.local/lib/python3.12/site-packages/airflow/example_dags/example_branch_python_dop_operator_3.py
[2026-04-01T13:07:55.635+0000] {processor.py:830} INFO - Processing file /home/airflow/.local/lib/python3.12/site-packages/airflow/example_dags/example_branch_python_dop_operator_3.py for tasks to queue
[2026-04-01T13:07:55.637+0000] {logging_mixin.py:188} INFO - [2026-04-01T13:07:55.637+0000] {dagbag.py:545} INFO - Filling up the DagBag from /home/airflow/.local/lib/python3.12/site-packages/airflow/example_dags/example_branch_python_dop_operator_3.py
[2026-04-01T13:07:55.644+0000] {processor.py:840} INFO - DAG(s) 'example_branch_dop_operator_v3' retrieved from /home/airflow/.local/lib/python3.12/site-packages/airflow/example_dags/example_branch_python_dop_operator_3.py
[2026-04-01T13:07:55.660+0000] {logging_mixin.py:188} INFO - [2026-04-01T13:07:55.659+0000] {dag.py:3096} INFO - Sync 1 DAGs
[2026-04-01T13:07:55.679+0000] {logging_mixin.py:188} INFO - [2026-04-01T13:07:55.679+0000] {dag.py:3954} INFO - Setting next_dagrun for example_branch_dop_operator_v3 to 2026-04-01 13:06:00+00:00, run_after=2026-04-01 13:07:00+00:00
[2026-04-01T13:07:55.696+0000] {processor.py:183} INFO - Processing /home/airflow/.local/lib/python3.12/site-packages/airflow/example_dags/example_branch_python_dop_operator_3.py took 0.067 seconds
[2026-04-01T13:08:25.841+0000] {processor.py:161} INFO - Started process (PID=1173) to work on /home/airflow/.local/lib/python3.12/site-packages/airflow/example_dags/example_branch_python_dop_operator_3.py
[2026-04-01T13:08:25.841+0000] {processor.py:830} INFO - Processing file /home/airflow/.local/lib/python3.12/site-packages/airflow/example_dags/example_branch_python_dop_operator_3.py for tasks to queue
[2026-04-01T13:08:25.843+0000] {logging_mixin.py:188} INFO - [2026-04-01T13:08:25.843+0000] {dagbag.py:545} INFO - Filling up the DagBag from /home/airflow/.local/lib/python3.12/site-packages/airflow/example_dags/example_branch_python_dop_operator_3.py
[2026-04-01T13:08:25.849+0000] {processor.py:840} INFO - DAG(s) 'example_branch_dop_operator_v3' retrieved from /home/airflow/.local/lib/python3.12/site-packages/airflow/example_dags/example_branch_python_dop_operator_3.py
[2026-04-01T13:08:25.863+0000] {logging_mixin.py:188} INFO - [2026-04-01T13:08:25.863+0000] {dag.py:3096} INFO - Sync 1 DAGs
[2026-04-01T13:08:25.879+0000] {logging_mixin.py:188} INFO - [2026-04-01T13:08:25.879+0000] {dag.py:3954} INFO - Setting next_dagrun for example_branch_dop_operator_v3 to 2026-04-01 13:07:00+00:00, run_after=2026-04-01 13:08:00+00:00
[2026-04-01T13:08:25.896+0000] {processor.py:183} INFO - Processing /home/airflow/.local/lib/python3.12/site-packages/airflow/example_dags/example_branch_python_dop_operator_3.py took 0.060 seconds
[2026-04-01T13:08:56.212+0000] {processor.py:161} INFO - Started process (PID=1231) to work on /home/airflow/.local/lib/python3.12/site-packages/airflow/example_dags/example_branch_python_dop_operator_3.py
[2026-04-01T13:08:56.213+0000] {processor.py:830} INFO - Processing file /home/airflow/.local/lib/python3.12/site-packages/airflow/example_dags/example_branch_python_dop_operator_3.py for tasks to queue
[2026-04-01T13:08:56.214+0000] {logging_mixin.py:188} INFO - [2026-04-01T13:08:56.214+0000] {dagbag.py:545} INFO - Filling up the DagBag from /home/airflow/.local/lib/python3.12/site-packages/airflow/example_dags/example_branch_python_dop_operator_3.py
[2026-04-01T13:08:56.221+0000] {processor.py:840} INFO - DAG(s) 'example_branch_dop_operator_v3' retrieved from /home/airflow/.local/lib/python3.12/site-packages/airflow/example_dags/example_branch_python_dop_operator_3.py
[2026-04-01T13:08:56.236+0000] {logging_mixin.py:188} INFO - [2026-04-01T13:08:56.236+0000] {dag.py:3096} INFO - Sync 1 DAGs
[2026-04-01T13:08:56.258+0000] {logging_mixin.py:188} INFO - [2026-04-01T13:08:56.258+0000] {dag.py:3954} INFO - Setting next_dagrun for example_branch_dop_operator_v3 to 2026-04-01 13:07:00+00:00, run_after=2026-04-01 13:08:00+00:00
[2026-04-01T13:08:56.275+0000] {processor.py:183} INFO - Processing /home/airflow/.local/lib/python3.12/site-packages/airflow/example_dags/example_branch_python_dop_operator_3.py took 0.068 seconds
[2026-04-01T13:09:26.641+0000] {processor.py:161} INFO - Started process (PID=1289) to work on /home/airflow/.local/lib/python3.12/site-packages/airflow/example_dags/example_branch_python_dop_operator_3.py
[2026-04-01T13:09:26.642+0000] {processor.py:830} INFO - Processing file /home/airflow/.local/lib/python3.12/site-packages/airflow/example_dags/example_branch_python_dop_operator_3.py for tasks to queue
[2026-04-01T13:09:26.643+0000] {logging_mixin.py:188} INFO - [2026-04-01T13:09:26.643+0000] {dagbag.py:545} INFO - Filling up the DagBag from /home/airflow/.local/lib/python3.12/site-packages/airflow/example_dags/example_branch_python_dop_operator_3.py
[2026-04-01T13:09:26.651+0000] {processor.py:840} INFO - DAG(s) 'example_branch_dop_operator_v3' retrieved from /home/airflow/.local/lib/python3.12/site-packages/airflow/example_dags/example_branch_python_dop_operator_3.py
[2026-04-01T13:09:26.667+0000] {logging_mixin.py:188} INFO - [2026-04-01T13:09:26.667+0000] {dag.py:3096} INFO - Sync 1 DAGs
[2026-04-01T13:09:26.685+0000] {logging_mixin.py:188} INFO - [2026-04-01T13:09:26.685+0000] {dag.py:3954} INFO - Setting next_dagrun for example_branch_dop_operator_v3 to 2026-04-01 13:08:00+00:00, run_after=2026-04-01 13:09:00+00:00
[2026-04-01T13:09:26.699+0000] {processor.py:183} INFO - Processing /home/airflow/.local/lib/python3.12/site-packages/airflow/example_dags/example_branch_python_dop_operator_3.py took 0.063 seconds
[2026-04-01T13:09:57.023+0000] {processor.py:161} INFO - Started process (PID=1347) to work on /home/airflow/.local/lib/python3.12/site-packages/airflow/example_dags/example_branch_python_dop_operator_3.py
[2026-04-01T13:09:57.024+0000] {processor.py:830} INFO - Processing file /home/airflow/.local/lib/python3.12/site-packages/airflow/example_dags/example_branch_python_dop_operator_3.py for tasks to queue
[2026-04-01T13:09:57.026+0000] {logging_mixin.py:188} INFO - [2026-04-01T13:09:57.025+0000] {dagbag.py:545} INFO - Filling up the DagBag from /home/airflow/.local/lib/python3.12/site-packages/airflow/example_dags/example_branch_python_dop_operator_3.py
[2026-04-01T13:09:57.034+0000] {processor.py:840} INFO - DAG(s) 'example_branch_dop_operator_v3' retrieved from /home/airflow/.local/lib/python3.12/site-packages/airflow/example_dags/example_branch_python_dop_operator_3.py
[2026-04-01T13:09:57.052+0000] {logging_mixin.py:188} INFO - [2026-04-01T13:09:57.052+0000] {dag.py:3096} INFO - Sync 1 DAGs
[2026-04-01T13:09:57.073+0000] {logging_mixin.py:188} INFO - [2026-04-01T13:09:57.073+0000] {dag.py:3954} INFO - Setting next_dagrun for example_branch_dop_operator_v3 to 2026-04-01 13:08:00+00:00, run_after=2026-04-01 13:09:00+00:00
[2026-04-01T13:09:57.092+0000] {processor.py:183} INFO - Processing /home/airflow/.local/lib/python3.12/site-packages/airflow/example_dags/example_branch_python_dop_operator_3.py took 0.073 seconds
[2026-04-01T13:10:27.189+0000] {processor.py:161} INFO - Started process (PID=1405) to work on /home/airflow/.local/lib/python3.12/site-packages/airflow/example_dags/example_branch_python_dop_operator_3.py
[2026-04-01T13:10:27.190+0000] {processor.py:830} INFO - Processing file /home/airflow/.local/lib/python3.12/site-packages/airflow/example_dags/example_branch_python_dop_operator_3.py for tasks to queue
[2026-04-01T13:10:27.192+0000] {logging_mixin.py:188} INFO - [2026-04-01T13:10:27.192+0000] {dagbag.py:545} INFO - Filling up the DagBag from /home/airflow/.local/lib/python3.12/site-packages/airflow/example_dags/example_branch_python_dop_operator_3.py
[2026-04-01T13:10:27.198+0000] {processor.py:840} INFO - DAG(s) 'example_branch_dop_operator_v3' retrieved from /home/airflow/.local/lib/python3.12/site-packages/airflow/example_dags/example_branch_python_dop_operator_3.py
[2026-04-01T13:10:27.213+0000] {logging_mixin.py:188} INFO - [2026-04-01T13:10:27.213+0000] {dag.py:3096} INFO - Sync 1 DAGs
[2026-04-01T13:10:27.231+0000] {logging_mixin.py:188} INFO - [2026-04-01T13:10:27.231+0000] {dag.py:3954} INFO - Setting next_dagrun for example_branch_dop_operator_v3 to 2026-04-01 13:09:00+00:00, run_after=2026-04-01 13:10:00+00:00
[2026-04-01T13:10:27.248+0000] {processor.py:183} INFO - Processing /home/airflow/.local/lib/python3.12/site-packages/airflow/example_dags/example_branch_python_dop_operator_3.py took 0.065 seconds
[2026-04-01T13:10:57.803+0000] {processor.py:161} INFO - Started process (PID=1463) to work on /home/airflow/.local/lib/python3.12/site-packages/airflow/example_dags/example_branch_python_dop_operator_3.py
[2026-04-01T13:10:57.804+0000] {processor.py:830} INFO - Processing file /home/airflow/.local/lib/python3.12/site-packages/airflow/example_dags/example_branch_python_dop_operator_3.py for tasks to queue
[2026-04-01T13:10:57.806+0000] {logging_mixin.py:188} INFO - [2026-04-01T13:10:57.805+0000] {dagbag.py:545} INFO - Filling up the DagBag from /home/airflow/.local/lib/python3.12/site-packages/airflow/example_dags/example_branch_python_dop_operator_3.py
[2026-04-01T13:10:57.813+0000] {processor.py:840} INFO - DAG(s) 'example_branch_dop_operator_v3' retrieved from /home/airflow/.local/lib/python3.12/site-packages/airflow/example_dags/example_branch_python_dop_operator_3.py
[2026-04-01T13:10:57.828+0000] {logging_mixin.py:188} INFO - [2026-04-01T13:10:57.828+0000] {dag.py:3096} INFO - Sync 1 DAGs
[2026-04-01T13:10:57.848+0000] {logging_mixin.py:188} INFO - [2026-04-01T13:10:57.847+0000] {dag.py:3954} INFO - Setting next_dagrun for example_branch_dop_operator_v3 to 2026-04-01 13:09:00+00:00, run_after=2026-04-01 13:10:00+00:00
[2026-04-01T13:10:57.865+0000] {processor.py:183} INFO - Processing /home/airflow/.local/lib/python3.12/site-packages/airflow/example_dags/example_branch_python_dop_operator_3.py took 0.068 seconds
[2026-04-01T13:11:28.150+0000] {processor.py:161} INFO - Started process (PID=1521) to work on /home/airflow/.local/lib/python3.12/site-packages/airflow/example_dags/example_branch_python_dop_operator_3.py
[2026-04-01T13:11:28.151+0000] {processor.py:830} INFO - Processing file /home/airflow/.local/lib/python3.12/site-packages/airflow/example_dags/example_branch_python_dop_operator_3.py for tasks to queue
[2026-04-01T13:11:28.153+0000] {logging_mixin.py:188} INFO - [2026-04-01T13:11:28.152+0000] {dagbag.py:545} INFO - Filling up the DagBag from /home/airflow/.local/lib/python3.12/site-packages/airflow/example_dags/example_branch_python_dop_operator_3.py
[2026-04-01T13:11:28.159+0000] {processor.py:840} INFO - DAG(s) 'example_branch_dop_operator_v3' retrieved from /home/airflow/.local/lib/python3.12/site-packages/airflow/example_dags/example_branch_python_dop_operator_3.py
[2026-04-01T13:11:28.174+0000] {logging_mixin.py:188} INFO - [2026-04-01T13:11:28.174+0000] {dag.py:3096} INFO - Sync 1 DAGs
[2026-04-01T13:11:28.194+0000] {logging_mixin.py:188} INFO - [2026-04-01T13:11:28.194+0000] {dag.py:3954} INFO - Setting next_dagrun for example_branch_dop_operator_v3 to 2026-04-01 13:10:00+00:00, run_after=2026-04-01 13:11:00+00:00
[2026-04-01T13:11:28.214+0000] {processor.py:183} INFO - Processing /home/airflow/.local/lib/python3.12/site-packages/airflow/example_dags/example_branch_python_dop_operator_3.py took 0.068 seconds
[2026-04-01T13:11:58.545+0000] {processor.py:161} INFO - Started process (PID=1579) to work on /home/airflow/.local/lib/python3.12/site-packages/airflow/example_dags/example_branch_python_dop_operator_3.py
[2026-04-01T13:11:58.546+0000] {processor.py:830} INFO - Processing file /home/airflow/.local/lib/python3.12/site-packages/airflow/example_dags/example_branch_python_dop_operator_3.py for tasks to queue
[2026-04-01T13:11:58.550+0000] {logging_mixin.py:188} INFO - [2026-04-01T13:11:58.549+0000] {dagbag.py:545} INFO - Filling up the DagBag from /home/airflow/.local/lib/python3.12/site-packages/airflow/example_dags/example_branch_python_dop_operator_3.py
[2026-04-01T13:11:58.561+0000] {processor.py:840} INFO - DAG(s) 'example_branch_dop_operator_v3' retrieved from /home/airflow/.local/lib/python3.12/site-packages/airflow/example_dags/example_branch_python_dop_operator_3.py
[2026-04-01T13:11:58.593+0000] {logging_mixin.py:188} INFO - [2026-04-01T13:11:58.593+0000] {dag.py:3096} INFO - Sync 1 DAGs
[2026-04-01T13:11:58.634+0000] {logging_mixin.py:188} INFO - [2026-04-01T13:11:58.633+0000] {dag.py:3954} INFO - Setting next_dagrun for example_branch_dop_operator_v3 to 2026-04-01 13:10:00+00:00, run_after=2026-04-01 13:11:00+00:00
[2026-04-01T13:11:58.655+0000] {processor.py:183} INFO - Processing /home/airflow/.local/lib/python3.12/site-packages/airflow/example_dags/example_branch_python_dop_operator_3.py took 0.119 seconds
[2026-04-01T13:12:28.956+0000] {processor.py:161} INFO - Started process (PID=1637) to work on /home/airflow/.local/lib/python3.12/site-packages/airflow/example_dags/example_branch_python_dop_operator_3.py
[2026-04-01T13:12:28.957+0000] {processor.py:830} INFO - Processing file /home/airflow/.local/lib/python3.12/site-packages/airflow/example_dags/example_branch_python_dop_operator_3.py for tasks to queue
[2026-04-01T13:12:28.958+0000] {logging_mixin.py:188} INFO - [2026-04-01T13:12:28.958+0000] {dagbag.py:545} INFO - Filling up the DagBag from /home/airflow/.local/lib/python3.12/site-packages/airflow/example_dags/example_branch_python_dop_operator_3.py
[2026-04-01T13:12:28.965+0000] {processor.py:840} INFO - DAG(s) 'example_branch_dop_operator_v3' retrieved from /home/airflow/.local/lib/python3.12/site-packages/airflow/example_dags/example_branch_python_dop_operator_3.py
[2026-04-01T13:12:28.981+0000] {logging_mixin.py:188} INFO - [2026-04-01T13:12:28.981+0000] {dag.py:3096} INFO - Sync 1 DAGs
[2026-04-01T13:12:29.002+0000] {logging_mixin.py:188} INFO - [2026-04-01T13:12:29.001+0000] {dag.py:3954} INFO - Setting next_dagrun for example_branch_dop_operator_v3 to 2026-04-01 13:11:00+00:00, run_after=2026-04-01 13:12:00+00:00
[2026-04-01T13:12:29.018+0000] {processor.py:183} INFO - Processing /home/airflow/.local/lib/python3.12/site-packages/airflow/example_dags/example_branch_python_dop_operator_3.py took 0.066 seconds
[2026-04-01T13:12:59.211+0000] {processor.py:161} INFO - Started process (PID=1695) to work on /home/airflow/.local/lib/python3.12/site-packages/airflow/example_dags/example_branch_python_dop_operator_3.py
[2026-04-01T13:12:59.211+0000] {processor.py:830} INFO - Processing file /home/airflow/.local/lib/python3.12/site-packages/airflow/example_dags/example_branch_python_dop_operator_3.py for tasks to queue
[2026-04-01T13:12:59.213+0000] {logging_mixin.py:188} INFO - [2026-04-01T13:12:59.213+0000] {dagbag.py:545} INFO - Filling up the DagBag from /home/airflow/.local/lib/python3.12/site-packages/airflow/example_dags/example_branch_python_dop_operator_3.py
[2026-04-01T13:12:59.220+0000] {processor.py:840} INFO - DAG(s) 'example_branch_dop_operator_v3' retrieved from /home/airflow/.local/lib/python3.12/site-packages/airflow/example_dags/example_branch_python_dop_operator_3.py
[2026-04-01T13:12:59.234+0000] {logging_mixin.py:188} INFO - [2026-04-01T13:12:59.234+0000] {dag.py:3096} INFO - Sync 1 DAGs
[2026-04-01T13:12:59.252+0000] {logging_mixin.py:188} INFO - [2026-04-01T13:12:59.252+0000] {dag.py:3954} INFO - Setting next_dagrun for example_branch_dop_operator_v3 to 2026-04-01 13:11:00+00:00, run_after=2026-04-01 13:12:00+00:00
[2026-04-01T13:12:59.269+0000] {processor.py:183} INFO - Processing /home/airflow/.local/lib/python3.12/site-packages/airflow/example_dags/example_branch_python_dop_operator_3.py took 0.063 seconds
[2026-04-01T13:13:29.419+0000] {processor.py:161} INFO - Started process (PID=1753) to work on /home/airflow/.local/lib/python3.12/site-packages/airflow/example_dags/example_branch_python_dop_operator_3.py
[2026-04-01T13:13:29.420+0000] {processor.py:830} INFO - Processing file /home/airflow/.local/lib/python3.12/site-packages/airflow/example_dags/example_branch_python_dop_operator_3.py for tasks to queue
[2026-04-01T13:13:29.421+0000] {logging_mixin.py:188} INFO - [2026-04-01T13:13:29.421+0000] {dagbag.py:545} INFO - Filling up the DagBag from /home/airflow/.local/lib/python3.12/site-packages/airflow/example_dags/example_branch_python_dop_operator_3.py
[2026-04-01T13:13:29.428+0000] {processor.py:840} INFO - DAG(s) 'example_branch_dop_operator_v3' retrieved from /home/airflow/.local/lib/python3.12/site-packages/airflow/example_dags/example_branch_python_dop_operator_3.py
[2026-04-01T13:13:29.442+0000] {logging_mixin.py:188} INFO - [2026-04-01T13:13:29.441+0000] {dag.py:3096} INFO - Sync 1 DAGs
[2026-04-01T13:13:29.460+0000] {logging_mixin.py:188} INFO - [2026-04-01T13:13:29.460+0000] {dag.py:3954} INFO - Setting next_dagrun for example_branch_dop_operator_v3 to 2026-04-01 13:12:00+00:00, run_after=2026-04-01 13:13:00+00:00
[2026-04-01T13:13:29.477+0000] {processor.py:183} INFO - Processing /home/airflow/.local/lib/python3.12/site-packages/airflow/example_dags/example_branch_python_dop_operator_3.py took 0.062 seconds
[2026-04-01T13:14:00.057+0000] {processor.py:161} INFO - Started process (PID=1811) to work on /home/airflow/.local/lib/python3.12/site-packages/airflow/example_dags/example_branch_python_dop_operator_3.py
[2026-04-01T13:14:00.057+0000] {processor.py:830} INFO - Processing file /home/airflow/.local/lib/python3.12/site-packages/airflow/example_dags/example_branch_python_dop_operator_3.py for tasks to queue
[2026-04-01T13:14:00.059+0000] {logging_mixin.py:188} INFO - [2026-04-01T13:14:00.059+0000] {dagbag.py:545} INFO - Filling up the DagBag from /home/airflow/.local/lib/python3.12/site-packages/airflow/example_dags/example_branch_python_dop_operator_3.py
[2026-04-01T13:14:00.065+0000] {processor.py:840} INFO - DAG(s) 'example_branch_dop_operator_v3' retrieved from /home/airflow/.local/lib/python3.12/site-packages/airflow/example_dags/example_branch_python_dop_operator_3.py
[2026-04-01T13:14:00.082+0000] {logging_mixin.py:188} INFO - [2026-04-01T13:14:00.082+0000] {dag.py:3096} INFO - Sync 1 DAGs
[2026-04-01T13:14:00.103+0000] {logging_mixin.py:188} INFO - [2026-04-01T13:14:00.103+0000] {dag.py:3954} INFO - Setting next_dagrun for example_branch_dop_operator_v3 to 2026-04-01 13:13:00+00:00, run_after=2026-04-01 13:14:00+00:00
[2026-04-01T13:14:00.119+0000] {processor.py:183} INFO - Processing /home/airflow/.local/lib/python3.12/site-packages/airflow/example_dags/example_branch_python_dop_operator_3.py took 0.067 seconds
[2026-04-01T13:14:30.475+0000] {processor.py:161} INFO - Started process (PID=1869) to work on /home/airflow/.local/lib/python3.12/site-packages/airflow/example_dags/example_branch_python_dop_operator_3.py
[2026-04-01T13:14:30.476+0000] {processor.py:830} INFO - Processing file /home/airflow/.local/lib/python3.12/site-packages/airflow/example_dags/example_branch_python_dop_operator_3.py for tasks to queue
[2026-04-01T13:14:30.477+0000] {logging_mixin.py:188} INFO - [2026-04-01T13:14:30.477+0000] {dagbag.py:545} INFO - Filling up the DagBag from /home/airflow/.local/lib/python3.12/site-packages/airflow/example_dags/example_branch_python_dop_operator_3.py
[2026-04-01T13:14:30.483+0000] {processor.py:840} INFO - DAG(s) 'example_branch_dop_operator_v3' retrieved from /home/airflow/.local/lib/python3.12/site-packages/airflow/example_dags/example_branch_python_dop_operator_3.py
[2026-04-01T13:14:30.497+0000] {logging_mixin.py:188} INFO - [2026-04-01T13:14:30.497+0000] {dag.py:3096} INFO - Sync 1 DAGs
[2026-04-01T13:14:30.516+0000] {logging_mixin.py:188} INFO - [2026-04-01T13:14:30.516+0000] {dag.py:3954} INFO - Setting next_dagrun for example_branch_dop_operator_v3 to 2026-04-01 13:13:00+00:00, run_after=2026-04-01 13:14:00+00:00
[2026-04-01T13:14:30.532+0000] {processor.py:183} INFO - Processing /home/airflow/.local/lib/python3.12/site-packages/airflow/example_dags/example_branch_python_dop_operator_3.py took 0.062 seconds
[2026-04-01T13:15:00.978+0000] {processor.py:161} INFO - Started process (PID=1927) to work on /home/airflow/.local/lib/python3.12/site-packages/airflow/example_dags/example_branch_python_dop_operator_3.py
[2026-04-01T13:15:00.979+0000] {processor.py:830} INFO - Processing file /home/airflow/.local/lib/python3.12/site-packages/airflow/example_dags/example_branch_python_dop_operator_3.py for tasks to queue
[2026-04-01T13:15:00.981+0000] {logging_mixin.py:188} INFO - [2026-04-01T13:15:00.981+0000] {dagbag.py:545} INFO - Filling up the DagBag from /home/airflow/.local/lib/python3.12/site-packages/airflow/example_dags/example_branch_python_dop_operator_3.py
[2026-04-01T13:15:00.989+0000] {processor.py:840} INFO - DAG(s) 'example_branch_dop_operator_v3' retrieved from /home/airflow/.local/lib/python3.12/site-packages/airflow/example_dags/example_branch_python_dop_operator_3.py
[2026-04-01T13:15:01.004+0000] {logging_mixin.py:188} INFO - [2026-04-01T13:15:01.004+0000] {dag.py:3096} INFO - Sync 1 DAGs
[2026-04-01T13:15:01.022+0000] {logging_mixin.py:188} INFO - [2026-04-01T13:15:01.022+0000] {dag.py:3954} INFO - Setting next_dagrun for example_branch_dop_operator_v3 to 2026-04-01 13:14:00+00:00, run_after=2026-04-01 13:15:00+00:00
[2026-04-01T13:15:01.037+0000] {processor.py:183} INFO - Processing /home/airflow/.local/lib/python3.12/site-packages/airflow/example_dags/example_branch_python_dop_operator_3.py took 0.065 seconds
[2026-04-01T13:15:31.181+0000] {processor.py:161} INFO - Started process (PID=1985) to work on /home/airflow/.local/lib/python3.12/site-packages/airflow/example_dags/example_branch_python_dop_operator_3.py
[2026-04-01T13:15:31.182+0000] {processor.py:830} INFO - Processing file /home/airflow/.local/lib/python3.12/site-packages/airflow/example_dags/example_branch_python_dop_operator_3.py for tasks to queue
[2026-04-01T13:15:31.184+0000] {logging_mixin.py:188} INFO - [2026-04-01T13:15:31.183+0000] {dagbag.py:545} INFO - Filling up the DagBag from /home/airflow/.local/lib/python3.12/site-packages/airflow/example_dags/example_branch_python_dop_operator_3.py
[2026-04-01T13:15:31.190+0000] {processor.py:840} INFO - DAG(s) 'example_branch_dop_operator_v3' retrieved from /home/airflow/.local/lib/python3.12/site-packages/airflow/example_dags/example_branch_python_dop_operator_3.py
[2026-04-01T13:15:31.204+0000] {logging_mixin.py:188} INFO - [2026-04-01T13:15:31.203+0000] {dag.py:3096} INFO - Sync 1 DAGs
[2026-04-01T13:15:31.222+0000] {logging_mixin.py:188} INFO - [2026-04-01T13:15:31.222+0000] {dag.py:3954} INFO - Setting next_dagrun for example_branch_dop_operator_v3 to 2026-04-01 13:14:00+00:00, run_after=2026-04-01 13:15:00+00:00
[2026-04-01T13:15:31.238+0000] {processor.py:183} INFO - Processing /home/airflow/.local/lib/python3.12/site-packages/airflow/example_dags/example_branch_python_dop_operator_3.py took 0.061 seconds
[2026-04-01T13:16:01.703+0000] {processor.py:161} INFO - Started process (PID=2043) to work on /home/airflow/.local/lib/python3.12/site-packages/airflow/example_dags/example_branch_python_dop_operator_3.py
[2026-04-01T13:16:01.704+0000] {processor.py:830} INFO - Processing file /home/airflow/.local/lib/python3.12/site-packages/airflow/example_dags/example_branch_python_dop_operator_3.py for tasks to queue
[2026-04-01T13:16:01.706+0000] {logging_mixin.py:188} INFO - [2026-04-01T13:16:01.706+0000] {dagbag.py:545} INFO - Filling up the DagBag from /home/airflow/.local/lib/python3.12/site-packages/airflow/example_dags/example_branch_python_dop_operator_3.py
[2026-04-01T13:16:01.713+0000] {processor.py:840} INFO - DAG(s) 'example_branch_dop_operator_v3' retrieved from /home/airflow/.local/lib/python3.12/site-packages/airflow/example_dags/example_branch_python_dop_operator_3.py
[2026-04-01T13:16:01.729+0000] {logging_mixin.py:188} INFO - [2026-04-01T13:16:01.728+0000] {dag.py:3096} INFO - Sync 1 DAGs
[2026-04-01T13:16:01.746+0000] {logging_mixin.py:188} INFO - [2026-04-01T13:16:01.746+0000] {dag.py:3954} INFO - Setting next_dagrun for example_branch_dop_operator_v3 to 2026-04-01 13:15:00+00:00, run_after=2026-04-01 13:16:00+00:00
[2026-04-01T13:16:01.764+0000] {processor.py:183} INFO - Processing /home/airflow/.local/lib/python3.12/site-packages/airflow/example_dags/example_branch_python_dop_operator_3.py took 0.065 seconds
[2026-04-01T13:16:32.966+0000] {processor.py:161} INFO - Started process (PID=2101) to work on /home/airflow/.local/lib/python3.12/site-packages/airflow/example_dags/example_branch_python_dop_operator_3.py
[2026-04-01T13:16:32.967+0000] {processor.py:830} INFO - Processing file /home/airflow/.local/lib/python3.12/site-packages/airflow/example_dags/example_branch_python_dop_operator_3.py for tasks to queue
[2026-04-01T13:16:32.968+0000] {logging_mixin.py:188} INFO - [2026-04-01T13:16:32.968+0000] {dagbag.py:545} INFO - Filling up the DagBag from /home/airflow/.local/lib/python3.12/site-packages/airflow/example_dags/example_branch_python_dop_operator_3.py
[2026-04-01T13:16:32.975+0000] {processor.py:840} INFO - DAG(s) 'example_branch_dop_operator_v3' retrieved from /home/airflow/.local/lib/python3.12/site-packages/airflow/example_dags/example_branch_python_dop_operator_3.py
[2026-04-01T13:16:32.989+0000] {logging_mixin.py:188} INFO - [2026-04-01T13:16:32.989+0000] {dag.py:3096} INFO - Sync 1 DAGs
[2026-04-01T13:16:33.108+0000] {logging_mixin.py:188} INFO - [2026-04-01T13:16:33.108+0000] {dag.py:3954} INFO - Setting next_dagrun for example_branch_dop_operator_v3 to 2026-04-01 13:15:00+00:00, run_after=2026-04-01 13:16:00+00:00
[2026-04-01T13:16:33.121+0000] {processor.py:183} INFO - Processing /home/airflow/.local/lib/python3.12/site-packages/airflow/example_dags/example_branch_python_dop_operator_3.py took 0.160 seconds
[2026-04-01T13:17:03.674+0000] {processor.py:161} INFO - Started process (PID=2159) to work on /home/airflow/.local/lib/python3.12/site-packages/airflow/example_dags/example_branch_python_dop_operator_3.py
[2026-04-01T13:17:03.675+0000] {processor.py:830} INFO - Processing file /home/airflow/.local/lib/python3.12/site-packages/airflow/example_dags/example_branch_python_dop_operator_3.py for tasks to queue
[2026-04-01T13:17:03.676+0000] {logging_mixin.py:188} INFO - [2026-04-01T13:17:03.676+0000] {dagbag.py:545} INFO - Filling up the DagBag from /home/airflow/.local/lib/python3.12/site-packages/airflow/example_dags/example_branch_python_dop_operator_3.py
[2026-04-01T13:17:03.682+0000] {processor.py:840} INFO - DAG(s) 'example_branch_dop_operator_v3' retrieved from /home/airflow/.local/lib/python3.12/site-packages/airflow/example_dags/example_branch_python_dop_operator_3.py
[2026-04-01T13:17:03.698+0000] {logging_mixin.py:188} INFO - [2026-04-01T13:17:03.698+0000] {dag.py:3096} INFO - Sync 1 DAGs
[2026-04-01T13:17:03.717+0000] {logging_mixin.py:188} INFO - [2026-04-01T13:17:03.717+0000] {dag.py:3954} INFO - Setting next_dagrun for example_branch_dop_operator_v3 to 2026-04-01 13:16:00+00:00, run_after=2026-04-01 13:17:00+00:00
[2026-04-01T13:17:03.736+0000] {processor.py:183} INFO - Processing /home/airflow/.local/lib/python3.12/site-packages/airflow/example_dags/example_branch_python_dop_operator_3.py took 0.066 seconds
[2026-04-01T13:17:33.970+0000] {processor.py:161} INFO - Started process (PID=2217) to work on /home/airflow/.local/lib/python3.12/site-packages/airflow/example_dags/example_branch_python_dop_operator_3.py
[2026-04-01T13:17:33.971+0000] {processor.py:830} INFO - Processing file /home/airflow/.local/lib/python3.12/site-packages/airflow/example_dags/example_branch_python_dop_operator_3.py for tasks to queue
[2026-04-01T13:17:33.973+0000] {logging_mixin.py:188} INFO - [2026-04-01T13:17:33.972+0000] {dagbag.py:545} INFO - Filling up the DagBag from /home/airflow/.local/lib/python3.12/site-packages/airflow/example_dags/example_branch_python_dop_operator_3.py
[2026-04-01T13:17:33.979+0000] {processor.py:840} INFO - DAG(s) 'example_branch_dop_operator_v3' retrieved from /home/airflow/.local/lib/python3.12/site-packages/airflow/example_dags/example_branch_python_dop_operator_3.py
[2026-04-01T13:17:33.993+0000] {logging_mixin.py:188} INFO - [2026-04-01T13:17:33.993+0000] {dag.py:3096} INFO - Sync 1 DAGs
[2026-04-01T13:17:34.013+0000] {logging_mixin.py:188} INFO - [2026-04-01T13:17:34.013+0000] {dag.py:3954} INFO - Setting next_dagrun for example_branch_dop_operator_v3 to 2026-04-01 13:16:00+00:00, run_after=2026-04-01 13:17:00+00:00
[2026-04-01T13:17:34.029+0000] {processor.py:183} INFO - Processing /home/airflow/.local/lib/python3.12/site-packages/airflow/example_dags/example_branch_python_dop_operator_3.py took 0.063 seconds
[2026-04-01T13:18:04.242+0000] {processor.py:161} INFO - Started process (PID=2275) to work on /home/airflow/.local/lib/python3.12/site-packages/airflow/example_dags/example_branch_python_dop_operator_3.py
[2026-04-01T13:18:04.243+0000] {processor.py:830} INFO - Processing file /home/airflow/.local/lib/python3.12/site-packages/airflow/example_dags/example_branch_python_dop_operator_3.py for tasks to queue
[2026-04-01T13:18:04.244+0000] {logging_mixin.py:188} INFO - [2026-04-01T13:18:04.244+0000] {dagbag.py:545} INFO - Filling up the DagBag from /home/airflow/.local/lib/python3.12/site-packages/airflow/example_dags/example_branch_python_dop_operator_3.py
[2026-04-01T13:18:04.252+0000] {processor.py:840} INFO - DAG(s) 'example_branch_dop_operator_v3' retrieved from /home/airflow/.local/lib/python3.12/site-packages/airflow/example_dags/example_branch_python_dop_operator_3.py
[2026-04-01T13:18:04.266+0000] {logging_mixin.py:188} INFO - [2026-04-01T13:18:04.266+0000] {dag.py:3096} INFO - Sync 1 DAGs
[2026-04-01T13:18:04.282+0000] {logging_mixin.py:188} INFO - [2026-04-01T13:18:04.282+0000] {dag.py:3954} INFO - Setting next_dagrun for example_branch_dop_operator_v3 to 2026-04-01 13:17:00+00:00, run_after=2026-04-01 13:18:00+00:00
[2026-04-01T13:18:04.296+0000] {processor.py:183} INFO - Processing /home/airflow/.local/lib/python3.12/site-packages/airflow/example_dags/example_branch_python_dop_operator_3.py took 0.058 seconds
[2026-04-01T13:18:34.669+0000] {processor.py:161} INFO - Started process (PID=2333) to work on /home/airflow/.local/lib/python3.12/site-packages/airflow/example_dags/example_branch_python_dop_operator_3.py
[2026-04-01T13:18:34.669+0000] {processor.py:830} INFO - Processing file /home/airflow/.local/lib/python3.12/site-packages/airflow/example_dags/example_branch_python_dop_operator_3.py for tasks to queue
[2026-04-01T13:18:34.671+0000] {logging_mixin.py:188} INFO - [2026-04-01T13:18:34.671+0000] {dagbag.py:545} INFO - Filling up the DagBag from /home/airflow/.local/lib/python3.12/site-packages/airflow/example_dags/example_branch_python_dop_operator_3.py
[2026-04-01T13:18:34.677+0000] {processor.py:840} INFO - DAG(s) 'example_branch_dop_operator_v3' retrieved from /home/airflow/.local/lib/python3.12/site-packages/airflow/example_dags/example_branch_python_dop_operator_3.py
[2026-04-01T13:18:34.693+0000] {logging_mixin.py:188} INFO - [2026-04-01T13:18:34.693+0000] {dag.py:3096} INFO - Sync 1 DAGs
[2026-04-01T13:18:34.714+0000] {logging_mixin.py:188} INFO - [2026-04-01T13:18:34.713+0000] {dag.py:3954} INFO - Setting next_dagrun for example_branch_dop_operator_v3 to 2026-04-01 13:17:00+00:00, run_after=2026-04-01 13:18:00+00:00
[2026-04-01T13:18:34.728+0000] {processor.py:183} INFO - Processing /home/airflow/.local/lib/python3.12/site-packages/airflow/example_dags/example_branch_python_dop_operator_3.py took 0.064 seconds
[2026-04-01T13:19:05.265+0000] {processor.py:161} INFO - Started process (PID=2391) to work on /home/airflow/.local/lib/python3.12/site-packages/airflow/example_dags/example_branch_python_dop_operator_3.py
[2026-04-01T13:19:05.266+0000] {processor.py:830} INFO - Processing file /home/airflow/.local/lib/python3.12/site-packages/airflow/example_dags/example_branch_python_dop_operator_3.py for tasks to queue
[2026-04-01T13:19:05.267+0000] {logging_mixin.py:188} INFO - [2026-04-01T13:19:05.267+0000] {dagbag.py:545} INFO - Filling up the DagBag from /home/airflow/.local/lib/python3.12/site-packages/airflow/example_dags/example_branch_python_dop_operator_3.py
[2026-04-01T13:19:05.274+0000] {processor.py:840} INFO - DAG(s) 'example_branch_dop_operator_v3' retrieved from /home/airflow/.local/lib/python3.12/site-packages/airflow/example_dags/example_branch_python_dop_operator_3.py
[2026-04-01T13:19:05.288+0000] {logging_mixin.py:188} INFO - [2026-04-01T13:19:05.288+0000] {dag.py:3096} INFO - Sync 1 DAGs
[2026-04-01T13:19:05.308+0000] {logging_mixin.py:188} INFO - [2026-04-01T13:19:05.308+0000] {dag.py:3954} INFO - Setting next_dagrun for example_branch_dop_operator_v3 to 2026-04-01 13:18:00+00:00, run_after=2026-04-01 13:19:00+00:00
[2026-04-01T13:19:05.325+0000] {processor.py:183} INFO - Processing /home/airflow/.local/lib/python3.12/site-packages/airflow/example_dags/example_branch_python_dop_operator_3.py took 0.065 seconds
[2026-04-01T13:19:35.570+0000] {processor.py:161} INFO - Started process (PID=2449) to work on /home/airflow/.local/lib/python3.12/site-packages/airflow/example_dags/example_branch_python_dop_operator_3.py
[2026-04-01T13:19:35.571+0000] {processor.py:830} INFO - Processing file /home/airflow/.local/lib/python3.12/site-packages/airflow/example_dags/example_branch_python_dop_operator_3.py for tasks to queue
[2026-04-01T13:19:35.573+0000] {logging_mixin.py:188} INFO - [2026-04-01T13:19:35.572+0000] {dagbag.py:545} INFO - Filling up the DagBag from /home/airflow/.local/lib/python3.12/site-packages/airflow/example_dags/example_branch_python_dop_operator_3.py
[2026-04-01T13:19:35.580+0000] {processor.py:840} INFO - DAG(s) 'example_branch_dop_operator_v3' retrieved from /home/airflow/.local/lib/python3.12/site-packages/airflow/example_dags/example_branch_python_dop_operator_3.py
[2026-04-01T13:19:35.594+0000] {logging_mixin.py:188} INFO - [2026-04-01T13:19:35.594+0000] {dag.py:3096} INFO - Sync 1 DAGs
[2026-04-01T13:19:35.610+0000] {logging_mixin.py:188} INFO - [2026-04-01T13:19:35.609+0000] {dag.py:3954} INFO - Setting next_dagrun for example_branch_dop_operator_v3 to 2026-04-01 13:18:00+00:00, run_after=2026-04-01 13:19:00+00:00
[2026-04-01T13:19:35.625+0000] {processor.py:183} INFO - Processing /home/airflow/.local/lib/python3.12/site-packages/airflow/example_dags/example_branch_python_dop_operator_3.py took 0.060 seconds
[2026-04-01T13:20:06.037+0000] {processor.py:161} INFO - Started process (PID=2507) to work on /home/airflow/.local/lib/python3.12/site-packages/airflow/example_dags/example_branch_python_dop_operator_3.py
[2026-04-01T13:20:06.038+0000] {processor.py:830} INFO - Processing file /home/airflow/.local/lib/python3.12/site-packages/airflow/example_dags/example_branch_python_dop_operator_3.py for tasks to queue
[2026-04-01T13:20:06.040+0000] {logging_mixin.py:188} INFO - [2026-04-01T13:20:06.040+0000] {dagbag.py:545} INFO - Filling up the DagBag from /home/airflow/.local/lib/python3.12/site-packages/airflow/example_dags/example_branch_python_dop_operator_3.py
[2026-04-01T13:20:06.047+0000] {processor.py:840} INFO - DAG(s) 'example_branch_dop_operator_v3' retrieved from /home/airflow/.local/lib/python3.12/site-packages/airflow/example_dags/example_branch_python_dop_operator_3.py
[2026-04-01T13:20:06.062+0000] {logging_mixin.py:188} INFO - [2026-04-01T13:20:06.062+0000] {dag.py:3096} INFO - Sync 1 DAGs
[2026-04-01T13:20:06.083+0000] {logging_mixin.py:188} INFO - [2026-04-01T13:20:06.082+0000] {dag.py:3954} INFO - Setting next_dagrun for example_branch_dop_operator_v3 to 2026-04-01 13:19:00+00:00, run_after=2026-04-01 13:20:00+00:00
[2026-04-01T13:20:06.099+0000] {processor.py:183} INFO - Processing /home/airflow/.local/lib/python3.12/site-packages/airflow/example_dags/example_branch_python_dop_operator_3.py took 0.069 seconds
[2026-04-01T13:20:36.540+0000] {processor.py:161} INFO - Started process (PID=2565) to work on /home/airflow/.local/lib/python3.12/site-packages/airflow/example_dags/example_branch_python_dop_operator_3.py
[2026-04-01T13:20:36.541+0000] {processor.py:830} INFO - Processing file /home/airflow/.local/lib/python3.12/site-packages/airflow/example_dags/example_branch_python_dop_operator_3.py for tasks to queue
[2026-04-01T13:20:36.543+0000] {logging_mixin.py:188} INFO - [2026-04-01T13:20:36.543+0000] {dagbag.py:545} INFO - Filling up the DagBag from /home/airflow/.local/lib/python3.12/site-packages/airflow/example_dags/example_branch_python_dop_operator_3.py
[2026-04-01T13:20:36.552+0000] {processor.py:840} INFO - DAG(s) 'example_branch_dop_operator_v3' retrieved from /home/airflow/.local/lib/python3.12/site-packages/airflow/example_dags/example_branch_python_dop_operator_3.py
[2026-04-01T13:20:36.567+0000] {logging_mixin.py:188} INFO - [2026-04-01T13:20:36.567+0000] {dag.py:3096} INFO - Sync 1 DAGs
[2026-04-01T13:20:36.587+0000] {logging_mixin.py:188} INFO - [2026-04-01T13:20:36.587+0000] {dag.py:3954} INFO - Setting next_dagrun for example_branch_dop_operator_v3 to 2026-04-01 13:19:00+00:00, run_after=2026-04-01 13:20:00+00:00
[2026-04-01T13:20:36.604+0000] {processor.py:183} INFO - Processing /home/airflow/.local/lib/python3.12/site-packages/airflow/example_dags/example_branch_python_dop_operator_3.py took 0.069 seconds
[2026-04-01T13:21:06.966+0000] {processor.py:161} INFO - Started process (PID=2623) to work on /home/airflow/.local/lib/python3.12/site-packages/airflow/example_dags/example_branch_python_dop_operator_3.py
[2026-04-01T13:21:06.967+0000] {processor.py:830} INFO - Processing file /home/airflow/.local/lib/python3.12/site-packages/airflow/example_dags/example_branch_python_dop_operator_3.py for tasks to queue
[2026-04-01T13:21:06.968+0000] {logging_mixin.py:188} INFO - [2026-04-01T13:21:06.968+0000] {dagbag.py:545} INFO - Filling up the DagBag from /home/airflow/.local/lib/python3.12/site-packages/airflow/example_dags/example_branch_python_dop_operator_3.py
[2026-04-01T13:21:06.976+0000] {processor.py:840} INFO - DAG(s) 'example_branch_dop_operator_v3' retrieved from /home/airflow/.local/lib/python3.12/site-packages/airflow/example_dags/example_branch_python_dop_operator_3.py
[2026-04-01T13:21:06.994+0000] {logging_mixin.py:188} INFO - [2026-04-01T13:21:06.994+0000] {dag.py:3096} INFO - Sync 1 DAGs
[2026-04-01T13:21:07.017+0000] {logging_mixin.py:188} INFO - [2026-04-01T13:21:07.017+0000] {dag.py:3954} INFO - Setting next_dagrun for example_branch_dop_operator_v3 to 2026-04-01 13:20:00+00:00, run_after=2026-04-01 13:21:00+00:00
[2026-04-01T13:21:07.037+0000] {processor.py:183} INFO - Processing /home/airflow/.local/lib/python3.12/site-packages/airflow/example_dags/example_branch_python_dop_operator_3.py took 0.076 seconds
[2026-04-01T13:21:37.514+0000] {processor.py:161} INFO - Started process (PID=2681) to work on /home/airflow/.local/lib/python3.12/site-packages/airflow/example_dags/example_branch_python_dop_operator_3.py
[2026-04-01T13:21:37.515+0000] {processor.py:830} INFO - Processing file /home/airflow/.local/lib/python3.12/site-packages/airflow/example_dags/example_branch_python_dop_operator_3.py for tasks to queue
[2026-04-01T13:21:37.516+0000] {logging_mixin.py:188} INFO - [2026-04-01T13:21:37.516+0000] {dagbag.py:545} INFO - Filling up the DagBag from /home/airflow/.local/lib/python3.12/site-packages/airflow/example_dags/example_branch_python_dop_operator_3.py
[2026-04-01T13:21:37.524+0000] {processor.py:840} INFO - DAG(s) 'example_branch_dop_operator_v3' retrieved from /home/airflow/.local/lib/python3.12/site-packages/airflow/example_dags/example_branch_python_dop_operator_3.py
[2026-04-01T13:21:37.541+0000] {logging_mixin.py:188} INFO - [2026-04-01T13:21:37.540+0000] {dag.py:3096} INFO - Sync 1 DAGs
[2026-04-01T13:21:37.560+0000] {logging_mixin.py:188} INFO - [2026-04-01T13:21:37.559+0000] {dag.py:3954} INFO - Setting next_dagrun for example_branch_dop_operator_v3 to 2026-04-01 13:20:00+00:00, run_after=2026-04-01 13:21:00+00:00
[2026-04-01T13:21:37.576+0000] {processor.py:183} INFO - Processing /home/airflow/.local/lib/python3.12/site-packages/airflow/example_dags/example_branch_python_dop_operator_3.py took 0.067 seconds
[2026-04-01T13:22:08.048+0000] {processor.py:161} INFO - Started process (PID=2739) to work on /home/airflow/.local/lib/python3.12/site-packages/airflow/example_dags/example_branch_python_dop_operator_3.py
[2026-04-01T13:22:08.049+0000] {processor.py:830} INFO - Processing file /home/airflow/.local/lib/python3.12/site-packages/airflow/example_dags/example_branch_python_dop_operator_3.py for tasks to queue
[2026-04-01T13:22:08.051+0000] {logging_mixin.py:188} INFO - [2026-04-01T13:22:08.050+0000] {dagbag.py:545} INFO - Filling up the DagBag from /home/airflow/.local/lib/python3.12/site-packages/airflow/example_dags/example_branch_python_dop_operator_3.py
[2026-04-01T13:22:08.058+0000] {processor.py:840} INFO - DAG(s) 'example_branch_dop_operator_v3' retrieved from /home/airflow/.local/lib/python3.12/site-packages/airflow/example_dags/example_branch_python_dop_operator_3.py
[2026-04-01T13:22:08.073+0000] {logging_mixin.py:188} INFO - [2026-04-01T13:22:08.072+0000] {dag.py:3096} INFO - Sync 1 DAGs
[2026-04-01T13:22:08.095+0000] {logging_mixin.py:188} INFO - [2026-04-01T13:22:08.095+0000] {dag.py:3954} INFO - Setting next_dagrun for example_branch_dop_operator_v3 to 2026-04-01 13:21:00+00:00, run_after=2026-04-01 13:22:00+00:00
[2026-04-01T13:22:08.112+0000] {processor.py:183} INFO - Processing /home/airflow/.local/lib/python3.12/site-packages/airflow/example_dags/example_branch_python_dop_operator_3.py took 0.069 seconds
[2026-04-01T13:22:38.489+0000] {processor.py:161} INFO - Started process (PID=2797) to work on /home/airflow/.local/lib/python3.12/site-packages/airflow/example_dags/example_branch_python_dop_operator_3.py
[2026-04-01T13:22:38.489+0000] {processor.py:830} INFO - Processing file /home/airflow/.local/lib/python3.12/site-packages/airflow/example_dags/example_branch_python_dop_operator_3.py for tasks to queue
[2026-04-01T13:22:38.491+0000] {logging_mixin.py:188} INFO - [2026-04-01T13:22:38.491+0000] {dagbag.py:545} INFO - Filling up the DagBag from /home/airflow/.local/lib/python3.12/site-packages/airflow/example_dags/example_branch_python_dop_operator_3.py
[2026-04-01T13:22:38.499+0000] {processor.py:840} INFO - DAG(s) 'example_branch_dop_operator_v3' retrieved from /home/airflow/.local/lib/python3.12/site-packages/airflow/example_dags/example_branch_python_dop_operator_3.py
[2026-04-01T13:22:38.513+0000] {logging_mixin.py:188} INFO - [2026-04-01T13:22:38.513+0000] {dag.py:3096} INFO - Sync 1 DAGs
[2026-04-01T13:22:38.532+0000] {logging_mixin.py:188} INFO - [2026-04-01T13:22:38.532+0000] {dag.py:3954} INFO - Setting next_dagrun for example_branch_dop_operator_v3 to 2026-04-01 13:21:00+00:00, run_after=2026-04-01 13:22:00+00:00
[2026-04-01T13:22:38.551+0000] {processor.py:183} INFO - Processing /home/airflow/.local/lib/python3.12/site-packages/airflow/example_dags/example_branch_python_dop_operator_3.py took 0.068 seconds
[2026-04-01T13:23:09.010+0000] {processor.py:161} INFO - Started process (PID=2855) to work on /home/airflow/.local/lib/python3.12/site-packages/airflow/example_dags/example_branch_python_dop_operator_3.py
[2026-04-01T13:23:09.011+0000] {processor.py:830} INFO - Processing file /home/airflow/.local/lib/python3.12/site-packages/airflow/example_dags/example_branch_python_dop_operator_3.py for tasks to queue
[2026-04-01T13:23:09.014+0000] {logging_mixin.py:188} INFO - [2026-04-01T13:23:09.013+0000] {dagbag.py:545} INFO - Filling up the DagBag from /home/airflow/.local/lib/python3.12/site-packages/airflow/example_dags/example_branch_python_dop_operator_3.py
[2026-04-01T13:23:09.026+0000] {processor.py:840} INFO - DAG(s) 'example_branch_dop_operator_v3' retrieved from /home/airflow/.local/lib/python3.12/site-packages/airflow/example_dags/example_branch_python_dop_operator_3.py
[2026-04-01T13:23:09.044+0000] {logging_mixin.py:188} INFO - [2026-04-01T13:23:09.044+0000] {dag.py:3096} INFO - Sync 1 DAGs
[2026-04-01T13:23:09.063+0000] {logging_mixin.py:188} INFO - [2026-04-01T13:23:09.063+0000] {dag.py:3954} INFO - Setting next_dagrun for example_branch_dop_operator_v3 to 2026-04-01 13:22:00+00:00, run_after=2026-04-01 13:23:00+00:00
[2026-04-01T13:23:09.080+0000] {processor.py:183} INFO - Processing /home/airflow/.local/lib/python3.12/site-packages/airflow/example_dags/example_branch_python_dop_operator_3.py took 0.076 seconds
[2026-04-01T13:23:39.523+0000] {processor.py:161} INFO - Started process (PID=2913) to work on /home/airflow/.local/lib/python3.12/site-packages/airflow/example_dags/example_branch_python_dop_operator_3.py
[2026-04-01T13:23:39.524+0000] {processor.py:830} INFO - Processing file /home/airflow/.local/lib/python3.12/site-packages/airflow/example_dags/example_branch_python_dop_operator_3.py for tasks to queue
[2026-04-01T13:23:39.526+0000] {logging_mixin.py:188} INFO - [2026-04-01T13:23:39.525+0000] {dagbag.py:545} INFO - Filling up the DagBag from /home/airflow/.local/lib/python3.12/site-packages/airflow/example_dags/example_branch_python_dop_operator_3.py
[2026-04-01T13:23:39.532+0000] {processor.py:840} INFO - DAG(s) 'example_branch_dop_operator_v3' retrieved from /home/airflow/.local/lib/python3.12/site-packages/airflow/example_dags/example_branch_python_dop_operator_3.py
[2026-04-01T13:23:39.547+0000] {logging_mixin.py:188} INFO - [2026-04-01T13:23:39.547+0000] {dag.py:3096} INFO - Sync 1 DAGs
[2026-04-01T13:23:39.568+0000] {logging_mixin.py:188} INFO - [2026-04-01T13:23:39.567+0000] {dag.py:3954} INFO - Setting next_dagrun for example_branch_dop_operator_v3 to 2026-04-01 13:22:00+00:00, run_after=2026-04-01 13:23:00+00:00
[2026-04-01T13:23:39.586+0000] {processor.py:183} INFO - Processing /home/airflow/.local/lib/python3.12/site-packages/airflow/example_dags/example_branch_python_dop_operator_3.py took 0.069 seconds
[2026-04-01T13:24:10.109+0000] {processor.py:161} INFO - Started process (PID=2972) to work on /home/airflow/.local/lib/python3.12/site-packages/airflow/example_dags/example_branch_python_dop_operator_3.py
[2026-04-01T13:24:10.110+0000] {processor.py:830} INFO - Processing file /home/airflow/.local/lib/python3.12/site-packages/airflow/example_dags/example_branch_python_dop_operator_3.py for tasks to queue
[2026-04-01T13:24:10.112+0000] {logging_mixin.py:188} INFO - [2026-04-01T13:24:10.112+0000] {dagbag.py:545} INFO - Filling up the DagBag from /home/airflow/.local/lib/python3.12/site-packages/airflow/example_dags/example_branch_python_dop_operator_3.py
[2026-04-01T13:24:10.119+0000] {processor.py:840} INFO - DAG(s) 'example_branch_dop_operator_v3' retrieved from /home/airflow/.local/lib/python3.12/site-packages/airflow/example_dags/example_branch_python_dop_operator_3.py
[2026-04-01T13:24:10.134+0000] {logging_mixin.py:188} INFO - [2026-04-01T13:24:10.134+0000] {dag.py:3096} INFO - Sync 1 DAGs
[2026-04-01T13:24:10.152+0000] {logging_mixin.py:188} INFO - [2026-04-01T13:24:10.152+0000] {dag.py:3954} INFO - Setting next_dagrun for example_branch_dop_operator_v3 to 2026-04-01 13:23:00+00:00, run_after=2026-04-01 13:24:00+00:00
[2026-04-01T13:24:10.168+0000] {processor.py:183} INFO - Processing /home/airflow/.local/lib/python3.12/site-packages/airflow/example_dags/example_branch_python_dop_operator_3.py took 0.064 seconds
[2026-04-01T13:24:40.519+0000] {processor.py:161} INFO - Started process (PID=3030) to work on /home/airflow/.local/lib/python3.12/site-packages/airflow/example_dags/example_branch_python_dop_operator_3.py
[2026-04-01T13:24:40.519+0000] {processor.py:830} INFO - Processing file /home/airflow/.local/lib/python3.12/site-packages/airflow/example_dags/example_branch_python_dop_operator_3.py for tasks to queue
[2026-04-01T13:24:40.521+0000] {logging_mixin.py:188} INFO - [2026-04-01T13:24:40.521+0000] {dagbag.py:545} INFO - Filling up the DagBag from /home/airflow/.local/lib/python3.12/site-packages/airflow/example_dags/example_branch_python_dop_operator_3.py
[2026-04-01T13:24:40.527+0000] {processor.py:840} INFO - DAG(s) 'example_branch_dop_operator_v3' retrieved from /home/airflow/.local/lib/python3.12/site-packages/airflow/example_dags/example_branch_python_dop_operator_3.py
[2026-04-01T13:24:40.543+0000] {logging_mixin.py:188} INFO - [2026-04-01T13:24:40.543+0000] {dag.py:3096} INFO - Sync 1 DAGs
[2026-04-01T13:24:40.562+0000] {logging_mixin.py:188} INFO - [2026-04-01T13:24:40.562+0000] {dag.py:3954} INFO - Setting next_dagrun for example_branch_dop_operator_v3 to 2026-04-01 13:23:00+00:00, run_after=2026-04-01 13:24:00+00:00
[2026-04-01T13:24:40.578+0000] {processor.py:183} INFO - Processing /home/airflow/.local/lib/python3.12/site-packages/airflow/example_dags/example_branch_python_dop_operator_3.py took 0.064 seconds
[2026-04-01T13:25:11.084+0000] {processor.py:161} INFO - Started process (PID=3089) to work on /home/airflow/.local/lib/python3.12/site-packages/airflow/example_dags/example_branch_python_dop_operator_3.py
[2026-04-01T13:25:11.085+0000] {processor.py:830} INFO - Processing file /home/airflow/.local/lib/python3.12/site-packages/airflow/example_dags/example_branch_python_dop_operator_3.py for tasks to queue
[2026-04-01T13:25:11.086+0000] {logging_mixin.py:188} INFO - [2026-04-01T13:25:11.086+0000] {dagbag.py:545} INFO - Filling up the DagBag from /home/airflow/.local/lib/python3.12/site-packages/airflow/example_dags/example_branch_python_dop_operator_3.py
[2026-04-01T13:25:11.093+0000] {processor.py:840} INFO - DAG(s) 'example_branch_dop_operator_v3' retrieved from /home/airflow/.local/lib/python3.12/site-packages/airflow/example_dags/example_branch_python_dop_operator_3.py
[2026-04-01T13:25:11.108+0000] {logging_mixin.py:188} INFO - [2026-04-01T13:25:11.107+0000] {dag.py:3096} INFO - Sync 1 DAGs
[2026-04-01T13:25:11.134+0000] {logging_mixin.py:188} INFO - [2026-04-01T13:25:11.134+0000] {dag.py:3954} INFO - Setting next_dagrun for example_branch_dop_operator_v3 to 2026-04-01 13:24:00+00:00, run_after=2026-04-01 13:25:00+00:00
[2026-04-01T13:25:11.153+0000] {processor.py:183} INFO - Processing /home/airflow/.local/lib/python3.12/site-packages/airflow/example_dags/example_branch_python_dop_operator_3.py took 0.076 seconds
[2026-04-01T13:25:41.510+0000] {processor.py:161} INFO - Started process (PID=3148) to work on /home/airflow/.local/lib/python3.12/site-packages/airflow/example_dags/example_branch_python_dop_operator_3.py
[2026-04-01T13:25:41.511+0000] {processor.py:830} INFO - Processing file /home/airflow/.local/lib/python3.12/site-packages/airflow/example_dags/example_branch_python_dop_operator_3.py for tasks to queue
[2026-04-01T13:25:41.513+0000] {logging_mixin.py:188} INFO - [2026-04-01T13:25:41.512+0000] {dagbag.py:545} INFO - Filling up the DagBag from /home/airflow/.local/lib/python3.12/site-packages/airflow/example_dags/example_branch_python_dop_operator_3.py
[2026-04-01T13:25:41.521+0000] {processor.py:840} INFO - DAG(s) 'example_branch_dop_operator_v3' retrieved from /home/airflow/.local/lib/python3.12/site-packages/airflow/example_dags/example_branch_python_dop_operator_3.py
[2026-04-01T13:25:41.538+0000] {logging_mixin.py:188} INFO - [2026-04-01T13:25:41.538+0000] {dag.py:3096} INFO - Sync 1 DAGs
[2026-04-01T13:25:41.558+0000] {logging_mixin.py:188} INFO - [2026-04-01T13:25:41.558+0000] {dag.py:3954} INFO - Setting next_dagrun for example_branch_dop_operator_v3 to 2026-04-01 13:24:00+00:00, run_after=2026-04-01 13:25:00+00:00
[2026-04-01T13:25:41.576+0000] {processor.py:183} INFO - Processing /home/airflow/.local/lib/python3.12/site-packages/airflow/example_dags/example_branch_python_dop_operator_3.py took 0.070 seconds
[2026-04-01T13:26:11.848+0000] {processor.py:161} INFO - Started process (PID=3207) to work on /home/airflow/.local/lib/python3.12/site-packages/airflow/example_dags/example_branch_python_dop_operator_3.py
[2026-04-01T13:26:11.849+0000] {processor.py:830} INFO - Processing file /home/airflow/.local/lib/python3.12/site-packages/airflow/example_dags/example_branch_python_dop_operator_3.py for tasks to queue
[2026-04-01T13:26:11.850+0000] {logging_mixin.py:188} INFO - [2026-04-01T13:26:11.850+0000] {dagbag.py:545} INFO - Filling up the DagBag from /home/airflow/.local/lib/python3.12/site-packages/airflow/example_dags/example_branch_python_dop_operator_3.py
[2026-04-01T13:26:11.859+0000] {processor.py:840} INFO - DAG(s) 'example_branch_dop_operator_v3' retrieved from /home/airflow/.local/lib/python3.12/site-packages/airflow/example_dags/example_branch_python_dop_operator_3.py
[2026-04-01T13:26:11.873+0000] {logging_mixin.py:188} INFO - [2026-04-01T13:26:11.872+0000] {dag.py:3096} INFO - Sync 1 DAGs
[2026-04-01T13:26:11.890+0000] {logging_mixin.py:188} INFO - [2026-04-01T13:26:11.890+0000] {dag.py:3954} INFO - Setting next_dagrun for example_branch_dop_operator_v3 to 2026-04-01 13:25:00+00:00, run_after=2026-04-01 13:26:00+00:00
[2026-04-01T13:26:11.904+0000] {processor.py:183} INFO - Processing /home/airflow/.local/lib/python3.12/site-packages/airflow/example_dags/example_branch_python_dop_operator_3.py took 0.062 seconds
[2026-04-01T13:26:42.145+0000] {processor.py:161} INFO - Started process (PID=3266) to work on /home/airflow/.local/lib/python3.12/site-packages/airflow/example_dags/example_branch_python_dop_operator_3.py
[2026-04-01T13:26:42.146+0000] {processor.py:830} INFO - Processing file /home/airflow/.local/lib/python3.12/site-packages/airflow/example_dags/example_branch_python_dop_operator_3.py for tasks to queue
[2026-04-01T13:26:42.150+0000] {logging_mixin.py:188} INFO - [2026-04-01T13:26:42.150+0000] {dagbag.py:545} INFO - Filling up the DagBag from /home/airflow/.local/lib/python3.12/site-packages/airflow/example_dags/example_branch_python_dop_operator_3.py
[2026-04-01T13:26:42.157+0000] {processor.py:840} INFO - DAG(s) 'example_branch_dop_operator_v3' retrieved from /home/airflow/.local/lib/python3.12/site-packages/airflow/example_dags/example_branch_python_dop_operator_3.py
[2026-04-01T13:26:42.173+0000] {logging_mixin.py:188} INFO - [2026-04-01T13:26:42.173+0000] {dag.py:3096} INFO - Sync 1 DAGs
[2026-04-01T13:26:42.190+0000] {logging_mixin.py:188} INFO - [2026-04-01T13:26:42.190+0000] {dag.py:3954} INFO - Setting next_dagrun for example_branch_dop_operator_v3 to 2026-04-01 13:25:00+00:00, run_after=2026-04-01 13:26:00+00:00
[2026-04-01T13:26:42.204+0000] {processor.py:183} INFO - Processing /home/airflow/.local/lib/python3.12/site-packages/airflow/example_dags/example_branch_python_dop_operator_3.py took 0.064 seconds
[2026-04-01T13:27:12.667+0000] {processor.py:161} INFO - Started process (PID=3325) to work on /home/airflow/.local/lib/python3.12/site-packages/airflow/example_dags/example_branch_python_dop_operator_3.py
[2026-04-01T13:27:12.668+0000] {processor.py:830} INFO - Processing file /home/airflow/.local/lib/python3.12/site-packages/airflow/example_dags/example_branch_python_dop_operator_3.py for tasks to queue
[2026-04-01T13:27:12.669+0000] {logging_mixin.py:188} INFO - [2026-04-01T13:27:12.669+0000] {dagbag.py:545} INFO - Filling up the DagBag from /home/airflow/.local/lib/python3.12/site-packages/airflow/example_dags/example_branch_python_dop_operator_3.py
[2026-04-01T13:27:12.676+0000] {processor.py:840} INFO - DAG(s) 'example_branch_dop_operator_v3' retrieved from /home/airflow/.local/lib/python3.12/site-packages/airflow/example_dags/example_branch_python_dop_operator_3.py
[2026-04-01T13:27:12.691+0000] {logging_mixin.py:188} INFO - [2026-04-01T13:27:12.691+0000] {dag.py:3096} INFO - Sync 1 DAGs
[2026-04-01T13:27:12.710+0000] {logging_mixin.py:188} INFO - [2026-04-01T13:27:12.709+0000] {dag.py:3954} INFO - Setting next_dagrun for example_branch_dop_operator_v3 to 2026-04-01 13:26:00+00:00, run_after=2026-04-01 13:27:00+00:00
[2026-04-01T13:27:12.725+0000] {processor.py:183} INFO - Processing /home/airflow/.local/lib/python3.12/site-packages/airflow/example_dags/example_branch_python_dop_operator_3.py took 0.063 seconds
[2026-04-01T13:27:43.357+0000] {processor.py:161} INFO - Started process (PID=3384) to work on /home/airflow/.local/lib/python3.12/site-packages/airflow/example_dags/example_branch_python_dop_operator_3.py
[2026-04-01T13:27:43.358+0000] {processor.py:830} INFO - Processing file /home/airflow/.local/lib/python3.12/site-packages/airflow/example_dags/example_branch_python_dop_operator_3.py for tasks to queue
[2026-04-01T13:27:43.361+0000] {logging_mixin.py:188} INFO - [2026-04-01T13:27:43.360+0000] {dagbag.py:545} INFO - Filling up the DagBag from /home/airflow/.local/lib/python3.12/site-packages/airflow/example_dags/example_branch_python_dop_operator_3.py
[2026-04-01T13:27:43.369+0000] {processor.py:840} INFO - DAG(s) 'example_branch_dop_operator_v3' retrieved from /home/airflow/.local/lib/python3.12/site-packages/airflow/example_dags/example_branch_python_dop_operator_3.py
[2026-04-01T13:27:43.389+0000] {logging_mixin.py:188} INFO - [2026-04-01T13:27:43.389+0000] {dag.py:3096} INFO - Sync 1 DAGs
[2026-04-01T13:27:43.410+0000] {logging_mixin.py:188} INFO - [2026-04-01T13:27:43.409+0000] {dag.py:3954} INFO - Setting next_dagrun for example_branch_dop_operator_v3 to 2026-04-01 13:26:00+00:00, run_after=2026-04-01 13:27:00+00:00
[2026-04-01T13:27:43.431+0000] {processor.py:183} INFO - Processing /home/airflow/.local/lib/python3.12/site-packages/airflow/example_dags/example_branch_python_dop_operator_3.py took 0.079 seconds
[2026-04-01T13:28:13.835+0000] {processor.py:161} INFO - Started process (PID=3443) to work on /home/airflow/.local/lib/python3.12/site-packages/airflow/example_dags/example_branch_python_dop_operator_3.py
[2026-04-01T13:28:13.835+0000] {processor.py:830} INFO - Processing file /home/airflow/.local/lib/python3.12/site-packages/airflow/example_dags/example_branch_python_dop_operator_3.py for tasks to queue
[2026-04-01T13:28:13.837+0000] {logging_mixin.py:188} INFO - [2026-04-01T13:28:13.837+0000] {dagbag.py:545} INFO - Filling up the DagBag from /home/airflow/.local/lib/python3.12/site-packages/airflow/example_dags/example_branch_python_dop_operator_3.py
[2026-04-01T13:28:13.843+0000] {processor.py:840} INFO - DAG(s) 'example_branch_dop_operator_v3' retrieved from /home/airflow/.local/lib/python3.12/site-packages/airflow/example_dags/example_branch_python_dop_operator_3.py
[2026-04-01T13:28:13.859+0000] {logging_mixin.py:188} INFO - [2026-04-01T13:28:13.859+0000] {dag.py:3096} INFO - Sync 1 DAGs
[2026-04-01T13:28:13.877+0000] {logging_mixin.py:188} INFO - [2026-04-01T13:28:13.877+0000] {dag.py:3954} INFO - Setting next_dagrun for example_branch_dop_operator_v3 to 2026-04-01 13:27:00+00:00, run_after=2026-04-01 13:28:00+00:00
[2026-04-01T13:28:13.895+0000] {processor.py:183} INFO - Processing /home/airflow/.local/lib/python3.12/site-packages/airflow/example_dags/example_branch_python_dop_operator_3.py took 0.065 seconds
[2026-04-01T13:28:44.140+0000] {processor.py:161} INFO - Started process (PID=3502) to work on /home/airflow/.local/lib/python3.12/site-packages/airflow/example_dags/example_branch_python_dop_operator_3.py
[2026-04-01T13:28:44.141+0000] {processor.py:830} INFO - Processing file /home/airflow/.local/lib/python3.12/site-packages/airflow/example_dags/example_branch_python_dop_operator_3.py for tasks to queue
[2026-04-01T13:28:44.142+0000] {logging_mixin.py:188} INFO - [2026-04-01T13:28:44.142+0000] {dagbag.py:545} INFO - Filling up the DagBag from /home/airflow/.local/lib/python3.12/site-packages/airflow/example_dags/example_branch_python_dop_operator_3.py
[2026-04-01T13:28:44.152+0000] {processor.py:840} INFO - DAG(s) 'example_branch_dop_operator_v3' retrieved from /home/airflow/.local/lib/python3.12/site-packages/airflow/example_dags/example_branch_python_dop_operator_3.py
[2026-04-01T13:28:44.169+0000] {logging_mixin.py:188} INFO - [2026-04-01T13:28:44.169+0000] {dag.py:3096} INFO - Sync 1 DAGs
[2026-04-01T13:28:44.190+0000] {logging_mixin.py:188} INFO - [2026-04-01T13:28:44.189+0000] {dag.py:3954} INFO - Setting next_dagrun for example_branch_dop_operator_v3 to 2026-04-01 13:27:00+00:00, run_after=2026-04-01 13:28:00+00:00
[2026-04-01T13:28:44.205+0000] {processor.py:183} INFO - Processing /home/airflow/.local/lib/python3.12/site-packages/airflow/example_dags/example_branch_python_dop_operator_3.py took 0.070 seconds
[2026-04-01T13:29:14.608+0000] {processor.py:161} INFO - Started process (PID=3561) to work on /home/airflow/.local/lib/python3.12/site-packages/airflow/example_dags/example_branch_python_dop_operator_3.py
[2026-04-01T13:29:14.609+0000] {processor.py:830} INFO - Processing file /home/airflow/.local/lib/python3.12/site-packages/airflow/example_dags/example_branch_python_dop_operator_3.py for tasks to queue
[2026-04-01T13:29:14.610+0000] {logging_mixin.py:188} INFO - [2026-04-01T13:29:14.610+0000] {dagbag.py:545} INFO - Filling up the DagBag from /home/airflow/.local/lib/python3.12/site-packages/airflow/example_dags/example_branch_python_dop_operator_3.py
[2026-04-01T13:29:14.617+0000] {processor.py:840} INFO - DAG(s) 'example_branch_dop_operator_v3' retrieved from /home/airflow/.local/lib/python3.12/site-packages/airflow/example_dags/example_branch_python_dop_operator_3.py
[2026-04-01T13:29:14.632+0000] {logging_mixin.py:188} INFO - [2026-04-01T13:29:14.632+0000] {dag.py:3096} INFO - Sync 1 DAGs
[2026-04-01T13:29:14.650+0000] {logging_mixin.py:188} INFO - [2026-04-01T13:29:14.649+0000] {dag.py:3954} INFO - Setting next_dagrun for example_branch_dop_operator_v3 to 2026-04-01 13:28:00+00:00, run_after=2026-04-01 13:29:00+00:00
[2026-04-01T13:29:14.665+0000] {processor.py:183} INFO - Processing /home/airflow/.local/lib/python3.12/site-packages/airflow/example_dags/example_branch_python_dop_operator_3.py took 0.061 seconds
[2026-04-01T13:29:45.030+0000] {processor.py:161} INFO - Started process (PID=3620) to work on /home/airflow/.local/lib/python3.12/site-packages/airflow/example_dags/example_branch_python_dop_operator_3.py
[2026-04-01T13:29:45.030+0000] {processor.py:830} INFO - Processing file /home/airflow/.local/lib/python3.12/site-packages/airflow/example_dags/example_branch_python_dop_operator_3.py for tasks to queue
[2026-04-01T13:29:45.032+0000] {logging_mixin.py:188} INFO - [2026-04-01T13:29:45.032+0000] {dagbag.py:545} INFO - Filling up the DagBag from /home/airflow/.local/lib/python3.12/site-packages/airflow/example_dags/example_branch_python_dop_operator_3.py
[2026-04-01T13:29:45.039+0000] {processor.py:840} INFO - DAG(s) 'example_branch_dop_operator_v3' retrieved from /home/airflow/.local/lib/python3.12/site-packages/airflow/example_dags/example_branch_python_dop_operator_3.py
[2026-04-01T13:29:45.054+0000] {logging_mixin.py:188} INFO - [2026-04-01T13:29:45.054+0000] {dag.py:3096} INFO - Sync 1 DAGs
[2026-04-01T13:29:45.074+0000] {logging_mixin.py:188} INFO - [2026-04-01T13:29:45.074+0000] {dag.py:3954} INFO - Setting next_dagrun for example_branch_dop_operator_v3 to 2026-04-01 13:28:00+00:00, run_after=2026-04-01 13:29:00+00:00
[2026-04-01T13:29:45.092+0000] {processor.py:183} INFO - Processing /home/airflow/.local/lib/python3.12/site-packages/airflow/example_dags/example_branch_python_dop_operator_3.py took 0.067 seconds
[2026-04-01T13:30:15.274+0000] {processor.py:161} INFO - Started process (PID=3679) to work on /home/airflow/.local/lib/python3.12/site-packages/airflow/example_dags/example_branch_python_dop_operator_3.py
[2026-04-01T13:30:15.275+0000] {processor.py:830} INFO - Processing file /home/airflow/.local/lib/python3.12/site-packages/airflow/example_dags/example_branch_python_dop_operator_3.py for tasks to queue
[2026-04-01T13:30:15.277+0000] {logging_mixin.py:188} INFO - [2026-04-01T13:30:15.276+0000] {dagbag.py:545} INFO - Filling up the DagBag from /home/airflow/.local/lib/python3.12/site-packages/airflow/example_dags/example_branch_python_dop_operator_3.py
[2026-04-01T13:30:15.284+0000] {processor.py:840} INFO - DAG(s) 'example_branch_dop_operator_v3' retrieved from /home/airflow/.local/lib/python3.12/site-packages/airflow/example_dags/example_branch_python_dop_operator_3.py
[2026-04-01T13:30:15.298+0000] {logging_mixin.py:188} INFO - [2026-04-01T13:30:15.298+0000] {dag.py:3096} INFO - Sync 1 DAGs
[2026-04-01T13:30:15.316+0000] {logging_mixin.py:188} INFO - [2026-04-01T13:30:15.316+0000] {dag.py:3954} INFO - Setting next_dagrun for example_branch_dop_operator_v3 to 2026-04-01 13:29:00+00:00, run_after=2026-04-01 13:30:00+00:00
[2026-04-01T13:30:15.335+0000] {processor.py:183} INFO - Processing /home/airflow/.local/lib/python3.12/site-packages/airflow/example_dags/example_branch_python_dop_operator_3.py took 0.065 seconds
[2026-04-01T13:30:45.693+0000] {processor.py:161} INFO - Started process (PID=3738) to work on /home/airflow/.local/lib/python3.12/site-packages/airflow/example_dags/example_branch_python_dop_operator_3.py
[2026-04-01T13:30:45.694+0000] {processor.py:830} INFO - Processing file /home/airflow/.local/lib/python3.12/site-packages/airflow/example_dags/example_branch_python_dop_operator_3.py for tasks to queue
[2026-04-01T13:30:45.696+0000] {logging_mixin.py:188} INFO - [2026-04-01T13:30:45.695+0000] {dagbag.py:545} INFO - Filling up the DagBag from /home/airflow/.local/lib/python3.12/site-packages/airflow/example_dags/example_branch_python_dop_operator_3.py
[2026-04-01T13:30:45.704+0000] {processor.py:840} INFO - DAG(s) 'example_branch_dop_operator_v3' retrieved from /home/airflow/.local/lib/python3.12/site-packages/airflow/example_dags/example_branch_python_dop_operator_3.py
[2026-04-01T13:30:45.719+0000] {logging_mixin.py:188} INFO - [2026-04-01T13:30:45.719+0000] {dag.py:3096} INFO - Sync 1 DAGs
[2026-04-01T13:30:45.738+0000] {logging_mixin.py:188} INFO - [2026-04-01T13:30:45.737+0000] {dag.py:3954} INFO - Setting next_dagrun for example_branch_dop_operator_v3 to 2026-04-01 13:29:00+00:00, run_after=2026-04-01 13:30:00+00:00
[2026-04-01T13:30:45.754+0000] {processor.py:183} INFO - Processing /home/airflow/.local/lib/python3.12/site-packages/airflow/example_dags/example_branch_python_dop_operator_3.py took 0.065 seconds
[2026-04-01T13:31:16.127+0000] {processor.py:161} INFO - Started process (PID=3798) to work on /home/airflow/.local/lib/python3.12/site-packages/airflow/example_dags/example_branch_python_dop_operator_3.py
[2026-04-01T13:31:16.128+0000] {processor.py:830} INFO - Processing file /home/airflow/.local/lib/python3.12/site-packages/airflow/example_dags/example_branch_python_dop_operator_3.py for tasks to queue
[2026-04-01T13:31:16.129+0000] {logging_mixin.py:188} INFO - [2026-04-01T13:31:16.129+0000] {dagbag.py:545} INFO - Filling up the DagBag from /home/airflow/.local/lib/python3.12/site-packages/airflow/example_dags/example_branch_python_dop_operator_3.py
[2026-04-01T13:31:16.136+0000] {processor.py:840} INFO - DAG(s) 'example_branch_dop_operator_v3' retrieved from /home/airflow/.local/lib/python3.12/site-packages/airflow/example_dags/example_branch_python_dop_operator_3.py
[2026-04-01T13:31:16.150+0000] {logging_mixin.py:188} INFO - [2026-04-01T13:31:16.150+0000] {dag.py:3096} INFO - Sync 1 DAGs
[2026-04-01T13:31:16.167+0000] {logging_mixin.py:188} INFO - [2026-04-01T13:31:16.167+0000] {dag.py:3954} INFO - Setting next_dagrun for example_branch_dop_operator_v3 to 2026-04-01 13:30:00+00:00, run_after=2026-04-01 13:31:00+00:00
[2026-04-01T13:31:16.181+0000] {processor.py:183} INFO - Processing /home/airflow/.local/lib/python3.12/site-packages/airflow/example_dags/example_branch_python_dop_operator_3.py took 0.059 seconds
