[2026-04-01T12:58:49.143+0000] {processor.py:161} INFO - Started process (PID=46) to work on /home/airflow/.local/lib/python3.12/site-packages/airflow/example_dags/example_branch_day_of_week_operator.py
[2026-04-01T12:58:49.145+0000] {processor.py:830} INFO - Processing file /home/airflow/.local/lib/python3.12/site-packages/airflow/example_dags/example_branch_day_of_week_operator.py for tasks to queue
[2026-04-01T12:58:49.148+0000] {logging_mixin.py:188} INFO - [2026-04-01T12:58:49.148+0000] {dagbag.py:545} INFO - Filling up the DagBag from /home/airflow/.local/lib/python3.12/site-packages/airflow/example_dags/example_branch_day_of_week_operator.py
[2026-04-01T12:58:49.175+0000] {processor.py:840} INFO - DAG(s) 'example_weekday_branch_operator' retrieved from /home/airflow/.local/lib/python3.12/site-packages/airflow/example_dags/example_branch_day_of_week_operator.py
[2026-04-01T12:58:49.210+0000] {logging_mixin.py:188} INFO - [2026-04-01T12:58:49.210+0000] {dag.py:3096} INFO - Sync 1 DAGs
[2026-04-01T12:58:49.236+0000] {logging_mixin.py:188} INFO - [2026-04-01T12:58:49.236+0000] {dag.py:3954} INFO - Setting next_dagrun for example_weekday_branch_operator to 2026-03-31 00:00:00+00:00, run_after=2026-04-01 00:00:00+00:00
[2026-04-01T12:58:49.257+0000] {processor.py:183} INFO - Processing /home/airflow/.local/lib/python3.12/site-packages/airflow/example_dags/example_branch_day_of_week_operator.py took 0.124 seconds
[2026-04-01T12:59:19.576+0000] {processor.py:161} INFO - Started process (PID=104) to work on /home/airflow/.local/lib/python3.12/site-packages/airflow/example_dags/example_branch_day_of_week_operator.py
[2026-04-01T12:59:19.577+0000] {processor.py:830} INFO - Processing file /home/airflow/.local/lib/python3.12/site-packages/airflow/example_dags/example_branch_day_of_week_operator.py for tasks to queue
[2026-04-01T12:59:19.579+0000] {logging_mixin.py:188} INFO - [2026-04-01T12:59:19.578+0000] {dagbag.py:545} INFO - Filling up the DagBag from /home/airflow/.local/lib/python3.12/site-packages/airflow/example_dags/example_branch_day_of_week_operator.py
[2026-04-01T12:59:19.587+0000] {processor.py:840} INFO - DAG(s) 'example_weekday_branch_operator' retrieved from /home/airflow/.local/lib/python3.12/site-packages/airflow/example_dags/example_branch_day_of_week_operator.py
[2026-04-01T12:59:19.741+0000] {logging_mixin.py:188} INFO - [2026-04-01T12:59:19.741+0000] {dag.py:3096} INFO - Sync 1 DAGs
[2026-04-01T12:59:19.756+0000] {logging_mixin.py:188} INFO - [2026-04-01T12:59:19.756+0000] {dag.py:3954} INFO - Setting next_dagrun for example_weekday_branch_operator to 2026-03-31 00:00:00+00:00, run_after=2026-04-01 00:00:00+00:00
[2026-04-01T12:59:19.779+0000] {processor.py:183} INFO - Processing /home/airflow/.local/lib/python3.12/site-packages/airflow/example_dags/example_branch_day_of_week_operator.py took 0.209 seconds
[2026-04-01T12:59:49.873+0000] {processor.py:161} INFO - Started process (PID=162) to work on /home/airflow/.local/lib/python3.12/site-packages/airflow/example_dags/example_branch_day_of_week_operator.py
[2026-04-01T12:59:49.874+0000] {processor.py:830} INFO - Processing file /home/airflow/.local/lib/python3.12/site-packages/airflow/example_dags/example_branch_day_of_week_operator.py for tasks to queue
[2026-04-01T12:59:49.875+0000] {logging_mixin.py:188} INFO - [2026-04-01T12:59:49.875+0000] {dagbag.py:545} INFO - Filling up the DagBag from /home/airflow/.local/lib/python3.12/site-packages/airflow/example_dags/example_branch_day_of_week_operator.py
[2026-04-01T12:59:49.882+0000] {processor.py:840} INFO - DAG(s) 'example_weekday_branch_operator' retrieved from /home/airflow/.local/lib/python3.12/site-packages/airflow/example_dags/example_branch_day_of_week_operator.py
[2026-04-01T12:59:49.900+0000] {logging_mixin.py:188} INFO - [2026-04-01T12:59:49.900+0000] {dag.py:3096} INFO - Sync 1 DAGs
[2026-04-01T12:59:49.919+0000] {logging_mixin.py:188} INFO - [2026-04-01T12:59:49.919+0000] {dag.py:3954} INFO - Setting next_dagrun for example_weekday_branch_operator to 2026-03-31 00:00:00+00:00, run_after=2026-04-01 00:00:00+00:00
[2026-04-01T12:59:49.935+0000] {processor.py:183} INFO - Processing /home/airflow/.local/lib/python3.12/site-packages/airflow/example_dags/example_branch_day_of_week_operator.py took 0.068 seconds
[2026-04-01T13:00:20.329+0000] {processor.py:161} INFO - Started process (PID=226) to work on /home/airflow/.local/lib/python3.12/site-packages/airflow/example_dags/example_branch_day_of_week_operator.py
[2026-04-01T13:00:20.331+0000] {processor.py:830} INFO - Processing file /home/airflow/.local/lib/python3.12/site-packages/airflow/example_dags/example_branch_day_of_week_operator.py for tasks to queue
[2026-04-01T13:00:20.334+0000] {logging_mixin.py:188} INFO - [2026-04-01T13:00:20.334+0000] {dagbag.py:545} INFO - Filling up the DagBag from /home/airflow/.local/lib/python3.12/site-packages/airflow/example_dags/example_branch_day_of_week_operator.py
[2026-04-01T13:00:20.343+0000] {processor.py:840} INFO - DAG(s) 'example_weekday_branch_operator' retrieved from /home/airflow/.local/lib/python3.12/site-packages/airflow/example_dags/example_branch_day_of_week_operator.py
[2026-04-01T13:00:20.367+0000] {logging_mixin.py:188} INFO - [2026-04-01T13:00:20.366+0000] {dag.py:3096} INFO - Sync 1 DAGs
[2026-04-01T13:00:20.393+0000] {logging_mixin.py:188} INFO - [2026-04-01T13:00:20.393+0000] {dag.py:3954} INFO - Setting next_dagrun for example_weekday_branch_operator to 2026-03-31 00:00:00+00:00, run_after=2026-04-01 00:00:00+00:00
[2026-04-01T13:00:20.412+0000] {processor.py:183} INFO - Processing /home/airflow/.local/lib/python3.12/site-packages/airflow/example_dags/example_branch_day_of_week_operator.py took 0.090 seconds
[2026-04-01T13:00:50.513+0000] {processor.py:161} INFO - Started process (PID=284) to work on /home/airflow/.local/lib/python3.12/site-packages/airflow/example_dags/example_branch_day_of_week_operator.py
[2026-04-01T13:00:50.514+0000] {processor.py:830} INFO - Processing file /home/airflow/.local/lib/python3.12/site-packages/airflow/example_dags/example_branch_day_of_week_operator.py for tasks to queue
[2026-04-01T13:00:50.516+0000] {logging_mixin.py:188} INFO - [2026-04-01T13:00:50.516+0000] {dagbag.py:545} INFO - Filling up the DagBag from /home/airflow/.local/lib/python3.12/site-packages/airflow/example_dags/example_branch_day_of_week_operator.py
[2026-04-01T13:00:50.524+0000] {processor.py:840} INFO - DAG(s) 'example_weekday_branch_operator' retrieved from /home/airflow/.local/lib/python3.12/site-packages/airflow/example_dags/example_branch_day_of_week_operator.py
[2026-04-01T13:00:50.542+0000] {logging_mixin.py:188} INFO - [2026-04-01T13:00:50.542+0000] {dag.py:3096} INFO - Sync 1 DAGs
[2026-04-01T13:00:50.559+0000] {logging_mixin.py:188} INFO - [2026-04-01T13:00:50.559+0000] {dag.py:3954} INFO - Setting next_dagrun for example_weekday_branch_operator to 2026-03-31 00:00:00+00:00, run_after=2026-04-01 00:00:00+00:00
[2026-04-01T13:00:50.579+0000] {processor.py:183} INFO - Processing /home/airflow/.local/lib/python3.12/site-packages/airflow/example_dags/example_branch_day_of_week_operator.py took 0.073 seconds
[2026-04-01T13:01:20.787+0000] {processor.py:161} INFO - Started process (PID=342) to work on /home/airflow/.local/lib/python3.12/site-packages/airflow/example_dags/example_branch_day_of_week_operator.py
[2026-04-01T13:01:20.788+0000] {processor.py:830} INFO - Processing file /home/airflow/.local/lib/python3.12/site-packages/airflow/example_dags/example_branch_day_of_week_operator.py for tasks to queue
[2026-04-01T13:01:20.790+0000] {logging_mixin.py:188} INFO - [2026-04-01T13:01:20.789+0000] {dagbag.py:545} INFO - Filling up the DagBag from /home/airflow/.local/lib/python3.12/site-packages/airflow/example_dags/example_branch_day_of_week_operator.py
[2026-04-01T13:01:20.795+0000] {processor.py:840} INFO - DAG(s) 'example_weekday_branch_operator' retrieved from /home/airflow/.local/lib/python3.12/site-packages/airflow/example_dags/example_branch_day_of_week_operator.py
[2026-04-01T13:01:20.812+0000] {logging_mixin.py:188} INFO - [2026-04-01T13:01:20.812+0000] {dag.py:3096} INFO - Sync 1 DAGs
[2026-04-01T13:01:20.831+0000] {logging_mixin.py:188} INFO - [2026-04-01T13:01:20.830+0000] {dag.py:3954} INFO - Setting next_dagrun for example_weekday_branch_operator to 2026-03-31 00:00:00+00:00, run_after=2026-04-01 00:00:00+00:00
[2026-04-01T13:01:20.856+0000] {processor.py:183} INFO - Processing /home/airflow/.local/lib/python3.12/site-packages/airflow/example_dags/example_branch_day_of_week_operator.py took 0.073 seconds
[2026-04-01T13:01:50.967+0000] {processor.py:161} INFO - Started process (PID=400) to work on /home/airflow/.local/lib/python3.12/site-packages/airflow/example_dags/example_branch_day_of_week_operator.py
[2026-04-01T13:01:50.968+0000] {processor.py:830} INFO - Processing file /home/airflow/.local/lib/python3.12/site-packages/airflow/example_dags/example_branch_day_of_week_operator.py for tasks to queue
[2026-04-01T13:01:50.970+0000] {logging_mixin.py:188} INFO - [2026-04-01T13:01:50.969+0000] {dagbag.py:545} INFO - Filling up the DagBag from /home/airflow/.local/lib/python3.12/site-packages/airflow/example_dags/example_branch_day_of_week_operator.py
[2026-04-01T13:01:50.978+0000] {processor.py:840} INFO - DAG(s) 'example_weekday_branch_operator' retrieved from /home/airflow/.local/lib/python3.12/site-packages/airflow/example_dags/example_branch_day_of_week_operator.py
[2026-04-01T13:01:50.999+0000] {logging_mixin.py:188} INFO - [2026-04-01T13:01:50.999+0000] {dag.py:3096} INFO - Sync 1 DAGs
[2026-04-01T13:01:51.019+0000] {logging_mixin.py:188} INFO - [2026-04-01T13:01:51.019+0000] {dag.py:3954} INFO - Setting next_dagrun for example_weekday_branch_operator to 2026-03-31 00:00:00+00:00, run_after=2026-04-01 00:00:00+00:00
[2026-04-01T13:01:51.043+0000] {processor.py:183} INFO - Processing /home/airflow/.local/lib/python3.12/site-packages/airflow/example_dags/example_branch_day_of_week_operator.py took 0.082 seconds
[2026-04-01T13:02:21.132+0000] {processor.py:161} INFO - Started process (PID=458) to work on /home/airflow/.local/lib/python3.12/site-packages/airflow/example_dags/example_branch_day_of_week_operator.py
[2026-04-01T13:02:21.134+0000] {processor.py:830} INFO - Processing file /home/airflow/.local/lib/python3.12/site-packages/airflow/example_dags/example_branch_day_of_week_operator.py for tasks to queue
[2026-04-01T13:02:21.136+0000] {logging_mixin.py:188} INFO - [2026-04-01T13:02:21.135+0000] {dagbag.py:545} INFO - Filling up the DagBag from /home/airflow/.local/lib/python3.12/site-packages/airflow/example_dags/example_branch_day_of_week_operator.py
[2026-04-01T13:02:21.145+0000] {processor.py:840} INFO - DAG(s) 'example_weekday_branch_operator' retrieved from /home/airflow/.local/lib/python3.12/site-packages/airflow/example_dags/example_branch_day_of_week_operator.py
[2026-04-01T13:02:21.164+0000] {logging_mixin.py:188} INFO - [2026-04-01T13:02:21.163+0000] {dag.py:3096} INFO - Sync 1 DAGs
[2026-04-01T13:02:21.183+0000] {logging_mixin.py:188} INFO - [2026-04-01T13:02:21.182+0000] {dag.py:3954} INFO - Setting next_dagrun for example_weekday_branch_operator to 2026-03-31 00:00:00+00:00, run_after=2026-04-01 00:00:00+00:00
[2026-04-01T13:02:21.203+0000] {processor.py:183} INFO - Processing /home/airflow/.local/lib/python3.12/site-packages/airflow/example_dags/example_branch_day_of_week_operator.py took 0.077 seconds
[2026-04-01T13:02:51.411+0000] {processor.py:161} INFO - Started process (PID=516) to work on /home/airflow/.local/lib/python3.12/site-packages/airflow/example_dags/example_branch_day_of_week_operator.py
[2026-04-01T13:02:51.412+0000] {processor.py:830} INFO - Processing file /home/airflow/.local/lib/python3.12/site-packages/airflow/example_dags/example_branch_day_of_week_operator.py for tasks to queue
[2026-04-01T13:02:51.414+0000] {logging_mixin.py:188} INFO - [2026-04-01T13:02:51.413+0000] {dagbag.py:545} INFO - Filling up the DagBag from /home/airflow/.local/lib/python3.12/site-packages/airflow/example_dags/example_branch_day_of_week_operator.py
[2026-04-01T13:02:51.420+0000] {processor.py:840} INFO - DAG(s) 'example_weekday_branch_operator' retrieved from /home/airflow/.local/lib/python3.12/site-packages/airflow/example_dags/example_branch_day_of_week_operator.py
[2026-04-01T13:02:51.439+0000] {logging_mixin.py:188} INFO - [2026-04-01T13:02:51.439+0000] {dag.py:3096} INFO - Sync 1 DAGs
[2026-04-01T13:02:51.454+0000] {logging_mixin.py:188} INFO - [2026-04-01T13:02:51.454+0000] {dag.py:3954} INFO - Setting next_dagrun for example_weekday_branch_operator to 2026-03-31 00:00:00+00:00, run_after=2026-04-01 00:00:00+00:00
[2026-04-01T13:02:51.471+0000] {processor.py:183} INFO - Processing /home/airflow/.local/lib/python3.12/site-packages/airflow/example_dags/example_branch_day_of_week_operator.py took 0.066 seconds
[2026-04-01T13:03:21.559+0000] {processor.py:161} INFO - Started process (PID=574) to work on /home/airflow/.local/lib/python3.12/site-packages/airflow/example_dags/example_branch_day_of_week_operator.py
[2026-04-01T13:03:21.561+0000] {processor.py:830} INFO - Processing file /home/airflow/.local/lib/python3.12/site-packages/airflow/example_dags/example_branch_day_of_week_operator.py for tasks to queue
[2026-04-01T13:03:21.564+0000] {logging_mixin.py:188} INFO - [2026-04-01T13:03:21.563+0000] {dagbag.py:545} INFO - Filling up the DagBag from /home/airflow/.local/lib/python3.12/site-packages/airflow/example_dags/example_branch_day_of_week_operator.py
[2026-04-01T13:03:21.570+0000] {processor.py:840} INFO - DAG(s) 'example_weekday_branch_operator' retrieved from /home/airflow/.local/lib/python3.12/site-packages/airflow/example_dags/example_branch_day_of_week_operator.py
[2026-04-01T13:03:21.587+0000] {logging_mixin.py:188} INFO - [2026-04-01T13:03:21.586+0000] {dag.py:3096} INFO - Sync 1 DAGs
[2026-04-01T13:03:21.603+0000] {logging_mixin.py:188} INFO - [2026-04-01T13:03:21.603+0000] {dag.py:3954} INFO - Setting next_dagrun for example_weekday_branch_operator to 2026-03-31 00:00:00+00:00, run_after=2026-04-01 00:00:00+00:00
[2026-04-01T13:03:21.622+0000] {processor.py:183} INFO - Processing /home/airflow/.local/lib/python3.12/site-packages/airflow/example_dags/example_branch_day_of_week_operator.py took 0.069 seconds
[2026-04-01T13:03:51.843+0000] {processor.py:161} INFO - Started process (PID=632) to work on /home/airflow/.local/lib/python3.12/site-packages/airflow/example_dags/example_branch_day_of_week_operator.py
[2026-04-01T13:03:51.844+0000] {processor.py:830} INFO - Processing file /home/airflow/.local/lib/python3.12/site-packages/airflow/example_dags/example_branch_day_of_week_operator.py for tasks to queue
[2026-04-01T13:03:51.846+0000] {logging_mixin.py:188} INFO - [2026-04-01T13:03:51.845+0000] {dagbag.py:545} INFO - Filling up the DagBag from /home/airflow/.local/lib/python3.12/site-packages/airflow/example_dags/example_branch_day_of_week_operator.py
[2026-04-01T13:03:51.851+0000] {processor.py:840} INFO - DAG(s) 'example_weekday_branch_operator' retrieved from /home/airflow/.local/lib/python3.12/site-packages/airflow/example_dags/example_branch_day_of_week_operator.py
[2026-04-01T13:03:51.867+0000] {logging_mixin.py:188} INFO - [2026-04-01T13:03:51.867+0000] {dag.py:3096} INFO - Sync 1 DAGs
[2026-04-01T13:03:51.883+0000] {logging_mixin.py:188} INFO - [2026-04-01T13:03:51.883+0000] {dag.py:3954} INFO - Setting next_dagrun for example_weekday_branch_operator to 2026-03-31 00:00:00+00:00, run_after=2026-04-01 00:00:00+00:00
[2026-04-01T13:03:51.903+0000] {processor.py:183} INFO - Processing /home/airflow/.local/lib/python3.12/site-packages/airflow/example_dags/example_branch_day_of_week_operator.py took 0.064 seconds
[2026-04-01T13:04:22.090+0000] {processor.py:161} INFO - Started process (PID=690) to work on /home/airflow/.local/lib/python3.12/site-packages/airflow/example_dags/example_branch_day_of_week_operator.py
[2026-04-01T13:04:22.090+0000] {processor.py:830} INFO - Processing file /home/airflow/.local/lib/python3.12/site-packages/airflow/example_dags/example_branch_day_of_week_operator.py for tasks to queue
[2026-04-01T13:04:22.093+0000] {logging_mixin.py:188} INFO - [2026-04-01T13:04:22.092+0000] {dagbag.py:545} INFO - Filling up the DagBag from /home/airflow/.local/lib/python3.12/site-packages/airflow/example_dags/example_branch_day_of_week_operator.py
[2026-04-01T13:04:22.102+0000] {processor.py:840} INFO - DAG(s) 'example_weekday_branch_operator' retrieved from /home/airflow/.local/lib/python3.12/site-packages/airflow/example_dags/example_branch_day_of_week_operator.py
[2026-04-01T13:04:22.121+0000] {logging_mixin.py:188} INFO - [2026-04-01T13:04:22.121+0000] {dag.py:3096} INFO - Sync 1 DAGs
[2026-04-01T13:04:22.140+0000] {logging_mixin.py:188} INFO - [2026-04-01T13:04:22.140+0000] {dag.py:3954} INFO - Setting next_dagrun for example_weekday_branch_operator to 2026-03-31 00:00:00+00:00, run_after=2026-04-01 00:00:00+00:00
[2026-04-01T13:04:22.162+0000] {processor.py:183} INFO - Processing /home/airflow/.local/lib/python3.12/site-packages/airflow/example_dags/example_branch_day_of_week_operator.py took 0.078 seconds
[2026-04-01T13:04:52.429+0000] {processor.py:161} INFO - Started process (PID=748) to work on /home/airflow/.local/lib/python3.12/site-packages/airflow/example_dags/example_branch_day_of_week_operator.py
[2026-04-01T13:04:52.429+0000] {processor.py:830} INFO - Processing file /home/airflow/.local/lib/python3.12/site-packages/airflow/example_dags/example_branch_day_of_week_operator.py for tasks to queue
[2026-04-01T13:04:52.431+0000] {logging_mixin.py:188} INFO - [2026-04-01T13:04:52.431+0000] {dagbag.py:545} INFO - Filling up the DagBag from /home/airflow/.local/lib/python3.12/site-packages/airflow/example_dags/example_branch_day_of_week_operator.py
[2026-04-01T13:04:52.437+0000] {processor.py:840} INFO - DAG(s) 'example_weekday_branch_operator' retrieved from /home/airflow/.local/lib/python3.12/site-packages/airflow/example_dags/example_branch_day_of_week_operator.py
[2026-04-01T13:04:52.454+0000] {logging_mixin.py:188} INFO - [2026-04-01T13:04:52.454+0000] {dag.py:3096} INFO - Sync 1 DAGs
[2026-04-01T13:04:52.472+0000] {logging_mixin.py:188} INFO - [2026-04-01T13:04:52.472+0000] {dag.py:3954} INFO - Setting next_dagrun for example_weekday_branch_operator to 2026-03-31 00:00:00+00:00, run_after=2026-04-01 00:00:00+00:00
[2026-04-01T13:04:52.493+0000] {processor.py:183} INFO - Processing /home/airflow/.local/lib/python3.12/site-packages/airflow/example_dags/example_branch_day_of_week_operator.py took 0.069 seconds
[2026-04-01T13:05:22.556+0000] {processor.py:161} INFO - Started process (PID=806) to work on /home/airflow/.local/lib/python3.12/site-packages/airflow/example_dags/example_branch_day_of_week_operator.py
[2026-04-01T13:05:22.557+0000] {processor.py:830} INFO - Processing file /home/airflow/.local/lib/python3.12/site-packages/airflow/example_dags/example_branch_day_of_week_operator.py for tasks to queue
[2026-04-01T13:05:22.559+0000] {logging_mixin.py:188} INFO - [2026-04-01T13:05:22.558+0000] {dagbag.py:545} INFO - Filling up the DagBag from /home/airflow/.local/lib/python3.12/site-packages/airflow/example_dags/example_branch_day_of_week_operator.py
[2026-04-01T13:05:22.567+0000] {processor.py:840} INFO - DAG(s) 'example_weekday_branch_operator' retrieved from /home/airflow/.local/lib/python3.12/site-packages/airflow/example_dags/example_branch_day_of_week_operator.py
[2026-04-01T13:05:22.587+0000] {logging_mixin.py:188} INFO - [2026-04-01T13:05:22.587+0000] {dag.py:3096} INFO - Sync 1 DAGs
[2026-04-01T13:05:22.606+0000] {logging_mixin.py:188} INFO - [2026-04-01T13:05:22.606+0000] {dag.py:3954} INFO - Setting next_dagrun for example_weekday_branch_operator to 2026-03-31 00:00:00+00:00, run_after=2026-04-01 00:00:00+00:00
[2026-04-01T13:05:22.626+0000] {processor.py:183} INFO - Processing /home/airflow/.local/lib/python3.12/site-packages/airflow/example_dags/example_branch_day_of_week_operator.py took 0.075 seconds
[2026-04-01T13:05:52.741+0000] {processor.py:161} INFO - Started process (PID=864) to work on /home/airflow/.local/lib/python3.12/site-packages/airflow/example_dags/example_branch_day_of_week_operator.py
[2026-04-01T13:05:52.742+0000] {processor.py:830} INFO - Processing file /home/airflow/.local/lib/python3.12/site-packages/airflow/example_dags/example_branch_day_of_week_operator.py for tasks to queue
[2026-04-01T13:05:52.745+0000] {logging_mixin.py:188} INFO - [2026-04-01T13:05:52.745+0000] {dagbag.py:545} INFO - Filling up the DagBag from /home/airflow/.local/lib/python3.12/site-packages/airflow/example_dags/example_branch_day_of_week_operator.py
[2026-04-01T13:05:52.753+0000] {processor.py:840} INFO - DAG(s) 'example_weekday_branch_operator' retrieved from /home/airflow/.local/lib/python3.12/site-packages/airflow/example_dags/example_branch_day_of_week_operator.py
[2026-04-01T13:05:52.771+0000] {logging_mixin.py:188} INFO - [2026-04-01T13:05:52.771+0000] {dag.py:3096} INFO - Sync 1 DAGs
[2026-04-01T13:05:52.788+0000] {logging_mixin.py:188} INFO - [2026-04-01T13:05:52.788+0000] {dag.py:3954} INFO - Setting next_dagrun for example_weekday_branch_operator to 2026-03-31 00:00:00+00:00, run_after=2026-04-01 00:00:00+00:00
[2026-04-01T13:05:52.807+0000] {processor.py:183} INFO - Processing /home/airflow/.local/lib/python3.12/site-packages/airflow/example_dags/example_branch_day_of_week_operator.py took 0.072 seconds
[2026-04-01T13:06:22.934+0000] {processor.py:161} INFO - Started process (PID=922) to work on /home/airflow/.local/lib/python3.12/site-packages/airflow/example_dags/example_branch_day_of_week_operator.py
[2026-04-01T13:06:22.935+0000] {processor.py:830} INFO - Processing file /home/airflow/.local/lib/python3.12/site-packages/airflow/example_dags/example_branch_day_of_week_operator.py for tasks to queue
[2026-04-01T13:06:22.937+0000] {logging_mixin.py:188} INFO - [2026-04-01T13:06:22.937+0000] {dagbag.py:545} INFO - Filling up the DagBag from /home/airflow/.local/lib/python3.12/site-packages/airflow/example_dags/example_branch_day_of_week_operator.py
[2026-04-01T13:06:22.942+0000] {processor.py:840} INFO - DAG(s) 'example_weekday_branch_operator' retrieved from /home/airflow/.local/lib/python3.12/site-packages/airflow/example_dags/example_branch_day_of_week_operator.py
[2026-04-01T13:06:22.958+0000] {logging_mixin.py:188} INFO - [2026-04-01T13:06:22.958+0000] {dag.py:3096} INFO - Sync 1 DAGs
[2026-04-01T13:06:22.977+0000] {logging_mixin.py:188} INFO - [2026-04-01T13:06:22.977+0000] {dag.py:3954} INFO - Setting next_dagrun for example_weekday_branch_operator to 2026-03-31 00:00:00+00:00, run_after=2026-04-01 00:00:00+00:00
[2026-04-01T13:06:22.996+0000] {processor.py:183} INFO - Processing /home/airflow/.local/lib/python3.12/site-packages/airflow/example_dags/example_branch_day_of_week_operator.py took 0.067 seconds
[2026-04-01T13:06:53.246+0000] {processor.py:161} INFO - Started process (PID=980) to work on /home/airflow/.local/lib/python3.12/site-packages/airflow/example_dags/example_branch_day_of_week_operator.py
[2026-04-01T13:06:53.247+0000] {processor.py:830} INFO - Processing file /home/airflow/.local/lib/python3.12/site-packages/airflow/example_dags/example_branch_day_of_week_operator.py for tasks to queue
[2026-04-01T13:06:53.248+0000] {logging_mixin.py:188} INFO - [2026-04-01T13:06:53.248+0000] {dagbag.py:545} INFO - Filling up the DagBag from /home/airflow/.local/lib/python3.12/site-packages/airflow/example_dags/example_branch_day_of_week_operator.py
[2026-04-01T13:06:53.254+0000] {processor.py:840} INFO - DAG(s) 'example_weekday_branch_operator' retrieved from /home/airflow/.local/lib/python3.12/site-packages/airflow/example_dags/example_branch_day_of_week_operator.py
[2026-04-01T13:06:53.269+0000] {logging_mixin.py:188} INFO - [2026-04-01T13:06:53.269+0000] {dag.py:3096} INFO - Sync 1 DAGs
[2026-04-01T13:06:53.288+0000] {logging_mixin.py:188} INFO - [2026-04-01T13:06:53.288+0000] {dag.py:3954} INFO - Setting next_dagrun for example_weekday_branch_operator to 2026-03-31 00:00:00+00:00, run_after=2026-04-01 00:00:00+00:00
[2026-04-01T13:06:53.308+0000] {processor.py:183} INFO - Processing /home/airflow/.local/lib/python3.12/site-packages/airflow/example_dags/example_branch_day_of_week_operator.py took 0.068 seconds
[2026-04-01T13:07:23.620+0000] {processor.py:161} INFO - Started process (PID=1038) to work on /home/airflow/.local/lib/python3.12/site-packages/airflow/example_dags/example_branch_day_of_week_operator.py
[2026-04-01T13:07:23.621+0000] {processor.py:830} INFO - Processing file /home/airflow/.local/lib/python3.12/site-packages/airflow/example_dags/example_branch_day_of_week_operator.py for tasks to queue
[2026-04-01T13:07:23.623+0000] {logging_mixin.py:188} INFO - [2026-04-01T13:07:23.623+0000] {dagbag.py:545} INFO - Filling up the DagBag from /home/airflow/.local/lib/python3.12/site-packages/airflow/example_dags/example_branch_day_of_week_operator.py
[2026-04-01T13:07:23.631+0000] {processor.py:840} INFO - DAG(s) 'example_weekday_branch_operator' retrieved from /home/airflow/.local/lib/python3.12/site-packages/airflow/example_dags/example_branch_day_of_week_operator.py
[2026-04-01T13:07:23.653+0000] {logging_mixin.py:188} INFO - [2026-04-01T13:07:23.652+0000] {dag.py:3096} INFO - Sync 1 DAGs
[2026-04-01T13:07:23.672+0000] {logging_mixin.py:188} INFO - [2026-04-01T13:07:23.671+0000] {dag.py:3954} INFO - Setting next_dagrun for example_weekday_branch_operator to 2026-03-31 00:00:00+00:00, run_after=2026-04-01 00:00:00+00:00
[2026-04-01T13:07:23.689+0000] {processor.py:183} INFO - Processing /home/airflow/.local/lib/python3.12/site-packages/airflow/example_dags/example_branch_day_of_week_operator.py took 0.074 seconds
[2026-04-01T13:07:53.853+0000] {processor.py:161} INFO - Started process (PID=1096) to work on /home/airflow/.local/lib/python3.12/site-packages/airflow/example_dags/example_branch_day_of_week_operator.py
[2026-04-01T13:07:53.854+0000] {processor.py:830} INFO - Processing file /home/airflow/.local/lib/python3.12/site-packages/airflow/example_dags/example_branch_day_of_week_operator.py for tasks to queue
[2026-04-01T13:07:53.856+0000] {logging_mixin.py:188} INFO - [2026-04-01T13:07:53.856+0000] {dagbag.py:545} INFO - Filling up the DagBag from /home/airflow/.local/lib/python3.12/site-packages/airflow/example_dags/example_branch_day_of_week_operator.py
[2026-04-01T13:07:53.864+0000] {processor.py:840} INFO - DAG(s) 'example_weekday_branch_operator' retrieved from /home/airflow/.local/lib/python3.12/site-packages/airflow/example_dags/example_branch_day_of_week_operator.py
[2026-04-01T13:07:53.883+0000] {logging_mixin.py:188} INFO - [2026-04-01T13:07:53.882+0000] {dag.py:3096} INFO - Sync 1 DAGs
[2026-04-01T13:07:53.902+0000] {logging_mixin.py:188} INFO - [2026-04-01T13:07:53.902+0000] {dag.py:3954} INFO - Setting next_dagrun for example_weekday_branch_operator to 2026-03-31 00:00:00+00:00, run_after=2026-04-01 00:00:00+00:00
[2026-04-01T13:07:53.919+0000] {processor.py:183} INFO - Processing /home/airflow/.local/lib/python3.12/site-packages/airflow/example_dags/example_branch_day_of_week_operator.py took 0.073 seconds
[2026-04-01T13:08:24.005+0000] {processor.py:161} INFO - Started process (PID=1154) to work on /home/airflow/.local/lib/python3.12/site-packages/airflow/example_dags/example_branch_day_of_week_operator.py
[2026-04-01T13:08:24.005+0000] {processor.py:830} INFO - Processing file /home/airflow/.local/lib/python3.12/site-packages/airflow/example_dags/example_branch_day_of_week_operator.py for tasks to queue
[2026-04-01T13:08:24.007+0000] {logging_mixin.py:188} INFO - [2026-04-01T13:08:24.007+0000] {dagbag.py:545} INFO - Filling up the DagBag from /home/airflow/.local/lib/python3.12/site-packages/airflow/example_dags/example_branch_day_of_week_operator.py
[2026-04-01T13:08:24.015+0000] {processor.py:840} INFO - DAG(s) 'example_weekday_branch_operator' retrieved from /home/airflow/.local/lib/python3.12/site-packages/airflow/example_dags/example_branch_day_of_week_operator.py
[2026-04-01T13:08:24.035+0000] {logging_mixin.py:188} INFO - [2026-04-01T13:08:24.035+0000] {dag.py:3096} INFO - Sync 1 DAGs
[2026-04-01T13:08:24.055+0000] {logging_mixin.py:188} INFO - [2026-04-01T13:08:24.055+0000] {dag.py:3954} INFO - Setting next_dagrun for example_weekday_branch_operator to 2026-03-31 00:00:00+00:00, run_after=2026-04-01 00:00:00+00:00
[2026-04-01T13:08:24.072+0000] {processor.py:183} INFO - Processing /home/airflow/.local/lib/python3.12/site-packages/airflow/example_dags/example_branch_day_of_week_operator.py took 0.072 seconds
[2026-04-01T13:08:54.330+0000] {processor.py:161} INFO - Started process (PID=1212) to work on /home/airflow/.local/lib/python3.12/site-packages/airflow/example_dags/example_branch_day_of_week_operator.py
[2026-04-01T13:08:54.331+0000] {processor.py:830} INFO - Processing file /home/airflow/.local/lib/python3.12/site-packages/airflow/example_dags/example_branch_day_of_week_operator.py for tasks to queue
[2026-04-01T13:08:54.332+0000] {logging_mixin.py:188} INFO - [2026-04-01T13:08:54.332+0000] {dagbag.py:545} INFO - Filling up the DagBag from /home/airflow/.local/lib/python3.12/site-packages/airflow/example_dags/example_branch_day_of_week_operator.py
[2026-04-01T13:08:54.338+0000] {processor.py:840} INFO - DAG(s) 'example_weekday_branch_operator' retrieved from /home/airflow/.local/lib/python3.12/site-packages/airflow/example_dags/example_branch_day_of_week_operator.py
[2026-04-01T13:08:54.354+0000] {logging_mixin.py:188} INFO - [2026-04-01T13:08:54.354+0000] {dag.py:3096} INFO - Sync 1 DAGs
[2026-04-01T13:08:54.372+0000] {logging_mixin.py:188} INFO - [2026-04-01T13:08:54.372+0000] {dag.py:3954} INFO - Setting next_dagrun for example_weekday_branch_operator to 2026-03-31 00:00:00+00:00, run_after=2026-04-01 00:00:00+00:00
[2026-04-01T13:08:54.392+0000] {processor.py:183} INFO - Processing /home/airflow/.local/lib/python3.12/site-packages/airflow/example_dags/example_branch_day_of_week_operator.py took 0.068 seconds
[2026-04-01T13:09:24.869+0000] {processor.py:161} INFO - Started process (PID=1270) to work on /home/airflow/.local/lib/python3.12/site-packages/airflow/example_dags/example_branch_day_of_week_operator.py
[2026-04-01T13:09:24.870+0000] {processor.py:830} INFO - Processing file /home/airflow/.local/lib/python3.12/site-packages/airflow/example_dags/example_branch_day_of_week_operator.py for tasks to queue
[2026-04-01T13:09:24.872+0000] {logging_mixin.py:188} INFO - [2026-04-01T13:09:24.871+0000] {dagbag.py:545} INFO - Filling up the DagBag from /home/airflow/.local/lib/python3.12/site-packages/airflow/example_dags/example_branch_day_of_week_operator.py
[2026-04-01T13:09:24.880+0000] {processor.py:840} INFO - DAG(s) 'example_weekday_branch_operator' retrieved from /home/airflow/.local/lib/python3.12/site-packages/airflow/example_dags/example_branch_day_of_week_operator.py
[2026-04-01T13:09:24.901+0000] {logging_mixin.py:188} INFO - [2026-04-01T13:09:24.901+0000] {dag.py:3096} INFO - Sync 1 DAGs
[2026-04-01T13:09:24.919+0000] {logging_mixin.py:188} INFO - [2026-04-01T13:09:24.919+0000] {dag.py:3954} INFO - Setting next_dagrun for example_weekday_branch_operator to 2026-03-31 00:00:00+00:00, run_after=2026-04-01 00:00:00+00:00
[2026-04-01T13:09:24.938+0000] {processor.py:183} INFO - Processing /home/airflow/.local/lib/python3.12/site-packages/airflow/example_dags/example_branch_day_of_week_operator.py took 0.076 seconds
[2026-04-01T13:09:55.149+0000] {processor.py:161} INFO - Started process (PID=1328) to work on /home/airflow/.local/lib/python3.12/site-packages/airflow/example_dags/example_branch_day_of_week_operator.py
[2026-04-01T13:09:55.150+0000] {processor.py:830} INFO - Processing file /home/airflow/.local/lib/python3.12/site-packages/airflow/example_dags/example_branch_day_of_week_operator.py for tasks to queue
[2026-04-01T13:09:55.151+0000] {logging_mixin.py:188} INFO - [2026-04-01T13:09:55.151+0000] {dagbag.py:545} INFO - Filling up the DagBag from /home/airflow/.local/lib/python3.12/site-packages/airflow/example_dags/example_branch_day_of_week_operator.py
[2026-04-01T13:09:55.157+0000] {processor.py:840} INFO - DAG(s) 'example_weekday_branch_operator' retrieved from /home/airflow/.local/lib/python3.12/site-packages/airflow/example_dags/example_branch_day_of_week_operator.py
[2026-04-01T13:09:55.176+0000] {logging_mixin.py:188} INFO - [2026-04-01T13:09:55.175+0000] {dag.py:3096} INFO - Sync 1 DAGs
[2026-04-01T13:09:55.194+0000] {logging_mixin.py:188} INFO - [2026-04-01T13:09:55.194+0000] {dag.py:3954} INFO - Setting next_dagrun for example_weekday_branch_operator to 2026-03-31 00:00:00+00:00, run_after=2026-04-01 00:00:00+00:00
[2026-04-01T13:09:55.212+0000] {processor.py:183} INFO - Processing /home/airflow/.local/lib/python3.12/site-packages/airflow/example_dags/example_branch_day_of_week_operator.py took 0.067 seconds
[2026-04-01T13:10:25.403+0000] {processor.py:161} INFO - Started process (PID=1386) to work on /home/airflow/.local/lib/python3.12/site-packages/airflow/example_dags/example_branch_day_of_week_operator.py
[2026-04-01T13:10:25.404+0000] {processor.py:830} INFO - Processing file /home/airflow/.local/lib/python3.12/site-packages/airflow/example_dags/example_branch_day_of_week_operator.py for tasks to queue
[2026-04-01T13:10:25.406+0000] {logging_mixin.py:188} INFO - [2026-04-01T13:10:25.406+0000] {dagbag.py:545} INFO - Filling up the DagBag from /home/airflow/.local/lib/python3.12/site-packages/airflow/example_dags/example_branch_day_of_week_operator.py
[2026-04-01T13:10:25.414+0000] {processor.py:840} INFO - DAG(s) 'example_weekday_branch_operator' retrieved from /home/airflow/.local/lib/python3.12/site-packages/airflow/example_dags/example_branch_day_of_week_operator.py
[2026-04-01T13:10:25.435+0000] {logging_mixin.py:188} INFO - [2026-04-01T13:10:25.434+0000] {dag.py:3096} INFO - Sync 1 DAGs
[2026-04-01T13:10:25.453+0000] {logging_mixin.py:188} INFO - [2026-04-01T13:10:25.453+0000] {dag.py:3954} INFO - Setting next_dagrun for example_weekday_branch_operator to 2026-03-31 00:00:00+00:00, run_after=2026-04-01 00:00:00+00:00
[2026-04-01T13:10:25.473+0000] {processor.py:183} INFO - Processing /home/airflow/.local/lib/python3.12/site-packages/airflow/example_dags/example_branch_day_of_week_operator.py took 0.076 seconds
[2026-04-01T13:10:55.685+0000] {processor.py:161} INFO - Started process (PID=1444) to work on /home/airflow/.local/lib/python3.12/site-packages/airflow/example_dags/example_branch_day_of_week_operator.py
[2026-04-01T13:10:55.686+0000] {processor.py:830} INFO - Processing file /home/airflow/.local/lib/python3.12/site-packages/airflow/example_dags/example_branch_day_of_week_operator.py for tasks to queue
[2026-04-01T13:10:55.688+0000] {logging_mixin.py:188} INFO - [2026-04-01T13:10:55.688+0000] {dagbag.py:545} INFO - Filling up the DagBag from /home/airflow/.local/lib/python3.12/site-packages/airflow/example_dags/example_branch_day_of_week_operator.py
[2026-04-01T13:10:55.696+0000] {processor.py:840} INFO - DAG(s) 'example_weekday_branch_operator' retrieved from /home/airflow/.local/lib/python3.12/site-packages/airflow/example_dags/example_branch_day_of_week_operator.py
[2026-04-01T13:10:55.715+0000] {logging_mixin.py:188} INFO - [2026-04-01T13:10:55.715+0000] {dag.py:3096} INFO - Sync 1 DAGs
[2026-04-01T13:10:55.736+0000] {logging_mixin.py:188} INFO - [2026-04-01T13:10:55.736+0000] {dag.py:3954} INFO - Setting next_dagrun for example_weekday_branch_operator to 2026-03-31 00:00:00+00:00, run_after=2026-04-01 00:00:00+00:00
[2026-04-01T13:10:55.758+0000] {processor.py:183} INFO - Processing /home/airflow/.local/lib/python3.12/site-packages/airflow/example_dags/example_branch_day_of_week_operator.py took 0.081 seconds
[2026-04-01T13:11:26.290+0000] {processor.py:161} INFO - Started process (PID=1502) to work on /home/airflow/.local/lib/python3.12/site-packages/airflow/example_dags/example_branch_day_of_week_operator.py
[2026-04-01T13:11:26.291+0000] {processor.py:830} INFO - Processing file /home/airflow/.local/lib/python3.12/site-packages/airflow/example_dags/example_branch_day_of_week_operator.py for tasks to queue
[2026-04-01T13:11:26.293+0000] {logging_mixin.py:188} INFO - [2026-04-01T13:11:26.292+0000] {dagbag.py:545} INFO - Filling up the DagBag from /home/airflow/.local/lib/python3.12/site-packages/airflow/example_dags/example_branch_day_of_week_operator.py
[2026-04-01T13:11:26.298+0000] {processor.py:840} INFO - DAG(s) 'example_weekday_branch_operator' retrieved from /home/airflow/.local/lib/python3.12/site-packages/airflow/example_dags/example_branch_day_of_week_operator.py
[2026-04-01T13:11:26.318+0000] {logging_mixin.py:188} INFO - [2026-04-01T13:11:26.318+0000] {dag.py:3096} INFO - Sync 1 DAGs
[2026-04-01T13:11:26.336+0000] {logging_mixin.py:188} INFO - [2026-04-01T13:11:26.336+0000] {dag.py:3954} INFO - Setting next_dagrun for example_weekday_branch_operator to 2026-03-31 00:00:00+00:00, run_after=2026-04-01 00:00:00+00:00
[2026-04-01T13:11:26.358+0000] {processor.py:183} INFO - Processing /home/airflow/.local/lib/python3.12/site-packages/airflow/example_dags/example_branch_day_of_week_operator.py took 0.075 seconds
[2026-04-01T13:11:56.577+0000] {processor.py:161} INFO - Started process (PID=1560) to work on /home/airflow/.local/lib/python3.12/site-packages/airflow/example_dags/example_branch_day_of_week_operator.py
[2026-04-01T13:11:56.578+0000] {processor.py:830} INFO - Processing file /home/airflow/.local/lib/python3.12/site-packages/airflow/example_dags/example_branch_day_of_week_operator.py for tasks to queue
[2026-04-01T13:11:56.580+0000] {logging_mixin.py:188} INFO - [2026-04-01T13:11:56.580+0000] {dagbag.py:545} INFO - Filling up the DagBag from /home/airflow/.local/lib/python3.12/site-packages/airflow/example_dags/example_branch_day_of_week_operator.py
[2026-04-01T13:11:56.585+0000] {processor.py:840} INFO - DAG(s) 'example_weekday_branch_operator' retrieved from /home/airflow/.local/lib/python3.12/site-packages/airflow/example_dags/example_branch_day_of_week_operator.py
[2026-04-01T13:11:56.605+0000] {logging_mixin.py:188} INFO - [2026-04-01T13:11:56.605+0000] {dag.py:3096} INFO - Sync 1 DAGs
[2026-04-01T13:11:56.623+0000] {logging_mixin.py:188} INFO - [2026-04-01T13:11:56.623+0000] {dag.py:3954} INFO - Setting next_dagrun for example_weekday_branch_operator to 2026-03-31 00:00:00+00:00, run_after=2026-04-01 00:00:00+00:00
[2026-04-01T13:11:56.645+0000] {processor.py:183} INFO - Processing /home/airflow/.local/lib/python3.12/site-packages/airflow/example_dags/example_branch_day_of_week_operator.py took 0.074 seconds
[2026-04-01T13:12:27.124+0000] {processor.py:161} INFO - Started process (PID=1618) to work on /home/airflow/.local/lib/python3.12/site-packages/airflow/example_dags/example_branch_day_of_week_operator.py
[2026-04-01T13:12:27.125+0000] {processor.py:830} INFO - Processing file /home/airflow/.local/lib/python3.12/site-packages/airflow/example_dags/example_branch_day_of_week_operator.py for tasks to queue
[2026-04-01T13:12:27.127+0000] {logging_mixin.py:188} INFO - [2026-04-01T13:12:27.127+0000] {dagbag.py:545} INFO - Filling up the DagBag from /home/airflow/.local/lib/python3.12/site-packages/airflow/example_dags/example_branch_day_of_week_operator.py
[2026-04-01T13:12:27.133+0000] {processor.py:840} INFO - DAG(s) 'example_weekday_branch_operator' retrieved from /home/airflow/.local/lib/python3.12/site-packages/airflow/example_dags/example_branch_day_of_week_operator.py
[2026-04-01T13:12:27.152+0000] {logging_mixin.py:188} INFO - [2026-04-01T13:12:27.152+0000] {dag.py:3096} INFO - Sync 1 DAGs
[2026-04-01T13:12:27.171+0000] {logging_mixin.py:188} INFO - [2026-04-01T13:12:27.171+0000] {dag.py:3954} INFO - Setting next_dagrun for example_weekday_branch_operator to 2026-03-31 00:00:00+00:00, run_after=2026-04-01 00:00:00+00:00
[2026-04-01T13:12:27.191+0000] {processor.py:183} INFO - Processing /home/airflow/.local/lib/python3.12/site-packages/airflow/example_dags/example_branch_day_of_week_operator.py took 0.072 seconds
[2026-04-01T13:12:57.392+0000] {processor.py:161} INFO - Started process (PID=1676) to work on /home/airflow/.local/lib/python3.12/site-packages/airflow/example_dags/example_branch_day_of_week_operator.py
[2026-04-01T13:12:57.392+0000] {processor.py:830} INFO - Processing file /home/airflow/.local/lib/python3.12/site-packages/airflow/example_dags/example_branch_day_of_week_operator.py for tasks to queue
[2026-04-01T13:12:57.394+0000] {logging_mixin.py:188} INFO - [2026-04-01T13:12:57.394+0000] {dagbag.py:545} INFO - Filling up the DagBag from /home/airflow/.local/lib/python3.12/site-packages/airflow/example_dags/example_branch_day_of_week_operator.py
[2026-04-01T13:12:57.399+0000] {processor.py:840} INFO - DAG(s) 'example_weekday_branch_operator' retrieved from /home/airflow/.local/lib/python3.12/site-packages/airflow/example_dags/example_branch_day_of_week_operator.py
[2026-04-01T13:12:57.415+0000] {logging_mixin.py:188} INFO - [2026-04-01T13:12:57.415+0000] {dag.py:3096} INFO - Sync 1 DAGs
[2026-04-01T13:12:57.435+0000] {logging_mixin.py:188} INFO - [2026-04-01T13:12:57.435+0000] {dag.py:3954} INFO - Setting next_dagrun for example_weekday_branch_operator to 2026-03-31 00:00:00+00:00, run_after=2026-04-01 00:00:00+00:00
[2026-04-01T13:12:57.455+0000] {processor.py:183} INFO - Processing /home/airflow/.local/lib/python3.12/site-packages/airflow/example_dags/example_branch_day_of_week_operator.py took 0.067 seconds
[2026-04-01T13:13:27.613+0000] {processor.py:161} INFO - Started process (PID=1734) to work on /home/airflow/.local/lib/python3.12/site-packages/airflow/example_dags/example_branch_day_of_week_operator.py
[2026-04-01T13:13:27.614+0000] {processor.py:830} INFO - Processing file /home/airflow/.local/lib/python3.12/site-packages/airflow/example_dags/example_branch_day_of_week_operator.py for tasks to queue
[2026-04-01T13:13:27.616+0000] {logging_mixin.py:188} INFO - [2026-04-01T13:13:27.616+0000] {dagbag.py:545} INFO - Filling up the DagBag from /home/airflow/.local/lib/python3.12/site-packages/airflow/example_dags/example_branch_day_of_week_operator.py
[2026-04-01T13:13:27.623+0000] {processor.py:840} INFO - DAG(s) 'example_weekday_branch_operator' retrieved from /home/airflow/.local/lib/python3.12/site-packages/airflow/example_dags/example_branch_day_of_week_operator.py
[2026-04-01T13:13:27.640+0000] {logging_mixin.py:188} INFO - [2026-04-01T13:13:27.639+0000] {dag.py:3096} INFO - Sync 1 DAGs
[2026-04-01T13:13:27.659+0000] {logging_mixin.py:188} INFO - [2026-04-01T13:13:27.659+0000] {dag.py:3954} INFO - Setting next_dagrun for example_weekday_branch_operator to 2026-03-31 00:00:00+00:00, run_after=2026-04-01 00:00:00+00:00
[2026-04-01T13:13:27.682+0000] {processor.py:183} INFO - Processing /home/airflow/.local/lib/python3.12/site-packages/airflow/example_dags/example_branch_day_of_week_operator.py took 0.074 seconds
[2026-04-01T13:13:57.988+0000] {processor.py:161} INFO - Started process (PID=1792) to work on /home/airflow/.local/lib/python3.12/site-packages/airflow/example_dags/example_branch_day_of_week_operator.py
[2026-04-01T13:13:57.989+0000] {processor.py:830} INFO - Processing file /home/airflow/.local/lib/python3.12/site-packages/airflow/example_dags/example_branch_day_of_week_operator.py for tasks to queue
[2026-04-01T13:13:57.990+0000] {logging_mixin.py:188} INFO - [2026-04-01T13:13:57.990+0000] {dagbag.py:545} INFO - Filling up the DagBag from /home/airflow/.local/lib/python3.12/site-packages/airflow/example_dags/example_branch_day_of_week_operator.py
[2026-04-01T13:13:57.996+0000] {processor.py:840} INFO - DAG(s) 'example_weekday_branch_operator' retrieved from /home/airflow/.local/lib/python3.12/site-packages/airflow/example_dags/example_branch_day_of_week_operator.py
[2026-04-01T13:13:58.011+0000] {logging_mixin.py:188} INFO - [2026-04-01T13:13:58.011+0000] {dag.py:3096} INFO - Sync 1 DAGs
[2026-04-01T13:13:58.027+0000] {logging_mixin.py:188} INFO - [2026-04-01T13:13:58.027+0000] {dag.py:3954} INFO - Setting next_dagrun for example_weekday_branch_operator to 2026-03-31 00:00:00+00:00, run_after=2026-04-01 00:00:00+00:00
[2026-04-01T13:13:58.047+0000] {processor.py:183} INFO - Processing /home/airflow/.local/lib/python3.12/site-packages/airflow/example_dags/example_branch_day_of_week_operator.py took 0.064 seconds
[2026-04-01T13:14:28.647+0000] {processor.py:161} INFO - Started process (PID=1850) to work on /home/airflow/.local/lib/python3.12/site-packages/airflow/example_dags/example_branch_day_of_week_operator.py
[2026-04-01T13:14:28.648+0000] {processor.py:830} INFO - Processing file /home/airflow/.local/lib/python3.12/site-packages/airflow/example_dags/example_branch_day_of_week_operator.py for tasks to queue
[2026-04-01T13:14:28.649+0000] {logging_mixin.py:188} INFO - [2026-04-01T13:14:28.649+0000] {dagbag.py:545} INFO - Filling up the DagBag from /home/airflow/.local/lib/python3.12/site-packages/airflow/example_dags/example_branch_day_of_week_operator.py
[2026-04-01T13:14:28.658+0000] {processor.py:840} INFO - DAG(s) 'example_weekday_branch_operator' retrieved from /home/airflow/.local/lib/python3.12/site-packages/airflow/example_dags/example_branch_day_of_week_operator.py
[2026-04-01T13:14:28.686+0000] {logging_mixin.py:188} INFO - [2026-04-01T13:14:28.685+0000] {dag.py:3096} INFO - Sync 1 DAGs
[2026-04-01T13:14:28.712+0000] {logging_mixin.py:188} INFO - [2026-04-01T13:14:28.711+0000] {dag.py:3954} INFO - Setting next_dagrun for example_weekday_branch_operator to 2026-03-31 00:00:00+00:00, run_after=2026-04-01 00:00:00+00:00
[2026-04-01T13:14:28.735+0000] {processor.py:183} INFO - Processing /home/airflow/.local/lib/python3.12/site-packages/airflow/example_dags/example_branch_day_of_week_operator.py took 0.097 seconds
[2026-04-01T13:14:59.016+0000] {processor.py:161} INFO - Started process (PID=1908) to work on /home/airflow/.local/lib/python3.12/site-packages/airflow/example_dags/example_branch_day_of_week_operator.py
[2026-04-01T13:14:59.016+0000] {processor.py:830} INFO - Processing file /home/airflow/.local/lib/python3.12/site-packages/airflow/example_dags/example_branch_day_of_week_operator.py for tasks to queue
[2026-04-01T13:14:59.018+0000] {logging_mixin.py:188} INFO - [2026-04-01T13:14:59.018+0000] {dagbag.py:545} INFO - Filling up the DagBag from /home/airflow/.local/lib/python3.12/site-packages/airflow/example_dags/example_branch_day_of_week_operator.py
[2026-04-01T13:14:59.025+0000] {processor.py:840} INFO - DAG(s) 'example_weekday_branch_operator' retrieved from /home/airflow/.local/lib/python3.12/site-packages/airflow/example_dags/example_branch_day_of_week_operator.py
[2026-04-01T13:14:59.044+0000] {logging_mixin.py:188} INFO - [2026-04-01T13:14:59.043+0000] {dag.py:3096} INFO - Sync 1 DAGs
[2026-04-01T13:14:59.065+0000] {logging_mixin.py:188} INFO - [2026-04-01T13:14:59.065+0000] {dag.py:3954} INFO - Setting next_dagrun for example_weekday_branch_operator to 2026-03-31 00:00:00+00:00, run_after=2026-04-01 00:00:00+00:00
[2026-04-01T13:14:59.084+0000] {processor.py:183} INFO - Processing /home/airflow/.local/lib/python3.12/site-packages/airflow/example_dags/example_branch_day_of_week_operator.py took 0.073 seconds
[2026-04-01T13:15:29.176+0000] {processor.py:161} INFO - Started process (PID=1966) to work on /home/airflow/.local/lib/python3.12/site-packages/airflow/example_dags/example_branch_day_of_week_operator.py
[2026-04-01T13:15:29.177+0000] {processor.py:830} INFO - Processing file /home/airflow/.local/lib/python3.12/site-packages/airflow/example_dags/example_branch_day_of_week_operator.py for tasks to queue
[2026-04-01T13:15:29.179+0000] {logging_mixin.py:188} INFO - [2026-04-01T13:15:29.178+0000] {dagbag.py:545} INFO - Filling up the DagBag from /home/airflow/.local/lib/python3.12/site-packages/airflow/example_dags/example_branch_day_of_week_operator.py
[2026-04-01T13:15:29.184+0000] {processor.py:840} INFO - DAG(s) 'example_weekday_branch_operator' retrieved from /home/airflow/.local/lib/python3.12/site-packages/airflow/example_dags/example_branch_day_of_week_operator.py
[2026-04-01T13:15:29.200+0000] {logging_mixin.py:188} INFO - [2026-04-01T13:15:29.200+0000] {dag.py:3096} INFO - Sync 1 DAGs
[2026-04-01T13:15:29.217+0000] {logging_mixin.py:188} INFO - [2026-04-01T13:15:29.217+0000] {dag.py:3954} INFO - Setting next_dagrun for example_weekday_branch_operator to 2026-03-31 00:00:00+00:00, run_after=2026-04-01 00:00:00+00:00
[2026-04-01T13:15:29.234+0000] {processor.py:183} INFO - Processing /home/airflow/.local/lib/python3.12/site-packages/airflow/example_dags/example_branch_day_of_week_operator.py took 0.064 seconds
[2026-04-01T13:15:59.669+0000] {processor.py:161} INFO - Started process (PID=2024) to work on /home/airflow/.local/lib/python3.12/site-packages/airflow/example_dags/example_branch_day_of_week_operator.py
[2026-04-01T13:15:59.670+0000] {processor.py:830} INFO - Processing file /home/airflow/.local/lib/python3.12/site-packages/airflow/example_dags/example_branch_day_of_week_operator.py for tasks to queue
[2026-04-01T13:15:59.672+0000] {logging_mixin.py:188} INFO - [2026-04-01T13:15:59.672+0000] {dagbag.py:545} INFO - Filling up the DagBag from /home/airflow/.local/lib/python3.12/site-packages/airflow/example_dags/example_branch_day_of_week_operator.py
[2026-04-01T13:15:59.679+0000] {processor.py:840} INFO - DAG(s) 'example_weekday_branch_operator' retrieved from /home/airflow/.local/lib/python3.12/site-packages/airflow/example_dags/example_branch_day_of_week_operator.py
[2026-04-01T13:15:59.700+0000] {logging_mixin.py:188} INFO - [2026-04-01T13:15:59.699+0000] {dag.py:3096} INFO - Sync 1 DAGs
[2026-04-01T13:15:59.849+0000] {logging_mixin.py:188} INFO - [2026-04-01T13:15:59.849+0000] {dag.py:3954} INFO - Setting next_dagrun for example_weekday_branch_operator to 2026-03-31 00:00:00+00:00, run_after=2026-04-01 00:00:00+00:00
[2026-04-01T13:15:59.866+0000] {processor.py:183} INFO - Processing /home/airflow/.local/lib/python3.12/site-packages/airflow/example_dags/example_branch_day_of_week_operator.py took 0.202 seconds
[2026-04-01T13:16:30.201+0000] {processor.py:161} INFO - Started process (PID=2082) to work on /home/airflow/.local/lib/python3.12/site-packages/airflow/example_dags/example_branch_day_of_week_operator.py
[2026-04-01T13:16:30.202+0000] {processor.py:830} INFO - Processing file /home/airflow/.local/lib/python3.12/site-packages/airflow/example_dags/example_branch_day_of_week_operator.py for tasks to queue
[2026-04-01T13:16:30.203+0000] {logging_mixin.py:188} INFO - [2026-04-01T13:16:30.203+0000] {dagbag.py:545} INFO - Filling up the DagBag from /home/airflow/.local/lib/python3.12/site-packages/airflow/example_dags/example_branch_day_of_week_operator.py
[2026-04-01T13:16:30.209+0000] {processor.py:840} INFO - DAG(s) 'example_weekday_branch_operator' retrieved from /home/airflow/.local/lib/python3.12/site-packages/airflow/example_dags/example_branch_day_of_week_operator.py
[2026-04-01T13:16:30.224+0000] {logging_mixin.py:188} INFO - [2026-04-01T13:16:30.224+0000] {dag.py:3096} INFO - Sync 1 DAGs
[2026-04-01T13:16:30.240+0000] {logging_mixin.py:188} INFO - [2026-04-01T13:16:30.240+0000] {dag.py:3954} INFO - Setting next_dagrun for example_weekday_branch_operator to 2026-03-31 00:00:00+00:00, run_after=2026-04-01 00:00:00+00:00
[2026-04-01T13:16:30.258+0000] {processor.py:183} INFO - Processing /home/airflow/.local/lib/python3.12/site-packages/airflow/example_dags/example_branch_day_of_week_operator.py took 0.063 seconds
[2026-04-01T13:17:00.686+0000] {processor.py:161} INFO - Started process (PID=2140) to work on /home/airflow/.local/lib/python3.12/site-packages/airflow/example_dags/example_branch_day_of_week_operator.py
[2026-04-01T13:17:00.688+0000] {processor.py:830} INFO - Processing file /home/airflow/.local/lib/python3.12/site-packages/airflow/example_dags/example_branch_day_of_week_operator.py for tasks to queue
[2026-04-01T13:17:00.690+0000] {logging_mixin.py:188} INFO - [2026-04-01T13:17:00.689+0000] {dagbag.py:545} INFO - Filling up the DagBag from /home/airflow/.local/lib/python3.12/site-packages/airflow/example_dags/example_branch_day_of_week_operator.py
[2026-04-01T13:17:00.697+0000] {processor.py:840} INFO - DAG(s) 'example_weekday_branch_operator' retrieved from /home/airflow/.local/lib/python3.12/site-packages/airflow/example_dags/example_branch_day_of_week_operator.py
[2026-04-01T13:17:00.714+0000] {logging_mixin.py:188} INFO - [2026-04-01T13:17:00.713+0000] {dag.py:3096} INFO - Sync 1 DAGs
[2026-04-01T13:17:00.730+0000] {logging_mixin.py:188} INFO - [2026-04-01T13:17:00.730+0000] {dag.py:3954} INFO - Setting next_dagrun for example_weekday_branch_operator to 2026-03-31 00:00:00+00:00, run_after=2026-04-01 00:00:00+00:00
[2026-04-01T13:17:00.747+0000] {processor.py:183} INFO - Processing /home/airflow/.local/lib/python3.12/site-packages/airflow/example_dags/example_branch_day_of_week_operator.py took 0.066 seconds
[2026-04-01T13:17:31.189+0000] {processor.py:161} INFO - Started process (PID=2198) to work on /home/airflow/.local/lib/python3.12/site-packages/airflow/example_dags/example_branch_day_of_week_operator.py
[2026-04-01T13:17:31.189+0000] {processor.py:830} INFO - Processing file /home/airflow/.local/lib/python3.12/site-packages/airflow/example_dags/example_branch_day_of_week_operator.py for tasks to queue
[2026-04-01T13:17:31.191+0000] {logging_mixin.py:188} INFO - [2026-04-01T13:17:31.191+0000] {dagbag.py:545} INFO - Filling up the DagBag from /home/airflow/.local/lib/python3.12/site-packages/airflow/example_dags/example_branch_day_of_week_operator.py
[2026-04-01T13:17:31.197+0000] {processor.py:840} INFO - DAG(s) 'example_weekday_branch_operator' retrieved from /home/airflow/.local/lib/python3.12/site-packages/airflow/example_dags/example_branch_day_of_week_operator.py
[2026-04-01T13:17:31.214+0000] {logging_mixin.py:188} INFO - [2026-04-01T13:17:31.214+0000] {dag.py:3096} INFO - Sync 1 DAGs
[2026-04-01T13:17:31.230+0000] {logging_mixin.py:188} INFO - [2026-04-01T13:17:31.230+0000] {dag.py:3954} INFO - Setting next_dagrun for example_weekday_branch_operator to 2026-03-31 00:00:00+00:00, run_after=2026-04-01 00:00:00+00:00
[2026-04-01T13:17:31.255+0000] {processor.py:183} INFO - Processing /home/airflow/.local/lib/python3.12/site-packages/airflow/example_dags/example_branch_day_of_week_operator.py took 0.072 seconds
[2026-04-01T13:18:01.413+0000] {processor.py:161} INFO - Started process (PID=2256) to work on /home/airflow/.local/lib/python3.12/site-packages/airflow/example_dags/example_branch_day_of_week_operator.py
[2026-04-01T13:18:01.414+0000] {processor.py:830} INFO - Processing file /home/airflow/.local/lib/python3.12/site-packages/airflow/example_dags/example_branch_day_of_week_operator.py for tasks to queue
[2026-04-01T13:18:01.415+0000] {logging_mixin.py:188} INFO - [2026-04-01T13:18:01.415+0000] {dagbag.py:545} INFO - Filling up the DagBag from /home/airflow/.local/lib/python3.12/site-packages/airflow/example_dags/example_branch_day_of_week_operator.py
[2026-04-01T13:18:01.421+0000] {processor.py:840} INFO - DAG(s) 'example_weekday_branch_operator' retrieved from /home/airflow/.local/lib/python3.12/site-packages/airflow/example_dags/example_branch_day_of_week_operator.py
[2026-04-01T13:18:01.439+0000] {logging_mixin.py:188} INFO - [2026-04-01T13:18:01.439+0000] {dag.py:3096} INFO - Sync 1 DAGs
[2026-04-01T13:18:01.459+0000] {logging_mixin.py:188} INFO - [2026-04-01T13:18:01.459+0000] {dag.py:3954} INFO - Setting next_dagrun for example_weekday_branch_operator to 2026-03-31 00:00:00+00:00, run_after=2026-04-01 00:00:00+00:00
[2026-04-01T13:18:01.478+0000] {processor.py:183} INFO - Processing /home/airflow/.local/lib/python3.12/site-packages/airflow/example_dags/example_branch_day_of_week_operator.py took 0.071 seconds
[2026-04-01T13:18:31.537+0000] {processor.py:161} INFO - Started process (PID=2312) to work on /home/airflow/.local/lib/python3.12/site-packages/airflow/example_dags/example_branch_day_of_week_operator.py
[2026-04-01T13:18:31.537+0000] {processor.py:830} INFO - Processing file /home/airflow/.local/lib/python3.12/site-packages/airflow/example_dags/example_branch_day_of_week_operator.py for tasks to queue
[2026-04-01T13:18:31.539+0000] {logging_mixin.py:188} INFO - [2026-04-01T13:18:31.538+0000] {dagbag.py:545} INFO - Filling up the DagBag from /home/airflow/.local/lib/python3.12/site-packages/airflow/example_dags/example_branch_day_of_week_operator.py
[2026-04-01T13:18:31.546+0000] {processor.py:840} INFO - DAG(s) 'example_weekday_branch_operator' retrieved from /home/airflow/.local/lib/python3.12/site-packages/airflow/example_dags/example_branch_day_of_week_operator.py
[2026-04-01T13:18:31.565+0000] {logging_mixin.py:188} INFO - [2026-04-01T13:18:31.564+0000] {dag.py:3096} INFO - Sync 1 DAGs
[2026-04-01T13:18:31.582+0000] {logging_mixin.py:188} INFO - [2026-04-01T13:18:31.582+0000] {dag.py:3954} INFO - Setting next_dagrun for example_weekday_branch_operator to 2026-03-31 00:00:00+00:00, run_after=2026-04-01 00:00:00+00:00
[2026-04-01T13:18:31.601+0000] {processor.py:183} INFO - Processing /home/airflow/.local/lib/python3.12/site-packages/airflow/example_dags/example_branch_day_of_week_operator.py took 0.069 seconds
[2026-04-01T13:19:02.305+0000] {processor.py:161} INFO - Started process (PID=2370) to work on /home/airflow/.local/lib/python3.12/site-packages/airflow/example_dags/example_branch_day_of_week_operator.py
[2026-04-01T13:19:02.306+0000] {processor.py:830} INFO - Processing file /home/airflow/.local/lib/python3.12/site-packages/airflow/example_dags/example_branch_day_of_week_operator.py for tasks to queue
[2026-04-01T13:19:02.308+0000] {logging_mixin.py:188} INFO - [2026-04-01T13:19:02.308+0000] {dagbag.py:545} INFO - Filling up the DagBag from /home/airflow/.local/lib/python3.12/site-packages/airflow/example_dags/example_branch_day_of_week_operator.py
[2026-04-01T13:19:02.315+0000] {processor.py:840} INFO - DAG(s) 'example_weekday_branch_operator' retrieved from /home/airflow/.local/lib/python3.12/site-packages/airflow/example_dags/example_branch_day_of_week_operator.py
[2026-04-01T13:19:02.334+0000] {logging_mixin.py:188} INFO - [2026-04-01T13:19:02.334+0000] {dag.py:3096} INFO - Sync 1 DAGs
[2026-04-01T13:19:02.353+0000] {logging_mixin.py:188} INFO - [2026-04-01T13:19:02.352+0000] {dag.py:3954} INFO - Setting next_dagrun for example_weekday_branch_operator to 2026-03-31 00:00:00+00:00, run_after=2026-04-01 00:00:00+00:00
[2026-04-01T13:19:02.373+0000] {processor.py:183} INFO - Processing /home/airflow/.local/lib/python3.12/site-packages/airflow/example_dags/example_branch_day_of_week_operator.py took 0.074 seconds
[2026-04-01T13:19:32.727+0000] {processor.py:161} INFO - Started process (PID=2428) to work on /home/airflow/.local/lib/python3.12/site-packages/airflow/example_dags/example_branch_day_of_week_operator.py
[2026-04-01T13:19:32.728+0000] {processor.py:830} INFO - Processing file /home/airflow/.local/lib/python3.12/site-packages/airflow/example_dags/example_branch_day_of_week_operator.py for tasks to queue
[2026-04-01T13:19:32.729+0000] {logging_mixin.py:188} INFO - [2026-04-01T13:19:32.729+0000] {dagbag.py:545} INFO - Filling up the DagBag from /home/airflow/.local/lib/python3.12/site-packages/airflow/example_dags/example_branch_day_of_week_operator.py
[2026-04-01T13:19:32.736+0000] {processor.py:840} INFO - DAG(s) 'example_weekday_branch_operator' retrieved from /home/airflow/.local/lib/python3.12/site-packages/airflow/example_dags/example_branch_day_of_week_operator.py
[2026-04-01T13:19:32.751+0000] {logging_mixin.py:188} INFO - [2026-04-01T13:19:32.751+0000] {dag.py:3096} INFO - Sync 1 DAGs
[2026-04-01T13:19:32.767+0000] {logging_mixin.py:188} INFO - [2026-04-01T13:19:32.767+0000] {dag.py:3954} INFO - Setting next_dagrun for example_weekday_branch_operator to 2026-03-31 00:00:00+00:00, run_after=2026-04-01 00:00:00+00:00
[2026-04-01T13:19:32.784+0000] {processor.py:183} INFO - Processing /home/airflow/.local/lib/python3.12/site-packages/airflow/example_dags/example_branch_day_of_week_operator.py took 0.064 seconds
[2026-04-01T13:20:03.099+0000] {processor.py:161} INFO - Started process (PID=2486) to work on /home/airflow/.local/lib/python3.12/site-packages/airflow/example_dags/example_branch_day_of_week_operator.py
[2026-04-01T13:20:03.100+0000] {processor.py:830} INFO - Processing file /home/airflow/.local/lib/python3.12/site-packages/airflow/example_dags/example_branch_day_of_week_operator.py for tasks to queue
[2026-04-01T13:20:03.103+0000] {logging_mixin.py:188} INFO - [2026-04-01T13:20:03.102+0000] {dagbag.py:545} INFO - Filling up the DagBag from /home/airflow/.local/lib/python3.12/site-packages/airflow/example_dags/example_branch_day_of_week_operator.py
[2026-04-01T13:20:03.110+0000] {processor.py:840} INFO - DAG(s) 'example_weekday_branch_operator' retrieved from /home/airflow/.local/lib/python3.12/site-packages/airflow/example_dags/example_branch_day_of_week_operator.py
[2026-04-01T13:20:03.128+0000] {logging_mixin.py:188} INFO - [2026-04-01T13:20:03.128+0000] {dag.py:3096} INFO - Sync 1 DAGs
[2026-04-01T13:20:03.146+0000] {logging_mixin.py:188} INFO - [2026-04-01T13:20:03.146+0000] {dag.py:3954} INFO - Setting next_dagrun for example_weekday_branch_operator to 2026-03-31 00:00:00+00:00, run_after=2026-04-01 00:00:00+00:00
[2026-04-01T13:20:03.169+0000] {processor.py:183} INFO - Processing /home/airflow/.local/lib/python3.12/site-packages/airflow/example_dags/example_branch_day_of_week_operator.py took 0.078 seconds
[2026-04-01T13:20:33.544+0000] {processor.py:161} INFO - Started process (PID=2544) to work on /home/airflow/.local/lib/python3.12/site-packages/airflow/example_dags/example_branch_day_of_week_operator.py
[2026-04-01T13:20:33.545+0000] {processor.py:830} INFO - Processing file /home/airflow/.local/lib/python3.12/site-packages/airflow/example_dags/example_branch_day_of_week_operator.py for tasks to queue
[2026-04-01T13:20:33.548+0000] {logging_mixin.py:188} INFO - [2026-04-01T13:20:33.547+0000] {dagbag.py:545} INFO - Filling up the DagBag from /home/airflow/.local/lib/python3.12/site-packages/airflow/example_dags/example_branch_day_of_week_operator.py
[2026-04-01T13:20:33.558+0000] {processor.py:840} INFO - DAG(s) 'example_weekday_branch_operator' retrieved from /home/airflow/.local/lib/python3.12/site-packages/airflow/example_dags/example_branch_day_of_week_operator.py
[2026-04-01T13:20:33.582+0000] {logging_mixin.py:188} INFO - [2026-04-01T13:20:33.582+0000] {dag.py:3096} INFO - Sync 1 DAGs
[2026-04-01T13:20:33.606+0000] {logging_mixin.py:188} INFO - [2026-04-01T13:20:33.606+0000] {dag.py:3954} INFO - Setting next_dagrun for example_weekday_branch_operator to 2026-03-31 00:00:00+00:00, run_after=2026-04-01 00:00:00+00:00
[2026-04-01T13:20:33.628+0000] {processor.py:183} INFO - Processing /home/airflow/.local/lib/python3.12/site-packages/airflow/example_dags/example_branch_day_of_week_operator.py took 0.093 seconds
[2026-04-01T13:21:04.017+0000] {processor.py:161} INFO - Started process (PID=2602) to work on /home/airflow/.local/lib/python3.12/site-packages/airflow/example_dags/example_branch_day_of_week_operator.py
[2026-04-01T13:21:04.018+0000] {processor.py:830} INFO - Processing file /home/airflow/.local/lib/python3.12/site-packages/airflow/example_dags/example_branch_day_of_week_operator.py for tasks to queue
[2026-04-01T13:21:04.020+0000] {logging_mixin.py:188} INFO - [2026-04-01T13:21:04.020+0000] {dagbag.py:545} INFO - Filling up the DagBag from /home/airflow/.local/lib/python3.12/site-packages/airflow/example_dags/example_branch_day_of_week_operator.py
[2026-04-01T13:21:04.027+0000] {processor.py:840} INFO - DAG(s) 'example_weekday_branch_operator' retrieved from /home/airflow/.local/lib/python3.12/site-packages/airflow/example_dags/example_branch_day_of_week_operator.py
[2026-04-01T13:21:04.046+0000] {logging_mixin.py:188} INFO - [2026-04-01T13:21:04.046+0000] {dag.py:3096} INFO - Sync 1 DAGs
[2026-04-01T13:21:04.066+0000] {logging_mixin.py:188} INFO - [2026-04-01T13:21:04.066+0000] {dag.py:3954} INFO - Setting next_dagrun for example_weekday_branch_operator to 2026-03-31 00:00:00+00:00, run_after=2026-04-01 00:00:00+00:00
[2026-04-01T13:21:04.085+0000] {processor.py:183} INFO - Processing /home/airflow/.local/lib/python3.12/site-packages/airflow/example_dags/example_branch_day_of_week_operator.py took 0.074 seconds
[2026-04-01T13:21:34.472+0000] {processor.py:161} INFO - Started process (PID=2660) to work on /home/airflow/.local/lib/python3.12/site-packages/airflow/example_dags/example_branch_day_of_week_operator.py
[2026-04-01T13:21:34.473+0000] {processor.py:830} INFO - Processing file /home/airflow/.local/lib/python3.12/site-packages/airflow/example_dags/example_branch_day_of_week_operator.py for tasks to queue
[2026-04-01T13:21:34.475+0000] {logging_mixin.py:188} INFO - [2026-04-01T13:21:34.474+0000] {dagbag.py:545} INFO - Filling up the DagBag from /home/airflow/.local/lib/python3.12/site-packages/airflow/example_dags/example_branch_day_of_week_operator.py
[2026-04-01T13:21:34.480+0000] {processor.py:840} INFO - DAG(s) 'example_weekday_branch_operator' retrieved from /home/airflow/.local/lib/python3.12/site-packages/airflow/example_dags/example_branch_day_of_week_operator.py
[2026-04-01T13:21:34.495+0000] {logging_mixin.py:188} INFO - [2026-04-01T13:21:34.495+0000] {dag.py:3096} INFO - Sync 1 DAGs
[2026-04-01T13:21:34.512+0000] {logging_mixin.py:188} INFO - [2026-04-01T13:21:34.512+0000] {dag.py:3954} INFO - Setting next_dagrun for example_weekday_branch_operator to 2026-03-31 00:00:00+00:00, run_after=2026-04-01 00:00:00+00:00
[2026-04-01T13:21:34.532+0000] {processor.py:183} INFO - Processing /home/airflow/.local/lib/python3.12/site-packages/airflow/example_dags/example_branch_day_of_week_operator.py took 0.066 seconds
[2026-04-01T13:22:05.088+0000] {processor.py:161} INFO - Started process (PID=2718) to work on /home/airflow/.local/lib/python3.12/site-packages/airflow/example_dags/example_branch_day_of_week_operator.py
[2026-04-01T13:22:05.089+0000] {processor.py:830} INFO - Processing file /home/airflow/.local/lib/python3.12/site-packages/airflow/example_dags/example_branch_day_of_week_operator.py for tasks to queue
[2026-04-01T13:22:05.091+0000] {logging_mixin.py:188} INFO - [2026-04-01T13:22:05.090+0000] {dagbag.py:545} INFO - Filling up the DagBag from /home/airflow/.local/lib/python3.12/site-packages/airflow/example_dags/example_branch_day_of_week_operator.py
[2026-04-01T13:22:05.097+0000] {processor.py:840} INFO - DAG(s) 'example_weekday_branch_operator' retrieved from /home/airflow/.local/lib/python3.12/site-packages/airflow/example_dags/example_branch_day_of_week_operator.py
[2026-04-01T13:22:05.116+0000] {logging_mixin.py:188} INFO - [2026-04-01T13:22:05.116+0000] {dag.py:3096} INFO - Sync 1 DAGs
[2026-04-01T13:22:05.135+0000] {logging_mixin.py:188} INFO - [2026-04-01T13:22:05.135+0000] {dag.py:3954} INFO - Setting next_dagrun for example_weekday_branch_operator to 2026-03-31 00:00:00+00:00, run_after=2026-04-01 00:00:00+00:00
[2026-04-01T13:22:05.151+0000] {processor.py:183} INFO - Processing /home/airflow/.local/lib/python3.12/site-packages/airflow/example_dags/example_branch_day_of_week_operator.py took 0.068 seconds
[2026-04-01T13:22:35.508+0000] {processor.py:161} INFO - Started process (PID=2776) to work on /home/airflow/.local/lib/python3.12/site-packages/airflow/example_dags/example_branch_day_of_week_operator.py
[2026-04-01T13:22:35.509+0000] {processor.py:830} INFO - Processing file /home/airflow/.local/lib/python3.12/site-packages/airflow/example_dags/example_branch_day_of_week_operator.py for tasks to queue
[2026-04-01T13:22:35.511+0000] {logging_mixin.py:188} INFO - [2026-04-01T13:22:35.511+0000] {dagbag.py:545} INFO - Filling up the DagBag from /home/airflow/.local/lib/python3.12/site-packages/airflow/example_dags/example_branch_day_of_week_operator.py
[2026-04-01T13:22:35.519+0000] {processor.py:840} INFO - DAG(s) 'example_weekday_branch_operator' retrieved from /home/airflow/.local/lib/python3.12/site-packages/airflow/example_dags/example_branch_day_of_week_operator.py
[2026-04-01T13:22:35.537+0000] {logging_mixin.py:188} INFO - [2026-04-01T13:22:35.537+0000] {dag.py:3096} INFO - Sync 1 DAGs
[2026-04-01T13:22:35.555+0000] {logging_mixin.py:188} INFO - [2026-04-01T13:22:35.555+0000] {dag.py:3954} INFO - Setting next_dagrun for example_weekday_branch_operator to 2026-03-31 00:00:00+00:00, run_after=2026-04-01 00:00:00+00:00
[2026-04-01T13:22:35.573+0000] {processor.py:183} INFO - Processing /home/airflow/.local/lib/python3.12/site-packages/airflow/example_dags/example_branch_day_of_week_operator.py took 0.070 seconds
[2026-04-01T13:23:06.130+0000] {processor.py:161} INFO - Started process (PID=2834) to work on /home/airflow/.local/lib/python3.12/site-packages/airflow/example_dags/example_branch_day_of_week_operator.py
[2026-04-01T13:23:06.131+0000] {processor.py:830} INFO - Processing file /home/airflow/.local/lib/python3.12/site-packages/airflow/example_dags/example_branch_day_of_week_operator.py for tasks to queue
[2026-04-01T13:23:06.133+0000] {logging_mixin.py:188} INFO - [2026-04-01T13:23:06.133+0000] {dagbag.py:545} INFO - Filling up the DagBag from /home/airflow/.local/lib/python3.12/site-packages/airflow/example_dags/example_branch_day_of_week_operator.py
[2026-04-01T13:23:06.139+0000] {processor.py:840} INFO - DAG(s) 'example_weekday_branch_operator' retrieved from /home/airflow/.local/lib/python3.12/site-packages/airflow/example_dags/example_branch_day_of_week_operator.py
[2026-04-01T13:23:06.154+0000] {logging_mixin.py:188} INFO - [2026-04-01T13:23:06.154+0000] {dag.py:3096} INFO - Sync 1 DAGs
[2026-04-01T13:23:06.171+0000] {logging_mixin.py:188} INFO - [2026-04-01T13:23:06.171+0000] {dag.py:3954} INFO - Setting next_dagrun for example_weekday_branch_operator to 2026-03-31 00:00:00+00:00, run_after=2026-04-01 00:00:00+00:00
[2026-04-01T13:23:06.189+0000] {processor.py:183} INFO - Processing /home/airflow/.local/lib/python3.12/site-packages/airflow/example_dags/example_branch_day_of_week_operator.py took 0.067 seconds
[2026-04-01T13:23:36.571+0000] {processor.py:161} INFO - Started process (PID=2892) to work on /home/airflow/.local/lib/python3.12/site-packages/airflow/example_dags/example_branch_day_of_week_operator.py
[2026-04-01T13:23:36.572+0000] {processor.py:830} INFO - Processing file /home/airflow/.local/lib/python3.12/site-packages/airflow/example_dags/example_branch_day_of_week_operator.py for tasks to queue
[2026-04-01T13:23:36.574+0000] {logging_mixin.py:188} INFO - [2026-04-01T13:23:36.573+0000] {dagbag.py:545} INFO - Filling up the DagBag from /home/airflow/.local/lib/python3.12/site-packages/airflow/example_dags/example_branch_day_of_week_operator.py
[2026-04-01T13:23:36.580+0000] {processor.py:840} INFO - DAG(s) 'example_weekday_branch_operator' retrieved from /home/airflow/.local/lib/python3.12/site-packages/airflow/example_dags/example_branch_day_of_week_operator.py
[2026-04-01T13:23:36.598+0000] {logging_mixin.py:188} INFO - [2026-04-01T13:23:36.598+0000] {dag.py:3096} INFO - Sync 1 DAGs
[2026-04-01T13:23:36.614+0000] {logging_mixin.py:188} INFO - [2026-04-01T13:23:36.614+0000] {dag.py:3954} INFO - Setting next_dagrun for example_weekday_branch_operator to 2026-03-31 00:00:00+00:00, run_after=2026-04-01 00:00:00+00:00
[2026-04-01T13:23:36.631+0000] {processor.py:183} INFO - Processing /home/airflow/.local/lib/python3.12/site-packages/airflow/example_dags/example_branch_day_of_week_operator.py took 0.065 seconds
[2026-04-01T13:24:07.204+0000] {processor.py:161} INFO - Started process (PID=2951) to work on /home/airflow/.local/lib/python3.12/site-packages/airflow/example_dags/example_branch_day_of_week_operator.py
[2026-04-01T13:24:07.205+0000] {processor.py:830} INFO - Processing file /home/airflow/.local/lib/python3.12/site-packages/airflow/example_dags/example_branch_day_of_week_operator.py for tasks to queue
[2026-04-01T13:24:07.207+0000] {logging_mixin.py:188} INFO - [2026-04-01T13:24:07.207+0000] {dagbag.py:545} INFO - Filling up the DagBag from /home/airflow/.local/lib/python3.12/site-packages/airflow/example_dags/example_branch_day_of_week_operator.py
[2026-04-01T13:24:07.214+0000] {processor.py:840} INFO - DAG(s) 'example_weekday_branch_operator' retrieved from /home/airflow/.local/lib/python3.12/site-packages/airflow/example_dags/example_branch_day_of_week_operator.py
[2026-04-01T13:24:07.231+0000] {logging_mixin.py:188} INFO - [2026-04-01T13:24:07.231+0000] {dag.py:3096} INFO - Sync 1 DAGs
[2026-04-01T13:24:07.247+0000] {logging_mixin.py:188} INFO - [2026-04-01T13:24:07.247+0000] {dag.py:3954} INFO - Setting next_dagrun for example_weekday_branch_operator to 2026-03-31 00:00:00+00:00, run_after=2026-04-01 00:00:00+00:00
[2026-04-01T13:24:07.267+0000] {processor.py:183} INFO - Processing /home/airflow/.local/lib/python3.12/site-packages/airflow/example_dags/example_branch_day_of_week_operator.py took 0.070 seconds
[2026-04-01T13:24:37.579+0000] {processor.py:161} INFO - Started process (PID=3009) to work on /home/airflow/.local/lib/python3.12/site-packages/airflow/example_dags/example_branch_day_of_week_operator.py
[2026-04-01T13:24:37.580+0000] {processor.py:830} INFO - Processing file /home/airflow/.local/lib/python3.12/site-packages/airflow/example_dags/example_branch_day_of_week_operator.py for tasks to queue
[2026-04-01T13:24:37.582+0000] {logging_mixin.py:188} INFO - [2026-04-01T13:24:37.581+0000] {dagbag.py:545} INFO - Filling up the DagBag from /home/airflow/.local/lib/python3.12/site-packages/airflow/example_dags/example_branch_day_of_week_operator.py
[2026-04-01T13:24:37.588+0000] {processor.py:840} INFO - DAG(s) 'example_weekday_branch_operator' retrieved from /home/airflow/.local/lib/python3.12/site-packages/airflow/example_dags/example_branch_day_of_week_operator.py
[2026-04-01T13:24:37.604+0000] {logging_mixin.py:188} INFO - [2026-04-01T13:24:37.604+0000] {dag.py:3096} INFO - Sync 1 DAGs
[2026-04-01T13:24:37.622+0000] {logging_mixin.py:188} INFO - [2026-04-01T13:24:37.622+0000] {dag.py:3954} INFO - Setting next_dagrun for example_weekday_branch_operator to 2026-03-31 00:00:00+00:00, run_after=2026-04-01 00:00:00+00:00
[2026-04-01T13:24:37.642+0000] {processor.py:183} INFO - Processing /home/airflow/.local/lib/python3.12/site-packages/airflow/example_dags/example_branch_day_of_week_operator.py took 0.070 seconds
[2026-04-01T13:25:08.215+0000] {processor.py:161} INFO - Started process (PID=3068) to work on /home/airflow/.local/lib/python3.12/site-packages/airflow/example_dags/example_branch_day_of_week_operator.py
[2026-04-01T13:25:08.216+0000] {processor.py:830} INFO - Processing file /home/airflow/.local/lib/python3.12/site-packages/airflow/example_dags/example_branch_day_of_week_operator.py for tasks to queue
[2026-04-01T13:25:08.218+0000] {logging_mixin.py:188} INFO - [2026-04-01T13:25:08.217+0000] {dagbag.py:545} INFO - Filling up the DagBag from /home/airflow/.local/lib/python3.12/site-packages/airflow/example_dags/example_branch_day_of_week_operator.py
[2026-04-01T13:25:08.224+0000] {processor.py:840} INFO - DAG(s) 'example_weekday_branch_operator' retrieved from /home/airflow/.local/lib/python3.12/site-packages/airflow/example_dags/example_branch_day_of_week_operator.py
[2026-04-01T13:25:08.243+0000] {logging_mixin.py:188} INFO - [2026-04-01T13:25:08.243+0000] {dag.py:3096} INFO - Sync 1 DAGs
[2026-04-01T13:25:08.260+0000] {logging_mixin.py:188} INFO - [2026-04-01T13:25:08.260+0000] {dag.py:3954} INFO - Setting next_dagrun for example_weekday_branch_operator to 2026-03-31 00:00:00+00:00, run_after=2026-04-01 00:00:00+00:00
[2026-04-01T13:25:08.278+0000] {processor.py:183} INFO - Processing /home/airflow/.local/lib/python3.12/site-packages/airflow/example_dags/example_branch_day_of_week_operator.py took 0.069 seconds
[2026-04-01T13:25:38.540+0000] {processor.py:161} INFO - Started process (PID=3127) to work on /home/airflow/.local/lib/python3.12/site-packages/airflow/example_dags/example_branch_day_of_week_operator.py
[2026-04-01T13:25:38.541+0000] {processor.py:830} INFO - Processing file /home/airflow/.local/lib/python3.12/site-packages/airflow/example_dags/example_branch_day_of_week_operator.py for tasks to queue
[2026-04-01T13:25:38.543+0000] {logging_mixin.py:188} INFO - [2026-04-01T13:25:38.542+0000] {dagbag.py:545} INFO - Filling up the DagBag from /home/airflow/.local/lib/python3.12/site-packages/airflow/example_dags/example_branch_day_of_week_operator.py
[2026-04-01T13:25:38.550+0000] {processor.py:840} INFO - DAG(s) 'example_weekday_branch_operator' retrieved from /home/airflow/.local/lib/python3.12/site-packages/airflow/example_dags/example_branch_day_of_week_operator.py
[2026-04-01T13:25:38.566+0000] {logging_mixin.py:188} INFO - [2026-04-01T13:25:38.566+0000] {dag.py:3096} INFO - Sync 1 DAGs
[2026-04-01T13:25:38.583+0000] {logging_mixin.py:188} INFO - [2026-04-01T13:25:38.583+0000] {dag.py:3954} INFO - Setting next_dagrun for example_weekday_branch_operator to 2026-03-31 00:00:00+00:00, run_after=2026-04-01 00:00:00+00:00
[2026-04-01T13:25:38.603+0000] {processor.py:183} INFO - Processing /home/airflow/.local/lib/python3.12/site-packages/airflow/example_dags/example_branch_day_of_week_operator.py took 0.068 seconds
[2026-04-01T13:26:08.909+0000] {processor.py:161} INFO - Started process (PID=3186) to work on /home/airflow/.local/lib/python3.12/site-packages/airflow/example_dags/example_branch_day_of_week_operator.py
[2026-04-01T13:26:08.910+0000] {processor.py:830} INFO - Processing file /home/airflow/.local/lib/python3.12/site-packages/airflow/example_dags/example_branch_day_of_week_operator.py for tasks to queue
[2026-04-01T13:26:08.911+0000] {logging_mixin.py:188} INFO - [2026-04-01T13:26:08.911+0000] {dagbag.py:545} INFO - Filling up the DagBag from /home/airflow/.local/lib/python3.12/site-packages/airflow/example_dags/example_branch_day_of_week_operator.py
[2026-04-01T13:26:08.916+0000] {processor.py:840} INFO - DAG(s) 'example_weekday_branch_operator' retrieved from /home/airflow/.local/lib/python3.12/site-packages/airflow/example_dags/example_branch_day_of_week_operator.py
[2026-04-01T13:26:08.935+0000] {logging_mixin.py:188} INFO - [2026-04-01T13:26:08.934+0000] {dag.py:3096} INFO - Sync 1 DAGs
[2026-04-01T13:26:08.951+0000] {logging_mixin.py:188} INFO - [2026-04-01T13:26:08.951+0000] {dag.py:3954} INFO - Setting next_dagrun for example_weekday_branch_operator to 2026-03-31 00:00:00+00:00, run_after=2026-04-01 00:00:00+00:00
[2026-04-01T13:26:08.971+0000] {processor.py:183} INFO - Processing /home/airflow/.local/lib/python3.12/site-packages/airflow/example_dags/example_branch_day_of_week_operator.py took 0.067 seconds
[2026-04-01T13:26:39.240+0000] {processor.py:161} INFO - Started process (PID=3245) to work on /home/airflow/.local/lib/python3.12/site-packages/airflow/example_dags/example_branch_day_of_week_operator.py
[2026-04-01T13:26:39.241+0000] {processor.py:830} INFO - Processing file /home/airflow/.local/lib/python3.12/site-packages/airflow/example_dags/example_branch_day_of_week_operator.py for tasks to queue
[2026-04-01T13:26:39.243+0000] {logging_mixin.py:188} INFO - [2026-04-01T13:26:39.243+0000] {dagbag.py:545} INFO - Filling up the DagBag from /home/airflow/.local/lib/python3.12/site-packages/airflow/example_dags/example_branch_day_of_week_operator.py
[2026-04-01T13:26:39.250+0000] {processor.py:840} INFO - DAG(s) 'example_weekday_branch_operator' retrieved from /home/airflow/.local/lib/python3.12/site-packages/airflow/example_dags/example_branch_day_of_week_operator.py
[2026-04-01T13:26:39.264+0000] {logging_mixin.py:188} INFO - [2026-04-01T13:26:39.264+0000] {dag.py:3096} INFO - Sync 1 DAGs
[2026-04-01T13:26:39.283+0000] {logging_mixin.py:188} INFO - [2026-04-01T13:26:39.283+0000] {dag.py:3954} INFO - Setting next_dagrun for example_weekday_branch_operator to 2026-03-31 00:00:00+00:00, run_after=2026-04-01 00:00:00+00:00
[2026-04-01T13:26:39.307+0000] {processor.py:183} INFO - Processing /home/airflow/.local/lib/python3.12/site-packages/airflow/example_dags/example_branch_day_of_week_operator.py took 0.073 seconds
[2026-04-01T13:27:09.717+0000] {processor.py:161} INFO - Started process (PID=3304) to work on /home/airflow/.local/lib/python3.12/site-packages/airflow/example_dags/example_branch_day_of_week_operator.py
[2026-04-01T13:27:09.718+0000] {processor.py:830} INFO - Processing file /home/airflow/.local/lib/python3.12/site-packages/airflow/example_dags/example_branch_day_of_week_operator.py for tasks to queue
[2026-04-01T13:27:09.720+0000] {logging_mixin.py:188} INFO - [2026-04-01T13:27:09.720+0000] {dagbag.py:545} INFO - Filling up the DagBag from /home/airflow/.local/lib/python3.12/site-packages/airflow/example_dags/example_branch_day_of_week_operator.py
[2026-04-01T13:27:09.727+0000] {processor.py:840} INFO - DAG(s) 'example_weekday_branch_operator' retrieved from /home/airflow/.local/lib/python3.12/site-packages/airflow/example_dags/example_branch_day_of_week_operator.py
[2026-04-01T13:27:09.746+0000] {logging_mixin.py:188} INFO - [2026-04-01T13:27:09.745+0000] {dag.py:3096} INFO - Sync 1 DAGs
[2026-04-01T13:27:09.762+0000] {logging_mixin.py:188} INFO - [2026-04-01T13:27:09.762+0000] {dag.py:3954} INFO - Setting next_dagrun for example_weekday_branch_operator to 2026-03-31 00:00:00+00:00, run_after=2026-04-01 00:00:00+00:00
[2026-04-01T13:27:09.780+0000] {processor.py:183} INFO - Processing /home/airflow/.local/lib/python3.12/site-packages/airflow/example_dags/example_branch_day_of_week_operator.py took 0.068 seconds
[2026-04-01T13:27:40.327+0000] {processor.py:161} INFO - Started process (PID=3363) to work on /home/airflow/.local/lib/python3.12/site-packages/airflow/example_dags/example_branch_day_of_week_operator.py
[2026-04-01T13:27:40.328+0000] {processor.py:830} INFO - Processing file /home/airflow/.local/lib/python3.12/site-packages/airflow/example_dags/example_branch_day_of_week_operator.py for tasks to queue
[2026-04-01T13:27:40.331+0000] {logging_mixin.py:188} INFO - [2026-04-01T13:27:40.330+0000] {dagbag.py:545} INFO - Filling up the DagBag from /home/airflow/.local/lib/python3.12/site-packages/airflow/example_dags/example_branch_day_of_week_operator.py
[2026-04-01T13:27:40.338+0000] {processor.py:840} INFO - DAG(s) 'example_weekday_branch_operator' retrieved from /home/airflow/.local/lib/python3.12/site-packages/airflow/example_dags/example_branch_day_of_week_operator.py
[2026-04-01T13:27:40.354+0000] {logging_mixin.py:188} INFO - [2026-04-01T13:27:40.354+0000] {dag.py:3096} INFO - Sync 1 DAGs
[2026-04-01T13:27:40.375+0000] {logging_mixin.py:188} INFO - [2026-04-01T13:27:40.374+0000] {dag.py:3954} INFO - Setting next_dagrun for example_weekday_branch_operator to 2026-03-31 00:00:00+00:00, run_after=2026-04-01 00:00:00+00:00
[2026-04-01T13:27:40.392+0000] {processor.py:183} INFO - Processing /home/airflow/.local/lib/python3.12/site-packages/airflow/example_dags/example_branch_day_of_week_operator.py took 0.070 seconds
[2026-04-01T13:28:10.889+0000] {processor.py:161} INFO - Started process (PID=3422) to work on /home/airflow/.local/lib/python3.12/site-packages/airflow/example_dags/example_branch_day_of_week_operator.py
[2026-04-01T13:28:10.890+0000] {processor.py:830} INFO - Processing file /home/airflow/.local/lib/python3.12/site-packages/airflow/example_dags/example_branch_day_of_week_operator.py for tasks to queue
[2026-04-01T13:28:10.892+0000] {logging_mixin.py:188} INFO - [2026-04-01T13:28:10.891+0000] {dagbag.py:545} INFO - Filling up the DagBag from /home/airflow/.local/lib/python3.12/site-packages/airflow/example_dags/example_branch_day_of_week_operator.py
[2026-04-01T13:28:10.899+0000] {processor.py:840} INFO - DAG(s) 'example_weekday_branch_operator' retrieved from /home/airflow/.local/lib/python3.12/site-packages/airflow/example_dags/example_branch_day_of_week_operator.py
[2026-04-01T13:28:10.917+0000] {logging_mixin.py:188} INFO - [2026-04-01T13:28:10.917+0000] {dag.py:3096} INFO - Sync 1 DAGs
[2026-04-01T13:28:10.934+0000] {logging_mixin.py:188} INFO - [2026-04-01T13:28:10.934+0000] {dag.py:3954} INFO - Setting next_dagrun for example_weekday_branch_operator to 2026-03-31 00:00:00+00:00, run_after=2026-04-01 00:00:00+00:00
[2026-04-01T13:28:10.954+0000] {processor.py:183} INFO - Processing /home/airflow/.local/lib/python3.12/site-packages/airflow/example_dags/example_branch_day_of_week_operator.py took 0.070 seconds
[2026-04-01T13:28:41.206+0000] {processor.py:161} INFO - Started process (PID=3481) to work on /home/airflow/.local/lib/python3.12/site-packages/airflow/example_dags/example_branch_day_of_week_operator.py
[2026-04-01T13:28:41.207+0000] {processor.py:830} INFO - Processing file /home/airflow/.local/lib/python3.12/site-packages/airflow/example_dags/example_branch_day_of_week_operator.py for tasks to queue
[2026-04-01T13:28:41.208+0000] {logging_mixin.py:188} INFO - [2026-04-01T13:28:41.208+0000] {dagbag.py:545} INFO - Filling up the DagBag from /home/airflow/.local/lib/python3.12/site-packages/airflow/example_dags/example_branch_day_of_week_operator.py
[2026-04-01T13:28:41.213+0000] {processor.py:840} INFO - DAG(s) 'example_weekday_branch_operator' retrieved from /home/airflow/.local/lib/python3.12/site-packages/airflow/example_dags/example_branch_day_of_week_operator.py
[2026-04-01T13:28:41.232+0000] {logging_mixin.py:188} INFO - [2026-04-01T13:28:41.231+0000] {dag.py:3096} INFO - Sync 1 DAGs
[2026-04-01T13:28:41.249+0000] {logging_mixin.py:188} INFO - [2026-04-01T13:28:41.249+0000] {dag.py:3954} INFO - Setting next_dagrun for example_weekday_branch_operator to 2026-03-31 00:00:00+00:00, run_after=2026-04-01 00:00:00+00:00
[2026-04-01T13:28:41.268+0000] {processor.py:183} INFO - Processing /home/airflow/.local/lib/python3.12/site-packages/airflow/example_dags/example_branch_day_of_week_operator.py took 0.067 seconds
[2026-04-01T13:29:11.720+0000] {processor.py:161} INFO - Started process (PID=3540) to work on /home/airflow/.local/lib/python3.12/site-packages/airflow/example_dags/example_branch_day_of_week_operator.py
[2026-04-01T13:29:11.720+0000] {processor.py:830} INFO - Processing file /home/airflow/.local/lib/python3.12/site-packages/airflow/example_dags/example_branch_day_of_week_operator.py for tasks to queue
[2026-04-01T13:29:11.723+0000] {logging_mixin.py:188} INFO - [2026-04-01T13:29:11.722+0000] {dagbag.py:545} INFO - Filling up the DagBag from /home/airflow/.local/lib/python3.12/site-packages/airflow/example_dags/example_branch_day_of_week_operator.py
[2026-04-01T13:29:11.729+0000] {processor.py:840} INFO - DAG(s) 'example_weekday_branch_operator' retrieved from /home/airflow/.local/lib/python3.12/site-packages/airflow/example_dags/example_branch_day_of_week_operator.py
[2026-04-01T13:29:11.745+0000] {logging_mixin.py:188} INFO - [2026-04-01T13:29:11.745+0000] {dag.py:3096} INFO - Sync 1 DAGs
[2026-04-01T13:29:11.760+0000] {logging_mixin.py:188} INFO - [2026-04-01T13:29:11.760+0000] {dag.py:3954} INFO - Setting next_dagrun for example_weekday_branch_operator to 2026-03-31 00:00:00+00:00, run_after=2026-04-01 00:00:00+00:00
[2026-04-01T13:29:11.779+0000] {processor.py:183} INFO - Processing /home/airflow/.local/lib/python3.12/site-packages/airflow/example_dags/example_branch_day_of_week_operator.py took 0.064 seconds
[2026-04-01T13:29:42.070+0000] {processor.py:161} INFO - Started process (PID=3599) to work on /home/airflow/.local/lib/python3.12/site-packages/airflow/example_dags/example_branch_day_of_week_operator.py
[2026-04-01T13:29:42.071+0000] {processor.py:830} INFO - Processing file /home/airflow/.local/lib/python3.12/site-packages/airflow/example_dags/example_branch_day_of_week_operator.py for tasks to queue
[2026-04-01T13:29:42.073+0000] {logging_mixin.py:188} INFO - [2026-04-01T13:29:42.073+0000] {dagbag.py:545} INFO - Filling up the DagBag from /home/airflow/.local/lib/python3.12/site-packages/airflow/example_dags/example_branch_day_of_week_operator.py
[2026-04-01T13:29:42.080+0000] {processor.py:840} INFO - DAG(s) 'example_weekday_branch_operator' retrieved from /home/airflow/.local/lib/python3.12/site-packages/airflow/example_dags/example_branch_day_of_week_operator.py
[2026-04-01T13:29:42.096+0000] {logging_mixin.py:188} INFO - [2026-04-01T13:29:42.096+0000] {dag.py:3096} INFO - Sync 1 DAGs
[2026-04-01T13:29:42.112+0000] {logging_mixin.py:188} INFO - [2026-04-01T13:29:42.112+0000] {dag.py:3954} INFO - Setting next_dagrun for example_weekday_branch_operator to 2026-03-31 00:00:00+00:00, run_after=2026-04-01 00:00:00+00:00
[2026-04-01T13:29:42.130+0000] {processor.py:183} INFO - Processing /home/airflow/.local/lib/python3.12/site-packages/airflow/example_dags/example_branch_day_of_week_operator.py took 0.066 seconds
[2026-04-01T13:30:12.389+0000] {processor.py:161} INFO - Started process (PID=3658) to work on /home/airflow/.local/lib/python3.12/site-packages/airflow/example_dags/example_branch_day_of_week_operator.py
[2026-04-01T13:30:12.390+0000] {processor.py:830} INFO - Processing file /home/airflow/.local/lib/python3.12/site-packages/airflow/example_dags/example_branch_day_of_week_operator.py for tasks to queue
[2026-04-01T13:30:12.391+0000] {logging_mixin.py:188} INFO - [2026-04-01T13:30:12.391+0000] {dagbag.py:545} INFO - Filling up the DagBag from /home/airflow/.local/lib/python3.12/site-packages/airflow/example_dags/example_branch_day_of_week_operator.py
[2026-04-01T13:30:12.396+0000] {processor.py:840} INFO - DAG(s) 'example_weekday_branch_operator' retrieved from /home/airflow/.local/lib/python3.12/site-packages/airflow/example_dags/example_branch_day_of_week_operator.py
[2026-04-01T13:30:12.412+0000] {logging_mixin.py:188} INFO - [2026-04-01T13:30:12.412+0000] {dag.py:3096} INFO - Sync 1 DAGs
[2026-04-01T13:30:12.427+0000] {logging_mixin.py:188} INFO - [2026-04-01T13:30:12.427+0000] {dag.py:3954} INFO - Setting next_dagrun for example_weekday_branch_operator to 2026-03-31 00:00:00+00:00, run_after=2026-04-01 00:00:00+00:00
[2026-04-01T13:30:12.446+0000] {processor.py:183} INFO - Processing /home/airflow/.local/lib/python3.12/site-packages/airflow/example_dags/example_branch_day_of_week_operator.py took 0.063 seconds
[2026-04-01T13:30:42.720+0000] {processor.py:161} INFO - Started process (PID=3717) to work on /home/airflow/.local/lib/python3.12/site-packages/airflow/example_dags/example_branch_day_of_week_operator.py
[2026-04-01T13:30:42.721+0000] {processor.py:830} INFO - Processing file /home/airflow/.local/lib/python3.12/site-packages/airflow/example_dags/example_branch_day_of_week_operator.py for tasks to queue
[2026-04-01T13:30:42.723+0000] {logging_mixin.py:188} INFO - [2026-04-01T13:30:42.723+0000] {dagbag.py:545} INFO - Filling up the DagBag from /home/airflow/.local/lib/python3.12/site-packages/airflow/example_dags/example_branch_day_of_week_operator.py
[2026-04-01T13:30:42.728+0000] {processor.py:840} INFO - DAG(s) 'example_weekday_branch_operator' retrieved from /home/airflow/.local/lib/python3.12/site-packages/airflow/example_dags/example_branch_day_of_week_operator.py
[2026-04-01T13:30:42.750+0000] {logging_mixin.py:188} INFO - [2026-04-01T13:30:42.749+0000] {dag.py:3096} INFO - Sync 1 DAGs
[2026-04-01T13:30:42.769+0000] {logging_mixin.py:188} INFO - [2026-04-01T13:30:42.769+0000] {dag.py:3954} INFO - Setting next_dagrun for example_weekday_branch_operator to 2026-03-31 00:00:00+00:00, run_after=2026-04-01 00:00:00+00:00
[2026-04-01T13:30:42.786+0000] {processor.py:183} INFO - Processing /home/airflow/.local/lib/python3.12/site-packages/airflow/example_dags/example_branch_day_of_week_operator.py took 0.072 seconds
[2026-04-01T13:31:13.154+0000] {processor.py:161} INFO - Started process (PID=3776) to work on /home/airflow/.local/lib/python3.12/site-packages/airflow/example_dags/example_branch_day_of_week_operator.py
[2026-04-01T13:31:13.155+0000] {processor.py:830} INFO - Processing file /home/airflow/.local/lib/python3.12/site-packages/airflow/example_dags/example_branch_day_of_week_operator.py for tasks to queue
[2026-04-01T13:31:13.157+0000] {logging_mixin.py:188} INFO - [2026-04-01T13:31:13.157+0000] {dagbag.py:545} INFO - Filling up the DagBag from /home/airflow/.local/lib/python3.12/site-packages/airflow/example_dags/example_branch_day_of_week_operator.py
[2026-04-01T13:31:13.163+0000] {processor.py:840} INFO - DAG(s) 'example_weekday_branch_operator' retrieved from /home/airflow/.local/lib/python3.12/site-packages/airflow/example_dags/example_branch_day_of_week_operator.py
[2026-04-01T13:31:13.181+0000] {logging_mixin.py:188} INFO - [2026-04-01T13:31:13.181+0000] {dag.py:3096} INFO - Sync 1 DAGs
[2026-04-01T13:31:13.199+0000] {logging_mixin.py:188} INFO - [2026-04-01T13:31:13.199+0000] {dag.py:3954} INFO - Setting next_dagrun for example_weekday_branch_operator to 2026-03-31 00:00:00+00:00, run_after=2026-04-01 00:00:00+00:00
[2026-04-01T13:31:13.216+0000] {processor.py:183} INFO - Processing /home/airflow/.local/lib/python3.12/site-packages/airflow/example_dags/example_branch_day_of_week_operator.py took 0.068 seconds
