[2026-04-01T12:58:51.325+0000] {processor.py:161} INFO - Started process (PID=76) to work on /home/airflow/.local/lib/python3.12/site-packages/airflow/example_dags/example_task_group_decorator.py
[2026-04-01T12:58:51.327+0000] {processor.py:830} INFO - Processing file /home/airflow/.local/lib/python3.12/site-packages/airflow/example_dags/example_task_group_decorator.py for tasks to queue
[2026-04-01T12:58:51.330+0000] {logging_mixin.py:188} INFO - [2026-04-01T12:58:51.329+0000] {dagbag.py:545} INFO - Filling up the DagBag from /home/airflow/.local/lib/python3.12/site-packages/airflow/example_dags/example_task_group_decorator.py
[2026-04-01T12:58:51.346+0000] {processor.py:840} INFO - DAG(s) 'example_task_group_decorator' retrieved from /home/airflow/.local/lib/python3.12/site-packages/airflow/example_dags/example_task_group_decorator.py
[2026-04-01T12:58:51.358+0000] {logging_mixin.py:188} INFO - [2026-04-01T12:58:51.358+0000] {dag.py:3096} INFO - Sync 1 DAGs
[2026-04-01T12:58:51.384+0000] {logging_mixin.py:188} INFO - [2026-04-01T12:58:51.384+0000] {dag.py:3954} INFO - Setting next_dagrun for example_task_group_decorator to 2026-03-31 00:00:00+00:00, run_after=2026-04-01 00:00:00+00:00
[2026-04-01T12:58:51.403+0000] {processor.py:183} INFO - Processing /home/airflow/.local/lib/python3.12/site-packages/airflow/example_dags/example_task_group_decorator.py took 0.087 seconds
[2026-04-01T12:59:21.687+0000] {processor.py:161} INFO - Started process (PID=134) to work on /home/airflow/.local/lib/python3.12/site-packages/airflow/example_dags/example_task_group_decorator.py
[2026-04-01T12:59:21.688+0000] {processor.py:830} INFO - Processing file /home/airflow/.local/lib/python3.12/site-packages/airflow/example_dags/example_task_group_decorator.py for tasks to queue
[2026-04-01T12:59:21.690+0000] {logging_mixin.py:188} INFO - [2026-04-01T12:59:21.690+0000] {dagbag.py:545} INFO - Filling up the DagBag from /home/airflow/.local/lib/python3.12/site-packages/airflow/example_dags/example_task_group_decorator.py
[2026-04-01T12:59:21.700+0000] {processor.py:840} INFO - DAG(s) 'example_task_group_decorator' retrieved from /home/airflow/.local/lib/python3.12/site-packages/airflow/example_dags/example_task_group_decorator.py
[2026-04-01T12:59:21.788+0000] {logging_mixin.py:188} INFO - [2026-04-01T12:59:21.788+0000] {dag.py:3096} INFO - Sync 1 DAGs
[2026-04-01T12:59:21.804+0000] {logging_mixin.py:188} INFO - [2026-04-01T12:59:21.804+0000] {dag.py:3954} INFO - Setting next_dagrun for example_task_group_decorator to 2026-03-31 00:00:00+00:00, run_after=2026-04-01 00:00:00+00:00
[2026-04-01T12:59:21.822+0000] {processor.py:183} INFO - Processing /home/airflow/.local/lib/python3.12/site-packages/airflow/example_dags/example_task_group_decorator.py took 0.140 seconds
[2026-04-01T12:59:52.088+0000] {processor.py:161} INFO - Started process (PID=192) to work on /home/airflow/.local/lib/python3.12/site-packages/airflow/example_dags/example_task_group_decorator.py
[2026-04-01T12:59:52.089+0000] {processor.py:830} INFO - Processing file /home/airflow/.local/lib/python3.12/site-packages/airflow/example_dags/example_task_group_decorator.py for tasks to queue
[2026-04-01T12:59:52.091+0000] {logging_mixin.py:188} INFO - [2026-04-01T12:59:52.090+0000] {dagbag.py:545} INFO - Filling up the DagBag from /home/airflow/.local/lib/python3.12/site-packages/airflow/example_dags/example_task_group_decorator.py
[2026-04-01T12:59:52.101+0000] {processor.py:840} INFO - DAG(s) 'example_task_group_decorator' retrieved from /home/airflow/.local/lib/python3.12/site-packages/airflow/example_dags/example_task_group_decorator.py
[2026-04-01T12:59:52.122+0000] {logging_mixin.py:188} INFO - [2026-04-01T12:59:52.121+0000] {dag.py:3096} INFO - Sync 1 DAGs
[2026-04-01T12:59:52.139+0000] {logging_mixin.py:188} INFO - [2026-04-01T12:59:52.138+0000] {dag.py:3954} INFO - Setting next_dagrun for example_task_group_decorator to 2026-03-31 00:00:00+00:00, run_after=2026-04-01 00:00:00+00:00
[2026-04-01T12:59:52.154+0000] {processor.py:183} INFO - Processing /home/airflow/.local/lib/python3.12/site-packages/airflow/example_dags/example_task_group_decorator.py took 0.070 seconds
[2026-04-01T13:00:22.438+0000] {processor.py:161} INFO - Started process (PID=250) to work on /home/airflow/.local/lib/python3.12/site-packages/airflow/example_dags/example_task_group_decorator.py
[2026-04-01T13:00:22.438+0000] {processor.py:830} INFO - Processing file /home/airflow/.local/lib/python3.12/site-packages/airflow/example_dags/example_task_group_decorator.py for tasks to queue
[2026-04-01T13:00:22.441+0000] {logging_mixin.py:188} INFO - [2026-04-01T13:00:22.440+0000] {dagbag.py:545} INFO - Filling up the DagBag from /home/airflow/.local/lib/python3.12/site-packages/airflow/example_dags/example_task_group_decorator.py
[2026-04-01T13:00:22.451+0000] {processor.py:840} INFO - DAG(s) 'example_task_group_decorator' retrieved from /home/airflow/.local/lib/python3.12/site-packages/airflow/example_dags/example_task_group_decorator.py
[2026-04-01T13:00:22.469+0000] {logging_mixin.py:188} INFO - [2026-04-01T13:00:22.469+0000] {dag.py:3096} INFO - Sync 1 DAGs
[2026-04-01T13:00:22.484+0000] {logging_mixin.py:188} INFO - [2026-04-01T13:00:22.484+0000] {dag.py:3954} INFO - Setting next_dagrun for example_task_group_decorator to 2026-03-31 00:00:00+00:00, run_after=2026-04-01 00:00:00+00:00
[2026-04-01T13:00:22.499+0000] {processor.py:183} INFO - Processing /home/airflow/.local/lib/python3.12/site-packages/airflow/example_dags/example_task_group_decorator.py took 0.067 seconds
[2026-04-01T13:00:52.678+0000] {processor.py:161} INFO - Started process (PID=308) to work on /home/airflow/.local/lib/python3.12/site-packages/airflow/example_dags/example_task_group_decorator.py
[2026-04-01T13:00:52.679+0000] {processor.py:830} INFO - Processing file /home/airflow/.local/lib/python3.12/site-packages/airflow/example_dags/example_task_group_decorator.py for tasks to queue
[2026-04-01T13:00:52.680+0000] {logging_mixin.py:188} INFO - [2026-04-01T13:00:52.680+0000] {dagbag.py:545} INFO - Filling up the DagBag from /home/airflow/.local/lib/python3.12/site-packages/airflow/example_dags/example_task_group_decorator.py
[2026-04-01T13:00:52.690+0000] {processor.py:840} INFO - DAG(s) 'example_task_group_decorator' retrieved from /home/airflow/.local/lib/python3.12/site-packages/airflow/example_dags/example_task_group_decorator.py
[2026-04-01T13:00:52.705+0000] {logging_mixin.py:188} INFO - [2026-04-01T13:00:52.705+0000] {dag.py:3096} INFO - Sync 1 DAGs
[2026-04-01T13:00:52.719+0000] {logging_mixin.py:188} INFO - [2026-04-01T13:00:52.719+0000] {dag.py:3954} INFO - Setting next_dagrun for example_task_group_decorator to 2026-03-31 00:00:00+00:00, run_after=2026-04-01 00:00:00+00:00
[2026-04-01T13:00:52.734+0000] {processor.py:183} INFO - Processing /home/airflow/.local/lib/python3.12/site-packages/airflow/example_dags/example_task_group_decorator.py took 0.060 seconds
[2026-04-01T13:01:22.793+0000] {processor.py:161} INFO - Started process (PID=366) to work on /home/airflow/.local/lib/python3.12/site-packages/airflow/example_dags/example_task_group_decorator.py
[2026-04-01T13:01:22.794+0000] {processor.py:830} INFO - Processing file /home/airflow/.local/lib/python3.12/site-packages/airflow/example_dags/example_task_group_decorator.py for tasks to queue
[2026-04-01T13:01:22.795+0000] {logging_mixin.py:188} INFO - [2026-04-01T13:01:22.795+0000] {dagbag.py:545} INFO - Filling up the DagBag from /home/airflow/.local/lib/python3.12/site-packages/airflow/example_dags/example_task_group_decorator.py
[2026-04-01T13:01:22.805+0000] {processor.py:840} INFO - DAG(s) 'example_task_group_decorator' retrieved from /home/airflow/.local/lib/python3.12/site-packages/airflow/example_dags/example_task_group_decorator.py
[2026-04-01T13:01:22.827+0000] {logging_mixin.py:188} INFO - [2026-04-01T13:01:22.826+0000] {dag.py:3096} INFO - Sync 1 DAGs
[2026-04-01T13:01:22.842+0000] {logging_mixin.py:188} INFO - [2026-04-01T13:01:22.842+0000] {dag.py:3954} INFO - Setting next_dagrun for example_task_group_decorator to 2026-03-31 00:00:00+00:00, run_after=2026-04-01 00:00:00+00:00
[2026-04-01T13:01:22.857+0000] {processor.py:183} INFO - Processing /home/airflow/.local/lib/python3.12/site-packages/airflow/example_dags/example_task_group_decorator.py took 0.068 seconds
[2026-04-01T13:01:53.024+0000] {processor.py:161} INFO - Started process (PID=424) to work on /home/airflow/.local/lib/python3.12/site-packages/airflow/example_dags/example_task_group_decorator.py
[2026-04-01T13:01:53.025+0000] {processor.py:830} INFO - Processing file /home/airflow/.local/lib/python3.12/site-packages/airflow/example_dags/example_task_group_decorator.py for tasks to queue
[2026-04-01T13:01:53.027+0000] {logging_mixin.py:188} INFO - [2026-04-01T13:01:53.026+0000] {dagbag.py:545} INFO - Filling up the DagBag from /home/airflow/.local/lib/python3.12/site-packages/airflow/example_dags/example_task_group_decorator.py
[2026-04-01T13:01:53.039+0000] {processor.py:840} INFO - DAG(s) 'example_task_group_decorator' retrieved from /home/airflow/.local/lib/python3.12/site-packages/airflow/example_dags/example_task_group_decorator.py
[2026-04-01T13:01:53.060+0000] {logging_mixin.py:188} INFO - [2026-04-01T13:01:53.059+0000] {dag.py:3096} INFO - Sync 1 DAGs
[2026-04-01T13:01:53.080+0000] {logging_mixin.py:188} INFO - [2026-04-01T13:01:53.080+0000] {dag.py:3954} INFO - Setting next_dagrun for example_task_group_decorator to 2026-03-31 00:00:00+00:00, run_after=2026-04-01 00:00:00+00:00
[2026-04-01T13:01:53.097+0000] {processor.py:183} INFO - Processing /home/airflow/.local/lib/python3.12/site-packages/airflow/example_dags/example_task_group_decorator.py took 0.077 seconds
[2026-04-01T13:02:23.272+0000] {processor.py:161} INFO - Started process (PID=482) to work on /home/airflow/.local/lib/python3.12/site-packages/airflow/example_dags/example_task_group_decorator.py
[2026-04-01T13:02:23.272+0000] {processor.py:830} INFO - Processing file /home/airflow/.local/lib/python3.12/site-packages/airflow/example_dags/example_task_group_decorator.py for tasks to queue
[2026-04-01T13:02:23.274+0000] {logging_mixin.py:188} INFO - [2026-04-01T13:02:23.274+0000] {dagbag.py:545} INFO - Filling up the DagBag from /home/airflow/.local/lib/python3.12/site-packages/airflow/example_dags/example_task_group_decorator.py
[2026-04-01T13:02:23.284+0000] {processor.py:840} INFO - DAG(s) 'example_task_group_decorator' retrieved from /home/airflow/.local/lib/python3.12/site-packages/airflow/example_dags/example_task_group_decorator.py
[2026-04-01T13:02:23.301+0000] {logging_mixin.py:188} INFO - [2026-04-01T13:02:23.301+0000] {dag.py:3096} INFO - Sync 1 DAGs
[2026-04-01T13:02:23.316+0000] {logging_mixin.py:188} INFO - [2026-04-01T13:02:23.316+0000] {dag.py:3954} INFO - Setting next_dagrun for example_task_group_decorator to 2026-03-31 00:00:00+00:00, run_after=2026-04-01 00:00:00+00:00
[2026-04-01T13:02:23.331+0000] {processor.py:183} INFO - Processing /home/airflow/.local/lib/python3.12/site-packages/airflow/example_dags/example_task_group_decorator.py took 0.065 seconds
[2026-04-01T13:02:53.450+0000] {processor.py:161} INFO - Started process (PID=540) to work on /home/airflow/.local/lib/python3.12/site-packages/airflow/example_dags/example_task_group_decorator.py
[2026-04-01T13:02:53.451+0000] {processor.py:830} INFO - Processing file /home/airflow/.local/lib/python3.12/site-packages/airflow/example_dags/example_task_group_decorator.py for tasks to queue
[2026-04-01T13:02:53.452+0000] {logging_mixin.py:188} INFO - [2026-04-01T13:02:53.452+0000] {dagbag.py:545} INFO - Filling up the DagBag from /home/airflow/.local/lib/python3.12/site-packages/airflow/example_dags/example_task_group_decorator.py
[2026-04-01T13:02:53.463+0000] {processor.py:840} INFO - DAG(s) 'example_task_group_decorator' retrieved from /home/airflow/.local/lib/python3.12/site-packages/airflow/example_dags/example_task_group_decorator.py
[2026-04-01T13:02:53.482+0000] {logging_mixin.py:188} INFO - [2026-04-01T13:02:53.482+0000] {dag.py:3096} INFO - Sync 1 DAGs
[2026-04-01T13:02:53.497+0000] {logging_mixin.py:188} INFO - [2026-04-01T13:02:53.496+0000] {dag.py:3954} INFO - Setting next_dagrun for example_task_group_decorator to 2026-03-31 00:00:00+00:00, run_after=2026-04-01 00:00:00+00:00
[2026-04-01T13:02:53.511+0000] {processor.py:183} INFO - Processing /home/airflow/.local/lib/python3.12/site-packages/airflow/example_dags/example_task_group_decorator.py took 0.066 seconds
[2026-04-01T13:03:23.614+0000] {processor.py:161} INFO - Started process (PID=598) to work on /home/airflow/.local/lib/python3.12/site-packages/airflow/example_dags/example_task_group_decorator.py
[2026-04-01T13:03:23.617+0000] {processor.py:830} INFO - Processing file /home/airflow/.local/lib/python3.12/site-packages/airflow/example_dags/example_task_group_decorator.py for tasks to queue
[2026-04-01T13:03:23.619+0000] {logging_mixin.py:188} INFO - [2026-04-01T13:03:23.619+0000] {dagbag.py:545} INFO - Filling up the DagBag from /home/airflow/.local/lib/python3.12/site-packages/airflow/example_dags/example_task_group_decorator.py
[2026-04-01T13:03:23.629+0000] {processor.py:840} INFO - DAG(s) 'example_task_group_decorator' retrieved from /home/airflow/.local/lib/python3.12/site-packages/airflow/example_dags/example_task_group_decorator.py
[2026-04-01T13:03:23.648+0000] {logging_mixin.py:188} INFO - [2026-04-01T13:03:23.648+0000] {dag.py:3096} INFO - Sync 1 DAGs
[2026-04-01T13:03:23.667+0000] {logging_mixin.py:188} INFO - [2026-04-01T13:03:23.667+0000] {dag.py:3954} INFO - Setting next_dagrun for example_task_group_decorator to 2026-03-31 00:00:00+00:00, run_after=2026-04-01 00:00:00+00:00
[2026-04-01T13:03:23.683+0000] {processor.py:183} INFO - Processing /home/airflow/.local/lib/python3.12/site-packages/airflow/example_dags/example_task_group_decorator.py took 0.074 seconds
[2026-04-01T13:03:53.943+0000] {processor.py:161} INFO - Started process (PID=656) to work on /home/airflow/.local/lib/python3.12/site-packages/airflow/example_dags/example_task_group_decorator.py
[2026-04-01T13:03:53.944+0000] {processor.py:830} INFO - Processing file /home/airflow/.local/lib/python3.12/site-packages/airflow/example_dags/example_task_group_decorator.py for tasks to queue
[2026-04-01T13:03:53.946+0000] {logging_mixin.py:188} INFO - [2026-04-01T13:03:53.945+0000] {dagbag.py:545} INFO - Filling up the DagBag from /home/airflow/.local/lib/python3.12/site-packages/airflow/example_dags/example_task_group_decorator.py
[2026-04-01T13:03:53.957+0000] {processor.py:840} INFO - DAG(s) 'example_task_group_decorator' retrieved from /home/airflow/.local/lib/python3.12/site-packages/airflow/example_dags/example_task_group_decorator.py
[2026-04-01T13:03:53.974+0000] {logging_mixin.py:188} INFO - [2026-04-01T13:03:53.973+0000] {dag.py:3096} INFO - Sync 1 DAGs
[2026-04-01T13:03:53.988+0000] {logging_mixin.py:188} INFO - [2026-04-01T13:03:53.988+0000] {dag.py:3954} INFO - Setting next_dagrun for example_task_group_decorator to 2026-03-31 00:00:00+00:00, run_after=2026-04-01 00:00:00+00:00
[2026-04-01T13:03:54.003+0000] {processor.py:183} INFO - Processing /home/airflow/.local/lib/python3.12/site-packages/airflow/example_dags/example_task_group_decorator.py took 0.065 seconds
[2026-04-01T13:04:24.312+0000] {processor.py:161} INFO - Started process (PID=714) to work on /home/airflow/.local/lib/python3.12/site-packages/airflow/example_dags/example_task_group_decorator.py
[2026-04-01T13:04:24.313+0000] {processor.py:830} INFO - Processing file /home/airflow/.local/lib/python3.12/site-packages/airflow/example_dags/example_task_group_decorator.py for tasks to queue
[2026-04-01T13:04:24.315+0000] {logging_mixin.py:188} INFO - [2026-04-01T13:04:24.314+0000] {dagbag.py:545} INFO - Filling up the DagBag from /home/airflow/.local/lib/python3.12/site-packages/airflow/example_dags/example_task_group_decorator.py
[2026-04-01T13:04:24.328+0000] {processor.py:840} INFO - DAG(s) 'example_task_group_decorator' retrieved from /home/airflow/.local/lib/python3.12/site-packages/airflow/example_dags/example_task_group_decorator.py
[2026-04-01T13:04:24.346+0000] {logging_mixin.py:188} INFO - [2026-04-01T13:04:24.346+0000] {dag.py:3096} INFO - Sync 1 DAGs
[2026-04-01T13:04:24.361+0000] {logging_mixin.py:188} INFO - [2026-04-01T13:04:24.360+0000] {dag.py:3954} INFO - Setting next_dagrun for example_task_group_decorator to 2026-03-31 00:00:00+00:00, run_after=2026-04-01 00:00:00+00:00
[2026-04-01T13:04:24.376+0000] {processor.py:183} INFO - Processing /home/airflow/.local/lib/python3.12/site-packages/airflow/example_dags/example_task_group_decorator.py took 0.069 seconds
[2026-04-01T13:04:54.463+0000] {processor.py:161} INFO - Started process (PID=772) to work on /home/airflow/.local/lib/python3.12/site-packages/airflow/example_dags/example_task_group_decorator.py
[2026-04-01T13:04:54.463+0000] {processor.py:830} INFO - Processing file /home/airflow/.local/lib/python3.12/site-packages/airflow/example_dags/example_task_group_decorator.py for tasks to queue
[2026-04-01T13:04:54.465+0000] {logging_mixin.py:188} INFO - [2026-04-01T13:04:54.465+0000] {dagbag.py:545} INFO - Filling up the DagBag from /home/airflow/.local/lib/python3.12/site-packages/airflow/example_dags/example_task_group_decorator.py
[2026-04-01T13:04:54.474+0000] {processor.py:840} INFO - DAG(s) 'example_task_group_decorator' retrieved from /home/airflow/.local/lib/python3.12/site-packages/airflow/example_dags/example_task_group_decorator.py
[2026-04-01T13:04:54.493+0000] {logging_mixin.py:188} INFO - [2026-04-01T13:04:54.492+0000] {dag.py:3096} INFO - Sync 1 DAGs
[2026-04-01T13:04:54.510+0000] {logging_mixin.py:188} INFO - [2026-04-01T13:04:54.510+0000] {dag.py:3954} INFO - Setting next_dagrun for example_task_group_decorator to 2026-03-31 00:00:00+00:00, run_after=2026-04-01 00:00:00+00:00
[2026-04-01T13:04:54.526+0000] {processor.py:183} INFO - Processing /home/airflow/.local/lib/python3.12/site-packages/airflow/example_dags/example_task_group_decorator.py took 0.069 seconds
[2026-04-01T13:05:24.650+0000] {processor.py:161} INFO - Started process (PID=830) to work on /home/airflow/.local/lib/python3.12/site-packages/airflow/example_dags/example_task_group_decorator.py
[2026-04-01T13:05:24.651+0000] {processor.py:830} INFO - Processing file /home/airflow/.local/lib/python3.12/site-packages/airflow/example_dags/example_task_group_decorator.py for tasks to queue
[2026-04-01T13:05:24.653+0000] {logging_mixin.py:188} INFO - [2026-04-01T13:05:24.652+0000] {dagbag.py:545} INFO - Filling up the DagBag from /home/airflow/.local/lib/python3.12/site-packages/airflow/example_dags/example_task_group_decorator.py
[2026-04-01T13:05:24.662+0000] {processor.py:840} INFO - DAG(s) 'example_task_group_decorator' retrieved from /home/airflow/.local/lib/python3.12/site-packages/airflow/example_dags/example_task_group_decorator.py
[2026-04-01T13:05:24.680+0000] {logging_mixin.py:188} INFO - [2026-04-01T13:05:24.680+0000] {dag.py:3096} INFO - Sync 1 DAGs
[2026-04-01T13:05:24.695+0000] {logging_mixin.py:188} INFO - [2026-04-01T13:05:24.695+0000] {dag.py:3954} INFO - Setting next_dagrun for example_task_group_decorator to 2026-03-31 00:00:00+00:00, run_after=2026-04-01 00:00:00+00:00
[2026-04-01T13:05:24.710+0000] {processor.py:183} INFO - Processing /home/airflow/.local/lib/python3.12/site-packages/airflow/example_dags/example_task_group_decorator.py took 0.065 seconds
[2026-04-01T13:05:54.777+0000] {processor.py:161} INFO - Started process (PID=888) to work on /home/airflow/.local/lib/python3.12/site-packages/airflow/example_dags/example_task_group_decorator.py
[2026-04-01T13:05:54.778+0000] {processor.py:830} INFO - Processing file /home/airflow/.local/lib/python3.12/site-packages/airflow/example_dags/example_task_group_decorator.py for tasks to queue
[2026-04-01T13:05:54.780+0000] {logging_mixin.py:188} INFO - [2026-04-01T13:05:54.779+0000] {dagbag.py:545} INFO - Filling up the DagBag from /home/airflow/.local/lib/python3.12/site-packages/airflow/example_dags/example_task_group_decorator.py
[2026-04-01T13:05:54.791+0000] {processor.py:840} INFO - DAG(s) 'example_task_group_decorator' retrieved from /home/airflow/.local/lib/python3.12/site-packages/airflow/example_dags/example_task_group_decorator.py
[2026-04-01T13:05:54.814+0000] {logging_mixin.py:188} INFO - [2026-04-01T13:05:54.813+0000] {dag.py:3096} INFO - Sync 1 DAGs
[2026-04-01T13:05:54.829+0000] {logging_mixin.py:188} INFO - [2026-04-01T13:05:54.829+0000] {dag.py:3954} INFO - Setting next_dagrun for example_task_group_decorator to 2026-03-31 00:00:00+00:00, run_after=2026-04-01 00:00:00+00:00
[2026-04-01T13:05:54.843+0000] {processor.py:183} INFO - Processing /home/airflow/.local/lib/python3.12/site-packages/airflow/example_dags/example_task_group_decorator.py took 0.070 seconds
[2026-04-01T13:06:25.126+0000] {processor.py:161} INFO - Started process (PID=946) to work on /home/airflow/.local/lib/python3.12/site-packages/airflow/example_dags/example_task_group_decorator.py
[2026-04-01T13:06:25.127+0000] {processor.py:830} INFO - Processing file /home/airflow/.local/lib/python3.12/site-packages/airflow/example_dags/example_task_group_decorator.py for tasks to queue
[2026-04-01T13:06:25.128+0000] {logging_mixin.py:188} INFO - [2026-04-01T13:06:25.128+0000] {dagbag.py:545} INFO - Filling up the DagBag from /home/airflow/.local/lib/python3.12/site-packages/airflow/example_dags/example_task_group_decorator.py
[2026-04-01T13:06:25.138+0000] {processor.py:840} INFO - DAG(s) 'example_task_group_decorator' retrieved from /home/airflow/.local/lib/python3.12/site-packages/airflow/example_dags/example_task_group_decorator.py
[2026-04-01T13:06:25.158+0000] {logging_mixin.py:188} INFO - [2026-04-01T13:06:25.157+0000] {dag.py:3096} INFO - Sync 1 DAGs
[2026-04-01T13:06:25.175+0000] {logging_mixin.py:188} INFO - [2026-04-01T13:06:25.175+0000] {dag.py:3954} INFO - Setting next_dagrun for example_task_group_decorator to 2026-03-31 00:00:00+00:00, run_after=2026-04-01 00:00:00+00:00
[2026-04-01T13:06:25.189+0000] {processor.py:183} INFO - Processing /home/airflow/.local/lib/python3.12/site-packages/airflow/example_dags/example_task_group_decorator.py took 0.068 seconds
[2026-04-01T13:06:55.409+0000] {processor.py:161} INFO - Started process (PID=1004) to work on /home/airflow/.local/lib/python3.12/site-packages/airflow/example_dags/example_task_group_decorator.py
[2026-04-01T13:06:55.410+0000] {processor.py:830} INFO - Processing file /home/airflow/.local/lib/python3.12/site-packages/airflow/example_dags/example_task_group_decorator.py for tasks to queue
[2026-04-01T13:06:55.411+0000] {logging_mixin.py:188} INFO - [2026-04-01T13:06:55.411+0000] {dagbag.py:545} INFO - Filling up the DagBag from /home/airflow/.local/lib/python3.12/site-packages/airflow/example_dags/example_task_group_decorator.py
[2026-04-01T13:06:55.420+0000] {processor.py:840} INFO - DAG(s) 'example_task_group_decorator' retrieved from /home/airflow/.local/lib/python3.12/site-packages/airflow/example_dags/example_task_group_decorator.py
[2026-04-01T13:06:55.437+0000] {logging_mixin.py:188} INFO - [2026-04-01T13:06:55.437+0000] {dag.py:3096} INFO - Sync 1 DAGs
[2026-04-01T13:06:55.451+0000] {logging_mixin.py:188} INFO - [2026-04-01T13:06:55.451+0000] {dag.py:3954} INFO - Setting next_dagrun for example_task_group_decorator to 2026-03-31 00:00:00+00:00, run_after=2026-04-01 00:00:00+00:00
[2026-04-01T13:06:55.466+0000] {processor.py:183} INFO - Processing /home/airflow/.local/lib/python3.12/site-packages/airflow/example_dags/example_task_group_decorator.py took 0.062 seconds
[2026-04-01T13:07:25.688+0000] {processor.py:161} INFO - Started process (PID=1062) to work on /home/airflow/.local/lib/python3.12/site-packages/airflow/example_dags/example_task_group_decorator.py
[2026-04-01T13:07:25.689+0000] {processor.py:830} INFO - Processing file /home/airflow/.local/lib/python3.12/site-packages/airflow/example_dags/example_task_group_decorator.py for tasks to queue
[2026-04-01T13:07:25.691+0000] {logging_mixin.py:188} INFO - [2026-04-01T13:07:25.691+0000] {dagbag.py:545} INFO - Filling up the DagBag from /home/airflow/.local/lib/python3.12/site-packages/airflow/example_dags/example_task_group_decorator.py
[2026-04-01T13:07:25.702+0000] {processor.py:840} INFO - DAG(s) 'example_task_group_decorator' retrieved from /home/airflow/.local/lib/python3.12/site-packages/airflow/example_dags/example_task_group_decorator.py
[2026-04-01T13:07:25.727+0000] {logging_mixin.py:188} INFO - [2026-04-01T13:07:25.727+0000] {dag.py:3096} INFO - Sync 1 DAGs
[2026-04-01T13:07:25.746+0000] {logging_mixin.py:188} INFO - [2026-04-01T13:07:25.746+0000] {dag.py:3954} INFO - Setting next_dagrun for example_task_group_decorator to 2026-03-31 00:00:00+00:00, run_after=2026-04-01 00:00:00+00:00
[2026-04-01T13:07:25.764+0000] {processor.py:183} INFO - Processing /home/airflow/.local/lib/python3.12/site-packages/airflow/example_dags/example_task_group_decorator.py took 0.081 seconds
[2026-04-01T13:07:55.792+0000] {processor.py:161} INFO - Started process (PID=1119) to work on /home/airflow/.local/lib/python3.12/site-packages/airflow/example_dags/example_task_group_decorator.py
[2026-04-01T13:07:55.793+0000] {processor.py:830} INFO - Processing file /home/airflow/.local/lib/python3.12/site-packages/airflow/example_dags/example_task_group_decorator.py for tasks to queue
[2026-04-01T13:07:55.795+0000] {logging_mixin.py:188} INFO - [2026-04-01T13:07:55.794+0000] {dagbag.py:545} INFO - Filling up the DagBag from /home/airflow/.local/lib/python3.12/site-packages/airflow/example_dags/example_task_group_decorator.py
[2026-04-01T13:07:55.805+0000] {processor.py:840} INFO - DAG(s) 'example_task_group_decorator' retrieved from /home/airflow/.local/lib/python3.12/site-packages/airflow/example_dags/example_task_group_decorator.py
[2026-04-01T13:07:55.823+0000] {logging_mixin.py:188} INFO - [2026-04-01T13:07:55.823+0000] {dag.py:3096} INFO - Sync 1 DAGs
[2026-04-01T13:07:55.840+0000] {logging_mixin.py:188} INFO - [2026-04-01T13:07:55.840+0000] {dag.py:3954} INFO - Setting next_dagrun for example_task_group_decorator to 2026-03-31 00:00:00+00:00, run_after=2026-04-01 00:00:00+00:00
[2026-04-01T13:07:55.856+0000] {processor.py:183} INFO - Processing /home/airflow/.local/lib/python3.12/site-packages/airflow/example_dags/example_task_group_decorator.py took 0.069 seconds
[2026-04-01T13:08:25.996+0000] {processor.py:161} INFO - Started process (PID=1177) to work on /home/airflow/.local/lib/python3.12/site-packages/airflow/example_dags/example_task_group_decorator.py
[2026-04-01T13:08:25.997+0000] {processor.py:830} INFO - Processing file /home/airflow/.local/lib/python3.12/site-packages/airflow/example_dags/example_task_group_decorator.py for tasks to queue
[2026-04-01T13:08:25.998+0000] {logging_mixin.py:188} INFO - [2026-04-01T13:08:25.998+0000] {dagbag.py:545} INFO - Filling up the DagBag from /home/airflow/.local/lib/python3.12/site-packages/airflow/example_dags/example_task_group_decorator.py
[2026-04-01T13:08:26.008+0000] {processor.py:840} INFO - DAG(s) 'example_task_group_decorator' retrieved from /home/airflow/.local/lib/python3.12/site-packages/airflow/example_dags/example_task_group_decorator.py
[2026-04-01T13:08:26.025+0000] {logging_mixin.py:188} INFO - [2026-04-01T13:08:26.024+0000] {dag.py:3096} INFO - Sync 1 DAGs
[2026-04-01T13:08:26.041+0000] {logging_mixin.py:188} INFO - [2026-04-01T13:08:26.041+0000] {dag.py:3954} INFO - Setting next_dagrun for example_task_group_decorator to 2026-03-31 00:00:00+00:00, run_after=2026-04-01 00:00:00+00:00
[2026-04-01T13:08:26.057+0000] {processor.py:183} INFO - Processing /home/airflow/.local/lib/python3.12/site-packages/airflow/example_dags/example_task_group_decorator.py took 0.065 seconds
[2026-04-01T13:08:56.380+0000] {processor.py:161} INFO - Started process (PID=1235) to work on /home/airflow/.local/lib/python3.12/site-packages/airflow/example_dags/example_task_group_decorator.py
[2026-04-01T13:08:56.381+0000] {processor.py:830} INFO - Processing file /home/airflow/.local/lib/python3.12/site-packages/airflow/example_dags/example_task_group_decorator.py for tasks to queue
[2026-04-01T13:08:56.383+0000] {logging_mixin.py:188} INFO - [2026-04-01T13:08:56.382+0000] {dagbag.py:545} INFO - Filling up the DagBag from /home/airflow/.local/lib/python3.12/site-packages/airflow/example_dags/example_task_group_decorator.py
[2026-04-01T13:08:56.393+0000] {processor.py:840} INFO - DAG(s) 'example_task_group_decorator' retrieved from /home/airflow/.local/lib/python3.12/site-packages/airflow/example_dags/example_task_group_decorator.py
[2026-04-01T13:08:56.417+0000] {logging_mixin.py:188} INFO - [2026-04-01T13:08:56.417+0000] {dag.py:3096} INFO - Sync 1 DAGs
[2026-04-01T13:08:56.443+0000] {logging_mixin.py:188} INFO - [2026-04-01T13:08:56.443+0000] {dag.py:3954} INFO - Setting next_dagrun for example_task_group_decorator to 2026-03-31 00:00:00+00:00, run_after=2026-04-01 00:00:00+00:00
[2026-04-01T13:08:56.465+0000] {processor.py:183} INFO - Processing /home/airflow/.local/lib/python3.12/site-packages/airflow/example_dags/example_task_group_decorator.py took 0.089 seconds
[2026-04-01T13:09:26.795+0000] {processor.py:161} INFO - Started process (PID=1293) to work on /home/airflow/.local/lib/python3.12/site-packages/airflow/example_dags/example_task_group_decorator.py
[2026-04-01T13:09:26.796+0000] {processor.py:830} INFO - Processing file /home/airflow/.local/lib/python3.12/site-packages/airflow/example_dags/example_task_group_decorator.py for tasks to queue
[2026-04-01T13:09:26.799+0000] {logging_mixin.py:188} INFO - [2026-04-01T13:09:26.798+0000] {dagbag.py:545} INFO - Filling up the DagBag from /home/airflow/.local/lib/python3.12/site-packages/airflow/example_dags/example_task_group_decorator.py
[2026-04-01T13:09:26.810+0000] {processor.py:840} INFO - DAG(s) 'example_task_group_decorator' retrieved from /home/airflow/.local/lib/python3.12/site-packages/airflow/example_dags/example_task_group_decorator.py
[2026-04-01T13:09:26.829+0000] {logging_mixin.py:188} INFO - [2026-04-01T13:09:26.829+0000] {dag.py:3096} INFO - Sync 1 DAGs
[2026-04-01T13:09:26.847+0000] {logging_mixin.py:188} INFO - [2026-04-01T13:09:26.846+0000] {dag.py:3954} INFO - Setting next_dagrun for example_task_group_decorator to 2026-03-31 00:00:00+00:00, run_after=2026-04-01 00:00:00+00:00
[2026-04-01T13:09:26.862+0000] {processor.py:183} INFO - Processing /home/airflow/.local/lib/python3.12/site-packages/airflow/example_dags/example_task_group_decorator.py took 0.072 seconds
[2026-04-01T13:09:57.207+0000] {processor.py:161} INFO - Started process (PID=1351) to work on /home/airflow/.local/lib/python3.12/site-packages/airflow/example_dags/example_task_group_decorator.py
[2026-04-01T13:09:57.208+0000] {processor.py:830} INFO - Processing file /home/airflow/.local/lib/python3.12/site-packages/airflow/example_dags/example_task_group_decorator.py for tasks to queue
[2026-04-01T13:09:57.210+0000] {logging_mixin.py:188} INFO - [2026-04-01T13:09:57.209+0000] {dagbag.py:545} INFO - Filling up the DagBag from /home/airflow/.local/lib/python3.12/site-packages/airflow/example_dags/example_task_group_decorator.py
[2026-04-01T13:09:57.220+0000] {processor.py:840} INFO - DAG(s) 'example_task_group_decorator' retrieved from /home/airflow/.local/lib/python3.12/site-packages/airflow/example_dags/example_task_group_decorator.py
[2026-04-01T13:09:57.239+0000] {logging_mixin.py:188} INFO - [2026-04-01T13:09:57.239+0000] {dag.py:3096} INFO - Sync 1 DAGs
[2026-04-01T13:09:57.256+0000] {logging_mixin.py:188} INFO - [2026-04-01T13:09:57.255+0000] {dag.py:3954} INFO - Setting next_dagrun for example_task_group_decorator to 2026-03-31 00:00:00+00:00, run_after=2026-04-01 00:00:00+00:00
[2026-04-01T13:09:57.271+0000] {processor.py:183} INFO - Processing /home/airflow/.local/lib/python3.12/site-packages/airflow/example_dags/example_task_group_decorator.py took 0.069 seconds
[2026-04-01T13:10:27.357+0000] {processor.py:161} INFO - Started process (PID=1409) to work on /home/airflow/.local/lib/python3.12/site-packages/airflow/example_dags/example_task_group_decorator.py
[2026-04-01T13:10:27.358+0000] {processor.py:830} INFO - Processing file /home/airflow/.local/lib/python3.12/site-packages/airflow/example_dags/example_task_group_decorator.py for tasks to queue
[2026-04-01T13:10:27.360+0000] {logging_mixin.py:188} INFO - [2026-04-01T13:10:27.360+0000] {dagbag.py:545} INFO - Filling up the DagBag from /home/airflow/.local/lib/python3.12/site-packages/airflow/example_dags/example_task_group_decorator.py
[2026-04-01T13:10:27.373+0000] {processor.py:840} INFO - DAG(s) 'example_task_group_decorator' retrieved from /home/airflow/.local/lib/python3.12/site-packages/airflow/example_dags/example_task_group_decorator.py
[2026-04-01T13:10:27.391+0000] {logging_mixin.py:188} INFO - [2026-04-01T13:10:27.391+0000] {dag.py:3096} INFO - Sync 1 DAGs
[2026-04-01T13:10:27.408+0000] {logging_mixin.py:188} INFO - [2026-04-01T13:10:27.408+0000] {dag.py:3954} INFO - Setting next_dagrun for example_task_group_decorator to 2026-03-31 00:00:00+00:00, run_after=2026-04-01 00:00:00+00:00
[2026-04-01T13:10:27.423+0000] {processor.py:183} INFO - Processing /home/airflow/.local/lib/python3.12/site-packages/airflow/example_dags/example_task_group_decorator.py took 0.071 seconds
[2026-04-01T13:10:57.969+0000] {processor.py:161} INFO - Started process (PID=1467) to work on /home/airflow/.local/lib/python3.12/site-packages/airflow/example_dags/example_task_group_decorator.py
[2026-04-01T13:10:57.969+0000] {processor.py:830} INFO - Processing file /home/airflow/.local/lib/python3.12/site-packages/airflow/example_dags/example_task_group_decorator.py for tasks to queue
[2026-04-01T13:10:57.971+0000] {logging_mixin.py:188} INFO - [2026-04-01T13:10:57.971+0000] {dagbag.py:545} INFO - Filling up the DagBag from /home/airflow/.local/lib/python3.12/site-packages/airflow/example_dags/example_task_group_decorator.py
[2026-04-01T13:10:57.982+0000] {processor.py:840} INFO - DAG(s) 'example_task_group_decorator' retrieved from /home/airflow/.local/lib/python3.12/site-packages/airflow/example_dags/example_task_group_decorator.py
[2026-04-01T13:10:58.003+0000] {logging_mixin.py:188} INFO - [2026-04-01T13:10:58.003+0000] {dag.py:3096} INFO - Sync 1 DAGs
[2026-04-01T13:10:58.022+0000] {logging_mixin.py:188} INFO - [2026-04-01T13:10:58.022+0000] {dag.py:3954} INFO - Setting next_dagrun for example_task_group_decorator to 2026-03-31 00:00:00+00:00, run_after=2026-04-01 00:00:00+00:00
[2026-04-01T13:10:58.039+0000] {processor.py:183} INFO - Processing /home/airflow/.local/lib/python3.12/site-packages/airflow/example_dags/example_task_group_decorator.py took 0.075 seconds
[2026-04-01T13:11:28.308+0000] {processor.py:161} INFO - Started process (PID=1525) to work on /home/airflow/.local/lib/python3.12/site-packages/airflow/example_dags/example_task_group_decorator.py
[2026-04-01T13:11:28.308+0000] {processor.py:830} INFO - Processing file /home/airflow/.local/lib/python3.12/site-packages/airflow/example_dags/example_task_group_decorator.py for tasks to queue
[2026-04-01T13:11:28.310+0000] {logging_mixin.py:188} INFO - [2026-04-01T13:11:28.310+0000] {dagbag.py:545} INFO - Filling up the DagBag from /home/airflow/.local/lib/python3.12/site-packages/airflow/example_dags/example_task_group_decorator.py
[2026-04-01T13:11:28.320+0000] {processor.py:840} INFO - DAG(s) 'example_task_group_decorator' retrieved from /home/airflow/.local/lib/python3.12/site-packages/airflow/example_dags/example_task_group_decorator.py
[2026-04-01T13:11:28.337+0000] {logging_mixin.py:188} INFO - [2026-04-01T13:11:28.337+0000] {dag.py:3096} INFO - Sync 1 DAGs
[2026-04-01T13:11:28.353+0000] {logging_mixin.py:188} INFO - [2026-04-01T13:11:28.353+0000] {dag.py:3954} INFO - Setting next_dagrun for example_task_group_decorator to 2026-03-31 00:00:00+00:00, run_after=2026-04-01 00:00:00+00:00
[2026-04-01T13:11:28.367+0000] {processor.py:183} INFO - Processing /home/airflow/.local/lib/python3.12/site-packages/airflow/example_dags/example_task_group_decorator.py took 0.064 seconds
[2026-04-01T13:11:58.768+0000] {processor.py:161} INFO - Started process (PID=1583) to work on /home/airflow/.local/lib/python3.12/site-packages/airflow/example_dags/example_task_group_decorator.py
[2026-04-01T13:11:58.769+0000] {processor.py:830} INFO - Processing file /home/airflow/.local/lib/python3.12/site-packages/airflow/example_dags/example_task_group_decorator.py for tasks to queue
[2026-04-01T13:11:58.771+0000] {logging_mixin.py:188} INFO - [2026-04-01T13:11:58.770+0000] {dagbag.py:545} INFO - Filling up the DagBag from /home/airflow/.local/lib/python3.12/site-packages/airflow/example_dags/example_task_group_decorator.py
[2026-04-01T13:11:58.782+0000] {processor.py:840} INFO - DAG(s) 'example_task_group_decorator' retrieved from /home/airflow/.local/lib/python3.12/site-packages/airflow/example_dags/example_task_group_decorator.py
[2026-04-01T13:11:58.801+0000] {logging_mixin.py:188} INFO - [2026-04-01T13:11:58.801+0000] {dag.py:3096} INFO - Sync 1 DAGs
[2026-04-01T13:11:58.816+0000] {logging_mixin.py:188} INFO - [2026-04-01T13:11:58.816+0000] {dag.py:3954} INFO - Setting next_dagrun for example_task_group_decorator to 2026-03-31 00:00:00+00:00, run_after=2026-04-01 00:00:00+00:00
[2026-04-01T13:11:58.832+0000] {processor.py:183} INFO - Processing /home/airflow/.local/lib/python3.12/site-packages/airflow/example_dags/example_task_group_decorator.py took 0.069 seconds
[2026-04-01T13:12:29.121+0000] {processor.py:161} INFO - Started process (PID=1641) to work on /home/airflow/.local/lib/python3.12/site-packages/airflow/example_dags/example_task_group_decorator.py
[2026-04-01T13:12:29.122+0000] {processor.py:830} INFO - Processing file /home/airflow/.local/lib/python3.12/site-packages/airflow/example_dags/example_task_group_decorator.py for tasks to queue
[2026-04-01T13:12:29.124+0000] {logging_mixin.py:188} INFO - [2026-04-01T13:12:29.123+0000] {dagbag.py:545} INFO - Filling up the DagBag from /home/airflow/.local/lib/python3.12/site-packages/airflow/example_dags/example_task_group_decorator.py
[2026-04-01T13:12:29.135+0000] {processor.py:840} INFO - DAG(s) 'example_task_group_decorator' retrieved from /home/airflow/.local/lib/python3.12/site-packages/airflow/example_dags/example_task_group_decorator.py
[2026-04-01T13:12:29.154+0000] {logging_mixin.py:188} INFO - [2026-04-01T13:12:29.153+0000] {dag.py:3096} INFO - Sync 1 DAGs
[2026-04-01T13:12:29.170+0000] {logging_mixin.py:188} INFO - [2026-04-01T13:12:29.170+0000] {dag.py:3954} INFO - Setting next_dagrun for example_task_group_decorator to 2026-03-31 00:00:00+00:00, run_after=2026-04-01 00:00:00+00:00
[2026-04-01T13:12:29.185+0000] {processor.py:183} INFO - Processing /home/airflow/.local/lib/python3.12/site-packages/airflow/example_dags/example_task_group_decorator.py took 0.068 seconds
[2026-04-01T13:12:59.383+0000] {processor.py:161} INFO - Started process (PID=1699) to work on /home/airflow/.local/lib/python3.12/site-packages/airflow/example_dags/example_task_group_decorator.py
[2026-04-01T13:12:59.384+0000] {processor.py:830} INFO - Processing file /home/airflow/.local/lib/python3.12/site-packages/airflow/example_dags/example_task_group_decorator.py for tasks to queue
[2026-04-01T13:12:59.386+0000] {logging_mixin.py:188} INFO - [2026-04-01T13:12:59.385+0000] {dagbag.py:545} INFO - Filling up the DagBag from /home/airflow/.local/lib/python3.12/site-packages/airflow/example_dags/example_task_group_decorator.py
[2026-04-01T13:12:59.396+0000] {processor.py:840} INFO - DAG(s) 'example_task_group_decorator' retrieved from /home/airflow/.local/lib/python3.12/site-packages/airflow/example_dags/example_task_group_decorator.py
[2026-04-01T13:12:59.416+0000] {logging_mixin.py:188} INFO - [2026-04-01T13:12:59.415+0000] {dag.py:3096} INFO - Sync 1 DAGs
[2026-04-01T13:12:59.433+0000] {logging_mixin.py:188} INFO - [2026-04-01T13:12:59.433+0000] {dag.py:3954} INFO - Setting next_dagrun for example_task_group_decorator to 2026-03-31 00:00:00+00:00, run_after=2026-04-01 00:00:00+00:00
[2026-04-01T13:12:59.448+0000] {processor.py:183} INFO - Processing /home/airflow/.local/lib/python3.12/site-packages/airflow/example_dags/example_task_group_decorator.py took 0.071 seconds
[2026-04-01T13:13:29.640+0000] {processor.py:161} INFO - Started process (PID=1757) to work on /home/airflow/.local/lib/python3.12/site-packages/airflow/example_dags/example_task_group_decorator.py
[2026-04-01T13:13:29.641+0000] {processor.py:830} INFO - Processing file /home/airflow/.local/lib/python3.12/site-packages/airflow/example_dags/example_task_group_decorator.py for tasks to queue
[2026-04-01T13:13:29.643+0000] {logging_mixin.py:188} INFO - [2026-04-01T13:13:29.642+0000] {dagbag.py:545} INFO - Filling up the DagBag from /home/airflow/.local/lib/python3.12/site-packages/airflow/example_dags/example_task_group_decorator.py
[2026-04-01T13:13:29.653+0000] {processor.py:840} INFO - DAG(s) 'example_task_group_decorator' retrieved from /home/airflow/.local/lib/python3.12/site-packages/airflow/example_dags/example_task_group_decorator.py
[2026-04-01T13:13:29.670+0000] {logging_mixin.py:188} INFO - [2026-04-01T13:13:29.670+0000] {dag.py:3096} INFO - Sync 1 DAGs
[2026-04-01T13:13:29.685+0000] {logging_mixin.py:188} INFO - [2026-04-01T13:13:29.685+0000] {dag.py:3954} INFO - Setting next_dagrun for example_task_group_decorator to 2026-03-31 00:00:00+00:00, run_after=2026-04-01 00:00:00+00:00
[2026-04-01T13:13:29.703+0000] {processor.py:183} INFO - Processing /home/airflow/.local/lib/python3.12/site-packages/airflow/example_dags/example_task_group_decorator.py took 0.067 seconds
[2026-04-01T13:14:00.224+0000] {processor.py:161} INFO - Started process (PID=1815) to work on /home/airflow/.local/lib/python3.12/site-packages/airflow/example_dags/example_task_group_decorator.py
[2026-04-01T13:14:00.225+0000] {processor.py:830} INFO - Processing file /home/airflow/.local/lib/python3.12/site-packages/airflow/example_dags/example_task_group_decorator.py for tasks to queue
[2026-04-01T13:14:00.227+0000] {logging_mixin.py:188} INFO - [2026-04-01T13:14:00.226+0000] {dagbag.py:545} INFO - Filling up the DagBag from /home/airflow/.local/lib/python3.12/site-packages/airflow/example_dags/example_task_group_decorator.py
[2026-04-01T13:14:00.239+0000] {processor.py:840} INFO - DAG(s) 'example_task_group_decorator' retrieved from /home/airflow/.local/lib/python3.12/site-packages/airflow/example_dags/example_task_group_decorator.py
[2026-04-01T13:14:00.258+0000] {logging_mixin.py:188} INFO - [2026-04-01T13:14:00.258+0000] {dag.py:3096} INFO - Sync 1 DAGs
[2026-04-01T13:14:00.275+0000] {logging_mixin.py:188} INFO - [2026-04-01T13:14:00.275+0000] {dag.py:3954} INFO - Setting next_dagrun for example_task_group_decorator to 2026-03-31 00:00:00+00:00, run_after=2026-04-01 00:00:00+00:00
[2026-04-01T13:14:00.290+0000] {processor.py:183} INFO - Processing /home/airflow/.local/lib/python3.12/site-packages/airflow/example_dags/example_task_group_decorator.py took 0.072 seconds
[2026-04-01T13:14:30.754+0000] {processor.py:161} INFO - Started process (PID=1873) to work on /home/airflow/.local/lib/python3.12/site-packages/airflow/example_dags/example_task_group_decorator.py
[2026-04-01T13:14:30.755+0000] {processor.py:830} INFO - Processing file /home/airflow/.local/lib/python3.12/site-packages/airflow/example_dags/example_task_group_decorator.py for tasks to queue
[2026-04-01T13:14:30.758+0000] {logging_mixin.py:188} INFO - [2026-04-01T13:14:30.758+0000] {dagbag.py:545} INFO - Filling up the DagBag from /home/airflow/.local/lib/python3.12/site-packages/airflow/example_dags/example_task_group_decorator.py
[2026-04-01T13:14:30.771+0000] {processor.py:840} INFO - DAG(s) 'example_task_group_decorator' retrieved from /home/airflow/.local/lib/python3.12/site-packages/airflow/example_dags/example_task_group_decorator.py
[2026-04-01T13:14:30.791+0000] {logging_mixin.py:188} INFO - [2026-04-01T13:14:30.791+0000] {dag.py:3096} INFO - Sync 1 DAGs
[2026-04-01T13:14:30.809+0000] {logging_mixin.py:188} INFO - [2026-04-01T13:14:30.809+0000] {dag.py:3954} INFO - Setting next_dagrun for example_task_group_decorator to 2026-03-31 00:00:00+00:00, run_after=2026-04-01 00:00:00+00:00
[2026-04-01T13:14:30.929+0000] {processor.py:183} INFO - Processing /home/airflow/.local/lib/python3.12/site-packages/airflow/example_dags/example_task_group_decorator.py took 0.183 seconds
[2026-04-01T13:15:01.145+0000] {processor.py:161} INFO - Started process (PID=1931) to work on /home/airflow/.local/lib/python3.12/site-packages/airflow/example_dags/example_task_group_decorator.py
[2026-04-01T13:15:01.146+0000] {processor.py:830} INFO - Processing file /home/airflow/.local/lib/python3.12/site-packages/airflow/example_dags/example_task_group_decorator.py for tasks to queue
[2026-04-01T13:15:01.147+0000] {logging_mixin.py:188} INFO - [2026-04-01T13:15:01.147+0000] {dagbag.py:545} INFO - Filling up the DagBag from /home/airflow/.local/lib/python3.12/site-packages/airflow/example_dags/example_task_group_decorator.py
[2026-04-01T13:15:01.158+0000] {processor.py:840} INFO - DAG(s) 'example_task_group_decorator' retrieved from /home/airflow/.local/lib/python3.12/site-packages/airflow/example_dags/example_task_group_decorator.py
[2026-04-01T13:15:01.176+0000] {logging_mixin.py:188} INFO - [2026-04-01T13:15:01.176+0000] {dag.py:3096} INFO - Sync 1 DAGs
[2026-04-01T13:15:01.192+0000] {logging_mixin.py:188} INFO - [2026-04-01T13:15:01.192+0000] {dag.py:3954} INFO - Setting next_dagrun for example_task_group_decorator to 2026-03-31 00:00:00+00:00, run_after=2026-04-01 00:00:00+00:00
[2026-04-01T13:15:01.207+0000] {processor.py:183} INFO - Processing /home/airflow/.local/lib/python3.12/site-packages/airflow/example_dags/example_task_group_decorator.py took 0.067 seconds
[2026-04-01T13:15:31.403+0000] {processor.py:161} INFO - Started process (PID=1989) to work on /home/airflow/.local/lib/python3.12/site-packages/airflow/example_dags/example_task_group_decorator.py
[2026-04-01T13:15:31.404+0000] {processor.py:830} INFO - Processing file /home/airflow/.local/lib/python3.12/site-packages/airflow/example_dags/example_task_group_decorator.py for tasks to queue
[2026-04-01T13:15:31.405+0000] {logging_mixin.py:188} INFO - [2026-04-01T13:15:31.405+0000] {dagbag.py:545} INFO - Filling up the DagBag from /home/airflow/.local/lib/python3.12/site-packages/airflow/example_dags/example_task_group_decorator.py
[2026-04-01T13:15:31.415+0000] {processor.py:840} INFO - DAG(s) 'example_task_group_decorator' retrieved from /home/airflow/.local/lib/python3.12/site-packages/airflow/example_dags/example_task_group_decorator.py
[2026-04-01T13:15:31.435+0000] {logging_mixin.py:188} INFO - [2026-04-01T13:15:31.435+0000] {dag.py:3096} INFO - Sync 1 DAGs
[2026-04-01T13:15:31.451+0000] {logging_mixin.py:188} INFO - [2026-04-01T13:15:31.451+0000] {dag.py:3954} INFO - Setting next_dagrun for example_task_group_decorator to 2026-03-31 00:00:00+00:00, run_after=2026-04-01 00:00:00+00:00
[2026-04-01T13:15:31.468+0000] {processor.py:183} INFO - Processing /home/airflow/.local/lib/python3.12/site-packages/airflow/example_dags/example_task_group_decorator.py took 0.069 seconds
[2026-04-01T13:16:01.868+0000] {processor.py:161} INFO - Started process (PID=2047) to work on /home/airflow/.local/lib/python3.12/site-packages/airflow/example_dags/example_task_group_decorator.py
[2026-04-01T13:16:01.868+0000] {processor.py:830} INFO - Processing file /home/airflow/.local/lib/python3.12/site-packages/airflow/example_dags/example_task_group_decorator.py for tasks to queue
[2026-04-01T13:16:01.870+0000] {logging_mixin.py:188} INFO - [2026-04-01T13:16:01.870+0000] {dagbag.py:545} INFO - Filling up the DagBag from /home/airflow/.local/lib/python3.12/site-packages/airflow/example_dags/example_task_group_decorator.py
[2026-04-01T13:16:01.879+0000] {processor.py:840} INFO - DAG(s) 'example_task_group_decorator' retrieved from /home/airflow/.local/lib/python3.12/site-packages/airflow/example_dags/example_task_group_decorator.py
[2026-04-01T13:16:01.899+0000] {logging_mixin.py:188} INFO - [2026-04-01T13:16:01.898+0000] {dag.py:3096} INFO - Sync 1 DAGs
[2026-04-01T13:16:01.914+0000] {logging_mixin.py:188} INFO - [2026-04-01T13:16:01.914+0000] {dag.py:3954} INFO - Setting next_dagrun for example_task_group_decorator to 2026-03-31 00:00:00+00:00, run_after=2026-04-01 00:00:00+00:00
[2026-04-01T13:16:01.928+0000] {processor.py:183} INFO - Processing /home/airflow/.local/lib/python3.12/site-packages/airflow/example_dags/example_task_group_decorator.py took 0.065 seconds
[2026-04-01T13:16:33.318+0000] {processor.py:161} INFO - Started process (PID=2105) to work on /home/airflow/.local/lib/python3.12/site-packages/airflow/example_dags/example_task_group_decorator.py
[2026-04-01T13:16:33.318+0000] {processor.py:830} INFO - Processing file /home/airflow/.local/lib/python3.12/site-packages/airflow/example_dags/example_task_group_decorator.py for tasks to queue
[2026-04-01T13:16:33.320+0000] {logging_mixin.py:188} INFO - [2026-04-01T13:16:33.320+0000] {dagbag.py:545} INFO - Filling up the DagBag from /home/airflow/.local/lib/python3.12/site-packages/airflow/example_dags/example_task_group_decorator.py
[2026-04-01T13:16:33.331+0000] {processor.py:840} INFO - DAG(s) 'example_task_group_decorator' retrieved from /home/airflow/.local/lib/python3.12/site-packages/airflow/example_dags/example_task_group_decorator.py
[2026-04-01T13:16:33.453+0000] {logging_mixin.py:188} INFO - [2026-04-01T13:16:33.453+0000] {dag.py:3096} INFO - Sync 1 DAGs
[2026-04-01T13:16:33.466+0000] {logging_mixin.py:188} INFO - [2026-04-01T13:16:33.466+0000] {dag.py:3954} INFO - Setting next_dagrun for example_task_group_decorator to 2026-03-31 00:00:00+00:00, run_after=2026-04-01 00:00:00+00:00
[2026-04-01T13:16:33.484+0000] {processor.py:183} INFO - Processing /home/airflow/.local/lib/python3.12/site-packages/airflow/example_dags/example_task_group_decorator.py took 0.171 seconds
[2026-04-01T13:17:03.833+0000] {processor.py:161} INFO - Started process (PID=2163) to work on /home/airflow/.local/lib/python3.12/site-packages/airflow/example_dags/example_task_group_decorator.py
[2026-04-01T13:17:03.833+0000] {processor.py:830} INFO - Processing file /home/airflow/.local/lib/python3.12/site-packages/airflow/example_dags/example_task_group_decorator.py for tasks to queue
[2026-04-01T13:17:03.835+0000] {logging_mixin.py:188} INFO - [2026-04-01T13:17:03.834+0000] {dagbag.py:545} INFO - Filling up the DagBag from /home/airflow/.local/lib/python3.12/site-packages/airflow/example_dags/example_task_group_decorator.py
[2026-04-01T13:17:03.845+0000] {processor.py:840} INFO - DAG(s) 'example_task_group_decorator' retrieved from /home/airflow/.local/lib/python3.12/site-packages/airflow/example_dags/example_task_group_decorator.py
[2026-04-01T13:17:03.863+0000] {logging_mixin.py:188} INFO - [2026-04-01T13:17:03.863+0000] {dag.py:3096} INFO - Sync 1 DAGs
[2026-04-01T13:17:03.880+0000] {logging_mixin.py:188} INFO - [2026-04-01T13:17:03.880+0000] {dag.py:3954} INFO - Setting next_dagrun for example_task_group_decorator to 2026-03-31 00:00:00+00:00, run_after=2026-04-01 00:00:00+00:00
[2026-04-01T13:17:03.896+0000] {processor.py:183} INFO - Processing /home/airflow/.local/lib/python3.12/site-packages/airflow/example_dags/example_task_group_decorator.py took 0.068 seconds
[2026-04-01T13:17:34.203+0000] {processor.py:161} INFO - Started process (PID=2221) to work on /home/airflow/.local/lib/python3.12/site-packages/airflow/example_dags/example_task_group_decorator.py
[2026-04-01T13:17:34.204+0000] {processor.py:830} INFO - Processing file /home/airflow/.local/lib/python3.12/site-packages/airflow/example_dags/example_task_group_decorator.py for tasks to queue
[2026-04-01T13:17:34.206+0000] {logging_mixin.py:188} INFO - [2026-04-01T13:17:34.205+0000] {dagbag.py:545} INFO - Filling up the DagBag from /home/airflow/.local/lib/python3.12/site-packages/airflow/example_dags/example_task_group_decorator.py
[2026-04-01T13:17:34.215+0000] {processor.py:840} INFO - DAG(s) 'example_task_group_decorator' retrieved from /home/airflow/.local/lib/python3.12/site-packages/airflow/example_dags/example_task_group_decorator.py
[2026-04-01T13:17:34.232+0000] {logging_mixin.py:188} INFO - [2026-04-01T13:17:34.232+0000] {dag.py:3096} INFO - Sync 1 DAGs
[2026-04-01T13:17:34.247+0000] {logging_mixin.py:188} INFO - [2026-04-01T13:17:34.246+0000] {dag.py:3954} INFO - Setting next_dagrun for example_task_group_decorator to 2026-03-31 00:00:00+00:00, run_after=2026-04-01 00:00:00+00:00
[2026-04-01T13:17:34.261+0000] {processor.py:183} INFO - Processing /home/airflow/.local/lib/python3.12/site-packages/airflow/example_dags/example_task_group_decorator.py took 0.062 seconds
[2026-04-01T13:18:04.400+0000] {processor.py:161} INFO - Started process (PID=2279) to work on /home/airflow/.local/lib/python3.12/site-packages/airflow/example_dags/example_task_group_decorator.py
[2026-04-01T13:18:04.401+0000] {processor.py:830} INFO - Processing file /home/airflow/.local/lib/python3.12/site-packages/airflow/example_dags/example_task_group_decorator.py for tasks to queue
[2026-04-01T13:18:04.403+0000] {logging_mixin.py:188} INFO - [2026-04-01T13:18:04.403+0000] {dagbag.py:545} INFO - Filling up the DagBag from /home/airflow/.local/lib/python3.12/site-packages/airflow/example_dags/example_task_group_decorator.py
[2026-04-01T13:18:04.413+0000] {processor.py:840} INFO - DAG(s) 'example_task_group_decorator' retrieved from /home/airflow/.local/lib/python3.12/site-packages/airflow/example_dags/example_task_group_decorator.py
[2026-04-01T13:18:04.431+0000] {logging_mixin.py:188} INFO - [2026-04-01T13:18:04.431+0000] {dag.py:3096} INFO - Sync 1 DAGs
[2026-04-01T13:18:04.446+0000] {logging_mixin.py:188} INFO - [2026-04-01T13:18:04.446+0000] {dag.py:3954} INFO - Setting next_dagrun for example_task_group_decorator to 2026-03-31 00:00:00+00:00, run_after=2026-04-01 00:00:00+00:00
[2026-04-01T13:18:04.460+0000] {processor.py:183} INFO - Processing /home/airflow/.local/lib/python3.12/site-packages/airflow/example_dags/example_task_group_decorator.py took 0.064 seconds
[2026-04-01T13:18:34.926+0000] {processor.py:161} INFO - Started process (PID=2337) to work on /home/airflow/.local/lib/python3.12/site-packages/airflow/example_dags/example_task_group_decorator.py
[2026-04-01T13:18:34.927+0000] {processor.py:830} INFO - Processing file /home/airflow/.local/lib/python3.12/site-packages/airflow/example_dags/example_task_group_decorator.py for tasks to queue
[2026-04-01T13:18:34.928+0000] {logging_mixin.py:188} INFO - [2026-04-01T13:18:34.928+0000] {dagbag.py:545} INFO - Filling up the DagBag from /home/airflow/.local/lib/python3.12/site-packages/airflow/example_dags/example_task_group_decorator.py
[2026-04-01T13:18:34.939+0000] {processor.py:840} INFO - DAG(s) 'example_task_group_decorator' retrieved from /home/airflow/.local/lib/python3.12/site-packages/airflow/example_dags/example_task_group_decorator.py
[2026-04-01T13:18:34.958+0000] {logging_mixin.py:188} INFO - [2026-04-01T13:18:34.958+0000] {dag.py:3096} INFO - Sync 1 DAGs
[2026-04-01T13:18:34.978+0000] {logging_mixin.py:188} INFO - [2026-04-01T13:18:34.978+0000] {dag.py:3954} INFO - Setting next_dagrun for example_task_group_decorator to 2026-03-31 00:00:00+00:00, run_after=2026-04-01 00:00:00+00:00
[2026-04-01T13:18:34.995+0000] {processor.py:183} INFO - Processing /home/airflow/.local/lib/python3.12/site-packages/airflow/example_dags/example_task_group_decorator.py took 0.074 seconds
[2026-04-01T13:19:05.435+0000] {processor.py:161} INFO - Started process (PID=2395) to work on /home/airflow/.local/lib/python3.12/site-packages/airflow/example_dags/example_task_group_decorator.py
[2026-04-01T13:19:05.436+0000] {processor.py:830} INFO - Processing file /home/airflow/.local/lib/python3.12/site-packages/airflow/example_dags/example_task_group_decorator.py for tasks to queue
[2026-04-01T13:19:05.437+0000] {logging_mixin.py:188} INFO - [2026-04-01T13:19:05.437+0000] {dagbag.py:545} INFO - Filling up the DagBag from /home/airflow/.local/lib/python3.12/site-packages/airflow/example_dags/example_task_group_decorator.py
[2026-04-01T13:19:05.448+0000] {processor.py:840} INFO - DAG(s) 'example_task_group_decorator' retrieved from /home/airflow/.local/lib/python3.12/site-packages/airflow/example_dags/example_task_group_decorator.py
[2026-04-01T13:19:05.465+0000] {logging_mixin.py:188} INFO - [2026-04-01T13:19:05.464+0000] {dag.py:3096} INFO - Sync 1 DAGs
[2026-04-01T13:19:05.480+0000] {logging_mixin.py:188} INFO - [2026-04-01T13:19:05.480+0000] {dag.py:3954} INFO - Setting next_dagrun for example_task_group_decorator to 2026-03-31 00:00:00+00:00, run_after=2026-04-01 00:00:00+00:00
[2026-04-01T13:19:05.500+0000] {processor.py:183} INFO - Processing /home/airflow/.local/lib/python3.12/site-packages/airflow/example_dags/example_task_group_decorator.py took 0.069 seconds
[2026-04-01T13:19:35.725+0000] {processor.py:161} INFO - Started process (PID=2453) to work on /home/airflow/.local/lib/python3.12/site-packages/airflow/example_dags/example_task_group_decorator.py
[2026-04-01T13:19:35.726+0000] {processor.py:830} INFO - Processing file /home/airflow/.local/lib/python3.12/site-packages/airflow/example_dags/example_task_group_decorator.py for tasks to queue
[2026-04-01T13:19:35.728+0000] {logging_mixin.py:188} INFO - [2026-04-01T13:19:35.727+0000] {dagbag.py:545} INFO - Filling up the DagBag from /home/airflow/.local/lib/python3.12/site-packages/airflow/example_dags/example_task_group_decorator.py
[2026-04-01T13:19:35.737+0000] {processor.py:840} INFO - DAG(s) 'example_task_group_decorator' retrieved from /home/airflow/.local/lib/python3.12/site-packages/airflow/example_dags/example_task_group_decorator.py
[2026-04-01T13:19:35.754+0000] {logging_mixin.py:188} INFO - [2026-04-01T13:19:35.754+0000] {dag.py:3096} INFO - Sync 1 DAGs
[2026-04-01T13:19:35.769+0000] {logging_mixin.py:188} INFO - [2026-04-01T13:19:35.768+0000] {dag.py:3954} INFO - Setting next_dagrun for example_task_group_decorator to 2026-03-31 00:00:00+00:00, run_after=2026-04-01 00:00:00+00:00
[2026-04-01T13:19:35.783+0000] {processor.py:183} INFO - Processing /home/airflow/.local/lib/python3.12/site-packages/airflow/example_dags/example_task_group_decorator.py took 0.062 seconds
[2026-04-01T13:20:06.203+0000] {processor.py:161} INFO - Started process (PID=2511) to work on /home/airflow/.local/lib/python3.12/site-packages/airflow/example_dags/example_task_group_decorator.py
[2026-04-01T13:20:06.204+0000] {processor.py:830} INFO - Processing file /home/airflow/.local/lib/python3.12/site-packages/airflow/example_dags/example_task_group_decorator.py for tasks to queue
[2026-04-01T13:20:06.206+0000] {logging_mixin.py:188} INFO - [2026-04-01T13:20:06.205+0000] {dagbag.py:545} INFO - Filling up the DagBag from /home/airflow/.local/lib/python3.12/site-packages/airflow/example_dags/example_task_group_decorator.py
[2026-04-01T13:20:06.218+0000] {processor.py:840} INFO - DAG(s) 'example_task_group_decorator' retrieved from /home/airflow/.local/lib/python3.12/site-packages/airflow/example_dags/example_task_group_decorator.py
[2026-04-01T13:20:06.235+0000] {logging_mixin.py:188} INFO - [2026-04-01T13:20:06.235+0000] {dag.py:3096} INFO - Sync 1 DAGs
[2026-04-01T13:20:06.252+0000] {logging_mixin.py:188} INFO - [2026-04-01T13:20:06.252+0000] {dag.py:3954} INFO - Setting next_dagrun for example_task_group_decorator to 2026-03-31 00:00:00+00:00, run_after=2026-04-01 00:00:00+00:00
[2026-04-01T13:20:06.271+0000] {processor.py:183} INFO - Processing /home/airflow/.local/lib/python3.12/site-packages/airflow/example_dags/example_task_group_decorator.py took 0.072 seconds
[2026-04-01T13:20:36.703+0000] {processor.py:161} INFO - Started process (PID=2569) to work on /home/airflow/.local/lib/python3.12/site-packages/airflow/example_dags/example_task_group_decorator.py
[2026-04-01T13:20:36.704+0000] {processor.py:830} INFO - Processing file /home/airflow/.local/lib/python3.12/site-packages/airflow/example_dags/example_task_group_decorator.py for tasks to queue
[2026-04-01T13:20:36.706+0000] {logging_mixin.py:188} INFO - [2026-04-01T13:20:36.706+0000] {dagbag.py:545} INFO - Filling up the DagBag from /home/airflow/.local/lib/python3.12/site-packages/airflow/example_dags/example_task_group_decorator.py
[2026-04-01T13:20:36.717+0000] {processor.py:840} INFO - DAG(s) 'example_task_group_decorator' retrieved from /home/airflow/.local/lib/python3.12/site-packages/airflow/example_dags/example_task_group_decorator.py
[2026-04-01T13:20:36.735+0000] {logging_mixin.py:188} INFO - [2026-04-01T13:20:36.735+0000] {dag.py:3096} INFO - Sync 1 DAGs
[2026-04-01T13:20:36.751+0000] {logging_mixin.py:188} INFO - [2026-04-01T13:20:36.751+0000] {dag.py:3954} INFO - Setting next_dagrun for example_task_group_decorator to 2026-03-31 00:00:00+00:00, run_after=2026-04-01 00:00:00+00:00
[2026-04-01T13:20:36.769+0000] {processor.py:183} INFO - Processing /home/airflow/.local/lib/python3.12/site-packages/airflow/example_dags/example_task_group_decorator.py took 0.070 seconds
[2026-04-01T13:21:07.143+0000] {processor.py:161} INFO - Started process (PID=2627) to work on /home/airflow/.local/lib/python3.12/site-packages/airflow/example_dags/example_task_group_decorator.py
[2026-04-01T13:21:07.144+0000] {processor.py:830} INFO - Processing file /home/airflow/.local/lib/python3.12/site-packages/airflow/example_dags/example_task_group_decorator.py for tasks to queue
[2026-04-01T13:21:07.145+0000] {logging_mixin.py:188} INFO - [2026-04-01T13:21:07.145+0000] {dagbag.py:545} INFO - Filling up the DagBag from /home/airflow/.local/lib/python3.12/site-packages/airflow/example_dags/example_task_group_decorator.py
[2026-04-01T13:21:07.159+0000] {processor.py:840} INFO - DAG(s) 'example_task_group_decorator' retrieved from /home/airflow/.local/lib/python3.12/site-packages/airflow/example_dags/example_task_group_decorator.py
[2026-04-01T13:21:07.180+0000] {logging_mixin.py:188} INFO - [2026-04-01T13:21:07.180+0000] {dag.py:3096} INFO - Sync 1 DAGs
[2026-04-01T13:21:07.198+0000] {logging_mixin.py:188} INFO - [2026-04-01T13:21:07.198+0000] {dag.py:3954} INFO - Setting next_dagrun for example_task_group_decorator to 2026-03-31 00:00:00+00:00, run_after=2026-04-01 00:00:00+00:00
[2026-04-01T13:21:07.218+0000] {processor.py:183} INFO - Processing /home/airflow/.local/lib/python3.12/site-packages/airflow/example_dags/example_task_group_decorator.py took 0.080 seconds
[2026-04-01T13:21:37.691+0000] {processor.py:161} INFO - Started process (PID=2685) to work on /home/airflow/.local/lib/python3.12/site-packages/airflow/example_dags/example_task_group_decorator.py
[2026-04-01T13:21:37.692+0000] {processor.py:830} INFO - Processing file /home/airflow/.local/lib/python3.12/site-packages/airflow/example_dags/example_task_group_decorator.py for tasks to queue
[2026-04-01T13:21:37.694+0000] {logging_mixin.py:188} INFO - [2026-04-01T13:21:37.694+0000] {dagbag.py:545} INFO - Filling up the DagBag from /home/airflow/.local/lib/python3.12/site-packages/airflow/example_dags/example_task_group_decorator.py
[2026-04-01T13:21:37.706+0000] {processor.py:840} INFO - DAG(s) 'example_task_group_decorator' retrieved from /home/airflow/.local/lib/python3.12/site-packages/airflow/example_dags/example_task_group_decorator.py
[2026-04-01T13:21:37.729+0000] {logging_mixin.py:188} INFO - [2026-04-01T13:21:37.729+0000] {dag.py:3096} INFO - Sync 1 DAGs
[2026-04-01T13:21:37.746+0000] {logging_mixin.py:188} INFO - [2026-04-01T13:21:37.745+0000] {dag.py:3954} INFO - Setting next_dagrun for example_task_group_decorator to 2026-03-31 00:00:00+00:00, run_after=2026-04-01 00:00:00+00:00
[2026-04-01T13:21:37.761+0000] {processor.py:183} INFO - Processing /home/airflow/.local/lib/python3.12/site-packages/airflow/example_dags/example_task_group_decorator.py took 0.076 seconds
[2026-04-01T13:22:08.217+0000] {processor.py:161} INFO - Started process (PID=2743) to work on /home/airflow/.local/lib/python3.12/site-packages/airflow/example_dags/example_task_group_decorator.py
[2026-04-01T13:22:08.218+0000] {processor.py:830} INFO - Processing file /home/airflow/.local/lib/python3.12/site-packages/airflow/example_dags/example_task_group_decorator.py for tasks to queue
[2026-04-01T13:22:08.220+0000] {logging_mixin.py:188} INFO - [2026-04-01T13:22:08.220+0000] {dagbag.py:545} INFO - Filling up the DagBag from /home/airflow/.local/lib/python3.12/site-packages/airflow/example_dags/example_task_group_decorator.py
[2026-04-01T13:22:08.231+0000] {processor.py:840} INFO - DAG(s) 'example_task_group_decorator' retrieved from /home/airflow/.local/lib/python3.12/site-packages/airflow/example_dags/example_task_group_decorator.py
[2026-04-01T13:22:08.248+0000] {logging_mixin.py:188} INFO - [2026-04-01T13:22:08.248+0000] {dag.py:3096} INFO - Sync 1 DAGs
[2026-04-01T13:22:08.263+0000] {logging_mixin.py:188} INFO - [2026-04-01T13:22:08.263+0000] {dag.py:3954} INFO - Setting next_dagrun for example_task_group_decorator to 2026-03-31 00:00:00+00:00, run_after=2026-04-01 00:00:00+00:00
[2026-04-01T13:22:08.282+0000] {processor.py:183} INFO - Processing /home/airflow/.local/lib/python3.12/site-packages/airflow/example_dags/example_task_group_decorator.py took 0.072 seconds
[2026-04-01T13:22:38.658+0000] {processor.py:161} INFO - Started process (PID=2801) to work on /home/airflow/.local/lib/python3.12/site-packages/airflow/example_dags/example_task_group_decorator.py
[2026-04-01T13:22:38.659+0000] {processor.py:830} INFO - Processing file /home/airflow/.local/lib/python3.12/site-packages/airflow/example_dags/example_task_group_decorator.py for tasks to queue
[2026-04-01T13:22:38.660+0000] {logging_mixin.py:188} INFO - [2026-04-01T13:22:38.660+0000] {dagbag.py:545} INFO - Filling up the DagBag from /home/airflow/.local/lib/python3.12/site-packages/airflow/example_dags/example_task_group_decorator.py
[2026-04-01T13:22:38.670+0000] {processor.py:840} INFO - DAG(s) 'example_task_group_decorator' retrieved from /home/airflow/.local/lib/python3.12/site-packages/airflow/example_dags/example_task_group_decorator.py
[2026-04-01T13:22:38.689+0000] {logging_mixin.py:188} INFO - [2026-04-01T13:22:38.689+0000] {dag.py:3096} INFO - Sync 1 DAGs
[2026-04-01T13:22:38.704+0000] {logging_mixin.py:188} INFO - [2026-04-01T13:22:38.704+0000] {dag.py:3954} INFO - Setting next_dagrun for example_task_group_decorator to 2026-03-31 00:00:00+00:00, run_after=2026-04-01 00:00:00+00:00
[2026-04-01T13:22:38.721+0000] {processor.py:183} INFO - Processing /home/airflow/.local/lib/python3.12/site-packages/airflow/example_dags/example_task_group_decorator.py took 0.068 seconds
[2026-04-01T13:23:09.188+0000] {processor.py:161} INFO - Started process (PID=2859) to work on /home/airflow/.local/lib/python3.12/site-packages/airflow/example_dags/example_task_group_decorator.py
[2026-04-01T13:23:09.189+0000] {processor.py:830} INFO - Processing file /home/airflow/.local/lib/python3.12/site-packages/airflow/example_dags/example_task_group_decorator.py for tasks to queue
[2026-04-01T13:23:09.191+0000] {logging_mixin.py:188} INFO - [2026-04-01T13:23:09.191+0000] {dagbag.py:545} INFO - Filling up the DagBag from /home/airflow/.local/lib/python3.12/site-packages/airflow/example_dags/example_task_group_decorator.py
[2026-04-01T13:23:09.204+0000] {processor.py:840} INFO - DAG(s) 'example_task_group_decorator' retrieved from /home/airflow/.local/lib/python3.12/site-packages/airflow/example_dags/example_task_group_decorator.py
[2026-04-01T13:23:09.229+0000] {logging_mixin.py:188} INFO - [2026-04-01T13:23:09.229+0000] {dag.py:3096} INFO - Sync 1 DAGs
[2026-04-01T13:23:09.255+0000] {logging_mixin.py:188} INFO - [2026-04-01T13:23:09.254+0000] {dag.py:3954} INFO - Setting next_dagrun for example_task_group_decorator to 2026-03-31 00:00:00+00:00, run_after=2026-04-01 00:00:00+00:00
[2026-04-01T13:23:09.276+0000] {processor.py:183} INFO - Processing /home/airflow/.local/lib/python3.12/site-packages/airflow/example_dags/example_task_group_decorator.py took 0.092 seconds
[2026-04-01T13:23:39.703+0000] {processor.py:161} INFO - Started process (PID=2917) to work on /home/airflow/.local/lib/python3.12/site-packages/airflow/example_dags/example_task_group_decorator.py
[2026-04-01T13:23:39.704+0000] {processor.py:830} INFO - Processing file /home/airflow/.local/lib/python3.12/site-packages/airflow/example_dags/example_task_group_decorator.py for tasks to queue
[2026-04-01T13:23:39.706+0000] {logging_mixin.py:188} INFO - [2026-04-01T13:23:39.706+0000] {dagbag.py:545} INFO - Filling up the DagBag from /home/airflow/.local/lib/python3.12/site-packages/airflow/example_dags/example_task_group_decorator.py
[2026-04-01T13:23:39.717+0000] {processor.py:840} INFO - DAG(s) 'example_task_group_decorator' retrieved from /home/airflow/.local/lib/python3.12/site-packages/airflow/example_dags/example_task_group_decorator.py
[2026-04-01T13:23:39.737+0000] {logging_mixin.py:188} INFO - [2026-04-01T13:23:39.736+0000] {dag.py:3096} INFO - Sync 1 DAGs
[2026-04-01T13:23:39.759+0000] {logging_mixin.py:188} INFO - [2026-04-01T13:23:39.759+0000] {dag.py:3954} INFO - Setting next_dagrun for example_task_group_decorator to 2026-03-31 00:00:00+00:00, run_after=2026-04-01 00:00:00+00:00
[2026-04-01T13:23:39.784+0000] {processor.py:183} INFO - Processing /home/airflow/.local/lib/python3.12/site-packages/airflow/example_dags/example_task_group_decorator.py took 0.086 seconds
[2026-04-01T13:24:10.271+0000] {processor.py:161} INFO - Started process (PID=2976) to work on /home/airflow/.local/lib/python3.12/site-packages/airflow/example_dags/example_task_group_decorator.py
[2026-04-01T13:24:10.272+0000] {processor.py:830} INFO - Processing file /home/airflow/.local/lib/python3.12/site-packages/airflow/example_dags/example_task_group_decorator.py for tasks to queue
[2026-04-01T13:24:10.274+0000] {logging_mixin.py:188} INFO - [2026-04-01T13:24:10.273+0000] {dagbag.py:545} INFO - Filling up the DagBag from /home/airflow/.local/lib/python3.12/site-packages/airflow/example_dags/example_task_group_decorator.py
[2026-04-01T13:24:10.283+0000] {processor.py:840} INFO - DAG(s) 'example_task_group_decorator' retrieved from /home/airflow/.local/lib/python3.12/site-packages/airflow/example_dags/example_task_group_decorator.py
[2026-04-01T13:24:10.302+0000] {logging_mixin.py:188} INFO - [2026-04-01T13:24:10.302+0000] {dag.py:3096} INFO - Sync 1 DAGs
[2026-04-01T13:24:10.319+0000] {logging_mixin.py:188} INFO - [2026-04-01T13:24:10.319+0000] {dag.py:3954} INFO - Setting next_dagrun for example_task_group_decorator to 2026-03-31 00:00:00+00:00, run_after=2026-04-01 00:00:00+00:00
[2026-04-01T13:24:10.339+0000] {processor.py:183} INFO - Processing /home/airflow/.local/lib/python3.12/site-packages/airflow/example_dags/example_task_group_decorator.py took 0.073 seconds
[2026-04-01T13:24:40.681+0000] {processor.py:161} INFO - Started process (PID=3034) to work on /home/airflow/.local/lib/python3.12/site-packages/airflow/example_dags/example_task_group_decorator.py
[2026-04-01T13:24:40.681+0000] {processor.py:830} INFO - Processing file /home/airflow/.local/lib/python3.12/site-packages/airflow/example_dags/example_task_group_decorator.py for tasks to queue
[2026-04-01T13:24:40.683+0000] {logging_mixin.py:188} INFO - [2026-04-01T13:24:40.683+0000] {dagbag.py:545} INFO - Filling up the DagBag from /home/airflow/.local/lib/python3.12/site-packages/airflow/example_dags/example_task_group_decorator.py
[2026-04-01T13:24:40.694+0000] {processor.py:840} INFO - DAG(s) 'example_task_group_decorator' retrieved from /home/airflow/.local/lib/python3.12/site-packages/airflow/example_dags/example_task_group_decorator.py
[2026-04-01T13:24:40.712+0000] {logging_mixin.py:188} INFO - [2026-04-01T13:24:40.712+0000] {dag.py:3096} INFO - Sync 1 DAGs
[2026-04-01T13:24:40.730+0000] {logging_mixin.py:188} INFO - [2026-04-01T13:24:40.730+0000] {dag.py:3954} INFO - Setting next_dagrun for example_task_group_decorator to 2026-03-31 00:00:00+00:00, run_after=2026-04-01 00:00:00+00:00
[2026-04-01T13:24:40.747+0000] {processor.py:183} INFO - Processing /home/airflow/.local/lib/python3.12/site-packages/airflow/example_dags/example_task_group_decorator.py took 0.071 seconds
[2026-04-01T13:25:11.261+0000] {processor.py:161} INFO - Started process (PID=3093) to work on /home/airflow/.local/lib/python3.12/site-packages/airflow/example_dags/example_task_group_decorator.py
[2026-04-01T13:25:11.262+0000] {processor.py:830} INFO - Processing file /home/airflow/.local/lib/python3.12/site-packages/airflow/example_dags/example_task_group_decorator.py for tasks to queue
[2026-04-01T13:25:11.263+0000] {logging_mixin.py:188} INFO - [2026-04-01T13:25:11.263+0000] {dagbag.py:545} INFO - Filling up the DagBag from /home/airflow/.local/lib/python3.12/site-packages/airflow/example_dags/example_task_group_decorator.py
[2026-04-01T13:25:11.273+0000] {processor.py:840} INFO - DAG(s) 'example_task_group_decorator' retrieved from /home/airflow/.local/lib/python3.12/site-packages/airflow/example_dags/example_task_group_decorator.py
[2026-04-01T13:25:11.290+0000] {logging_mixin.py:188} INFO - [2026-04-01T13:25:11.290+0000] {dag.py:3096} INFO - Sync 1 DAGs
[2026-04-01T13:25:11.305+0000] {logging_mixin.py:188} INFO - [2026-04-01T13:25:11.305+0000] {dag.py:3954} INFO - Setting next_dagrun for example_task_group_decorator to 2026-03-31 00:00:00+00:00, run_after=2026-04-01 00:00:00+00:00
[2026-04-01T13:25:11.327+0000] {processor.py:183} INFO - Processing /home/airflow/.local/lib/python3.12/site-packages/airflow/example_dags/example_task_group_decorator.py took 0.070 seconds
[2026-04-01T13:25:41.670+0000] {processor.py:161} INFO - Started process (PID=3152) to work on /home/airflow/.local/lib/python3.12/site-packages/airflow/example_dags/example_task_group_decorator.py
[2026-04-01T13:25:41.670+0000] {processor.py:830} INFO - Processing file /home/airflow/.local/lib/python3.12/site-packages/airflow/example_dags/example_task_group_decorator.py for tasks to queue
[2026-04-01T13:25:41.672+0000] {logging_mixin.py:188} INFO - [2026-04-01T13:25:41.672+0000] {dagbag.py:545} INFO - Filling up the DagBag from /home/airflow/.local/lib/python3.12/site-packages/airflow/example_dags/example_task_group_decorator.py
[2026-04-01T13:25:41.682+0000] {processor.py:840} INFO - DAG(s) 'example_task_group_decorator' retrieved from /home/airflow/.local/lib/python3.12/site-packages/airflow/example_dags/example_task_group_decorator.py
[2026-04-01T13:25:41.699+0000] {logging_mixin.py:188} INFO - [2026-04-01T13:25:41.699+0000] {dag.py:3096} INFO - Sync 1 DAGs
[2026-04-01T13:25:41.714+0000] {logging_mixin.py:188} INFO - [2026-04-01T13:25:41.714+0000] {dag.py:3954} INFO - Setting next_dagrun for example_task_group_decorator to 2026-03-31 00:00:00+00:00, run_after=2026-04-01 00:00:00+00:00
[2026-04-01T13:25:41.732+0000] {processor.py:183} INFO - Processing /home/airflow/.local/lib/python3.12/site-packages/airflow/example_dags/example_task_group_decorator.py took 0.067 seconds
[2026-04-01T13:26:12.006+0000] {processor.py:161} INFO - Started process (PID=3211) to work on /home/airflow/.local/lib/python3.12/site-packages/airflow/example_dags/example_task_group_decorator.py
[2026-04-01T13:26:12.007+0000] {processor.py:830} INFO - Processing file /home/airflow/.local/lib/python3.12/site-packages/airflow/example_dags/example_task_group_decorator.py for tasks to queue
[2026-04-01T13:26:12.008+0000] {logging_mixin.py:188} INFO - [2026-04-01T13:26:12.008+0000] {dagbag.py:545} INFO - Filling up the DagBag from /home/airflow/.local/lib/python3.12/site-packages/airflow/example_dags/example_task_group_decorator.py
[2026-04-01T13:26:12.020+0000] {processor.py:840} INFO - DAG(s) 'example_task_group_decorator' retrieved from /home/airflow/.local/lib/python3.12/site-packages/airflow/example_dags/example_task_group_decorator.py
[2026-04-01T13:26:12.037+0000] {logging_mixin.py:188} INFO - [2026-04-01T13:26:12.037+0000] {dag.py:3096} INFO - Sync 1 DAGs
[2026-04-01T13:26:12.052+0000] {logging_mixin.py:188} INFO - [2026-04-01T13:26:12.052+0000] {dag.py:3954} INFO - Setting next_dagrun for example_task_group_decorator to 2026-03-31 00:00:00+00:00, run_after=2026-04-01 00:00:00+00:00
[2026-04-01T13:26:12.068+0000] {processor.py:183} INFO - Processing /home/airflow/.local/lib/python3.12/site-packages/airflow/example_dags/example_task_group_decorator.py took 0.067 seconds
[2026-04-01T13:26:42.389+0000] {processor.py:161} INFO - Started process (PID=3270) to work on /home/airflow/.local/lib/python3.12/site-packages/airflow/example_dags/example_task_group_decorator.py
[2026-04-01T13:26:42.390+0000] {processor.py:830} INFO - Processing file /home/airflow/.local/lib/python3.12/site-packages/airflow/example_dags/example_task_group_decorator.py for tasks to queue
[2026-04-01T13:26:42.391+0000] {logging_mixin.py:188} INFO - [2026-04-01T13:26:42.391+0000] {dagbag.py:545} INFO - Filling up the DagBag from /home/airflow/.local/lib/python3.12/site-packages/airflow/example_dags/example_task_group_decorator.py
[2026-04-01T13:26:42.402+0000] {processor.py:840} INFO - DAG(s) 'example_task_group_decorator' retrieved from /home/airflow/.local/lib/python3.12/site-packages/airflow/example_dags/example_task_group_decorator.py
[2026-04-01T13:26:42.423+0000] {logging_mixin.py:188} INFO - [2026-04-01T13:26:42.423+0000] {dag.py:3096} INFO - Sync 1 DAGs
[2026-04-01T13:26:42.439+0000] {logging_mixin.py:188} INFO - [2026-04-01T13:26:42.439+0000] {dag.py:3954} INFO - Setting next_dagrun for example_task_group_decorator to 2026-03-31 00:00:00+00:00, run_after=2026-04-01 00:00:00+00:00
[2026-04-01T13:26:42.455+0000] {processor.py:183} INFO - Processing /home/airflow/.local/lib/python3.12/site-packages/airflow/example_dags/example_task_group_decorator.py took 0.071 seconds
[2026-04-01T13:27:12.835+0000] {processor.py:161} INFO - Started process (PID=3329) to work on /home/airflow/.local/lib/python3.12/site-packages/airflow/example_dags/example_task_group_decorator.py
[2026-04-01T13:27:12.836+0000] {processor.py:830} INFO - Processing file /home/airflow/.local/lib/python3.12/site-packages/airflow/example_dags/example_task_group_decorator.py for tasks to queue
[2026-04-01T13:27:12.838+0000] {logging_mixin.py:188} INFO - [2026-04-01T13:27:12.837+0000] {dagbag.py:545} INFO - Filling up the DagBag from /home/airflow/.local/lib/python3.12/site-packages/airflow/example_dags/example_task_group_decorator.py
[2026-04-01T13:27:12.848+0000] {processor.py:840} INFO - DAG(s) 'example_task_group_decorator' retrieved from /home/airflow/.local/lib/python3.12/site-packages/airflow/example_dags/example_task_group_decorator.py
[2026-04-01T13:27:12.870+0000] {logging_mixin.py:188} INFO - [2026-04-01T13:27:12.870+0000] {dag.py:3096} INFO - Sync 1 DAGs
[2026-04-01T13:27:12.887+0000] {logging_mixin.py:188} INFO - [2026-04-01T13:27:12.887+0000] {dag.py:3954} INFO - Setting next_dagrun for example_task_group_decorator to 2026-03-31 00:00:00+00:00, run_after=2026-04-01 00:00:00+00:00
[2026-04-01T13:27:12.903+0000] {processor.py:183} INFO - Processing /home/airflow/.local/lib/python3.12/site-packages/airflow/example_dags/example_task_group_decorator.py took 0.073 seconds
[2026-04-01T13:27:43.571+0000] {processor.py:161} INFO - Started process (PID=3388) to work on /home/airflow/.local/lib/python3.12/site-packages/airflow/example_dags/example_task_group_decorator.py
[2026-04-01T13:27:43.571+0000] {processor.py:830} INFO - Processing file /home/airflow/.local/lib/python3.12/site-packages/airflow/example_dags/example_task_group_decorator.py for tasks to queue
[2026-04-01T13:27:43.573+0000] {logging_mixin.py:188} INFO - [2026-04-01T13:27:43.573+0000] {dagbag.py:545} INFO - Filling up the DagBag from /home/airflow/.local/lib/python3.12/site-packages/airflow/example_dags/example_task_group_decorator.py
[2026-04-01T13:27:43.584+0000] {processor.py:840} INFO - DAG(s) 'example_task_group_decorator' retrieved from /home/airflow/.local/lib/python3.12/site-packages/airflow/example_dags/example_task_group_decorator.py
[2026-04-01T13:27:43.603+0000] {logging_mixin.py:188} INFO - [2026-04-01T13:27:43.603+0000] {dag.py:3096} INFO - Sync 1 DAGs
[2026-04-01T13:27:43.620+0000] {logging_mixin.py:188} INFO - [2026-04-01T13:27:43.619+0000] {dag.py:3954} INFO - Setting next_dagrun for example_task_group_decorator to 2026-03-31 00:00:00+00:00, run_after=2026-04-01 00:00:00+00:00
[2026-04-01T13:27:43.646+0000] {processor.py:183} INFO - Processing /home/airflow/.local/lib/python3.12/site-packages/airflow/example_dags/example_task_group_decorator.py took 0.080 seconds
[2026-04-01T13:28:13.993+0000] {processor.py:161} INFO - Started process (PID=3447) to work on /home/airflow/.local/lib/python3.12/site-packages/airflow/example_dags/example_task_group_decorator.py
[2026-04-01T13:28:13.993+0000] {processor.py:830} INFO - Processing file /home/airflow/.local/lib/python3.12/site-packages/airflow/example_dags/example_task_group_decorator.py for tasks to queue
[2026-04-01T13:28:13.995+0000] {logging_mixin.py:188} INFO - [2026-04-01T13:28:13.995+0000] {dagbag.py:545} INFO - Filling up the DagBag from /home/airflow/.local/lib/python3.12/site-packages/airflow/example_dags/example_task_group_decorator.py
[2026-04-01T13:28:14.005+0000] {processor.py:840} INFO - DAG(s) 'example_task_group_decorator' retrieved from /home/airflow/.local/lib/python3.12/site-packages/airflow/example_dags/example_task_group_decorator.py
[2026-04-01T13:28:14.022+0000] {logging_mixin.py:188} INFO - [2026-04-01T13:28:14.022+0000] {dag.py:3096} INFO - Sync 1 DAGs
[2026-04-01T13:28:14.036+0000] {logging_mixin.py:188} INFO - [2026-04-01T13:28:14.036+0000] {dag.py:3954} INFO - Setting next_dagrun for example_task_group_decorator to 2026-03-31 00:00:00+00:00, run_after=2026-04-01 00:00:00+00:00
[2026-04-01T13:28:14.051+0000] {processor.py:183} INFO - Processing /home/airflow/.local/lib/python3.12/site-packages/airflow/example_dags/example_task_group_decorator.py took 0.063 seconds
[2026-04-01T13:28:44.393+0000] {processor.py:161} INFO - Started process (PID=3506) to work on /home/airflow/.local/lib/python3.12/site-packages/airflow/example_dags/example_task_group_decorator.py
[2026-04-01T13:28:44.394+0000] {processor.py:830} INFO - Processing file /home/airflow/.local/lib/python3.12/site-packages/airflow/example_dags/example_task_group_decorator.py for tasks to queue
[2026-04-01T13:28:44.395+0000] {logging_mixin.py:188} INFO - [2026-04-01T13:28:44.395+0000] {dagbag.py:545} INFO - Filling up the DagBag from /home/airflow/.local/lib/python3.12/site-packages/airflow/example_dags/example_task_group_decorator.py
[2026-04-01T13:28:44.405+0000] {processor.py:840} INFO - DAG(s) 'example_task_group_decorator' retrieved from /home/airflow/.local/lib/python3.12/site-packages/airflow/example_dags/example_task_group_decorator.py
[2026-04-01T13:28:44.421+0000] {logging_mixin.py:188} INFO - [2026-04-01T13:28:44.421+0000] {dag.py:3096} INFO - Sync 1 DAGs
[2026-04-01T13:28:44.435+0000] {logging_mixin.py:188} INFO - [2026-04-01T13:28:44.435+0000] {dag.py:3954} INFO - Setting next_dagrun for example_task_group_decorator to 2026-03-31 00:00:00+00:00, run_after=2026-04-01 00:00:00+00:00
[2026-04-01T13:28:44.448+0000] {processor.py:183} INFO - Processing /home/airflow/.local/lib/python3.12/site-packages/airflow/example_dags/example_task_group_decorator.py took 0.060 seconds
[2026-04-01T13:29:14.849+0000] {processor.py:161} INFO - Started process (PID=3565) to work on /home/airflow/.local/lib/python3.12/site-packages/airflow/example_dags/example_task_group_decorator.py
[2026-04-01T13:29:14.850+0000] {processor.py:830} INFO - Processing file /home/airflow/.local/lib/python3.12/site-packages/airflow/example_dags/example_task_group_decorator.py for tasks to queue
[2026-04-01T13:29:14.852+0000] {logging_mixin.py:188} INFO - [2026-04-01T13:29:14.851+0000] {dagbag.py:545} INFO - Filling up the DagBag from /home/airflow/.local/lib/python3.12/site-packages/airflow/example_dags/example_task_group_decorator.py
[2026-04-01T13:29:14.862+0000] {processor.py:840} INFO - DAG(s) 'example_task_group_decorator' retrieved from /home/airflow/.local/lib/python3.12/site-packages/airflow/example_dags/example_task_group_decorator.py
[2026-04-01T13:29:14.880+0000] {logging_mixin.py:188} INFO - [2026-04-01T13:29:14.880+0000] {dag.py:3096} INFO - Sync 1 DAGs
[2026-04-01T13:29:14.897+0000] {logging_mixin.py:188} INFO - [2026-04-01T13:29:14.897+0000] {dag.py:3954} INFO - Setting next_dagrun for example_task_group_decorator to 2026-03-31 00:00:00+00:00, run_after=2026-04-01 00:00:00+00:00
[2026-04-01T13:29:14.915+0000] {processor.py:183} INFO - Processing /home/airflow/.local/lib/python3.12/site-packages/airflow/example_dags/example_task_group_decorator.py took 0.071 seconds
[2026-04-01T13:29:45.186+0000] {processor.py:161} INFO - Started process (PID=3624) to work on /home/airflow/.local/lib/python3.12/site-packages/airflow/example_dags/example_task_group_decorator.py
[2026-04-01T13:29:45.187+0000] {processor.py:830} INFO - Processing file /home/airflow/.local/lib/python3.12/site-packages/airflow/example_dags/example_task_group_decorator.py for tasks to queue
[2026-04-01T13:29:45.188+0000] {logging_mixin.py:188} INFO - [2026-04-01T13:29:45.188+0000] {dagbag.py:545} INFO - Filling up the DagBag from /home/airflow/.local/lib/python3.12/site-packages/airflow/example_dags/example_task_group_decorator.py
[2026-04-01T13:29:45.203+0000] {processor.py:840} INFO - DAG(s) 'example_task_group_decorator' retrieved from /home/airflow/.local/lib/python3.12/site-packages/airflow/example_dags/example_task_group_decorator.py
[2026-04-01T13:29:45.220+0000] {logging_mixin.py:188} INFO - [2026-04-01T13:29:45.220+0000] {dag.py:3096} INFO - Sync 1 DAGs
[2026-04-01T13:29:45.237+0000] {logging_mixin.py:188} INFO - [2026-04-01T13:29:45.237+0000] {dag.py:3954} INFO - Setting next_dagrun for example_task_group_decorator to 2026-03-31 00:00:00+00:00, run_after=2026-04-01 00:00:00+00:00
[2026-04-01T13:29:45.252+0000] {processor.py:183} INFO - Processing /home/airflow/.local/lib/python3.12/site-packages/airflow/example_dags/example_task_group_decorator.py took 0.071 seconds
[2026-04-01T13:30:15.442+0000] {processor.py:161} INFO - Started process (PID=3683) to work on /home/airflow/.local/lib/python3.12/site-packages/airflow/example_dags/example_task_group_decorator.py
[2026-04-01T13:30:15.443+0000] {processor.py:830} INFO - Processing file /home/airflow/.local/lib/python3.12/site-packages/airflow/example_dags/example_task_group_decorator.py for tasks to queue
[2026-04-01T13:30:15.444+0000] {logging_mixin.py:188} INFO - [2026-04-01T13:30:15.444+0000] {dagbag.py:545} INFO - Filling up the DagBag from /home/airflow/.local/lib/python3.12/site-packages/airflow/example_dags/example_task_group_decorator.py
[2026-04-01T13:30:15.455+0000] {processor.py:840} INFO - DAG(s) 'example_task_group_decorator' retrieved from /home/airflow/.local/lib/python3.12/site-packages/airflow/example_dags/example_task_group_decorator.py
[2026-04-01T13:30:15.475+0000] {logging_mixin.py:188} INFO - [2026-04-01T13:30:15.475+0000] {dag.py:3096} INFO - Sync 1 DAGs
[2026-04-01T13:30:15.494+0000] {logging_mixin.py:188} INFO - [2026-04-01T13:30:15.494+0000] {dag.py:3954} INFO - Setting next_dagrun for example_task_group_decorator to 2026-03-31 00:00:00+00:00, run_after=2026-04-01 00:00:00+00:00
[2026-04-01T13:30:15.510+0000] {processor.py:183} INFO - Processing /home/airflow/.local/lib/python3.12/site-packages/airflow/example_dags/example_task_group_decorator.py took 0.072 seconds
[2026-04-01T13:30:45.855+0000] {processor.py:161} INFO - Started process (PID=3742) to work on /home/airflow/.local/lib/python3.12/site-packages/airflow/example_dags/example_task_group_decorator.py
[2026-04-01T13:30:45.856+0000] {processor.py:830} INFO - Processing file /home/airflow/.local/lib/python3.12/site-packages/airflow/example_dags/example_task_group_decorator.py for tasks to queue
[2026-04-01T13:30:45.857+0000] {logging_mixin.py:188} INFO - [2026-04-01T13:30:45.857+0000] {dagbag.py:545} INFO - Filling up the DagBag from /home/airflow/.local/lib/python3.12/site-packages/airflow/example_dags/example_task_group_decorator.py
[2026-04-01T13:30:45.867+0000] {processor.py:840} INFO - DAG(s) 'example_task_group_decorator' retrieved from /home/airflow/.local/lib/python3.12/site-packages/airflow/example_dags/example_task_group_decorator.py
[2026-04-01T13:30:45.883+0000] {logging_mixin.py:188} INFO - [2026-04-01T13:30:45.883+0000] {dag.py:3096} INFO - Sync 1 DAGs
[2026-04-01T13:30:45.903+0000] {logging_mixin.py:188} INFO - [2026-04-01T13:30:45.903+0000] {dag.py:3954} INFO - Setting next_dagrun for example_task_group_decorator to 2026-03-31 00:00:00+00:00, run_after=2026-04-01 00:00:00+00:00
[2026-04-01T13:30:45.919+0000] {processor.py:183} INFO - Processing /home/airflow/.local/lib/python3.12/site-packages/airflow/example_dags/example_task_group_decorator.py took 0.068 seconds
[2026-04-01T13:31:16.285+0000] {processor.py:161} INFO - Started process (PID=3801) to work on /home/airflow/.local/lib/python3.12/site-packages/airflow/example_dags/example_task_group_decorator.py
[2026-04-01T13:31:16.286+0000] {processor.py:830} INFO - Processing file /home/airflow/.local/lib/python3.12/site-packages/airflow/example_dags/example_task_group_decorator.py for tasks to queue
[2026-04-01T13:31:16.288+0000] {logging_mixin.py:188} INFO - [2026-04-01T13:31:16.287+0000] {dagbag.py:545} INFO - Filling up the DagBag from /home/airflow/.local/lib/python3.12/site-packages/airflow/example_dags/example_task_group_decorator.py
[2026-04-01T13:31:16.297+0000] {processor.py:840} INFO - DAG(s) 'example_task_group_decorator' retrieved from /home/airflow/.local/lib/python3.12/site-packages/airflow/example_dags/example_task_group_decorator.py
[2026-04-01T13:31:16.314+0000] {logging_mixin.py:188} INFO - [2026-04-01T13:31:16.314+0000] {dag.py:3096} INFO - Sync 1 DAGs
[2026-04-01T13:31:16.330+0000] {logging_mixin.py:188} INFO - [2026-04-01T13:31:16.330+0000] {dag.py:3954} INFO - Setting next_dagrun for example_task_group_decorator to 2026-03-31 00:00:00+00:00, run_after=2026-04-01 00:00:00+00:00
[2026-04-01T13:31:16.346+0000] {processor.py:183} INFO - Processing /home/airflow/.local/lib/python3.12/site-packages/airflow/example_dags/example_task_group_decorator.py took 0.065 seconds
