[2026-04-01T12:58:52.213+0000] {processor.py:161} INFO - Started process (PID=97) to work on /home/airflow/.local/lib/python3.12/site-packages/airflow/example_dags/example_latest_only.py
[2026-04-01T12:58:52.214+0000] {processor.py:830} INFO - Processing file /home/airflow/.local/lib/python3.12/site-packages/airflow/example_dags/example_latest_only.py for tasks to queue
[2026-04-01T12:58:52.216+0000] {logging_mixin.py:188} INFO - [2026-04-01T12:58:52.215+0000] {dagbag.py:545} INFO - Filling up the DagBag from /home/airflow/.local/lib/python3.12/site-packages/airflow/example_dags/example_latest_only.py
[2026-04-01T12:58:52.221+0000] {processor.py:840} INFO - DAG(s) 'latest_only' retrieved from /home/airflow/.local/lib/python3.12/site-packages/airflow/example_dags/example_latest_only.py
[2026-04-01T12:58:52.231+0000] {logging_mixin.py:188} INFO - [2026-04-01T12:58:52.230+0000] {dag.py:3096} INFO - Sync 1 DAGs
[2026-04-01T12:58:52.249+0000] {logging_mixin.py:188} INFO - [2026-04-01T12:58:52.249+0000] {dag.py:3954} INFO - Setting next_dagrun for latest_only to 2026-04-01 08:00:00+00:00, run_after=2026-04-01 12:00:00+00:00
[2026-04-01T12:58:52.266+0000] {processor.py:183} INFO - Processing /home/airflow/.local/lib/python3.12/site-packages/airflow/example_dags/example_latest_only.py took 0.057 seconds
[2026-04-01T12:59:23.231+0000] {processor.py:161} INFO - Started process (PID=155) to work on /home/airflow/.local/lib/python3.12/site-packages/airflow/example_dags/example_latest_only.py
[2026-04-01T12:59:23.232+0000] {processor.py:830} INFO - Processing file /home/airflow/.local/lib/python3.12/site-packages/airflow/example_dags/example_latest_only.py for tasks to queue
[2026-04-01T12:59:23.234+0000] {logging_mixin.py:188} INFO - [2026-04-01T12:59:23.233+0000] {dagbag.py:545} INFO - Filling up the DagBag from /home/airflow/.local/lib/python3.12/site-packages/airflow/example_dags/example_latest_only.py
[2026-04-01T12:59:23.237+0000] {processor.py:840} INFO - DAG(s) 'latest_only' retrieved from /home/airflow/.local/lib/python3.12/site-packages/airflow/example_dags/example_latest_only.py
[2026-04-01T12:59:23.311+0000] {logging_mixin.py:188} INFO - [2026-04-01T12:59:23.311+0000] {dag.py:3096} INFO - Sync 1 DAGs
[2026-04-01T12:59:23.327+0000] {logging_mixin.py:188} INFO - [2026-04-01T12:59:23.327+0000] {dag.py:3954} INFO - Setting next_dagrun for latest_only to 2026-04-01 08:00:00+00:00, run_after=2026-04-01 12:00:00+00:00
[2026-04-01T12:59:23.347+0000] {processor.py:183} INFO - Processing /home/airflow/.local/lib/python3.12/site-packages/airflow/example_dags/example_latest_only.py took 0.120 seconds
[2026-04-01T12:59:54.086+0000] {processor.py:161} INFO - Started process (PID=213) to work on /home/airflow/.local/lib/python3.12/site-packages/airflow/example_dags/example_latest_only.py
[2026-04-01T12:59:54.087+0000] {processor.py:830} INFO - Processing file /home/airflow/.local/lib/python3.12/site-packages/airflow/example_dags/example_latest_only.py for tasks to queue
[2026-04-01T12:59:54.088+0000] {logging_mixin.py:188} INFO - [2026-04-01T12:59:54.088+0000] {dagbag.py:545} INFO - Filling up the DagBag from /home/airflow/.local/lib/python3.12/site-packages/airflow/example_dags/example_latest_only.py
[2026-04-01T12:59:54.092+0000] {processor.py:840} INFO - DAG(s) 'latest_only' retrieved from /home/airflow/.local/lib/python3.12/site-packages/airflow/example_dags/example_latest_only.py
[2026-04-01T12:59:54.109+0000] {logging_mixin.py:188} INFO - [2026-04-01T12:59:54.109+0000] {dag.py:3096} INFO - Sync 1 DAGs
[2026-04-01T12:59:54.124+0000] {logging_mixin.py:188} INFO - [2026-04-01T12:59:54.124+0000] {dag.py:3954} INFO - Setting next_dagrun for latest_only to 2026-04-01 08:00:00+00:00, run_after=2026-04-01 12:00:00+00:00
[2026-04-01T12:59:54.143+0000] {processor.py:183} INFO - Processing /home/airflow/.local/lib/python3.12/site-packages/airflow/example_dags/example_latest_only.py took 0.062 seconds
[2026-04-01T13:00:24.270+0000] {processor.py:161} INFO - Started process (PID=271) to work on /home/airflow/.local/lib/python3.12/site-packages/airflow/example_dags/example_latest_only.py
[2026-04-01T13:00:24.271+0000] {processor.py:830} INFO - Processing file /home/airflow/.local/lib/python3.12/site-packages/airflow/example_dags/example_latest_only.py for tasks to queue
[2026-04-01T13:00:24.272+0000] {logging_mixin.py:188} INFO - [2026-04-01T13:00:24.272+0000] {dagbag.py:545} INFO - Filling up the DagBag from /home/airflow/.local/lib/python3.12/site-packages/airflow/example_dags/example_latest_only.py
[2026-04-01T13:00:24.276+0000] {processor.py:840} INFO - DAG(s) 'latest_only' retrieved from /home/airflow/.local/lib/python3.12/site-packages/airflow/example_dags/example_latest_only.py
[2026-04-01T13:00:24.292+0000] {logging_mixin.py:188} INFO - [2026-04-01T13:00:24.292+0000] {dag.py:3096} INFO - Sync 1 DAGs
[2026-04-01T13:00:24.311+0000] {logging_mixin.py:188} INFO - [2026-04-01T13:00:24.311+0000] {dag.py:3954} INFO - Setting next_dagrun for latest_only to 2026-04-01 08:00:00+00:00, run_after=2026-04-01 12:00:00+00:00
[2026-04-01T13:00:24.330+0000] {processor.py:183} INFO - Processing /home/airflow/.local/lib/python3.12/site-packages/airflow/example_dags/example_latest_only.py took 0.064 seconds
[2026-04-01T13:00:54.573+0000] {processor.py:161} INFO - Started process (PID=329) to work on /home/airflow/.local/lib/python3.12/site-packages/airflow/example_dags/example_latest_only.py
[2026-04-01T13:00:54.574+0000] {processor.py:830} INFO - Processing file /home/airflow/.local/lib/python3.12/site-packages/airflow/example_dags/example_latest_only.py for tasks to queue
[2026-04-01T13:00:54.576+0000] {logging_mixin.py:188} INFO - [2026-04-01T13:00:54.576+0000] {dagbag.py:545} INFO - Filling up the DagBag from /home/airflow/.local/lib/python3.12/site-packages/airflow/example_dags/example_latest_only.py
[2026-04-01T13:00:54.580+0000] {processor.py:840} INFO - DAG(s) 'latest_only' retrieved from /home/airflow/.local/lib/python3.12/site-packages/airflow/example_dags/example_latest_only.py
[2026-04-01T13:00:54.596+0000] {logging_mixin.py:188} INFO - [2026-04-01T13:00:54.595+0000] {dag.py:3096} INFO - Sync 1 DAGs
[2026-04-01T13:00:54.611+0000] {logging_mixin.py:188} INFO - [2026-04-01T13:00:54.611+0000] {dag.py:3954} INFO - Setting next_dagrun for latest_only to 2026-04-01 08:00:00+00:00, run_after=2026-04-01 12:00:00+00:00
[2026-04-01T13:00:54.629+0000] {processor.py:183} INFO - Processing /home/airflow/.local/lib/python3.12/site-packages/airflow/example_dags/example_latest_only.py took 0.061 seconds
[2026-04-01T13:01:24.728+0000] {processor.py:161} INFO - Started process (PID=387) to work on /home/airflow/.local/lib/python3.12/site-packages/airflow/example_dags/example_latest_only.py
[2026-04-01T13:01:24.729+0000] {processor.py:830} INFO - Processing file /home/airflow/.local/lib/python3.12/site-packages/airflow/example_dags/example_latest_only.py for tasks to queue
[2026-04-01T13:01:24.731+0000] {logging_mixin.py:188} INFO - [2026-04-01T13:01:24.731+0000] {dagbag.py:545} INFO - Filling up the DagBag from /home/airflow/.local/lib/python3.12/site-packages/airflow/example_dags/example_latest_only.py
[2026-04-01T13:01:24.734+0000] {processor.py:840} INFO - DAG(s) 'latest_only' retrieved from /home/airflow/.local/lib/python3.12/site-packages/airflow/example_dags/example_latest_only.py
[2026-04-01T13:01:24.749+0000] {logging_mixin.py:188} INFO - [2026-04-01T13:01:24.748+0000] {dag.py:3096} INFO - Sync 1 DAGs
[2026-04-01T13:01:24.764+0000] {logging_mixin.py:188} INFO - [2026-04-01T13:01:24.764+0000] {dag.py:3954} INFO - Setting next_dagrun for latest_only to 2026-04-01 08:00:00+00:00, run_after=2026-04-01 12:00:00+00:00
[2026-04-01T13:01:24.781+0000] {processor.py:183} INFO - Processing /home/airflow/.local/lib/python3.12/site-packages/airflow/example_dags/example_latest_only.py took 0.057 seconds
[2026-04-01T13:01:54.925+0000] {processor.py:161} INFO - Started process (PID=445) to work on /home/airflow/.local/lib/python3.12/site-packages/airflow/example_dags/example_latest_only.py
[2026-04-01T13:01:54.926+0000] {processor.py:830} INFO - Processing file /home/airflow/.local/lib/python3.12/site-packages/airflow/example_dags/example_latest_only.py for tasks to queue
[2026-04-01T13:01:54.927+0000] {logging_mixin.py:188} INFO - [2026-04-01T13:01:54.927+0000] {dagbag.py:545} INFO - Filling up the DagBag from /home/airflow/.local/lib/python3.12/site-packages/airflow/example_dags/example_latest_only.py
[2026-04-01T13:01:54.932+0000] {processor.py:840} INFO - DAG(s) 'latest_only' retrieved from /home/airflow/.local/lib/python3.12/site-packages/airflow/example_dags/example_latest_only.py
[2026-04-01T13:01:54.947+0000] {logging_mixin.py:188} INFO - [2026-04-01T13:01:54.947+0000] {dag.py:3096} INFO - Sync 1 DAGs
[2026-04-01T13:01:54.963+0000] {logging_mixin.py:188} INFO - [2026-04-01T13:01:54.963+0000] {dag.py:3954} INFO - Setting next_dagrun for latest_only to 2026-04-01 08:00:00+00:00, run_after=2026-04-01 12:00:00+00:00
[2026-04-01T13:01:54.980+0000] {processor.py:183} INFO - Processing /home/airflow/.local/lib/python3.12/site-packages/airflow/example_dags/example_latest_only.py took 0.060 seconds
[2026-04-01T13:02:25.191+0000] {processor.py:161} INFO - Started process (PID=503) to work on /home/airflow/.local/lib/python3.12/site-packages/airflow/example_dags/example_latest_only.py
[2026-04-01T13:02:25.192+0000] {processor.py:830} INFO - Processing file /home/airflow/.local/lib/python3.12/site-packages/airflow/example_dags/example_latest_only.py for tasks to queue
[2026-04-01T13:02:25.193+0000] {logging_mixin.py:188} INFO - [2026-04-01T13:02:25.193+0000] {dagbag.py:545} INFO - Filling up the DagBag from /home/airflow/.local/lib/python3.12/site-packages/airflow/example_dags/example_latest_only.py
[2026-04-01T13:02:25.198+0000] {processor.py:840} INFO - DAG(s) 'latest_only' retrieved from /home/airflow/.local/lib/python3.12/site-packages/airflow/example_dags/example_latest_only.py
[2026-04-01T13:02:25.214+0000] {logging_mixin.py:188} INFO - [2026-04-01T13:02:25.214+0000] {dag.py:3096} INFO - Sync 1 DAGs
[2026-04-01T13:02:25.233+0000] {logging_mixin.py:188} INFO - [2026-04-01T13:02:25.233+0000] {dag.py:3954} INFO - Setting next_dagrun for latest_only to 2026-04-01 08:00:00+00:00, run_after=2026-04-01 12:00:00+00:00
[2026-04-01T13:02:25.252+0000] {processor.py:183} INFO - Processing /home/airflow/.local/lib/python3.12/site-packages/airflow/example_dags/example_latest_only.py took 0.065 seconds
[2026-04-01T13:02:55.345+0000] {processor.py:161} INFO - Started process (PID=561) to work on /home/airflow/.local/lib/python3.12/site-packages/airflow/example_dags/example_latest_only.py
[2026-04-01T13:02:55.346+0000] {processor.py:830} INFO - Processing file /home/airflow/.local/lib/python3.12/site-packages/airflow/example_dags/example_latest_only.py for tasks to queue
[2026-04-01T13:02:55.348+0000] {logging_mixin.py:188} INFO - [2026-04-01T13:02:55.347+0000] {dagbag.py:545} INFO - Filling up the DagBag from /home/airflow/.local/lib/python3.12/site-packages/airflow/example_dags/example_latest_only.py
[2026-04-01T13:02:55.352+0000] {processor.py:840} INFO - DAG(s) 'latest_only' retrieved from /home/airflow/.local/lib/python3.12/site-packages/airflow/example_dags/example_latest_only.py
[2026-04-01T13:02:55.367+0000] {logging_mixin.py:188} INFO - [2026-04-01T13:02:55.366+0000] {dag.py:3096} INFO - Sync 1 DAGs
[2026-04-01T13:02:55.382+0000] {logging_mixin.py:188} INFO - [2026-04-01T13:02:55.382+0000] {dag.py:3954} INFO - Setting next_dagrun for latest_only to 2026-04-01 08:00:00+00:00, run_after=2026-04-01 12:00:00+00:00
[2026-04-01T13:02:55.399+0000] {processor.py:183} INFO - Processing /home/airflow/.local/lib/python3.12/site-packages/airflow/example_dags/example_latest_only.py took 0.059 seconds
[2026-04-01T13:03:25.616+0000] {processor.py:161} INFO - Started process (PID=619) to work on /home/airflow/.local/lib/python3.12/site-packages/airflow/example_dags/example_latest_only.py
[2026-04-01T13:03:25.618+0000] {processor.py:830} INFO - Processing file /home/airflow/.local/lib/python3.12/site-packages/airflow/example_dags/example_latest_only.py for tasks to queue
[2026-04-01T13:03:25.620+0000] {logging_mixin.py:188} INFO - [2026-04-01T13:03:25.620+0000] {dagbag.py:545} INFO - Filling up the DagBag from /home/airflow/.local/lib/python3.12/site-packages/airflow/example_dags/example_latest_only.py
[2026-04-01T13:03:25.626+0000] {processor.py:840} INFO - DAG(s) 'latest_only' retrieved from /home/airflow/.local/lib/python3.12/site-packages/airflow/example_dags/example_latest_only.py
[2026-04-01T13:03:25.643+0000] {logging_mixin.py:188} INFO - [2026-04-01T13:03:25.642+0000] {dag.py:3096} INFO - Sync 1 DAGs
[2026-04-01T13:03:25.662+0000] {logging_mixin.py:188} INFO - [2026-04-01T13:03:25.662+0000] {dag.py:3954} INFO - Setting next_dagrun for latest_only to 2026-04-01 08:00:00+00:00, run_after=2026-04-01 12:00:00+00:00
[2026-04-01T13:03:25.682+0000] {processor.py:183} INFO - Processing /home/airflow/.local/lib/python3.12/site-packages/airflow/example_dags/example_latest_only.py took 0.070 seconds
[2026-04-01T13:03:55.872+0000] {processor.py:161} INFO - Started process (PID=677) to work on /home/airflow/.local/lib/python3.12/site-packages/airflow/example_dags/example_latest_only.py
[2026-04-01T13:03:55.873+0000] {processor.py:830} INFO - Processing file /home/airflow/.local/lib/python3.12/site-packages/airflow/example_dags/example_latest_only.py for tasks to queue
[2026-04-01T13:03:55.875+0000] {logging_mixin.py:188} INFO - [2026-04-01T13:03:55.875+0000] {dagbag.py:545} INFO - Filling up the DagBag from /home/airflow/.local/lib/python3.12/site-packages/airflow/example_dags/example_latest_only.py
[2026-04-01T13:03:55.880+0000] {processor.py:840} INFO - DAG(s) 'latest_only' retrieved from /home/airflow/.local/lib/python3.12/site-packages/airflow/example_dags/example_latest_only.py
[2026-04-01T13:03:55.895+0000] {logging_mixin.py:188} INFO - [2026-04-01T13:03:55.895+0000] {dag.py:3096} INFO - Sync 1 DAGs
[2026-04-01T13:03:55.912+0000] {logging_mixin.py:188} INFO - [2026-04-01T13:03:55.912+0000] {dag.py:3954} INFO - Setting next_dagrun for latest_only to 2026-04-01 08:00:00+00:00, run_after=2026-04-01 12:00:00+00:00
[2026-04-01T13:03:55.929+0000] {processor.py:183} INFO - Processing /home/airflow/.local/lib/python3.12/site-packages/airflow/example_dags/example_latest_only.py took 0.062 seconds
[2026-04-01T13:04:26.213+0000] {processor.py:161} INFO - Started process (PID=735) to work on /home/airflow/.local/lib/python3.12/site-packages/airflow/example_dags/example_latest_only.py
[2026-04-01T13:04:26.214+0000] {processor.py:830} INFO - Processing file /home/airflow/.local/lib/python3.12/site-packages/airflow/example_dags/example_latest_only.py for tasks to queue
[2026-04-01T13:04:26.216+0000] {logging_mixin.py:188} INFO - [2026-04-01T13:04:26.215+0000] {dagbag.py:545} INFO - Filling up the DagBag from /home/airflow/.local/lib/python3.12/site-packages/airflow/example_dags/example_latest_only.py
[2026-04-01T13:04:26.221+0000] {processor.py:840} INFO - DAG(s) 'latest_only' retrieved from /home/airflow/.local/lib/python3.12/site-packages/airflow/example_dags/example_latest_only.py
[2026-04-01T13:04:26.237+0000] {logging_mixin.py:188} INFO - [2026-04-01T13:04:26.237+0000] {dag.py:3096} INFO - Sync 1 DAGs
[2026-04-01T13:04:26.252+0000] {logging_mixin.py:188} INFO - [2026-04-01T13:04:26.252+0000] {dag.py:3954} INFO - Setting next_dagrun for latest_only to 2026-04-01 08:00:00+00:00, run_after=2026-04-01 12:00:00+00:00
[2026-04-01T13:04:26.271+0000] {processor.py:183} INFO - Processing /home/airflow/.local/lib/python3.12/site-packages/airflow/example_dags/example_latest_only.py took 0.063 seconds
[2026-04-01T13:04:56.360+0000] {processor.py:161} INFO - Started process (PID=794) to work on /home/airflow/.local/lib/python3.12/site-packages/airflow/example_dags/example_latest_only.py
[2026-04-01T13:04:56.360+0000] {processor.py:830} INFO - Processing file /home/airflow/.local/lib/python3.12/site-packages/airflow/example_dags/example_latest_only.py for tasks to queue
[2026-04-01T13:04:56.362+0000] {logging_mixin.py:188} INFO - [2026-04-01T13:04:56.362+0000] {dagbag.py:545} INFO - Filling up the DagBag from /home/airflow/.local/lib/python3.12/site-packages/airflow/example_dags/example_latest_only.py
[2026-04-01T13:04:56.367+0000] {processor.py:840} INFO - DAG(s) 'latest_only' retrieved from /home/airflow/.local/lib/python3.12/site-packages/airflow/example_dags/example_latest_only.py
[2026-04-01T13:04:56.381+0000] {logging_mixin.py:188} INFO - [2026-04-01T13:04:56.381+0000] {dag.py:3096} INFO - Sync 1 DAGs
[2026-04-01T13:04:56.397+0000] {logging_mixin.py:188} INFO - [2026-04-01T13:04:56.397+0000] {dag.py:3954} INFO - Setting next_dagrun for latest_only to 2026-04-01 08:00:00+00:00, run_after=2026-04-01 12:00:00+00:00
[2026-04-01T13:04:56.413+0000] {processor.py:183} INFO - Processing /home/airflow/.local/lib/python3.12/site-packages/airflow/example_dags/example_latest_only.py took 0.059 seconds
[2026-04-01T13:05:26.546+0000] {processor.py:161} INFO - Started process (PID=852) to work on /home/airflow/.local/lib/python3.12/site-packages/airflow/example_dags/example_latest_only.py
[2026-04-01T13:05:26.547+0000] {processor.py:830} INFO - Processing file /home/airflow/.local/lib/python3.12/site-packages/airflow/example_dags/example_latest_only.py for tasks to queue
[2026-04-01T13:05:26.549+0000] {logging_mixin.py:188} INFO - [2026-04-01T13:05:26.549+0000] {dagbag.py:545} INFO - Filling up the DagBag from /home/airflow/.local/lib/python3.12/site-packages/airflow/example_dags/example_latest_only.py
[2026-04-01T13:05:26.554+0000] {processor.py:840} INFO - DAG(s) 'latest_only' retrieved from /home/airflow/.local/lib/python3.12/site-packages/airflow/example_dags/example_latest_only.py
[2026-04-01T13:05:26.570+0000] {logging_mixin.py:188} INFO - [2026-04-01T13:05:26.570+0000] {dag.py:3096} INFO - Sync 1 DAGs
[2026-04-01T13:05:26.588+0000] {logging_mixin.py:188} INFO - [2026-04-01T13:05:26.588+0000] {dag.py:3954} INFO - Setting next_dagrun for latest_only to 2026-04-01 08:00:00+00:00, run_after=2026-04-01 12:00:00+00:00
[2026-04-01T13:05:26.603+0000] {processor.py:183} INFO - Processing /home/airflow/.local/lib/python3.12/site-packages/airflow/example_dags/example_latest_only.py took 0.061 seconds
[2026-04-01T13:05:56.780+0000] {processor.py:161} INFO - Started process (PID=911) to work on /home/airflow/.local/lib/python3.12/site-packages/airflow/example_dags/example_latest_only.py
[2026-04-01T13:05:56.781+0000] {processor.py:830} INFO - Processing file /home/airflow/.local/lib/python3.12/site-packages/airflow/example_dags/example_latest_only.py for tasks to queue
[2026-04-01T13:05:56.783+0000] {logging_mixin.py:188} INFO - [2026-04-01T13:05:56.783+0000] {dagbag.py:545} INFO - Filling up the DagBag from /home/airflow/.local/lib/python3.12/site-packages/airflow/example_dags/example_latest_only.py
[2026-04-01T13:05:56.788+0000] {processor.py:840} INFO - DAG(s) 'latest_only' retrieved from /home/airflow/.local/lib/python3.12/site-packages/airflow/example_dags/example_latest_only.py
[2026-04-01T13:05:56.806+0000] {logging_mixin.py:188} INFO - [2026-04-01T13:05:56.806+0000] {dag.py:3096} INFO - Sync 1 DAGs
[2026-04-01T13:05:56.823+0000] {logging_mixin.py:188} INFO - [2026-04-01T13:05:56.823+0000] {dag.py:3954} INFO - Setting next_dagrun for latest_only to 2026-04-01 08:00:00+00:00, run_after=2026-04-01 12:00:00+00:00
[2026-04-01T13:05:56.840+0000] {processor.py:183} INFO - Processing /home/airflow/.local/lib/python3.12/site-packages/airflow/example_dags/example_latest_only.py took 0.065 seconds
[2026-04-01T13:06:27.072+0000] {processor.py:161} INFO - Started process (PID=969) to work on /home/airflow/.local/lib/python3.12/site-packages/airflow/example_dags/example_latest_only.py
[2026-04-01T13:06:27.073+0000] {processor.py:830} INFO - Processing file /home/airflow/.local/lib/python3.12/site-packages/airflow/example_dags/example_latest_only.py for tasks to queue
[2026-04-01T13:06:27.075+0000] {logging_mixin.py:188} INFO - [2026-04-01T13:06:27.075+0000] {dagbag.py:545} INFO - Filling up the DagBag from /home/airflow/.local/lib/python3.12/site-packages/airflow/example_dags/example_latest_only.py
[2026-04-01T13:06:27.079+0000] {processor.py:840} INFO - DAG(s) 'latest_only' retrieved from /home/airflow/.local/lib/python3.12/site-packages/airflow/example_dags/example_latest_only.py
[2026-04-01T13:06:27.095+0000] {logging_mixin.py:188} INFO - [2026-04-01T13:06:27.095+0000] {dag.py:3096} INFO - Sync 1 DAGs
[2026-04-01T13:06:27.109+0000] {logging_mixin.py:188} INFO - [2026-04-01T13:06:27.109+0000] {dag.py:3954} INFO - Setting next_dagrun for latest_only to 2026-04-01 08:00:00+00:00, run_after=2026-04-01 12:00:00+00:00
[2026-04-01T13:06:27.125+0000] {processor.py:183} INFO - Processing /home/airflow/.local/lib/python3.12/site-packages/airflow/example_dags/example_latest_only.py took 0.057 seconds
[2026-04-01T13:06:57.396+0000] {processor.py:161} INFO - Started process (PID=1025) to work on /home/airflow/.local/lib/python3.12/site-packages/airflow/example_dags/example_latest_only.py
[2026-04-01T13:06:57.397+0000] {processor.py:830} INFO - Processing file /home/airflow/.local/lib/python3.12/site-packages/airflow/example_dags/example_latest_only.py for tasks to queue
[2026-04-01T13:06:57.399+0000] {logging_mixin.py:188} INFO - [2026-04-01T13:06:57.398+0000] {dagbag.py:545} INFO - Filling up the DagBag from /home/airflow/.local/lib/python3.12/site-packages/airflow/example_dags/example_latest_only.py
[2026-04-01T13:06:57.403+0000] {processor.py:840} INFO - DAG(s) 'latest_only' retrieved from /home/airflow/.local/lib/python3.12/site-packages/airflow/example_dags/example_latest_only.py
[2026-04-01T13:06:57.419+0000] {logging_mixin.py:188} INFO - [2026-04-01T13:06:57.419+0000] {dag.py:3096} INFO - Sync 1 DAGs
[2026-04-01T13:06:57.437+0000] {logging_mixin.py:188} INFO - [2026-04-01T13:06:57.437+0000] {dag.py:3954} INFO - Setting next_dagrun for latest_only to 2026-04-01 08:00:00+00:00, run_after=2026-04-01 12:00:00+00:00
[2026-04-01T13:06:57.453+0000] {processor.py:183} INFO - Processing /home/airflow/.local/lib/python3.12/site-packages/airflow/example_dags/example_latest_only.py took 0.062 seconds
[2026-04-01T13:07:27.636+0000] {processor.py:161} INFO - Started process (PID=1083) to work on /home/airflow/.local/lib/python3.12/site-packages/airflow/example_dags/example_latest_only.py
[2026-04-01T13:07:27.638+0000] {processor.py:830} INFO - Processing file /home/airflow/.local/lib/python3.12/site-packages/airflow/example_dags/example_latest_only.py for tasks to queue
[2026-04-01T13:07:27.640+0000] {logging_mixin.py:188} INFO - [2026-04-01T13:07:27.639+0000] {dagbag.py:545} INFO - Filling up the DagBag from /home/airflow/.local/lib/python3.12/site-packages/airflow/example_dags/example_latest_only.py
[2026-04-01T13:07:27.644+0000] {processor.py:840} INFO - DAG(s) 'latest_only' retrieved from /home/airflow/.local/lib/python3.12/site-packages/airflow/example_dags/example_latest_only.py
[2026-04-01T13:07:27.658+0000] {logging_mixin.py:188} INFO - [2026-04-01T13:07:27.658+0000] {dag.py:3096} INFO - Sync 1 DAGs
[2026-04-01T13:07:27.672+0000] {logging_mixin.py:188} INFO - [2026-04-01T13:07:27.672+0000] {dag.py:3954} INFO - Setting next_dagrun for latest_only to 2026-04-01 08:00:00+00:00, run_after=2026-04-01 12:00:00+00:00
[2026-04-01T13:07:27.688+0000] {processor.py:183} INFO - Processing /home/airflow/.local/lib/python3.12/site-packages/airflow/example_dags/example_latest_only.py took 0.057 seconds
[2026-04-01T13:07:57.787+0000] {processor.py:161} INFO - Started process (PID=1141) to work on /home/airflow/.local/lib/python3.12/site-packages/airflow/example_dags/example_latest_only.py
[2026-04-01T13:07:57.787+0000] {processor.py:830} INFO - Processing file /home/airflow/.local/lib/python3.12/site-packages/airflow/example_dags/example_latest_only.py for tasks to queue
[2026-04-01T13:07:57.789+0000] {logging_mixin.py:188} INFO - [2026-04-01T13:07:57.789+0000] {dagbag.py:545} INFO - Filling up the DagBag from /home/airflow/.local/lib/python3.12/site-packages/airflow/example_dags/example_latest_only.py
[2026-04-01T13:07:57.794+0000] {processor.py:840} INFO - DAG(s) 'latest_only' retrieved from /home/airflow/.local/lib/python3.12/site-packages/airflow/example_dags/example_latest_only.py
[2026-04-01T13:07:57.810+0000] {logging_mixin.py:188} INFO - [2026-04-01T13:07:57.810+0000] {dag.py:3096} INFO - Sync 1 DAGs
[2026-04-01T13:07:57.825+0000] {logging_mixin.py:188} INFO - [2026-04-01T13:07:57.825+0000] {dag.py:3954} INFO - Setting next_dagrun for latest_only to 2026-04-01 08:00:00+00:00, run_after=2026-04-01 12:00:00+00:00
[2026-04-01T13:07:57.842+0000] {processor.py:183} INFO - Processing /home/airflow/.local/lib/python3.12/site-packages/airflow/example_dags/example_latest_only.py took 0.060 seconds
[2026-04-01T13:08:28.081+0000] {processor.py:161} INFO - Started process (PID=1200) to work on /home/airflow/.local/lib/python3.12/site-packages/airflow/example_dags/example_latest_only.py
[2026-04-01T13:08:28.082+0000] {processor.py:830} INFO - Processing file /home/airflow/.local/lib/python3.12/site-packages/airflow/example_dags/example_latest_only.py for tasks to queue
[2026-04-01T13:08:28.083+0000] {logging_mixin.py:188} INFO - [2026-04-01T13:08:28.083+0000] {dagbag.py:545} INFO - Filling up the DagBag from /home/airflow/.local/lib/python3.12/site-packages/airflow/example_dags/example_latest_only.py
[2026-04-01T13:08:28.087+0000] {processor.py:840} INFO - DAG(s) 'latest_only' retrieved from /home/airflow/.local/lib/python3.12/site-packages/airflow/example_dags/example_latest_only.py
[2026-04-01T13:08:28.101+0000] {logging_mixin.py:188} INFO - [2026-04-01T13:08:28.101+0000] {dag.py:3096} INFO - Sync 1 DAGs
[2026-04-01T13:08:28.115+0000] {logging_mixin.py:188} INFO - [2026-04-01T13:08:28.115+0000] {dag.py:3954} INFO - Setting next_dagrun for latest_only to 2026-04-01 08:00:00+00:00, run_after=2026-04-01 12:00:00+00:00
[2026-04-01T13:08:28.130+0000] {processor.py:183} INFO - Processing /home/airflow/.local/lib/python3.12/site-packages/airflow/example_dags/example_latest_only.py took 0.053 seconds
[2026-04-01T13:08:58.584+0000] {processor.py:161} INFO - Started process (PID=1257) to work on /home/airflow/.local/lib/python3.12/site-packages/airflow/example_dags/example_latest_only.py
[2026-04-01T13:08:58.585+0000] {processor.py:830} INFO - Processing file /home/airflow/.local/lib/python3.12/site-packages/airflow/example_dags/example_latest_only.py for tasks to queue
[2026-04-01T13:08:58.586+0000] {logging_mixin.py:188} INFO - [2026-04-01T13:08:58.586+0000] {dagbag.py:545} INFO - Filling up the DagBag from /home/airflow/.local/lib/python3.12/site-packages/airflow/example_dags/example_latest_only.py
[2026-04-01T13:08:58.592+0000] {processor.py:840} INFO - DAG(s) 'latest_only' retrieved from /home/airflow/.local/lib/python3.12/site-packages/airflow/example_dags/example_latest_only.py
[2026-04-01T13:08:58.609+0000] {logging_mixin.py:188} INFO - [2026-04-01T13:08:58.609+0000] {dag.py:3096} INFO - Sync 1 DAGs
[2026-04-01T13:08:58.626+0000] {logging_mixin.py:188} INFO - [2026-04-01T13:08:58.626+0000] {dag.py:3954} INFO - Setting next_dagrun for latest_only to 2026-04-01 08:00:00+00:00, run_after=2026-04-01 12:00:00+00:00
[2026-04-01T13:08:58.644+0000] {processor.py:183} INFO - Processing /home/airflow/.local/lib/python3.12/site-packages/airflow/example_dags/example_latest_only.py took 0.066 seconds
[2026-04-01T13:09:28.930+0000] {processor.py:161} INFO - Started process (PID=1315) to work on /home/airflow/.local/lib/python3.12/site-packages/airflow/example_dags/example_latest_only.py
[2026-04-01T13:09:28.931+0000] {processor.py:830} INFO - Processing file /home/airflow/.local/lib/python3.12/site-packages/airflow/example_dags/example_latest_only.py for tasks to queue
[2026-04-01T13:09:28.932+0000] {logging_mixin.py:188} INFO - [2026-04-01T13:09:28.932+0000] {dagbag.py:545} INFO - Filling up the DagBag from /home/airflow/.local/lib/python3.12/site-packages/airflow/example_dags/example_latest_only.py
[2026-04-01T13:09:28.937+0000] {processor.py:840} INFO - DAG(s) 'latest_only' retrieved from /home/airflow/.local/lib/python3.12/site-packages/airflow/example_dags/example_latest_only.py
[2026-04-01T13:09:28.956+0000] {logging_mixin.py:188} INFO - [2026-04-01T13:09:28.956+0000] {dag.py:3096} INFO - Sync 1 DAGs
[2026-04-01T13:09:28.974+0000] {logging_mixin.py:188} INFO - [2026-04-01T13:09:28.974+0000] {dag.py:3954} INFO - Setting next_dagrun for latest_only to 2026-04-01 08:00:00+00:00, run_after=2026-04-01 12:00:00+00:00
[2026-04-01T13:09:28.992+0000] {processor.py:183} INFO - Processing /home/airflow/.local/lib/python3.12/site-packages/airflow/example_dags/example_latest_only.py took 0.067 seconds
[2026-04-01T13:09:59.187+0000] {processor.py:161} INFO - Started process (PID=1373) to work on /home/airflow/.local/lib/python3.12/site-packages/airflow/example_dags/example_latest_only.py
[2026-04-01T13:09:59.187+0000] {processor.py:830} INFO - Processing file /home/airflow/.local/lib/python3.12/site-packages/airflow/example_dags/example_latest_only.py for tasks to queue
[2026-04-01T13:09:59.189+0000] {logging_mixin.py:188} INFO - [2026-04-01T13:09:59.189+0000] {dagbag.py:545} INFO - Filling up the DagBag from /home/airflow/.local/lib/python3.12/site-packages/airflow/example_dags/example_latest_only.py
[2026-04-01T13:09:59.193+0000] {processor.py:840} INFO - DAG(s) 'latest_only' retrieved from /home/airflow/.local/lib/python3.12/site-packages/airflow/example_dags/example_latest_only.py
[2026-04-01T13:09:59.208+0000] {logging_mixin.py:188} INFO - [2026-04-01T13:09:59.208+0000] {dag.py:3096} INFO - Sync 1 DAGs
[2026-04-01T13:09:59.223+0000] {logging_mixin.py:188} INFO - [2026-04-01T13:09:59.223+0000] {dag.py:3954} INFO - Setting next_dagrun for latest_only to 2026-04-01 08:00:00+00:00, run_after=2026-04-01 12:00:00+00:00
[2026-04-01T13:09:59.239+0000] {processor.py:183} INFO - Processing /home/airflow/.local/lib/python3.12/site-packages/airflow/example_dags/example_latest_only.py took 0.057 seconds
[2026-04-01T13:10:29.458+0000] {processor.py:161} INFO - Started process (PID=1431) to work on /home/airflow/.local/lib/python3.12/site-packages/airflow/example_dags/example_latest_only.py
[2026-04-01T13:10:29.459+0000] {processor.py:830} INFO - Processing file /home/airflow/.local/lib/python3.12/site-packages/airflow/example_dags/example_latest_only.py for tasks to queue
[2026-04-01T13:10:29.460+0000] {logging_mixin.py:188} INFO - [2026-04-01T13:10:29.460+0000] {dagbag.py:545} INFO - Filling up the DagBag from /home/airflow/.local/lib/python3.12/site-packages/airflow/example_dags/example_latest_only.py
[2026-04-01T13:10:29.465+0000] {processor.py:840} INFO - DAG(s) 'latest_only' retrieved from /home/airflow/.local/lib/python3.12/site-packages/airflow/example_dags/example_latest_only.py
[2026-04-01T13:10:29.482+0000] {logging_mixin.py:188} INFO - [2026-04-01T13:10:29.482+0000] {dag.py:3096} INFO - Sync 1 DAGs
[2026-04-01T13:10:29.497+0000] {logging_mixin.py:188} INFO - [2026-04-01T13:10:29.497+0000] {dag.py:3954} INFO - Setting next_dagrun for latest_only to 2026-04-01 08:00:00+00:00, run_after=2026-04-01 12:00:00+00:00
[2026-04-01T13:10:29.514+0000] {processor.py:183} INFO - Processing /home/airflow/.local/lib/python3.12/site-packages/airflow/example_dags/example_latest_only.py took 0.061 seconds
[2026-04-01T13:11:00.061+0000] {processor.py:161} INFO - Started process (PID=1489) to work on /home/airflow/.local/lib/python3.12/site-packages/airflow/example_dags/example_latest_only.py
[2026-04-01T13:11:00.062+0000] {processor.py:830} INFO - Processing file /home/airflow/.local/lib/python3.12/site-packages/airflow/example_dags/example_latest_only.py for tasks to queue
[2026-04-01T13:11:00.064+0000] {logging_mixin.py:188} INFO - [2026-04-01T13:11:00.063+0000] {dagbag.py:545} INFO - Filling up the DagBag from /home/airflow/.local/lib/python3.12/site-packages/airflow/example_dags/example_latest_only.py
[2026-04-01T13:11:00.068+0000] {processor.py:840} INFO - DAG(s) 'latest_only' retrieved from /home/airflow/.local/lib/python3.12/site-packages/airflow/example_dags/example_latest_only.py
[2026-04-01T13:11:00.086+0000] {logging_mixin.py:188} INFO - [2026-04-01T13:11:00.086+0000] {dag.py:3096} INFO - Sync 1 DAGs
[2026-04-01T13:11:00.102+0000] {logging_mixin.py:188} INFO - [2026-04-01T13:11:00.102+0000] {dag.py:3954} INFO - Setting next_dagrun for latest_only to 2026-04-01 08:00:00+00:00, run_after=2026-04-01 12:00:00+00:00
[2026-04-01T13:11:00.118+0000] {processor.py:183} INFO - Processing /home/airflow/.local/lib/python3.12/site-packages/airflow/example_dags/example_latest_only.py took 0.062 seconds
[2026-04-01T13:11:30.358+0000] {processor.py:161} INFO - Started process (PID=1547) to work on /home/airflow/.local/lib/python3.12/site-packages/airflow/example_dags/example_latest_only.py
[2026-04-01T13:11:30.359+0000] {processor.py:830} INFO - Processing file /home/airflow/.local/lib/python3.12/site-packages/airflow/example_dags/example_latest_only.py for tasks to queue
[2026-04-01T13:11:30.360+0000] {logging_mixin.py:188} INFO - [2026-04-01T13:11:30.360+0000] {dagbag.py:545} INFO - Filling up the DagBag from /home/airflow/.local/lib/python3.12/site-packages/airflow/example_dags/example_latest_only.py
[2026-04-01T13:11:30.365+0000] {processor.py:840} INFO - DAG(s) 'latest_only' retrieved from /home/airflow/.local/lib/python3.12/site-packages/airflow/example_dags/example_latest_only.py
[2026-04-01T13:11:30.379+0000] {logging_mixin.py:188} INFO - [2026-04-01T13:11:30.379+0000] {dag.py:3096} INFO - Sync 1 DAGs
[2026-04-01T13:11:30.396+0000] {logging_mixin.py:188} INFO - [2026-04-01T13:11:30.396+0000] {dag.py:3954} INFO - Setting next_dagrun for latest_only to 2026-04-01 08:00:00+00:00, run_after=2026-04-01 12:00:00+00:00
[2026-04-01T13:11:30.414+0000] {processor.py:183} INFO - Processing /home/airflow/.local/lib/python3.12/site-packages/airflow/example_dags/example_latest_only.py took 0.061 seconds
[2026-04-01T13:12:00.890+0000] {processor.py:161} INFO - Started process (PID=1605) to work on /home/airflow/.local/lib/python3.12/site-packages/airflow/example_dags/example_latest_only.py
[2026-04-01T13:12:00.891+0000] {processor.py:830} INFO - Processing file /home/airflow/.local/lib/python3.12/site-packages/airflow/example_dags/example_latest_only.py for tasks to queue
[2026-04-01T13:12:00.892+0000] {logging_mixin.py:188} INFO - [2026-04-01T13:12:00.892+0000] {dagbag.py:545} INFO - Filling up the DagBag from /home/airflow/.local/lib/python3.12/site-packages/airflow/example_dags/example_latest_only.py
[2026-04-01T13:12:00.898+0000] {processor.py:840} INFO - DAG(s) 'latest_only' retrieved from /home/airflow/.local/lib/python3.12/site-packages/airflow/example_dags/example_latest_only.py
[2026-04-01T13:12:00.916+0000] {logging_mixin.py:188} INFO - [2026-04-01T13:12:00.916+0000] {dag.py:3096} INFO - Sync 1 DAGs
[2026-04-01T13:12:00.934+0000] {logging_mixin.py:188} INFO - [2026-04-01T13:12:00.934+0000] {dag.py:3954} INFO - Setting next_dagrun for latest_only to 2026-04-01 08:00:00+00:00, run_after=2026-04-01 12:00:00+00:00
[2026-04-01T13:12:00.955+0000] {processor.py:183} INFO - Processing /home/airflow/.local/lib/python3.12/site-packages/airflow/example_dags/example_latest_only.py took 0.070 seconds
[2026-04-01T13:12:31.177+0000] {processor.py:161} INFO - Started process (PID=1663) to work on /home/airflow/.local/lib/python3.12/site-packages/airflow/example_dags/example_latest_only.py
[2026-04-01T13:12:31.178+0000] {processor.py:830} INFO - Processing file /home/airflow/.local/lib/python3.12/site-packages/airflow/example_dags/example_latest_only.py for tasks to queue
[2026-04-01T13:12:31.179+0000] {logging_mixin.py:188} INFO - [2026-04-01T13:12:31.179+0000] {dagbag.py:545} INFO - Filling up the DagBag from /home/airflow/.local/lib/python3.12/site-packages/airflow/example_dags/example_latest_only.py
[2026-04-01T13:12:31.183+0000] {processor.py:840} INFO - DAG(s) 'latest_only' retrieved from /home/airflow/.local/lib/python3.12/site-packages/airflow/example_dags/example_latest_only.py
[2026-04-01T13:12:31.198+0000] {logging_mixin.py:188} INFO - [2026-04-01T13:12:31.198+0000] {dag.py:3096} INFO - Sync 1 DAGs
[2026-04-01T13:12:31.213+0000] {logging_mixin.py:188} INFO - [2026-04-01T13:12:31.212+0000] {dag.py:3954} INFO - Setting next_dagrun for latest_only to 2026-04-01 08:00:00+00:00, run_after=2026-04-01 12:00:00+00:00
[2026-04-01T13:12:31.228+0000] {processor.py:183} INFO - Processing /home/airflow/.local/lib/python3.12/site-packages/airflow/example_dags/example_latest_only.py took 0.056 seconds
[2026-04-01T13:13:01.391+0000] {processor.py:161} INFO - Started process (PID=1721) to work on /home/airflow/.local/lib/python3.12/site-packages/airflow/example_dags/example_latest_only.py
[2026-04-01T13:13:01.392+0000] {processor.py:830} INFO - Processing file /home/airflow/.local/lib/python3.12/site-packages/airflow/example_dags/example_latest_only.py for tasks to queue
[2026-04-01T13:13:01.394+0000] {logging_mixin.py:188} INFO - [2026-04-01T13:13:01.393+0000] {dagbag.py:545} INFO - Filling up the DagBag from /home/airflow/.local/lib/python3.12/site-packages/airflow/example_dags/example_latest_only.py
[2026-04-01T13:13:01.398+0000] {processor.py:840} INFO - DAG(s) 'latest_only' retrieved from /home/airflow/.local/lib/python3.12/site-packages/airflow/example_dags/example_latest_only.py
[2026-04-01T13:13:01.411+0000] {logging_mixin.py:188} INFO - [2026-04-01T13:13:01.411+0000] {dag.py:3096} INFO - Sync 1 DAGs
[2026-04-01T13:13:01.429+0000] {logging_mixin.py:188} INFO - [2026-04-01T13:13:01.429+0000] {dag.py:3954} INFO - Setting next_dagrun for latest_only to 2026-04-01 08:00:00+00:00, run_after=2026-04-01 12:00:00+00:00
[2026-04-01T13:13:01.444+0000] {processor.py:183} INFO - Processing /home/airflow/.local/lib/python3.12/site-packages/airflow/example_dags/example_latest_only.py took 0.058 seconds
[2026-04-01T13:13:31.733+0000] {processor.py:161} INFO - Started process (PID=1779) to work on /home/airflow/.local/lib/python3.12/site-packages/airflow/example_dags/example_latest_only.py
[2026-04-01T13:13:31.734+0000] {processor.py:830} INFO - Processing file /home/airflow/.local/lib/python3.12/site-packages/airflow/example_dags/example_latest_only.py for tasks to queue
[2026-04-01T13:13:31.735+0000] {logging_mixin.py:188} INFO - [2026-04-01T13:13:31.735+0000] {dagbag.py:545} INFO - Filling up the DagBag from /home/airflow/.local/lib/python3.12/site-packages/airflow/example_dags/example_latest_only.py
[2026-04-01T13:13:31.739+0000] {processor.py:840} INFO - DAG(s) 'latest_only' retrieved from /home/airflow/.local/lib/python3.12/site-packages/airflow/example_dags/example_latest_only.py
[2026-04-01T13:13:31.754+0000] {logging_mixin.py:188} INFO - [2026-04-01T13:13:31.754+0000] {dag.py:3096} INFO - Sync 1 DAGs
[2026-04-01T13:13:31.770+0000] {logging_mixin.py:188} INFO - [2026-04-01T13:13:31.770+0000] {dag.py:3954} INFO - Setting next_dagrun for latest_only to 2026-04-01 08:00:00+00:00, run_after=2026-04-01 12:00:00+00:00
[2026-04-01T13:13:31.787+0000] {processor.py:183} INFO - Processing /home/airflow/.local/lib/python3.12/site-packages/airflow/example_dags/example_latest_only.py took 0.058 seconds
[2026-04-01T13:14:02.403+0000] {processor.py:161} INFO - Started process (PID=1837) to work on /home/airflow/.local/lib/python3.12/site-packages/airflow/example_dags/example_latest_only.py
[2026-04-01T13:14:02.403+0000] {processor.py:830} INFO - Processing file /home/airflow/.local/lib/python3.12/site-packages/airflow/example_dags/example_latest_only.py for tasks to queue
[2026-04-01T13:14:02.405+0000] {logging_mixin.py:188} INFO - [2026-04-01T13:14:02.405+0000] {dagbag.py:545} INFO - Filling up the DagBag from /home/airflow/.local/lib/python3.12/site-packages/airflow/example_dags/example_latest_only.py
[2026-04-01T13:14:02.409+0000] {processor.py:840} INFO - DAG(s) 'latest_only' retrieved from /home/airflow/.local/lib/python3.12/site-packages/airflow/example_dags/example_latest_only.py
[2026-04-01T13:14:02.423+0000] {logging_mixin.py:188} INFO - [2026-04-01T13:14:02.423+0000] {dag.py:3096} INFO - Sync 1 DAGs
[2026-04-01T13:14:02.440+0000] {logging_mixin.py:188} INFO - [2026-04-01T13:14:02.440+0000] {dag.py:3954} INFO - Setting next_dagrun for latest_only to 2026-04-01 08:00:00+00:00, run_after=2026-04-01 12:00:00+00:00
[2026-04-01T13:14:02.456+0000] {processor.py:183} INFO - Processing /home/airflow/.local/lib/python3.12/site-packages/airflow/example_dags/example_latest_only.py took 0.058 seconds
[2026-04-01T13:14:33.385+0000] {processor.py:161} INFO - Started process (PID=1895) to work on /home/airflow/.local/lib/python3.12/site-packages/airflow/example_dags/example_latest_only.py
[2026-04-01T13:14:33.386+0000] {processor.py:830} INFO - Processing file /home/airflow/.local/lib/python3.12/site-packages/airflow/example_dags/example_latest_only.py for tasks to queue
[2026-04-01T13:14:33.387+0000] {logging_mixin.py:188} INFO - [2026-04-01T13:14:33.387+0000] {dagbag.py:545} INFO - Filling up the DagBag from /home/airflow/.local/lib/python3.12/site-packages/airflow/example_dags/example_latest_only.py
[2026-04-01T13:14:33.391+0000] {processor.py:840} INFO - DAG(s) 'latest_only' retrieved from /home/airflow/.local/lib/python3.12/site-packages/airflow/example_dags/example_latest_only.py
[2026-04-01T13:14:33.406+0000] {logging_mixin.py:188} INFO - [2026-04-01T13:14:33.405+0000] {dag.py:3096} INFO - Sync 1 DAGs
[2026-04-01T13:14:33.420+0000] {logging_mixin.py:188} INFO - [2026-04-01T13:14:33.420+0000] {dag.py:3954} INFO - Setting next_dagrun for latest_only to 2026-04-01 08:00:00+00:00, run_after=2026-04-01 12:00:00+00:00
[2026-04-01T13:14:33.436+0000] {processor.py:183} INFO - Processing /home/airflow/.local/lib/python3.12/site-packages/airflow/example_dags/example_latest_only.py took 0.055 seconds
[2026-04-01T13:15:03.842+0000] {processor.py:161} INFO - Started process (PID=1953) to work on /home/airflow/.local/lib/python3.12/site-packages/airflow/example_dags/example_latest_only.py
[2026-04-01T13:15:03.842+0000] {processor.py:830} INFO - Processing file /home/airflow/.local/lib/python3.12/site-packages/airflow/example_dags/example_latest_only.py for tasks to queue
[2026-04-01T13:15:03.844+0000] {logging_mixin.py:188} INFO - [2026-04-01T13:15:03.844+0000] {dagbag.py:545} INFO - Filling up the DagBag from /home/airflow/.local/lib/python3.12/site-packages/airflow/example_dags/example_latest_only.py
[2026-04-01T13:15:03.848+0000] {processor.py:840} INFO - DAG(s) 'latest_only' retrieved from /home/airflow/.local/lib/python3.12/site-packages/airflow/example_dags/example_latest_only.py
[2026-04-01T13:15:03.864+0000] {logging_mixin.py:188} INFO - [2026-04-01T13:15:03.864+0000] {dag.py:3096} INFO - Sync 1 DAGs
[2026-04-01T13:15:03.880+0000] {logging_mixin.py:188} INFO - [2026-04-01T13:15:03.880+0000] {dag.py:3954} INFO - Setting next_dagrun for latest_only to 2026-04-01 08:00:00+00:00, run_after=2026-04-01 12:00:00+00:00
[2026-04-01T13:15:04.002+0000] {processor.py:183} INFO - Processing /home/airflow/.local/lib/python3.12/site-packages/airflow/example_dags/example_latest_only.py took 0.165 seconds
[2026-04-01T13:15:34.408+0000] {processor.py:161} INFO - Started process (PID=2011) to work on /home/airflow/.local/lib/python3.12/site-packages/airflow/example_dags/example_latest_only.py
[2026-04-01T13:15:34.409+0000] {processor.py:830} INFO - Processing file /home/airflow/.local/lib/python3.12/site-packages/airflow/example_dags/example_latest_only.py for tasks to queue
[2026-04-01T13:15:34.411+0000] {logging_mixin.py:188} INFO - [2026-04-01T13:15:34.410+0000] {dagbag.py:545} INFO - Filling up the DagBag from /home/airflow/.local/lib/python3.12/site-packages/airflow/example_dags/example_latest_only.py
[2026-04-01T13:15:34.416+0000] {processor.py:840} INFO - DAG(s) 'latest_only' retrieved from /home/airflow/.local/lib/python3.12/site-packages/airflow/example_dags/example_latest_only.py
[2026-04-01T13:15:34.429+0000] {logging_mixin.py:188} INFO - [2026-04-01T13:15:34.429+0000] {dag.py:3096} INFO - Sync 1 DAGs
[2026-04-01T13:15:34.444+0000] {logging_mixin.py:188} INFO - [2026-04-01T13:15:34.444+0000] {dag.py:3954} INFO - Setting next_dagrun for latest_only to 2026-04-01 08:00:00+00:00, run_after=2026-04-01 12:00:00+00:00
[2026-04-01T13:15:34.463+0000] {processor.py:183} INFO - Processing /home/airflow/.local/lib/python3.12/site-packages/airflow/example_dags/example_latest_only.py took 0.060 seconds
[2026-04-01T13:16:04.922+0000] {processor.py:161} INFO - Started process (PID=2069) to work on /home/airflow/.local/lib/python3.12/site-packages/airflow/example_dags/example_latest_only.py
[2026-04-01T13:16:04.923+0000] {processor.py:830} INFO - Processing file /home/airflow/.local/lib/python3.12/site-packages/airflow/example_dags/example_latest_only.py for tasks to queue
[2026-04-01T13:16:04.924+0000] {logging_mixin.py:188} INFO - [2026-04-01T13:16:04.924+0000] {dagbag.py:545} INFO - Filling up the DagBag from /home/airflow/.local/lib/python3.12/site-packages/airflow/example_dags/example_latest_only.py
[2026-04-01T13:16:04.928+0000] {processor.py:840} INFO - DAG(s) 'latest_only' retrieved from /home/airflow/.local/lib/python3.12/site-packages/airflow/example_dags/example_latest_only.py
[2026-04-01T13:16:04.945+0000] {logging_mixin.py:188} INFO - [2026-04-01T13:16:04.945+0000] {dag.py:3096} INFO - Sync 1 DAGs
[2026-04-01T13:16:04.962+0000] {logging_mixin.py:188} INFO - [2026-04-01T13:16:04.961+0000] {dag.py:3954} INFO - Setting next_dagrun for latest_only to 2026-04-01 08:00:00+00:00, run_after=2026-04-01 12:00:00+00:00
[2026-04-01T13:16:04.977+0000] {processor.py:183} INFO - Processing /home/airflow/.local/lib/python3.12/site-packages/airflow/example_dags/example_latest_only.py took 0.060 seconds
[2026-04-01T13:16:35.469+0000] {processor.py:161} INFO - Started process (PID=2127) to work on /home/airflow/.local/lib/python3.12/site-packages/airflow/example_dags/example_latest_only.py
[2026-04-01T13:16:35.469+0000] {processor.py:830} INFO - Processing file /home/airflow/.local/lib/python3.12/site-packages/airflow/example_dags/example_latest_only.py for tasks to queue
[2026-04-01T13:16:35.471+0000] {logging_mixin.py:188} INFO - [2026-04-01T13:16:35.471+0000] {dagbag.py:545} INFO - Filling up the DagBag from /home/airflow/.local/lib/python3.12/site-packages/airflow/example_dags/example_latest_only.py
[2026-04-01T13:16:35.476+0000] {processor.py:840} INFO - DAG(s) 'latest_only' retrieved from /home/airflow/.local/lib/python3.12/site-packages/airflow/example_dags/example_latest_only.py
[2026-04-01T13:16:35.491+0000] {logging_mixin.py:188} INFO - [2026-04-01T13:16:35.491+0000] {dag.py:3096} INFO - Sync 1 DAGs
[2026-04-01T13:16:35.507+0000] {logging_mixin.py:188} INFO - [2026-04-01T13:16:35.507+0000] {dag.py:3954} INFO - Setting next_dagrun for latest_only to 2026-04-01 08:00:00+00:00, run_after=2026-04-01 12:00:00+00:00
[2026-04-01T13:16:35.525+0000] {processor.py:183} INFO - Processing /home/airflow/.local/lib/python3.12/site-packages/airflow/example_dags/example_latest_only.py took 0.061 seconds
[2026-04-01T13:17:05.965+0000] {processor.py:161} INFO - Started process (PID=2185) to work on /home/airflow/.local/lib/python3.12/site-packages/airflow/example_dags/example_latest_only.py
[2026-04-01T13:17:05.965+0000] {processor.py:830} INFO - Processing file /home/airflow/.local/lib/python3.12/site-packages/airflow/example_dags/example_latest_only.py for tasks to queue
[2026-04-01T13:17:05.967+0000] {logging_mixin.py:188} INFO - [2026-04-01T13:17:05.966+0000] {dagbag.py:545} INFO - Filling up the DagBag from /home/airflow/.local/lib/python3.12/site-packages/airflow/example_dags/example_latest_only.py
[2026-04-01T13:17:05.970+0000] {processor.py:840} INFO - DAG(s) 'latest_only' retrieved from /home/airflow/.local/lib/python3.12/site-packages/airflow/example_dags/example_latest_only.py
[2026-04-01T13:17:05.986+0000] {logging_mixin.py:188} INFO - [2026-04-01T13:17:05.985+0000] {dag.py:3096} INFO - Sync 1 DAGs
[2026-04-01T13:17:06.008+0000] {logging_mixin.py:188} INFO - [2026-04-01T13:17:06.008+0000] {dag.py:3954} INFO - Setting next_dagrun for latest_only to 2026-04-01 08:00:00+00:00, run_after=2026-04-01 12:00:00+00:00
[2026-04-01T13:17:06.022+0000] {processor.py:183} INFO - Processing /home/airflow/.local/lib/python3.12/site-packages/airflow/example_dags/example_latest_only.py took 0.062 seconds
[2026-04-01T13:17:36.171+0000] {processor.py:161} INFO - Started process (PID=2243) to work on /home/airflow/.local/lib/python3.12/site-packages/airflow/example_dags/example_latest_only.py
[2026-04-01T13:17:36.171+0000] {processor.py:830} INFO - Processing file /home/airflow/.local/lib/python3.12/site-packages/airflow/example_dags/example_latest_only.py for tasks to queue
[2026-04-01T13:17:36.173+0000] {logging_mixin.py:188} INFO - [2026-04-01T13:17:36.173+0000] {dagbag.py:545} INFO - Filling up the DagBag from /home/airflow/.local/lib/python3.12/site-packages/airflow/example_dags/example_latest_only.py
[2026-04-01T13:17:36.178+0000] {processor.py:840} INFO - DAG(s) 'latest_only' retrieved from /home/airflow/.local/lib/python3.12/site-packages/airflow/example_dags/example_latest_only.py
[2026-04-01T13:17:36.195+0000] {logging_mixin.py:188} INFO - [2026-04-01T13:17:36.195+0000] {dag.py:3096} INFO - Sync 1 DAGs
[2026-04-01T13:17:36.210+0000] {logging_mixin.py:188} INFO - [2026-04-01T13:17:36.210+0000] {dag.py:3954} INFO - Setting next_dagrun for latest_only to 2026-04-01 08:00:00+00:00, run_after=2026-04-01 12:00:00+00:00
[2026-04-01T13:17:36.235+0000] {processor.py:183} INFO - Processing /home/airflow/.local/lib/python3.12/site-packages/airflow/example_dags/example_latest_only.py took 0.069 seconds
[2026-04-01T13:18:06.359+0000] {processor.py:161} INFO - Started process (PID=2302) to work on /home/airflow/.local/lib/python3.12/site-packages/airflow/example_dags/example_latest_only.py
[2026-04-01T13:18:06.361+0000] {processor.py:830} INFO - Processing file /home/airflow/.local/lib/python3.12/site-packages/airflow/example_dags/example_latest_only.py for tasks to queue
[2026-04-01T13:18:06.362+0000] {logging_mixin.py:188} INFO - [2026-04-01T13:18:06.362+0000] {dagbag.py:545} INFO - Filling up the DagBag from /home/airflow/.local/lib/python3.12/site-packages/airflow/example_dags/example_latest_only.py
[2026-04-01T13:18:06.367+0000] {processor.py:840} INFO - DAG(s) 'latest_only' retrieved from /home/airflow/.local/lib/python3.12/site-packages/airflow/example_dags/example_latest_only.py
[2026-04-01T13:18:06.382+0000] {logging_mixin.py:188} INFO - [2026-04-01T13:18:06.382+0000] {dag.py:3096} INFO - Sync 1 DAGs
[2026-04-01T13:18:06.398+0000] {logging_mixin.py:188} INFO - [2026-04-01T13:18:06.398+0000] {dag.py:3954} INFO - Setting next_dagrun for latest_only to 2026-04-01 08:00:00+00:00, run_after=2026-04-01 12:00:00+00:00
[2026-04-01T13:18:06.414+0000] {processor.py:183} INFO - Processing /home/airflow/.local/lib/python3.12/site-packages/airflow/example_dags/example_latest_only.py took 0.060 seconds
[2026-04-01T13:18:37.066+0000] {processor.py:161} INFO - Started process (PID=2359) to work on /home/airflow/.local/lib/python3.12/site-packages/airflow/example_dags/example_latest_only.py
[2026-04-01T13:18:37.067+0000] {processor.py:830} INFO - Processing file /home/airflow/.local/lib/python3.12/site-packages/airflow/example_dags/example_latest_only.py for tasks to queue
[2026-04-01T13:18:37.068+0000] {logging_mixin.py:188} INFO - [2026-04-01T13:18:37.068+0000] {dagbag.py:545} INFO - Filling up the DagBag from /home/airflow/.local/lib/python3.12/site-packages/airflow/example_dags/example_latest_only.py
[2026-04-01T13:18:37.073+0000] {processor.py:840} INFO - DAG(s) 'latest_only' retrieved from /home/airflow/.local/lib/python3.12/site-packages/airflow/example_dags/example_latest_only.py
[2026-04-01T13:18:37.089+0000] {logging_mixin.py:188} INFO - [2026-04-01T13:18:37.088+0000] {dag.py:3096} INFO - Sync 1 DAGs
[2026-04-01T13:18:37.104+0000] {logging_mixin.py:188} INFO - [2026-04-01T13:18:37.104+0000] {dag.py:3954} INFO - Setting next_dagrun for latest_only to 2026-04-01 08:00:00+00:00, run_after=2026-04-01 12:00:00+00:00
[2026-04-01T13:18:37.122+0000] {processor.py:183} INFO - Processing /home/airflow/.local/lib/python3.12/site-packages/airflow/example_dags/example_latest_only.py took 0.060 seconds
[2026-04-01T13:19:07.550+0000] {processor.py:161} INFO - Started process (PID=2418) to work on /home/airflow/.local/lib/python3.12/site-packages/airflow/example_dags/example_latest_only.py
[2026-04-01T13:19:07.551+0000] {processor.py:830} INFO - Processing file /home/airflow/.local/lib/python3.12/site-packages/airflow/example_dags/example_latest_only.py for tasks to queue
[2026-04-01T13:19:07.553+0000] {logging_mixin.py:188} INFO - [2026-04-01T13:19:07.552+0000] {dagbag.py:545} INFO - Filling up the DagBag from /home/airflow/.local/lib/python3.12/site-packages/airflow/example_dags/example_latest_only.py
[2026-04-01T13:19:07.557+0000] {processor.py:840} INFO - DAG(s) 'latest_only' retrieved from /home/airflow/.local/lib/python3.12/site-packages/airflow/example_dags/example_latest_only.py
[2026-04-01T13:19:07.572+0000] {logging_mixin.py:188} INFO - [2026-04-01T13:19:07.572+0000] {dag.py:3096} INFO - Sync 1 DAGs
[2026-04-01T13:19:07.589+0000] {logging_mixin.py:188} INFO - [2026-04-01T13:19:07.588+0000] {dag.py:3954} INFO - Setting next_dagrun for latest_only to 2026-04-01 08:00:00+00:00, run_after=2026-04-01 12:00:00+00:00
[2026-04-01T13:19:07.606+0000] {processor.py:183} INFO - Processing /home/airflow/.local/lib/python3.12/site-packages/airflow/example_dags/example_latest_only.py took 0.061 seconds
[2026-04-01T13:19:37.882+0000] {processor.py:161} INFO - Started process (PID=2475) to work on /home/airflow/.local/lib/python3.12/site-packages/airflow/example_dags/example_latest_only.py
[2026-04-01T13:19:37.882+0000] {processor.py:830} INFO - Processing file /home/airflow/.local/lib/python3.12/site-packages/airflow/example_dags/example_latest_only.py for tasks to queue
[2026-04-01T13:19:37.884+0000] {logging_mixin.py:188} INFO - [2026-04-01T13:19:37.884+0000] {dagbag.py:545} INFO - Filling up the DagBag from /home/airflow/.local/lib/python3.12/site-packages/airflow/example_dags/example_latest_only.py
[2026-04-01T13:19:37.889+0000] {processor.py:840} INFO - DAG(s) 'latest_only' retrieved from /home/airflow/.local/lib/python3.12/site-packages/airflow/example_dags/example_latest_only.py
[2026-04-01T13:19:37.903+0000] {logging_mixin.py:188} INFO - [2026-04-01T13:19:37.903+0000] {dag.py:3096} INFO - Sync 1 DAGs
[2026-04-01T13:19:37.922+0000] {logging_mixin.py:188} INFO - [2026-04-01T13:19:37.922+0000] {dag.py:3954} INFO - Setting next_dagrun for latest_only to 2026-04-01 08:00:00+00:00, run_after=2026-04-01 12:00:00+00:00
[2026-04-01T13:19:37.939+0000] {processor.py:183} INFO - Processing /home/airflow/.local/lib/python3.12/site-packages/airflow/example_dags/example_latest_only.py took 0.063 seconds
[2026-04-01T13:20:08.323+0000] {processor.py:161} INFO - Started process (PID=2533) to work on /home/airflow/.local/lib/python3.12/site-packages/airflow/example_dags/example_latest_only.py
[2026-04-01T13:20:08.324+0000] {processor.py:830} INFO - Processing file /home/airflow/.local/lib/python3.12/site-packages/airflow/example_dags/example_latest_only.py for tasks to queue
[2026-04-01T13:20:08.326+0000] {logging_mixin.py:188} INFO - [2026-04-01T13:20:08.325+0000] {dagbag.py:545} INFO - Filling up the DagBag from /home/airflow/.local/lib/python3.12/site-packages/airflow/example_dags/example_latest_only.py
[2026-04-01T13:20:08.330+0000] {processor.py:840} INFO - DAG(s) 'latest_only' retrieved from /home/airflow/.local/lib/python3.12/site-packages/airflow/example_dags/example_latest_only.py
[2026-04-01T13:20:08.345+0000] {logging_mixin.py:188} INFO - [2026-04-01T13:20:08.345+0000] {dag.py:3096} INFO - Sync 1 DAGs
[2026-04-01T13:20:08.362+0000] {logging_mixin.py:188} INFO - [2026-04-01T13:20:08.362+0000] {dag.py:3954} INFO - Setting next_dagrun for latest_only to 2026-04-01 08:00:00+00:00, run_after=2026-04-01 12:00:00+00:00
[2026-04-01T13:20:08.380+0000] {processor.py:183} INFO - Processing /home/airflow/.local/lib/python3.12/site-packages/airflow/example_dags/example_latest_only.py took 0.062 seconds
[2026-04-01T13:20:38.774+0000] {processor.py:161} INFO - Started process (PID=2591) to work on /home/airflow/.local/lib/python3.12/site-packages/airflow/example_dags/example_latest_only.py
[2026-04-01T13:20:38.775+0000] {processor.py:830} INFO - Processing file /home/airflow/.local/lib/python3.12/site-packages/airflow/example_dags/example_latest_only.py for tasks to queue
[2026-04-01T13:20:38.777+0000] {logging_mixin.py:188} INFO - [2026-04-01T13:20:38.776+0000] {dagbag.py:545} INFO - Filling up the DagBag from /home/airflow/.local/lib/python3.12/site-packages/airflow/example_dags/example_latest_only.py
[2026-04-01T13:20:38.781+0000] {processor.py:840} INFO - DAG(s) 'latest_only' retrieved from /home/airflow/.local/lib/python3.12/site-packages/airflow/example_dags/example_latest_only.py
[2026-04-01T13:20:38.799+0000] {logging_mixin.py:188} INFO - [2026-04-01T13:20:38.799+0000] {dag.py:3096} INFO - Sync 1 DAGs
[2026-04-01T13:20:38.818+0000] {logging_mixin.py:188} INFO - [2026-04-01T13:20:38.817+0000] {dag.py:3954} INFO - Setting next_dagrun for latest_only to 2026-04-01 08:00:00+00:00, run_after=2026-04-01 12:00:00+00:00
[2026-04-01T13:20:38.836+0000] {processor.py:183} INFO - Processing /home/airflow/.local/lib/python3.12/site-packages/airflow/example_dags/example_latest_only.py took 0.067 seconds
[2026-04-01T13:21:09.247+0000] {processor.py:161} INFO - Started process (PID=2649) to work on /home/airflow/.local/lib/python3.12/site-packages/airflow/example_dags/example_latest_only.py
[2026-04-01T13:21:09.248+0000] {processor.py:830} INFO - Processing file /home/airflow/.local/lib/python3.12/site-packages/airflow/example_dags/example_latest_only.py for tasks to queue
[2026-04-01T13:21:09.250+0000] {logging_mixin.py:188} INFO - [2026-04-01T13:21:09.249+0000] {dagbag.py:545} INFO - Filling up the DagBag from /home/airflow/.local/lib/python3.12/site-packages/airflow/example_dags/example_latest_only.py
[2026-04-01T13:21:09.253+0000] {processor.py:840} INFO - DAG(s) 'latest_only' retrieved from /home/airflow/.local/lib/python3.12/site-packages/airflow/example_dags/example_latest_only.py
[2026-04-01T13:21:09.268+0000] {logging_mixin.py:188} INFO - [2026-04-01T13:21:09.268+0000] {dag.py:3096} INFO - Sync 1 DAGs
[2026-04-01T13:21:09.286+0000] {logging_mixin.py:188} INFO - [2026-04-01T13:21:09.286+0000] {dag.py:3954} INFO - Setting next_dagrun for latest_only to 2026-04-01 08:00:00+00:00, run_after=2026-04-01 12:00:00+00:00
[2026-04-01T13:21:09.300+0000] {processor.py:183} INFO - Processing /home/airflow/.local/lib/python3.12/site-packages/airflow/example_dags/example_latest_only.py took 0.058 seconds
[2026-04-01T13:21:39.870+0000] {processor.py:161} INFO - Started process (PID=2707) to work on /home/airflow/.local/lib/python3.12/site-packages/airflow/example_dags/example_latest_only.py
[2026-04-01T13:21:39.870+0000] {processor.py:830} INFO - Processing file /home/airflow/.local/lib/python3.12/site-packages/airflow/example_dags/example_latest_only.py for tasks to queue
[2026-04-01T13:21:39.872+0000] {logging_mixin.py:188} INFO - [2026-04-01T13:21:39.872+0000] {dagbag.py:545} INFO - Filling up the DagBag from /home/airflow/.local/lib/python3.12/site-packages/airflow/example_dags/example_latest_only.py
[2026-04-01T13:21:39.876+0000] {processor.py:840} INFO - DAG(s) 'latest_only' retrieved from /home/airflow/.local/lib/python3.12/site-packages/airflow/example_dags/example_latest_only.py
[2026-04-01T13:21:39.892+0000] {logging_mixin.py:188} INFO - [2026-04-01T13:21:39.892+0000] {dag.py:3096} INFO - Sync 1 DAGs
[2026-04-01T13:21:39.910+0000] {logging_mixin.py:188} INFO - [2026-04-01T13:21:39.909+0000] {dag.py:3954} INFO - Setting next_dagrun for latest_only to 2026-04-01 08:00:00+00:00, run_after=2026-04-01 12:00:00+00:00
[2026-04-01T13:21:39.928+0000] {processor.py:183} INFO - Processing /home/airflow/.local/lib/python3.12/site-packages/airflow/example_dags/example_latest_only.py took 0.064 seconds
[2026-04-01T13:22:10.287+0000] {processor.py:161} INFO - Started process (PID=2765) to work on /home/airflow/.local/lib/python3.12/site-packages/airflow/example_dags/example_latest_only.py
[2026-04-01T13:22:10.288+0000] {processor.py:830} INFO - Processing file /home/airflow/.local/lib/python3.12/site-packages/airflow/example_dags/example_latest_only.py for tasks to queue
[2026-04-01T13:22:10.289+0000] {logging_mixin.py:188} INFO - [2026-04-01T13:22:10.289+0000] {dagbag.py:545} INFO - Filling up the DagBag from /home/airflow/.local/lib/python3.12/site-packages/airflow/example_dags/example_latest_only.py
[2026-04-01T13:22:10.294+0000] {processor.py:840} INFO - DAG(s) 'latest_only' retrieved from /home/airflow/.local/lib/python3.12/site-packages/airflow/example_dags/example_latest_only.py
[2026-04-01T13:22:10.310+0000] {logging_mixin.py:188} INFO - [2026-04-01T13:22:10.309+0000] {dag.py:3096} INFO - Sync 1 DAGs
[2026-04-01T13:22:10.328+0000] {logging_mixin.py:188} INFO - [2026-04-01T13:22:10.328+0000] {dag.py:3954} INFO - Setting next_dagrun for latest_only to 2026-04-01 08:00:00+00:00, run_after=2026-04-01 12:00:00+00:00
[2026-04-01T13:22:10.347+0000] {processor.py:183} INFO - Processing /home/airflow/.local/lib/python3.12/site-packages/airflow/example_dags/example_latest_only.py took 0.065 seconds
[2026-04-01T13:22:40.884+0000] {processor.py:161} INFO - Started process (PID=2823) to work on /home/airflow/.local/lib/python3.12/site-packages/airflow/example_dags/example_latest_only.py
[2026-04-01T13:22:40.885+0000] {processor.py:830} INFO - Processing file /home/airflow/.local/lib/python3.12/site-packages/airflow/example_dags/example_latest_only.py for tasks to queue
[2026-04-01T13:22:40.889+0000] {logging_mixin.py:188} INFO - [2026-04-01T13:22:40.888+0000] {dagbag.py:545} INFO - Filling up the DagBag from /home/airflow/.local/lib/python3.12/site-packages/airflow/example_dags/example_latest_only.py
[2026-04-01T13:22:40.894+0000] {processor.py:840} INFO - DAG(s) 'latest_only' retrieved from /home/airflow/.local/lib/python3.12/site-packages/airflow/example_dags/example_latest_only.py
[2026-04-01T13:22:40.910+0000] {logging_mixin.py:188} INFO - [2026-04-01T13:22:40.910+0000] {dag.py:3096} INFO - Sync 1 DAGs
[2026-04-01T13:22:40.930+0000] {logging_mixin.py:188} INFO - [2026-04-01T13:22:40.929+0000] {dag.py:3954} INFO - Setting next_dagrun for latest_only to 2026-04-01 08:00:00+00:00, run_after=2026-04-01 12:00:00+00:00
[2026-04-01T13:22:40.948+0000] {processor.py:183} INFO - Processing /home/airflow/.local/lib/python3.12/site-packages/airflow/example_dags/example_latest_only.py took 0.070 seconds
[2026-04-01T13:23:11.355+0000] {processor.py:161} INFO - Started process (PID=2881) to work on /home/airflow/.local/lib/python3.12/site-packages/airflow/example_dags/example_latest_only.py
[2026-04-01T13:23:11.356+0000] {processor.py:830} INFO - Processing file /home/airflow/.local/lib/python3.12/site-packages/airflow/example_dags/example_latest_only.py for tasks to queue
[2026-04-01T13:23:11.357+0000] {logging_mixin.py:188} INFO - [2026-04-01T13:23:11.357+0000] {dagbag.py:545} INFO - Filling up the DagBag from /home/airflow/.local/lib/python3.12/site-packages/airflow/example_dags/example_latest_only.py
[2026-04-01T13:23:11.361+0000] {processor.py:840} INFO - DAG(s) 'latest_only' retrieved from /home/airflow/.local/lib/python3.12/site-packages/airflow/example_dags/example_latest_only.py
[2026-04-01T13:23:11.376+0000] {logging_mixin.py:188} INFO - [2026-04-01T13:23:11.376+0000] {dag.py:3096} INFO - Sync 1 DAGs
[2026-04-01T13:23:11.390+0000] {logging_mixin.py:188} INFO - [2026-04-01T13:23:11.390+0000] {dag.py:3954} INFO - Setting next_dagrun for latest_only to 2026-04-01 08:00:00+00:00, run_after=2026-04-01 12:00:00+00:00
[2026-04-01T13:23:11.404+0000] {processor.py:183} INFO - Processing /home/airflow/.local/lib/python3.12/site-packages/airflow/example_dags/example_latest_only.py took 0.054 seconds
[2026-04-01T13:23:41.912+0000] {processor.py:161} INFO - Started process (PID=2939) to work on /home/airflow/.local/lib/python3.12/site-packages/airflow/example_dags/example_latest_only.py
[2026-04-01T13:23:41.913+0000] {processor.py:830} INFO - Processing file /home/airflow/.local/lib/python3.12/site-packages/airflow/example_dags/example_latest_only.py for tasks to queue
[2026-04-01T13:23:41.915+0000] {logging_mixin.py:188} INFO - [2026-04-01T13:23:41.915+0000] {dagbag.py:545} INFO - Filling up the DagBag from /home/airflow/.local/lib/python3.12/site-packages/airflow/example_dags/example_latest_only.py
[2026-04-01T13:23:41.919+0000] {processor.py:840} INFO - DAG(s) 'latest_only' retrieved from /home/airflow/.local/lib/python3.12/site-packages/airflow/example_dags/example_latest_only.py
[2026-04-01T13:23:41.935+0000] {logging_mixin.py:188} INFO - [2026-04-01T13:23:41.934+0000] {dag.py:3096} INFO - Sync 1 DAGs
[2026-04-01T13:23:41.953+0000] {logging_mixin.py:188} INFO - [2026-04-01T13:23:41.953+0000] {dag.py:3954} INFO - Setting next_dagrun for latest_only to 2026-04-01 08:00:00+00:00, run_after=2026-04-01 12:00:00+00:00
[2026-04-01T13:23:41.969+0000] {processor.py:183} INFO - Processing /home/airflow/.local/lib/python3.12/site-packages/airflow/example_dags/example_latest_only.py took 0.064 seconds
[2026-04-01T13:24:12.322+0000] {processor.py:161} INFO - Started process (PID=2998) to work on /home/airflow/.local/lib/python3.12/site-packages/airflow/example_dags/example_latest_only.py
[2026-04-01T13:24:12.323+0000] {processor.py:830} INFO - Processing file /home/airflow/.local/lib/python3.12/site-packages/airflow/example_dags/example_latest_only.py for tasks to queue
[2026-04-01T13:24:12.324+0000] {logging_mixin.py:188} INFO - [2026-04-01T13:24:12.324+0000] {dagbag.py:545} INFO - Filling up the DagBag from /home/airflow/.local/lib/python3.12/site-packages/airflow/example_dags/example_latest_only.py
[2026-04-01T13:24:12.328+0000] {processor.py:840} INFO - DAG(s) 'latest_only' retrieved from /home/airflow/.local/lib/python3.12/site-packages/airflow/example_dags/example_latest_only.py
[2026-04-01T13:24:12.344+0000] {logging_mixin.py:188} INFO - [2026-04-01T13:24:12.344+0000] {dag.py:3096} INFO - Sync 1 DAGs
[2026-04-01T13:24:12.360+0000] {logging_mixin.py:188} INFO - [2026-04-01T13:24:12.360+0000] {dag.py:3954} INFO - Setting next_dagrun for latest_only to 2026-04-01 08:00:00+00:00, run_after=2026-04-01 12:00:00+00:00
[2026-04-01T13:24:12.377+0000] {processor.py:183} INFO - Processing /home/airflow/.local/lib/python3.12/site-packages/airflow/example_dags/example_latest_only.py took 0.061 seconds
[2026-04-01T13:24:42.981+0000] {processor.py:161} INFO - Started process (PID=3057) to work on /home/airflow/.local/lib/python3.12/site-packages/airflow/example_dags/example_latest_only.py
[2026-04-01T13:24:42.982+0000] {processor.py:830} INFO - Processing file /home/airflow/.local/lib/python3.12/site-packages/airflow/example_dags/example_latest_only.py for tasks to queue
[2026-04-01T13:24:42.984+0000] {logging_mixin.py:188} INFO - [2026-04-01T13:24:42.983+0000] {dagbag.py:545} INFO - Filling up the DagBag from /home/airflow/.local/lib/python3.12/site-packages/airflow/example_dags/example_latest_only.py
[2026-04-01T13:24:42.988+0000] {processor.py:840} INFO - DAG(s) 'latest_only' retrieved from /home/airflow/.local/lib/python3.12/site-packages/airflow/example_dags/example_latest_only.py
[2026-04-01T13:24:43.004+0000] {logging_mixin.py:188} INFO - [2026-04-01T13:24:43.004+0000] {dag.py:3096} INFO - Sync 1 DAGs
[2026-04-01T13:24:43.021+0000] {logging_mixin.py:188} INFO - [2026-04-01T13:24:43.020+0000] {dag.py:3954} INFO - Setting next_dagrun for latest_only to 2026-04-01 08:00:00+00:00, run_after=2026-04-01 12:00:00+00:00
[2026-04-01T13:24:43.038+0000] {processor.py:183} INFO - Processing /home/airflow/.local/lib/python3.12/site-packages/airflow/example_dags/example_latest_only.py took 0.061 seconds
[2026-04-01T13:25:13.275+0000] {processor.py:161} INFO - Started process (PID=3115) to work on /home/airflow/.local/lib/python3.12/site-packages/airflow/example_dags/example_latest_only.py
[2026-04-01T13:25:13.276+0000] {processor.py:830} INFO - Processing file /home/airflow/.local/lib/python3.12/site-packages/airflow/example_dags/example_latest_only.py for tasks to queue
[2026-04-01T13:25:13.278+0000] {logging_mixin.py:188} INFO - [2026-04-01T13:25:13.277+0000] {dagbag.py:545} INFO - Filling up the DagBag from /home/airflow/.local/lib/python3.12/site-packages/airflow/example_dags/example_latest_only.py
[2026-04-01T13:25:13.282+0000] {processor.py:840} INFO - DAG(s) 'latest_only' retrieved from /home/airflow/.local/lib/python3.12/site-packages/airflow/example_dags/example_latest_only.py
[2026-04-01T13:25:13.300+0000] {logging_mixin.py:188} INFO - [2026-04-01T13:25:13.300+0000] {dag.py:3096} INFO - Sync 1 DAGs
[2026-04-01T13:25:13.318+0000] {logging_mixin.py:188} INFO - [2026-04-01T13:25:13.318+0000] {dag.py:3954} INFO - Setting next_dagrun for latest_only to 2026-04-01 08:00:00+00:00, run_after=2026-04-01 12:00:00+00:00
[2026-04-01T13:25:13.336+0000] {processor.py:183} INFO - Processing /home/airflow/.local/lib/python3.12/site-packages/airflow/example_dags/example_latest_only.py took 0.066 seconds
[2026-04-01T13:25:43.663+0000] {processor.py:161} INFO - Started process (PID=3174) to work on /home/airflow/.local/lib/python3.12/site-packages/airflow/example_dags/example_latest_only.py
[2026-04-01T13:25:43.664+0000] {processor.py:830} INFO - Processing file /home/airflow/.local/lib/python3.12/site-packages/airflow/example_dags/example_latest_only.py for tasks to queue
[2026-04-01T13:25:43.667+0000] {logging_mixin.py:188} INFO - [2026-04-01T13:25:43.667+0000] {dagbag.py:545} INFO - Filling up the DagBag from /home/airflow/.local/lib/python3.12/site-packages/airflow/example_dags/example_latest_only.py
[2026-04-01T13:25:43.671+0000] {processor.py:840} INFO - DAG(s) 'latest_only' retrieved from /home/airflow/.local/lib/python3.12/site-packages/airflow/example_dags/example_latest_only.py
[2026-04-01T13:25:43.687+0000] {logging_mixin.py:188} INFO - [2026-04-01T13:25:43.687+0000] {dag.py:3096} INFO - Sync 1 DAGs
[2026-04-01T13:25:43.703+0000] {logging_mixin.py:188} INFO - [2026-04-01T13:25:43.703+0000] {dag.py:3954} INFO - Setting next_dagrun for latest_only to 2026-04-01 08:00:00+00:00, run_after=2026-04-01 12:00:00+00:00
[2026-04-01T13:25:43.720+0000] {processor.py:183} INFO - Processing /home/airflow/.local/lib/python3.12/site-packages/airflow/example_dags/example_latest_only.py took 0.063 seconds
[2026-04-01T13:26:13.953+0000] {processor.py:161} INFO - Started process (PID=3233) to work on /home/airflow/.local/lib/python3.12/site-packages/airflow/example_dags/example_latest_only.py
[2026-04-01T13:26:13.954+0000] {processor.py:830} INFO - Processing file /home/airflow/.local/lib/python3.12/site-packages/airflow/example_dags/example_latest_only.py for tasks to queue
[2026-04-01T13:26:13.956+0000] {logging_mixin.py:188} INFO - [2026-04-01T13:26:13.956+0000] {dagbag.py:545} INFO - Filling up the DagBag from /home/airflow/.local/lib/python3.12/site-packages/airflow/example_dags/example_latest_only.py
[2026-04-01T13:26:13.960+0000] {processor.py:840} INFO - DAG(s) 'latest_only' retrieved from /home/airflow/.local/lib/python3.12/site-packages/airflow/example_dags/example_latest_only.py
[2026-04-01T13:26:13.975+0000] {logging_mixin.py:188} INFO - [2026-04-01T13:26:13.975+0000] {dag.py:3096} INFO - Sync 1 DAGs
[2026-04-01T13:26:13.993+0000] {logging_mixin.py:188} INFO - [2026-04-01T13:26:13.992+0000] {dag.py:3954} INFO - Setting next_dagrun for latest_only to 2026-04-01 08:00:00+00:00, run_after=2026-04-01 12:00:00+00:00
[2026-04-01T13:26:14.007+0000] {processor.py:183} INFO - Processing /home/airflow/.local/lib/python3.12/site-packages/airflow/example_dags/example_latest_only.py took 0.059 seconds
[2026-04-01T13:26:44.442+0000] {processor.py:161} INFO - Started process (PID=3292) to work on /home/airflow/.local/lib/python3.12/site-packages/airflow/example_dags/example_latest_only.py
[2026-04-01T13:26:44.443+0000] {processor.py:830} INFO - Processing file /home/airflow/.local/lib/python3.12/site-packages/airflow/example_dags/example_latest_only.py for tasks to queue
[2026-04-01T13:26:44.445+0000] {logging_mixin.py:188} INFO - [2026-04-01T13:26:44.444+0000] {dagbag.py:545} INFO - Filling up the DagBag from /home/airflow/.local/lib/python3.12/site-packages/airflow/example_dags/example_latest_only.py
[2026-04-01T13:26:44.449+0000] {processor.py:840} INFO - DAG(s) 'latest_only' retrieved from /home/airflow/.local/lib/python3.12/site-packages/airflow/example_dags/example_latest_only.py
[2026-04-01T13:26:44.464+0000] {logging_mixin.py:188} INFO - [2026-04-01T13:26:44.464+0000] {dag.py:3096} INFO - Sync 1 DAGs
[2026-04-01T13:26:44.481+0000] {logging_mixin.py:188} INFO - [2026-04-01T13:26:44.481+0000] {dag.py:3954} INFO - Setting next_dagrun for latest_only to 2026-04-01 08:00:00+00:00, run_after=2026-04-01 12:00:00+00:00
[2026-04-01T13:26:44.497+0000] {processor.py:183} INFO - Processing /home/airflow/.local/lib/python3.12/site-packages/airflow/example_dags/example_latest_only.py took 0.060 seconds
[2026-04-01T13:27:15.079+0000] {processor.py:161} INFO - Started process (PID=3351) to work on /home/airflow/.local/lib/python3.12/site-packages/airflow/example_dags/example_latest_only.py
[2026-04-01T13:27:15.080+0000] {processor.py:830} INFO - Processing file /home/airflow/.local/lib/python3.12/site-packages/airflow/example_dags/example_latest_only.py for tasks to queue
[2026-04-01T13:27:15.082+0000] {logging_mixin.py:188} INFO - [2026-04-01T13:27:15.082+0000] {dagbag.py:545} INFO - Filling up the DagBag from /home/airflow/.local/lib/python3.12/site-packages/airflow/example_dags/example_latest_only.py
[2026-04-01T13:27:15.087+0000] {processor.py:840} INFO - DAG(s) 'latest_only' retrieved from /home/airflow/.local/lib/python3.12/site-packages/airflow/example_dags/example_latest_only.py
[2026-04-01T13:27:15.104+0000] {logging_mixin.py:188} INFO - [2026-04-01T13:27:15.103+0000] {dag.py:3096} INFO - Sync 1 DAGs
[2026-04-01T13:27:15.122+0000] {logging_mixin.py:188} INFO - [2026-04-01T13:27:15.121+0000] {dag.py:3954} INFO - Setting next_dagrun for latest_only to 2026-04-01 08:00:00+00:00, run_after=2026-04-01 12:00:00+00:00
[2026-04-01T13:27:15.141+0000] {processor.py:183} INFO - Processing /home/airflow/.local/lib/python3.12/site-packages/airflow/example_dags/example_latest_only.py took 0.068 seconds
[2026-04-01T13:27:45.649+0000] {processor.py:161} INFO - Started process (PID=3410) to work on /home/airflow/.local/lib/python3.12/site-packages/airflow/example_dags/example_latest_only.py
[2026-04-01T13:27:45.650+0000] {processor.py:830} INFO - Processing file /home/airflow/.local/lib/python3.12/site-packages/airflow/example_dags/example_latest_only.py for tasks to queue
[2026-04-01T13:27:45.651+0000] {logging_mixin.py:188} INFO - [2026-04-01T13:27:45.651+0000] {dagbag.py:545} INFO - Filling up the DagBag from /home/airflow/.local/lib/python3.12/site-packages/airflow/example_dags/example_latest_only.py
[2026-04-01T13:27:45.656+0000] {processor.py:840} INFO - DAG(s) 'latest_only' retrieved from /home/airflow/.local/lib/python3.12/site-packages/airflow/example_dags/example_latest_only.py
[2026-04-01T13:27:45.675+0000] {logging_mixin.py:188} INFO - [2026-04-01T13:27:45.675+0000] {dag.py:3096} INFO - Sync 1 DAGs
[2026-04-01T13:27:45.691+0000] {logging_mixin.py:188} INFO - [2026-04-01T13:27:45.691+0000] {dag.py:3954} INFO - Setting next_dagrun for latest_only to 2026-04-01 08:00:00+00:00, run_after=2026-04-01 12:00:00+00:00
[2026-04-01T13:27:45.708+0000] {processor.py:183} INFO - Processing /home/airflow/.local/lib/python3.12/site-packages/airflow/example_dags/example_latest_only.py took 0.064 seconds
[2026-04-01T13:28:15.966+0000] {processor.py:161} INFO - Started process (PID=3469) to work on /home/airflow/.local/lib/python3.12/site-packages/airflow/example_dags/example_latest_only.py
[2026-04-01T13:28:15.967+0000] {processor.py:830} INFO - Processing file /home/airflow/.local/lib/python3.12/site-packages/airflow/example_dags/example_latest_only.py for tasks to queue
[2026-04-01T13:28:15.968+0000] {logging_mixin.py:188} INFO - [2026-04-01T13:28:15.968+0000] {dagbag.py:545} INFO - Filling up the DagBag from /home/airflow/.local/lib/python3.12/site-packages/airflow/example_dags/example_latest_only.py
[2026-04-01T13:28:15.972+0000] {processor.py:840} INFO - DAG(s) 'latest_only' retrieved from /home/airflow/.local/lib/python3.12/site-packages/airflow/example_dags/example_latest_only.py
[2026-04-01T13:28:15.986+0000] {logging_mixin.py:188} INFO - [2026-04-01T13:28:15.986+0000] {dag.py:3096} INFO - Sync 1 DAGs
[2026-04-01T13:28:16.005+0000] {logging_mixin.py:188} INFO - [2026-04-01T13:28:16.005+0000] {dag.py:3954} INFO - Setting next_dagrun for latest_only to 2026-04-01 08:00:00+00:00, run_after=2026-04-01 12:00:00+00:00
[2026-04-01T13:28:16.023+0000] {processor.py:183} INFO - Processing /home/airflow/.local/lib/python3.12/site-packages/airflow/example_dags/example_latest_only.py took 0.062 seconds
[2026-04-01T13:28:46.452+0000] {processor.py:161} INFO - Started process (PID=3528) to work on /home/airflow/.local/lib/python3.12/site-packages/airflow/example_dags/example_latest_only.py
[2026-04-01T13:28:46.453+0000] {processor.py:830} INFO - Processing file /home/airflow/.local/lib/python3.12/site-packages/airflow/example_dags/example_latest_only.py for tasks to queue
[2026-04-01T13:28:46.455+0000] {logging_mixin.py:188} INFO - [2026-04-01T13:28:46.454+0000] {dagbag.py:545} INFO - Filling up the DagBag from /home/airflow/.local/lib/python3.12/site-packages/airflow/example_dags/example_latest_only.py
[2026-04-01T13:28:46.460+0000] {processor.py:840} INFO - DAG(s) 'latest_only' retrieved from /home/airflow/.local/lib/python3.12/site-packages/airflow/example_dags/example_latest_only.py
[2026-04-01T13:28:46.474+0000] {logging_mixin.py:188} INFO - [2026-04-01T13:28:46.473+0000] {dag.py:3096} INFO - Sync 1 DAGs
[2026-04-01T13:28:46.489+0000] {logging_mixin.py:188} INFO - [2026-04-01T13:28:46.488+0000] {dag.py:3954} INFO - Setting next_dagrun for latest_only to 2026-04-01 08:00:00+00:00, run_after=2026-04-01 12:00:00+00:00
[2026-04-01T13:28:46.504+0000] {processor.py:183} INFO - Processing /home/airflow/.local/lib/python3.12/site-packages/airflow/example_dags/example_latest_only.py took 0.057 seconds
[2026-04-01T13:29:16.824+0000] {processor.py:161} INFO - Started process (PID=3587) to work on /home/airflow/.local/lib/python3.12/site-packages/airflow/example_dags/example_latest_only.py
[2026-04-01T13:29:16.825+0000] {processor.py:830} INFO - Processing file /home/airflow/.local/lib/python3.12/site-packages/airflow/example_dags/example_latest_only.py for tasks to queue
[2026-04-01T13:29:16.827+0000] {logging_mixin.py:188} INFO - [2026-04-01T13:29:16.827+0000] {dagbag.py:545} INFO - Filling up the DagBag from /home/airflow/.local/lib/python3.12/site-packages/airflow/example_dags/example_latest_only.py
[2026-04-01T13:29:16.832+0000] {processor.py:840} INFO - DAG(s) 'latest_only' retrieved from /home/airflow/.local/lib/python3.12/site-packages/airflow/example_dags/example_latest_only.py
[2026-04-01T13:29:16.848+0000] {logging_mixin.py:188} INFO - [2026-04-01T13:29:16.847+0000] {dag.py:3096} INFO - Sync 1 DAGs
[2026-04-01T13:29:16.863+0000] {logging_mixin.py:188} INFO - [2026-04-01T13:29:16.863+0000] {dag.py:3954} INFO - Setting next_dagrun for latest_only to 2026-04-01 08:00:00+00:00, run_after=2026-04-01 12:00:00+00:00
[2026-04-01T13:29:16.882+0000] {processor.py:183} INFO - Processing /home/airflow/.local/lib/python3.12/site-packages/airflow/example_dags/example_latest_only.py took 0.062 seconds
[2026-04-01T13:29:47.149+0000] {processor.py:161} INFO - Started process (PID=3646) to work on /home/airflow/.local/lib/python3.12/site-packages/airflow/example_dags/example_latest_only.py
[2026-04-01T13:29:47.150+0000] {processor.py:830} INFO - Processing file /home/airflow/.local/lib/python3.12/site-packages/airflow/example_dags/example_latest_only.py for tasks to queue
[2026-04-01T13:29:47.151+0000] {logging_mixin.py:188} INFO - [2026-04-01T13:29:47.151+0000] {dagbag.py:545} INFO - Filling up the DagBag from /home/airflow/.local/lib/python3.12/site-packages/airflow/example_dags/example_latest_only.py
[2026-04-01T13:29:47.155+0000] {processor.py:840} INFO - DAG(s) 'latest_only' retrieved from /home/airflow/.local/lib/python3.12/site-packages/airflow/example_dags/example_latest_only.py
[2026-04-01T13:29:47.170+0000] {logging_mixin.py:188} INFO - [2026-04-01T13:29:47.170+0000] {dag.py:3096} INFO - Sync 1 DAGs
[2026-04-01T13:29:47.187+0000] {logging_mixin.py:188} INFO - [2026-04-01T13:29:47.186+0000] {dag.py:3954} INFO - Setting next_dagrun for latest_only to 2026-04-01 08:00:00+00:00, run_after=2026-04-01 12:00:00+00:00
[2026-04-01T13:29:47.202+0000] {processor.py:183} INFO - Processing /home/airflow/.local/lib/python3.12/site-packages/airflow/example_dags/example_latest_only.py took 0.058 seconds
[2026-04-01T13:30:17.407+0000] {processor.py:161} INFO - Started process (PID=3705) to work on /home/airflow/.local/lib/python3.12/site-packages/airflow/example_dags/example_latest_only.py
[2026-04-01T13:30:17.408+0000] {processor.py:830} INFO - Processing file /home/airflow/.local/lib/python3.12/site-packages/airflow/example_dags/example_latest_only.py for tasks to queue
[2026-04-01T13:30:17.409+0000] {logging_mixin.py:188} INFO - [2026-04-01T13:30:17.409+0000] {dagbag.py:545} INFO - Filling up the DagBag from /home/airflow/.local/lib/python3.12/site-packages/airflow/example_dags/example_latest_only.py
[2026-04-01T13:30:17.416+0000] {processor.py:840} INFO - DAG(s) 'latest_only' retrieved from /home/airflow/.local/lib/python3.12/site-packages/airflow/example_dags/example_latest_only.py
[2026-04-01T13:30:17.431+0000] {logging_mixin.py:188} INFO - [2026-04-01T13:30:17.431+0000] {dag.py:3096} INFO - Sync 1 DAGs
[2026-04-01T13:30:17.448+0000] {logging_mixin.py:188} INFO - [2026-04-01T13:30:17.447+0000] {dag.py:3954} INFO - Setting next_dagrun for latest_only to 2026-04-01 08:00:00+00:00, run_after=2026-04-01 12:00:00+00:00
[2026-04-01T13:30:17.467+0000] {processor.py:183} INFO - Processing /home/airflow/.local/lib/python3.12/site-packages/airflow/example_dags/example_latest_only.py took 0.064 seconds
[2026-04-01T13:30:47.922+0000] {processor.py:161} INFO - Started process (PID=3765) to work on /home/airflow/.local/lib/python3.12/site-packages/airflow/example_dags/example_latest_only.py
[2026-04-01T13:30:47.923+0000] {processor.py:830} INFO - Processing file /home/airflow/.local/lib/python3.12/site-packages/airflow/example_dags/example_latest_only.py for tasks to queue
[2026-04-01T13:30:47.925+0000] {logging_mixin.py:188} INFO - [2026-04-01T13:30:47.925+0000] {dagbag.py:545} INFO - Filling up the DagBag from /home/airflow/.local/lib/python3.12/site-packages/airflow/example_dags/example_latest_only.py
[2026-04-01T13:30:47.930+0000] {processor.py:840} INFO - DAG(s) 'latest_only' retrieved from /home/airflow/.local/lib/python3.12/site-packages/airflow/example_dags/example_latest_only.py
[2026-04-01T13:30:47.945+0000] {logging_mixin.py:188} INFO - [2026-04-01T13:30:47.944+0000] {dag.py:3096} INFO - Sync 1 DAGs
[2026-04-01T13:30:47.962+0000] {logging_mixin.py:188} INFO - [2026-04-01T13:30:47.962+0000] {dag.py:3954} INFO - Setting next_dagrun for latest_only to 2026-04-01 08:00:00+00:00, run_after=2026-04-01 12:00:00+00:00
[2026-04-01T13:30:47.979+0000] {processor.py:183} INFO - Processing /home/airflow/.local/lib/python3.12/site-packages/airflow/example_dags/example_latest_only.py took 0.063 seconds
[2026-04-01T13:31:18.421+0000] {processor.py:161} INFO - Started process (PID=3823) to work on /home/airflow/.local/lib/python3.12/site-packages/airflow/example_dags/example_latest_only.py
[2026-04-01T13:31:18.422+0000] {processor.py:830} INFO - Processing file /home/airflow/.local/lib/python3.12/site-packages/airflow/example_dags/example_latest_only.py for tasks to queue
[2026-04-01T13:31:18.424+0000] {logging_mixin.py:188} INFO - [2026-04-01T13:31:18.424+0000] {dagbag.py:545} INFO - Filling up the DagBag from /home/airflow/.local/lib/python3.12/site-packages/airflow/example_dags/example_latest_only.py
[2026-04-01T13:31:18.428+0000] {processor.py:840} INFO - DAG(s) 'latest_only' retrieved from /home/airflow/.local/lib/python3.12/site-packages/airflow/example_dags/example_latest_only.py
[2026-04-01T13:31:18.445+0000] {logging_mixin.py:188} INFO - [2026-04-01T13:31:18.445+0000] {dag.py:3096} INFO - Sync 1 DAGs
[2026-04-01T13:31:18.462+0000] {logging_mixin.py:188} INFO - [2026-04-01T13:31:18.462+0000] {dag.py:3954} INFO - Setting next_dagrun for latest_only to 2026-04-01 08:00:00+00:00, run_after=2026-04-01 12:00:00+00:00
[2026-04-01T13:31:18.481+0000] {processor.py:183} INFO - Processing /home/airflow/.local/lib/python3.12/site-packages/airflow/example_dags/example_latest_only.py took 0.064 seconds
