[2026-04-01T12:58:51.585+0000] {processor.py:161} INFO - Started process (PID=83) to work on /home/airflow/.local/lib/python3.12/site-packages/airflow/example_dags/example_skip_dag.py
[2026-04-01T12:58:51.586+0000] {processor.py:830} INFO - Processing file /home/airflow/.local/lib/python3.12/site-packages/airflow/example_dags/example_skip_dag.py for tasks to queue
[2026-04-01T12:58:51.587+0000] {logging_mixin.py:188} INFO - [2026-04-01T12:58:51.587+0000] {dagbag.py:545} INFO - Filling up the DagBag from /home/airflow/.local/lib/python3.12/site-packages/airflow/example_dags/example_skip_dag.py
[2026-04-01T12:58:51.594+0000] {processor.py:840} INFO - DAG(s) 'example_skip_dag' retrieved from /home/airflow/.local/lib/python3.12/site-packages/airflow/example_dags/example_skip_dag.py
[2026-04-01T12:58:51.604+0000] {logging_mixin.py:188} INFO - [2026-04-01T12:58:51.604+0000] {dag.py:3096} INFO - Sync 1 DAGs
[2026-04-01T12:58:51.623+0000] {logging_mixin.py:188} INFO - [2026-04-01T12:58:51.623+0000] {dag.py:3954} INFO - Setting next_dagrun for example_skip_dag to 2026-03-31 00:00:00+00:00, run_after=2026-04-01 00:00:00+00:00
[2026-04-01T12:58:51.642+0000] {processor.py:183} INFO - Processing /home/airflow/.local/lib/python3.12/site-packages/airflow/example_dags/example_skip_dag.py took 0.063 seconds
[2026-04-01T12:59:22.221+0000] {processor.py:161} INFO - Started process (PID=141) to work on /home/airflow/.local/lib/python3.12/site-packages/airflow/example_dags/example_skip_dag.py
[2026-04-01T12:59:22.222+0000] {processor.py:830} INFO - Processing file /home/airflow/.local/lib/python3.12/site-packages/airflow/example_dags/example_skip_dag.py for tasks to queue
[2026-04-01T12:59:22.223+0000] {logging_mixin.py:188} INFO - [2026-04-01T12:59:22.223+0000] {dagbag.py:545} INFO - Filling up the DagBag from /home/airflow/.local/lib/python3.12/site-packages/airflow/example_dags/example_skip_dag.py
[2026-04-01T12:59:22.228+0000] {processor.py:840} INFO - DAG(s) 'example_skip_dag' retrieved from /home/airflow/.local/lib/python3.12/site-packages/airflow/example_dags/example_skip_dag.py
[2026-04-01T12:59:22.307+0000] {logging_mixin.py:188} INFO - [2026-04-01T12:59:22.307+0000] {dag.py:3096} INFO - Sync 1 DAGs
[2026-04-01T12:59:22.322+0000] {logging_mixin.py:188} INFO - [2026-04-01T12:59:22.322+0000] {dag.py:3954} INFO - Setting next_dagrun for example_skip_dag to 2026-03-31 00:00:00+00:00, run_after=2026-04-01 00:00:00+00:00
[2026-04-01T12:59:22.337+0000] {processor.py:183} INFO - Processing /home/airflow/.local/lib/python3.12/site-packages/airflow/example_dags/example_skip_dag.py took 0.120 seconds
[2026-04-01T12:59:52.415+0000] {processor.py:161} INFO - Started process (PID=199) to work on /home/airflow/.local/lib/python3.12/site-packages/airflow/example_dags/example_skip_dag.py
[2026-04-01T12:59:52.415+0000] {processor.py:830} INFO - Processing file /home/airflow/.local/lib/python3.12/site-packages/airflow/example_dags/example_skip_dag.py for tasks to queue
[2026-04-01T12:59:52.417+0000] {logging_mixin.py:188} INFO - [2026-04-01T12:59:52.417+0000] {dagbag.py:545} INFO - Filling up the DagBag from /home/airflow/.local/lib/python3.12/site-packages/airflow/example_dags/example_skip_dag.py
[2026-04-01T12:59:52.422+0000] {processor.py:840} INFO - DAG(s) 'example_skip_dag' retrieved from /home/airflow/.local/lib/python3.12/site-packages/airflow/example_dags/example_skip_dag.py
[2026-04-01T12:59:52.437+0000] {logging_mixin.py:188} INFO - [2026-04-01T12:59:52.437+0000] {dag.py:3096} INFO - Sync 1 DAGs
[2026-04-01T12:59:52.454+0000] {logging_mixin.py:188} INFO - [2026-04-01T12:59:52.454+0000] {dag.py:3954} INFO - Setting next_dagrun for example_skip_dag to 2026-03-31 00:00:00+00:00, run_after=2026-04-01 00:00:00+00:00
[2026-04-01T12:59:52.474+0000] {processor.py:183} INFO - Processing /home/airflow/.local/lib/python3.12/site-packages/airflow/example_dags/example_skip_dag.py took 0.064 seconds
[2026-04-01T13:00:22.680+0000] {processor.py:161} INFO - Started process (PID=257) to work on /home/airflow/.local/lib/python3.12/site-packages/airflow/example_dags/example_skip_dag.py
[2026-04-01T13:00:22.681+0000] {processor.py:830} INFO - Processing file /home/airflow/.local/lib/python3.12/site-packages/airflow/example_dags/example_skip_dag.py for tasks to queue
[2026-04-01T13:00:22.684+0000] {logging_mixin.py:188} INFO - [2026-04-01T13:00:22.683+0000] {dagbag.py:545} INFO - Filling up the DagBag from /home/airflow/.local/lib/python3.12/site-packages/airflow/example_dags/example_skip_dag.py
[2026-04-01T13:00:22.691+0000] {processor.py:840} INFO - DAG(s) 'example_skip_dag' retrieved from /home/airflow/.local/lib/python3.12/site-packages/airflow/example_dags/example_skip_dag.py
[2026-04-01T13:00:22.707+0000] {logging_mixin.py:188} INFO - [2026-04-01T13:00:22.707+0000] {dag.py:3096} INFO - Sync 1 DAGs
[2026-04-01T13:00:22.721+0000] {logging_mixin.py:188} INFO - [2026-04-01T13:00:22.721+0000] {dag.py:3954} INFO - Setting next_dagrun for example_skip_dag to 2026-03-31 00:00:00+00:00, run_after=2026-04-01 00:00:00+00:00
[2026-04-01T13:00:22.737+0000] {processor.py:183} INFO - Processing /home/airflow/.local/lib/python3.12/site-packages/airflow/example_dags/example_skip_dag.py took 0.062 seconds
[2026-04-01T13:00:52.974+0000] {processor.py:161} INFO - Started process (PID=315) to work on /home/airflow/.local/lib/python3.12/site-packages/airflow/example_dags/example_skip_dag.py
[2026-04-01T13:00:52.975+0000] {processor.py:830} INFO - Processing file /home/airflow/.local/lib/python3.12/site-packages/airflow/example_dags/example_skip_dag.py for tasks to queue
[2026-04-01T13:00:52.976+0000] {logging_mixin.py:188} INFO - [2026-04-01T13:00:52.976+0000] {dagbag.py:545} INFO - Filling up the DagBag from /home/airflow/.local/lib/python3.12/site-packages/airflow/example_dags/example_skip_dag.py
[2026-04-01T13:00:52.982+0000] {processor.py:840} INFO - DAG(s) 'example_skip_dag' retrieved from /home/airflow/.local/lib/python3.12/site-packages/airflow/example_dags/example_skip_dag.py
[2026-04-01T13:00:52.999+0000] {logging_mixin.py:188} INFO - [2026-04-01T13:00:52.999+0000] {dag.py:3096} INFO - Sync 1 DAGs
[2026-04-01T13:00:53.014+0000] {logging_mixin.py:188} INFO - [2026-04-01T13:00:53.014+0000] {dag.py:3954} INFO - Setting next_dagrun for example_skip_dag to 2026-03-31 00:00:00+00:00, run_after=2026-04-01 00:00:00+00:00
[2026-04-01T13:00:53.029+0000] {processor.py:183} INFO - Processing /home/airflow/.local/lib/python3.12/site-packages/airflow/example_dags/example_skip_dag.py took 0.059 seconds
[2026-04-01T13:01:23.059+0000] {processor.py:161} INFO - Started process (PID=373) to work on /home/airflow/.local/lib/python3.12/site-packages/airflow/example_dags/example_skip_dag.py
[2026-04-01T13:01:23.060+0000] {processor.py:830} INFO - Processing file /home/airflow/.local/lib/python3.12/site-packages/airflow/example_dags/example_skip_dag.py for tasks to queue
[2026-04-01T13:01:23.062+0000] {logging_mixin.py:188} INFO - [2026-04-01T13:01:23.061+0000] {dagbag.py:545} INFO - Filling up the DagBag from /home/airflow/.local/lib/python3.12/site-packages/airflow/example_dags/example_skip_dag.py
[2026-04-01T13:01:23.066+0000] {processor.py:840} INFO - DAG(s) 'example_skip_dag' retrieved from /home/airflow/.local/lib/python3.12/site-packages/airflow/example_dags/example_skip_dag.py
[2026-04-01T13:01:23.082+0000] {logging_mixin.py:188} INFO - [2026-04-01T13:01:23.082+0000] {dag.py:3096} INFO - Sync 1 DAGs
[2026-04-01T13:01:23.099+0000] {logging_mixin.py:188} INFO - [2026-04-01T13:01:23.099+0000] {dag.py:3954} INFO - Setting next_dagrun for example_skip_dag to 2026-03-31 00:00:00+00:00, run_after=2026-04-01 00:00:00+00:00
[2026-04-01T13:01:23.114+0000] {processor.py:183} INFO - Processing /home/airflow/.local/lib/python3.12/site-packages/airflow/example_dags/example_skip_dag.py took 0.059 seconds
[2026-04-01T13:01:53.326+0000] {processor.py:161} INFO - Started process (PID=431) to work on /home/airflow/.local/lib/python3.12/site-packages/airflow/example_dags/example_skip_dag.py
[2026-04-01T13:01:53.327+0000] {processor.py:830} INFO - Processing file /home/airflow/.local/lib/python3.12/site-packages/airflow/example_dags/example_skip_dag.py for tasks to queue
[2026-04-01T13:01:53.328+0000] {logging_mixin.py:188} INFO - [2026-04-01T13:01:53.328+0000] {dagbag.py:545} INFO - Filling up the DagBag from /home/airflow/.local/lib/python3.12/site-packages/airflow/example_dags/example_skip_dag.py
[2026-04-01T13:01:53.334+0000] {processor.py:840} INFO - DAG(s) 'example_skip_dag' retrieved from /home/airflow/.local/lib/python3.12/site-packages/airflow/example_dags/example_skip_dag.py
[2026-04-01T13:01:53.349+0000] {logging_mixin.py:188} INFO - [2026-04-01T13:01:53.349+0000] {dag.py:3096} INFO - Sync 1 DAGs
[2026-04-01T13:01:53.364+0000] {logging_mixin.py:188} INFO - [2026-04-01T13:01:53.364+0000] {dag.py:3954} INFO - Setting next_dagrun for example_skip_dag to 2026-03-31 00:00:00+00:00, run_after=2026-04-01 00:00:00+00:00
[2026-04-01T13:01:53.378+0000] {processor.py:183} INFO - Processing /home/airflow/.local/lib/python3.12/site-packages/airflow/example_dags/example_skip_dag.py took 0.057 seconds
[2026-04-01T13:02:23.570+0000] {processor.py:161} INFO - Started process (PID=489) to work on /home/airflow/.local/lib/python3.12/site-packages/airflow/example_dags/example_skip_dag.py
[2026-04-01T13:02:23.570+0000] {processor.py:830} INFO - Processing file /home/airflow/.local/lib/python3.12/site-packages/airflow/example_dags/example_skip_dag.py for tasks to queue
[2026-04-01T13:02:23.572+0000] {logging_mixin.py:188} INFO - [2026-04-01T13:02:23.572+0000] {dagbag.py:545} INFO - Filling up the DagBag from /home/airflow/.local/lib/python3.12/site-packages/airflow/example_dags/example_skip_dag.py
[2026-04-01T13:02:23.576+0000] {processor.py:840} INFO - DAG(s) 'example_skip_dag' retrieved from /home/airflow/.local/lib/python3.12/site-packages/airflow/example_dags/example_skip_dag.py
[2026-04-01T13:02:23.592+0000] {logging_mixin.py:188} INFO - [2026-04-01T13:02:23.592+0000] {dag.py:3096} INFO - Sync 1 DAGs
[2026-04-01T13:02:23.607+0000] {logging_mixin.py:188} INFO - [2026-04-01T13:02:23.607+0000] {dag.py:3954} INFO - Setting next_dagrun for example_skip_dag to 2026-03-31 00:00:00+00:00, run_after=2026-04-01 00:00:00+00:00
[2026-04-01T13:02:23.622+0000] {processor.py:183} INFO - Processing /home/airflow/.local/lib/python3.12/site-packages/airflow/example_dags/example_skip_dag.py took 0.056 seconds
[2026-04-01T13:02:53.693+0000] {processor.py:161} INFO - Started process (PID=547) to work on /home/airflow/.local/lib/python3.12/site-packages/airflow/example_dags/example_skip_dag.py
[2026-04-01T13:02:53.694+0000] {processor.py:830} INFO - Processing file /home/airflow/.local/lib/python3.12/site-packages/airflow/example_dags/example_skip_dag.py for tasks to queue
[2026-04-01T13:02:53.695+0000] {logging_mixin.py:188} INFO - [2026-04-01T13:02:53.695+0000] {dagbag.py:545} INFO - Filling up the DagBag from /home/airflow/.local/lib/python3.12/site-packages/airflow/example_dags/example_skip_dag.py
[2026-04-01T13:02:53.701+0000] {processor.py:840} INFO - DAG(s) 'example_skip_dag' retrieved from /home/airflow/.local/lib/python3.12/site-packages/airflow/example_dags/example_skip_dag.py
[2026-04-01T13:02:53.716+0000] {logging_mixin.py:188} INFO - [2026-04-01T13:02:53.716+0000] {dag.py:3096} INFO - Sync 1 DAGs
[2026-04-01T13:02:53.731+0000] {logging_mixin.py:188} INFO - [2026-04-01T13:02:53.730+0000] {dag.py:3954} INFO - Setting next_dagrun for example_skip_dag to 2026-03-31 00:00:00+00:00, run_after=2026-04-01 00:00:00+00:00
[2026-04-01T13:02:53.744+0000] {processor.py:183} INFO - Processing /home/airflow/.local/lib/python3.12/site-packages/airflow/example_dags/example_skip_dag.py took 0.057 seconds
[2026-04-01T13:03:23.898+0000] {processor.py:161} INFO - Started process (PID=605) to work on /home/airflow/.local/lib/python3.12/site-packages/airflow/example_dags/example_skip_dag.py
[2026-04-01T13:03:23.899+0000] {processor.py:830} INFO - Processing file /home/airflow/.local/lib/python3.12/site-packages/airflow/example_dags/example_skip_dag.py for tasks to queue
[2026-04-01T13:03:23.901+0000] {logging_mixin.py:188} INFO - [2026-04-01T13:03:23.900+0000] {dagbag.py:545} INFO - Filling up the DagBag from /home/airflow/.local/lib/python3.12/site-packages/airflow/example_dags/example_skip_dag.py
[2026-04-01T13:03:23.905+0000] {processor.py:840} INFO - DAG(s) 'example_skip_dag' retrieved from /home/airflow/.local/lib/python3.12/site-packages/airflow/example_dags/example_skip_dag.py
[2026-04-01T13:03:23.922+0000] {logging_mixin.py:188} INFO - [2026-04-01T13:03:23.922+0000] {dag.py:3096} INFO - Sync 1 DAGs
[2026-04-01T13:03:23.939+0000] {logging_mixin.py:188} INFO - [2026-04-01T13:03:23.939+0000] {dag.py:3954} INFO - Setting next_dagrun for example_skip_dag to 2026-03-31 00:00:00+00:00, run_after=2026-04-01 00:00:00+00:00
[2026-04-01T13:03:23.964+0000] {processor.py:183} INFO - Processing /home/airflow/.local/lib/python3.12/site-packages/airflow/example_dags/example_skip_dag.py took 0.070 seconds
[2026-04-01T13:03:54.246+0000] {processor.py:161} INFO - Started process (PID=663) to work on /home/airflow/.local/lib/python3.12/site-packages/airflow/example_dags/example_skip_dag.py
[2026-04-01T13:03:54.247+0000] {processor.py:830} INFO - Processing file /home/airflow/.local/lib/python3.12/site-packages/airflow/example_dags/example_skip_dag.py for tasks to queue
[2026-04-01T13:03:54.248+0000] {logging_mixin.py:188} INFO - [2026-04-01T13:03:54.248+0000] {dagbag.py:545} INFO - Filling up the DagBag from /home/airflow/.local/lib/python3.12/site-packages/airflow/example_dags/example_skip_dag.py
[2026-04-01T13:03:54.253+0000] {processor.py:840} INFO - DAG(s) 'example_skip_dag' retrieved from /home/airflow/.local/lib/python3.12/site-packages/airflow/example_dags/example_skip_dag.py
[2026-04-01T13:03:54.270+0000] {logging_mixin.py:188} INFO - [2026-04-01T13:03:54.270+0000] {dag.py:3096} INFO - Sync 1 DAGs
[2026-04-01T13:03:54.286+0000] {logging_mixin.py:188} INFO - [2026-04-01T13:03:54.286+0000] {dag.py:3954} INFO - Setting next_dagrun for example_skip_dag to 2026-03-31 00:00:00+00:00, run_after=2026-04-01 00:00:00+00:00
[2026-04-01T13:03:54.302+0000] {processor.py:183} INFO - Processing /home/airflow/.local/lib/python3.12/site-packages/airflow/example_dags/example_skip_dag.py took 0.060 seconds
[2026-04-01T13:04:24.589+0000] {processor.py:161} INFO - Started process (PID=721) to work on /home/airflow/.local/lib/python3.12/site-packages/airflow/example_dags/example_skip_dag.py
[2026-04-01T13:04:24.590+0000] {processor.py:830} INFO - Processing file /home/airflow/.local/lib/python3.12/site-packages/airflow/example_dags/example_skip_dag.py for tasks to queue
[2026-04-01T13:04:24.591+0000] {logging_mixin.py:188} INFO - [2026-04-01T13:04:24.591+0000] {dagbag.py:545} INFO - Filling up the DagBag from /home/airflow/.local/lib/python3.12/site-packages/airflow/example_dags/example_skip_dag.py
[2026-04-01T13:04:24.597+0000] {processor.py:840} INFO - DAG(s) 'example_skip_dag' retrieved from /home/airflow/.local/lib/python3.12/site-packages/airflow/example_dags/example_skip_dag.py
[2026-04-01T13:04:24.613+0000] {logging_mixin.py:188} INFO - [2026-04-01T13:04:24.613+0000] {dag.py:3096} INFO - Sync 1 DAGs
[2026-04-01T13:04:24.627+0000] {logging_mixin.py:188} INFO - [2026-04-01T13:04:24.627+0000] {dag.py:3954} INFO - Setting next_dagrun for example_skip_dag to 2026-03-31 00:00:00+00:00, run_after=2026-04-01 00:00:00+00:00
[2026-04-01T13:04:24.643+0000] {processor.py:183} INFO - Processing /home/airflow/.local/lib/python3.12/site-packages/airflow/example_dags/example_skip_dag.py took 0.059 seconds
[2026-04-01T13:04:54.748+0000] {processor.py:161} INFO - Started process (PID=779) to work on /home/airflow/.local/lib/python3.12/site-packages/airflow/example_dags/example_skip_dag.py
[2026-04-01T13:04:54.749+0000] {processor.py:830} INFO - Processing file /home/airflow/.local/lib/python3.12/site-packages/airflow/example_dags/example_skip_dag.py for tasks to queue
[2026-04-01T13:04:54.750+0000] {logging_mixin.py:188} INFO - [2026-04-01T13:04:54.750+0000] {dagbag.py:545} INFO - Filling up the DagBag from /home/airflow/.local/lib/python3.12/site-packages/airflow/example_dags/example_skip_dag.py
[2026-04-01T13:04:54.756+0000] {processor.py:840} INFO - DAG(s) 'example_skip_dag' retrieved from /home/airflow/.local/lib/python3.12/site-packages/airflow/example_dags/example_skip_dag.py
[2026-04-01T13:04:54.774+0000] {logging_mixin.py:188} INFO - [2026-04-01T13:04:54.774+0000] {dag.py:3096} INFO - Sync 1 DAGs
[2026-04-01T13:04:54.789+0000] {logging_mixin.py:188} INFO - [2026-04-01T13:04:54.788+0000] {dag.py:3954} INFO - Setting next_dagrun for example_skip_dag to 2026-03-31 00:00:00+00:00, run_after=2026-04-01 00:00:00+00:00
[2026-04-01T13:04:54.804+0000] {processor.py:183} INFO - Processing /home/airflow/.local/lib/python3.12/site-packages/airflow/example_dags/example_skip_dag.py took 0.060 seconds
[2026-04-01T13:05:24.925+0000] {processor.py:161} INFO - Started process (PID=837) to work on /home/airflow/.local/lib/python3.12/site-packages/airflow/example_dags/example_skip_dag.py
[2026-04-01T13:05:24.926+0000] {processor.py:830} INFO - Processing file /home/airflow/.local/lib/python3.12/site-packages/airflow/example_dags/example_skip_dag.py for tasks to queue
[2026-04-01T13:05:24.927+0000] {logging_mixin.py:188} INFO - [2026-04-01T13:05:24.927+0000] {dagbag.py:545} INFO - Filling up the DagBag from /home/airflow/.local/lib/python3.12/site-packages/airflow/example_dags/example_skip_dag.py
[2026-04-01T13:05:24.932+0000] {processor.py:840} INFO - DAG(s) 'example_skip_dag' retrieved from /home/airflow/.local/lib/python3.12/site-packages/airflow/example_dags/example_skip_dag.py
[2026-04-01T13:05:24.948+0000] {logging_mixin.py:188} INFO - [2026-04-01T13:05:24.948+0000] {dag.py:3096} INFO - Sync 1 DAGs
[2026-04-01T13:05:24.966+0000] {logging_mixin.py:188} INFO - [2026-04-01T13:05:24.966+0000] {dag.py:3954} INFO - Setting next_dagrun for example_skip_dag to 2026-03-31 00:00:00+00:00, run_after=2026-04-01 00:00:00+00:00
[2026-04-01T13:05:24.982+0000] {processor.py:183} INFO - Processing /home/airflow/.local/lib/python3.12/site-packages/airflow/example_dags/example_skip_dag.py took 0.061 seconds
[2026-04-01T13:05:55.050+0000] {processor.py:161} INFO - Started process (PID=895) to work on /home/airflow/.local/lib/python3.12/site-packages/airflow/example_dags/example_skip_dag.py
[2026-04-01T13:05:55.050+0000] {processor.py:830} INFO - Processing file /home/airflow/.local/lib/python3.12/site-packages/airflow/example_dags/example_skip_dag.py for tasks to queue
[2026-04-01T13:05:55.052+0000] {logging_mixin.py:188} INFO - [2026-04-01T13:05:55.051+0000] {dagbag.py:545} INFO - Filling up the DagBag from /home/airflow/.local/lib/python3.12/site-packages/airflow/example_dags/example_skip_dag.py
[2026-04-01T13:05:55.056+0000] {processor.py:840} INFO - DAG(s) 'example_skip_dag' retrieved from /home/airflow/.local/lib/python3.12/site-packages/airflow/example_dags/example_skip_dag.py
[2026-04-01T13:05:55.071+0000] {logging_mixin.py:188} INFO - [2026-04-01T13:05:55.071+0000] {dag.py:3096} INFO - Sync 1 DAGs
[2026-04-01T13:05:55.089+0000] {logging_mixin.py:188} INFO - [2026-04-01T13:05:55.089+0000] {dag.py:3954} INFO - Setting next_dagrun for example_skip_dag to 2026-03-31 00:00:00+00:00, run_after=2026-04-01 00:00:00+00:00
[2026-04-01T13:05:55.105+0000] {processor.py:183} INFO - Processing /home/airflow/.local/lib/python3.12/site-packages/airflow/example_dags/example_skip_dag.py took 0.060 seconds
[2026-04-01T13:06:25.411+0000] {processor.py:161} INFO - Started process (PID=953) to work on /home/airflow/.local/lib/python3.12/site-packages/airflow/example_dags/example_skip_dag.py
[2026-04-01T13:06:25.412+0000] {processor.py:830} INFO - Processing file /home/airflow/.local/lib/python3.12/site-packages/airflow/example_dags/example_skip_dag.py for tasks to queue
[2026-04-01T13:06:25.414+0000] {logging_mixin.py:188} INFO - [2026-04-01T13:06:25.413+0000] {dagbag.py:545} INFO - Filling up the DagBag from /home/airflow/.local/lib/python3.12/site-packages/airflow/example_dags/example_skip_dag.py
[2026-04-01T13:06:25.418+0000] {processor.py:840} INFO - DAG(s) 'example_skip_dag' retrieved from /home/airflow/.local/lib/python3.12/site-packages/airflow/example_dags/example_skip_dag.py
[2026-04-01T13:06:25.434+0000] {logging_mixin.py:188} INFO - [2026-04-01T13:06:25.433+0000] {dag.py:3096} INFO - Sync 1 DAGs
[2026-04-01T13:06:25.450+0000] {logging_mixin.py:188} INFO - [2026-04-01T13:06:25.450+0000] {dag.py:3954} INFO - Setting next_dagrun for example_skip_dag to 2026-03-31 00:00:00+00:00, run_after=2026-04-01 00:00:00+00:00
[2026-04-01T13:06:25.467+0000] {processor.py:183} INFO - Processing /home/airflow/.local/lib/python3.12/site-packages/airflow/example_dags/example_skip_dag.py took 0.060 seconds
[2026-04-01T13:06:55.793+0000] {processor.py:161} INFO - Started process (PID=1011) to work on /home/airflow/.local/lib/python3.12/site-packages/airflow/example_dags/example_skip_dag.py
[2026-04-01T13:06:55.794+0000] {processor.py:830} INFO - Processing file /home/airflow/.local/lib/python3.12/site-packages/airflow/example_dags/example_skip_dag.py for tasks to queue
[2026-04-01T13:06:55.795+0000] {logging_mixin.py:188} INFO - [2026-04-01T13:06:55.795+0000] {dagbag.py:545} INFO - Filling up the DagBag from /home/airflow/.local/lib/python3.12/site-packages/airflow/example_dags/example_skip_dag.py
[2026-04-01T13:06:55.800+0000] {processor.py:840} INFO - DAG(s) 'example_skip_dag' retrieved from /home/airflow/.local/lib/python3.12/site-packages/airflow/example_dags/example_skip_dag.py
[2026-04-01T13:06:55.814+0000] {logging_mixin.py:188} INFO - [2026-04-01T13:06:55.814+0000] {dag.py:3096} INFO - Sync 1 DAGs
[2026-04-01T13:06:55.828+0000] {logging_mixin.py:188} INFO - [2026-04-01T13:06:55.828+0000] {dag.py:3954} INFO - Setting next_dagrun for example_skip_dag to 2026-03-31 00:00:00+00:00, run_after=2026-04-01 00:00:00+00:00
[2026-04-01T13:06:55.844+0000] {processor.py:183} INFO - Processing /home/airflow/.local/lib/python3.12/site-packages/airflow/example_dags/example_skip_dag.py took 0.056 seconds
[2026-04-01T13:07:26.011+0000] {processor.py:161} INFO - Started process (PID=1069) to work on /home/airflow/.local/lib/python3.12/site-packages/airflow/example_dags/example_skip_dag.py
[2026-04-01T13:07:26.011+0000] {processor.py:830} INFO - Processing file /home/airflow/.local/lib/python3.12/site-packages/airflow/example_dags/example_skip_dag.py for tasks to queue
[2026-04-01T13:07:26.013+0000] {logging_mixin.py:188} INFO - [2026-04-01T13:07:26.013+0000] {dagbag.py:545} INFO - Filling up the DagBag from /home/airflow/.local/lib/python3.12/site-packages/airflow/example_dags/example_skip_dag.py
[2026-04-01T13:07:26.018+0000] {processor.py:840} INFO - DAG(s) 'example_skip_dag' retrieved from /home/airflow/.local/lib/python3.12/site-packages/airflow/example_dags/example_skip_dag.py
[2026-04-01T13:07:26.036+0000] {logging_mixin.py:188} INFO - [2026-04-01T13:07:26.036+0000] {dag.py:3096} INFO - Sync 1 DAGs
[2026-04-01T13:07:26.053+0000] {logging_mixin.py:188} INFO - [2026-04-01T13:07:26.053+0000] {dag.py:3954} INFO - Setting next_dagrun for example_skip_dag to 2026-03-31 00:00:00+00:00, run_after=2026-04-01 00:00:00+00:00
[2026-04-01T13:07:26.069+0000] {processor.py:183} INFO - Processing /home/airflow/.local/lib/python3.12/site-packages/airflow/example_dags/example_skip_dag.py took 0.063 seconds
[2026-04-01T13:07:56.180+0000] {processor.py:161} INFO - Started process (PID=1127) to work on /home/airflow/.local/lib/python3.12/site-packages/airflow/example_dags/example_skip_dag.py
[2026-04-01T13:07:56.181+0000] {processor.py:830} INFO - Processing file /home/airflow/.local/lib/python3.12/site-packages/airflow/example_dags/example_skip_dag.py for tasks to queue
[2026-04-01T13:07:56.184+0000] {logging_mixin.py:188} INFO - [2026-04-01T13:07:56.183+0000] {dagbag.py:545} INFO - Filling up the DagBag from /home/airflow/.local/lib/python3.12/site-packages/airflow/example_dags/example_skip_dag.py
[2026-04-01T13:07:56.191+0000] {processor.py:840} INFO - DAG(s) 'example_skip_dag' retrieved from /home/airflow/.local/lib/python3.12/site-packages/airflow/example_dags/example_skip_dag.py
[2026-04-01T13:07:56.207+0000] {logging_mixin.py:188} INFO - [2026-04-01T13:07:56.206+0000] {dag.py:3096} INFO - Sync 1 DAGs
[2026-04-01T13:07:56.224+0000] {logging_mixin.py:188} INFO - [2026-04-01T13:07:56.224+0000] {dag.py:3954} INFO - Setting next_dagrun for example_skip_dag to 2026-03-31 00:00:00+00:00, run_after=2026-04-01 00:00:00+00:00
[2026-04-01T13:07:56.239+0000] {processor.py:183} INFO - Processing /home/airflow/.local/lib/python3.12/site-packages/airflow/example_dags/example_skip_dag.py took 0.063 seconds
[2026-04-01T13:08:26.453+0000] {processor.py:161} INFO - Started process (PID=1185) to work on /home/airflow/.local/lib/python3.12/site-packages/airflow/example_dags/example_skip_dag.py
[2026-04-01T13:08:26.454+0000] {processor.py:830} INFO - Processing file /home/airflow/.local/lib/python3.12/site-packages/airflow/example_dags/example_skip_dag.py for tasks to queue
[2026-04-01T13:08:26.455+0000] {logging_mixin.py:188} INFO - [2026-04-01T13:08:26.455+0000] {dagbag.py:545} INFO - Filling up the DagBag from /home/airflow/.local/lib/python3.12/site-packages/airflow/example_dags/example_skip_dag.py
[2026-04-01T13:08:26.459+0000] {processor.py:840} INFO - DAG(s) 'example_skip_dag' retrieved from /home/airflow/.local/lib/python3.12/site-packages/airflow/example_dags/example_skip_dag.py
[2026-04-01T13:08:26.476+0000] {logging_mixin.py:188} INFO - [2026-04-01T13:08:26.476+0000] {dag.py:3096} INFO - Sync 1 DAGs
[2026-04-01T13:08:26.491+0000] {logging_mixin.py:188} INFO - [2026-04-01T13:08:26.491+0000] {dag.py:3954} INFO - Setting next_dagrun for example_skip_dag to 2026-03-31 00:00:00+00:00, run_after=2026-04-01 00:00:00+00:00
[2026-04-01T13:08:26.507+0000] {processor.py:183} INFO - Processing /home/airflow/.local/lib/python3.12/site-packages/airflow/example_dags/example_skip_dag.py took 0.059 seconds
[2026-04-01T13:08:56.901+0000] {processor.py:161} INFO - Started process (PID=1243) to work on /home/airflow/.local/lib/python3.12/site-packages/airflow/example_dags/example_skip_dag.py
[2026-04-01T13:08:56.902+0000] {processor.py:830} INFO - Processing file /home/airflow/.local/lib/python3.12/site-packages/airflow/example_dags/example_skip_dag.py for tasks to queue
[2026-04-01T13:08:56.904+0000] {logging_mixin.py:188} INFO - [2026-04-01T13:08:56.903+0000] {dagbag.py:545} INFO - Filling up the DagBag from /home/airflow/.local/lib/python3.12/site-packages/airflow/example_dags/example_skip_dag.py
[2026-04-01T13:08:56.909+0000] {processor.py:840} INFO - DAG(s) 'example_skip_dag' retrieved from /home/airflow/.local/lib/python3.12/site-packages/airflow/example_dags/example_skip_dag.py
[2026-04-01T13:08:56.925+0000] {logging_mixin.py:188} INFO - [2026-04-01T13:08:56.925+0000] {dag.py:3096} INFO - Sync 1 DAGs
[2026-04-01T13:08:56.941+0000] {logging_mixin.py:188} INFO - [2026-04-01T13:08:56.941+0000] {dag.py:3954} INFO - Setting next_dagrun for example_skip_dag to 2026-03-31 00:00:00+00:00, run_after=2026-04-01 00:00:00+00:00
[2026-04-01T13:08:56.957+0000] {processor.py:183} INFO - Processing /home/airflow/.local/lib/python3.12/site-packages/airflow/example_dags/example_skip_dag.py took 0.060 seconds
[2026-04-01T13:09:27.239+0000] {processor.py:161} INFO - Started process (PID=1301) to work on /home/airflow/.local/lib/python3.12/site-packages/airflow/example_dags/example_skip_dag.py
[2026-04-01T13:09:27.240+0000] {processor.py:830} INFO - Processing file /home/airflow/.local/lib/python3.12/site-packages/airflow/example_dags/example_skip_dag.py for tasks to queue
[2026-04-01T13:09:27.241+0000] {logging_mixin.py:188} INFO - [2026-04-01T13:09:27.241+0000] {dagbag.py:545} INFO - Filling up the DagBag from /home/airflow/.local/lib/python3.12/site-packages/airflow/example_dags/example_skip_dag.py
[2026-04-01T13:09:27.245+0000] {processor.py:840} INFO - DAG(s) 'example_skip_dag' retrieved from /home/airflow/.local/lib/python3.12/site-packages/airflow/example_dags/example_skip_dag.py
[2026-04-01T13:09:27.262+0000] {logging_mixin.py:188} INFO - [2026-04-01T13:09:27.262+0000] {dag.py:3096} INFO - Sync 1 DAGs
[2026-04-01T13:09:27.279+0000] {logging_mixin.py:188} INFO - [2026-04-01T13:09:27.278+0000] {dag.py:3954} INFO - Setting next_dagrun for example_skip_dag to 2026-03-31 00:00:00+00:00, run_after=2026-04-01 00:00:00+00:00
[2026-04-01T13:09:27.295+0000] {processor.py:183} INFO - Processing /home/airflow/.local/lib/python3.12/site-packages/airflow/example_dags/example_skip_dag.py took 0.062 seconds
[2026-04-01T13:09:57.585+0000] {processor.py:161} INFO - Started process (PID=1359) to work on /home/airflow/.local/lib/python3.12/site-packages/airflow/example_dags/example_skip_dag.py
[2026-04-01T13:09:57.586+0000] {processor.py:830} INFO - Processing file /home/airflow/.local/lib/python3.12/site-packages/airflow/example_dags/example_skip_dag.py for tasks to queue
[2026-04-01T13:09:57.587+0000] {logging_mixin.py:188} INFO - [2026-04-01T13:09:57.587+0000] {dagbag.py:545} INFO - Filling up the DagBag from /home/airflow/.local/lib/python3.12/site-packages/airflow/example_dags/example_skip_dag.py
[2026-04-01T13:09:57.593+0000] {processor.py:840} INFO - DAG(s) 'example_skip_dag' retrieved from /home/airflow/.local/lib/python3.12/site-packages/airflow/example_dags/example_skip_dag.py
[2026-04-01T13:09:57.611+0000] {logging_mixin.py:188} INFO - [2026-04-01T13:09:57.611+0000] {dag.py:3096} INFO - Sync 1 DAGs
[2026-04-01T13:09:57.628+0000] {logging_mixin.py:188} INFO - [2026-04-01T13:09:57.628+0000] {dag.py:3954} INFO - Setting next_dagrun for example_skip_dag to 2026-03-31 00:00:00+00:00, run_after=2026-04-01 00:00:00+00:00
[2026-04-01T13:09:57.644+0000] {processor.py:183} INFO - Processing /home/airflow/.local/lib/python3.12/site-packages/airflow/example_dags/example_skip_dag.py took 0.064 seconds
[2026-04-01T13:10:27.732+0000] {processor.py:161} INFO - Started process (PID=1417) to work on /home/airflow/.local/lib/python3.12/site-packages/airflow/example_dags/example_skip_dag.py
[2026-04-01T13:10:27.733+0000] {processor.py:830} INFO - Processing file /home/airflow/.local/lib/python3.12/site-packages/airflow/example_dags/example_skip_dag.py for tasks to queue
[2026-04-01T13:10:27.736+0000] {logging_mixin.py:188} INFO - [2026-04-01T13:10:27.735+0000] {dagbag.py:545} INFO - Filling up the DagBag from /home/airflow/.local/lib/python3.12/site-packages/airflow/example_dags/example_skip_dag.py
[2026-04-01T13:10:27.742+0000] {processor.py:840} INFO - DAG(s) 'example_skip_dag' retrieved from /home/airflow/.local/lib/python3.12/site-packages/airflow/example_dags/example_skip_dag.py
[2026-04-01T13:10:27.761+0000] {logging_mixin.py:188} INFO - [2026-04-01T13:10:27.760+0000] {dag.py:3096} INFO - Sync 1 DAGs
[2026-04-01T13:10:27.778+0000] {logging_mixin.py:188} INFO - [2026-04-01T13:10:27.778+0000] {dag.py:3954} INFO - Setting next_dagrun for example_skip_dag to 2026-03-31 00:00:00+00:00, run_after=2026-04-01 00:00:00+00:00
[2026-04-01T13:10:27.795+0000] {processor.py:183} INFO - Processing /home/airflow/.local/lib/python3.12/site-packages/airflow/example_dags/example_skip_dag.py took 0.070 seconds
[2026-04-01T13:10:58.275+0000] {processor.py:161} INFO - Started process (PID=1474) to work on /home/airflow/.local/lib/python3.12/site-packages/airflow/example_dags/example_skip_dag.py
[2026-04-01T13:10:58.276+0000] {processor.py:830} INFO - Processing file /home/airflow/.local/lib/python3.12/site-packages/airflow/example_dags/example_skip_dag.py for tasks to queue
[2026-04-01T13:10:58.278+0000] {logging_mixin.py:188} INFO - [2026-04-01T13:10:58.278+0000] {dagbag.py:545} INFO - Filling up the DagBag from /home/airflow/.local/lib/python3.12/site-packages/airflow/example_dags/example_skip_dag.py
[2026-04-01T13:10:58.284+0000] {processor.py:840} INFO - DAG(s) 'example_skip_dag' retrieved from /home/airflow/.local/lib/python3.12/site-packages/airflow/example_dags/example_skip_dag.py
[2026-04-01T13:10:58.300+0000] {logging_mixin.py:188} INFO - [2026-04-01T13:10:58.300+0000] {dag.py:3096} INFO - Sync 1 DAGs
[2026-04-01T13:10:58.318+0000] {logging_mixin.py:188} INFO - [2026-04-01T13:10:58.317+0000] {dag.py:3954} INFO - Setting next_dagrun for example_skip_dag to 2026-03-31 00:00:00+00:00, run_after=2026-04-01 00:00:00+00:00
[2026-04-01T13:10:58.333+0000] {processor.py:183} INFO - Processing /home/airflow/.local/lib/python3.12/site-packages/airflow/example_dags/example_skip_dag.py took 0.063 seconds
[2026-04-01T13:11:28.664+0000] {processor.py:161} INFO - Started process (PID=1532) to work on /home/airflow/.local/lib/python3.12/site-packages/airflow/example_dags/example_skip_dag.py
[2026-04-01T13:11:28.665+0000] {processor.py:830} INFO - Processing file /home/airflow/.local/lib/python3.12/site-packages/airflow/example_dags/example_skip_dag.py for tasks to queue
[2026-04-01T13:11:28.667+0000] {logging_mixin.py:188} INFO - [2026-04-01T13:11:28.667+0000] {dagbag.py:545} INFO - Filling up the DagBag from /home/airflow/.local/lib/python3.12/site-packages/airflow/example_dags/example_skip_dag.py
[2026-04-01T13:11:28.676+0000] {processor.py:840} INFO - DAG(s) 'example_skip_dag' retrieved from /home/airflow/.local/lib/python3.12/site-packages/airflow/example_dags/example_skip_dag.py
[2026-04-01T13:11:28.695+0000] {logging_mixin.py:188} INFO - [2026-04-01T13:11:28.695+0000] {dag.py:3096} INFO - Sync 1 DAGs
[2026-04-01T13:11:28.712+0000] {logging_mixin.py:188} INFO - [2026-04-01T13:11:28.712+0000] {dag.py:3954} INFO - Setting next_dagrun for example_skip_dag to 2026-03-31 00:00:00+00:00, run_after=2026-04-01 00:00:00+00:00
[2026-04-01T13:11:28.727+0000] {processor.py:183} INFO - Processing /home/airflow/.local/lib/python3.12/site-packages/airflow/example_dags/example_skip_dag.py took 0.069 seconds
[2026-04-01T13:11:59.190+0000] {processor.py:161} INFO - Started process (PID=1590) to work on /home/airflow/.local/lib/python3.12/site-packages/airflow/example_dags/example_skip_dag.py
[2026-04-01T13:11:59.191+0000] {processor.py:830} INFO - Processing file /home/airflow/.local/lib/python3.12/site-packages/airflow/example_dags/example_skip_dag.py for tasks to queue
[2026-04-01T13:11:59.193+0000] {logging_mixin.py:188} INFO - [2026-04-01T13:11:59.193+0000] {dagbag.py:545} INFO - Filling up the DagBag from /home/airflow/.local/lib/python3.12/site-packages/airflow/example_dags/example_skip_dag.py
[2026-04-01T13:11:59.199+0000] {processor.py:840} INFO - DAG(s) 'example_skip_dag' retrieved from /home/airflow/.local/lib/python3.12/site-packages/airflow/example_dags/example_skip_dag.py
[2026-04-01T13:11:59.220+0000] {logging_mixin.py:188} INFO - [2026-04-01T13:11:59.220+0000] {dag.py:3096} INFO - Sync 1 DAGs
[2026-04-01T13:11:59.237+0000] {logging_mixin.py:188} INFO - [2026-04-01T13:11:59.237+0000] {dag.py:3954} INFO - Setting next_dagrun for example_skip_dag to 2026-03-31 00:00:00+00:00, run_after=2026-04-01 00:00:00+00:00
[2026-04-01T13:11:59.255+0000] {processor.py:183} INFO - Processing /home/airflow/.local/lib/python3.12/site-packages/airflow/example_dags/example_skip_dag.py took 0.070 seconds
[2026-04-01T13:12:29.440+0000] {processor.py:161} INFO - Started process (PID=1649) to work on /home/airflow/.local/lib/python3.12/site-packages/airflow/example_dags/example_skip_dag.py
[2026-04-01T13:12:29.440+0000] {processor.py:830} INFO - Processing file /home/airflow/.local/lib/python3.12/site-packages/airflow/example_dags/example_skip_dag.py for tasks to queue
[2026-04-01T13:12:29.442+0000] {logging_mixin.py:188} INFO - [2026-04-01T13:12:29.442+0000] {dagbag.py:545} INFO - Filling up the DagBag from /home/airflow/.local/lib/python3.12/site-packages/airflow/example_dags/example_skip_dag.py
[2026-04-01T13:12:29.447+0000] {processor.py:840} INFO - DAG(s) 'example_skip_dag' retrieved from /home/airflow/.local/lib/python3.12/site-packages/airflow/example_dags/example_skip_dag.py
[2026-04-01T13:12:29.462+0000] {logging_mixin.py:188} INFO - [2026-04-01T13:12:29.462+0000] {dag.py:3096} INFO - Sync 1 DAGs
[2026-04-01T13:12:29.476+0000] {logging_mixin.py:188} INFO - [2026-04-01T13:12:29.476+0000] {dag.py:3954} INFO - Setting next_dagrun for example_skip_dag to 2026-03-31 00:00:00+00:00, run_after=2026-04-01 00:00:00+00:00
[2026-04-01T13:12:29.494+0000] {processor.py:183} INFO - Processing /home/airflow/.local/lib/python3.12/site-packages/airflow/example_dags/example_skip_dag.py took 0.059 seconds
[2026-04-01T13:12:59.655+0000] {processor.py:161} INFO - Started process (PID=1706) to work on /home/airflow/.local/lib/python3.12/site-packages/airflow/example_dags/example_skip_dag.py
[2026-04-01T13:12:59.656+0000] {processor.py:830} INFO - Processing file /home/airflow/.local/lib/python3.12/site-packages/airflow/example_dags/example_skip_dag.py for tasks to queue
[2026-04-01T13:12:59.658+0000] {logging_mixin.py:188} INFO - [2026-04-01T13:12:59.657+0000] {dagbag.py:545} INFO - Filling up the DagBag from /home/airflow/.local/lib/python3.12/site-packages/airflow/example_dags/example_skip_dag.py
[2026-04-01T13:12:59.662+0000] {processor.py:840} INFO - DAG(s) 'example_skip_dag' retrieved from /home/airflow/.local/lib/python3.12/site-packages/airflow/example_dags/example_skip_dag.py
[2026-04-01T13:12:59.680+0000] {logging_mixin.py:188} INFO - [2026-04-01T13:12:59.680+0000] {dag.py:3096} INFO - Sync 1 DAGs
[2026-04-01T13:12:59.696+0000] {logging_mixin.py:188} INFO - [2026-04-01T13:12:59.695+0000] {dag.py:3954} INFO - Setting next_dagrun for example_skip_dag to 2026-03-31 00:00:00+00:00, run_after=2026-04-01 00:00:00+00:00
[2026-04-01T13:12:59.710+0000] {processor.py:183} INFO - Processing /home/airflow/.local/lib/python3.12/site-packages/airflow/example_dags/example_skip_dag.py took 0.060 seconds
[2026-04-01T13:13:30.019+0000] {processor.py:161} INFO - Started process (PID=1764) to work on /home/airflow/.local/lib/python3.12/site-packages/airflow/example_dags/example_skip_dag.py
[2026-04-01T13:13:30.019+0000] {processor.py:830} INFO - Processing file /home/airflow/.local/lib/python3.12/site-packages/airflow/example_dags/example_skip_dag.py for tasks to queue
[2026-04-01T13:13:30.021+0000] {logging_mixin.py:188} INFO - [2026-04-01T13:13:30.021+0000] {dagbag.py:545} INFO - Filling up the DagBag from /home/airflow/.local/lib/python3.12/site-packages/airflow/example_dags/example_skip_dag.py
[2026-04-01T13:13:30.025+0000] {processor.py:840} INFO - DAG(s) 'example_skip_dag' retrieved from /home/airflow/.local/lib/python3.12/site-packages/airflow/example_dags/example_skip_dag.py
[2026-04-01T13:13:30.040+0000] {logging_mixin.py:188} INFO - [2026-04-01T13:13:30.040+0000] {dag.py:3096} INFO - Sync 1 DAGs
[2026-04-01T13:13:30.057+0000] {logging_mixin.py:188} INFO - [2026-04-01T13:13:30.057+0000] {dag.py:3954} INFO - Setting next_dagrun for example_skip_dag to 2026-03-31 00:00:00+00:00, run_after=2026-04-01 00:00:00+00:00
[2026-04-01T13:13:30.081+0000] {processor.py:183} INFO - Processing /home/airflow/.local/lib/python3.12/site-packages/airflow/example_dags/example_skip_dag.py took 0.067 seconds
[2026-04-01T13:14:00.485+0000] {processor.py:161} INFO - Started process (PID=1822) to work on /home/airflow/.local/lib/python3.12/site-packages/airflow/example_dags/example_skip_dag.py
[2026-04-01T13:14:00.486+0000] {processor.py:830} INFO - Processing file /home/airflow/.local/lib/python3.12/site-packages/airflow/example_dags/example_skip_dag.py for tasks to queue
[2026-04-01T13:14:00.487+0000] {logging_mixin.py:188} INFO - [2026-04-01T13:14:00.487+0000] {dagbag.py:545} INFO - Filling up the DagBag from /home/airflow/.local/lib/python3.12/site-packages/airflow/example_dags/example_skip_dag.py
[2026-04-01T13:14:00.492+0000] {processor.py:840} INFO - DAG(s) 'example_skip_dag' retrieved from /home/airflow/.local/lib/python3.12/site-packages/airflow/example_dags/example_skip_dag.py
[2026-04-01T13:14:00.508+0000] {logging_mixin.py:188} INFO - [2026-04-01T13:14:00.508+0000] {dag.py:3096} INFO - Sync 1 DAGs
[2026-04-01T13:14:00.523+0000] {logging_mixin.py:188} INFO - [2026-04-01T13:14:00.523+0000] {dag.py:3954} INFO - Setting next_dagrun for example_skip_dag to 2026-03-31 00:00:00+00:00, run_after=2026-04-01 00:00:00+00:00
[2026-04-01T13:14:00.542+0000] {processor.py:183} INFO - Processing /home/airflow/.local/lib/python3.12/site-packages/airflow/example_dags/example_skip_dag.py took 0.061 seconds
[2026-04-01T13:14:31.389+0000] {processor.py:161} INFO - Started process (PID=1880) to work on /home/airflow/.local/lib/python3.12/site-packages/airflow/example_dags/example_skip_dag.py
[2026-04-01T13:14:31.389+0000] {processor.py:830} INFO - Processing file /home/airflow/.local/lib/python3.12/site-packages/airflow/example_dags/example_skip_dag.py for tasks to queue
[2026-04-01T13:14:31.392+0000] {logging_mixin.py:188} INFO - [2026-04-01T13:14:31.392+0000] {dagbag.py:545} INFO - Filling up the DagBag from /home/airflow/.local/lib/python3.12/site-packages/airflow/example_dags/example_skip_dag.py
[2026-04-01T13:14:31.398+0000] {processor.py:840} INFO - DAG(s) 'example_skip_dag' retrieved from /home/airflow/.local/lib/python3.12/site-packages/airflow/example_dags/example_skip_dag.py
[2026-04-01T13:14:31.415+0000] {logging_mixin.py:188} INFO - [2026-04-01T13:14:31.415+0000] {dag.py:3096} INFO - Sync 1 DAGs
[2026-04-01T13:14:31.430+0000] {logging_mixin.py:188} INFO - [2026-04-01T13:14:31.430+0000] {dag.py:3954} INFO - Setting next_dagrun for example_skip_dag to 2026-03-31 00:00:00+00:00, run_after=2026-04-01 00:00:00+00:00
[2026-04-01T13:14:31.549+0000] {processor.py:183} INFO - Processing /home/airflow/.local/lib/python3.12/site-packages/airflow/example_dags/example_skip_dag.py took 0.165 seconds
[2026-04-01T13:15:01.619+0000] {processor.py:161} INFO - Started process (PID=1939) to work on /home/airflow/.local/lib/python3.12/site-packages/airflow/example_dags/example_skip_dag.py
[2026-04-01T13:15:01.619+0000] {processor.py:830} INFO - Processing file /home/airflow/.local/lib/python3.12/site-packages/airflow/example_dags/example_skip_dag.py for tasks to queue
[2026-04-01T13:15:01.621+0000] {logging_mixin.py:188} INFO - [2026-04-01T13:15:01.621+0000] {dagbag.py:545} INFO - Filling up the DagBag from /home/airflow/.local/lib/python3.12/site-packages/airflow/example_dags/example_skip_dag.py
[2026-04-01T13:15:01.625+0000] {processor.py:840} INFO - DAG(s) 'example_skip_dag' retrieved from /home/airflow/.local/lib/python3.12/site-packages/airflow/example_dags/example_skip_dag.py
[2026-04-01T13:15:01.643+0000] {logging_mixin.py:188} INFO - [2026-04-01T13:15:01.643+0000] {dag.py:3096} INFO - Sync 1 DAGs
[2026-04-01T13:15:01.658+0000] {logging_mixin.py:188} INFO - [2026-04-01T13:15:01.658+0000] {dag.py:3954} INFO - Setting next_dagrun for example_skip_dag to 2026-03-31 00:00:00+00:00, run_after=2026-04-01 00:00:00+00:00
[2026-04-01T13:15:01.672+0000] {processor.py:183} INFO - Processing /home/airflow/.local/lib/python3.12/site-packages/airflow/example_dags/example_skip_dag.py took 0.057 seconds
[2026-04-01T13:15:31.713+0000] {processor.py:161} INFO - Started process (PID=1997) to work on /home/airflow/.local/lib/python3.12/site-packages/airflow/example_dags/example_skip_dag.py
[2026-04-01T13:15:31.714+0000] {processor.py:830} INFO - Processing file /home/airflow/.local/lib/python3.12/site-packages/airflow/example_dags/example_skip_dag.py for tasks to queue
[2026-04-01T13:15:31.715+0000] {logging_mixin.py:188} INFO - [2026-04-01T13:15:31.715+0000] {dagbag.py:545} INFO - Filling up the DagBag from /home/airflow/.local/lib/python3.12/site-packages/airflow/example_dags/example_skip_dag.py
[2026-04-01T13:15:31.720+0000] {processor.py:840} INFO - DAG(s) 'example_skip_dag' retrieved from /home/airflow/.local/lib/python3.12/site-packages/airflow/example_dags/example_skip_dag.py
[2026-04-01T13:15:31.734+0000] {logging_mixin.py:188} INFO - [2026-04-01T13:15:31.734+0000] {dag.py:3096} INFO - Sync 1 DAGs
[2026-04-01T13:15:31.748+0000] {logging_mixin.py:188} INFO - [2026-04-01T13:15:31.748+0000] {dag.py:3954} INFO - Setting next_dagrun for example_skip_dag to 2026-03-31 00:00:00+00:00, run_after=2026-04-01 00:00:00+00:00
[2026-04-01T13:15:31.762+0000] {processor.py:183} INFO - Processing /home/airflow/.local/lib/python3.12/site-packages/airflow/example_dags/example_skip_dag.py took 0.054 seconds
[2026-04-01T13:16:02.162+0000] {processor.py:161} INFO - Started process (PID=2054) to work on /home/airflow/.local/lib/python3.12/site-packages/airflow/example_dags/example_skip_dag.py
[2026-04-01T13:16:02.163+0000] {processor.py:830} INFO - Processing file /home/airflow/.local/lib/python3.12/site-packages/airflow/example_dags/example_skip_dag.py for tasks to queue
[2026-04-01T13:16:02.165+0000] {logging_mixin.py:188} INFO - [2026-04-01T13:16:02.164+0000] {dagbag.py:545} INFO - Filling up the DagBag from /home/airflow/.local/lib/python3.12/site-packages/airflow/example_dags/example_skip_dag.py
[2026-04-01T13:16:02.170+0000] {processor.py:840} INFO - DAG(s) 'example_skip_dag' retrieved from /home/airflow/.local/lib/python3.12/site-packages/airflow/example_dags/example_skip_dag.py
[2026-04-01T13:16:02.189+0000] {logging_mixin.py:188} INFO - [2026-04-01T13:16:02.189+0000] {dag.py:3096} INFO - Sync 1 DAGs
[2026-04-01T13:16:02.207+0000] {logging_mixin.py:188} INFO - [2026-04-01T13:16:02.207+0000] {dag.py:3954} INFO - Setting next_dagrun for example_skip_dag to 2026-03-31 00:00:00+00:00, run_after=2026-04-01 00:00:00+00:00
[2026-04-01T13:16:02.221+0000] {processor.py:183} INFO - Processing /home/airflow/.local/lib/python3.12/site-packages/airflow/example_dags/example_skip_dag.py took 0.063 seconds
[2026-04-01T13:16:34.055+0000] {processor.py:161} INFO - Started process (PID=2112) to work on /home/airflow/.local/lib/python3.12/site-packages/airflow/example_dags/example_skip_dag.py
[2026-04-01T13:16:34.056+0000] {processor.py:830} INFO - Processing file /home/airflow/.local/lib/python3.12/site-packages/airflow/example_dags/example_skip_dag.py for tasks to queue
[2026-04-01T13:16:34.057+0000] {logging_mixin.py:188} INFO - [2026-04-01T13:16:34.057+0000] {dagbag.py:545} INFO - Filling up the DagBag from /home/airflow/.local/lib/python3.12/site-packages/airflow/example_dags/example_skip_dag.py
[2026-04-01T13:16:34.063+0000] {processor.py:840} INFO - DAG(s) 'example_skip_dag' retrieved from /home/airflow/.local/lib/python3.12/site-packages/airflow/example_dags/example_skip_dag.py
[2026-04-01T13:16:34.197+0000] {logging_mixin.py:188} INFO - [2026-04-01T13:16:34.197+0000] {dag.py:3096} INFO - Sync 1 DAGs
[2026-04-01T13:16:34.210+0000] {logging_mixin.py:188} INFO - [2026-04-01T13:16:34.210+0000] {dag.py:3954} INFO - Setting next_dagrun for example_skip_dag to 2026-03-31 00:00:00+00:00, run_after=2026-04-01 00:00:00+00:00
[2026-04-01T13:16:34.226+0000] {processor.py:183} INFO - Processing /home/airflow/.local/lib/python3.12/site-packages/airflow/example_dags/example_skip_dag.py took 0.175 seconds
[2026-04-01T13:17:05.074+0000] {processor.py:161} INFO - Started process (PID=2170) to work on /home/airflow/.local/lib/python3.12/site-packages/airflow/example_dags/example_skip_dag.py
[2026-04-01T13:17:05.075+0000] {processor.py:830} INFO - Processing file /home/airflow/.local/lib/python3.12/site-packages/airflow/example_dags/example_skip_dag.py for tasks to queue
[2026-04-01T13:17:05.077+0000] {logging_mixin.py:188} INFO - [2026-04-01T13:17:05.076+0000] {dagbag.py:545} INFO - Filling up the DagBag from /home/airflow/.local/lib/python3.12/site-packages/airflow/example_dags/example_skip_dag.py
[2026-04-01T13:17:05.081+0000] {processor.py:840} INFO - DAG(s) 'example_skip_dag' retrieved from /home/airflow/.local/lib/python3.12/site-packages/airflow/example_dags/example_skip_dag.py
[2026-04-01T13:17:05.101+0000] {logging_mixin.py:188} INFO - [2026-04-01T13:17:05.101+0000] {dag.py:3096} INFO - Sync 1 DAGs
[2026-04-01T13:17:05.121+0000] {logging_mixin.py:188} INFO - [2026-04-01T13:17:05.121+0000] {dag.py:3954} INFO - Setting next_dagrun for example_skip_dag to 2026-03-31 00:00:00+00:00, run_after=2026-04-01 00:00:00+00:00
[2026-04-01T13:17:05.140+0000] {processor.py:183} INFO - Processing /home/airflow/.local/lib/python3.12/site-packages/airflow/example_dags/example_skip_dag.py took 0.071 seconds
[2026-04-01T13:17:35.448+0000] {processor.py:161} INFO - Started process (PID=2228) to work on /home/airflow/.local/lib/python3.12/site-packages/airflow/example_dags/example_skip_dag.py
[2026-04-01T13:17:35.449+0000] {processor.py:830} INFO - Processing file /home/airflow/.local/lib/python3.12/site-packages/airflow/example_dags/example_skip_dag.py for tasks to queue
[2026-04-01T13:17:35.450+0000] {logging_mixin.py:188} INFO - [2026-04-01T13:17:35.450+0000] {dagbag.py:545} INFO - Filling up the DagBag from /home/airflow/.local/lib/python3.12/site-packages/airflow/example_dags/example_skip_dag.py
[2026-04-01T13:17:35.455+0000] {processor.py:840} INFO - DAG(s) 'example_skip_dag' retrieved from /home/airflow/.local/lib/python3.12/site-packages/airflow/example_dags/example_skip_dag.py
[2026-04-01T13:17:35.472+0000] {logging_mixin.py:188} INFO - [2026-04-01T13:17:35.471+0000] {dag.py:3096} INFO - Sync 1 DAGs
[2026-04-01T13:17:35.490+0000] {logging_mixin.py:188} INFO - [2026-04-01T13:17:35.490+0000] {dag.py:3954} INFO - Setting next_dagrun for example_skip_dag to 2026-03-31 00:00:00+00:00, run_after=2026-04-01 00:00:00+00:00
[2026-04-01T13:17:35.507+0000] {processor.py:183} INFO - Processing /home/airflow/.local/lib/python3.12/site-packages/airflow/example_dags/example_skip_dag.py took 0.063 seconds
[2026-04-01T13:18:05.642+0000] {processor.py:161} INFO - Started process (PID=2286) to work on /home/airflow/.local/lib/python3.12/site-packages/airflow/example_dags/example_skip_dag.py
[2026-04-01T13:18:05.642+0000] {processor.py:830} INFO - Processing file /home/airflow/.local/lib/python3.12/site-packages/airflow/example_dags/example_skip_dag.py for tasks to queue
[2026-04-01T13:18:05.644+0000] {logging_mixin.py:188} INFO - [2026-04-01T13:18:05.643+0000] {dagbag.py:545} INFO - Filling up the DagBag from /home/airflow/.local/lib/python3.12/site-packages/airflow/example_dags/example_skip_dag.py
[2026-04-01T13:18:05.648+0000] {processor.py:840} INFO - DAG(s) 'example_skip_dag' retrieved from /home/airflow/.local/lib/python3.12/site-packages/airflow/example_dags/example_skip_dag.py
[2026-04-01T13:18:05.663+0000] {logging_mixin.py:188} INFO - [2026-04-01T13:18:05.663+0000] {dag.py:3096} INFO - Sync 1 DAGs
[2026-04-01T13:18:05.682+0000] {logging_mixin.py:188} INFO - [2026-04-01T13:18:05.681+0000] {dag.py:3954} INFO - Setting next_dagrun for example_skip_dag to 2026-03-31 00:00:00+00:00, run_after=2026-04-01 00:00:00+00:00
[2026-04-01T13:18:05.699+0000] {processor.py:183} INFO - Processing /home/airflow/.local/lib/python3.12/site-packages/airflow/example_dags/example_skip_dag.py took 0.062 seconds
[2026-04-01T13:18:36.164+0000] {processor.py:161} INFO - Started process (PID=2344) to work on /home/airflow/.local/lib/python3.12/site-packages/airflow/example_dags/example_skip_dag.py
[2026-04-01T13:18:36.165+0000] {processor.py:830} INFO - Processing file /home/airflow/.local/lib/python3.12/site-packages/airflow/example_dags/example_skip_dag.py for tasks to queue
[2026-04-01T13:18:36.166+0000] {logging_mixin.py:188} INFO - [2026-04-01T13:18:36.166+0000] {dagbag.py:545} INFO - Filling up the DagBag from /home/airflow/.local/lib/python3.12/site-packages/airflow/example_dags/example_skip_dag.py
[2026-04-01T13:18:36.171+0000] {processor.py:840} INFO - DAG(s) 'example_skip_dag' retrieved from /home/airflow/.local/lib/python3.12/site-packages/airflow/example_dags/example_skip_dag.py
[2026-04-01T13:18:36.186+0000] {logging_mixin.py:188} INFO - [2026-04-01T13:18:36.186+0000] {dag.py:3096} INFO - Sync 1 DAGs
[2026-04-01T13:18:36.202+0000] {logging_mixin.py:188} INFO - [2026-04-01T13:18:36.202+0000] {dag.py:3954} INFO - Setting next_dagrun for example_skip_dag to 2026-03-31 00:00:00+00:00, run_after=2026-04-01 00:00:00+00:00
[2026-04-01T13:18:36.222+0000] {processor.py:183} INFO - Processing /home/airflow/.local/lib/python3.12/site-packages/airflow/example_dags/example_skip_dag.py took 0.063 seconds
[2026-04-01T13:19:06.686+0000] {processor.py:161} INFO - Started process (PID=2402) to work on /home/airflow/.local/lib/python3.12/site-packages/airflow/example_dags/example_skip_dag.py
[2026-04-01T13:19:06.687+0000] {processor.py:830} INFO - Processing file /home/airflow/.local/lib/python3.12/site-packages/airflow/example_dags/example_skip_dag.py for tasks to queue
[2026-04-01T13:19:06.688+0000] {logging_mixin.py:188} INFO - [2026-04-01T13:19:06.688+0000] {dagbag.py:545} INFO - Filling up the DagBag from /home/airflow/.local/lib/python3.12/site-packages/airflow/example_dags/example_skip_dag.py
[2026-04-01T13:19:06.693+0000] {processor.py:840} INFO - DAG(s) 'example_skip_dag' retrieved from /home/airflow/.local/lib/python3.12/site-packages/airflow/example_dags/example_skip_dag.py
[2026-04-01T13:19:06.710+0000] {logging_mixin.py:188} INFO - [2026-04-01T13:19:06.710+0000] {dag.py:3096} INFO - Sync 1 DAGs
[2026-04-01T13:19:06.727+0000] {logging_mixin.py:188} INFO - [2026-04-01T13:19:06.727+0000] {dag.py:3954} INFO - Setting next_dagrun for example_skip_dag to 2026-03-31 00:00:00+00:00, run_after=2026-04-01 00:00:00+00:00
[2026-04-01T13:19:06.744+0000] {processor.py:183} INFO - Processing /home/airflow/.local/lib/python3.12/site-packages/airflow/example_dags/example_skip_dag.py took 0.064 seconds
[2026-04-01T13:19:36.971+0000] {processor.py:161} INFO - Started process (PID=2460) to work on /home/airflow/.local/lib/python3.12/site-packages/airflow/example_dags/example_skip_dag.py
[2026-04-01T13:19:36.971+0000] {processor.py:830} INFO - Processing file /home/airflow/.local/lib/python3.12/site-packages/airflow/example_dags/example_skip_dag.py for tasks to queue
[2026-04-01T13:19:36.973+0000] {logging_mixin.py:188} INFO - [2026-04-01T13:19:36.972+0000] {dagbag.py:545} INFO - Filling up the DagBag from /home/airflow/.local/lib/python3.12/site-packages/airflow/example_dags/example_skip_dag.py
[2026-04-01T13:19:36.977+0000] {processor.py:840} INFO - DAG(s) 'example_skip_dag' retrieved from /home/airflow/.local/lib/python3.12/site-packages/airflow/example_dags/example_skip_dag.py
[2026-04-01T13:19:36.994+0000] {logging_mixin.py:188} INFO - [2026-04-01T13:19:36.994+0000] {dag.py:3096} INFO - Sync 1 DAGs
[2026-04-01T13:19:37.011+0000] {logging_mixin.py:188} INFO - [2026-04-01T13:19:37.011+0000] {dag.py:3954} INFO - Setting next_dagrun for example_skip_dag to 2026-03-31 00:00:00+00:00, run_after=2026-04-01 00:00:00+00:00
[2026-04-01T13:19:37.029+0000] {processor.py:183} INFO - Processing /home/airflow/.local/lib/python3.12/site-packages/airflow/example_dags/example_skip_dag.py took 0.063 seconds
[2026-04-01T13:20:07.521+0000] {processor.py:161} INFO - Started process (PID=2518) to work on /home/airflow/.local/lib/python3.12/site-packages/airflow/example_dags/example_skip_dag.py
[2026-04-01T13:20:07.522+0000] {processor.py:830} INFO - Processing file /home/airflow/.local/lib/python3.12/site-packages/airflow/example_dags/example_skip_dag.py for tasks to queue
[2026-04-01T13:20:07.524+0000] {logging_mixin.py:188} INFO - [2026-04-01T13:20:07.523+0000] {dagbag.py:545} INFO - Filling up the DagBag from /home/airflow/.local/lib/python3.12/site-packages/airflow/example_dags/example_skip_dag.py
[2026-04-01T13:20:07.529+0000] {processor.py:840} INFO - DAG(s) 'example_skip_dag' retrieved from /home/airflow/.local/lib/python3.12/site-packages/airflow/example_dags/example_skip_dag.py
[2026-04-01T13:20:07.547+0000] {logging_mixin.py:188} INFO - [2026-04-01T13:20:07.547+0000] {dag.py:3096} INFO - Sync 1 DAGs
[2026-04-01T13:20:07.563+0000] {logging_mixin.py:188} INFO - [2026-04-01T13:20:07.563+0000] {dag.py:3954} INFO - Setting next_dagrun for example_skip_dag to 2026-03-31 00:00:00+00:00, run_after=2026-04-01 00:00:00+00:00
[2026-04-01T13:20:07.578+0000] {processor.py:183} INFO - Processing /home/airflow/.local/lib/python3.12/site-packages/airflow/example_dags/example_skip_dag.py took 0.063 seconds
[2026-04-01T13:20:37.965+0000] {processor.py:161} INFO - Started process (PID=2576) to work on /home/airflow/.local/lib/python3.12/site-packages/airflow/example_dags/example_skip_dag.py
[2026-04-01T13:20:37.966+0000] {processor.py:830} INFO - Processing file /home/airflow/.local/lib/python3.12/site-packages/airflow/example_dags/example_skip_dag.py for tasks to queue
[2026-04-01T13:20:37.968+0000] {logging_mixin.py:188} INFO - [2026-04-01T13:20:37.968+0000] {dagbag.py:545} INFO - Filling up the DagBag from /home/airflow/.local/lib/python3.12/site-packages/airflow/example_dags/example_skip_dag.py
[2026-04-01T13:20:37.973+0000] {processor.py:840} INFO - DAG(s) 'example_skip_dag' retrieved from /home/airflow/.local/lib/python3.12/site-packages/airflow/example_dags/example_skip_dag.py
[2026-04-01T13:20:37.992+0000] {logging_mixin.py:188} INFO - [2026-04-01T13:20:37.992+0000] {dag.py:3096} INFO - Sync 1 DAGs
[2026-04-01T13:20:38.009+0000] {logging_mixin.py:188} INFO - [2026-04-01T13:20:38.009+0000] {dag.py:3954} INFO - Setting next_dagrun for example_skip_dag to 2026-03-31 00:00:00+00:00, run_after=2026-04-01 00:00:00+00:00
[2026-04-01T13:20:38.028+0000] {processor.py:183} INFO - Processing /home/airflow/.local/lib/python3.12/site-packages/airflow/example_dags/example_skip_dag.py took 0.068 seconds
[2026-04-01T13:21:08.431+0000] {processor.py:161} INFO - Started process (PID=2634) to work on /home/airflow/.local/lib/python3.12/site-packages/airflow/example_dags/example_skip_dag.py
[2026-04-01T13:21:08.432+0000] {processor.py:830} INFO - Processing file /home/airflow/.local/lib/python3.12/site-packages/airflow/example_dags/example_skip_dag.py for tasks to queue
[2026-04-01T13:21:08.433+0000] {logging_mixin.py:188} INFO - [2026-04-01T13:21:08.433+0000] {dagbag.py:545} INFO - Filling up the DagBag from /home/airflow/.local/lib/python3.12/site-packages/airflow/example_dags/example_skip_dag.py
[2026-04-01T13:21:08.438+0000] {processor.py:840} INFO - DAG(s) 'example_skip_dag' retrieved from /home/airflow/.local/lib/python3.12/site-packages/airflow/example_dags/example_skip_dag.py
[2026-04-01T13:21:08.455+0000] {logging_mixin.py:188} INFO - [2026-04-01T13:21:08.455+0000] {dag.py:3096} INFO - Sync 1 DAGs
[2026-04-01T13:21:08.471+0000] {logging_mixin.py:188} INFO - [2026-04-01T13:21:08.471+0000] {dag.py:3954} INFO - Setting next_dagrun for example_skip_dag to 2026-03-31 00:00:00+00:00, run_after=2026-04-01 00:00:00+00:00
[2026-04-01T13:21:08.486+0000] {processor.py:183} INFO - Processing /home/airflow/.local/lib/python3.12/site-packages/airflow/example_dags/example_skip_dag.py took 0.061 seconds
[2026-04-01T13:21:38.973+0000] {processor.py:161} INFO - Started process (PID=2692) to work on /home/airflow/.local/lib/python3.12/site-packages/airflow/example_dags/example_skip_dag.py
[2026-04-01T13:21:38.974+0000] {processor.py:830} INFO - Processing file /home/airflow/.local/lib/python3.12/site-packages/airflow/example_dags/example_skip_dag.py for tasks to queue
[2026-04-01T13:21:38.976+0000] {logging_mixin.py:188} INFO - [2026-04-01T13:21:38.975+0000] {dagbag.py:545} INFO - Filling up the DagBag from /home/airflow/.local/lib/python3.12/site-packages/airflow/example_dags/example_skip_dag.py
[2026-04-01T13:21:38.984+0000] {processor.py:840} INFO - DAG(s) 'example_skip_dag' retrieved from /home/airflow/.local/lib/python3.12/site-packages/airflow/example_dags/example_skip_dag.py
[2026-04-01T13:21:39.009+0000] {logging_mixin.py:188} INFO - [2026-04-01T13:21:39.009+0000] {dag.py:3096} INFO - Sync 1 DAGs
[2026-04-01T13:21:39.029+0000] {logging_mixin.py:188} INFO - [2026-04-01T13:21:39.029+0000] {dag.py:3954} INFO - Setting next_dagrun for example_skip_dag to 2026-03-31 00:00:00+00:00, run_after=2026-04-01 00:00:00+00:00
[2026-04-01T13:21:39.049+0000] {processor.py:183} INFO - Processing /home/airflow/.local/lib/python3.12/site-packages/airflow/example_dags/example_skip_dag.py took 0.083 seconds
[2026-04-01T13:22:09.481+0000] {processor.py:161} INFO - Started process (PID=2750) to work on /home/airflow/.local/lib/python3.12/site-packages/airflow/example_dags/example_skip_dag.py
[2026-04-01T13:22:09.482+0000] {processor.py:830} INFO - Processing file /home/airflow/.local/lib/python3.12/site-packages/airflow/example_dags/example_skip_dag.py for tasks to queue
[2026-04-01T13:22:09.483+0000] {logging_mixin.py:188} INFO - [2026-04-01T13:22:09.483+0000] {dagbag.py:545} INFO - Filling up the DagBag from /home/airflow/.local/lib/python3.12/site-packages/airflow/example_dags/example_skip_dag.py
[2026-04-01T13:22:09.489+0000] {processor.py:840} INFO - DAG(s) 'example_skip_dag' retrieved from /home/airflow/.local/lib/python3.12/site-packages/airflow/example_dags/example_skip_dag.py
[2026-04-01T13:22:09.509+0000] {logging_mixin.py:188} INFO - [2026-04-01T13:22:09.508+0000] {dag.py:3096} INFO - Sync 1 DAGs
[2026-04-01T13:22:09.526+0000] {logging_mixin.py:188} INFO - [2026-04-01T13:22:09.526+0000] {dag.py:3954} INFO - Setting next_dagrun for example_skip_dag to 2026-03-31 00:00:00+00:00, run_after=2026-04-01 00:00:00+00:00
[2026-04-01T13:22:09.544+0000] {processor.py:183} INFO - Processing /home/airflow/.local/lib/python3.12/site-packages/airflow/example_dags/example_skip_dag.py took 0.067 seconds
[2026-04-01T13:22:40.042+0000] {processor.py:161} INFO - Started process (PID=2808) to work on /home/airflow/.local/lib/python3.12/site-packages/airflow/example_dags/example_skip_dag.py
[2026-04-01T13:22:40.043+0000] {processor.py:830} INFO - Processing file /home/airflow/.local/lib/python3.12/site-packages/airflow/example_dags/example_skip_dag.py for tasks to queue
[2026-04-01T13:22:40.045+0000] {logging_mixin.py:188} INFO - [2026-04-01T13:22:40.045+0000] {dagbag.py:545} INFO - Filling up the DagBag from /home/airflow/.local/lib/python3.12/site-packages/airflow/example_dags/example_skip_dag.py
[2026-04-01T13:22:40.051+0000] {processor.py:840} INFO - DAG(s) 'example_skip_dag' retrieved from /home/airflow/.local/lib/python3.12/site-packages/airflow/example_dags/example_skip_dag.py
[2026-04-01T13:22:40.074+0000] {logging_mixin.py:188} INFO - [2026-04-01T13:22:40.074+0000] {dag.py:3096} INFO - Sync 1 DAGs
[2026-04-01T13:22:40.095+0000] {logging_mixin.py:188} INFO - [2026-04-01T13:22:40.095+0000] {dag.py:3954} INFO - Setting next_dagrun for example_skip_dag to 2026-03-31 00:00:00+00:00, run_after=2026-04-01 00:00:00+00:00
[2026-04-01T13:22:40.114+0000] {processor.py:183} INFO - Processing /home/airflow/.local/lib/python3.12/site-packages/airflow/example_dags/example_skip_dag.py took 0.076 seconds
[2026-04-01T13:23:10.540+0000] {processor.py:161} INFO - Started process (PID=2866) to work on /home/airflow/.local/lib/python3.12/site-packages/airflow/example_dags/example_skip_dag.py
[2026-04-01T13:23:10.540+0000] {processor.py:830} INFO - Processing file /home/airflow/.local/lib/python3.12/site-packages/airflow/example_dags/example_skip_dag.py for tasks to queue
[2026-04-01T13:23:10.542+0000] {logging_mixin.py:188} INFO - [2026-04-01T13:23:10.542+0000] {dagbag.py:545} INFO - Filling up the DagBag from /home/airflow/.local/lib/python3.12/site-packages/airflow/example_dags/example_skip_dag.py
[2026-04-01T13:23:10.548+0000] {processor.py:840} INFO - DAG(s) 'example_skip_dag' retrieved from /home/airflow/.local/lib/python3.12/site-packages/airflow/example_dags/example_skip_dag.py
[2026-04-01T13:23:10.566+0000] {logging_mixin.py:188} INFO - [2026-04-01T13:23:10.566+0000] {dag.py:3096} INFO - Sync 1 DAGs
[2026-04-01T13:23:10.582+0000] {logging_mixin.py:188} INFO - [2026-04-01T13:23:10.582+0000] {dag.py:3954} INFO - Setting next_dagrun for example_skip_dag to 2026-03-31 00:00:00+00:00, run_after=2026-04-01 00:00:00+00:00
[2026-04-01T13:23:10.598+0000] {processor.py:183} INFO - Processing /home/airflow/.local/lib/python3.12/site-packages/airflow/example_dags/example_skip_dag.py took 0.063 seconds
[2026-04-01T13:23:41.014+0000] {processor.py:161} INFO - Started process (PID=2924) to work on /home/airflow/.local/lib/python3.12/site-packages/airflow/example_dags/example_skip_dag.py
[2026-04-01T13:23:41.015+0000] {processor.py:830} INFO - Processing file /home/airflow/.local/lib/python3.12/site-packages/airflow/example_dags/example_skip_dag.py for tasks to queue
[2026-04-01T13:23:41.017+0000] {logging_mixin.py:188} INFO - [2026-04-01T13:23:41.016+0000] {dagbag.py:545} INFO - Filling up the DagBag from /home/airflow/.local/lib/python3.12/site-packages/airflow/example_dags/example_skip_dag.py
[2026-04-01T13:23:41.022+0000] {processor.py:840} INFO - DAG(s) 'example_skip_dag' retrieved from /home/airflow/.local/lib/python3.12/site-packages/airflow/example_dags/example_skip_dag.py
[2026-04-01T13:23:41.037+0000] {logging_mixin.py:188} INFO - [2026-04-01T13:23:41.037+0000] {dag.py:3096} INFO - Sync 1 DAGs
[2026-04-01T13:23:41.054+0000] {logging_mixin.py:188} INFO - [2026-04-01T13:23:41.054+0000] {dag.py:3954} INFO - Setting next_dagrun for example_skip_dag to 2026-03-31 00:00:00+00:00, run_after=2026-04-01 00:00:00+00:00
[2026-04-01T13:23:41.072+0000] {processor.py:183} INFO - Processing /home/airflow/.local/lib/python3.12/site-packages/airflow/example_dags/example_skip_dag.py took 0.062 seconds
[2026-04-01T13:24:11.528+0000] {processor.py:161} INFO - Started process (PID=2983) to work on /home/airflow/.local/lib/python3.12/site-packages/airflow/example_dags/example_skip_dag.py
[2026-04-01T13:24:11.529+0000] {processor.py:830} INFO - Processing file /home/airflow/.local/lib/python3.12/site-packages/airflow/example_dags/example_skip_dag.py for tasks to queue
[2026-04-01T13:24:11.531+0000] {logging_mixin.py:188} INFO - [2026-04-01T13:24:11.530+0000] {dagbag.py:545} INFO - Filling up the DagBag from /home/airflow/.local/lib/python3.12/site-packages/airflow/example_dags/example_skip_dag.py
[2026-04-01T13:24:11.536+0000] {processor.py:840} INFO - DAG(s) 'example_skip_dag' retrieved from /home/airflow/.local/lib/python3.12/site-packages/airflow/example_dags/example_skip_dag.py
[2026-04-01T13:24:11.556+0000] {logging_mixin.py:188} INFO - [2026-04-01T13:24:11.556+0000] {dag.py:3096} INFO - Sync 1 DAGs
[2026-04-01T13:24:11.576+0000] {logging_mixin.py:188} INFO - [2026-04-01T13:24:11.576+0000] {dag.py:3954} INFO - Setting next_dagrun for example_skip_dag to 2026-03-31 00:00:00+00:00, run_after=2026-04-01 00:00:00+00:00
[2026-04-01T13:24:11.596+0000] {processor.py:183} INFO - Processing /home/airflow/.local/lib/python3.12/site-packages/airflow/example_dags/example_skip_dag.py took 0.074 seconds
[2026-04-01T13:24:41.940+0000] {processor.py:161} INFO - Started process (PID=3041) to work on /home/airflow/.local/lib/python3.12/site-packages/airflow/example_dags/example_skip_dag.py
[2026-04-01T13:24:41.941+0000] {processor.py:830} INFO - Processing file /home/airflow/.local/lib/python3.12/site-packages/airflow/example_dags/example_skip_dag.py for tasks to queue
[2026-04-01T13:24:41.943+0000] {logging_mixin.py:188} INFO - [2026-04-01T13:24:41.942+0000] {dagbag.py:545} INFO - Filling up the DagBag from /home/airflow/.local/lib/python3.12/site-packages/airflow/example_dags/example_skip_dag.py
[2026-04-01T13:24:41.949+0000] {processor.py:840} INFO - DAG(s) 'example_skip_dag' retrieved from /home/airflow/.local/lib/python3.12/site-packages/airflow/example_dags/example_skip_dag.py
[2026-04-01T13:24:41.969+0000] {logging_mixin.py:188} INFO - [2026-04-01T13:24:41.969+0000] {dag.py:3096} INFO - Sync 1 DAGs
[2026-04-01T13:24:41.991+0000] {logging_mixin.py:188} INFO - [2026-04-01T13:24:41.990+0000] {dag.py:3954} INFO - Setting next_dagrun for example_skip_dag to 2026-03-31 00:00:00+00:00, run_after=2026-04-01 00:00:00+00:00
[2026-04-01T13:24:42.008+0000] {processor.py:183} INFO - Processing /home/airflow/.local/lib/python3.12/site-packages/airflow/example_dags/example_skip_dag.py took 0.075 seconds
[2026-04-01T13:25:12.539+0000] {processor.py:161} INFO - Started process (PID=3100) to work on /home/airflow/.local/lib/python3.12/site-packages/airflow/example_dags/example_skip_dag.py
[2026-04-01T13:25:12.540+0000] {processor.py:830} INFO - Processing file /home/airflow/.local/lib/python3.12/site-packages/airflow/example_dags/example_skip_dag.py for tasks to queue
[2026-04-01T13:25:12.541+0000] {logging_mixin.py:188} INFO - [2026-04-01T13:25:12.541+0000] {dagbag.py:545} INFO - Filling up the DagBag from /home/airflow/.local/lib/python3.12/site-packages/airflow/example_dags/example_skip_dag.py
[2026-04-01T13:25:12.546+0000] {processor.py:840} INFO - DAG(s) 'example_skip_dag' retrieved from /home/airflow/.local/lib/python3.12/site-packages/airflow/example_dags/example_skip_dag.py
[2026-04-01T13:25:12.562+0000] {logging_mixin.py:188} INFO - [2026-04-01T13:25:12.562+0000] {dag.py:3096} INFO - Sync 1 DAGs
[2026-04-01T13:25:12.577+0000] {logging_mixin.py:188} INFO - [2026-04-01T13:25:12.577+0000] {dag.py:3954} INFO - Setting next_dagrun for example_skip_dag to 2026-03-31 00:00:00+00:00, run_after=2026-04-01 00:00:00+00:00
[2026-04-01T13:25:12.593+0000] {processor.py:183} INFO - Processing /home/airflow/.local/lib/python3.12/site-packages/airflow/example_dags/example_skip_dag.py took 0.059 seconds
[2026-04-01T13:25:42.922+0000] {processor.py:161} INFO - Started process (PID=3159) to work on /home/airflow/.local/lib/python3.12/site-packages/airflow/example_dags/example_skip_dag.py
[2026-04-01T13:25:42.923+0000] {processor.py:830} INFO - Processing file /home/airflow/.local/lib/python3.12/site-packages/airflow/example_dags/example_skip_dag.py for tasks to queue
[2026-04-01T13:25:42.925+0000] {logging_mixin.py:188} INFO - [2026-04-01T13:25:42.925+0000] {dagbag.py:545} INFO - Filling up the DagBag from /home/airflow/.local/lib/python3.12/site-packages/airflow/example_dags/example_skip_dag.py
[2026-04-01T13:25:42.930+0000] {processor.py:840} INFO - DAG(s) 'example_skip_dag' retrieved from /home/airflow/.local/lib/python3.12/site-packages/airflow/example_dags/example_skip_dag.py
[2026-04-01T13:25:42.946+0000] {logging_mixin.py:188} INFO - [2026-04-01T13:25:42.946+0000] {dag.py:3096} INFO - Sync 1 DAGs
[2026-04-01T13:25:42.962+0000] {logging_mixin.py:188} INFO - [2026-04-01T13:25:42.962+0000] {dag.py:3954} INFO - Setting next_dagrun for example_skip_dag to 2026-03-31 00:00:00+00:00, run_after=2026-04-01 00:00:00+00:00
[2026-04-01T13:25:42.979+0000] {processor.py:183} INFO - Processing /home/airflow/.local/lib/python3.12/site-packages/airflow/example_dags/example_skip_dag.py took 0.062 seconds
[2026-04-01T13:26:13.252+0000] {processor.py:161} INFO - Started process (PID=3218) to work on /home/airflow/.local/lib/python3.12/site-packages/airflow/example_dags/example_skip_dag.py
[2026-04-01T13:26:13.252+0000] {processor.py:830} INFO - Processing file /home/airflow/.local/lib/python3.12/site-packages/airflow/example_dags/example_skip_dag.py for tasks to queue
[2026-04-01T13:26:13.254+0000] {logging_mixin.py:188} INFO - [2026-04-01T13:26:13.253+0000] {dagbag.py:545} INFO - Filling up the DagBag from /home/airflow/.local/lib/python3.12/site-packages/airflow/example_dags/example_skip_dag.py
[2026-04-01T13:26:13.258+0000] {processor.py:840} INFO - DAG(s) 'example_skip_dag' retrieved from /home/airflow/.local/lib/python3.12/site-packages/airflow/example_dags/example_skip_dag.py
[2026-04-01T13:26:13.277+0000] {logging_mixin.py:188} INFO - [2026-04-01T13:26:13.276+0000] {dag.py:3096} INFO - Sync 1 DAGs
[2026-04-01T13:26:13.292+0000] {logging_mixin.py:188} INFO - [2026-04-01T13:26:13.292+0000] {dag.py:3954} INFO - Setting next_dagrun for example_skip_dag to 2026-03-31 00:00:00+00:00, run_after=2026-04-01 00:00:00+00:00
[2026-04-01T13:26:13.307+0000] {processor.py:183} INFO - Processing /home/airflow/.local/lib/python3.12/site-packages/airflow/example_dags/example_skip_dag.py took 0.060 seconds
[2026-04-01T13:26:43.647+0000] {processor.py:161} INFO - Started process (PID=3277) to work on /home/airflow/.local/lib/python3.12/site-packages/airflow/example_dags/example_skip_dag.py
[2026-04-01T13:26:43.648+0000] {processor.py:830} INFO - Processing file /home/airflow/.local/lib/python3.12/site-packages/airflow/example_dags/example_skip_dag.py for tasks to queue
[2026-04-01T13:26:43.649+0000] {logging_mixin.py:188} INFO - [2026-04-01T13:26:43.649+0000] {dagbag.py:545} INFO - Filling up the DagBag from /home/airflow/.local/lib/python3.12/site-packages/airflow/example_dags/example_skip_dag.py
[2026-04-01T13:26:43.655+0000] {processor.py:840} INFO - DAG(s) 'example_skip_dag' retrieved from /home/airflow/.local/lib/python3.12/site-packages/airflow/example_dags/example_skip_dag.py
[2026-04-01T13:26:43.672+0000] {logging_mixin.py:188} INFO - [2026-04-01T13:26:43.672+0000] {dag.py:3096} INFO - Sync 1 DAGs
[2026-04-01T13:26:43.689+0000] {logging_mixin.py:188} INFO - [2026-04-01T13:26:43.689+0000] {dag.py:3954} INFO - Setting next_dagrun for example_skip_dag to 2026-03-31 00:00:00+00:00, run_after=2026-04-01 00:00:00+00:00
[2026-04-01T13:26:43.707+0000] {processor.py:183} INFO - Processing /home/airflow/.local/lib/python3.12/site-packages/airflow/example_dags/example_skip_dag.py took 0.064 seconds
[2026-04-01T13:27:14.092+0000] {processor.py:161} INFO - Started process (PID=3336) to work on /home/airflow/.local/lib/python3.12/site-packages/airflow/example_dags/example_skip_dag.py
[2026-04-01T13:27:14.093+0000] {processor.py:830} INFO - Processing file /home/airflow/.local/lib/python3.12/site-packages/airflow/example_dags/example_skip_dag.py for tasks to queue
[2026-04-01T13:27:14.094+0000] {logging_mixin.py:188} INFO - [2026-04-01T13:27:14.094+0000] {dagbag.py:545} INFO - Filling up the DagBag from /home/airflow/.local/lib/python3.12/site-packages/airflow/example_dags/example_skip_dag.py
[2026-04-01T13:27:14.099+0000] {processor.py:840} INFO - DAG(s) 'example_skip_dag' retrieved from /home/airflow/.local/lib/python3.12/site-packages/airflow/example_dags/example_skip_dag.py
[2026-04-01T13:27:14.116+0000] {logging_mixin.py:188} INFO - [2026-04-01T13:27:14.116+0000] {dag.py:3096} INFO - Sync 1 DAGs
[2026-04-01T13:27:14.131+0000] {logging_mixin.py:188} INFO - [2026-04-01T13:27:14.131+0000] {dag.py:3954} INFO - Setting next_dagrun for example_skip_dag to 2026-03-31 00:00:00+00:00, run_after=2026-04-01 00:00:00+00:00
[2026-04-01T13:27:14.147+0000] {processor.py:183} INFO - Processing /home/airflow/.local/lib/python3.12/site-packages/airflow/example_dags/example_skip_dag.py took 0.061 seconds
[2026-04-01T13:27:45.005+0000] {processor.py:161} INFO - Started process (PID=3396) to work on /home/airflow/.local/lib/python3.12/site-packages/airflow/example_dags/example_skip_dag.py
[2026-04-01T13:27:45.006+0000] {processor.py:830} INFO - Processing file /home/airflow/.local/lib/python3.12/site-packages/airflow/example_dags/example_skip_dag.py for tasks to queue
[2026-04-01T13:27:45.007+0000] {logging_mixin.py:188} INFO - [2026-04-01T13:27:45.007+0000] {dagbag.py:545} INFO - Filling up the DagBag from /home/airflow/.local/lib/python3.12/site-packages/airflow/example_dags/example_skip_dag.py
[2026-04-01T13:27:45.013+0000] {processor.py:840} INFO - DAG(s) 'example_skip_dag' retrieved from /home/airflow/.local/lib/python3.12/site-packages/airflow/example_dags/example_skip_dag.py
[2026-04-01T13:27:45.030+0000] {logging_mixin.py:188} INFO - [2026-04-01T13:27:45.030+0000] {dag.py:3096} INFO - Sync 1 DAGs
[2026-04-01T13:27:45.045+0000] {logging_mixin.py:188} INFO - [2026-04-01T13:27:45.045+0000] {dag.py:3954} INFO - Setting next_dagrun for example_skip_dag to 2026-03-31 00:00:00+00:00, run_after=2026-04-01 00:00:00+00:00
[2026-04-01T13:27:45.060+0000] {processor.py:183} INFO - Processing /home/airflow/.local/lib/python3.12/site-packages/airflow/example_dags/example_skip_dag.py took 0.060 seconds
[2026-04-01T13:28:15.353+0000] {processor.py:161} INFO - Started process (PID=3455) to work on /home/airflow/.local/lib/python3.12/site-packages/airflow/example_dags/example_skip_dag.py
[2026-04-01T13:28:15.354+0000] {processor.py:830} INFO - Processing file /home/airflow/.local/lib/python3.12/site-packages/airflow/example_dags/example_skip_dag.py for tasks to queue
[2026-04-01T13:28:15.355+0000] {logging_mixin.py:188} INFO - [2026-04-01T13:28:15.355+0000] {dagbag.py:545} INFO - Filling up the DagBag from /home/airflow/.local/lib/python3.12/site-packages/airflow/example_dags/example_skip_dag.py
[2026-04-01T13:28:15.360+0000] {processor.py:840} INFO - DAG(s) 'example_skip_dag' retrieved from /home/airflow/.local/lib/python3.12/site-packages/airflow/example_dags/example_skip_dag.py
[2026-04-01T13:28:15.376+0000] {logging_mixin.py:188} INFO - [2026-04-01T13:28:15.376+0000] {dag.py:3096} INFO - Sync 1 DAGs
[2026-04-01T13:28:15.394+0000] {logging_mixin.py:188} INFO - [2026-04-01T13:28:15.394+0000] {dag.py:3954} INFO - Setting next_dagrun for example_skip_dag to 2026-03-31 00:00:00+00:00, run_after=2026-04-01 00:00:00+00:00
[2026-04-01T13:28:15.410+0000] {processor.py:183} INFO - Processing /home/airflow/.local/lib/python3.12/site-packages/airflow/example_dags/example_skip_dag.py took 0.062 seconds
[2026-04-01T13:28:45.736+0000] {processor.py:161} INFO - Started process (PID=3514) to work on /home/airflow/.local/lib/python3.12/site-packages/airflow/example_dags/example_skip_dag.py
[2026-04-01T13:28:45.737+0000] {processor.py:830} INFO - Processing file /home/airflow/.local/lib/python3.12/site-packages/airflow/example_dags/example_skip_dag.py for tasks to queue
[2026-04-01T13:28:45.739+0000] {logging_mixin.py:188} INFO - [2026-04-01T13:28:45.739+0000] {dagbag.py:545} INFO - Filling up the DagBag from /home/airflow/.local/lib/python3.12/site-packages/airflow/example_dags/example_skip_dag.py
[2026-04-01T13:28:45.746+0000] {processor.py:840} INFO - DAG(s) 'example_skip_dag' retrieved from /home/airflow/.local/lib/python3.12/site-packages/airflow/example_dags/example_skip_dag.py
[2026-04-01T13:28:45.762+0000] {logging_mixin.py:188} INFO - [2026-04-01T13:28:45.762+0000] {dag.py:3096} INFO - Sync 1 DAGs
[2026-04-01T13:28:45.779+0000] {logging_mixin.py:188} INFO - [2026-04-01T13:28:45.779+0000] {dag.py:3954} INFO - Setting next_dagrun for example_skip_dag to 2026-03-31 00:00:00+00:00, run_after=2026-04-01 00:00:00+00:00
[2026-04-01T13:28:45.797+0000] {processor.py:183} INFO - Processing /home/airflow/.local/lib/python3.12/site-packages/airflow/example_dags/example_skip_dag.py took 0.065 seconds
[2026-04-01T13:29:16.172+0000] {processor.py:161} INFO - Started process (PID=3573) to work on /home/airflow/.local/lib/python3.12/site-packages/airflow/example_dags/example_skip_dag.py
[2026-04-01T13:29:16.173+0000] {processor.py:830} INFO - Processing file /home/airflow/.local/lib/python3.12/site-packages/airflow/example_dags/example_skip_dag.py for tasks to queue
[2026-04-01T13:29:16.175+0000] {logging_mixin.py:188} INFO - [2026-04-01T13:29:16.174+0000] {dagbag.py:545} INFO - Filling up the DagBag from /home/airflow/.local/lib/python3.12/site-packages/airflow/example_dags/example_skip_dag.py
[2026-04-01T13:29:16.179+0000] {processor.py:840} INFO - DAG(s) 'example_skip_dag' retrieved from /home/airflow/.local/lib/python3.12/site-packages/airflow/example_dags/example_skip_dag.py
[2026-04-01T13:29:16.194+0000] {logging_mixin.py:188} INFO - [2026-04-01T13:29:16.194+0000] {dag.py:3096} INFO - Sync 1 DAGs
[2026-04-01T13:29:16.208+0000] {logging_mixin.py:188} INFO - [2026-04-01T13:29:16.208+0000] {dag.py:3954} INFO - Setting next_dagrun for example_skip_dag to 2026-03-31 00:00:00+00:00, run_after=2026-04-01 00:00:00+00:00
[2026-04-01T13:29:16.226+0000] {processor.py:183} INFO - Processing /home/airflow/.local/lib/python3.12/site-packages/airflow/example_dags/example_skip_dag.py took 0.058 seconds
[2026-04-01T13:29:46.528+0000] {processor.py:161} INFO - Started process (PID=3632) to work on /home/airflow/.local/lib/python3.12/site-packages/airflow/example_dags/example_skip_dag.py
[2026-04-01T13:29:46.529+0000] {processor.py:830} INFO - Processing file /home/airflow/.local/lib/python3.12/site-packages/airflow/example_dags/example_skip_dag.py for tasks to queue
[2026-04-01T13:29:46.531+0000] {logging_mixin.py:188} INFO - [2026-04-01T13:29:46.531+0000] {dagbag.py:545} INFO - Filling up the DagBag from /home/airflow/.local/lib/python3.12/site-packages/airflow/example_dags/example_skip_dag.py
[2026-04-01T13:29:46.536+0000] {processor.py:840} INFO - DAG(s) 'example_skip_dag' retrieved from /home/airflow/.local/lib/python3.12/site-packages/airflow/example_dags/example_skip_dag.py
[2026-04-01T13:29:46.551+0000] {logging_mixin.py:188} INFO - [2026-04-01T13:29:46.551+0000] {dag.py:3096} INFO - Sync 1 DAGs
[2026-04-01T13:29:46.567+0000] {logging_mixin.py:188} INFO - [2026-04-01T13:29:46.567+0000] {dag.py:3954} INFO - Setting next_dagrun for example_skip_dag to 2026-03-31 00:00:00+00:00, run_after=2026-04-01 00:00:00+00:00
[2026-04-01T13:29:46.582+0000] {processor.py:183} INFO - Processing /home/airflow/.local/lib/python3.12/site-packages/airflow/example_dags/example_skip_dag.py took 0.059 seconds
[2026-04-01T13:30:16.786+0000] {processor.py:161} INFO - Started process (PID=3691) to work on /home/airflow/.local/lib/python3.12/site-packages/airflow/example_dags/example_skip_dag.py
[2026-04-01T13:30:16.787+0000] {processor.py:830} INFO - Processing file /home/airflow/.local/lib/python3.12/site-packages/airflow/example_dags/example_skip_dag.py for tasks to queue
[2026-04-01T13:30:16.789+0000] {logging_mixin.py:188} INFO - [2026-04-01T13:30:16.789+0000] {dagbag.py:545} INFO - Filling up the DagBag from /home/airflow/.local/lib/python3.12/site-packages/airflow/example_dags/example_skip_dag.py
[2026-04-01T13:30:16.794+0000] {processor.py:840} INFO - DAG(s) 'example_skip_dag' retrieved from /home/airflow/.local/lib/python3.12/site-packages/airflow/example_dags/example_skip_dag.py
[2026-04-01T13:30:16.811+0000] {logging_mixin.py:188} INFO - [2026-04-01T13:30:16.811+0000] {dag.py:3096} INFO - Sync 1 DAGs
[2026-04-01T13:30:16.827+0000] {logging_mixin.py:188} INFO - [2026-04-01T13:30:16.827+0000] {dag.py:3954} INFO - Setting next_dagrun for example_skip_dag to 2026-03-31 00:00:00+00:00, run_after=2026-04-01 00:00:00+00:00
[2026-04-01T13:30:16.841+0000] {processor.py:183} INFO - Processing /home/airflow/.local/lib/python3.12/site-packages/airflow/example_dags/example_skip_dag.py took 0.061 seconds
[2026-04-01T13:30:47.220+0000] {processor.py:161} INFO - Started process (PID=3750) to work on /home/airflow/.local/lib/python3.12/site-packages/airflow/example_dags/example_skip_dag.py
[2026-04-01T13:30:47.221+0000] {processor.py:830} INFO - Processing file /home/airflow/.local/lib/python3.12/site-packages/airflow/example_dags/example_skip_dag.py for tasks to queue
[2026-04-01T13:30:47.223+0000] {logging_mixin.py:188} INFO - [2026-04-01T13:30:47.223+0000] {dagbag.py:545} INFO - Filling up the DagBag from /home/airflow/.local/lib/python3.12/site-packages/airflow/example_dags/example_skip_dag.py
[2026-04-01T13:30:47.229+0000] {processor.py:840} INFO - DAG(s) 'example_skip_dag' retrieved from /home/airflow/.local/lib/python3.12/site-packages/airflow/example_dags/example_skip_dag.py
[2026-04-01T13:30:47.245+0000] {logging_mixin.py:188} INFO - [2026-04-01T13:30:47.245+0000] {dag.py:3096} INFO - Sync 1 DAGs
[2026-04-01T13:30:47.263+0000] {logging_mixin.py:188} INFO - [2026-04-01T13:30:47.263+0000] {dag.py:3954} INFO - Setting next_dagrun for example_skip_dag to 2026-03-31 00:00:00+00:00, run_after=2026-04-01 00:00:00+00:00
[2026-04-01T13:30:47.278+0000] {processor.py:183} INFO - Processing /home/airflow/.local/lib/python3.12/site-packages/airflow/example_dags/example_skip_dag.py took 0.063 seconds
[2026-04-01T13:31:17.736+0000] {processor.py:161} INFO - Started process (PID=3809) to work on /home/airflow/.local/lib/python3.12/site-packages/airflow/example_dags/example_skip_dag.py
[2026-04-01T13:31:17.737+0000] {processor.py:830} INFO - Processing file /home/airflow/.local/lib/python3.12/site-packages/airflow/example_dags/example_skip_dag.py for tasks to queue
[2026-04-01T13:31:17.738+0000] {logging_mixin.py:188} INFO - [2026-04-01T13:31:17.738+0000] {dagbag.py:545} INFO - Filling up the DagBag from /home/airflow/.local/lib/python3.12/site-packages/airflow/example_dags/example_skip_dag.py
[2026-04-01T13:31:17.743+0000] {processor.py:840} INFO - DAG(s) 'example_skip_dag' retrieved from /home/airflow/.local/lib/python3.12/site-packages/airflow/example_dags/example_skip_dag.py
[2026-04-01T13:31:17.760+0000] {logging_mixin.py:188} INFO - [2026-04-01T13:31:17.759+0000] {dag.py:3096} INFO - Sync 1 DAGs
[2026-04-01T13:31:17.775+0000] {logging_mixin.py:188} INFO - [2026-04-01T13:31:17.775+0000] {dag.py:3954} INFO - Setting next_dagrun for example_skip_dag to 2026-03-31 00:00:00+00:00, run_after=2026-04-01 00:00:00+00:00
[2026-04-01T13:31:17.791+0000] {processor.py:183} INFO - Processing /home/airflow/.local/lib/python3.12/site-packages/airflow/example_dags/example_skip_dag.py took 0.060 seconds
