[2026-04-01T12:58:50.695+0000] {processor.py:161} INFO - Started process (PID=68) to work on /home/airflow/.local/lib/python3.12/site-packages/airflow/example_dags/example_sensors.py
[2026-04-01T12:58:50.696+0000] {processor.py:830} INFO - Processing file /home/airflow/.local/lib/python3.12/site-packages/airflow/example_dags/example_sensors.py for tasks to queue
[2026-04-01T12:58:50.698+0000] {logging_mixin.py:188} INFO - [2026-04-01T12:58:50.698+0000] {dagbag.py:545} INFO - Filling up the DagBag from /home/airflow/.local/lib/python3.12/site-packages/airflow/example_dags/example_sensors.py
[2026-04-01T12:58:50.708+0000] {processor.py:840} INFO - DAG(s) 'example_sensors' retrieved from /home/airflow/.local/lib/python3.12/site-packages/airflow/example_dags/example_sensors.py
[2026-04-01T12:58:50.720+0000] {logging_mixin.py:188} INFO - [2026-04-01T12:58:50.720+0000] {dag.py:3096} INFO - Sync 1 DAGs
[2026-04-01T12:58:50.735+0000] {logging_mixin.py:188} INFO - [2026-04-01T12:58:50.735+0000] {dag.py:3954} INFO - Setting next_dagrun for example_sensors to None, run_after=None
[2026-04-01T12:58:50.757+0000] {processor.py:183} INFO - Processing /home/airflow/.local/lib/python3.12/site-packages/airflow/example_dags/example_sensors.py took 0.070 seconds
[2026-04-01T12:59:21.099+0000] {processor.py:161} INFO - Started process (PID=126) to work on /home/airflow/.local/lib/python3.12/site-packages/airflow/example_dags/example_sensors.py
[2026-04-01T12:59:21.100+0000] {processor.py:830} INFO - Processing file /home/airflow/.local/lib/python3.12/site-packages/airflow/example_dags/example_sensors.py for tasks to queue
[2026-04-01T12:59:21.101+0000] {logging_mixin.py:188} INFO - [2026-04-01T12:59:21.101+0000] {dagbag.py:545} INFO - Filling up the DagBag from /home/airflow/.local/lib/python3.12/site-packages/airflow/example_dags/example_sensors.py
[2026-04-01T12:59:21.108+0000] {processor.py:840} INFO - DAG(s) 'example_sensors' retrieved from /home/airflow/.local/lib/python3.12/site-packages/airflow/example_dags/example_sensors.py
[2026-04-01T12:59:21.201+0000] {logging_mixin.py:188} INFO - [2026-04-01T12:59:21.200+0000] {dag.py:3096} INFO - Sync 1 DAGs
[2026-04-01T12:59:21.208+0000] {logging_mixin.py:188} INFO - [2026-04-01T12:59:21.208+0000] {dag.py:3954} INFO - Setting next_dagrun for example_sensors to None, run_after=None
[2026-04-01T12:59:21.226+0000] {processor.py:183} INFO - Processing /home/airflow/.local/lib/python3.12/site-packages/airflow/example_dags/example_sensors.py took 0.132 seconds
[2026-04-01T12:59:51.639+0000] {processor.py:161} INFO - Started process (PID=184) to work on /home/airflow/.local/lib/python3.12/site-packages/airflow/example_dags/example_sensors.py
[2026-04-01T12:59:51.640+0000] {processor.py:830} INFO - Processing file /home/airflow/.local/lib/python3.12/site-packages/airflow/example_dags/example_sensors.py for tasks to queue
[2026-04-01T12:59:51.641+0000] {logging_mixin.py:188} INFO - [2026-04-01T12:59:51.641+0000] {dagbag.py:545} INFO - Filling up the DagBag from /home/airflow/.local/lib/python3.12/site-packages/airflow/example_dags/example_sensors.py
[2026-04-01T12:59:51.648+0000] {processor.py:840} INFO - DAG(s) 'example_sensors' retrieved from /home/airflow/.local/lib/python3.12/site-packages/airflow/example_dags/example_sensors.py
[2026-04-01T12:59:51.667+0000] {logging_mixin.py:188} INFO - [2026-04-01T12:59:51.667+0000] {dag.py:3096} INFO - Sync 1 DAGs
[2026-04-01T12:59:51.676+0000] {logging_mixin.py:188} INFO - [2026-04-01T12:59:51.676+0000] {dag.py:3954} INFO - Setting next_dagrun for example_sensors to None, run_after=None
[2026-04-01T12:59:51.692+0000] {processor.py:183} INFO - Processing /home/airflow/.local/lib/python3.12/site-packages/airflow/example_dags/example_sensors.py took 0.057 seconds
[2026-04-01T13:00:22.130+0000] {processor.py:161} INFO - Started process (PID=242) to work on /home/airflow/.local/lib/python3.12/site-packages/airflow/example_dags/example_sensors.py
[2026-04-01T13:00:22.131+0000] {processor.py:830} INFO - Processing file /home/airflow/.local/lib/python3.12/site-packages/airflow/example_dags/example_sensors.py for tasks to queue
[2026-04-01T13:00:22.133+0000] {logging_mixin.py:188} INFO - [2026-04-01T13:00:22.133+0000] {dagbag.py:545} INFO - Filling up the DagBag from /home/airflow/.local/lib/python3.12/site-packages/airflow/example_dags/example_sensors.py
[2026-04-01T13:00:22.139+0000] {processor.py:840} INFO - DAG(s) 'example_sensors' retrieved from /home/airflow/.local/lib/python3.12/site-packages/airflow/example_dags/example_sensors.py
[2026-04-01T13:00:22.157+0000] {logging_mixin.py:188} INFO - [2026-04-01T13:00:22.157+0000] {dag.py:3096} INFO - Sync 1 DAGs
[2026-04-01T13:00:22.166+0000] {logging_mixin.py:188} INFO - [2026-04-01T13:00:22.166+0000] {dag.py:3954} INFO - Setting next_dagrun for example_sensors to None, run_after=None
[2026-04-01T13:00:22.180+0000] {processor.py:183} INFO - Processing /home/airflow/.local/lib/python3.12/site-packages/airflow/example_dags/example_sensors.py took 0.054 seconds
[2026-04-01T13:00:52.314+0000] {processor.py:161} INFO - Started process (PID=300) to work on /home/airflow/.local/lib/python3.12/site-packages/airflow/example_dags/example_sensors.py
[2026-04-01T13:00:52.315+0000] {processor.py:830} INFO - Processing file /home/airflow/.local/lib/python3.12/site-packages/airflow/example_dags/example_sensors.py for tasks to queue
[2026-04-01T13:00:52.316+0000] {logging_mixin.py:188} INFO - [2026-04-01T13:00:52.316+0000] {dagbag.py:545} INFO - Filling up the DagBag from /home/airflow/.local/lib/python3.12/site-packages/airflow/example_dags/example_sensors.py
[2026-04-01T13:00:52.323+0000] {processor.py:840} INFO - DAG(s) 'example_sensors' retrieved from /home/airflow/.local/lib/python3.12/site-packages/airflow/example_dags/example_sensors.py
[2026-04-01T13:00:52.342+0000] {logging_mixin.py:188} INFO - [2026-04-01T13:00:52.342+0000] {dag.py:3096} INFO - Sync 1 DAGs
[2026-04-01T13:00:52.351+0000] {logging_mixin.py:188} INFO - [2026-04-01T13:00:52.351+0000] {dag.py:3954} INFO - Setting next_dagrun for example_sensors to None, run_after=None
[2026-04-01T13:00:52.366+0000] {processor.py:183} INFO - Processing /home/airflow/.local/lib/python3.12/site-packages/airflow/example_dags/example_sensors.py took 0.056 seconds
[2026-04-01T13:01:22.493+0000] {processor.py:161} INFO - Started process (PID=358) to work on /home/airflow/.local/lib/python3.12/site-packages/airflow/example_dags/example_sensors.py
[2026-04-01T13:01:22.494+0000] {processor.py:830} INFO - Processing file /home/airflow/.local/lib/python3.12/site-packages/airflow/example_dags/example_sensors.py for tasks to queue
[2026-04-01T13:01:22.495+0000] {logging_mixin.py:188} INFO - [2026-04-01T13:01:22.495+0000] {dagbag.py:545} INFO - Filling up the DagBag from /home/airflow/.local/lib/python3.12/site-packages/airflow/example_dags/example_sensors.py
[2026-04-01T13:01:22.501+0000] {processor.py:840} INFO - DAG(s) 'example_sensors' retrieved from /home/airflow/.local/lib/python3.12/site-packages/airflow/example_dags/example_sensors.py
[2026-04-01T13:01:22.521+0000] {logging_mixin.py:188} INFO - [2026-04-01T13:01:22.521+0000] {dag.py:3096} INFO - Sync 1 DAGs
[2026-04-01T13:01:22.530+0000] {logging_mixin.py:188} INFO - [2026-04-01T13:01:22.530+0000] {dag.py:3954} INFO - Setting next_dagrun for example_sensors to None, run_after=None
[2026-04-01T13:01:22.545+0000] {processor.py:183} INFO - Processing /home/airflow/.local/lib/python3.12/site-packages/airflow/example_dags/example_sensors.py took 0.056 seconds
[2026-04-01T13:01:52.717+0000] {processor.py:161} INFO - Started process (PID=416) to work on /home/airflow/.local/lib/python3.12/site-packages/airflow/example_dags/example_sensors.py
[2026-04-01T13:01:52.718+0000] {processor.py:830} INFO - Processing file /home/airflow/.local/lib/python3.12/site-packages/airflow/example_dags/example_sensors.py for tasks to queue
[2026-04-01T13:01:52.720+0000] {logging_mixin.py:188} INFO - [2026-04-01T13:01:52.720+0000] {dagbag.py:545} INFO - Filling up the DagBag from /home/airflow/.local/lib/python3.12/site-packages/airflow/example_dags/example_sensors.py
[2026-04-01T13:01:52.727+0000] {processor.py:840} INFO - DAG(s) 'example_sensors' retrieved from /home/airflow/.local/lib/python3.12/site-packages/airflow/example_dags/example_sensors.py
[2026-04-01T13:01:52.746+0000] {logging_mixin.py:188} INFO - [2026-04-01T13:01:52.745+0000] {dag.py:3096} INFO - Sync 1 DAGs
[2026-04-01T13:01:52.755+0000] {logging_mixin.py:188} INFO - [2026-04-01T13:01:52.755+0000] {dag.py:3954} INFO - Setting next_dagrun for example_sensors to None, run_after=None
[2026-04-01T13:01:52.775+0000] {processor.py:183} INFO - Processing /home/airflow/.local/lib/python3.12/site-packages/airflow/example_dags/example_sensors.py took 0.062 seconds
[2026-04-01T13:02:22.916+0000] {processor.py:161} INFO - Started process (PID=474) to work on /home/airflow/.local/lib/python3.12/site-packages/airflow/example_dags/example_sensors.py
[2026-04-01T13:02:22.917+0000] {processor.py:830} INFO - Processing file /home/airflow/.local/lib/python3.12/site-packages/airflow/example_dags/example_sensors.py for tasks to queue
[2026-04-01T13:02:22.919+0000] {logging_mixin.py:188} INFO - [2026-04-01T13:02:22.918+0000] {dagbag.py:545} INFO - Filling up the DagBag from /home/airflow/.local/lib/python3.12/site-packages/airflow/example_dags/example_sensors.py
[2026-04-01T13:02:22.927+0000] {processor.py:840} INFO - DAG(s) 'example_sensors' retrieved from /home/airflow/.local/lib/python3.12/site-packages/airflow/example_dags/example_sensors.py
[2026-04-01T13:02:22.952+0000] {logging_mixin.py:188} INFO - [2026-04-01T13:02:22.951+0000] {dag.py:3096} INFO - Sync 1 DAGs
[2026-04-01T13:02:22.964+0000] {logging_mixin.py:188} INFO - [2026-04-01T13:02:22.964+0000] {dag.py:3954} INFO - Setting next_dagrun for example_sensors to None, run_after=None
[2026-04-01T13:02:22.983+0000] {processor.py:183} INFO - Processing /home/airflow/.local/lib/python3.12/site-packages/airflow/example_dags/example_sensors.py took 0.072 seconds
[2026-04-01T13:02:53.145+0000] {processor.py:161} INFO - Started process (PID=532) to work on /home/airflow/.local/lib/python3.12/site-packages/airflow/example_dags/example_sensors.py
[2026-04-01T13:02:53.146+0000] {processor.py:830} INFO - Processing file /home/airflow/.local/lib/python3.12/site-packages/airflow/example_dags/example_sensors.py for tasks to queue
[2026-04-01T13:02:53.148+0000] {logging_mixin.py:188} INFO - [2026-04-01T13:02:53.147+0000] {dagbag.py:545} INFO - Filling up the DagBag from /home/airflow/.local/lib/python3.12/site-packages/airflow/example_dags/example_sensors.py
[2026-04-01T13:02:53.154+0000] {processor.py:840} INFO - DAG(s) 'example_sensors' retrieved from /home/airflow/.local/lib/python3.12/site-packages/airflow/example_dags/example_sensors.py
[2026-04-01T13:02:53.171+0000] {logging_mixin.py:188} INFO - [2026-04-01T13:02:53.171+0000] {dag.py:3096} INFO - Sync 1 DAGs
[2026-04-01T13:02:53.180+0000] {logging_mixin.py:188} INFO - [2026-04-01T13:02:53.180+0000] {dag.py:3954} INFO - Setting next_dagrun for example_sensors to None, run_after=None
[2026-04-01T13:02:53.195+0000] {processor.py:183} INFO - Processing /home/airflow/.local/lib/python3.12/site-packages/airflow/example_dags/example_sensors.py took 0.054 seconds
[2026-04-01T13:03:23.317+0000] {processor.py:161} INFO - Started process (PID=590) to work on /home/airflow/.local/lib/python3.12/site-packages/airflow/example_dags/example_sensors.py
[2026-04-01T13:03:23.318+0000] {processor.py:830} INFO - Processing file /home/airflow/.local/lib/python3.12/site-packages/airflow/example_dags/example_sensors.py for tasks to queue
[2026-04-01T13:03:23.319+0000] {logging_mixin.py:188} INFO - [2026-04-01T13:03:23.319+0000] {dagbag.py:545} INFO - Filling up the DagBag from /home/airflow/.local/lib/python3.12/site-packages/airflow/example_dags/example_sensors.py
[2026-04-01T13:03:23.326+0000] {processor.py:840} INFO - DAG(s) 'example_sensors' retrieved from /home/airflow/.local/lib/python3.12/site-packages/airflow/example_dags/example_sensors.py
[2026-04-01T13:03:23.345+0000] {logging_mixin.py:188} INFO - [2026-04-01T13:03:23.345+0000] {dag.py:3096} INFO - Sync 1 DAGs
[2026-04-01T13:03:23.354+0000] {logging_mixin.py:188} INFO - [2026-04-01T13:03:23.354+0000] {dag.py:3954} INFO - Setting next_dagrun for example_sensors to None, run_after=None
[2026-04-01T13:03:23.371+0000] {processor.py:183} INFO - Processing /home/airflow/.local/lib/python3.12/site-packages/airflow/example_dags/example_sensors.py took 0.059 seconds
[2026-04-01T13:03:53.578+0000] {processor.py:161} INFO - Started process (PID=648) to work on /home/airflow/.local/lib/python3.12/site-packages/airflow/example_dags/example_sensors.py
[2026-04-01T13:03:53.579+0000] {processor.py:830} INFO - Processing file /home/airflow/.local/lib/python3.12/site-packages/airflow/example_dags/example_sensors.py for tasks to queue
[2026-04-01T13:03:53.581+0000] {logging_mixin.py:188} INFO - [2026-04-01T13:03:53.581+0000] {dagbag.py:545} INFO - Filling up the DagBag from /home/airflow/.local/lib/python3.12/site-packages/airflow/example_dags/example_sensors.py
[2026-04-01T13:03:53.588+0000] {processor.py:840} INFO - DAG(s) 'example_sensors' retrieved from /home/airflow/.local/lib/python3.12/site-packages/airflow/example_dags/example_sensors.py
[2026-04-01T13:03:53.607+0000] {logging_mixin.py:188} INFO - [2026-04-01T13:03:53.607+0000] {dag.py:3096} INFO - Sync 1 DAGs
[2026-04-01T13:03:53.616+0000] {logging_mixin.py:188} INFO - [2026-04-01T13:03:53.616+0000] {dag.py:3954} INFO - Setting next_dagrun for example_sensors to None, run_after=None
[2026-04-01T13:03:53.631+0000] {processor.py:183} INFO - Processing /home/airflow/.local/lib/python3.12/site-packages/airflow/example_dags/example_sensors.py took 0.057 seconds
[2026-04-01T13:04:23.985+0000] {processor.py:161} INFO - Started process (PID=706) to work on /home/airflow/.local/lib/python3.12/site-packages/airflow/example_dags/example_sensors.py
[2026-04-01T13:04:23.986+0000] {processor.py:830} INFO - Processing file /home/airflow/.local/lib/python3.12/site-packages/airflow/example_dags/example_sensors.py for tasks to queue
[2026-04-01T13:04:23.988+0000] {logging_mixin.py:188} INFO - [2026-04-01T13:04:23.987+0000] {dagbag.py:545} INFO - Filling up the DagBag from /home/airflow/.local/lib/python3.12/site-packages/airflow/example_dags/example_sensors.py
[2026-04-01T13:04:23.996+0000] {processor.py:840} INFO - DAG(s) 'example_sensors' retrieved from /home/airflow/.local/lib/python3.12/site-packages/airflow/example_dags/example_sensors.py
[2026-04-01T13:04:24.020+0000] {logging_mixin.py:188} INFO - [2026-04-01T13:04:24.020+0000] {dag.py:3096} INFO - Sync 1 DAGs
[2026-04-01T13:04:24.030+0000] {logging_mixin.py:188} INFO - [2026-04-01T13:04:24.030+0000] {dag.py:3954} INFO - Setting next_dagrun for example_sensors to None, run_after=None
[2026-04-01T13:04:24.047+0000] {processor.py:183} INFO - Processing /home/airflow/.local/lib/python3.12/site-packages/airflow/example_dags/example_sensors.py took 0.068 seconds
[2026-04-01T13:04:54.136+0000] {processor.py:161} INFO - Started process (PID=764) to work on /home/airflow/.local/lib/python3.12/site-packages/airflow/example_dags/example_sensors.py
[2026-04-01T13:04:54.137+0000] {processor.py:830} INFO - Processing file /home/airflow/.local/lib/python3.12/site-packages/airflow/example_dags/example_sensors.py for tasks to queue
[2026-04-01T13:04:54.138+0000] {logging_mixin.py:188} INFO - [2026-04-01T13:04:54.138+0000] {dagbag.py:545} INFO - Filling up the DagBag from /home/airflow/.local/lib/python3.12/site-packages/airflow/example_dags/example_sensors.py
[2026-04-01T13:04:54.145+0000] {processor.py:840} INFO - DAG(s) 'example_sensors' retrieved from /home/airflow/.local/lib/python3.12/site-packages/airflow/example_dags/example_sensors.py
[2026-04-01T13:04:54.164+0000] {logging_mixin.py:188} INFO - [2026-04-01T13:04:54.164+0000] {dag.py:3096} INFO - Sync 1 DAGs
[2026-04-01T13:04:54.175+0000] {logging_mixin.py:188} INFO - [2026-04-01T13:04:54.174+0000] {dag.py:3954} INFO - Setting next_dagrun for example_sensors to None, run_after=None
[2026-04-01T13:04:54.191+0000] {processor.py:183} INFO - Processing /home/airflow/.local/lib/python3.12/site-packages/airflow/example_dags/example_sensors.py took 0.059 seconds
[2026-04-01T13:05:24.252+0000] {processor.py:161} INFO - Started process (PID=822) to work on /home/airflow/.local/lib/python3.12/site-packages/airflow/example_dags/example_sensors.py
[2026-04-01T13:05:24.252+0000] {processor.py:830} INFO - Processing file /home/airflow/.local/lib/python3.12/site-packages/airflow/example_dags/example_sensors.py for tasks to queue
[2026-04-01T13:05:24.254+0000] {logging_mixin.py:188} INFO - [2026-04-01T13:05:24.254+0000] {dagbag.py:545} INFO - Filling up the DagBag from /home/airflow/.local/lib/python3.12/site-packages/airflow/example_dags/example_sensors.py
[2026-04-01T13:05:24.260+0000] {processor.py:840} INFO - DAG(s) 'example_sensors' retrieved from /home/airflow/.local/lib/python3.12/site-packages/airflow/example_dags/example_sensors.py
[2026-04-01T13:05:24.277+0000] {logging_mixin.py:188} INFO - [2026-04-01T13:05:24.277+0000] {dag.py:3096} INFO - Sync 1 DAGs
[2026-04-01T13:05:24.286+0000] {logging_mixin.py:188} INFO - [2026-04-01T13:05:24.286+0000] {dag.py:3954} INFO - Setting next_dagrun for example_sensors to None, run_after=None
[2026-04-01T13:05:24.303+0000] {processor.py:183} INFO - Processing /home/airflow/.local/lib/python3.12/site-packages/airflow/example_dags/example_sensors.py took 0.056 seconds
[2026-04-01T13:05:54.354+0000] {processor.py:161} INFO - Started process (PID=879) to work on /home/airflow/.local/lib/python3.12/site-packages/airflow/example_dags/example_sensors.py
[2026-04-01T13:05:54.355+0000] {processor.py:830} INFO - Processing file /home/airflow/.local/lib/python3.12/site-packages/airflow/example_dags/example_sensors.py for tasks to queue
[2026-04-01T13:05:54.357+0000] {logging_mixin.py:188} INFO - [2026-04-01T13:05:54.356+0000] {dagbag.py:545} INFO - Filling up the DagBag from /home/airflow/.local/lib/python3.12/site-packages/airflow/example_dags/example_sensors.py
[2026-04-01T13:05:54.364+0000] {processor.py:840} INFO - DAG(s) 'example_sensors' retrieved from /home/airflow/.local/lib/python3.12/site-packages/airflow/example_dags/example_sensors.py
[2026-04-01T13:05:54.382+0000] {logging_mixin.py:188} INFO - [2026-04-01T13:05:54.382+0000] {dag.py:3096} INFO - Sync 1 DAGs
[2026-04-01T13:05:54.393+0000] {logging_mixin.py:188} INFO - [2026-04-01T13:05:54.393+0000] {dag.py:3954} INFO - Setting next_dagrun for example_sensors to None, run_after=None
[2026-04-01T13:05:54.410+0000] {processor.py:183} INFO - Processing /home/airflow/.local/lib/python3.12/site-packages/airflow/example_dags/example_sensors.py took 0.061 seconds
[2026-04-01T13:06:24.636+0000] {processor.py:161} INFO - Started process (PID=937) to work on /home/airflow/.local/lib/python3.12/site-packages/airflow/example_dags/example_sensors.py
[2026-04-01T13:06:24.637+0000] {processor.py:830} INFO - Processing file /home/airflow/.local/lib/python3.12/site-packages/airflow/example_dags/example_sensors.py for tasks to queue
[2026-04-01T13:06:24.639+0000] {logging_mixin.py:188} INFO - [2026-04-01T13:06:24.639+0000] {dagbag.py:545} INFO - Filling up the DagBag from /home/airflow/.local/lib/python3.12/site-packages/airflow/example_dags/example_sensors.py
[2026-04-01T13:06:24.645+0000] {processor.py:840} INFO - DAG(s) 'example_sensors' retrieved from /home/airflow/.local/lib/python3.12/site-packages/airflow/example_dags/example_sensors.py
[2026-04-01T13:06:24.664+0000] {logging_mixin.py:188} INFO - [2026-04-01T13:06:24.664+0000] {dag.py:3096} INFO - Sync 1 DAGs
[2026-04-01T13:06:24.675+0000] {logging_mixin.py:188} INFO - [2026-04-01T13:06:24.675+0000] {dag.py:3954} INFO - Setting next_dagrun for example_sensors to None, run_after=None
[2026-04-01T13:06:24.691+0000] {processor.py:183} INFO - Processing /home/airflow/.local/lib/python3.12/site-packages/airflow/example_dags/example_sensors.py took 0.059 seconds
[2026-04-01T13:06:54.921+0000] {processor.py:161} INFO - Started process (PID=995) to work on /home/airflow/.local/lib/python3.12/site-packages/airflow/example_dags/example_sensors.py
[2026-04-01T13:06:54.921+0000] {processor.py:830} INFO - Processing file /home/airflow/.local/lib/python3.12/site-packages/airflow/example_dags/example_sensors.py for tasks to queue
[2026-04-01T13:06:54.923+0000] {logging_mixin.py:188} INFO - [2026-04-01T13:06:54.923+0000] {dagbag.py:545} INFO - Filling up the DagBag from /home/airflow/.local/lib/python3.12/site-packages/airflow/example_dags/example_sensors.py
[2026-04-01T13:06:54.929+0000] {processor.py:840} INFO - DAG(s) 'example_sensors' retrieved from /home/airflow/.local/lib/python3.12/site-packages/airflow/example_dags/example_sensors.py
[2026-04-01T13:06:54.946+0000] {logging_mixin.py:188} INFO - [2026-04-01T13:06:54.946+0000] {dag.py:3096} INFO - Sync 1 DAGs
[2026-04-01T13:06:54.954+0000] {logging_mixin.py:188} INFO - [2026-04-01T13:06:54.954+0000] {dag.py:3954} INFO - Setting next_dagrun for example_sensors to None, run_after=None
[2026-04-01T13:06:54.968+0000] {processor.py:183} INFO - Processing /home/airflow/.local/lib/python3.12/site-packages/airflow/example_dags/example_sensors.py took 0.051 seconds
[2026-04-01T13:07:25.249+0000] {processor.py:161} INFO - Started process (PID=1053) to work on /home/airflow/.local/lib/python3.12/site-packages/airflow/example_dags/example_sensors.py
[2026-04-01T13:07:25.250+0000] {processor.py:830} INFO - Processing file /home/airflow/.local/lib/python3.12/site-packages/airflow/example_dags/example_sensors.py for tasks to queue
[2026-04-01T13:07:25.252+0000] {logging_mixin.py:188} INFO - [2026-04-01T13:07:25.251+0000] {dagbag.py:545} INFO - Filling up the DagBag from /home/airflow/.local/lib/python3.12/site-packages/airflow/example_dags/example_sensors.py
[2026-04-01T13:07:25.258+0000] {processor.py:840} INFO - DAG(s) 'example_sensors' retrieved from /home/airflow/.local/lib/python3.12/site-packages/airflow/example_dags/example_sensors.py
[2026-04-01T13:07:25.277+0000] {logging_mixin.py:188} INFO - [2026-04-01T13:07:25.277+0000] {dag.py:3096} INFO - Sync 1 DAGs
[2026-04-01T13:07:25.287+0000] {logging_mixin.py:188} INFO - [2026-04-01T13:07:25.287+0000] {dag.py:3954} INFO - Setting next_dagrun for example_sensors to None, run_after=None
[2026-04-01T13:07:25.304+0000] {processor.py:183} INFO - Processing /home/airflow/.local/lib/python3.12/site-packages/airflow/example_dags/example_sensors.py took 0.059 seconds
[2026-04-01T13:07:55.474+0000] {processor.py:161} INFO - Started process (PID=1111) to work on /home/airflow/.local/lib/python3.12/site-packages/airflow/example_dags/example_sensors.py
[2026-04-01T13:07:55.475+0000] {processor.py:830} INFO - Processing file /home/airflow/.local/lib/python3.12/site-packages/airflow/example_dags/example_sensors.py for tasks to queue
[2026-04-01T13:07:55.476+0000] {logging_mixin.py:188} INFO - [2026-04-01T13:07:55.476+0000] {dagbag.py:545} INFO - Filling up the DagBag from /home/airflow/.local/lib/python3.12/site-packages/airflow/example_dags/example_sensors.py
[2026-04-01T13:07:55.483+0000] {processor.py:840} INFO - DAG(s) 'example_sensors' retrieved from /home/airflow/.local/lib/python3.12/site-packages/airflow/example_dags/example_sensors.py
[2026-04-01T13:07:55.503+0000] {logging_mixin.py:188} INFO - [2026-04-01T13:07:55.502+0000] {dag.py:3096} INFO - Sync 1 DAGs
[2026-04-01T13:07:55.513+0000] {logging_mixin.py:188} INFO - [2026-04-01T13:07:55.513+0000] {dag.py:3954} INFO - Setting next_dagrun for example_sensors to None, run_after=None
[2026-04-01T13:07:55.529+0000] {processor.py:183} INFO - Processing /home/airflow/.local/lib/python3.12/site-packages/airflow/example_dags/example_sensors.py took 0.060 seconds
[2026-04-01T13:08:25.683+0000] {processor.py:161} INFO - Started process (PID=1169) to work on /home/airflow/.local/lib/python3.12/site-packages/airflow/example_dags/example_sensors.py
[2026-04-01T13:08:25.684+0000] {processor.py:830} INFO - Processing file /home/airflow/.local/lib/python3.12/site-packages/airflow/example_dags/example_sensors.py for tasks to queue
[2026-04-01T13:08:25.686+0000] {logging_mixin.py:188} INFO - [2026-04-01T13:08:25.685+0000] {dagbag.py:545} INFO - Filling up the DagBag from /home/airflow/.local/lib/python3.12/site-packages/airflow/example_dags/example_sensors.py
[2026-04-01T13:08:25.693+0000] {processor.py:840} INFO - DAG(s) 'example_sensors' retrieved from /home/airflow/.local/lib/python3.12/site-packages/airflow/example_dags/example_sensors.py
[2026-04-01T13:08:25.715+0000] {logging_mixin.py:188} INFO - [2026-04-01T13:08:25.715+0000] {dag.py:3096} INFO - Sync 1 DAGs
[2026-04-01T13:08:25.728+0000] {logging_mixin.py:188} INFO - [2026-04-01T13:08:25.728+0000] {dag.py:3954} INFO - Setting next_dagrun for example_sensors to None, run_after=None
[2026-04-01T13:08:25.748+0000] {processor.py:183} INFO - Processing /home/airflow/.local/lib/python3.12/site-packages/airflow/example_dags/example_sensors.py took 0.071 seconds
[2026-04-01T13:08:56.062+0000] {processor.py:161} INFO - Started process (PID=1227) to work on /home/airflow/.local/lib/python3.12/site-packages/airflow/example_dags/example_sensors.py
[2026-04-01T13:08:56.063+0000] {processor.py:830} INFO - Processing file /home/airflow/.local/lib/python3.12/site-packages/airflow/example_dags/example_sensors.py for tasks to queue
[2026-04-01T13:08:56.065+0000] {logging_mixin.py:188} INFO - [2026-04-01T13:08:56.064+0000] {dagbag.py:545} INFO - Filling up the DagBag from /home/airflow/.local/lib/python3.12/site-packages/airflow/example_dags/example_sensors.py
[2026-04-01T13:08:56.073+0000] {processor.py:840} INFO - DAG(s) 'example_sensors' retrieved from /home/airflow/.local/lib/python3.12/site-packages/airflow/example_dags/example_sensors.py
[2026-04-01T13:08:56.092+0000] {logging_mixin.py:188} INFO - [2026-04-01T13:08:56.092+0000] {dag.py:3096} INFO - Sync 1 DAGs
[2026-04-01T13:08:56.103+0000] {logging_mixin.py:188} INFO - [2026-04-01T13:08:56.103+0000] {dag.py:3954} INFO - Setting next_dagrun for example_sensors to None, run_after=None
[2026-04-01T13:08:56.117+0000] {processor.py:183} INFO - Processing /home/airflow/.local/lib/python3.12/site-packages/airflow/example_dags/example_sensors.py took 0.060 seconds
[2026-04-01T13:09:26.500+0000] {processor.py:161} INFO - Started process (PID=1285) to work on /home/airflow/.local/lib/python3.12/site-packages/airflow/example_dags/example_sensors.py
[2026-04-01T13:09:26.501+0000] {processor.py:830} INFO - Processing file /home/airflow/.local/lib/python3.12/site-packages/airflow/example_dags/example_sensors.py for tasks to queue
[2026-04-01T13:09:26.502+0000] {logging_mixin.py:188} INFO - [2026-04-01T13:09:26.502+0000] {dagbag.py:545} INFO - Filling up the DagBag from /home/airflow/.local/lib/python3.12/site-packages/airflow/example_dags/example_sensors.py
[2026-04-01T13:09:26.511+0000] {processor.py:840} INFO - DAG(s) 'example_sensors' retrieved from /home/airflow/.local/lib/python3.12/site-packages/airflow/example_dags/example_sensors.py
[2026-04-01T13:09:26.530+0000] {logging_mixin.py:188} INFO - [2026-04-01T13:09:26.530+0000] {dag.py:3096} INFO - Sync 1 DAGs
[2026-04-01T13:09:26.540+0000] {logging_mixin.py:188} INFO - [2026-04-01T13:09:26.540+0000] {dag.py:3954} INFO - Setting next_dagrun for example_sensors to None, run_after=None
[2026-04-01T13:09:26.554+0000] {processor.py:183} INFO - Processing /home/airflow/.local/lib/python3.12/site-packages/airflow/example_dags/example_sensors.py took 0.059 seconds
[2026-04-01T13:09:56.871+0000] {processor.py:161} INFO - Started process (PID=1343) to work on /home/airflow/.local/lib/python3.12/site-packages/airflow/example_dags/example_sensors.py
[2026-04-01T13:09:56.872+0000] {processor.py:830} INFO - Processing file /home/airflow/.local/lib/python3.12/site-packages/airflow/example_dags/example_sensors.py for tasks to queue
[2026-04-01T13:09:56.873+0000] {logging_mixin.py:188} INFO - [2026-04-01T13:09:56.873+0000] {dagbag.py:545} INFO - Filling up the DagBag from /home/airflow/.local/lib/python3.12/site-packages/airflow/example_dags/example_sensors.py
[2026-04-01T13:09:56.881+0000] {processor.py:840} INFO - DAG(s) 'example_sensors' retrieved from /home/airflow/.local/lib/python3.12/site-packages/airflow/example_dags/example_sensors.py
[2026-04-01T13:09:56.901+0000] {logging_mixin.py:188} INFO - [2026-04-01T13:09:56.901+0000] {dag.py:3096} INFO - Sync 1 DAGs
[2026-04-01T13:09:56.913+0000] {logging_mixin.py:188} INFO - [2026-04-01T13:09:56.913+0000] {dag.py:3954} INFO - Setting next_dagrun for example_sensors to None, run_after=None
[2026-04-01T13:09:56.929+0000] {processor.py:183} INFO - Processing /home/airflow/.local/lib/python3.12/site-packages/airflow/example_dags/example_sensors.py took 0.064 seconds
[2026-04-01T13:10:27.041+0000] {processor.py:161} INFO - Started process (PID=1401) to work on /home/airflow/.local/lib/python3.12/site-packages/airflow/example_dags/example_sensors.py
[2026-04-01T13:10:27.042+0000] {processor.py:830} INFO - Processing file /home/airflow/.local/lib/python3.12/site-packages/airflow/example_dags/example_sensors.py for tasks to queue
[2026-04-01T13:10:27.044+0000] {logging_mixin.py:188} INFO - [2026-04-01T13:10:27.043+0000] {dagbag.py:545} INFO - Filling up the DagBag from /home/airflow/.local/lib/python3.12/site-packages/airflow/example_dags/example_sensors.py
[2026-04-01T13:10:27.051+0000] {processor.py:840} INFO - DAG(s) 'example_sensors' retrieved from /home/airflow/.local/lib/python3.12/site-packages/airflow/example_dags/example_sensors.py
[2026-04-01T13:10:27.069+0000] {logging_mixin.py:188} INFO - [2026-04-01T13:10:27.069+0000] {dag.py:3096} INFO - Sync 1 DAGs
[2026-04-01T13:10:27.080+0000] {logging_mixin.py:188} INFO - [2026-04-01T13:10:27.080+0000] {dag.py:3954} INFO - Setting next_dagrun for example_sensors to None, run_after=None
[2026-04-01T13:10:27.098+0000] {processor.py:183} INFO - Processing /home/airflow/.local/lib/python3.12/site-packages/airflow/example_dags/example_sensors.py took 0.061 seconds
[2026-04-01T13:10:57.656+0000] {processor.py:161} INFO - Started process (PID=1459) to work on /home/airflow/.local/lib/python3.12/site-packages/airflow/example_dags/example_sensors.py
[2026-04-01T13:10:57.656+0000] {processor.py:830} INFO - Processing file /home/airflow/.local/lib/python3.12/site-packages/airflow/example_dags/example_sensors.py for tasks to queue
[2026-04-01T13:10:57.658+0000] {logging_mixin.py:188} INFO - [2026-04-01T13:10:57.657+0000] {dagbag.py:545} INFO - Filling up the DagBag from /home/airflow/.local/lib/python3.12/site-packages/airflow/example_dags/example_sensors.py
[2026-04-01T13:10:57.664+0000] {processor.py:840} INFO - DAG(s) 'example_sensors' retrieved from /home/airflow/.local/lib/python3.12/site-packages/airflow/example_dags/example_sensors.py
[2026-04-01T13:10:57.685+0000] {logging_mixin.py:188} INFO - [2026-04-01T13:10:57.685+0000] {dag.py:3096} INFO - Sync 1 DAGs
[2026-04-01T13:10:57.696+0000] {logging_mixin.py:188} INFO - [2026-04-01T13:10:57.695+0000] {dag.py:3954} INFO - Setting next_dagrun for example_sensors to None, run_after=None
[2026-04-01T13:10:57.712+0000] {processor.py:183} INFO - Processing /home/airflow/.local/lib/python3.12/site-packages/airflow/example_dags/example_sensors.py took 0.061 seconds
[2026-04-01T13:11:27.927+0000] {processor.py:161} INFO - Started process (PID=1517) to work on /home/airflow/.local/lib/python3.12/site-packages/airflow/example_dags/example_sensors.py
[2026-04-01T13:11:27.927+0000] {processor.py:830} INFO - Processing file /home/airflow/.local/lib/python3.12/site-packages/airflow/example_dags/example_sensors.py for tasks to queue
[2026-04-01T13:11:27.929+0000] {logging_mixin.py:188} INFO - [2026-04-01T13:11:27.929+0000] {dagbag.py:545} INFO - Filling up the DagBag from /home/airflow/.local/lib/python3.12/site-packages/airflow/example_dags/example_sensors.py
[2026-04-01T13:11:27.935+0000] {processor.py:840} INFO - DAG(s) 'example_sensors' retrieved from /home/airflow/.local/lib/python3.12/site-packages/airflow/example_dags/example_sensors.py
[2026-04-01T13:11:27.954+0000] {logging_mixin.py:188} INFO - [2026-04-01T13:11:27.954+0000] {dag.py:3096} INFO - Sync 1 DAGs
[2026-04-01T13:11:27.963+0000] {logging_mixin.py:188} INFO - [2026-04-01T13:11:27.963+0000] {dag.py:3954} INFO - Setting next_dagrun for example_sensors to None, run_after=None
[2026-04-01T13:11:27.978+0000] {processor.py:183} INFO - Processing /home/airflow/.local/lib/python3.12/site-packages/airflow/example_dags/example_sensors.py took 0.056 seconds
[2026-04-01T13:11:58.287+0000] {processor.py:161} INFO - Started process (PID=1575) to work on /home/airflow/.local/lib/python3.12/site-packages/airflow/example_dags/example_sensors.py
[2026-04-01T13:11:58.288+0000] {processor.py:830} INFO - Processing file /home/airflow/.local/lib/python3.12/site-packages/airflow/example_dags/example_sensors.py for tasks to queue
[2026-04-01T13:11:58.290+0000] {logging_mixin.py:188} INFO - [2026-04-01T13:11:58.290+0000] {dagbag.py:545} INFO - Filling up the DagBag from /home/airflow/.local/lib/python3.12/site-packages/airflow/example_dags/example_sensors.py
[2026-04-01T13:11:58.296+0000] {processor.py:840} INFO - DAG(s) 'example_sensors' retrieved from /home/airflow/.local/lib/python3.12/site-packages/airflow/example_dags/example_sensors.py
[2026-04-01T13:11:58.313+0000] {logging_mixin.py:188} INFO - [2026-04-01T13:11:58.313+0000] {dag.py:3096} INFO - Sync 1 DAGs
[2026-04-01T13:11:58.322+0000] {logging_mixin.py:188} INFO - [2026-04-01T13:11:58.322+0000] {dag.py:3954} INFO - Setting next_dagrun for example_sensors to None, run_after=None
[2026-04-01T13:11:58.336+0000] {processor.py:183} INFO - Processing /home/airflow/.local/lib/python3.12/site-packages/airflow/example_dags/example_sensors.py took 0.055 seconds
[2026-04-01T13:12:28.811+0000] {processor.py:161} INFO - Started process (PID=1633) to work on /home/airflow/.local/lib/python3.12/site-packages/airflow/example_dags/example_sensors.py
[2026-04-01T13:12:28.812+0000] {processor.py:830} INFO - Processing file /home/airflow/.local/lib/python3.12/site-packages/airflow/example_dags/example_sensors.py for tasks to queue
[2026-04-01T13:12:28.814+0000] {logging_mixin.py:188} INFO - [2026-04-01T13:12:28.813+0000] {dagbag.py:545} INFO - Filling up the DagBag from /home/airflow/.local/lib/python3.12/site-packages/airflow/example_dags/example_sensors.py
[2026-04-01T13:12:28.820+0000] {processor.py:840} INFO - DAG(s) 'example_sensors' retrieved from /home/airflow/.local/lib/python3.12/site-packages/airflow/example_dags/example_sensors.py
[2026-04-01T13:12:28.841+0000] {logging_mixin.py:188} INFO - [2026-04-01T13:12:28.841+0000] {dag.py:3096} INFO - Sync 1 DAGs
[2026-04-01T13:12:28.852+0000] {logging_mixin.py:188} INFO - [2026-04-01T13:12:28.852+0000] {dag.py:3954} INFO - Setting next_dagrun for example_sensors to None, run_after=None
[2026-04-01T13:12:28.867+0000] {processor.py:183} INFO - Processing /home/airflow/.local/lib/python3.12/site-packages/airflow/example_dags/example_sensors.py took 0.060 seconds
[2026-04-01T13:12:59.064+0000] {processor.py:161} INFO - Started process (PID=1691) to work on /home/airflow/.local/lib/python3.12/site-packages/airflow/example_dags/example_sensors.py
[2026-04-01T13:12:59.065+0000] {processor.py:830} INFO - Processing file /home/airflow/.local/lib/python3.12/site-packages/airflow/example_dags/example_sensors.py for tasks to queue
[2026-04-01T13:12:59.067+0000] {logging_mixin.py:188} INFO - [2026-04-01T13:12:59.066+0000] {dagbag.py:545} INFO - Filling up the DagBag from /home/airflow/.local/lib/python3.12/site-packages/airflow/example_dags/example_sensors.py
[2026-04-01T13:12:59.073+0000] {processor.py:840} INFO - DAG(s) 'example_sensors' retrieved from /home/airflow/.local/lib/python3.12/site-packages/airflow/example_dags/example_sensors.py
[2026-04-01T13:12:59.092+0000] {logging_mixin.py:188} INFO - [2026-04-01T13:12:59.091+0000] {dag.py:3096} INFO - Sync 1 DAGs
[2026-04-01T13:12:59.104+0000] {logging_mixin.py:188} INFO - [2026-04-01T13:12:59.103+0000] {dag.py:3954} INFO - Setting next_dagrun for example_sensors to None, run_after=None
[2026-04-01T13:12:59.120+0000] {processor.py:183} INFO - Processing /home/airflow/.local/lib/python3.12/site-packages/airflow/example_dags/example_sensors.py took 0.061 seconds
[2026-04-01T13:13:29.280+0000] {processor.py:161} INFO - Started process (PID=1749) to work on /home/airflow/.local/lib/python3.12/site-packages/airflow/example_dags/example_sensors.py
[2026-04-01T13:13:29.281+0000] {processor.py:830} INFO - Processing file /home/airflow/.local/lib/python3.12/site-packages/airflow/example_dags/example_sensors.py for tasks to queue
[2026-04-01T13:13:29.283+0000] {logging_mixin.py:188} INFO - [2026-04-01T13:13:29.282+0000] {dagbag.py:545} INFO - Filling up the DagBag from /home/airflow/.local/lib/python3.12/site-packages/airflow/example_dags/example_sensors.py
[2026-04-01T13:13:29.290+0000] {processor.py:840} INFO - DAG(s) 'example_sensors' retrieved from /home/airflow/.local/lib/python3.12/site-packages/airflow/example_dags/example_sensors.py
[2026-04-01T13:13:29.309+0000] {logging_mixin.py:188} INFO - [2026-04-01T13:13:29.309+0000] {dag.py:3096} INFO - Sync 1 DAGs
[2026-04-01T13:13:29.318+0000] {logging_mixin.py:188} INFO - [2026-04-01T13:13:29.318+0000] {dag.py:3954} INFO - Setting next_dagrun for example_sensors to None, run_after=None
[2026-04-01T13:13:29.334+0000] {processor.py:183} INFO - Processing /home/airflow/.local/lib/python3.12/site-packages/airflow/example_dags/example_sensors.py took 0.058 seconds
[2026-04-01T13:13:59.912+0000] {processor.py:161} INFO - Started process (PID=1807) to work on /home/airflow/.local/lib/python3.12/site-packages/airflow/example_dags/example_sensors.py
[2026-04-01T13:13:59.912+0000] {processor.py:830} INFO - Processing file /home/airflow/.local/lib/python3.12/site-packages/airflow/example_dags/example_sensors.py for tasks to queue
[2026-04-01T13:13:59.914+0000] {logging_mixin.py:188} INFO - [2026-04-01T13:13:59.914+0000] {dagbag.py:545} INFO - Filling up the DagBag from /home/airflow/.local/lib/python3.12/site-packages/airflow/example_dags/example_sensors.py
[2026-04-01T13:13:59.921+0000] {processor.py:840} INFO - DAG(s) 'example_sensors' retrieved from /home/airflow/.local/lib/python3.12/site-packages/airflow/example_dags/example_sensors.py
[2026-04-01T13:13:59.942+0000] {logging_mixin.py:188} INFO - [2026-04-01T13:13:59.941+0000] {dag.py:3096} INFO - Sync 1 DAGs
[2026-04-01T13:13:59.951+0000] {logging_mixin.py:188} INFO - [2026-04-01T13:13:59.951+0000] {dag.py:3954} INFO - Setting next_dagrun for example_sensors to None, run_after=None
[2026-04-01T13:13:59.966+0000] {processor.py:183} INFO - Processing /home/airflow/.local/lib/python3.12/site-packages/airflow/example_dags/example_sensors.py took 0.060 seconds
[2026-04-01T13:14:30.334+0000] {processor.py:161} INFO - Started process (PID=1865) to work on /home/airflow/.local/lib/python3.12/site-packages/airflow/example_dags/example_sensors.py
[2026-04-01T13:14:30.335+0000] {processor.py:830} INFO - Processing file /home/airflow/.local/lib/python3.12/site-packages/airflow/example_dags/example_sensors.py for tasks to queue
[2026-04-01T13:14:30.336+0000] {logging_mixin.py:188} INFO - [2026-04-01T13:14:30.336+0000] {dagbag.py:545} INFO - Filling up the DagBag from /home/airflow/.local/lib/python3.12/site-packages/airflow/example_dags/example_sensors.py
[2026-04-01T13:14:30.343+0000] {processor.py:840} INFO - DAG(s) 'example_sensors' retrieved from /home/airflow/.local/lib/python3.12/site-packages/airflow/example_dags/example_sensors.py
[2026-04-01T13:14:30.362+0000] {logging_mixin.py:188} INFO - [2026-04-01T13:14:30.361+0000] {dag.py:3096} INFO - Sync 1 DAGs
[2026-04-01T13:14:30.372+0000] {logging_mixin.py:188} INFO - [2026-04-01T13:14:30.372+0000] {dag.py:3954} INFO - Setting next_dagrun for example_sensors to None, run_after=None
[2026-04-01T13:14:30.388+0000] {processor.py:183} INFO - Processing /home/airflow/.local/lib/python3.12/site-packages/airflow/example_dags/example_sensors.py took 0.059 seconds
[2026-04-01T13:15:00.742+0000] {processor.py:161} INFO - Started process (PID=1923) to work on /home/airflow/.local/lib/python3.12/site-packages/airflow/example_dags/example_sensors.py
[2026-04-01T13:15:00.743+0000] {processor.py:830} INFO - Processing file /home/airflow/.local/lib/python3.12/site-packages/airflow/example_dags/example_sensors.py for tasks to queue
[2026-04-01T13:15:00.745+0000] {logging_mixin.py:188} INFO - [2026-04-01T13:15:00.744+0000] {dagbag.py:545} INFO - Filling up the DagBag from /home/airflow/.local/lib/python3.12/site-packages/airflow/example_dags/example_sensors.py
[2026-04-01T13:15:00.752+0000] {processor.py:840} INFO - DAG(s) 'example_sensors' retrieved from /home/airflow/.local/lib/python3.12/site-packages/airflow/example_dags/example_sensors.py
[2026-04-01T13:15:00.773+0000] {logging_mixin.py:188} INFO - [2026-04-01T13:15:00.773+0000] {dag.py:3096} INFO - Sync 1 DAGs
[2026-04-01T13:15:00.782+0000] {logging_mixin.py:188} INFO - [2026-04-01T13:15:00.782+0000] {dag.py:3954} INFO - Setting next_dagrun for example_sensors to None, run_after=None
[2026-04-01T13:15:00.799+0000] {processor.py:183} INFO - Processing /home/airflow/.local/lib/python3.12/site-packages/airflow/example_dags/example_sensors.py took 0.064 seconds
[2026-04-01T13:15:30.962+0000] {processor.py:161} INFO - Started process (PID=1981) to work on /home/airflow/.local/lib/python3.12/site-packages/airflow/example_dags/example_sensors.py
[2026-04-01T13:15:30.962+0000] {processor.py:830} INFO - Processing file /home/airflow/.local/lib/python3.12/site-packages/airflow/example_dags/example_sensors.py for tasks to queue
[2026-04-01T13:15:30.964+0000] {logging_mixin.py:188} INFO - [2026-04-01T13:15:30.963+0000] {dagbag.py:545} INFO - Filling up the DagBag from /home/airflow/.local/lib/python3.12/site-packages/airflow/example_dags/example_sensors.py
[2026-04-01T13:15:30.970+0000] {processor.py:840} INFO - DAG(s) 'example_sensors' retrieved from /home/airflow/.local/lib/python3.12/site-packages/airflow/example_dags/example_sensors.py
[2026-04-01T13:15:30.988+0000] {logging_mixin.py:188} INFO - [2026-04-01T13:15:30.988+0000] {dag.py:3096} INFO - Sync 1 DAGs
[2026-04-01T13:15:30.996+0000] {logging_mixin.py:188} INFO - [2026-04-01T13:15:30.996+0000] {dag.py:3954} INFO - Setting next_dagrun for example_sensors to None, run_after=None
[2026-04-01T13:15:31.014+0000] {processor.py:183} INFO - Processing /home/airflow/.local/lib/python3.12/site-packages/airflow/example_dags/example_sensors.py took 0.056 seconds
[2026-04-01T13:16:01.552+0000] {processor.py:161} INFO - Started process (PID=2039) to work on /home/airflow/.local/lib/python3.12/site-packages/airflow/example_dags/example_sensors.py
[2026-04-01T13:16:01.555+0000] {processor.py:830} INFO - Processing file /home/airflow/.local/lib/python3.12/site-packages/airflow/example_dags/example_sensors.py for tasks to queue
[2026-04-01T13:16:01.557+0000] {logging_mixin.py:188} INFO - [2026-04-01T13:16:01.557+0000] {dagbag.py:545} INFO - Filling up the DagBag from /home/airflow/.local/lib/python3.12/site-packages/airflow/example_dags/example_sensors.py
[2026-04-01T13:16:01.564+0000] {processor.py:840} INFO - DAG(s) 'example_sensors' retrieved from /home/airflow/.local/lib/python3.12/site-packages/airflow/example_dags/example_sensors.py
[2026-04-01T13:16:01.583+0000] {logging_mixin.py:188} INFO - [2026-04-01T13:16:01.582+0000] {dag.py:3096} INFO - Sync 1 DAGs
[2026-04-01T13:16:01.592+0000] {logging_mixin.py:188} INFO - [2026-04-01T13:16:01.592+0000] {dag.py:3954} INFO - Setting next_dagrun for example_sensors to None, run_after=None
[2026-04-01T13:16:01.608+0000] {processor.py:183} INFO - Processing /home/airflow/.local/lib/python3.12/site-packages/airflow/example_dags/example_sensors.py took 0.061 seconds
[2026-04-01T13:16:32.449+0000] {processor.py:161} INFO - Started process (PID=2097) to work on /home/airflow/.local/lib/python3.12/site-packages/airflow/example_dags/example_sensors.py
[2026-04-01T13:16:32.449+0000] {processor.py:830} INFO - Processing file /home/airflow/.local/lib/python3.12/site-packages/airflow/example_dags/example_sensors.py for tasks to queue
[2026-04-01T13:16:32.451+0000] {logging_mixin.py:188} INFO - [2026-04-01T13:16:32.451+0000] {dagbag.py:545} INFO - Filling up the DagBag from /home/airflow/.local/lib/python3.12/site-packages/airflow/example_dags/example_sensors.py
[2026-04-01T13:16:32.458+0000] {processor.py:840} INFO - DAG(s) 'example_sensors' retrieved from /home/airflow/.local/lib/python3.12/site-packages/airflow/example_dags/example_sensors.py
[2026-04-01T13:16:32.589+0000] {logging_mixin.py:188} INFO - [2026-04-01T13:16:32.589+0000] {dag.py:3096} INFO - Sync 1 DAGs
[2026-04-01T13:16:32.597+0000] {logging_mixin.py:188} INFO - [2026-04-01T13:16:32.596+0000] {dag.py:3954} INFO - Setting next_dagrun for example_sensors to None, run_after=None
[2026-04-01T13:16:32.612+0000] {processor.py:183} INFO - Processing /home/airflow/.local/lib/python3.12/site-packages/airflow/example_dags/example_sensors.py took 0.167 seconds
[2026-04-01T13:17:03.453+0000] {processor.py:161} INFO - Started process (PID=2155) to work on /home/airflow/.local/lib/python3.12/site-packages/airflow/example_dags/example_sensors.py
[2026-04-01T13:17:03.454+0000] {processor.py:830} INFO - Processing file /home/airflow/.local/lib/python3.12/site-packages/airflow/example_dags/example_sensors.py for tasks to queue
[2026-04-01T13:17:03.456+0000] {logging_mixin.py:188} INFO - [2026-04-01T13:17:03.455+0000] {dagbag.py:545} INFO - Filling up the DagBag from /home/airflow/.local/lib/python3.12/site-packages/airflow/example_dags/example_sensors.py
[2026-04-01T13:17:03.462+0000] {processor.py:840} INFO - DAG(s) 'example_sensors' retrieved from /home/airflow/.local/lib/python3.12/site-packages/airflow/example_dags/example_sensors.py
[2026-04-01T13:17:03.482+0000] {logging_mixin.py:188} INFO - [2026-04-01T13:17:03.482+0000] {dag.py:3096} INFO - Sync 1 DAGs
[2026-04-01T13:17:03.491+0000] {logging_mixin.py:188} INFO - [2026-04-01T13:17:03.491+0000] {dag.py:3954} INFO - Setting next_dagrun for example_sensors to None, run_after=None
[2026-04-01T13:17:03.508+0000] {processor.py:183} INFO - Processing /home/airflow/.local/lib/python3.12/site-packages/airflow/example_dags/example_sensors.py took 0.059 seconds
[2026-04-01T13:17:33.755+0000] {processor.py:161} INFO - Started process (PID=2213) to work on /home/airflow/.local/lib/python3.12/site-packages/airflow/example_dags/example_sensors.py
[2026-04-01T13:17:33.756+0000] {processor.py:830} INFO - Processing file /home/airflow/.local/lib/python3.12/site-packages/airflow/example_dags/example_sensors.py for tasks to queue
[2026-04-01T13:17:33.757+0000] {logging_mixin.py:188} INFO - [2026-04-01T13:17:33.757+0000] {dagbag.py:545} INFO - Filling up the DagBag from /home/airflow/.local/lib/python3.12/site-packages/airflow/example_dags/example_sensors.py
[2026-04-01T13:17:33.764+0000] {processor.py:840} INFO - DAG(s) 'example_sensors' retrieved from /home/airflow/.local/lib/python3.12/site-packages/airflow/example_dags/example_sensors.py
[2026-04-01T13:17:33.782+0000] {logging_mixin.py:188} INFO - [2026-04-01T13:17:33.782+0000] {dag.py:3096} INFO - Sync 1 DAGs
[2026-04-01T13:17:33.792+0000] {logging_mixin.py:188} INFO - [2026-04-01T13:17:33.791+0000] {dag.py:3954} INFO - Setting next_dagrun for example_sensors to None, run_after=None
[2026-04-01T13:17:33.808+0000] {processor.py:183} INFO - Processing /home/airflow/.local/lib/python3.12/site-packages/airflow/example_dags/example_sensors.py took 0.058 seconds
[2026-04-01T13:18:04.026+0000] {processor.py:161} INFO - Started process (PID=2271) to work on /home/airflow/.local/lib/python3.12/site-packages/airflow/example_dags/example_sensors.py
[2026-04-01T13:18:04.027+0000] {processor.py:830} INFO - Processing file /home/airflow/.local/lib/python3.12/site-packages/airflow/example_dags/example_sensors.py for tasks to queue
[2026-04-01T13:18:04.028+0000] {logging_mixin.py:188} INFO - [2026-04-01T13:18:04.028+0000] {dagbag.py:545} INFO - Filling up the DagBag from /home/airflow/.local/lib/python3.12/site-packages/airflow/example_dags/example_sensors.py
[2026-04-01T13:18:04.037+0000] {processor.py:840} INFO - DAG(s) 'example_sensors' retrieved from /home/airflow/.local/lib/python3.12/site-packages/airflow/example_dags/example_sensors.py
[2026-04-01T13:18:04.056+0000] {logging_mixin.py:188} INFO - [2026-04-01T13:18:04.056+0000] {dag.py:3096} INFO - Sync 1 DAGs
[2026-04-01T13:18:04.066+0000] {logging_mixin.py:188} INFO - [2026-04-01T13:18:04.066+0000] {dag.py:3954} INFO - Setting next_dagrun for example_sensors to None, run_after=None
[2026-04-01T13:18:04.082+0000] {processor.py:183} INFO - Processing /home/airflow/.local/lib/python3.12/site-packages/airflow/example_dags/example_sensors.py took 0.061 seconds
[2026-04-01T13:18:34.433+0000] {processor.py:161} INFO - Started process (PID=2329) to work on /home/airflow/.local/lib/python3.12/site-packages/airflow/example_dags/example_sensors.py
[2026-04-01T13:18:34.434+0000] {processor.py:830} INFO - Processing file /home/airflow/.local/lib/python3.12/site-packages/airflow/example_dags/example_sensors.py for tasks to queue
[2026-04-01T13:18:34.436+0000] {logging_mixin.py:188} INFO - [2026-04-01T13:18:34.435+0000] {dagbag.py:545} INFO - Filling up the DagBag from /home/airflow/.local/lib/python3.12/site-packages/airflow/example_dags/example_sensors.py
[2026-04-01T13:18:34.442+0000] {processor.py:840} INFO - DAG(s) 'example_sensors' retrieved from /home/airflow/.local/lib/python3.12/site-packages/airflow/example_dags/example_sensors.py
[2026-04-01T13:18:34.460+0000] {logging_mixin.py:188} INFO - [2026-04-01T13:18:34.460+0000] {dag.py:3096} INFO - Sync 1 DAGs
[2026-04-01T13:18:34.471+0000] {logging_mixin.py:188} INFO - [2026-04-01T13:18:34.471+0000] {dag.py:3954} INFO - Setting next_dagrun for example_sensors to None, run_after=None
[2026-04-01T13:18:34.488+0000] {processor.py:183} INFO - Processing /home/airflow/.local/lib/python3.12/site-packages/airflow/example_dags/example_sensors.py took 0.059 seconds
[2026-04-01T13:19:05.019+0000] {processor.py:161} INFO - Started process (PID=2387) to work on /home/airflow/.local/lib/python3.12/site-packages/airflow/example_dags/example_sensors.py
[2026-04-01T13:19:05.020+0000] {processor.py:830} INFO - Processing file /home/airflow/.local/lib/python3.12/site-packages/airflow/example_dags/example_sensors.py for tasks to queue
[2026-04-01T13:19:05.021+0000] {logging_mixin.py:188} INFO - [2026-04-01T13:19:05.021+0000] {dagbag.py:545} INFO - Filling up the DagBag from /home/airflow/.local/lib/python3.12/site-packages/airflow/example_dags/example_sensors.py
[2026-04-01T13:19:05.028+0000] {processor.py:840} INFO - DAG(s) 'example_sensors' retrieved from /home/airflow/.local/lib/python3.12/site-packages/airflow/example_dags/example_sensors.py
[2026-04-01T13:19:05.049+0000] {logging_mixin.py:188} INFO - [2026-04-01T13:19:05.049+0000] {dag.py:3096} INFO - Sync 1 DAGs
[2026-04-01T13:19:05.060+0000] {logging_mixin.py:188} INFO - [2026-04-01T13:19:05.059+0000] {dag.py:3954} INFO - Setting next_dagrun for example_sensors to None, run_after=None
[2026-04-01T13:19:05.079+0000] {processor.py:183} INFO - Processing /home/airflow/.local/lib/python3.12/site-packages/airflow/example_dags/example_sensors.py took 0.065 seconds
[2026-04-01T13:19:35.350+0000] {processor.py:161} INFO - Started process (PID=2445) to work on /home/airflow/.local/lib/python3.12/site-packages/airflow/example_dags/example_sensors.py
[2026-04-01T13:19:35.351+0000] {processor.py:830} INFO - Processing file /home/airflow/.local/lib/python3.12/site-packages/airflow/example_dags/example_sensors.py for tasks to queue
[2026-04-01T13:19:35.353+0000] {logging_mixin.py:188} INFO - [2026-04-01T13:19:35.353+0000] {dagbag.py:545} INFO - Filling up the DagBag from /home/airflow/.local/lib/python3.12/site-packages/airflow/example_dags/example_sensors.py
[2026-04-01T13:19:35.360+0000] {processor.py:840} INFO - DAG(s) 'example_sensors' retrieved from /home/airflow/.local/lib/python3.12/site-packages/airflow/example_dags/example_sensors.py
[2026-04-01T13:19:35.379+0000] {logging_mixin.py:188} INFO - [2026-04-01T13:19:35.378+0000] {dag.py:3096} INFO - Sync 1 DAGs
[2026-04-01T13:19:35.387+0000] {logging_mixin.py:188} INFO - [2026-04-01T13:19:35.387+0000] {dag.py:3954} INFO - Setting next_dagrun for example_sensors to None, run_after=None
[2026-04-01T13:19:35.405+0000] {processor.py:183} INFO - Processing /home/airflow/.local/lib/python3.12/site-packages/airflow/example_dags/example_sensors.py took 0.060 seconds
[2026-04-01T13:20:05.810+0000] {processor.py:161} INFO - Started process (PID=2503) to work on /home/airflow/.local/lib/python3.12/site-packages/airflow/example_dags/example_sensors.py
[2026-04-01T13:20:05.810+0000] {processor.py:830} INFO - Processing file /home/airflow/.local/lib/python3.12/site-packages/airflow/example_dags/example_sensors.py for tasks to queue
[2026-04-01T13:20:05.812+0000] {logging_mixin.py:188} INFO - [2026-04-01T13:20:05.812+0000] {dagbag.py:545} INFO - Filling up the DagBag from /home/airflow/.local/lib/python3.12/site-packages/airflow/example_dags/example_sensors.py
[2026-04-01T13:20:05.819+0000] {processor.py:840} INFO - DAG(s) 'example_sensors' retrieved from /home/airflow/.local/lib/python3.12/site-packages/airflow/example_dags/example_sensors.py
[2026-04-01T13:20:05.838+0000] {logging_mixin.py:188} INFO - [2026-04-01T13:20:05.838+0000] {dag.py:3096} INFO - Sync 1 DAGs
[2026-04-01T13:20:05.848+0000] {logging_mixin.py:188} INFO - [2026-04-01T13:20:05.848+0000] {dag.py:3954} INFO - Setting next_dagrun for example_sensors to None, run_after=None
[2026-04-01T13:20:05.865+0000] {processor.py:183} INFO - Processing /home/airflow/.local/lib/python3.12/site-packages/airflow/example_dags/example_sensors.py took 0.060 seconds
[2026-04-01T13:20:36.294+0000] {processor.py:161} INFO - Started process (PID=2561) to work on /home/airflow/.local/lib/python3.12/site-packages/airflow/example_dags/example_sensors.py
[2026-04-01T13:20:36.295+0000] {processor.py:830} INFO - Processing file /home/airflow/.local/lib/python3.12/site-packages/airflow/example_dags/example_sensors.py for tasks to queue
[2026-04-01T13:20:36.297+0000] {logging_mixin.py:188} INFO - [2026-04-01T13:20:36.296+0000] {dagbag.py:545} INFO - Filling up the DagBag from /home/airflow/.local/lib/python3.12/site-packages/airflow/example_dags/example_sensors.py
[2026-04-01T13:20:36.303+0000] {processor.py:840} INFO - DAG(s) 'example_sensors' retrieved from /home/airflow/.local/lib/python3.12/site-packages/airflow/example_dags/example_sensors.py
[2026-04-01T13:20:36.327+0000] {logging_mixin.py:188} INFO - [2026-04-01T13:20:36.327+0000] {dag.py:3096} INFO - Sync 1 DAGs
[2026-04-01T13:20:36.337+0000] {logging_mixin.py:188} INFO - [2026-04-01T13:20:36.337+0000] {dag.py:3954} INFO - Setting next_dagrun for example_sensors to None, run_after=None
[2026-04-01T13:20:36.354+0000] {processor.py:183} INFO - Processing /home/airflow/.local/lib/python3.12/site-packages/airflow/example_dags/example_sensors.py took 0.065 seconds
[2026-04-01T13:21:06.714+0000] {processor.py:161} INFO - Started process (PID=2619) to work on /home/airflow/.local/lib/python3.12/site-packages/airflow/example_dags/example_sensors.py
[2026-04-01T13:21:06.714+0000] {processor.py:830} INFO - Processing file /home/airflow/.local/lib/python3.12/site-packages/airflow/example_dags/example_sensors.py for tasks to queue
[2026-04-01T13:21:06.716+0000] {logging_mixin.py:188} INFO - [2026-04-01T13:21:06.716+0000] {dagbag.py:545} INFO - Filling up the DagBag from /home/airflow/.local/lib/python3.12/site-packages/airflow/example_dags/example_sensors.py
[2026-04-01T13:21:06.725+0000] {processor.py:840} INFO - DAG(s) 'example_sensors' retrieved from /home/airflow/.local/lib/python3.12/site-packages/airflow/example_dags/example_sensors.py
[2026-04-01T13:21:06.747+0000] {logging_mixin.py:188} INFO - [2026-04-01T13:21:06.747+0000] {dag.py:3096} INFO - Sync 1 DAGs
[2026-04-01T13:21:06.759+0000] {logging_mixin.py:188} INFO - [2026-04-01T13:21:06.759+0000] {dag.py:3954} INFO - Setting next_dagrun for example_sensors to None, run_after=None
[2026-04-01T13:21:06.778+0000] {processor.py:183} INFO - Processing /home/airflow/.local/lib/python3.12/site-packages/airflow/example_dags/example_sensors.py took 0.070 seconds
[2026-04-01T13:21:37.258+0000] {processor.py:161} INFO - Started process (PID=2677) to work on /home/airflow/.local/lib/python3.12/site-packages/airflow/example_dags/example_sensors.py
[2026-04-01T13:21:37.259+0000] {processor.py:830} INFO - Processing file /home/airflow/.local/lib/python3.12/site-packages/airflow/example_dags/example_sensors.py for tasks to queue
[2026-04-01T13:21:37.260+0000] {logging_mixin.py:188} INFO - [2026-04-01T13:21:37.260+0000] {dagbag.py:545} INFO - Filling up the DagBag from /home/airflow/.local/lib/python3.12/site-packages/airflow/example_dags/example_sensors.py
[2026-04-01T13:21:37.267+0000] {processor.py:840} INFO - DAG(s) 'example_sensors' retrieved from /home/airflow/.local/lib/python3.12/site-packages/airflow/example_dags/example_sensors.py
[2026-04-01T13:21:37.288+0000] {logging_mixin.py:188} INFO - [2026-04-01T13:21:37.288+0000] {dag.py:3096} INFO - Sync 1 DAGs
[2026-04-01T13:21:37.298+0000] {logging_mixin.py:188} INFO - [2026-04-01T13:21:37.298+0000] {dag.py:3954} INFO - Setting next_dagrun for example_sensors to None, run_after=None
[2026-04-01T13:21:37.317+0000] {processor.py:183} INFO - Processing /home/airflow/.local/lib/python3.12/site-packages/airflow/example_dags/example_sensors.py took 0.063 seconds
[2026-04-01T13:22:07.814+0000] {processor.py:161} INFO - Started process (PID=2735) to work on /home/airflow/.local/lib/python3.12/site-packages/airflow/example_dags/example_sensors.py
[2026-04-01T13:22:07.815+0000] {processor.py:830} INFO - Processing file /home/airflow/.local/lib/python3.12/site-packages/airflow/example_dags/example_sensors.py for tasks to queue
[2026-04-01T13:22:07.817+0000] {logging_mixin.py:188} INFO - [2026-04-01T13:22:07.816+0000] {dagbag.py:545} INFO - Filling up the DagBag from /home/airflow/.local/lib/python3.12/site-packages/airflow/example_dags/example_sensors.py
[2026-04-01T13:22:07.823+0000] {processor.py:840} INFO - DAG(s) 'example_sensors' retrieved from /home/airflow/.local/lib/python3.12/site-packages/airflow/example_dags/example_sensors.py
[2026-04-01T13:22:07.844+0000] {logging_mixin.py:188} INFO - [2026-04-01T13:22:07.843+0000] {dag.py:3096} INFO - Sync 1 DAGs
[2026-04-01T13:22:07.854+0000] {logging_mixin.py:188} INFO - [2026-04-01T13:22:07.854+0000] {dag.py:3954} INFO - Setting next_dagrun for example_sensors to None, run_after=None
[2026-04-01T13:22:07.872+0000] {processor.py:183} INFO - Processing /home/airflow/.local/lib/python3.12/site-packages/airflow/example_dags/example_sensors.py took 0.063 seconds
[2026-04-01T13:22:38.256+0000] {processor.py:161} INFO - Started process (PID=2793) to work on /home/airflow/.local/lib/python3.12/site-packages/airflow/example_dags/example_sensors.py
[2026-04-01T13:22:38.257+0000] {processor.py:830} INFO - Processing file /home/airflow/.local/lib/python3.12/site-packages/airflow/example_dags/example_sensors.py for tasks to queue
[2026-04-01T13:22:38.258+0000] {logging_mixin.py:188} INFO - [2026-04-01T13:22:38.258+0000] {dagbag.py:545} INFO - Filling up the DagBag from /home/airflow/.local/lib/python3.12/site-packages/airflow/example_dags/example_sensors.py
[2026-04-01T13:22:38.266+0000] {processor.py:840} INFO - DAG(s) 'example_sensors' retrieved from /home/airflow/.local/lib/python3.12/site-packages/airflow/example_dags/example_sensors.py
[2026-04-01T13:22:38.287+0000] {logging_mixin.py:188} INFO - [2026-04-01T13:22:38.287+0000] {dag.py:3096} INFO - Sync 1 DAGs
[2026-04-01T13:22:38.297+0000] {logging_mixin.py:188} INFO - [2026-04-01T13:22:38.296+0000] {dag.py:3954} INFO - Setting next_dagrun for example_sensors to None, run_after=None
[2026-04-01T13:22:38.313+0000] {processor.py:183} INFO - Processing /home/airflow/.local/lib/python3.12/site-packages/airflow/example_dags/example_sensors.py took 0.062 seconds
[2026-04-01T13:23:08.772+0000] {processor.py:161} INFO - Started process (PID=2851) to work on /home/airflow/.local/lib/python3.12/site-packages/airflow/example_dags/example_sensors.py
[2026-04-01T13:23:08.773+0000] {processor.py:830} INFO - Processing file /home/airflow/.local/lib/python3.12/site-packages/airflow/example_dags/example_sensors.py for tasks to queue
[2026-04-01T13:23:08.775+0000] {logging_mixin.py:188} INFO - [2026-04-01T13:23:08.774+0000] {dagbag.py:545} INFO - Filling up the DagBag from /home/airflow/.local/lib/python3.12/site-packages/airflow/example_dags/example_sensors.py
[2026-04-01T13:23:08.781+0000] {processor.py:840} INFO - DAG(s) 'example_sensors' retrieved from /home/airflow/.local/lib/python3.12/site-packages/airflow/example_dags/example_sensors.py
[2026-04-01T13:23:08.801+0000] {logging_mixin.py:188} INFO - [2026-04-01T13:23:08.800+0000] {dag.py:3096} INFO - Sync 1 DAGs
[2026-04-01T13:23:08.809+0000] {logging_mixin.py:188} INFO - [2026-04-01T13:23:08.809+0000] {dag.py:3954} INFO - Setting next_dagrun for example_sensors to None, run_after=None
[2026-04-01T13:23:08.826+0000] {processor.py:183} INFO - Processing /home/airflow/.local/lib/python3.12/site-packages/airflow/example_dags/example_sensors.py took 0.059 seconds
[2026-04-01T13:23:39.302+0000] {processor.py:161} INFO - Started process (PID=2909) to work on /home/airflow/.local/lib/python3.12/site-packages/airflow/example_dags/example_sensors.py
[2026-04-01T13:23:39.302+0000] {processor.py:830} INFO - Processing file /home/airflow/.local/lib/python3.12/site-packages/airflow/example_dags/example_sensors.py for tasks to queue
[2026-04-01T13:23:39.304+0000] {logging_mixin.py:188} INFO - [2026-04-01T13:23:39.304+0000] {dagbag.py:545} INFO - Filling up the DagBag from /home/airflow/.local/lib/python3.12/site-packages/airflow/example_dags/example_sensors.py
[2026-04-01T13:23:39.311+0000] {processor.py:840} INFO - DAG(s) 'example_sensors' retrieved from /home/airflow/.local/lib/python3.12/site-packages/airflow/example_dags/example_sensors.py
[2026-04-01T13:23:39.330+0000] {logging_mixin.py:188} INFO - [2026-04-01T13:23:39.330+0000] {dag.py:3096} INFO - Sync 1 DAGs
[2026-04-01T13:23:39.339+0000] {logging_mixin.py:188} INFO - [2026-04-01T13:23:39.339+0000] {dag.py:3954} INFO - Setting next_dagrun for example_sensors to None, run_after=None
[2026-04-01T13:23:39.355+0000] {processor.py:183} INFO - Processing /home/airflow/.local/lib/python3.12/site-packages/airflow/example_dags/example_sensors.py took 0.059 seconds
[2026-04-01T13:24:09.944+0000] {processor.py:161} INFO - Started process (PID=2968) to work on /home/airflow/.local/lib/python3.12/site-packages/airflow/example_dags/example_sensors.py
[2026-04-01T13:24:09.945+0000] {processor.py:830} INFO - Processing file /home/airflow/.local/lib/python3.12/site-packages/airflow/example_dags/example_sensors.py for tasks to queue
[2026-04-01T13:24:09.946+0000] {logging_mixin.py:188} INFO - [2026-04-01T13:24:09.946+0000] {dagbag.py:545} INFO - Filling up the DagBag from /home/airflow/.local/lib/python3.12/site-packages/airflow/example_dags/example_sensors.py
[2026-04-01T13:24:09.955+0000] {processor.py:840} INFO - DAG(s) 'example_sensors' retrieved from /home/airflow/.local/lib/python3.12/site-packages/airflow/example_dags/example_sensors.py
[2026-04-01T13:24:09.977+0000] {logging_mixin.py:188} INFO - [2026-04-01T13:24:09.977+0000] {dag.py:3096} INFO - Sync 1 DAGs
[2026-04-01T13:24:09.988+0000] {logging_mixin.py:188} INFO - [2026-04-01T13:24:09.988+0000] {dag.py:3954} INFO - Setting next_dagrun for example_sensors to None, run_after=None
[2026-04-01T13:24:10.006+0000] {processor.py:183} INFO - Processing /home/airflow/.local/lib/python3.12/site-packages/airflow/example_dags/example_sensors.py took 0.067 seconds
[2026-04-01T13:24:40.276+0000] {processor.py:161} INFO - Started process (PID=3026) to work on /home/airflow/.local/lib/python3.12/site-packages/airflow/example_dags/example_sensors.py
[2026-04-01T13:24:40.277+0000] {processor.py:830} INFO - Processing file /home/airflow/.local/lib/python3.12/site-packages/airflow/example_dags/example_sensors.py for tasks to queue
[2026-04-01T13:24:40.278+0000] {logging_mixin.py:188} INFO - [2026-04-01T13:24:40.278+0000] {dagbag.py:545} INFO - Filling up the DagBag from /home/airflow/.local/lib/python3.12/site-packages/airflow/example_dags/example_sensors.py
[2026-04-01T13:24:40.286+0000] {processor.py:840} INFO - DAG(s) 'example_sensors' retrieved from /home/airflow/.local/lib/python3.12/site-packages/airflow/example_dags/example_sensors.py
[2026-04-01T13:24:40.309+0000] {logging_mixin.py:188} INFO - [2026-04-01T13:24:40.309+0000] {dag.py:3096} INFO - Sync 1 DAGs
[2026-04-01T13:24:40.319+0000] {logging_mixin.py:188} INFO - [2026-04-01T13:24:40.319+0000] {dag.py:3954} INFO - Setting next_dagrun for example_sensors to None, run_after=None
[2026-04-01T13:24:40.335+0000] {processor.py:183} INFO - Processing /home/airflow/.local/lib/python3.12/site-packages/airflow/example_dags/example_sensors.py took 0.065 seconds
[2026-04-01T13:25:10.862+0000] {processor.py:161} INFO - Started process (PID=3085) to work on /home/airflow/.local/lib/python3.12/site-packages/airflow/example_dags/example_sensors.py
[2026-04-01T13:25:10.864+0000] {processor.py:830} INFO - Processing file /home/airflow/.local/lib/python3.12/site-packages/airflow/example_dags/example_sensors.py for tasks to queue
[2026-04-01T13:25:10.867+0000] {logging_mixin.py:188} INFO - [2026-04-01T13:25:10.866+0000] {dagbag.py:545} INFO - Filling up the DagBag from /home/airflow/.local/lib/python3.12/site-packages/airflow/example_dags/example_sensors.py
[2026-04-01T13:25:10.873+0000] {processor.py:840} INFO - DAG(s) 'example_sensors' retrieved from /home/airflow/.local/lib/python3.12/site-packages/airflow/example_dags/example_sensors.py
[2026-04-01T13:25:10.892+0000] {logging_mixin.py:188} INFO - [2026-04-01T13:25:10.892+0000] {dag.py:3096} INFO - Sync 1 DAGs
[2026-04-01T13:25:10.901+0000] {logging_mixin.py:188} INFO - [2026-04-01T13:25:10.901+0000] {dag.py:3954} INFO - Setting next_dagrun for example_sensors to None, run_after=None
[2026-04-01T13:25:10.918+0000] {processor.py:183} INFO - Processing /home/airflow/.local/lib/python3.12/site-packages/airflow/example_dags/example_sensors.py took 0.061 seconds
[2026-04-01T13:25:41.277+0000] {processor.py:161} INFO - Started process (PID=3144) to work on /home/airflow/.local/lib/python3.12/site-packages/airflow/example_dags/example_sensors.py
[2026-04-01T13:25:41.278+0000] {processor.py:830} INFO - Processing file /home/airflow/.local/lib/python3.12/site-packages/airflow/example_dags/example_sensors.py for tasks to queue
[2026-04-01T13:25:41.279+0000] {logging_mixin.py:188} INFO - [2026-04-01T13:25:41.279+0000] {dagbag.py:545} INFO - Filling up the DagBag from /home/airflow/.local/lib/python3.12/site-packages/airflow/example_dags/example_sensors.py
[2026-04-01T13:25:41.286+0000] {processor.py:840} INFO - DAG(s) 'example_sensors' retrieved from /home/airflow/.local/lib/python3.12/site-packages/airflow/example_dags/example_sensors.py
[2026-04-01T13:25:41.305+0000] {logging_mixin.py:188} INFO - [2026-04-01T13:25:41.305+0000] {dag.py:3096} INFO - Sync 1 DAGs
[2026-04-01T13:25:41.314+0000] {logging_mixin.py:188} INFO - [2026-04-01T13:25:41.314+0000] {dag.py:3954} INFO - Setting next_dagrun for example_sensors to None, run_after=None
[2026-04-01T13:25:41.333+0000] {processor.py:183} INFO - Processing /home/airflow/.local/lib/python3.12/site-packages/airflow/example_dags/example_sensors.py took 0.061 seconds
[2026-04-01T13:26:11.629+0000] {processor.py:161} INFO - Started process (PID=3203) to work on /home/airflow/.local/lib/python3.12/site-packages/airflow/example_dags/example_sensors.py
[2026-04-01T13:26:11.630+0000] {processor.py:830} INFO - Processing file /home/airflow/.local/lib/python3.12/site-packages/airflow/example_dags/example_sensors.py for tasks to queue
[2026-04-01T13:26:11.631+0000] {logging_mixin.py:188} INFO - [2026-04-01T13:26:11.631+0000] {dagbag.py:545} INFO - Filling up the DagBag from /home/airflow/.local/lib/python3.12/site-packages/airflow/example_dags/example_sensors.py
[2026-04-01T13:26:11.638+0000] {processor.py:840} INFO - DAG(s) 'example_sensors' retrieved from /home/airflow/.local/lib/python3.12/site-packages/airflow/example_dags/example_sensors.py
[2026-04-01T13:26:11.655+0000] {logging_mixin.py:188} INFO - [2026-04-01T13:26:11.655+0000] {dag.py:3096} INFO - Sync 1 DAGs
[2026-04-01T13:26:11.664+0000] {logging_mixin.py:188} INFO - [2026-04-01T13:26:11.664+0000] {dag.py:3954} INFO - Setting next_dagrun for example_sensors to None, run_after=None
[2026-04-01T13:26:11.680+0000] {processor.py:183} INFO - Processing /home/airflow/.local/lib/python3.12/site-packages/airflow/example_dags/example_sensors.py took 0.056 seconds
[2026-04-01T13:26:41.922+0000] {processor.py:161} INFO - Started process (PID=3262) to work on /home/airflow/.local/lib/python3.12/site-packages/airflow/example_dags/example_sensors.py
[2026-04-01T13:26:41.923+0000] {processor.py:830} INFO - Processing file /home/airflow/.local/lib/python3.12/site-packages/airflow/example_dags/example_sensors.py for tasks to queue
[2026-04-01T13:26:41.924+0000] {logging_mixin.py:188} INFO - [2026-04-01T13:26:41.924+0000] {dagbag.py:545} INFO - Filling up the DagBag from /home/airflow/.local/lib/python3.12/site-packages/airflow/example_dags/example_sensors.py
[2026-04-01T13:26:41.931+0000] {processor.py:840} INFO - DAG(s) 'example_sensors' retrieved from /home/airflow/.local/lib/python3.12/site-packages/airflow/example_dags/example_sensors.py
[2026-04-01T13:26:41.950+0000] {logging_mixin.py:188} INFO - [2026-04-01T13:26:41.950+0000] {dag.py:3096} INFO - Sync 1 DAGs
[2026-04-01T13:26:41.961+0000] {logging_mixin.py:188} INFO - [2026-04-01T13:26:41.961+0000] {dag.py:3954} INFO - Setting next_dagrun for example_sensors to None, run_after=None
[2026-04-01T13:26:41.978+0000] {processor.py:183} INFO - Processing /home/airflow/.local/lib/python3.12/site-packages/airflow/example_dags/example_sensors.py took 0.061 seconds
[2026-04-01T13:27:12.440+0000] {processor.py:161} INFO - Started process (PID=3321) to work on /home/airflow/.local/lib/python3.12/site-packages/airflow/example_dags/example_sensors.py
[2026-04-01T13:27:12.440+0000] {processor.py:830} INFO - Processing file /home/airflow/.local/lib/python3.12/site-packages/airflow/example_dags/example_sensors.py for tasks to queue
[2026-04-01T13:27:12.442+0000] {logging_mixin.py:188} INFO - [2026-04-01T13:27:12.442+0000] {dagbag.py:545} INFO - Filling up the DagBag from /home/airflow/.local/lib/python3.12/site-packages/airflow/example_dags/example_sensors.py
[2026-04-01T13:27:12.449+0000] {processor.py:840} INFO - DAG(s) 'example_sensors' retrieved from /home/airflow/.local/lib/python3.12/site-packages/airflow/example_dags/example_sensors.py
[2026-04-01T13:27:12.466+0000] {logging_mixin.py:188} INFO - [2026-04-01T13:27:12.466+0000] {dag.py:3096} INFO - Sync 1 DAGs
[2026-04-01T13:27:12.474+0000] {logging_mixin.py:188} INFO - [2026-04-01T13:27:12.474+0000] {dag.py:3954} INFO - Setting next_dagrun for example_sensors to None, run_after=None
[2026-04-01T13:27:12.491+0000] {processor.py:183} INFO - Processing /home/airflow/.local/lib/python3.12/site-packages/airflow/example_dags/example_sensors.py took 0.056 seconds
[2026-04-01T13:27:43.086+0000] {processor.py:161} INFO - Started process (PID=3380) to work on /home/airflow/.local/lib/python3.12/site-packages/airflow/example_dags/example_sensors.py
[2026-04-01T13:27:43.087+0000] {processor.py:830} INFO - Processing file /home/airflow/.local/lib/python3.12/site-packages/airflow/example_dags/example_sensors.py for tasks to queue
[2026-04-01T13:27:43.089+0000] {logging_mixin.py:188} INFO - [2026-04-01T13:27:43.088+0000] {dagbag.py:545} INFO - Filling up the DagBag from /home/airflow/.local/lib/python3.12/site-packages/airflow/example_dags/example_sensors.py
[2026-04-01T13:27:43.097+0000] {processor.py:840} INFO - DAG(s) 'example_sensors' retrieved from /home/airflow/.local/lib/python3.12/site-packages/airflow/example_dags/example_sensors.py
[2026-04-01T13:27:43.118+0000] {logging_mixin.py:188} INFO - [2026-04-01T13:27:43.118+0000] {dag.py:3096} INFO - Sync 1 DAGs
[2026-04-01T13:27:43.127+0000] {logging_mixin.py:188} INFO - [2026-04-01T13:27:43.127+0000] {dag.py:3954} INFO - Setting next_dagrun for example_sensors to None, run_after=None
[2026-04-01T13:27:43.147+0000] {processor.py:183} INFO - Processing /home/airflow/.local/lib/python3.12/site-packages/airflow/example_dags/example_sensors.py took 0.067 seconds
[2026-04-01T13:28:13.602+0000] {processor.py:161} INFO - Started process (PID=3439) to work on /home/airflow/.local/lib/python3.12/site-packages/airflow/example_dags/example_sensors.py
[2026-04-01T13:28:13.602+0000] {processor.py:830} INFO - Processing file /home/airflow/.local/lib/python3.12/site-packages/airflow/example_dags/example_sensors.py for tasks to queue
[2026-04-01T13:28:13.604+0000] {logging_mixin.py:188} INFO - [2026-04-01T13:28:13.604+0000] {dagbag.py:545} INFO - Filling up the DagBag from /home/airflow/.local/lib/python3.12/site-packages/airflow/example_dags/example_sensors.py
[2026-04-01T13:28:13.611+0000] {processor.py:840} INFO - DAG(s) 'example_sensors' retrieved from /home/airflow/.local/lib/python3.12/site-packages/airflow/example_dags/example_sensors.py
[2026-04-01T13:28:13.629+0000] {logging_mixin.py:188} INFO - [2026-04-01T13:28:13.629+0000] {dag.py:3096} INFO - Sync 1 DAGs
[2026-04-01T13:28:13.640+0000] {logging_mixin.py:188} INFO - [2026-04-01T13:28:13.640+0000] {dag.py:3954} INFO - Setting next_dagrun for example_sensors to None, run_after=None
[2026-04-01T13:28:13.660+0000] {processor.py:183} INFO - Processing /home/airflow/.local/lib/python3.12/site-packages/airflow/example_dags/example_sensors.py took 0.063 seconds
[2026-04-01T13:28:43.922+0000] {processor.py:161} INFO - Started process (PID=3498) to work on /home/airflow/.local/lib/python3.12/site-packages/airflow/example_dags/example_sensors.py
[2026-04-01T13:28:43.922+0000] {processor.py:830} INFO - Processing file /home/airflow/.local/lib/python3.12/site-packages/airflow/example_dags/example_sensors.py for tasks to queue
[2026-04-01T13:28:43.924+0000] {logging_mixin.py:188} INFO - [2026-04-01T13:28:43.924+0000] {dagbag.py:545} INFO - Filling up the DagBag from /home/airflow/.local/lib/python3.12/site-packages/airflow/example_dags/example_sensors.py
[2026-04-01T13:28:43.931+0000] {processor.py:840} INFO - DAG(s) 'example_sensors' retrieved from /home/airflow/.local/lib/python3.12/site-packages/airflow/example_dags/example_sensors.py
[2026-04-01T13:28:43.948+0000] {logging_mixin.py:188} INFO - [2026-04-01T13:28:43.948+0000] {dag.py:3096} INFO - Sync 1 DAGs
[2026-04-01T13:28:43.957+0000] {logging_mixin.py:188} INFO - [2026-04-01T13:28:43.957+0000] {dag.py:3954} INFO - Setting next_dagrun for example_sensors to None, run_after=None
[2026-04-01T13:28:43.973+0000] {processor.py:183} INFO - Processing /home/airflow/.local/lib/python3.12/site-packages/airflow/example_dags/example_sensors.py took 0.055 seconds
[2026-04-01T13:29:14.372+0000] {processor.py:161} INFO - Started process (PID=3557) to work on /home/airflow/.local/lib/python3.12/site-packages/airflow/example_dags/example_sensors.py
[2026-04-01T13:29:14.373+0000] {processor.py:830} INFO - Processing file /home/airflow/.local/lib/python3.12/site-packages/airflow/example_dags/example_sensors.py for tasks to queue
[2026-04-01T13:29:14.375+0000] {logging_mixin.py:188} INFO - [2026-04-01T13:29:14.374+0000] {dagbag.py:545} INFO - Filling up the DagBag from /home/airflow/.local/lib/python3.12/site-packages/airflow/example_dags/example_sensors.py
[2026-04-01T13:29:14.382+0000] {processor.py:840} INFO - DAG(s) 'example_sensors' retrieved from /home/airflow/.local/lib/python3.12/site-packages/airflow/example_dags/example_sensors.py
[2026-04-01T13:29:14.402+0000] {logging_mixin.py:188} INFO - [2026-04-01T13:29:14.401+0000] {dag.py:3096} INFO - Sync 1 DAGs
[2026-04-01T13:29:14.411+0000] {logging_mixin.py:188} INFO - [2026-04-01T13:29:14.411+0000] {dag.py:3954} INFO - Setting next_dagrun for example_sensors to None, run_after=None
[2026-04-01T13:29:14.428+0000] {processor.py:183} INFO - Processing /home/airflow/.local/lib/python3.12/site-packages/airflow/example_dags/example_sensors.py took 0.061 seconds
[2026-04-01T13:29:44.806+0000] {processor.py:161} INFO - Started process (PID=3616) to work on /home/airflow/.local/lib/python3.12/site-packages/airflow/example_dags/example_sensors.py
[2026-04-01T13:29:44.807+0000] {processor.py:830} INFO - Processing file /home/airflow/.local/lib/python3.12/site-packages/airflow/example_dags/example_sensors.py for tasks to queue
[2026-04-01T13:29:44.809+0000] {logging_mixin.py:188} INFO - [2026-04-01T13:29:44.808+0000] {dagbag.py:545} INFO - Filling up the DagBag from /home/airflow/.local/lib/python3.12/site-packages/airflow/example_dags/example_sensors.py
[2026-04-01T13:29:44.816+0000] {processor.py:840} INFO - DAG(s) 'example_sensors' retrieved from /home/airflow/.local/lib/python3.12/site-packages/airflow/example_dags/example_sensors.py
[2026-04-01T13:29:44.836+0000] {logging_mixin.py:188} INFO - [2026-04-01T13:29:44.836+0000] {dag.py:3096} INFO - Sync 1 DAGs
[2026-04-01T13:29:44.846+0000] {logging_mixin.py:188} INFO - [2026-04-01T13:29:44.846+0000] {dag.py:3954} INFO - Setting next_dagrun for example_sensors to None, run_after=None
[2026-04-01T13:29:44.863+0000] {processor.py:183} INFO - Processing /home/airflow/.local/lib/python3.12/site-packages/airflow/example_dags/example_sensors.py took 0.062 seconds
[2026-04-01T13:30:15.119+0000] {processor.py:161} INFO - Started process (PID=3675) to work on /home/airflow/.local/lib/python3.12/site-packages/airflow/example_dags/example_sensors.py
[2026-04-01T13:30:15.120+0000] {processor.py:830} INFO - Processing file /home/airflow/.local/lib/python3.12/site-packages/airflow/example_dags/example_sensors.py for tasks to queue
[2026-04-01T13:30:15.122+0000] {logging_mixin.py:188} INFO - [2026-04-01T13:30:15.121+0000] {dagbag.py:545} INFO - Filling up the DagBag from /home/airflow/.local/lib/python3.12/site-packages/airflow/example_dags/example_sensors.py
[2026-04-01T13:30:15.129+0000] {processor.py:840} INFO - DAG(s) 'example_sensors' retrieved from /home/airflow/.local/lib/python3.12/site-packages/airflow/example_dags/example_sensors.py
[2026-04-01T13:30:15.148+0000] {logging_mixin.py:188} INFO - [2026-04-01T13:30:15.148+0000] {dag.py:3096} INFO - Sync 1 DAGs
[2026-04-01T13:30:15.158+0000] {logging_mixin.py:188} INFO - [2026-04-01T13:30:15.158+0000] {dag.py:3954} INFO - Setting next_dagrun for example_sensors to None, run_after=None
[2026-04-01T13:30:15.177+0000] {processor.py:183} INFO - Processing /home/airflow/.local/lib/python3.12/site-packages/airflow/example_dags/example_sensors.py took 0.062 seconds
[2026-04-01T13:30:45.461+0000] {processor.py:161} INFO - Started process (PID=3734) to work on /home/airflow/.local/lib/python3.12/site-packages/airflow/example_dags/example_sensors.py
[2026-04-01T13:30:45.462+0000] {processor.py:830} INFO - Processing file /home/airflow/.local/lib/python3.12/site-packages/airflow/example_dags/example_sensors.py for tasks to queue
[2026-04-01T13:30:45.463+0000] {logging_mixin.py:188} INFO - [2026-04-01T13:30:45.463+0000] {dagbag.py:545} INFO - Filling up the DagBag from /home/airflow/.local/lib/python3.12/site-packages/airflow/example_dags/example_sensors.py
[2026-04-01T13:30:45.470+0000] {processor.py:840} INFO - DAG(s) 'example_sensors' retrieved from /home/airflow/.local/lib/python3.12/site-packages/airflow/example_dags/example_sensors.py
[2026-04-01T13:30:45.487+0000] {logging_mixin.py:188} INFO - [2026-04-01T13:30:45.487+0000] {dag.py:3096} INFO - Sync 1 DAGs
[2026-04-01T13:30:45.496+0000] {logging_mixin.py:188} INFO - [2026-04-01T13:30:45.496+0000] {dag.py:3954} INFO - Setting next_dagrun for example_sensors to None, run_after=None
[2026-04-01T13:30:45.517+0000] {processor.py:183} INFO - Processing /home/airflow/.local/lib/python3.12/site-packages/airflow/example_dags/example_sensors.py took 0.061 seconds
[2026-04-01T13:31:15.893+0000] {processor.py:161} INFO - Started process (PID=3793) to work on /home/airflow/.local/lib/python3.12/site-packages/airflow/example_dags/example_sensors.py
[2026-04-01T13:31:15.893+0000] {processor.py:830} INFO - Processing file /home/airflow/.local/lib/python3.12/site-packages/airflow/example_dags/example_sensors.py for tasks to queue
[2026-04-01T13:31:15.895+0000] {logging_mixin.py:188} INFO - [2026-04-01T13:31:15.895+0000] {dagbag.py:545} INFO - Filling up the DagBag from /home/airflow/.local/lib/python3.12/site-packages/airflow/example_dags/example_sensors.py
[2026-04-01T13:31:15.902+0000] {processor.py:840} INFO - DAG(s) 'example_sensors' retrieved from /home/airflow/.local/lib/python3.12/site-packages/airflow/example_dags/example_sensors.py
[2026-04-01T13:31:15.921+0000] {logging_mixin.py:188} INFO - [2026-04-01T13:31:15.921+0000] {dag.py:3096} INFO - Sync 1 DAGs
[2026-04-01T13:31:15.931+0000] {logging_mixin.py:188} INFO - [2026-04-01T13:31:15.931+0000] {dag.py:3954} INFO - Setting next_dagrun for example_sensors to None, run_after=None
[2026-04-01T13:31:15.949+0000] {processor.py:183} INFO - Processing /home/airflow/.local/lib/python3.12/site-packages/airflow/example_dags/example_sensors.py took 0.061 seconds
