[2026-04-01T12:58:50.446+0000] {processor.py:161} INFO - Started process (PID=64) to work on /home/airflow/.local/lib/python3.12/site-packages/airflow/example_dags/example_task_group.py
[2026-04-01T12:58:50.447+0000] {processor.py:830} INFO - Processing file /home/airflow/.local/lib/python3.12/site-packages/airflow/example_dags/example_task_group.py for tasks to queue
[2026-04-01T12:58:50.450+0000] {logging_mixin.py:188} INFO - [2026-04-01T12:58:50.449+0000] {dagbag.py:545} INFO - Filling up the DagBag from /home/airflow/.local/lib/python3.12/site-packages/airflow/example_dags/example_task_group.py
[2026-04-01T12:58:50.461+0000] {processor.py:840} INFO - DAG(s) 'example_task_group' retrieved from /home/airflow/.local/lib/python3.12/site-packages/airflow/example_dags/example_task_group.py
[2026-04-01T12:58:50.477+0000] {logging_mixin.py:188} INFO - [2026-04-01T12:58:50.476+0000] {dag.py:3096} INFO - Sync 1 DAGs
[2026-04-01T12:58:50.501+0000] {logging_mixin.py:188} INFO - [2026-04-01T12:58:50.501+0000] {dag.py:3954} INFO - Setting next_dagrun for example_task_group to 2026-03-31 00:00:00+00:00, run_after=2026-04-01 00:00:00+00:00
[2026-04-01T12:58:50.525+0000] {processor.py:183} INFO - Processing /home/airflow/.local/lib/python3.12/site-packages/airflow/example_dags/example_task_group.py took 0.085 seconds
[2026-04-01T12:59:20.888+0000] {processor.py:161} INFO - Started process (PID=123) to work on /home/airflow/.local/lib/python3.12/site-packages/airflow/example_dags/example_task_group.py
[2026-04-01T12:59:20.889+0000] {processor.py:830} INFO - Processing file /home/airflow/.local/lib/python3.12/site-packages/airflow/example_dags/example_task_group.py for tasks to queue
[2026-04-01T12:59:20.891+0000] {logging_mixin.py:188} INFO - [2026-04-01T12:59:20.891+0000] {dagbag.py:545} INFO - Filling up the DagBag from /home/airflow/.local/lib/python3.12/site-packages/airflow/example_dags/example_task_group.py
[2026-04-01T12:59:20.897+0000] {processor.py:840} INFO - DAG(s) 'example_task_group' retrieved from /home/airflow/.local/lib/python3.12/site-packages/airflow/example_dags/example_task_group.py
[2026-04-01T12:59:20.978+0000] {logging_mixin.py:188} INFO - [2026-04-01T12:59:20.978+0000] {dag.py:3096} INFO - Sync 1 DAGs
[2026-04-01T12:59:20.992+0000] {logging_mixin.py:188} INFO - [2026-04-01T12:59:20.992+0000] {dag.py:3954} INFO - Setting next_dagrun for example_task_group to 2026-03-31 00:00:00+00:00, run_after=2026-04-01 00:00:00+00:00
[2026-04-01T12:59:21.011+0000] {processor.py:183} INFO - Processing /home/airflow/.local/lib/python3.12/site-packages/airflow/example_dags/example_task_group.py took 0.128 seconds
[2026-04-01T12:59:51.468+0000] {processor.py:161} INFO - Started process (PID=181) to work on /home/airflow/.local/lib/python3.12/site-packages/airflow/example_dags/example_task_group.py
[2026-04-01T12:59:51.469+0000] {processor.py:830} INFO - Processing file /home/airflow/.local/lib/python3.12/site-packages/airflow/example_dags/example_task_group.py for tasks to queue
[2026-04-01T12:59:51.471+0000] {logging_mixin.py:188} INFO - [2026-04-01T12:59:51.471+0000] {dagbag.py:545} INFO - Filling up the DagBag from /home/airflow/.local/lib/python3.12/site-packages/airflow/example_dags/example_task_group.py
[2026-04-01T12:59:51.476+0000] {processor.py:840} INFO - DAG(s) 'example_task_group' retrieved from /home/airflow/.local/lib/python3.12/site-packages/airflow/example_dags/example_task_group.py
[2026-04-01T12:59:51.493+0000] {logging_mixin.py:188} INFO - [2026-04-01T12:59:51.493+0000] {dag.py:3096} INFO - Sync 1 DAGs
[2026-04-01T12:59:51.513+0000] {logging_mixin.py:188} INFO - [2026-04-01T12:59:51.513+0000] {dag.py:3954} INFO - Setting next_dagrun for example_task_group to 2026-03-31 00:00:00+00:00, run_after=2026-04-01 00:00:00+00:00
[2026-04-01T12:59:51.528+0000] {processor.py:183} INFO - Processing /home/airflow/.local/lib/python3.12/site-packages/airflow/example_dags/example_task_group.py took 0.063 seconds
[2026-04-01T13:00:21.888+0000] {processor.py:161} INFO - Started process (PID=238) to work on /home/airflow/.local/lib/python3.12/site-packages/airflow/example_dags/example_task_group.py
[2026-04-01T13:00:21.889+0000] {processor.py:830} INFO - Processing file /home/airflow/.local/lib/python3.12/site-packages/airflow/example_dags/example_task_group.py for tasks to queue
[2026-04-01T13:00:21.890+0000] {logging_mixin.py:188} INFO - [2026-04-01T13:00:21.890+0000] {dagbag.py:545} INFO - Filling up the DagBag from /home/airflow/.local/lib/python3.12/site-packages/airflow/example_dags/example_task_group.py
[2026-04-01T13:00:21.896+0000] {processor.py:840} INFO - DAG(s) 'example_task_group' retrieved from /home/airflow/.local/lib/python3.12/site-packages/airflow/example_dags/example_task_group.py
[2026-04-01T13:00:21.915+0000] {logging_mixin.py:188} INFO - [2026-04-01T13:00:21.915+0000] {dag.py:3096} INFO - Sync 1 DAGs
[2026-04-01T13:00:21.930+0000] {logging_mixin.py:188} INFO - [2026-04-01T13:00:21.930+0000] {dag.py:3954} INFO - Setting next_dagrun for example_task_group to 2026-03-31 00:00:00+00:00, run_after=2026-04-01 00:00:00+00:00
[2026-04-01T13:00:21.945+0000] {processor.py:183} INFO - Processing /home/airflow/.local/lib/python3.12/site-packages/airflow/example_dags/example_task_group.py took 0.063 seconds
[2026-04-01T13:00:51.965+0000] {processor.py:161} INFO - Started process (PID=295) to work on /home/airflow/.local/lib/python3.12/site-packages/airflow/example_dags/example_task_group.py
[2026-04-01T13:00:51.966+0000] {processor.py:830} INFO - Processing file /home/airflow/.local/lib/python3.12/site-packages/airflow/example_dags/example_task_group.py for tasks to queue
[2026-04-01T13:00:51.968+0000] {logging_mixin.py:188} INFO - [2026-04-01T13:00:51.967+0000] {dagbag.py:545} INFO - Filling up the DagBag from /home/airflow/.local/lib/python3.12/site-packages/airflow/example_dags/example_task_group.py
[2026-04-01T13:00:51.973+0000] {processor.py:840} INFO - DAG(s) 'example_task_group' retrieved from /home/airflow/.local/lib/python3.12/site-packages/airflow/example_dags/example_task_group.py
[2026-04-01T13:00:51.990+0000] {logging_mixin.py:188} INFO - [2026-04-01T13:00:51.989+0000] {dag.py:3096} INFO - Sync 1 DAGs
[2026-04-01T13:00:52.005+0000] {logging_mixin.py:188} INFO - [2026-04-01T13:00:52.005+0000] {dag.py:3954} INFO - Setting next_dagrun for example_task_group to 2026-03-31 00:00:00+00:00, run_after=2026-04-01 00:00:00+00:00
[2026-04-01T13:00:52.020+0000] {processor.py:183} INFO - Processing /home/airflow/.local/lib/python3.12/site-packages/airflow/example_dags/example_task_group.py took 0.060 seconds
[2026-04-01T13:01:22.254+0000] {processor.py:161} INFO - Started process (PID=353) to work on /home/airflow/.local/lib/python3.12/site-packages/airflow/example_dags/example_task_group.py
[2026-04-01T13:01:22.254+0000] {processor.py:830} INFO - Processing file /home/airflow/.local/lib/python3.12/site-packages/airflow/example_dags/example_task_group.py for tasks to queue
[2026-04-01T13:01:22.256+0000] {logging_mixin.py:188} INFO - [2026-04-01T13:01:22.256+0000] {dagbag.py:545} INFO - Filling up the DagBag from /home/airflow/.local/lib/python3.12/site-packages/airflow/example_dags/example_task_group.py
[2026-04-01T13:01:22.261+0000] {processor.py:840} INFO - DAG(s) 'example_task_group' retrieved from /home/airflow/.local/lib/python3.12/site-packages/airflow/example_dags/example_task_group.py
[2026-04-01T13:01:22.275+0000] {logging_mixin.py:188} INFO - [2026-04-01T13:01:22.275+0000] {dag.py:3096} INFO - Sync 1 DAGs
[2026-04-01T13:01:22.293+0000] {logging_mixin.py:188} INFO - [2026-04-01T13:01:22.293+0000] {dag.py:3954} INFO - Setting next_dagrun for example_task_group to 2026-03-31 00:00:00+00:00, run_after=2026-04-01 00:00:00+00:00
[2026-04-01T13:01:22.308+0000] {processor.py:183} INFO - Processing /home/airflow/.local/lib/python3.12/site-packages/airflow/example_dags/example_task_group.py took 0.059 seconds
[2026-04-01T13:01:52.528+0000] {processor.py:161} INFO - Started process (PID=412) to work on /home/airflow/.local/lib/python3.12/site-packages/airflow/example_dags/example_task_group.py
[2026-04-01T13:01:52.529+0000] {processor.py:830} INFO - Processing file /home/airflow/.local/lib/python3.12/site-packages/airflow/example_dags/example_task_group.py for tasks to queue
[2026-04-01T13:01:52.530+0000] {logging_mixin.py:188} INFO - [2026-04-01T13:01:52.530+0000] {dagbag.py:545} INFO - Filling up the DagBag from /home/airflow/.local/lib/python3.12/site-packages/airflow/example_dags/example_task_group.py
[2026-04-01T13:01:52.537+0000] {processor.py:840} INFO - DAG(s) 'example_task_group' retrieved from /home/airflow/.local/lib/python3.12/site-packages/airflow/example_dags/example_task_group.py
[2026-04-01T13:01:52.554+0000] {logging_mixin.py:188} INFO - [2026-04-01T13:01:52.553+0000] {dag.py:3096} INFO - Sync 1 DAGs
[2026-04-01T13:01:52.569+0000] {logging_mixin.py:188} INFO - [2026-04-01T13:01:52.569+0000] {dag.py:3954} INFO - Setting next_dagrun for example_task_group to 2026-03-31 00:00:00+00:00, run_after=2026-04-01 00:00:00+00:00
[2026-04-01T13:01:52.587+0000] {processor.py:183} INFO - Processing /home/airflow/.local/lib/python3.12/site-packages/airflow/example_dags/example_task_group.py took 0.063 seconds
[2026-04-01T13:02:22.653+0000] {processor.py:161} INFO - Started process (PID=470) to work on /home/airflow/.local/lib/python3.12/site-packages/airflow/example_dags/example_task_group.py
[2026-04-01T13:02:22.654+0000] {processor.py:830} INFO - Processing file /home/airflow/.local/lib/python3.12/site-packages/airflow/example_dags/example_task_group.py for tasks to queue
[2026-04-01T13:02:22.656+0000] {logging_mixin.py:188} INFO - [2026-04-01T13:02:22.655+0000] {dagbag.py:545} INFO - Filling up the DagBag from /home/airflow/.local/lib/python3.12/site-packages/airflow/example_dags/example_task_group.py
[2026-04-01T13:02:22.662+0000] {processor.py:840} INFO - DAG(s) 'example_task_group' retrieved from /home/airflow/.local/lib/python3.12/site-packages/airflow/example_dags/example_task_group.py
[2026-04-01T13:02:22.682+0000] {logging_mixin.py:188} INFO - [2026-04-01T13:02:22.682+0000] {dag.py:3096} INFO - Sync 1 DAGs
[2026-04-01T13:02:22.700+0000] {logging_mixin.py:188} INFO - [2026-04-01T13:02:22.700+0000] {dag.py:3954} INFO - Setting next_dagrun for example_task_group to 2026-03-31 00:00:00+00:00, run_after=2026-04-01 00:00:00+00:00
[2026-04-01T13:02:22.718+0000] {processor.py:183} INFO - Processing /home/airflow/.local/lib/python3.12/site-packages/airflow/example_dags/example_task_group.py took 0.071 seconds
[2026-04-01T13:02:52.912+0000] {processor.py:161} INFO - Started process (PID=528) to work on /home/airflow/.local/lib/python3.12/site-packages/airflow/example_dags/example_task_group.py
[2026-04-01T13:02:52.913+0000] {processor.py:830} INFO - Processing file /home/airflow/.local/lib/python3.12/site-packages/airflow/example_dags/example_task_group.py for tasks to queue
[2026-04-01T13:02:52.914+0000] {logging_mixin.py:188} INFO - [2026-04-01T13:02:52.914+0000] {dagbag.py:545} INFO - Filling up the DagBag from /home/airflow/.local/lib/python3.12/site-packages/airflow/example_dags/example_task_group.py
[2026-04-01T13:02:52.920+0000] {processor.py:840} INFO - DAG(s) 'example_task_group' retrieved from /home/airflow/.local/lib/python3.12/site-packages/airflow/example_dags/example_task_group.py
[2026-04-01T13:02:52.936+0000] {logging_mixin.py:188} INFO - [2026-04-01T13:02:52.936+0000] {dag.py:3096} INFO - Sync 1 DAGs
[2026-04-01T13:02:52.952+0000] {logging_mixin.py:188} INFO - [2026-04-01T13:02:52.952+0000] {dag.py:3954} INFO - Setting next_dagrun for example_task_group to 2026-03-31 00:00:00+00:00, run_after=2026-04-01 00:00:00+00:00
[2026-04-01T13:02:52.967+0000] {processor.py:183} INFO - Processing /home/airflow/.local/lib/python3.12/site-packages/airflow/example_dags/example_task_group.py took 0.061 seconds
[2026-04-01T13:03:23.069+0000] {processor.py:161} INFO - Started process (PID=585) to work on /home/airflow/.local/lib/python3.12/site-packages/airflow/example_dags/example_task_group.py
[2026-04-01T13:03:23.070+0000] {processor.py:830} INFO - Processing file /home/airflow/.local/lib/python3.12/site-packages/airflow/example_dags/example_task_group.py for tasks to queue
[2026-04-01T13:03:23.072+0000] {logging_mixin.py:188} INFO - [2026-04-01T13:03:23.072+0000] {dagbag.py:545} INFO - Filling up the DagBag from /home/airflow/.local/lib/python3.12/site-packages/airflow/example_dags/example_task_group.py
[2026-04-01T13:03:23.078+0000] {processor.py:840} INFO - DAG(s) 'example_task_group' retrieved from /home/airflow/.local/lib/python3.12/site-packages/airflow/example_dags/example_task_group.py
[2026-04-01T13:03:23.096+0000] {logging_mixin.py:188} INFO - [2026-04-01T13:03:23.096+0000] {dag.py:3096} INFO - Sync 1 DAGs
[2026-04-01T13:03:23.115+0000] {logging_mixin.py:188} INFO - [2026-04-01T13:03:23.115+0000] {dag.py:3954} INFO - Setting next_dagrun for example_task_group to 2026-03-31 00:00:00+00:00, run_after=2026-04-01 00:00:00+00:00
[2026-04-01T13:03:23.130+0000] {processor.py:183} INFO - Processing /home/airflow/.local/lib/python3.12/site-packages/airflow/example_dags/example_task_group.py took 0.066 seconds
[2026-04-01T13:03:53.307+0000] {processor.py:161} INFO - Started process (PID=643) to work on /home/airflow/.local/lib/python3.12/site-packages/airflow/example_dags/example_task_group.py
[2026-04-01T13:03:53.308+0000] {processor.py:830} INFO - Processing file /home/airflow/.local/lib/python3.12/site-packages/airflow/example_dags/example_task_group.py for tasks to queue
[2026-04-01T13:03:53.310+0000] {logging_mixin.py:188} INFO - [2026-04-01T13:03:53.309+0000] {dagbag.py:545} INFO - Filling up the DagBag from /home/airflow/.local/lib/python3.12/site-packages/airflow/example_dags/example_task_group.py
[2026-04-01T13:03:53.315+0000] {processor.py:840} INFO - DAG(s) 'example_task_group' retrieved from /home/airflow/.local/lib/python3.12/site-packages/airflow/example_dags/example_task_group.py
[2026-04-01T13:03:53.331+0000] {logging_mixin.py:188} INFO - [2026-04-01T13:03:53.331+0000] {dag.py:3096} INFO - Sync 1 DAGs
[2026-04-01T13:03:53.349+0000] {logging_mixin.py:188} INFO - [2026-04-01T13:03:53.349+0000] {dag.py:3954} INFO - Setting next_dagrun for example_task_group to 2026-03-31 00:00:00+00:00, run_after=2026-04-01 00:00:00+00:00
[2026-04-01T13:03:53.365+0000] {processor.py:183} INFO - Processing /home/airflow/.local/lib/python3.12/site-packages/airflow/example_dags/example_task_group.py took 0.063 seconds
[2026-04-01T13:04:23.579+0000] {processor.py:161} INFO - Started process (PID=701) to work on /home/airflow/.local/lib/python3.12/site-packages/airflow/example_dags/example_task_group.py
[2026-04-01T13:04:23.580+0000] {processor.py:830} INFO - Processing file /home/airflow/.local/lib/python3.12/site-packages/airflow/example_dags/example_task_group.py for tasks to queue
[2026-04-01T13:04:23.581+0000] {logging_mixin.py:188} INFO - [2026-04-01T13:04:23.581+0000] {dagbag.py:545} INFO - Filling up the DagBag from /home/airflow/.local/lib/python3.12/site-packages/airflow/example_dags/example_task_group.py
[2026-04-01T13:04:23.586+0000] {processor.py:840} INFO - DAG(s) 'example_task_group' retrieved from /home/airflow/.local/lib/python3.12/site-packages/airflow/example_dags/example_task_group.py
[2026-04-01T13:04:23.602+0000] {logging_mixin.py:188} INFO - [2026-04-01T13:04:23.602+0000] {dag.py:3096} INFO - Sync 1 DAGs
[2026-04-01T13:04:23.623+0000] {logging_mixin.py:188} INFO - [2026-04-01T13:04:23.623+0000] {dag.py:3954} INFO - Setting next_dagrun for example_task_group to 2026-03-31 00:00:00+00:00, run_after=2026-04-01 00:00:00+00:00
[2026-04-01T13:04:23.641+0000] {processor.py:183} INFO - Processing /home/airflow/.local/lib/python3.12/site-packages/airflow/example_dags/example_task_group.py took 0.067 seconds
[2026-04-01T13:04:53.877+0000] {processor.py:161} INFO - Started process (PID=759) to work on /home/airflow/.local/lib/python3.12/site-packages/airflow/example_dags/example_task_group.py
[2026-04-01T13:04:53.878+0000] {processor.py:830} INFO - Processing file /home/airflow/.local/lib/python3.12/site-packages/airflow/example_dags/example_task_group.py for tasks to queue
[2026-04-01T13:04:53.880+0000] {logging_mixin.py:188} INFO - [2026-04-01T13:04:53.879+0000] {dagbag.py:545} INFO - Filling up the DagBag from /home/airflow/.local/lib/python3.12/site-packages/airflow/example_dags/example_task_group.py
[2026-04-01T13:04:53.885+0000] {processor.py:840} INFO - DAG(s) 'example_task_group' retrieved from /home/airflow/.local/lib/python3.12/site-packages/airflow/example_dags/example_task_group.py
[2026-04-01T13:04:53.900+0000] {logging_mixin.py:188} INFO - [2026-04-01T13:04:53.899+0000] {dag.py:3096} INFO - Sync 1 DAGs
[2026-04-01T13:04:53.915+0000] {logging_mixin.py:188} INFO - [2026-04-01T13:04:53.915+0000] {dag.py:3954} INFO - Setting next_dagrun for example_task_group to 2026-03-31 00:00:00+00:00, run_after=2026-04-01 00:00:00+00:00
[2026-04-01T13:04:53.933+0000] {processor.py:183} INFO - Processing /home/airflow/.local/lib/python3.12/site-packages/airflow/example_dags/example_task_group.py took 0.060 seconds
[2026-04-01T13:05:24.005+0000] {processor.py:161} INFO - Started process (PID=817) to work on /home/airflow/.local/lib/python3.12/site-packages/airflow/example_dags/example_task_group.py
[2026-04-01T13:05:24.006+0000] {processor.py:830} INFO - Processing file /home/airflow/.local/lib/python3.12/site-packages/airflow/example_dags/example_task_group.py for tasks to queue
[2026-04-01T13:05:24.007+0000] {logging_mixin.py:188} INFO - [2026-04-01T13:05:24.007+0000] {dagbag.py:545} INFO - Filling up the DagBag from /home/airflow/.local/lib/python3.12/site-packages/airflow/example_dags/example_task_group.py
[2026-04-01T13:05:24.014+0000] {processor.py:840} INFO - DAG(s) 'example_task_group' retrieved from /home/airflow/.local/lib/python3.12/site-packages/airflow/example_dags/example_task_group.py
[2026-04-01T13:05:24.030+0000] {logging_mixin.py:188} INFO - [2026-04-01T13:05:24.029+0000] {dag.py:3096} INFO - Sync 1 DAGs
[2026-04-01T13:05:24.044+0000] {logging_mixin.py:188} INFO - [2026-04-01T13:05:24.043+0000] {dag.py:3954} INFO - Setting next_dagrun for example_task_group to 2026-03-31 00:00:00+00:00, run_after=2026-04-01 00:00:00+00:00
[2026-04-01T13:05:24.059+0000] {processor.py:183} INFO - Processing /home/airflow/.local/lib/python3.12/site-packages/airflow/example_dags/example_task_group.py took 0.058 seconds
[2026-04-01T13:05:54.184+0000] {processor.py:161} INFO - Started process (PID=875) to work on /home/airflow/.local/lib/python3.12/site-packages/airflow/example_dags/example_task_group.py
[2026-04-01T13:05:54.184+0000] {processor.py:830} INFO - Processing file /home/airflow/.local/lib/python3.12/site-packages/airflow/example_dags/example_task_group.py for tasks to queue
[2026-04-01T13:05:54.186+0000] {logging_mixin.py:188} INFO - [2026-04-01T13:05:54.185+0000] {dagbag.py:545} INFO - Filling up the DagBag from /home/airflow/.local/lib/python3.12/site-packages/airflow/example_dags/example_task_group.py
[2026-04-01T13:05:54.193+0000] {processor.py:840} INFO - DAG(s) 'example_task_group' retrieved from /home/airflow/.local/lib/python3.12/site-packages/airflow/example_dags/example_task_group.py
[2026-04-01T13:05:54.209+0000] {logging_mixin.py:188} INFO - [2026-04-01T13:05:54.208+0000] {dag.py:3096} INFO - Sync 1 DAGs
[2026-04-01T13:05:54.223+0000] {logging_mixin.py:188} INFO - [2026-04-01T13:05:54.223+0000] {dag.py:3954} INFO - Setting next_dagrun for example_task_group to 2026-03-31 00:00:00+00:00, run_after=2026-04-01 00:00:00+00:00
[2026-04-01T13:05:54.240+0000] {processor.py:183} INFO - Processing /home/airflow/.local/lib/python3.12/site-packages/airflow/example_dags/example_task_group.py took 0.062 seconds
[2026-04-01T13:06:24.439+0000] {processor.py:161} INFO - Started process (PID=933) to work on /home/airflow/.local/lib/python3.12/site-packages/airflow/example_dags/example_task_group.py
[2026-04-01T13:06:24.439+0000] {processor.py:830} INFO - Processing file /home/airflow/.local/lib/python3.12/site-packages/airflow/example_dags/example_task_group.py for tasks to queue
[2026-04-01T13:06:24.441+0000] {logging_mixin.py:188} INFO - [2026-04-01T13:06:24.441+0000] {dagbag.py:545} INFO - Filling up the DagBag from /home/airflow/.local/lib/python3.12/site-packages/airflow/example_dags/example_task_group.py
[2026-04-01T13:06:24.446+0000] {processor.py:840} INFO - DAG(s) 'example_task_group' retrieved from /home/airflow/.local/lib/python3.12/site-packages/airflow/example_dags/example_task_group.py
[2026-04-01T13:06:24.461+0000] {logging_mixin.py:188} INFO - [2026-04-01T13:06:24.461+0000] {dag.py:3096} INFO - Sync 1 DAGs
[2026-04-01T13:06:24.476+0000] {logging_mixin.py:188} INFO - [2026-04-01T13:06:24.476+0000] {dag.py:3954} INFO - Setting next_dagrun for example_task_group to 2026-03-31 00:00:00+00:00, run_after=2026-04-01 00:00:00+00:00
[2026-04-01T13:06:24.496+0000] {processor.py:183} INFO - Processing /home/airflow/.local/lib/python3.12/site-packages/airflow/example_dags/example_task_group.py took 0.062 seconds
[2026-04-01T13:06:54.682+0000] {processor.py:161} INFO - Started process (PID=991) to work on /home/airflow/.local/lib/python3.12/site-packages/airflow/example_dags/example_task_group.py
[2026-04-01T13:06:54.682+0000] {processor.py:830} INFO - Processing file /home/airflow/.local/lib/python3.12/site-packages/airflow/example_dags/example_task_group.py for tasks to queue
[2026-04-01T13:06:54.684+0000] {logging_mixin.py:188} INFO - [2026-04-01T13:06:54.683+0000] {dagbag.py:545} INFO - Filling up the DagBag from /home/airflow/.local/lib/python3.12/site-packages/airflow/example_dags/example_task_group.py
[2026-04-01T13:06:54.689+0000] {processor.py:840} INFO - DAG(s) 'example_task_group' retrieved from /home/airflow/.local/lib/python3.12/site-packages/airflow/example_dags/example_task_group.py
[2026-04-01T13:06:54.706+0000] {logging_mixin.py:188} INFO - [2026-04-01T13:06:54.706+0000] {dag.py:3096} INFO - Sync 1 DAGs
[2026-04-01T13:06:54.721+0000] {logging_mixin.py:188} INFO - [2026-04-01T13:06:54.720+0000] {dag.py:3954} INFO - Setting next_dagrun for example_task_group to 2026-03-31 00:00:00+00:00, run_after=2026-04-01 00:00:00+00:00
[2026-04-01T13:06:54.736+0000] {processor.py:183} INFO - Processing /home/airflow/.local/lib/python3.12/site-packages/airflow/example_dags/example_task_group.py took 0.059 seconds
[2026-04-01T13:07:25.079+0000] {processor.py:161} INFO - Started process (PID=1049) to work on /home/airflow/.local/lib/python3.12/site-packages/airflow/example_dags/example_task_group.py
[2026-04-01T13:07:25.080+0000] {processor.py:830} INFO - Processing file /home/airflow/.local/lib/python3.12/site-packages/airflow/example_dags/example_task_group.py for tasks to queue
[2026-04-01T13:07:25.081+0000] {logging_mixin.py:188} INFO - [2026-04-01T13:07:25.081+0000] {dagbag.py:545} INFO - Filling up the DagBag from /home/airflow/.local/lib/python3.12/site-packages/airflow/example_dags/example_task_group.py
[2026-04-01T13:07:25.088+0000] {processor.py:840} INFO - DAG(s) 'example_task_group' retrieved from /home/airflow/.local/lib/python3.12/site-packages/airflow/example_dags/example_task_group.py
[2026-04-01T13:07:25.103+0000] {logging_mixin.py:188} INFO - [2026-04-01T13:07:25.103+0000] {dag.py:3096} INFO - Sync 1 DAGs
[2026-04-01T13:07:25.118+0000] {logging_mixin.py:188} INFO - [2026-04-01T13:07:25.118+0000] {dag.py:3954} INFO - Setting next_dagrun for example_task_group to 2026-03-31 00:00:00+00:00, run_after=2026-04-01 00:00:00+00:00
[2026-04-01T13:07:25.135+0000] {processor.py:183} INFO - Processing /home/airflow/.local/lib/python3.12/site-packages/airflow/example_dags/example_task_group.py took 0.061 seconds
[2026-04-01T13:07:55.304+0000] {processor.py:161} INFO - Started process (PID=1107) to work on /home/airflow/.local/lib/python3.12/site-packages/airflow/example_dags/example_task_group.py
[2026-04-01T13:07:55.305+0000] {processor.py:830} INFO - Processing file /home/airflow/.local/lib/python3.12/site-packages/airflow/example_dags/example_task_group.py for tasks to queue
[2026-04-01T13:07:55.307+0000] {logging_mixin.py:188} INFO - [2026-04-01T13:07:55.307+0000] {dagbag.py:545} INFO - Filling up the DagBag from /home/airflow/.local/lib/python3.12/site-packages/airflow/example_dags/example_task_group.py
[2026-04-01T13:07:55.312+0000] {processor.py:840} INFO - DAG(s) 'example_task_group' retrieved from /home/airflow/.local/lib/python3.12/site-packages/airflow/example_dags/example_task_group.py
[2026-04-01T13:07:55.329+0000] {logging_mixin.py:188} INFO - [2026-04-01T13:07:55.329+0000] {dag.py:3096} INFO - Sync 1 DAGs
[2026-04-01T13:07:55.344+0000] {logging_mixin.py:188} INFO - [2026-04-01T13:07:55.344+0000] {dag.py:3954} INFO - Setting next_dagrun for example_task_group to 2026-03-31 00:00:00+00:00, run_after=2026-04-01 00:00:00+00:00
[2026-04-01T13:07:55.361+0000] {processor.py:183} INFO - Processing /home/airflow/.local/lib/python3.12/site-packages/airflow/example_dags/example_task_group.py took 0.062 seconds
[2026-04-01T13:08:25.488+0000] {processor.py:161} INFO - Started process (PID=1165) to work on /home/airflow/.local/lib/python3.12/site-packages/airflow/example_dags/example_task_group.py
[2026-04-01T13:08:25.489+0000] {processor.py:830} INFO - Processing file /home/airflow/.local/lib/python3.12/site-packages/airflow/example_dags/example_task_group.py for tasks to queue
[2026-04-01T13:08:25.491+0000] {logging_mixin.py:188} INFO - [2026-04-01T13:08:25.490+0000] {dagbag.py:545} INFO - Filling up the DagBag from /home/airflow/.local/lib/python3.12/site-packages/airflow/example_dags/example_task_group.py
[2026-04-01T13:08:25.496+0000] {processor.py:840} INFO - DAG(s) 'example_task_group' retrieved from /home/airflow/.local/lib/python3.12/site-packages/airflow/example_dags/example_task_group.py
[2026-04-01T13:08:25.510+0000] {logging_mixin.py:188} INFO - [2026-04-01T13:08:25.510+0000] {dag.py:3096} INFO - Sync 1 DAGs
[2026-04-01T13:08:25.525+0000] {logging_mixin.py:188} INFO - [2026-04-01T13:08:25.525+0000] {dag.py:3954} INFO - Setting next_dagrun for example_task_group to 2026-03-31 00:00:00+00:00, run_after=2026-04-01 00:00:00+00:00
[2026-04-01T13:08:25.542+0000] {processor.py:183} INFO - Processing /home/airflow/.local/lib/python3.12/site-packages/airflow/example_dags/example_task_group.py took 0.058 seconds
[2026-04-01T13:08:55.876+0000] {processor.py:161} INFO - Started process (PID=1223) to work on /home/airflow/.local/lib/python3.12/site-packages/airflow/example_dags/example_task_group.py
[2026-04-01T13:08:55.877+0000] {processor.py:830} INFO - Processing file /home/airflow/.local/lib/python3.12/site-packages/airflow/example_dags/example_task_group.py for tasks to queue
[2026-04-01T13:08:55.878+0000] {logging_mixin.py:188} INFO - [2026-04-01T13:08:55.878+0000] {dagbag.py:545} INFO - Filling up the DagBag from /home/airflow/.local/lib/python3.12/site-packages/airflow/example_dags/example_task_group.py
[2026-04-01T13:08:55.885+0000] {processor.py:840} INFO - DAG(s) 'example_task_group' retrieved from /home/airflow/.local/lib/python3.12/site-packages/airflow/example_dags/example_task_group.py
[2026-04-01T13:08:55.901+0000] {logging_mixin.py:188} INFO - [2026-04-01T13:08:55.901+0000] {dag.py:3096} INFO - Sync 1 DAGs
[2026-04-01T13:08:55.917+0000] {logging_mixin.py:188} INFO - [2026-04-01T13:08:55.917+0000] {dag.py:3954} INFO - Setting next_dagrun for example_task_group to 2026-03-31 00:00:00+00:00, run_after=2026-04-01 00:00:00+00:00
[2026-04-01T13:08:55.935+0000] {processor.py:183} INFO - Processing /home/airflow/.local/lib/python3.12/site-packages/airflow/example_dags/example_task_group.py took 0.064 seconds
[2026-04-01T13:09:26.329+0000] {processor.py:161} INFO - Started process (PID=1281) to work on /home/airflow/.local/lib/python3.12/site-packages/airflow/example_dags/example_task_group.py
[2026-04-01T13:09:26.330+0000] {processor.py:830} INFO - Processing file /home/airflow/.local/lib/python3.12/site-packages/airflow/example_dags/example_task_group.py for tasks to queue
[2026-04-01T13:09:26.332+0000] {logging_mixin.py:188} INFO - [2026-04-01T13:09:26.331+0000] {dagbag.py:545} INFO - Filling up the DagBag from /home/airflow/.local/lib/python3.12/site-packages/airflow/example_dags/example_task_group.py
[2026-04-01T13:09:26.337+0000] {processor.py:840} INFO - DAG(s) 'example_task_group' retrieved from /home/airflow/.local/lib/python3.12/site-packages/airflow/example_dags/example_task_group.py
[2026-04-01T13:09:26.353+0000] {logging_mixin.py:188} INFO - [2026-04-01T13:09:26.353+0000] {dag.py:3096} INFO - Sync 1 DAGs
[2026-04-01T13:09:26.368+0000] {logging_mixin.py:188} INFO - [2026-04-01T13:09:26.368+0000] {dag.py:3954} INFO - Setting next_dagrun for example_task_group to 2026-03-31 00:00:00+00:00, run_after=2026-04-01 00:00:00+00:00
[2026-04-01T13:09:26.382+0000] {processor.py:183} INFO - Processing /home/airflow/.local/lib/python3.12/site-packages/airflow/example_dags/example_task_group.py took 0.057 seconds
[2026-04-01T13:09:56.653+0000] {processor.py:161} INFO - Started process (PID=1339) to work on /home/airflow/.local/lib/python3.12/site-packages/airflow/example_dags/example_task_group.py
[2026-04-01T13:09:56.653+0000] {processor.py:830} INFO - Processing file /home/airflow/.local/lib/python3.12/site-packages/airflow/example_dags/example_task_group.py for tasks to queue
[2026-04-01T13:09:56.655+0000] {logging_mixin.py:188} INFO - [2026-04-01T13:09:56.655+0000] {dagbag.py:545} INFO - Filling up the DagBag from /home/airflow/.local/lib/python3.12/site-packages/airflow/example_dags/example_task_group.py
[2026-04-01T13:09:56.660+0000] {processor.py:840} INFO - DAG(s) 'example_task_group' retrieved from /home/airflow/.local/lib/python3.12/site-packages/airflow/example_dags/example_task_group.py
[2026-04-01T13:09:56.680+0000] {logging_mixin.py:188} INFO - [2026-04-01T13:09:56.680+0000] {dag.py:3096} INFO - Sync 1 DAGs
[2026-04-01T13:09:56.707+0000] {logging_mixin.py:188} INFO - [2026-04-01T13:09:56.707+0000] {dag.py:3954} INFO - Setting next_dagrun for example_task_group to 2026-03-31 00:00:00+00:00, run_after=2026-04-01 00:00:00+00:00
[2026-04-01T13:09:56.734+0000] {processor.py:183} INFO - Processing /home/airflow/.local/lib/python3.12/site-packages/airflow/example_dags/example_task_group.py took 0.086 seconds
[2026-04-01T13:10:26.869+0000] {processor.py:161} INFO - Started process (PID=1397) to work on /home/airflow/.local/lib/python3.12/site-packages/airflow/example_dags/example_task_group.py
[2026-04-01T13:10:26.870+0000] {processor.py:830} INFO - Processing file /home/airflow/.local/lib/python3.12/site-packages/airflow/example_dags/example_task_group.py for tasks to queue
[2026-04-01T13:10:26.871+0000] {logging_mixin.py:188} INFO - [2026-04-01T13:10:26.871+0000] {dagbag.py:545} INFO - Filling up the DagBag from /home/airflow/.local/lib/python3.12/site-packages/airflow/example_dags/example_task_group.py
[2026-04-01T13:10:26.877+0000] {processor.py:840} INFO - DAG(s) 'example_task_group' retrieved from /home/airflow/.local/lib/python3.12/site-packages/airflow/example_dags/example_task_group.py
[2026-04-01T13:10:26.893+0000] {logging_mixin.py:188} INFO - [2026-04-01T13:10:26.892+0000] {dag.py:3096} INFO - Sync 1 DAGs
[2026-04-01T13:10:26.909+0000] {logging_mixin.py:188} INFO - [2026-04-01T13:10:26.908+0000] {dag.py:3954} INFO - Setting next_dagrun for example_task_group to 2026-03-31 00:00:00+00:00, run_after=2026-04-01 00:00:00+00:00
[2026-04-01T13:10:26.926+0000] {processor.py:183} INFO - Processing /home/airflow/.local/lib/python3.12/site-packages/airflow/example_dags/example_task_group.py took 0.062 seconds
[2026-04-01T13:10:57.446+0000] {processor.py:161} INFO - Started process (PID=1455) to work on /home/airflow/.local/lib/python3.12/site-packages/airflow/example_dags/example_task_group.py
[2026-04-01T13:10:57.447+0000] {processor.py:830} INFO - Processing file /home/airflow/.local/lib/python3.12/site-packages/airflow/example_dags/example_task_group.py for tasks to queue
[2026-04-01T13:10:57.451+0000] {logging_mixin.py:188} INFO - [2026-04-01T13:10:57.451+0000] {dagbag.py:545} INFO - Filling up the DagBag from /home/airflow/.local/lib/python3.12/site-packages/airflow/example_dags/example_task_group.py
[2026-04-01T13:10:57.459+0000] {processor.py:840} INFO - DAG(s) 'example_task_group' retrieved from /home/airflow/.local/lib/python3.12/site-packages/airflow/example_dags/example_task_group.py
[2026-04-01T13:10:57.484+0000] {logging_mixin.py:188} INFO - [2026-04-01T13:10:57.483+0000] {dag.py:3096} INFO - Sync 1 DAGs
[2026-04-01T13:10:57.505+0000] {logging_mixin.py:188} INFO - [2026-04-01T13:10:57.505+0000] {dag.py:3954} INFO - Setting next_dagrun for example_task_group to 2026-03-31 00:00:00+00:00, run_after=2026-04-01 00:00:00+00:00
[2026-04-01T13:10:57.534+0000] {processor.py:183} INFO - Processing /home/airflow/.local/lib/python3.12/site-packages/airflow/example_dags/example_task_group.py took 0.095 seconds
[2026-04-01T13:11:27.757+0000] {processor.py:161} INFO - Started process (PID=1513) to work on /home/airflow/.local/lib/python3.12/site-packages/airflow/example_dags/example_task_group.py
[2026-04-01T13:11:27.757+0000] {processor.py:830} INFO - Processing file /home/airflow/.local/lib/python3.12/site-packages/airflow/example_dags/example_task_group.py for tasks to queue
[2026-04-01T13:11:27.759+0000] {logging_mixin.py:188} INFO - [2026-04-01T13:11:27.758+0000] {dagbag.py:545} INFO - Filling up the DagBag from /home/airflow/.local/lib/python3.12/site-packages/airflow/example_dags/example_task_group.py
[2026-04-01T13:11:27.764+0000] {processor.py:840} INFO - DAG(s) 'example_task_group' retrieved from /home/airflow/.local/lib/python3.12/site-packages/airflow/example_dags/example_task_group.py
[2026-04-01T13:11:27.779+0000] {logging_mixin.py:188} INFO - [2026-04-01T13:11:27.779+0000] {dag.py:3096} INFO - Sync 1 DAGs
[2026-04-01T13:11:27.793+0000] {logging_mixin.py:188} INFO - [2026-04-01T13:11:27.793+0000] {dag.py:3954} INFO - Setting next_dagrun for example_task_group to 2026-03-31 00:00:00+00:00, run_after=2026-04-01 00:00:00+00:00
[2026-04-01T13:11:27.809+0000] {processor.py:183} INFO - Processing /home/airflow/.local/lib/python3.12/site-packages/airflow/example_dags/example_task_group.py took 0.057 seconds
[2026-04-01T13:11:58.043+0000] {processor.py:161} INFO - Started process (PID=1571) to work on /home/airflow/.local/lib/python3.12/site-packages/airflow/example_dags/example_task_group.py
[2026-04-01T13:11:58.044+0000] {processor.py:830} INFO - Processing file /home/airflow/.local/lib/python3.12/site-packages/airflow/example_dags/example_task_group.py for tasks to queue
[2026-04-01T13:11:58.045+0000] {logging_mixin.py:188} INFO - [2026-04-01T13:11:58.045+0000] {dagbag.py:545} INFO - Filling up the DagBag from /home/airflow/.local/lib/python3.12/site-packages/airflow/example_dags/example_task_group.py
[2026-04-01T13:11:58.050+0000] {processor.py:840} INFO - DAG(s) 'example_task_group' retrieved from /home/airflow/.local/lib/python3.12/site-packages/airflow/example_dags/example_task_group.py
[2026-04-01T13:11:58.068+0000] {logging_mixin.py:188} INFO - [2026-04-01T13:11:58.067+0000] {dag.py:3096} INFO - Sync 1 DAGs
[2026-04-01T13:11:58.083+0000] {logging_mixin.py:188} INFO - [2026-04-01T13:11:58.083+0000] {dag.py:3954} INFO - Setting next_dagrun for example_task_group to 2026-03-31 00:00:00+00:00, run_after=2026-04-01 00:00:00+00:00
[2026-04-01T13:11:58.099+0000] {processor.py:183} INFO - Processing /home/airflow/.local/lib/python3.12/site-packages/airflow/example_dags/example_task_group.py took 0.061 seconds
[2026-04-01T13:12:28.604+0000] {processor.py:161} INFO - Started process (PID=1629) to work on /home/airflow/.local/lib/python3.12/site-packages/airflow/example_dags/example_task_group.py
[2026-04-01T13:12:28.605+0000] {processor.py:830} INFO - Processing file /home/airflow/.local/lib/python3.12/site-packages/airflow/example_dags/example_task_group.py for tasks to queue
[2026-04-01T13:12:28.607+0000] {logging_mixin.py:188} INFO - [2026-04-01T13:12:28.607+0000] {dagbag.py:545} INFO - Filling up the DagBag from /home/airflow/.local/lib/python3.12/site-packages/airflow/example_dags/example_task_group.py
[2026-04-01T13:12:28.616+0000] {processor.py:840} INFO - DAG(s) 'example_task_group' retrieved from /home/airflow/.local/lib/python3.12/site-packages/airflow/example_dags/example_task_group.py
[2026-04-01T13:12:28.639+0000] {logging_mixin.py:188} INFO - [2026-04-01T13:12:28.639+0000] {dag.py:3096} INFO - Sync 1 DAGs
[2026-04-01T13:12:28.660+0000] {logging_mixin.py:188} INFO - [2026-04-01T13:12:28.660+0000] {dag.py:3954} INFO - Setting next_dagrun for example_task_group to 2026-03-31 00:00:00+00:00, run_after=2026-04-01 00:00:00+00:00
[2026-04-01T13:12:28.682+0000] {processor.py:183} INFO - Processing /home/airflow/.local/lib/python3.12/site-packages/airflow/example_dags/example_task_group.py took 0.085 seconds
[2026-04-01T13:12:58.894+0000] {processor.py:161} INFO - Started process (PID=1687) to work on /home/airflow/.local/lib/python3.12/site-packages/airflow/example_dags/example_task_group.py
[2026-04-01T13:12:58.895+0000] {processor.py:830} INFO - Processing file /home/airflow/.local/lib/python3.12/site-packages/airflow/example_dags/example_task_group.py for tasks to queue
[2026-04-01T13:12:58.896+0000] {logging_mixin.py:188} INFO - [2026-04-01T13:12:58.896+0000] {dagbag.py:545} INFO - Filling up the DagBag from /home/airflow/.local/lib/python3.12/site-packages/airflow/example_dags/example_task_group.py
[2026-04-01T13:12:58.901+0000] {processor.py:840} INFO - DAG(s) 'example_task_group' retrieved from /home/airflow/.local/lib/python3.12/site-packages/airflow/example_dags/example_task_group.py
[2026-04-01T13:12:58.918+0000] {logging_mixin.py:188} INFO - [2026-04-01T13:12:58.918+0000] {dag.py:3096} INFO - Sync 1 DAGs
[2026-04-01T13:12:58.933+0000] {logging_mixin.py:188} INFO - [2026-04-01T13:12:58.933+0000] {dag.py:3954} INFO - Setting next_dagrun for example_task_group to 2026-03-31 00:00:00+00:00, run_after=2026-04-01 00:00:00+00:00
[2026-04-01T13:12:58.951+0000] {processor.py:183} INFO - Processing /home/airflow/.local/lib/python3.12/site-packages/airflow/example_dags/example_task_group.py took 0.061 seconds
[2026-04-01T13:13:29.102+0000] {processor.py:161} INFO - Started process (PID=1745) to work on /home/airflow/.local/lib/python3.12/site-packages/airflow/example_dags/example_task_group.py
[2026-04-01T13:13:29.103+0000] {processor.py:830} INFO - Processing file /home/airflow/.local/lib/python3.12/site-packages/airflow/example_dags/example_task_group.py for tasks to queue
[2026-04-01T13:13:29.105+0000] {logging_mixin.py:188} INFO - [2026-04-01T13:13:29.105+0000] {dagbag.py:545} INFO - Filling up the DagBag from /home/airflow/.local/lib/python3.12/site-packages/airflow/example_dags/example_task_group.py
[2026-04-01T13:13:29.110+0000] {processor.py:840} INFO - DAG(s) 'example_task_group' retrieved from /home/airflow/.local/lib/python3.12/site-packages/airflow/example_dags/example_task_group.py
[2026-04-01T13:13:29.125+0000] {logging_mixin.py:188} INFO - [2026-04-01T13:13:29.125+0000] {dag.py:3096} INFO - Sync 1 DAGs
[2026-04-01T13:13:29.140+0000] {logging_mixin.py:188} INFO - [2026-04-01T13:13:29.140+0000] {dag.py:3954} INFO - Setting next_dagrun for example_task_group to 2026-03-31 00:00:00+00:00, run_after=2026-04-01 00:00:00+00:00
[2026-04-01T13:13:29.157+0000] {processor.py:183} INFO - Processing /home/airflow/.local/lib/python3.12/site-packages/airflow/example_dags/example_task_group.py took 0.060 seconds
[2026-04-01T13:13:59.740+0000] {processor.py:161} INFO - Started process (PID=1803) to work on /home/airflow/.local/lib/python3.12/site-packages/airflow/example_dags/example_task_group.py
[2026-04-01T13:13:59.741+0000] {processor.py:830} INFO - Processing file /home/airflow/.local/lib/python3.12/site-packages/airflow/example_dags/example_task_group.py for tasks to queue
[2026-04-01T13:13:59.742+0000] {logging_mixin.py:188} INFO - [2026-04-01T13:13:59.742+0000] {dagbag.py:545} INFO - Filling up the DagBag from /home/airflow/.local/lib/python3.12/site-packages/airflow/example_dags/example_task_group.py
[2026-04-01T13:13:59.749+0000] {processor.py:840} INFO - DAG(s) 'example_task_group' retrieved from /home/airflow/.local/lib/python3.12/site-packages/airflow/example_dags/example_task_group.py
[2026-04-01T13:13:59.766+0000] {logging_mixin.py:188} INFO - [2026-04-01T13:13:59.766+0000] {dag.py:3096} INFO - Sync 1 DAGs
[2026-04-01T13:13:59.785+0000] {logging_mixin.py:188} INFO - [2026-04-01T13:13:59.785+0000] {dag.py:3954} INFO - Setting next_dagrun for example_task_group to 2026-03-31 00:00:00+00:00, run_after=2026-04-01 00:00:00+00:00
[2026-04-01T13:13:59.801+0000] {processor.py:183} INFO - Processing /home/airflow/.local/lib/python3.12/site-packages/airflow/example_dags/example_task_group.py took 0.065 seconds
[2026-04-01T13:14:30.120+0000] {processor.py:161} INFO - Started process (PID=1861) to work on /home/airflow/.local/lib/python3.12/site-packages/airflow/example_dags/example_task_group.py
[2026-04-01T13:14:30.121+0000] {processor.py:830} INFO - Processing file /home/airflow/.local/lib/python3.12/site-packages/airflow/example_dags/example_task_group.py for tasks to queue
[2026-04-01T13:14:30.124+0000] {logging_mixin.py:188} INFO - [2026-04-01T13:14:30.123+0000] {dagbag.py:545} INFO - Filling up the DagBag from /home/airflow/.local/lib/python3.12/site-packages/airflow/example_dags/example_task_group.py
[2026-04-01T13:14:30.131+0000] {processor.py:840} INFO - DAG(s) 'example_task_group' retrieved from /home/airflow/.local/lib/python3.12/site-packages/airflow/example_dags/example_task_group.py
[2026-04-01T13:14:30.150+0000] {logging_mixin.py:188} INFO - [2026-04-01T13:14:30.150+0000] {dag.py:3096} INFO - Sync 1 DAGs
[2026-04-01T13:14:30.169+0000] {logging_mixin.py:188} INFO - [2026-04-01T13:14:30.169+0000] {dag.py:3954} INFO - Setting next_dagrun for example_task_group to 2026-03-31 00:00:00+00:00, run_after=2026-04-01 00:00:00+00:00
[2026-04-01T13:14:30.187+0000] {processor.py:183} INFO - Processing /home/airflow/.local/lib/python3.12/site-packages/airflow/example_dags/example_task_group.py took 0.073 seconds
[2026-04-01T13:15:00.536+0000] {processor.py:161} INFO - Started process (PID=1919) to work on /home/airflow/.local/lib/python3.12/site-packages/airflow/example_dags/example_task_group.py
[2026-04-01T13:15:00.537+0000] {processor.py:830} INFO - Processing file /home/airflow/.local/lib/python3.12/site-packages/airflow/example_dags/example_task_group.py for tasks to queue
[2026-04-01T13:15:00.539+0000] {logging_mixin.py:188} INFO - [2026-04-01T13:15:00.539+0000] {dagbag.py:545} INFO - Filling up the DagBag from /home/airflow/.local/lib/python3.12/site-packages/airflow/example_dags/example_task_group.py
[2026-04-01T13:15:00.547+0000] {processor.py:840} INFO - DAG(s) 'example_task_group' retrieved from /home/airflow/.local/lib/python3.12/site-packages/airflow/example_dags/example_task_group.py
[2026-04-01T13:15:00.565+0000] {logging_mixin.py:188} INFO - [2026-04-01T13:15:00.565+0000] {dag.py:3096} INFO - Sync 1 DAGs
[2026-04-01T13:15:00.582+0000] {logging_mixin.py:188} INFO - [2026-04-01T13:15:00.582+0000] {dag.py:3954} INFO - Setting next_dagrun for example_task_group to 2026-03-31 00:00:00+00:00, run_after=2026-04-01 00:00:00+00:00
[2026-04-01T13:15:00.602+0000] {processor.py:183} INFO - Processing /home/airflow/.local/lib/python3.12/site-packages/airflow/example_dags/example_task_group.py took 0.071 seconds
[2026-04-01T13:15:30.699+0000] {processor.py:161} INFO - Started process (PID=1977) to work on /home/airflow/.local/lib/python3.12/site-packages/airflow/example_dags/example_task_group.py
[2026-04-01T13:15:30.700+0000] {processor.py:830} INFO - Processing file /home/airflow/.local/lib/python3.12/site-packages/airflow/example_dags/example_task_group.py for tasks to queue
[2026-04-01T13:15:30.702+0000] {logging_mixin.py:188} INFO - [2026-04-01T13:15:30.702+0000] {dagbag.py:545} INFO - Filling up the DagBag from /home/airflow/.local/lib/python3.12/site-packages/airflow/example_dags/example_task_group.py
[2026-04-01T13:15:30.707+0000] {processor.py:840} INFO - DAG(s) 'example_task_group' retrieved from /home/airflow/.local/lib/python3.12/site-packages/airflow/example_dags/example_task_group.py
[2026-04-01T13:15:30.724+0000] {logging_mixin.py:188} INFO - [2026-04-01T13:15:30.724+0000] {dag.py:3096} INFO - Sync 1 DAGs
[2026-04-01T13:15:30.749+0000] {logging_mixin.py:188} INFO - [2026-04-01T13:15:30.749+0000] {dag.py:3954} INFO - Setting next_dagrun for example_task_group to 2026-03-31 00:00:00+00:00, run_after=2026-04-01 00:00:00+00:00
[2026-04-01T13:15:30.767+0000] {processor.py:183} INFO - Processing /home/airflow/.local/lib/python3.12/site-packages/airflow/example_dags/example_task_group.py took 0.073 seconds
[2026-04-01T13:16:01.381+0000] {processor.py:161} INFO - Started process (PID=2035) to work on /home/airflow/.local/lib/python3.12/site-packages/airflow/example_dags/example_task_group.py
[2026-04-01T13:16:01.382+0000] {processor.py:830} INFO - Processing file /home/airflow/.local/lib/python3.12/site-packages/airflow/example_dags/example_task_group.py for tasks to queue
[2026-04-01T13:16:01.383+0000] {logging_mixin.py:188} INFO - [2026-04-01T13:16:01.383+0000] {dagbag.py:545} INFO - Filling up the DagBag from /home/airflow/.local/lib/python3.12/site-packages/airflow/example_dags/example_task_group.py
[2026-04-01T13:16:01.389+0000] {processor.py:840} INFO - DAG(s) 'example_task_group' retrieved from /home/airflow/.local/lib/python3.12/site-packages/airflow/example_dags/example_task_group.py
[2026-04-01T13:16:01.404+0000] {logging_mixin.py:188} INFO - [2026-04-01T13:16:01.404+0000] {dag.py:3096} INFO - Sync 1 DAGs
[2026-04-01T13:16:01.420+0000] {logging_mixin.py:188} INFO - [2026-04-01T13:16:01.420+0000] {dag.py:3954} INFO - Setting next_dagrun for example_task_group to 2026-03-31 00:00:00+00:00, run_after=2026-04-01 00:00:00+00:00
[2026-04-01T13:16:01.438+0000] {processor.py:183} INFO - Processing /home/airflow/.local/lib/python3.12/site-packages/airflow/example_dags/example_task_group.py took 0.061 seconds
[2026-04-01T13:16:32.059+0000] {processor.py:161} INFO - Started process (PID=2093) to work on /home/airflow/.local/lib/python3.12/site-packages/airflow/example_dags/example_task_group.py
[2026-04-01T13:16:32.060+0000] {processor.py:830} INFO - Processing file /home/airflow/.local/lib/python3.12/site-packages/airflow/example_dags/example_task_group.py for tasks to queue
[2026-04-01T13:16:32.061+0000] {logging_mixin.py:188} INFO - [2026-04-01T13:16:32.061+0000] {dagbag.py:545} INFO - Filling up the DagBag from /home/airflow/.local/lib/python3.12/site-packages/airflow/example_dags/example_task_group.py
[2026-04-01T13:16:32.068+0000] {processor.py:840} INFO - DAG(s) 'example_task_group' retrieved from /home/airflow/.local/lib/python3.12/site-packages/airflow/example_dags/example_task_group.py
[2026-04-01T13:16:32.085+0000] {logging_mixin.py:188} INFO - [2026-04-01T13:16:32.085+0000] {dag.py:3096} INFO - Sync 1 DAGs
[2026-04-01T13:16:32.204+0000] {logging_mixin.py:188} INFO - [2026-04-01T13:16:32.204+0000] {dag.py:3954} INFO - Setting next_dagrun for example_task_group to 2026-03-31 00:00:00+00:00, run_after=2026-04-01 00:00:00+00:00
[2026-04-01T13:16:32.217+0000] {processor.py:183} INFO - Processing /home/airflow/.local/lib/python3.12/site-packages/airflow/example_dags/example_task_group.py took 0.163 seconds
[2026-04-01T13:17:02.267+0000] {processor.py:161} INFO - Started process (PID=2151) to work on /home/airflow/.local/lib/python3.12/site-packages/airflow/example_dags/example_task_group.py
[2026-04-01T13:17:02.268+0000] {processor.py:830} INFO - Processing file /home/airflow/.local/lib/python3.12/site-packages/airflow/example_dags/example_task_group.py for tasks to queue
[2026-04-01T13:17:02.269+0000] {logging_mixin.py:188} INFO - [2026-04-01T13:17:02.269+0000] {dagbag.py:545} INFO - Filling up the DagBag from /home/airflow/.local/lib/python3.12/site-packages/airflow/example_dags/example_task_group.py
[2026-04-01T13:17:02.276+0000] {processor.py:840} INFO - DAG(s) 'example_task_group' retrieved from /home/airflow/.local/lib/python3.12/site-packages/airflow/example_dags/example_task_group.py
[2026-04-01T13:17:02.295+0000] {logging_mixin.py:188} INFO - [2026-04-01T13:17:02.295+0000] {dag.py:3096} INFO - Sync 1 DAGs
[2026-04-01T13:17:02.315+0000] {logging_mixin.py:188} INFO - [2026-04-01T13:17:02.315+0000] {dag.py:3954} INFO - Setting next_dagrun for example_task_group to 2026-03-31 00:00:00+00:00, run_after=2026-04-01 00:00:00+00:00
[2026-04-01T13:17:02.334+0000] {processor.py:183} INFO - Processing /home/airflow/.local/lib/python3.12/site-packages/airflow/example_dags/example_task_group.py took 0.071 seconds
[2026-04-01T13:17:32.639+0000] {processor.py:161} INFO - Started process (PID=2209) to work on /home/airflow/.local/lib/python3.12/site-packages/airflow/example_dags/example_task_group.py
[2026-04-01T13:17:32.640+0000] {processor.py:830} INFO - Processing file /home/airflow/.local/lib/python3.12/site-packages/airflow/example_dags/example_task_group.py for tasks to queue
[2026-04-01T13:17:32.642+0000] {logging_mixin.py:188} INFO - [2026-04-01T13:17:32.642+0000] {dagbag.py:545} INFO - Filling up the DagBag from /home/airflow/.local/lib/python3.12/site-packages/airflow/example_dags/example_task_group.py
[2026-04-01T13:17:32.647+0000] {processor.py:840} INFO - DAG(s) 'example_task_group' retrieved from /home/airflow/.local/lib/python3.12/site-packages/airflow/example_dags/example_task_group.py
[2026-04-01T13:17:32.661+0000] {logging_mixin.py:188} INFO - [2026-04-01T13:17:32.661+0000] {dag.py:3096} INFO - Sync 1 DAGs
[2026-04-01T13:17:32.677+0000] {logging_mixin.py:188} INFO - [2026-04-01T13:17:32.677+0000] {dag.py:3954} INFO - Setting next_dagrun for example_task_group to 2026-03-31 00:00:00+00:00, run_after=2026-04-01 00:00:00+00:00
[2026-04-01T13:17:32.692+0000] {processor.py:183} INFO - Processing /home/airflow/.local/lib/python3.12/site-packages/airflow/example_dags/example_task_group.py took 0.057 seconds
[2026-04-01T13:18:02.870+0000] {processor.py:161} INFO - Started process (PID=2267) to work on /home/airflow/.local/lib/python3.12/site-packages/airflow/example_dags/example_task_group.py
[2026-04-01T13:18:02.871+0000] {processor.py:830} INFO - Processing file /home/airflow/.local/lib/python3.12/site-packages/airflow/example_dags/example_task_group.py for tasks to queue
[2026-04-01T13:18:02.873+0000] {logging_mixin.py:188} INFO - [2026-04-01T13:18:02.872+0000] {dagbag.py:545} INFO - Filling up the DagBag from /home/airflow/.local/lib/python3.12/site-packages/airflow/example_dags/example_task_group.py
[2026-04-01T13:18:02.879+0000] {processor.py:840} INFO - DAG(s) 'example_task_group' retrieved from /home/airflow/.local/lib/python3.12/site-packages/airflow/example_dags/example_task_group.py
[2026-04-01T13:18:02.895+0000] {logging_mixin.py:188} INFO - [2026-04-01T13:18:02.895+0000] {dag.py:3096} INFO - Sync 1 DAGs
[2026-04-01T13:18:02.912+0000] {logging_mixin.py:188} INFO - [2026-04-01T13:18:02.912+0000] {dag.py:3954} INFO - Setting next_dagrun for example_task_group to 2026-03-31 00:00:00+00:00, run_after=2026-04-01 00:00:00+00:00
[2026-04-01T13:18:02.928+0000] {processor.py:183} INFO - Processing /home/airflow/.local/lib/python3.12/site-packages/airflow/example_dags/example_task_group.py took 0.063 seconds
[2026-04-01T13:18:33.289+0000] {processor.py:161} INFO - Started process (PID=2325) to work on /home/airflow/.local/lib/python3.12/site-packages/airflow/example_dags/example_task_group.py
[2026-04-01T13:18:33.289+0000] {processor.py:830} INFO - Processing file /home/airflow/.local/lib/python3.12/site-packages/airflow/example_dags/example_task_group.py for tasks to queue
[2026-04-01T13:18:33.291+0000] {logging_mixin.py:188} INFO - [2026-04-01T13:18:33.291+0000] {dagbag.py:545} INFO - Filling up the DagBag from /home/airflow/.local/lib/python3.12/site-packages/airflow/example_dags/example_task_group.py
[2026-04-01T13:18:33.297+0000] {processor.py:840} INFO - DAG(s) 'example_task_group' retrieved from /home/airflow/.local/lib/python3.12/site-packages/airflow/example_dags/example_task_group.py
[2026-04-01T13:18:33.311+0000] {logging_mixin.py:188} INFO - [2026-04-01T13:18:33.311+0000] {dag.py:3096} INFO - Sync 1 DAGs
[2026-04-01T13:18:33.325+0000] {logging_mixin.py:188} INFO - [2026-04-01T13:18:33.324+0000] {dag.py:3954} INFO - Setting next_dagrun for example_task_group to 2026-03-31 00:00:00+00:00, run_after=2026-04-01 00:00:00+00:00
[2026-04-01T13:18:33.339+0000] {processor.py:183} INFO - Processing /home/airflow/.local/lib/python3.12/site-packages/airflow/example_dags/example_task_group.py took 0.055 seconds
[2026-04-01T13:19:03.856+0000] {processor.py:161} INFO - Started process (PID=2383) to work on /home/airflow/.local/lib/python3.12/site-packages/airflow/example_dags/example_task_group.py
[2026-04-01T13:19:03.857+0000] {processor.py:830} INFO - Processing file /home/airflow/.local/lib/python3.12/site-packages/airflow/example_dags/example_task_group.py for tasks to queue
[2026-04-01T13:19:03.858+0000] {logging_mixin.py:188} INFO - [2026-04-01T13:19:03.858+0000] {dagbag.py:545} INFO - Filling up the DagBag from /home/airflow/.local/lib/python3.12/site-packages/airflow/example_dags/example_task_group.py
[2026-04-01T13:19:03.864+0000] {processor.py:840} INFO - DAG(s) 'example_task_group' retrieved from /home/airflow/.local/lib/python3.12/site-packages/airflow/example_dags/example_task_group.py
[2026-04-01T13:19:03.879+0000] {logging_mixin.py:188} INFO - [2026-04-01T13:19:03.879+0000] {dag.py:3096} INFO - Sync 1 DAGs
[2026-04-01T13:19:03.895+0000] {logging_mixin.py:188} INFO - [2026-04-01T13:19:03.895+0000] {dag.py:3954} INFO - Setting next_dagrun for example_task_group to 2026-03-31 00:00:00+00:00, run_after=2026-04-01 00:00:00+00:00
[2026-04-01T13:19:03.911+0000] {processor.py:183} INFO - Processing /home/airflow/.local/lib/python3.12/site-packages/airflow/example_dags/example_task_group.py took 0.060 seconds
[2026-04-01T13:19:34.238+0000] {processor.py:161} INFO - Started process (PID=2441) to work on /home/airflow/.local/lib/python3.12/site-packages/airflow/example_dags/example_task_group.py
[2026-04-01T13:19:34.239+0000] {processor.py:830} INFO - Processing file /home/airflow/.local/lib/python3.12/site-packages/airflow/example_dags/example_task_group.py for tasks to queue
[2026-04-01T13:19:34.241+0000] {logging_mixin.py:188} INFO - [2026-04-01T13:19:34.240+0000] {dagbag.py:545} INFO - Filling up the DagBag from /home/airflow/.local/lib/python3.12/site-packages/airflow/example_dags/example_task_group.py
[2026-04-01T13:19:34.247+0000] {processor.py:840} INFO - DAG(s) 'example_task_group' retrieved from /home/airflow/.local/lib/python3.12/site-packages/airflow/example_dags/example_task_group.py
[2026-04-01T13:19:34.262+0000] {logging_mixin.py:188} INFO - [2026-04-01T13:19:34.262+0000] {dag.py:3096} INFO - Sync 1 DAGs
[2026-04-01T13:19:34.279+0000] {logging_mixin.py:188} INFO - [2026-04-01T13:19:34.279+0000] {dag.py:3954} INFO - Setting next_dagrun for example_task_group to 2026-03-31 00:00:00+00:00, run_after=2026-04-01 00:00:00+00:00
[2026-04-01T13:19:34.296+0000] {processor.py:183} INFO - Processing /home/airflow/.local/lib/python3.12/site-packages/airflow/example_dags/example_task_group.py took 0.064 seconds
[2026-04-01T13:20:04.643+0000] {processor.py:161} INFO - Started process (PID=2499) to work on /home/airflow/.local/lib/python3.12/site-packages/airflow/example_dags/example_task_group.py
[2026-04-01T13:20:04.643+0000] {processor.py:830} INFO - Processing file /home/airflow/.local/lib/python3.12/site-packages/airflow/example_dags/example_task_group.py for tasks to queue
[2026-04-01T13:20:04.645+0000] {logging_mixin.py:188} INFO - [2026-04-01T13:20:04.644+0000] {dagbag.py:545} INFO - Filling up the DagBag from /home/airflow/.local/lib/python3.12/site-packages/airflow/example_dags/example_task_group.py
[2026-04-01T13:20:04.650+0000] {processor.py:840} INFO - DAG(s) 'example_task_group' retrieved from /home/airflow/.local/lib/python3.12/site-packages/airflow/example_dags/example_task_group.py
[2026-04-01T13:20:04.665+0000] {logging_mixin.py:188} INFO - [2026-04-01T13:20:04.665+0000] {dag.py:3096} INFO - Sync 1 DAGs
[2026-04-01T13:20:04.682+0000] {logging_mixin.py:188} INFO - [2026-04-01T13:20:04.682+0000] {dag.py:3954} INFO - Setting next_dagrun for example_task_group to 2026-03-31 00:00:00+00:00, run_after=2026-04-01 00:00:00+00:00
[2026-04-01T13:20:04.697+0000] {processor.py:183} INFO - Processing /home/airflow/.local/lib/python3.12/site-packages/airflow/example_dags/example_task_group.py took 0.059 seconds
[2026-04-01T13:20:35.159+0000] {processor.py:161} INFO - Started process (PID=2557) to work on /home/airflow/.local/lib/python3.12/site-packages/airflow/example_dags/example_task_group.py
[2026-04-01T13:20:35.160+0000] {processor.py:830} INFO - Processing file /home/airflow/.local/lib/python3.12/site-packages/airflow/example_dags/example_task_group.py for tasks to queue
[2026-04-01T13:20:35.162+0000] {logging_mixin.py:188} INFO - [2026-04-01T13:20:35.162+0000] {dagbag.py:545} INFO - Filling up the DagBag from /home/airflow/.local/lib/python3.12/site-packages/airflow/example_dags/example_task_group.py
[2026-04-01T13:20:35.167+0000] {processor.py:840} INFO - DAG(s) 'example_task_group' retrieved from /home/airflow/.local/lib/python3.12/site-packages/airflow/example_dags/example_task_group.py
[2026-04-01T13:20:35.184+0000] {logging_mixin.py:188} INFO - [2026-04-01T13:20:35.184+0000] {dag.py:3096} INFO - Sync 1 DAGs
[2026-04-01T13:20:35.201+0000] {logging_mixin.py:188} INFO - [2026-04-01T13:20:35.201+0000] {dag.py:3954} INFO - Setting next_dagrun for example_task_group to 2026-03-31 00:00:00+00:00, run_after=2026-04-01 00:00:00+00:00
[2026-04-01T13:20:35.220+0000] {processor.py:183} INFO - Processing /home/airflow/.local/lib/python3.12/site-packages/airflow/example_dags/example_task_group.py took 0.067 seconds
[2026-04-01T13:21:05.590+0000] {processor.py:161} INFO - Started process (PID=2615) to work on /home/airflow/.local/lib/python3.12/site-packages/airflow/example_dags/example_task_group.py
[2026-04-01T13:21:05.591+0000] {processor.py:830} INFO - Processing file /home/airflow/.local/lib/python3.12/site-packages/airflow/example_dags/example_task_group.py for tasks to queue
[2026-04-01T13:21:05.593+0000] {logging_mixin.py:188} INFO - [2026-04-01T13:21:05.592+0000] {dagbag.py:545} INFO - Filling up the DagBag from /home/airflow/.local/lib/python3.12/site-packages/airflow/example_dags/example_task_group.py
[2026-04-01T13:21:05.598+0000] {processor.py:840} INFO - DAG(s) 'example_task_group' retrieved from /home/airflow/.local/lib/python3.12/site-packages/airflow/example_dags/example_task_group.py
[2026-04-01T13:21:05.614+0000] {logging_mixin.py:188} INFO - [2026-04-01T13:21:05.613+0000] {dag.py:3096} INFO - Sync 1 DAGs
[2026-04-01T13:21:05.629+0000] {logging_mixin.py:188} INFO - [2026-04-01T13:21:05.629+0000] {dag.py:3954} INFO - Setting next_dagrun for example_task_group to 2026-03-31 00:00:00+00:00, run_after=2026-04-01 00:00:00+00:00
[2026-04-01T13:21:05.644+0000] {processor.py:183} INFO - Processing /home/airflow/.local/lib/python3.12/site-packages/airflow/example_dags/example_task_group.py took 0.058 seconds
[2026-04-01T13:21:36.062+0000] {processor.py:161} INFO - Started process (PID=2673) to work on /home/airflow/.local/lib/python3.12/site-packages/airflow/example_dags/example_task_group.py
[2026-04-01T13:21:36.063+0000] {processor.py:830} INFO - Processing file /home/airflow/.local/lib/python3.12/site-packages/airflow/example_dags/example_task_group.py for tasks to queue
[2026-04-01T13:21:36.065+0000] {logging_mixin.py:188} INFO - [2026-04-01T13:21:36.065+0000] {dagbag.py:545} INFO - Filling up the DagBag from /home/airflow/.local/lib/python3.12/site-packages/airflow/example_dags/example_task_group.py
[2026-04-01T13:21:36.070+0000] {processor.py:840} INFO - DAG(s) 'example_task_group' retrieved from /home/airflow/.local/lib/python3.12/site-packages/airflow/example_dags/example_task_group.py
[2026-04-01T13:21:36.086+0000] {logging_mixin.py:188} INFO - [2026-04-01T13:21:36.086+0000] {dag.py:3096} INFO - Sync 1 DAGs
[2026-04-01T13:21:36.103+0000] {logging_mixin.py:188} INFO - [2026-04-01T13:21:36.103+0000] {dag.py:3954} INFO - Setting next_dagrun for example_task_group to 2026-03-31 00:00:00+00:00, run_after=2026-04-01 00:00:00+00:00
[2026-04-01T13:21:36.121+0000] {processor.py:183} INFO - Processing /home/airflow/.local/lib/python3.12/site-packages/airflow/example_dags/example_task_group.py took 0.064 seconds
[2026-04-01T13:22:06.634+0000] {processor.py:161} INFO - Started process (PID=2731) to work on /home/airflow/.local/lib/python3.12/site-packages/airflow/example_dags/example_task_group.py
[2026-04-01T13:22:06.634+0000] {processor.py:830} INFO - Processing file /home/airflow/.local/lib/python3.12/site-packages/airflow/example_dags/example_task_group.py for tasks to queue
[2026-04-01T13:22:06.636+0000] {logging_mixin.py:188} INFO - [2026-04-01T13:22:06.636+0000] {dagbag.py:545} INFO - Filling up the DagBag from /home/airflow/.local/lib/python3.12/site-packages/airflow/example_dags/example_task_group.py
[2026-04-01T13:22:06.641+0000] {processor.py:840} INFO - DAG(s) 'example_task_group' retrieved from /home/airflow/.local/lib/python3.12/site-packages/airflow/example_dags/example_task_group.py
[2026-04-01T13:22:06.656+0000] {logging_mixin.py:188} INFO - [2026-04-01T13:22:06.656+0000] {dag.py:3096} INFO - Sync 1 DAGs
[2026-04-01T13:22:06.672+0000] {logging_mixin.py:188} INFO - [2026-04-01T13:22:06.672+0000] {dag.py:3954} INFO - Setting next_dagrun for example_task_group to 2026-03-31 00:00:00+00:00, run_after=2026-04-01 00:00:00+00:00
[2026-04-01T13:22:06.690+0000] {processor.py:183} INFO - Processing /home/airflow/.local/lib/python3.12/site-packages/airflow/example_dags/example_task_group.py took 0.061 seconds
[2026-04-01T13:22:37.077+0000] {processor.py:161} INFO - Started process (PID=2789) to work on /home/airflow/.local/lib/python3.12/site-packages/airflow/example_dags/example_task_group.py
[2026-04-01T13:22:37.078+0000] {processor.py:830} INFO - Processing file /home/airflow/.local/lib/python3.12/site-packages/airflow/example_dags/example_task_group.py for tasks to queue
[2026-04-01T13:22:37.079+0000] {logging_mixin.py:188} INFO - [2026-04-01T13:22:37.079+0000] {dagbag.py:545} INFO - Filling up the DagBag from /home/airflow/.local/lib/python3.12/site-packages/airflow/example_dags/example_task_group.py
[2026-04-01T13:22:37.085+0000] {processor.py:840} INFO - DAG(s) 'example_task_group' retrieved from /home/airflow/.local/lib/python3.12/site-packages/airflow/example_dags/example_task_group.py
[2026-04-01T13:22:37.102+0000] {logging_mixin.py:188} INFO - [2026-04-01T13:22:37.102+0000] {dag.py:3096} INFO - Sync 1 DAGs
[2026-04-01T13:22:37.118+0000] {logging_mixin.py:188} INFO - [2026-04-01T13:22:37.118+0000] {dag.py:3954} INFO - Setting next_dagrun for example_task_group to 2026-03-31 00:00:00+00:00, run_after=2026-04-01 00:00:00+00:00
[2026-04-01T13:22:37.134+0000] {processor.py:183} INFO - Processing /home/airflow/.local/lib/python3.12/site-packages/airflow/example_dags/example_task_group.py took 0.061 seconds
[2026-04-01T13:23:07.651+0000] {processor.py:161} INFO - Started process (PID=2847) to work on /home/airflow/.local/lib/python3.12/site-packages/airflow/example_dags/example_task_group.py
[2026-04-01T13:23:07.652+0000] {processor.py:830} INFO - Processing file /home/airflow/.local/lib/python3.12/site-packages/airflow/example_dags/example_task_group.py for tasks to queue
[2026-04-01T13:23:07.653+0000] {logging_mixin.py:188} INFO - [2026-04-01T13:23:07.653+0000] {dagbag.py:545} INFO - Filling up the DagBag from /home/airflow/.local/lib/python3.12/site-packages/airflow/example_dags/example_task_group.py
[2026-04-01T13:23:07.658+0000] {processor.py:840} INFO - DAG(s) 'example_task_group' retrieved from /home/airflow/.local/lib/python3.12/site-packages/airflow/example_dags/example_task_group.py
[2026-04-01T13:23:07.673+0000] {logging_mixin.py:188} INFO - [2026-04-01T13:23:07.672+0000] {dag.py:3096} INFO - Sync 1 DAGs
[2026-04-01T13:23:07.686+0000] {logging_mixin.py:188} INFO - [2026-04-01T13:23:07.686+0000] {dag.py:3954} INFO - Setting next_dagrun for example_task_group to 2026-03-31 00:00:00+00:00, run_after=2026-04-01 00:00:00+00:00
[2026-04-01T13:23:07.701+0000] {processor.py:183} INFO - Processing /home/airflow/.local/lib/python3.12/site-packages/airflow/example_dags/example_task_group.py took 0.056 seconds
[2026-04-01T13:23:38.113+0000] {processor.py:161} INFO - Started process (PID=2905) to work on /home/airflow/.local/lib/python3.12/site-packages/airflow/example_dags/example_task_group.py
[2026-04-01T13:23:38.114+0000] {processor.py:830} INFO - Processing file /home/airflow/.local/lib/python3.12/site-packages/airflow/example_dags/example_task_group.py for tasks to queue
[2026-04-01T13:23:38.116+0000] {logging_mixin.py:188} INFO - [2026-04-01T13:23:38.115+0000] {dagbag.py:545} INFO - Filling up the DagBag from /home/airflow/.local/lib/python3.12/site-packages/airflow/example_dags/example_task_group.py
[2026-04-01T13:23:38.122+0000] {processor.py:840} INFO - DAG(s) 'example_task_group' retrieved from /home/airflow/.local/lib/python3.12/site-packages/airflow/example_dags/example_task_group.py
[2026-04-01T13:23:38.138+0000] {logging_mixin.py:188} INFO - [2026-04-01T13:23:38.138+0000] {dag.py:3096} INFO - Sync 1 DAGs
[2026-04-01T13:23:38.153+0000] {logging_mixin.py:188} INFO - [2026-04-01T13:23:38.153+0000] {dag.py:3954} INFO - Setting next_dagrun for example_task_group to 2026-03-31 00:00:00+00:00, run_after=2026-04-01 00:00:00+00:00
[2026-04-01T13:23:38.172+0000] {processor.py:183} INFO - Processing /home/airflow/.local/lib/python3.12/site-packages/airflow/example_dags/example_task_group.py took 0.063 seconds
[2026-04-01T13:24:08.763+0000] {processor.py:161} INFO - Started process (PID=2964) to work on /home/airflow/.local/lib/python3.12/site-packages/airflow/example_dags/example_task_group.py
[2026-04-01T13:24:08.764+0000] {processor.py:830} INFO - Processing file /home/airflow/.local/lib/python3.12/site-packages/airflow/example_dags/example_task_group.py for tasks to queue
[2026-04-01T13:24:08.765+0000] {logging_mixin.py:188} INFO - [2026-04-01T13:24:08.765+0000] {dagbag.py:545} INFO - Filling up the DagBag from /home/airflow/.local/lib/python3.12/site-packages/airflow/example_dags/example_task_group.py
[2026-04-01T13:24:08.772+0000] {processor.py:840} INFO - DAG(s) 'example_task_group' retrieved from /home/airflow/.local/lib/python3.12/site-packages/airflow/example_dags/example_task_group.py
[2026-04-01T13:24:08.789+0000] {logging_mixin.py:188} INFO - [2026-04-01T13:24:08.789+0000] {dag.py:3096} INFO - Sync 1 DAGs
[2026-04-01T13:24:08.805+0000] {logging_mixin.py:188} INFO - [2026-04-01T13:24:08.805+0000] {dag.py:3954} INFO - Setting next_dagrun for example_task_group to 2026-03-31 00:00:00+00:00, run_after=2026-04-01 00:00:00+00:00
[2026-04-01T13:24:08.822+0000] {processor.py:183} INFO - Processing /home/airflow/.local/lib/python3.12/site-packages/airflow/example_dags/example_task_group.py took 0.064 seconds
[2026-04-01T13:24:39.162+0000] {processor.py:161} INFO - Started process (PID=3022) to work on /home/airflow/.local/lib/python3.12/site-packages/airflow/example_dags/example_task_group.py
[2026-04-01T13:24:39.163+0000] {processor.py:830} INFO - Processing file /home/airflow/.local/lib/python3.12/site-packages/airflow/example_dags/example_task_group.py for tasks to queue
[2026-04-01T13:24:39.165+0000] {logging_mixin.py:188} INFO - [2026-04-01T13:24:39.164+0000] {dagbag.py:545} INFO - Filling up the DagBag from /home/airflow/.local/lib/python3.12/site-packages/airflow/example_dags/example_task_group.py
[2026-04-01T13:24:39.170+0000] {processor.py:840} INFO - DAG(s) 'example_task_group' retrieved from /home/airflow/.local/lib/python3.12/site-packages/airflow/example_dags/example_task_group.py
[2026-04-01T13:24:39.185+0000] {logging_mixin.py:188} INFO - [2026-04-01T13:24:39.185+0000] {dag.py:3096} INFO - Sync 1 DAGs
[2026-04-01T13:24:39.200+0000] {logging_mixin.py:188} INFO - [2026-04-01T13:24:39.200+0000] {dag.py:3954} INFO - Setting next_dagrun for example_task_group to 2026-03-31 00:00:00+00:00, run_after=2026-04-01 00:00:00+00:00
[2026-04-01T13:24:39.217+0000] {processor.py:183} INFO - Processing /home/airflow/.local/lib/python3.12/site-packages/airflow/example_dags/example_task_group.py took 0.061 seconds
[2026-04-01T13:25:09.749+0000] {processor.py:161} INFO - Started process (PID=3081) to work on /home/airflow/.local/lib/python3.12/site-packages/airflow/example_dags/example_task_group.py
[2026-04-01T13:25:09.749+0000] {processor.py:830} INFO - Processing file /home/airflow/.local/lib/python3.12/site-packages/airflow/example_dags/example_task_group.py for tasks to queue
[2026-04-01T13:25:09.751+0000] {logging_mixin.py:188} INFO - [2026-04-01T13:25:09.751+0000] {dagbag.py:545} INFO - Filling up the DagBag from /home/airflow/.local/lib/python3.12/site-packages/airflow/example_dags/example_task_group.py
[2026-04-01T13:25:09.757+0000] {processor.py:840} INFO - DAG(s) 'example_task_group' retrieved from /home/airflow/.local/lib/python3.12/site-packages/airflow/example_dags/example_task_group.py
[2026-04-01T13:25:09.772+0000] {logging_mixin.py:188} INFO - [2026-04-01T13:25:09.772+0000] {dag.py:3096} INFO - Sync 1 DAGs
[2026-04-01T13:25:09.788+0000] {logging_mixin.py:188} INFO - [2026-04-01T13:25:09.788+0000] {dag.py:3954} INFO - Setting next_dagrun for example_task_group to 2026-03-31 00:00:00+00:00, run_after=2026-04-01 00:00:00+00:00
[2026-04-01T13:25:09.806+0000] {processor.py:183} INFO - Processing /home/airflow/.local/lib/python3.12/site-packages/airflow/example_dags/example_task_group.py took 0.061 seconds
[2026-04-01T13:25:40.136+0000] {processor.py:161} INFO - Started process (PID=3140) to work on /home/airflow/.local/lib/python3.12/site-packages/airflow/example_dags/example_task_group.py
[2026-04-01T13:25:40.137+0000] {processor.py:830} INFO - Processing file /home/airflow/.local/lib/python3.12/site-packages/airflow/example_dags/example_task_group.py for tasks to queue
[2026-04-01T13:25:40.138+0000] {logging_mixin.py:188} INFO - [2026-04-01T13:25:40.138+0000] {dagbag.py:545} INFO - Filling up the DagBag from /home/airflow/.local/lib/python3.12/site-packages/airflow/example_dags/example_task_group.py
[2026-04-01T13:25:40.144+0000] {processor.py:840} INFO - DAG(s) 'example_task_group' retrieved from /home/airflow/.local/lib/python3.12/site-packages/airflow/example_dags/example_task_group.py
[2026-04-01T13:25:40.161+0000] {logging_mixin.py:188} INFO - [2026-04-01T13:25:40.161+0000] {dag.py:3096} INFO - Sync 1 DAGs
[2026-04-01T13:25:40.175+0000] {logging_mixin.py:188} INFO - [2026-04-01T13:25:40.174+0000] {dag.py:3954} INFO - Setting next_dagrun for example_task_group to 2026-03-31 00:00:00+00:00, run_after=2026-04-01 00:00:00+00:00
[2026-04-01T13:25:40.189+0000] {processor.py:183} INFO - Processing /home/airflow/.local/lib/python3.12/site-packages/airflow/example_dags/example_task_group.py took 0.059 seconds
[2026-04-01T13:26:10.502+0000] {processor.py:161} INFO - Started process (PID=3199) to work on /home/airflow/.local/lib/python3.12/site-packages/airflow/example_dags/example_task_group.py
[2026-04-01T13:26:10.502+0000] {processor.py:830} INFO - Processing file /home/airflow/.local/lib/python3.12/site-packages/airflow/example_dags/example_task_group.py for tasks to queue
[2026-04-01T13:26:10.504+0000] {logging_mixin.py:188} INFO - [2026-04-01T13:26:10.504+0000] {dagbag.py:545} INFO - Filling up the DagBag from /home/airflow/.local/lib/python3.12/site-packages/airflow/example_dags/example_task_group.py
[2026-04-01T13:26:10.510+0000] {processor.py:840} INFO - DAG(s) 'example_task_group' retrieved from /home/airflow/.local/lib/python3.12/site-packages/airflow/example_dags/example_task_group.py
[2026-04-01T13:26:10.525+0000] {logging_mixin.py:188} INFO - [2026-04-01T13:26:10.524+0000] {dag.py:3096} INFO - Sync 1 DAGs
[2026-04-01T13:26:10.539+0000] {logging_mixin.py:188} INFO - [2026-04-01T13:26:10.539+0000] {dag.py:3954} INFO - Setting next_dagrun for example_task_group to 2026-03-31 00:00:00+00:00, run_after=2026-04-01 00:00:00+00:00
[2026-04-01T13:26:10.553+0000] {processor.py:183} INFO - Processing /home/airflow/.local/lib/python3.12/site-packages/airflow/example_dags/example_task_group.py took 0.056 seconds
[2026-04-01T13:26:40.795+0000] {processor.py:161} INFO - Started process (PID=3258) to work on /home/airflow/.local/lib/python3.12/site-packages/airflow/example_dags/example_task_group.py
[2026-04-01T13:26:40.796+0000] {processor.py:830} INFO - Processing file /home/airflow/.local/lib/python3.12/site-packages/airflow/example_dags/example_task_group.py for tasks to queue
[2026-04-01T13:26:40.798+0000] {logging_mixin.py:188} INFO - [2026-04-01T13:26:40.798+0000] {dagbag.py:545} INFO - Filling up the DagBag from /home/airflow/.local/lib/python3.12/site-packages/airflow/example_dags/example_task_group.py
[2026-04-01T13:26:40.804+0000] {processor.py:840} INFO - DAG(s) 'example_task_group' retrieved from /home/airflow/.local/lib/python3.12/site-packages/airflow/example_dags/example_task_group.py
[2026-04-01T13:26:40.824+0000] {logging_mixin.py:188} INFO - [2026-04-01T13:26:40.823+0000] {dag.py:3096} INFO - Sync 1 DAGs
[2026-04-01T13:26:40.839+0000] {logging_mixin.py:188} INFO - [2026-04-01T13:26:40.839+0000] {dag.py:3954} INFO - Setting next_dagrun for example_task_group to 2026-03-31 00:00:00+00:00, run_after=2026-04-01 00:00:00+00:00
[2026-04-01T13:26:40.854+0000] {processor.py:183} INFO - Processing /home/airflow/.local/lib/python3.12/site-packages/airflow/example_dags/example_task_group.py took 0.065 seconds
[2026-04-01T13:27:11.272+0000] {processor.py:161} INFO - Started process (PID=3317) to work on /home/airflow/.local/lib/python3.12/site-packages/airflow/example_dags/example_task_group.py
[2026-04-01T13:27:11.273+0000] {processor.py:830} INFO - Processing file /home/airflow/.local/lib/python3.12/site-packages/airflow/example_dags/example_task_group.py for tasks to queue
[2026-04-01T13:27:11.275+0000] {logging_mixin.py:188} INFO - [2026-04-01T13:27:11.275+0000] {dagbag.py:545} INFO - Filling up the DagBag from /home/airflow/.local/lib/python3.12/site-packages/airflow/example_dags/example_task_group.py
[2026-04-01T13:27:11.281+0000] {processor.py:840} INFO - DAG(s) 'example_task_group' retrieved from /home/airflow/.local/lib/python3.12/site-packages/airflow/example_dags/example_task_group.py
[2026-04-01T13:27:11.298+0000] {logging_mixin.py:188} INFO - [2026-04-01T13:27:11.298+0000] {dag.py:3096} INFO - Sync 1 DAGs
[2026-04-01T13:27:11.313+0000] {logging_mixin.py:188} INFO - [2026-04-01T13:27:11.313+0000] {dag.py:3954} INFO - Setting next_dagrun for example_task_group to 2026-03-31 00:00:00+00:00, run_after=2026-04-01 00:00:00+00:00
[2026-04-01T13:27:11.331+0000] {processor.py:183} INFO - Processing /home/airflow/.local/lib/python3.12/site-packages/airflow/example_dags/example_task_group.py took 0.063 seconds
[2026-04-01T13:27:41.890+0000] {processor.py:161} INFO - Started process (PID=3376) to work on /home/airflow/.local/lib/python3.12/site-packages/airflow/example_dags/example_task_group.py
[2026-04-01T13:27:41.892+0000] {processor.py:830} INFO - Processing file /home/airflow/.local/lib/python3.12/site-packages/airflow/example_dags/example_task_group.py for tasks to queue
[2026-04-01T13:27:41.894+0000] {logging_mixin.py:188} INFO - [2026-04-01T13:27:41.893+0000] {dagbag.py:545} INFO - Filling up the DagBag from /home/airflow/.local/lib/python3.12/site-packages/airflow/example_dags/example_task_group.py
[2026-04-01T13:27:41.901+0000] {processor.py:840} INFO - DAG(s) 'example_task_group' retrieved from /home/airflow/.local/lib/python3.12/site-packages/airflow/example_dags/example_task_group.py
[2026-04-01T13:27:41.923+0000] {logging_mixin.py:188} INFO - [2026-04-01T13:27:41.923+0000] {dag.py:3096} INFO - Sync 1 DAGs
[2026-04-01T13:27:41.944+0000] {logging_mixin.py:188} INFO - [2026-04-01T13:27:41.943+0000] {dag.py:3954} INFO - Setting next_dagrun for example_task_group to 2026-03-31 00:00:00+00:00, run_after=2026-04-01 00:00:00+00:00
[2026-04-01T13:27:41.963+0000] {processor.py:183} INFO - Processing /home/airflow/.local/lib/python3.12/site-packages/airflow/example_dags/example_task_group.py took 0.079 seconds
[2026-04-01T13:28:12.427+0000] {processor.py:161} INFO - Started process (PID=3435) to work on /home/airflow/.local/lib/python3.12/site-packages/airflow/example_dags/example_task_group.py
[2026-04-01T13:28:12.427+0000] {processor.py:830} INFO - Processing file /home/airflow/.local/lib/python3.12/site-packages/airflow/example_dags/example_task_group.py for tasks to queue
[2026-04-01T13:28:12.429+0000] {logging_mixin.py:188} INFO - [2026-04-01T13:28:12.428+0000] {dagbag.py:545} INFO - Filling up the DagBag from /home/airflow/.local/lib/python3.12/site-packages/airflow/example_dags/example_task_group.py
[2026-04-01T13:28:12.434+0000] {processor.py:840} INFO - DAG(s) 'example_task_group' retrieved from /home/airflow/.local/lib/python3.12/site-packages/airflow/example_dags/example_task_group.py
[2026-04-01T13:28:12.449+0000] {logging_mixin.py:188} INFO - [2026-04-01T13:28:12.449+0000] {dag.py:3096} INFO - Sync 1 DAGs
[2026-04-01T13:28:12.466+0000] {logging_mixin.py:188} INFO - [2026-04-01T13:28:12.466+0000] {dag.py:3954} INFO - Setting next_dagrun for example_task_group to 2026-03-31 00:00:00+00:00, run_after=2026-04-01 00:00:00+00:00
[2026-04-01T13:28:12.484+0000] {processor.py:183} INFO - Processing /home/airflow/.local/lib/python3.12/site-packages/airflow/example_dags/example_task_group.py took 0.062 seconds
[2026-04-01T13:28:42.749+0000] {processor.py:161} INFO - Started process (PID=3494) to work on /home/airflow/.local/lib/python3.12/site-packages/airflow/example_dags/example_task_group.py
[2026-04-01T13:28:42.750+0000] {processor.py:830} INFO - Processing file /home/airflow/.local/lib/python3.12/site-packages/airflow/example_dags/example_task_group.py for tasks to queue
[2026-04-01T13:28:42.751+0000] {logging_mixin.py:188} INFO - [2026-04-01T13:28:42.751+0000] {dagbag.py:545} INFO - Filling up the DagBag from /home/airflow/.local/lib/python3.12/site-packages/airflow/example_dags/example_task_group.py
[2026-04-01T13:28:42.757+0000] {processor.py:840} INFO - DAG(s) 'example_task_group' retrieved from /home/airflow/.local/lib/python3.12/site-packages/airflow/example_dags/example_task_group.py
[2026-04-01T13:28:42.774+0000] {logging_mixin.py:188} INFO - [2026-04-01T13:28:42.773+0000] {dag.py:3096} INFO - Sync 1 DAGs
[2026-04-01T13:28:42.788+0000] {logging_mixin.py:188} INFO - [2026-04-01T13:28:42.788+0000] {dag.py:3954} INFO - Setting next_dagrun for example_task_group to 2026-03-31 00:00:00+00:00, run_after=2026-04-01 00:00:00+00:00
[2026-04-01T13:28:42.803+0000] {processor.py:183} INFO - Processing /home/airflow/.local/lib/python3.12/site-packages/airflow/example_dags/example_task_group.py took 0.059 seconds
[2026-04-01T13:29:13.249+0000] {processor.py:161} INFO - Started process (PID=3553) to work on /home/airflow/.local/lib/python3.12/site-packages/airflow/example_dags/example_task_group.py
[2026-04-01T13:29:13.249+0000] {processor.py:830} INFO - Processing file /home/airflow/.local/lib/python3.12/site-packages/airflow/example_dags/example_task_group.py for tasks to queue
[2026-04-01T13:29:13.251+0000] {logging_mixin.py:188} INFO - [2026-04-01T13:29:13.251+0000] {dagbag.py:545} INFO - Filling up the DagBag from /home/airflow/.local/lib/python3.12/site-packages/airflow/example_dags/example_task_group.py
[2026-04-01T13:29:13.256+0000] {processor.py:840} INFO - DAG(s) 'example_task_group' retrieved from /home/airflow/.local/lib/python3.12/site-packages/airflow/example_dags/example_task_group.py
[2026-04-01T13:29:13.271+0000] {logging_mixin.py:188} INFO - [2026-04-01T13:29:13.270+0000] {dag.py:3096} INFO - Sync 1 DAGs
[2026-04-01T13:29:13.285+0000] {logging_mixin.py:188} INFO - [2026-04-01T13:29:13.285+0000] {dag.py:3954} INFO - Setting next_dagrun for example_task_group to 2026-03-31 00:00:00+00:00, run_after=2026-04-01 00:00:00+00:00
[2026-04-01T13:29:13.300+0000] {processor.py:183} INFO - Processing /home/airflow/.local/lib/python3.12/site-packages/airflow/example_dags/example_task_group.py took 0.057 seconds
[2026-04-01T13:29:43.673+0000] {processor.py:161} INFO - Started process (PID=3612) to work on /home/airflow/.local/lib/python3.12/site-packages/airflow/example_dags/example_task_group.py
[2026-04-01T13:29:43.674+0000] {processor.py:830} INFO - Processing file /home/airflow/.local/lib/python3.12/site-packages/airflow/example_dags/example_task_group.py for tasks to queue
[2026-04-01T13:29:43.676+0000] {logging_mixin.py:188} INFO - [2026-04-01T13:29:43.676+0000] {dagbag.py:545} INFO - Filling up the DagBag from /home/airflow/.local/lib/python3.12/site-packages/airflow/example_dags/example_task_group.py
[2026-04-01T13:29:43.682+0000] {processor.py:840} INFO - DAG(s) 'example_task_group' retrieved from /home/airflow/.local/lib/python3.12/site-packages/airflow/example_dags/example_task_group.py
[2026-04-01T13:29:43.697+0000] {logging_mixin.py:188} INFO - [2026-04-01T13:29:43.696+0000] {dag.py:3096} INFO - Sync 1 DAGs
[2026-04-01T13:29:43.712+0000] {logging_mixin.py:188} INFO - [2026-04-01T13:29:43.712+0000] {dag.py:3954} INFO - Setting next_dagrun for example_task_group to 2026-03-31 00:00:00+00:00, run_after=2026-04-01 00:00:00+00:00
[2026-04-01T13:29:43.728+0000] {processor.py:183} INFO - Processing /home/airflow/.local/lib/python3.12/site-packages/airflow/example_dags/example_task_group.py took 0.060 seconds
[2026-04-01T13:30:13.995+0000] {processor.py:161} INFO - Started process (PID=3671) to work on /home/airflow/.local/lib/python3.12/site-packages/airflow/example_dags/example_task_group.py
[2026-04-01T13:30:13.996+0000] {processor.py:830} INFO - Processing file /home/airflow/.local/lib/python3.12/site-packages/airflow/example_dags/example_task_group.py for tasks to queue
[2026-04-01T13:30:13.997+0000] {logging_mixin.py:188} INFO - [2026-04-01T13:30:13.997+0000] {dagbag.py:545} INFO - Filling up the DagBag from /home/airflow/.local/lib/python3.12/site-packages/airflow/example_dags/example_task_group.py
[2026-04-01T13:30:14.002+0000] {processor.py:840} INFO - DAG(s) 'example_task_group' retrieved from /home/airflow/.local/lib/python3.12/site-packages/airflow/example_dags/example_task_group.py
[2026-04-01T13:30:14.016+0000] {logging_mixin.py:188} INFO - [2026-04-01T13:30:14.016+0000] {dag.py:3096} INFO - Sync 1 DAGs
[2026-04-01T13:30:14.030+0000] {logging_mixin.py:188} INFO - [2026-04-01T13:30:14.030+0000] {dag.py:3954} INFO - Setting next_dagrun for example_task_group to 2026-03-31 00:00:00+00:00, run_after=2026-04-01 00:00:00+00:00
[2026-04-01T13:30:14.046+0000] {processor.py:183} INFO - Processing /home/airflow/.local/lib/python3.12/site-packages/airflow/example_dags/example_task_group.py took 0.055 seconds
[2026-04-01T13:30:44.329+0000] {processor.py:161} INFO - Started process (PID=3730) to work on /home/airflow/.local/lib/python3.12/site-packages/airflow/example_dags/example_task_group.py
[2026-04-01T13:30:44.330+0000] {processor.py:830} INFO - Processing file /home/airflow/.local/lib/python3.12/site-packages/airflow/example_dags/example_task_group.py for tasks to queue
[2026-04-01T13:30:44.332+0000] {logging_mixin.py:188} INFO - [2026-04-01T13:30:44.332+0000] {dagbag.py:545} INFO - Filling up the DagBag from /home/airflow/.local/lib/python3.12/site-packages/airflow/example_dags/example_task_group.py
[2026-04-01T13:30:44.337+0000] {processor.py:840} INFO - DAG(s) 'example_task_group' retrieved from /home/airflow/.local/lib/python3.12/site-packages/airflow/example_dags/example_task_group.py
[2026-04-01T13:30:44.351+0000] {logging_mixin.py:188} INFO - [2026-04-01T13:30:44.351+0000] {dag.py:3096} INFO - Sync 1 DAGs
[2026-04-01T13:30:44.367+0000] {logging_mixin.py:188} INFO - [2026-04-01T13:30:44.366+0000] {dag.py:3954} INFO - Setting next_dagrun for example_task_group to 2026-03-31 00:00:00+00:00, run_after=2026-04-01 00:00:00+00:00
[2026-04-01T13:30:44.381+0000] {processor.py:183} INFO - Processing /home/airflow/.local/lib/python3.12/site-packages/airflow/example_dags/example_task_group.py took 0.057 seconds
[2026-04-01T13:31:14.748+0000] {processor.py:161} INFO - Started process (PID=3789) to work on /home/airflow/.local/lib/python3.12/site-packages/airflow/example_dags/example_task_group.py
[2026-04-01T13:31:14.749+0000] {processor.py:830} INFO - Processing file /home/airflow/.local/lib/python3.12/site-packages/airflow/example_dags/example_task_group.py for tasks to queue
[2026-04-01T13:31:14.751+0000] {logging_mixin.py:188} INFO - [2026-04-01T13:31:14.751+0000] {dagbag.py:545} INFO - Filling up the DagBag from /home/airflow/.local/lib/python3.12/site-packages/airflow/example_dags/example_task_group.py
[2026-04-01T13:31:14.757+0000] {processor.py:840} INFO - DAG(s) 'example_task_group' retrieved from /home/airflow/.local/lib/python3.12/site-packages/airflow/example_dags/example_task_group.py
[2026-04-01T13:31:14.772+0000] {logging_mixin.py:188} INFO - [2026-04-01T13:31:14.771+0000] {dag.py:3096} INFO - Sync 1 DAGs
[2026-04-01T13:31:14.787+0000] {logging_mixin.py:188} INFO - [2026-04-01T13:31:14.786+0000] {dag.py:3954} INFO - Setting next_dagrun for example_task_group to 2026-03-31 00:00:00+00:00, run_after=2026-04-01 00:00:00+00:00
[2026-04-01T13:31:14.802+0000] {processor.py:183} INFO - Processing /home/airflow/.local/lib/python3.12/site-packages/airflow/example_dags/example_task_group.py took 0.059 seconds
