[2026-04-01T12:58:51.565+0000] {processor.py:161} INFO - Started process (PID=82) to work on /home/airflow/.local/lib/python3.12/site-packages/airflow/example_dags/example_bash_operator.py
[2026-04-01T12:58:51.566+0000] {processor.py:830} INFO - Processing file /home/airflow/.local/lib/python3.12/site-packages/airflow/example_dags/example_bash_operator.py for tasks to queue
[2026-04-01T12:58:51.568+0000] {logging_mixin.py:188} INFO - [2026-04-01T12:58:51.568+0000] {dagbag.py:545} INFO - Filling up the DagBag from /home/airflow/.local/lib/python3.12/site-packages/airflow/example_dags/example_bash_operator.py
[2026-04-01T12:58:51.579+0000] {processor.py:840} INFO - DAG(s) 'example_bash_operator' retrieved from /home/airflow/.local/lib/python3.12/site-packages/airflow/example_dags/example_bash_operator.py
[2026-04-01T12:58:51.589+0000] {logging_mixin.py:188} INFO - [2026-04-01T12:58:51.589+0000] {dag.py:3096} INFO - Sync 1 DAGs
[2026-04-01T12:58:51.609+0000] {logging_mixin.py:188} INFO - [2026-04-01T12:58:51.609+0000] {dag.py:3954} INFO - Setting next_dagrun for example_bash_operator to 2026-03-31 00:00:00+00:00, run_after=2026-04-01 00:00:00+00:00
[2026-04-01T12:58:51.628+0000] {processor.py:183} INFO - Processing /home/airflow/.local/lib/python3.12/site-packages/airflow/example_dags/example_bash_operator.py took 0.069 seconds
[2026-04-01T12:59:22.136+0000] {processor.py:161} INFO - Started process (PID=140) to work on /home/airflow/.local/lib/python3.12/site-packages/airflow/example_dags/example_bash_operator.py
[2026-04-01T12:59:22.136+0000] {processor.py:830} INFO - Processing file /home/airflow/.local/lib/python3.12/site-packages/airflow/example_dags/example_bash_operator.py for tasks to queue
[2026-04-01T12:59:22.138+0000] {logging_mixin.py:188} INFO - [2026-04-01T12:59:22.138+0000] {dagbag.py:545} INFO - Filling up the DagBag from /home/airflow/.local/lib/python3.12/site-packages/airflow/example_dags/example_bash_operator.py
[2026-04-01T12:59:22.146+0000] {processor.py:840} INFO - DAG(s) 'example_bash_operator' retrieved from /home/airflow/.local/lib/python3.12/site-packages/airflow/example_dags/example_bash_operator.py
[2026-04-01T12:59:22.227+0000] {logging_mixin.py:188} INFO - [2026-04-01T12:59:22.226+0000] {dag.py:3096} INFO - Sync 1 DAGs
[2026-04-01T12:59:22.244+0000] {logging_mixin.py:188} INFO - [2026-04-01T12:59:22.244+0000] {dag.py:3954} INFO - Setting next_dagrun for example_bash_operator to 2026-03-31 00:00:00+00:00, run_after=2026-04-01 00:00:00+00:00
[2026-04-01T12:59:22.261+0000] {processor.py:183} INFO - Processing /home/airflow/.local/lib/python3.12/site-packages/airflow/example_dags/example_bash_operator.py took 0.130 seconds
[2026-04-01T12:59:52.328+0000] {processor.py:161} INFO - Started process (PID=198) to work on /home/airflow/.local/lib/python3.12/site-packages/airflow/example_dags/example_bash_operator.py
[2026-04-01T12:59:52.328+0000] {processor.py:830} INFO - Processing file /home/airflow/.local/lib/python3.12/site-packages/airflow/example_dags/example_bash_operator.py for tasks to queue
[2026-04-01T12:59:52.330+0000] {logging_mixin.py:188} INFO - [2026-04-01T12:59:52.330+0000] {dagbag.py:545} INFO - Filling up the DagBag from /home/airflow/.local/lib/python3.12/site-packages/airflow/example_dags/example_bash_operator.py
[2026-04-01T12:59:52.338+0000] {processor.py:840} INFO - DAG(s) 'example_bash_operator' retrieved from /home/airflow/.local/lib/python3.12/site-packages/airflow/example_dags/example_bash_operator.py
[2026-04-01T12:59:52.359+0000] {logging_mixin.py:188} INFO - [2026-04-01T12:59:52.359+0000] {dag.py:3096} INFO - Sync 1 DAGs
[2026-04-01T12:59:52.374+0000] {logging_mixin.py:188} INFO - [2026-04-01T12:59:52.374+0000] {dag.py:3954} INFO - Setting next_dagrun for example_bash_operator to 2026-03-31 00:00:00+00:00, run_after=2026-04-01 00:00:00+00:00
[2026-04-01T12:59:52.391+0000] {processor.py:183} INFO - Processing /home/airflow/.local/lib/python3.12/site-packages/airflow/example_dags/example_bash_operator.py took 0.068 seconds
[2026-04-01T13:00:22.668+0000] {processor.py:161} INFO - Started process (PID=256) to work on /home/airflow/.local/lib/python3.12/site-packages/airflow/example_dags/example_bash_operator.py
[2026-04-01T13:00:22.669+0000] {processor.py:830} INFO - Processing file /home/airflow/.local/lib/python3.12/site-packages/airflow/example_dags/example_bash_operator.py for tasks to queue
[2026-04-01T13:00:22.671+0000] {logging_mixin.py:188} INFO - [2026-04-01T13:00:22.671+0000] {dagbag.py:545} INFO - Filling up the DagBag from /home/airflow/.local/lib/python3.12/site-packages/airflow/example_dags/example_bash_operator.py
[2026-04-01T13:00:22.680+0000] {processor.py:840} INFO - DAG(s) 'example_bash_operator' retrieved from /home/airflow/.local/lib/python3.12/site-packages/airflow/example_dags/example_bash_operator.py
[2026-04-01T13:00:22.702+0000] {logging_mixin.py:188} INFO - [2026-04-01T13:00:22.702+0000] {dag.py:3096} INFO - Sync 1 DAGs
[2026-04-01T13:00:22.717+0000] {logging_mixin.py:188} INFO - [2026-04-01T13:00:22.717+0000] {dag.py:3954} INFO - Setting next_dagrun for example_bash_operator to 2026-03-31 00:00:00+00:00, run_after=2026-04-01 00:00:00+00:00
[2026-04-01T13:00:22.731+0000] {processor.py:183} INFO - Processing /home/airflow/.local/lib/python3.12/site-packages/airflow/example_dags/example_bash_operator.py took 0.069 seconds
[2026-04-01T13:00:52.910+0000] {processor.py:161} INFO - Started process (PID=314) to work on /home/airflow/.local/lib/python3.12/site-packages/airflow/example_dags/example_bash_operator.py
[2026-04-01T13:00:52.911+0000] {processor.py:830} INFO - Processing file /home/airflow/.local/lib/python3.12/site-packages/airflow/example_dags/example_bash_operator.py for tasks to queue
[2026-04-01T13:00:52.912+0000] {logging_mixin.py:188} INFO - [2026-04-01T13:00:52.912+0000] {dagbag.py:545} INFO - Filling up the DagBag from /home/airflow/.local/lib/python3.12/site-packages/airflow/example_dags/example_bash_operator.py
[2026-04-01T13:00:52.921+0000] {processor.py:840} INFO - DAG(s) 'example_bash_operator' retrieved from /home/airflow/.local/lib/python3.12/site-packages/airflow/example_dags/example_bash_operator.py
[2026-04-01T13:00:52.941+0000] {logging_mixin.py:188} INFO - [2026-04-01T13:00:52.941+0000] {dag.py:3096} INFO - Sync 1 DAGs
[2026-04-01T13:00:52.960+0000] {logging_mixin.py:188} INFO - [2026-04-01T13:00:52.960+0000] {dag.py:3954} INFO - Setting next_dagrun for example_bash_operator to 2026-03-31 00:00:00+00:00, run_after=2026-04-01 00:00:00+00:00
[2026-04-01T13:00:52.976+0000] {processor.py:183} INFO - Processing /home/airflow/.local/lib/python3.12/site-packages/airflow/example_dags/example_bash_operator.py took 0.071 seconds
[2026-04-01T13:01:23.023+0000] {processor.py:161} INFO - Started process (PID=372) to work on /home/airflow/.local/lib/python3.12/site-packages/airflow/example_dags/example_bash_operator.py
[2026-04-01T13:01:23.024+0000] {processor.py:830} INFO - Processing file /home/airflow/.local/lib/python3.12/site-packages/airflow/example_dags/example_bash_operator.py for tasks to queue
[2026-04-01T13:01:23.025+0000] {logging_mixin.py:188} INFO - [2026-04-01T13:01:23.025+0000] {dagbag.py:545} INFO - Filling up the DagBag from /home/airflow/.local/lib/python3.12/site-packages/airflow/example_dags/example_bash_operator.py
[2026-04-01T13:01:23.033+0000] {processor.py:840} INFO - DAG(s) 'example_bash_operator' retrieved from /home/airflow/.local/lib/python3.12/site-packages/airflow/example_dags/example_bash_operator.py
[2026-04-01T13:01:23.057+0000] {logging_mixin.py:188} INFO - [2026-04-01T13:01:23.056+0000] {dag.py:3096} INFO - Sync 1 DAGs
[2026-04-01T13:01:23.072+0000] {logging_mixin.py:188} INFO - [2026-04-01T13:01:23.072+0000] {dag.py:3954} INFO - Setting next_dagrun for example_bash_operator to 2026-03-31 00:00:00+00:00, run_after=2026-04-01 00:00:00+00:00
[2026-04-01T13:01:23.087+0000] {processor.py:183} INFO - Processing /home/airflow/.local/lib/python3.12/site-packages/airflow/example_dags/example_bash_operator.py took 0.068 seconds
[2026-04-01T13:01:53.276+0000] {processor.py:161} INFO - Started process (PID=430) to work on /home/airflow/.local/lib/python3.12/site-packages/airflow/example_dags/example_bash_operator.py
[2026-04-01T13:01:53.277+0000] {processor.py:830} INFO - Processing file /home/airflow/.local/lib/python3.12/site-packages/airflow/example_dags/example_bash_operator.py for tasks to queue
[2026-04-01T13:01:53.280+0000] {logging_mixin.py:188} INFO - [2026-04-01T13:01:53.279+0000] {dagbag.py:545} INFO - Filling up the DagBag from /home/airflow/.local/lib/python3.12/site-packages/airflow/example_dags/example_bash_operator.py
[2026-04-01T13:01:53.288+0000] {processor.py:840} INFO - DAG(s) 'example_bash_operator' retrieved from /home/airflow/.local/lib/python3.12/site-packages/airflow/example_dags/example_bash_operator.py
[2026-04-01T13:01:53.308+0000] {logging_mixin.py:188} INFO - [2026-04-01T13:01:53.308+0000] {dag.py:3096} INFO - Sync 1 DAGs
[2026-04-01T13:01:53.330+0000] {logging_mixin.py:188} INFO - [2026-04-01T13:01:53.330+0000] {dag.py:3954} INFO - Setting next_dagrun for example_bash_operator to 2026-03-31 00:00:00+00:00, run_after=2026-04-01 00:00:00+00:00
[2026-04-01T13:01:53.344+0000] {processor.py:183} INFO - Processing /home/airflow/.local/lib/python3.12/site-packages/airflow/example_dags/example_bash_operator.py took 0.075 seconds
[2026-04-01T13:02:23.569+0000] {processor.py:161} INFO - Started process (PID=488) to work on /home/airflow/.local/lib/python3.12/site-packages/airflow/example_dags/example_bash_operator.py
[2026-04-01T13:02:23.570+0000] {processor.py:830} INFO - Processing file /home/airflow/.local/lib/python3.12/site-packages/airflow/example_dags/example_bash_operator.py for tasks to queue
[2026-04-01T13:02:23.572+0000] {logging_mixin.py:188} INFO - [2026-04-01T13:02:23.571+0000] {dagbag.py:545} INFO - Filling up the DagBag from /home/airflow/.local/lib/python3.12/site-packages/airflow/example_dags/example_bash_operator.py
[2026-04-01T13:02:23.580+0000] {processor.py:840} INFO - DAG(s) 'example_bash_operator' retrieved from /home/airflow/.local/lib/python3.12/site-packages/airflow/example_dags/example_bash_operator.py
[2026-04-01T13:02:23.599+0000] {logging_mixin.py:188} INFO - [2026-04-01T13:02:23.599+0000] {dag.py:3096} INFO - Sync 1 DAGs
[2026-04-01T13:02:23.614+0000] {logging_mixin.py:188} INFO - [2026-04-01T13:02:23.614+0000] {dag.py:3954} INFO - Setting next_dagrun for example_bash_operator to 2026-03-31 00:00:00+00:00, run_after=2026-04-01 00:00:00+00:00
[2026-04-01T13:02:23.630+0000] {processor.py:183} INFO - Processing /home/airflow/.local/lib/python3.12/site-packages/airflow/example_dags/example_bash_operator.py took 0.065 seconds
[2026-04-01T13:02:53.681+0000] {processor.py:161} INFO - Started process (PID=546) to work on /home/airflow/.local/lib/python3.12/site-packages/airflow/example_dags/example_bash_operator.py
[2026-04-01T13:02:53.682+0000] {processor.py:830} INFO - Processing file /home/airflow/.local/lib/python3.12/site-packages/airflow/example_dags/example_bash_operator.py for tasks to queue
[2026-04-01T13:02:53.684+0000] {logging_mixin.py:188} INFO - [2026-04-01T13:02:53.684+0000] {dagbag.py:545} INFO - Filling up the DagBag from /home/airflow/.local/lib/python3.12/site-packages/airflow/example_dags/example_bash_operator.py
[2026-04-01T13:02:53.695+0000] {processor.py:840} INFO - DAG(s) 'example_bash_operator' retrieved from /home/airflow/.local/lib/python3.12/site-packages/airflow/example_dags/example_bash_operator.py
[2026-04-01T13:02:53.715+0000] {logging_mixin.py:188} INFO - [2026-04-01T13:02:53.714+0000] {dag.py:3096} INFO - Sync 1 DAGs
[2026-04-01T13:02:53.730+0000] {logging_mixin.py:188} INFO - [2026-04-01T13:02:53.730+0000] {dag.py:3954} INFO - Setting next_dagrun for example_bash_operator to 2026-03-31 00:00:00+00:00, run_after=2026-04-01 00:00:00+00:00
[2026-04-01T13:02:53.748+0000] {processor.py:183} INFO - Processing /home/airflow/.local/lib/python3.12/site-packages/airflow/example_dags/example_bash_operator.py took 0.073 seconds
[2026-04-01T13:03:23.851+0000] {processor.py:161} INFO - Started process (PID=604) to work on /home/airflow/.local/lib/python3.12/site-packages/airflow/example_dags/example_bash_operator.py
[2026-04-01T13:03:23.852+0000] {processor.py:830} INFO - Processing file /home/airflow/.local/lib/python3.12/site-packages/airflow/example_dags/example_bash_operator.py for tasks to queue
[2026-04-01T13:03:23.853+0000] {logging_mixin.py:188} INFO - [2026-04-01T13:03:23.853+0000] {dagbag.py:545} INFO - Filling up the DagBag from /home/airflow/.local/lib/python3.12/site-packages/airflow/example_dags/example_bash_operator.py
[2026-04-01T13:03:23.862+0000] {processor.py:840} INFO - DAG(s) 'example_bash_operator' retrieved from /home/airflow/.local/lib/python3.12/site-packages/airflow/example_dags/example_bash_operator.py
[2026-04-01T13:03:23.882+0000] {logging_mixin.py:188} INFO - [2026-04-01T13:03:23.882+0000] {dag.py:3096} INFO - Sync 1 DAGs
[2026-04-01T13:03:23.900+0000] {logging_mixin.py:188} INFO - [2026-04-01T13:03:23.899+0000] {dag.py:3954} INFO - Setting next_dagrun for example_bash_operator to 2026-03-31 00:00:00+00:00, run_after=2026-04-01 00:00:00+00:00
[2026-04-01T13:03:23.914+0000] {processor.py:183} INFO - Processing /home/airflow/.local/lib/python3.12/site-packages/airflow/example_dags/example_bash_operator.py took 0.069 seconds
[2026-04-01T13:03:54.246+0000] {processor.py:161} INFO - Started process (PID=662) to work on /home/airflow/.local/lib/python3.12/site-packages/airflow/example_dags/example_bash_operator.py
[2026-04-01T13:03:54.247+0000] {processor.py:830} INFO - Processing file /home/airflow/.local/lib/python3.12/site-packages/airflow/example_dags/example_bash_operator.py for tasks to queue
[2026-04-01T13:03:54.248+0000] {logging_mixin.py:188} INFO - [2026-04-01T13:03:54.248+0000] {dagbag.py:545} INFO - Filling up the DagBag from /home/airflow/.local/lib/python3.12/site-packages/airflow/example_dags/example_bash_operator.py
[2026-04-01T13:03:54.257+0000] {processor.py:840} INFO - DAG(s) 'example_bash_operator' retrieved from /home/airflow/.local/lib/python3.12/site-packages/airflow/example_dags/example_bash_operator.py
[2026-04-01T13:03:54.277+0000] {logging_mixin.py:188} INFO - [2026-04-01T13:03:54.276+0000] {dag.py:3096} INFO - Sync 1 DAGs
[2026-04-01T13:03:54.293+0000] {logging_mixin.py:188} INFO - [2026-04-01T13:03:54.293+0000] {dag.py:3954} INFO - Setting next_dagrun for example_bash_operator to 2026-03-31 00:00:00+00:00, run_after=2026-04-01 00:00:00+00:00
[2026-04-01T13:03:54.310+0000] {processor.py:183} INFO - Processing /home/airflow/.local/lib/python3.12/site-packages/airflow/example_dags/example_bash_operator.py took 0.068 seconds
[2026-04-01T13:04:24.571+0000] {processor.py:161} INFO - Started process (PID=720) to work on /home/airflow/.local/lib/python3.12/site-packages/airflow/example_dags/example_bash_operator.py
[2026-04-01T13:04:24.573+0000] {processor.py:830} INFO - Processing file /home/airflow/.local/lib/python3.12/site-packages/airflow/example_dags/example_bash_operator.py for tasks to queue
[2026-04-01T13:04:24.576+0000] {logging_mixin.py:188} INFO - [2026-04-01T13:04:24.575+0000] {dagbag.py:545} INFO - Filling up the DagBag from /home/airflow/.local/lib/python3.12/site-packages/airflow/example_dags/example_bash_operator.py
[2026-04-01T13:04:24.585+0000] {processor.py:840} INFO - DAG(s) 'example_bash_operator' retrieved from /home/airflow/.local/lib/python3.12/site-packages/airflow/example_dags/example_bash_operator.py
[2026-04-01T13:04:24.606+0000] {logging_mixin.py:188} INFO - [2026-04-01T13:04:24.606+0000] {dag.py:3096} INFO - Sync 1 DAGs
[2026-04-01T13:04:24.621+0000] {logging_mixin.py:188} INFO - [2026-04-01T13:04:24.621+0000] {dag.py:3954} INFO - Setting next_dagrun for example_bash_operator to 2026-03-31 00:00:00+00:00, run_after=2026-04-01 00:00:00+00:00
[2026-04-01T13:04:24.635+0000] {processor.py:183} INFO - Processing /home/airflow/.local/lib/python3.12/site-packages/airflow/example_dags/example_bash_operator.py took 0.070 seconds
[2026-04-01T13:04:54.695+0000] {processor.py:161} INFO - Started process (PID=778) to work on /home/airflow/.local/lib/python3.12/site-packages/airflow/example_dags/example_bash_operator.py
[2026-04-01T13:04:54.696+0000] {processor.py:830} INFO - Processing file /home/airflow/.local/lib/python3.12/site-packages/airflow/example_dags/example_bash_operator.py for tasks to queue
[2026-04-01T13:04:54.698+0000] {logging_mixin.py:188} INFO - [2026-04-01T13:04:54.697+0000] {dagbag.py:545} INFO - Filling up the DagBag from /home/airflow/.local/lib/python3.12/site-packages/airflow/example_dags/example_bash_operator.py
[2026-04-01T13:04:54.707+0000] {processor.py:840} INFO - DAG(s) 'example_bash_operator' retrieved from /home/airflow/.local/lib/python3.12/site-packages/airflow/example_dags/example_bash_operator.py
[2026-04-01T13:04:54.725+0000] {logging_mixin.py:188} INFO - [2026-04-01T13:04:54.725+0000] {dag.py:3096} INFO - Sync 1 DAGs
[2026-04-01T13:04:54.743+0000] {logging_mixin.py:188} INFO - [2026-04-01T13:04:54.742+0000] {dag.py:3954} INFO - Setting next_dagrun for example_bash_operator to 2026-03-31 00:00:00+00:00, run_after=2026-04-01 00:00:00+00:00
[2026-04-01T13:04:54.757+0000] {processor.py:183} INFO - Processing /home/airflow/.local/lib/python3.12/site-packages/airflow/example_dags/example_bash_operator.py took 0.066 seconds
[2026-04-01T13:05:24.875+0000] {processor.py:161} INFO - Started process (PID=836) to work on /home/airflow/.local/lib/python3.12/site-packages/airflow/example_dags/example_bash_operator.py
[2026-04-01T13:05:24.876+0000] {processor.py:830} INFO - Processing file /home/airflow/.local/lib/python3.12/site-packages/airflow/example_dags/example_bash_operator.py for tasks to queue
[2026-04-01T13:05:24.877+0000] {logging_mixin.py:188} INFO - [2026-04-01T13:05:24.877+0000] {dagbag.py:545} INFO - Filling up the DagBag from /home/airflow/.local/lib/python3.12/site-packages/airflow/example_dags/example_bash_operator.py
[2026-04-01T13:05:24.886+0000] {processor.py:840} INFO - DAG(s) 'example_bash_operator' retrieved from /home/airflow/.local/lib/python3.12/site-packages/airflow/example_dags/example_bash_operator.py
[2026-04-01T13:05:24.909+0000] {logging_mixin.py:188} INFO - [2026-04-01T13:05:24.909+0000] {dag.py:3096} INFO - Sync 1 DAGs
[2026-04-01T13:05:24.927+0000] {logging_mixin.py:188} INFO - [2026-04-01T13:05:24.927+0000] {dag.py:3954} INFO - Setting next_dagrun for example_bash_operator to 2026-03-31 00:00:00+00:00, run_after=2026-04-01 00:00:00+00:00
[2026-04-01T13:05:24.943+0000] {processor.py:183} INFO - Processing /home/airflow/.local/lib/python3.12/site-packages/airflow/example_dags/example_bash_operator.py took 0.072 seconds
[2026-04-01T13:05:55.009+0000] {processor.py:161} INFO - Started process (PID=894) to work on /home/airflow/.local/lib/python3.12/site-packages/airflow/example_dags/example_bash_operator.py
[2026-04-01T13:05:55.010+0000] {processor.py:830} INFO - Processing file /home/airflow/.local/lib/python3.12/site-packages/airflow/example_dags/example_bash_operator.py for tasks to queue
[2026-04-01T13:05:55.011+0000] {logging_mixin.py:188} INFO - [2026-04-01T13:05:55.011+0000] {dagbag.py:545} INFO - Filling up the DagBag from /home/airflow/.local/lib/python3.12/site-packages/airflow/example_dags/example_bash_operator.py
[2026-04-01T13:05:55.020+0000] {processor.py:840} INFO - DAG(s) 'example_bash_operator' retrieved from /home/airflow/.local/lib/python3.12/site-packages/airflow/example_dags/example_bash_operator.py
[2026-04-01T13:05:55.042+0000] {logging_mixin.py:188} INFO - [2026-04-01T13:05:55.042+0000] {dag.py:3096} INFO - Sync 1 DAGs
[2026-04-01T13:05:55.057+0000] {logging_mixin.py:188} INFO - [2026-04-01T13:05:55.057+0000] {dag.py:3954} INFO - Setting next_dagrun for example_bash_operator to 2026-03-31 00:00:00+00:00, run_after=2026-04-01 00:00:00+00:00
[2026-04-01T13:05:55.071+0000] {processor.py:183} INFO - Processing /home/airflow/.local/lib/python3.12/site-packages/airflow/example_dags/example_bash_operator.py took 0.066 seconds
[2026-04-01T13:06:25.383+0000] {processor.py:161} INFO - Started process (PID=952) to work on /home/airflow/.local/lib/python3.12/site-packages/airflow/example_dags/example_bash_operator.py
[2026-04-01T13:06:25.384+0000] {processor.py:830} INFO - Processing file /home/airflow/.local/lib/python3.12/site-packages/airflow/example_dags/example_bash_operator.py for tasks to queue
[2026-04-01T13:06:25.385+0000] {logging_mixin.py:188} INFO - [2026-04-01T13:06:25.385+0000] {dagbag.py:545} INFO - Filling up the DagBag from /home/airflow/.local/lib/python3.12/site-packages/airflow/example_dags/example_bash_operator.py
[2026-04-01T13:06:25.395+0000] {processor.py:840} INFO - DAG(s) 'example_bash_operator' retrieved from /home/airflow/.local/lib/python3.12/site-packages/airflow/example_dags/example_bash_operator.py
[2026-04-01T13:06:25.414+0000] {logging_mixin.py:188} INFO - [2026-04-01T13:06:25.414+0000] {dag.py:3096} INFO - Sync 1 DAGs
[2026-04-01T13:06:25.430+0000] {logging_mixin.py:188} INFO - [2026-04-01T13:06:25.430+0000] {dag.py:3954} INFO - Setting next_dagrun for example_bash_operator to 2026-03-31 00:00:00+00:00, run_after=2026-04-01 00:00:00+00:00
[2026-04-01T13:06:25.445+0000] {processor.py:183} INFO - Processing /home/airflow/.local/lib/python3.12/site-packages/airflow/example_dags/example_bash_operator.py took 0.066 seconds
[2026-04-01T13:06:55.720+0000] {processor.py:161} INFO - Started process (PID=1010) to work on /home/airflow/.local/lib/python3.12/site-packages/airflow/example_dags/example_bash_operator.py
[2026-04-01T13:06:55.721+0000] {processor.py:830} INFO - Processing file /home/airflow/.local/lib/python3.12/site-packages/airflow/example_dags/example_bash_operator.py for tasks to queue
[2026-04-01T13:06:55.722+0000] {logging_mixin.py:188} INFO - [2026-04-01T13:06:55.722+0000] {dagbag.py:545} INFO - Filling up the DagBag from /home/airflow/.local/lib/python3.12/site-packages/airflow/example_dags/example_bash_operator.py
[2026-04-01T13:06:55.730+0000] {processor.py:840} INFO - DAG(s) 'example_bash_operator' retrieved from /home/airflow/.local/lib/python3.12/site-packages/airflow/example_dags/example_bash_operator.py
[2026-04-01T13:06:55.749+0000] {logging_mixin.py:188} INFO - [2026-04-01T13:06:55.749+0000] {dag.py:3096} INFO - Sync 1 DAGs
[2026-04-01T13:06:55.763+0000] {logging_mixin.py:188} INFO - [2026-04-01T13:06:55.763+0000] {dag.py:3954} INFO - Setting next_dagrun for example_bash_operator to 2026-03-31 00:00:00+00:00, run_after=2026-04-01 00:00:00+00:00
[2026-04-01T13:06:55.780+0000] {processor.py:183} INFO - Processing /home/airflow/.local/lib/python3.12/site-packages/airflow/example_dags/example_bash_operator.py took 0.064 seconds
[2026-04-01T13:07:25.966+0000] {processor.py:161} INFO - Started process (PID=1068) to work on /home/airflow/.local/lib/python3.12/site-packages/airflow/example_dags/example_bash_operator.py
[2026-04-01T13:07:25.967+0000] {processor.py:830} INFO - Processing file /home/airflow/.local/lib/python3.12/site-packages/airflow/example_dags/example_bash_operator.py for tasks to queue
[2026-04-01T13:07:25.969+0000] {logging_mixin.py:188} INFO - [2026-04-01T13:07:25.968+0000] {dagbag.py:545} INFO - Filling up the DagBag from /home/airflow/.local/lib/python3.12/site-packages/airflow/example_dags/example_bash_operator.py
[2026-04-01T13:07:25.977+0000] {processor.py:840} INFO - DAG(s) 'example_bash_operator' retrieved from /home/airflow/.local/lib/python3.12/site-packages/airflow/example_dags/example_bash_operator.py
[2026-04-01T13:07:25.998+0000] {logging_mixin.py:188} INFO - [2026-04-01T13:07:25.998+0000] {dag.py:3096} INFO - Sync 1 DAGs
[2026-04-01T13:07:26.016+0000] {logging_mixin.py:188} INFO - [2026-04-01T13:07:26.015+0000] {dag.py:3954} INFO - Setting next_dagrun for example_bash_operator to 2026-03-31 00:00:00+00:00, run_after=2026-04-01 00:00:00+00:00
[2026-04-01T13:07:26.031+0000] {processor.py:183} INFO - Processing /home/airflow/.local/lib/python3.12/site-packages/airflow/example_dags/example_bash_operator.py took 0.069 seconds
[2026-04-01T13:07:56.135+0000] {processor.py:161} INFO - Started process (PID=1126) to work on /home/airflow/.local/lib/python3.12/site-packages/airflow/example_dags/example_bash_operator.py
[2026-04-01T13:07:56.136+0000] {processor.py:830} INFO - Processing file /home/airflow/.local/lib/python3.12/site-packages/airflow/example_dags/example_bash_operator.py for tasks to queue
[2026-04-01T13:07:56.138+0000] {logging_mixin.py:188} INFO - [2026-04-01T13:07:56.138+0000] {dagbag.py:545} INFO - Filling up the DagBag from /home/airflow/.local/lib/python3.12/site-packages/airflow/example_dags/example_bash_operator.py
[2026-04-01T13:07:56.147+0000] {processor.py:840} INFO - DAG(s) 'example_bash_operator' retrieved from /home/airflow/.local/lib/python3.12/site-packages/airflow/example_dags/example_bash_operator.py
[2026-04-01T13:07:56.168+0000] {logging_mixin.py:188} INFO - [2026-04-01T13:07:56.167+0000] {dag.py:3096} INFO - Sync 1 DAGs
[2026-04-01T13:07:56.185+0000] {logging_mixin.py:188} INFO - [2026-04-01T13:07:56.185+0000] {dag.py:3954} INFO - Setting next_dagrun for example_bash_operator to 2026-03-31 00:00:00+00:00, run_after=2026-04-01 00:00:00+00:00
[2026-04-01T13:07:56.202+0000] {processor.py:183} INFO - Processing /home/airflow/.local/lib/python3.12/site-packages/airflow/example_dags/example_bash_operator.py took 0.072 seconds
[2026-04-01T13:08:26.453+0000] {processor.py:161} INFO - Started process (PID=1184) to work on /home/airflow/.local/lib/python3.12/site-packages/airflow/example_dags/example_bash_operator.py
[2026-04-01T13:08:26.454+0000] {processor.py:830} INFO - Processing file /home/airflow/.local/lib/python3.12/site-packages/airflow/example_dags/example_bash_operator.py for tasks to queue
[2026-04-01T13:08:26.455+0000] {logging_mixin.py:188} INFO - [2026-04-01T13:08:26.455+0000] {dagbag.py:545} INFO - Filling up the DagBag from /home/airflow/.local/lib/python3.12/site-packages/airflow/example_dags/example_bash_operator.py
[2026-04-01T13:08:26.463+0000] {processor.py:840} INFO - DAG(s) 'example_bash_operator' retrieved from /home/airflow/.local/lib/python3.12/site-packages/airflow/example_dags/example_bash_operator.py
[2026-04-01T13:08:26.482+0000] {logging_mixin.py:188} INFO - [2026-04-01T13:08:26.482+0000] {dag.py:3096} INFO - Sync 1 DAGs
[2026-04-01T13:08:26.499+0000] {logging_mixin.py:188} INFO - [2026-04-01T13:08:26.499+0000] {dag.py:3954} INFO - Setting next_dagrun for example_bash_operator to 2026-03-31 00:00:00+00:00, run_after=2026-04-01 00:00:00+00:00
[2026-04-01T13:08:26.515+0000] {processor.py:183} INFO - Processing /home/airflow/.local/lib/python3.12/site-packages/airflow/example_dags/example_bash_operator.py took 0.067 seconds
[2026-04-01T13:08:56.856+0000] {processor.py:161} INFO - Started process (PID=1242) to work on /home/airflow/.local/lib/python3.12/site-packages/airflow/example_dags/example_bash_operator.py
[2026-04-01T13:08:56.857+0000] {processor.py:830} INFO - Processing file /home/airflow/.local/lib/python3.12/site-packages/airflow/example_dags/example_bash_operator.py for tasks to queue
[2026-04-01T13:08:56.859+0000] {logging_mixin.py:188} INFO - [2026-04-01T13:08:56.858+0000] {dagbag.py:545} INFO - Filling up the DagBag from /home/airflow/.local/lib/python3.12/site-packages/airflow/example_dags/example_bash_operator.py
[2026-04-01T13:08:56.867+0000] {processor.py:840} INFO - DAG(s) 'example_bash_operator' retrieved from /home/airflow/.local/lib/python3.12/site-packages/airflow/example_dags/example_bash_operator.py
[2026-04-01T13:08:56.888+0000] {logging_mixin.py:188} INFO - [2026-04-01T13:08:56.888+0000] {dag.py:3096} INFO - Sync 1 DAGs
[2026-04-01T13:08:56.907+0000] {logging_mixin.py:188} INFO - [2026-04-01T13:08:56.907+0000] {dag.py:3954} INFO - Setting next_dagrun for example_bash_operator to 2026-03-31 00:00:00+00:00, run_after=2026-04-01 00:00:00+00:00
[2026-04-01T13:08:56.921+0000] {processor.py:183} INFO - Processing /home/airflow/.local/lib/python3.12/site-packages/airflow/example_dags/example_bash_operator.py took 0.070 seconds
[2026-04-01T13:09:27.210+0000] {processor.py:161} INFO - Started process (PID=1300) to work on /home/airflow/.local/lib/python3.12/site-packages/airflow/example_dags/example_bash_operator.py
[2026-04-01T13:09:27.211+0000] {processor.py:830} INFO - Processing file /home/airflow/.local/lib/python3.12/site-packages/airflow/example_dags/example_bash_operator.py for tasks to queue
[2026-04-01T13:09:27.213+0000] {logging_mixin.py:188} INFO - [2026-04-01T13:09:27.212+0000] {dagbag.py:545} INFO - Filling up the DagBag from /home/airflow/.local/lib/python3.12/site-packages/airflow/example_dags/example_bash_operator.py
[2026-04-01T13:09:27.225+0000] {processor.py:840} INFO - DAG(s) 'example_bash_operator' retrieved from /home/airflow/.local/lib/python3.12/site-packages/airflow/example_dags/example_bash_operator.py
[2026-04-01T13:09:27.242+0000] {logging_mixin.py:188} INFO - [2026-04-01T13:09:27.242+0000] {dag.py:3096} INFO - Sync 1 DAGs
[2026-04-01T13:09:27.258+0000] {logging_mixin.py:188} INFO - [2026-04-01T13:09:27.258+0000] {dag.py:3954} INFO - Setting next_dagrun for example_bash_operator to 2026-03-31 00:00:00+00:00, run_after=2026-04-01 00:00:00+00:00
[2026-04-01T13:09:27.275+0000] {processor.py:183} INFO - Processing /home/airflow/.local/lib/python3.12/site-packages/airflow/example_dags/example_bash_operator.py took 0.072 seconds
[2026-04-01T13:09:57.530+0000] {processor.py:161} INFO - Started process (PID=1358) to work on /home/airflow/.local/lib/python3.12/site-packages/airflow/example_dags/example_bash_operator.py
[2026-04-01T13:09:57.531+0000] {processor.py:830} INFO - Processing file /home/airflow/.local/lib/python3.12/site-packages/airflow/example_dags/example_bash_operator.py for tasks to queue
[2026-04-01T13:09:57.533+0000] {logging_mixin.py:188} INFO - [2026-04-01T13:09:57.533+0000] {dagbag.py:545} INFO - Filling up the DagBag from /home/airflow/.local/lib/python3.12/site-packages/airflow/example_dags/example_bash_operator.py
[2026-04-01T13:09:57.542+0000] {processor.py:840} INFO - DAG(s) 'example_bash_operator' retrieved from /home/airflow/.local/lib/python3.12/site-packages/airflow/example_dags/example_bash_operator.py
[2026-04-01T13:09:57.563+0000] {logging_mixin.py:188} INFO - [2026-04-01T13:09:57.563+0000] {dag.py:3096} INFO - Sync 1 DAGs
[2026-04-01T13:09:57.583+0000] {logging_mixin.py:188} INFO - [2026-04-01T13:09:57.583+0000] {dag.py:3954} INFO - Setting next_dagrun for example_bash_operator to 2026-03-31 00:00:00+00:00, run_after=2026-04-01 00:00:00+00:00
[2026-04-01T13:09:57.600+0000] {processor.py:183} INFO - Processing /home/airflow/.local/lib/python3.12/site-packages/airflow/example_dags/example_bash_operator.py took 0.075 seconds
[2026-04-01T13:10:27.642+0000] {processor.py:161} INFO - Started process (PID=1416) to work on /home/airflow/.local/lib/python3.12/site-packages/airflow/example_dags/example_bash_operator.py
[2026-04-01T13:10:27.643+0000] {processor.py:830} INFO - Processing file /home/airflow/.local/lib/python3.12/site-packages/airflow/example_dags/example_bash_operator.py for tasks to queue
[2026-04-01T13:10:27.644+0000] {logging_mixin.py:188} INFO - [2026-04-01T13:10:27.644+0000] {dagbag.py:545} INFO - Filling up the DagBag from /home/airflow/.local/lib/python3.12/site-packages/airflow/example_dags/example_bash_operator.py
[2026-04-01T13:10:27.654+0000] {processor.py:840} INFO - DAG(s) 'example_bash_operator' retrieved from /home/airflow/.local/lib/python3.12/site-packages/airflow/example_dags/example_bash_operator.py
[2026-04-01T13:10:27.675+0000] {logging_mixin.py:188} INFO - [2026-04-01T13:10:27.675+0000] {dag.py:3096} INFO - Sync 1 DAGs
[2026-04-01T13:10:27.692+0000] {logging_mixin.py:188} INFO - [2026-04-01T13:10:27.692+0000] {dag.py:3954} INFO - Setting next_dagrun for example_bash_operator to 2026-03-31 00:00:00+00:00, run_after=2026-04-01 00:00:00+00:00
[2026-04-01T13:10:27.708+0000] {processor.py:183} INFO - Processing /home/airflow/.local/lib/python3.12/site-packages/airflow/example_dags/example_bash_operator.py took 0.071 seconds
[2026-04-01T13:10:58.227+0000] {processor.py:161} INFO - Started process (PID=1473) to work on /home/airflow/.local/lib/python3.12/site-packages/airflow/example_dags/example_bash_operator.py
[2026-04-01T13:10:58.228+0000] {processor.py:830} INFO - Processing file /home/airflow/.local/lib/python3.12/site-packages/airflow/example_dags/example_bash_operator.py for tasks to queue
[2026-04-01T13:10:58.230+0000] {logging_mixin.py:188} INFO - [2026-04-01T13:10:58.229+0000] {dagbag.py:545} INFO - Filling up the DagBag from /home/airflow/.local/lib/python3.12/site-packages/airflow/example_dags/example_bash_operator.py
[2026-04-01T13:10:58.238+0000] {processor.py:840} INFO - DAG(s) 'example_bash_operator' retrieved from /home/airflow/.local/lib/python3.12/site-packages/airflow/example_dags/example_bash_operator.py
[2026-04-01T13:10:58.258+0000] {logging_mixin.py:188} INFO - [2026-04-01T13:10:58.258+0000] {dag.py:3096} INFO - Sync 1 DAGs
[2026-04-01T13:10:58.276+0000] {logging_mixin.py:188} INFO - [2026-04-01T13:10:58.276+0000] {dag.py:3954} INFO - Setting next_dagrun for example_bash_operator to 2026-03-31 00:00:00+00:00, run_after=2026-04-01 00:00:00+00:00
[2026-04-01T13:10:58.294+0000] {processor.py:183} INFO - Processing /home/airflow/.local/lib/python3.12/site-packages/airflow/example_dags/example_bash_operator.py took 0.072 seconds
[2026-04-01T13:11:28.664+0000] {processor.py:161} INFO - Started process (PID=1531) to work on /home/airflow/.local/lib/python3.12/site-packages/airflow/example_dags/example_bash_operator.py
[2026-04-01T13:11:28.665+0000] {processor.py:830} INFO - Processing file /home/airflow/.local/lib/python3.12/site-packages/airflow/example_dags/example_bash_operator.py for tasks to queue
[2026-04-01T13:11:28.667+0000] {logging_mixin.py:188} INFO - [2026-04-01T13:11:28.667+0000] {dagbag.py:545} INFO - Filling up the DagBag from /home/airflow/.local/lib/python3.12/site-packages/airflow/example_dags/example_bash_operator.py
[2026-04-01T13:11:28.679+0000] {processor.py:840} INFO - DAG(s) 'example_bash_operator' retrieved from /home/airflow/.local/lib/python3.12/site-packages/airflow/example_dags/example_bash_operator.py
[2026-04-01T13:11:28.702+0000] {logging_mixin.py:188} INFO - [2026-04-01T13:11:28.701+0000] {dag.py:3096} INFO - Sync 1 DAGs
[2026-04-01T13:11:28.719+0000] {logging_mixin.py:188} INFO - [2026-04-01T13:11:28.718+0000] {dag.py:3954} INFO - Setting next_dagrun for example_bash_operator to 2026-03-31 00:00:00+00:00, run_after=2026-04-01 00:00:00+00:00
[2026-04-01T13:11:28.736+0000] {processor.py:183} INFO - Processing /home/airflow/.local/lib/python3.12/site-packages/airflow/example_dags/example_bash_operator.py took 0.079 seconds
[2026-04-01T13:11:59.096+0000] {processor.py:161} INFO - Started process (PID=1589) to work on /home/airflow/.local/lib/python3.12/site-packages/airflow/example_dags/example_bash_operator.py
[2026-04-01T13:11:59.097+0000] {processor.py:830} INFO - Processing file /home/airflow/.local/lib/python3.12/site-packages/airflow/example_dags/example_bash_operator.py for tasks to queue
[2026-04-01T13:11:59.099+0000] {logging_mixin.py:188} INFO - [2026-04-01T13:11:59.099+0000] {dagbag.py:545} INFO - Filling up the DagBag from /home/airflow/.local/lib/python3.12/site-packages/airflow/example_dags/example_bash_operator.py
[2026-04-01T13:11:59.108+0000] {processor.py:840} INFO - DAG(s) 'example_bash_operator' retrieved from /home/airflow/.local/lib/python3.12/site-packages/airflow/example_dags/example_bash_operator.py
[2026-04-01T13:11:59.128+0000] {logging_mixin.py:188} INFO - [2026-04-01T13:11:59.128+0000] {dag.py:3096} INFO - Sync 1 DAGs
[2026-04-01T13:11:59.145+0000] {logging_mixin.py:188} INFO - [2026-04-01T13:11:59.145+0000] {dag.py:3954} INFO - Setting next_dagrun for example_bash_operator to 2026-03-31 00:00:00+00:00, run_after=2026-04-01 00:00:00+00:00
[2026-04-01T13:11:59.160+0000] {processor.py:183} INFO - Processing /home/airflow/.local/lib/python3.12/site-packages/airflow/example_dags/example_bash_operator.py took 0.068 seconds
[2026-04-01T13:12:29.352+0000] {processor.py:161} INFO - Started process (PID=1647) to work on /home/airflow/.local/lib/python3.12/site-packages/airflow/example_dags/example_bash_operator.py
[2026-04-01T13:12:29.352+0000] {processor.py:830} INFO - Processing file /home/airflow/.local/lib/python3.12/site-packages/airflow/example_dags/example_bash_operator.py for tasks to queue
[2026-04-01T13:12:29.354+0000] {logging_mixin.py:188} INFO - [2026-04-01T13:12:29.354+0000] {dagbag.py:545} INFO - Filling up the DagBag from /home/airflow/.local/lib/python3.12/site-packages/airflow/example_dags/example_bash_operator.py
[2026-04-01T13:12:29.363+0000] {processor.py:840} INFO - DAG(s) 'example_bash_operator' retrieved from /home/airflow/.local/lib/python3.12/site-packages/airflow/example_dags/example_bash_operator.py
[2026-04-01T13:12:29.384+0000] {logging_mixin.py:188} INFO - [2026-04-01T13:12:29.384+0000] {dag.py:3096} INFO - Sync 1 DAGs
[2026-04-01T13:12:29.401+0000] {logging_mixin.py:188} INFO - [2026-04-01T13:12:29.401+0000] {dag.py:3954} INFO - Setting next_dagrun for example_bash_operator to 2026-03-31 00:00:00+00:00, run_after=2026-04-01 00:00:00+00:00
[2026-04-01T13:12:29.420+0000] {processor.py:183} INFO - Processing /home/airflow/.local/lib/python3.12/site-packages/airflow/example_dags/example_bash_operator.py took 0.072 seconds
[2026-04-01T13:12:59.619+0000] {processor.py:161} INFO - Started process (PID=1705) to work on /home/airflow/.local/lib/python3.12/site-packages/airflow/example_dags/example_bash_operator.py
[2026-04-01T13:12:59.620+0000] {processor.py:830} INFO - Processing file /home/airflow/.local/lib/python3.12/site-packages/airflow/example_dags/example_bash_operator.py for tasks to queue
[2026-04-01T13:12:59.621+0000] {logging_mixin.py:188} INFO - [2026-04-01T13:12:59.621+0000] {dagbag.py:545} INFO - Filling up the DagBag from /home/airflow/.local/lib/python3.12/site-packages/airflow/example_dags/example_bash_operator.py
[2026-04-01T13:12:59.630+0000] {processor.py:840} INFO - DAG(s) 'example_bash_operator' retrieved from /home/airflow/.local/lib/python3.12/site-packages/airflow/example_dags/example_bash_operator.py
[2026-04-01T13:12:59.649+0000] {logging_mixin.py:188} INFO - [2026-04-01T13:12:59.649+0000] {dag.py:3096} INFO - Sync 1 DAGs
[2026-04-01T13:12:59.666+0000] {logging_mixin.py:188} INFO - [2026-04-01T13:12:59.666+0000] {dag.py:3954} INFO - Setting next_dagrun for example_bash_operator to 2026-03-31 00:00:00+00:00, run_after=2026-04-01 00:00:00+00:00
[2026-04-01T13:12:59.684+0000] {processor.py:183} INFO - Processing /home/airflow/.local/lib/python3.12/site-packages/airflow/example_dags/example_bash_operator.py took 0.070 seconds
[2026-04-01T13:13:29.941+0000] {processor.py:161} INFO - Started process (PID=1763) to work on /home/airflow/.local/lib/python3.12/site-packages/airflow/example_dags/example_bash_operator.py
[2026-04-01T13:13:29.942+0000] {processor.py:830} INFO - Processing file /home/airflow/.local/lib/python3.12/site-packages/airflow/example_dags/example_bash_operator.py for tasks to queue
[2026-04-01T13:13:29.943+0000] {logging_mixin.py:188} INFO - [2026-04-01T13:13:29.943+0000] {dagbag.py:545} INFO - Filling up the DagBag from /home/airflow/.local/lib/python3.12/site-packages/airflow/example_dags/example_bash_operator.py
[2026-04-01T13:13:29.951+0000] {processor.py:840} INFO - DAG(s) 'example_bash_operator' retrieved from /home/airflow/.local/lib/python3.12/site-packages/airflow/example_dags/example_bash_operator.py
[2026-04-01T13:13:29.970+0000] {logging_mixin.py:188} INFO - [2026-04-01T13:13:29.970+0000] {dag.py:3096} INFO - Sync 1 DAGs
[2026-04-01T13:13:29.986+0000] {logging_mixin.py:188} INFO - [2026-04-01T13:13:29.986+0000] {dag.py:3954} INFO - Setting next_dagrun for example_bash_operator to 2026-03-31 00:00:00+00:00, run_after=2026-04-01 00:00:00+00:00
[2026-04-01T13:13:30.002+0000] {processor.py:183} INFO - Processing /home/airflow/.local/lib/python3.12/site-packages/airflow/example_dags/example_bash_operator.py took 0.066 seconds
[2026-04-01T13:14:00.463+0000] {processor.py:161} INFO - Started process (PID=1821) to work on /home/airflow/.local/lib/python3.12/site-packages/airflow/example_dags/example_bash_operator.py
[2026-04-01T13:14:00.463+0000] {processor.py:830} INFO - Processing file /home/airflow/.local/lib/python3.12/site-packages/airflow/example_dags/example_bash_operator.py for tasks to queue
[2026-04-01T13:14:00.465+0000] {logging_mixin.py:188} INFO - [2026-04-01T13:14:00.465+0000] {dagbag.py:545} INFO - Filling up the DagBag from /home/airflow/.local/lib/python3.12/site-packages/airflow/example_dags/example_bash_operator.py
[2026-04-01T13:14:00.474+0000] {processor.py:840} INFO - DAG(s) 'example_bash_operator' retrieved from /home/airflow/.local/lib/python3.12/site-packages/airflow/example_dags/example_bash_operator.py
[2026-04-01T13:14:00.493+0000] {logging_mixin.py:188} INFO - [2026-04-01T13:14:00.493+0000] {dag.py:3096} INFO - Sync 1 DAGs
[2026-04-01T13:14:00.510+0000] {logging_mixin.py:188} INFO - [2026-04-01T13:14:00.510+0000] {dag.py:3954} INFO - Setting next_dagrun for example_bash_operator to 2026-03-31 00:00:00+00:00, run_after=2026-04-01 00:00:00+00:00
[2026-04-01T13:14:00.524+0000] {processor.py:183} INFO - Processing /home/airflow/.local/lib/python3.12/site-packages/airflow/example_dags/example_bash_operator.py took 0.066 seconds
[2026-04-01T13:14:31.217+0000] {processor.py:161} INFO - Started process (PID=1879) to work on /home/airflow/.local/lib/python3.12/site-packages/airflow/example_dags/example_bash_operator.py
[2026-04-01T13:14:31.218+0000] {processor.py:830} INFO - Processing file /home/airflow/.local/lib/python3.12/site-packages/airflow/example_dags/example_bash_operator.py for tasks to queue
[2026-04-01T13:14:31.219+0000] {logging_mixin.py:188} INFO - [2026-04-01T13:14:31.219+0000] {dagbag.py:545} INFO - Filling up the DagBag from /home/airflow/.local/lib/python3.12/site-packages/airflow/example_dags/example_bash_operator.py
[2026-04-01T13:14:31.228+0000] {processor.py:840} INFO - DAG(s) 'example_bash_operator' retrieved from /home/airflow/.local/lib/python3.12/site-packages/airflow/example_dags/example_bash_operator.py
[2026-04-01T13:14:31.247+0000] {logging_mixin.py:188} INFO - [2026-04-01T13:14:31.247+0000] {dag.py:3096} INFO - Sync 1 DAGs
[2026-04-01T13:14:31.267+0000] {logging_mixin.py:188} INFO - [2026-04-01T13:14:31.267+0000] {dag.py:3954} INFO - Setting next_dagrun for example_bash_operator to 2026-03-31 00:00:00+00:00, run_after=2026-04-01 00:00:00+00:00
[2026-04-01T13:14:31.390+0000] {processor.py:183} INFO - Processing /home/airflow/.local/lib/python3.12/site-packages/airflow/example_dags/example_bash_operator.py took 0.178 seconds
[2026-04-01T13:15:01.470+0000] {processor.py:161} INFO - Started process (PID=1937) to work on /home/airflow/.local/lib/python3.12/site-packages/airflow/example_dags/example_bash_operator.py
[2026-04-01T13:15:01.470+0000] {processor.py:830} INFO - Processing file /home/airflow/.local/lib/python3.12/site-packages/airflow/example_dags/example_bash_operator.py for tasks to queue
[2026-04-01T13:15:01.472+0000] {logging_mixin.py:188} INFO - [2026-04-01T13:15:01.472+0000] {dagbag.py:545} INFO - Filling up the DagBag from /home/airflow/.local/lib/python3.12/site-packages/airflow/example_dags/example_bash_operator.py
[2026-04-01T13:15:01.479+0000] {processor.py:840} INFO - DAG(s) 'example_bash_operator' retrieved from /home/airflow/.local/lib/python3.12/site-packages/airflow/example_dags/example_bash_operator.py
[2026-04-01T13:15:01.497+0000] {logging_mixin.py:188} INFO - [2026-04-01T13:15:01.497+0000] {dag.py:3096} INFO - Sync 1 DAGs
[2026-04-01T13:15:01.511+0000] {logging_mixin.py:188} INFO - [2026-04-01T13:15:01.510+0000] {dag.py:3954} INFO - Setting next_dagrun for example_bash_operator to 2026-03-31 00:00:00+00:00, run_after=2026-04-01 00:00:00+00:00
[2026-04-01T13:15:01.524+0000] {processor.py:183} INFO - Processing /home/airflow/.local/lib/python3.12/site-packages/airflow/example_dags/example_bash_operator.py took 0.058 seconds
[2026-04-01T13:15:31.626+0000] {processor.py:161} INFO - Started process (PID=1995) to work on /home/airflow/.local/lib/python3.12/site-packages/airflow/example_dags/example_bash_operator.py
[2026-04-01T13:15:31.628+0000] {processor.py:830} INFO - Processing file /home/airflow/.local/lib/python3.12/site-packages/airflow/example_dags/example_bash_operator.py for tasks to queue
[2026-04-01T13:15:31.630+0000] {logging_mixin.py:188} INFO - [2026-04-01T13:15:31.630+0000] {dagbag.py:545} INFO - Filling up the DagBag from /home/airflow/.local/lib/python3.12/site-packages/airflow/example_dags/example_bash_operator.py
[2026-04-01T13:15:31.639+0000] {processor.py:840} INFO - DAG(s) 'example_bash_operator' retrieved from /home/airflow/.local/lib/python3.12/site-packages/airflow/example_dags/example_bash_operator.py
[2026-04-01T13:15:31.657+0000] {logging_mixin.py:188} INFO - [2026-04-01T13:15:31.657+0000] {dag.py:3096} INFO - Sync 1 DAGs
[2026-04-01T13:15:31.672+0000] {logging_mixin.py:188} INFO - [2026-04-01T13:15:31.672+0000] {dag.py:3954} INFO - Setting next_dagrun for example_bash_operator to 2026-03-31 00:00:00+00:00, run_after=2026-04-01 00:00:00+00:00
[2026-04-01T13:15:31.688+0000] {processor.py:183} INFO - Processing /home/airflow/.local/lib/python3.12/site-packages/airflow/example_dags/example_bash_operator.py took 0.067 seconds
[2026-04-01T13:16:02.109+0000] {processor.py:161} INFO - Started process (PID=2053) to work on /home/airflow/.local/lib/python3.12/site-packages/airflow/example_dags/example_bash_operator.py
[2026-04-01T13:16:02.110+0000] {processor.py:830} INFO - Processing file /home/airflow/.local/lib/python3.12/site-packages/airflow/example_dags/example_bash_operator.py for tasks to queue
[2026-04-01T13:16:02.111+0000] {logging_mixin.py:188} INFO - [2026-04-01T13:16:02.111+0000] {dagbag.py:545} INFO - Filling up the DagBag from /home/airflow/.local/lib/python3.12/site-packages/airflow/example_dags/example_bash_operator.py
[2026-04-01T13:16:02.120+0000] {processor.py:840} INFO - DAG(s) 'example_bash_operator' retrieved from /home/airflow/.local/lib/python3.12/site-packages/airflow/example_dags/example_bash_operator.py
[2026-04-01T13:16:02.140+0000] {logging_mixin.py:188} INFO - [2026-04-01T13:16:02.139+0000] {dag.py:3096} INFO - Sync 1 DAGs
[2026-04-01T13:16:02.158+0000] {logging_mixin.py:188} INFO - [2026-04-01T13:16:02.157+0000] {dag.py:3954} INFO - Setting next_dagrun for example_bash_operator to 2026-03-31 00:00:00+00:00, run_after=2026-04-01 00:00:00+00:00
[2026-04-01T13:16:02.172+0000] {processor.py:183} INFO - Processing /home/airflow/.local/lib/python3.12/site-packages/airflow/example_dags/example_bash_operator.py took 0.067 seconds
[2026-04-01T13:16:34.050+0000] {processor.py:161} INFO - Started process (PID=2111) to work on /home/airflow/.local/lib/python3.12/site-packages/airflow/example_dags/example_bash_operator.py
[2026-04-01T13:16:34.050+0000] {processor.py:830} INFO - Processing file /home/airflow/.local/lib/python3.12/site-packages/airflow/example_dags/example_bash_operator.py for tasks to queue
[2026-04-01T13:16:34.052+0000] {logging_mixin.py:188} INFO - [2026-04-01T13:16:34.052+0000] {dagbag.py:545} INFO - Filling up the DagBag from /home/airflow/.local/lib/python3.12/site-packages/airflow/example_dags/example_bash_operator.py
[2026-04-01T13:16:34.060+0000] {processor.py:840} INFO - DAG(s) 'example_bash_operator' retrieved from /home/airflow/.local/lib/python3.12/site-packages/airflow/example_dags/example_bash_operator.py
[2026-04-01T13:16:34.200+0000] {logging_mixin.py:188} INFO - [2026-04-01T13:16:34.200+0000] {dag.py:3096} INFO - Sync 1 DAGs
[2026-04-01T13:16:34.214+0000] {logging_mixin.py:188} INFO - [2026-04-01T13:16:34.214+0000] {dag.py:3954} INFO - Setting next_dagrun for example_bash_operator to 2026-03-31 00:00:00+00:00, run_after=2026-04-01 00:00:00+00:00
[2026-04-01T13:16:34.229+0000] {processor.py:183} INFO - Processing /home/airflow/.local/lib/python3.12/site-packages/airflow/example_dags/example_bash_operator.py took 0.184 seconds
[2026-04-01T13:17:05.073+0000] {processor.py:161} INFO - Started process (PID=2169) to work on /home/airflow/.local/lib/python3.12/site-packages/airflow/example_dags/example_bash_operator.py
[2026-04-01T13:17:05.074+0000] {processor.py:830} INFO - Processing file /home/airflow/.local/lib/python3.12/site-packages/airflow/example_dags/example_bash_operator.py for tasks to queue
[2026-04-01T13:17:05.076+0000] {logging_mixin.py:188} INFO - [2026-04-01T13:17:05.076+0000] {dagbag.py:545} INFO - Filling up the DagBag from /home/airflow/.local/lib/python3.12/site-packages/airflow/example_dags/example_bash_operator.py
[2026-04-01T13:17:05.084+0000] {processor.py:840} INFO - DAG(s) 'example_bash_operator' retrieved from /home/airflow/.local/lib/python3.12/site-packages/airflow/example_dags/example_bash_operator.py
[2026-04-01T13:17:05.107+0000] {logging_mixin.py:188} INFO - [2026-04-01T13:17:05.107+0000] {dag.py:3096} INFO - Sync 1 DAGs
[2026-04-01T13:17:05.125+0000] {logging_mixin.py:188} INFO - [2026-04-01T13:17:05.125+0000] {dag.py:3954} INFO - Setting next_dagrun for example_bash_operator to 2026-03-31 00:00:00+00:00, run_after=2026-04-01 00:00:00+00:00
[2026-04-01T13:17:05.144+0000] {processor.py:183} INFO - Processing /home/airflow/.local/lib/python3.12/site-packages/airflow/example_dags/example_bash_operator.py took 0.076 seconds
[2026-04-01T13:17:35.448+0000] {processor.py:161} INFO - Started process (PID=2227) to work on /home/airflow/.local/lib/python3.12/site-packages/airflow/example_dags/example_bash_operator.py
[2026-04-01T13:17:35.448+0000] {processor.py:830} INFO - Processing file /home/airflow/.local/lib/python3.12/site-packages/airflow/example_dags/example_bash_operator.py for tasks to queue
[2026-04-01T13:17:35.450+0000] {logging_mixin.py:188} INFO - [2026-04-01T13:17:35.449+0000] {dagbag.py:545} INFO - Filling up the DagBag from /home/airflow/.local/lib/python3.12/site-packages/airflow/example_dags/example_bash_operator.py
[2026-04-01T13:17:35.458+0000] {processor.py:840} INFO - DAG(s) 'example_bash_operator' retrieved from /home/airflow/.local/lib/python3.12/site-packages/airflow/example_dags/example_bash_operator.py
[2026-04-01T13:17:35.479+0000] {logging_mixin.py:188} INFO - [2026-04-01T13:17:35.479+0000] {dag.py:3096} INFO - Sync 1 DAGs
[2026-04-01T13:17:35.496+0000] {logging_mixin.py:188} INFO - [2026-04-01T13:17:35.496+0000] {dag.py:3954} INFO - Setting next_dagrun for example_bash_operator to 2026-03-31 00:00:00+00:00, run_after=2026-04-01 00:00:00+00:00
[2026-04-01T13:17:35.512+0000] {processor.py:183} INFO - Processing /home/airflow/.local/lib/python3.12/site-packages/airflow/example_dags/example_bash_operator.py took 0.069 seconds
[2026-04-01T13:18:05.640+0000] {processor.py:161} INFO - Started process (PID=2285) to work on /home/airflow/.local/lib/python3.12/site-packages/airflow/example_dags/example_bash_operator.py
[2026-04-01T13:18:05.641+0000] {processor.py:830} INFO - Processing file /home/airflow/.local/lib/python3.12/site-packages/airflow/example_dags/example_bash_operator.py for tasks to queue
[2026-04-01T13:18:05.642+0000] {logging_mixin.py:188} INFO - [2026-04-01T13:18:05.642+0000] {dagbag.py:545} INFO - Filling up the DagBag from /home/airflow/.local/lib/python3.12/site-packages/airflow/example_dags/example_bash_operator.py
[2026-04-01T13:18:05.650+0000] {processor.py:840} INFO - DAG(s) 'example_bash_operator' retrieved from /home/airflow/.local/lib/python3.12/site-packages/airflow/example_dags/example_bash_operator.py
[2026-04-01T13:18:05.671+0000] {logging_mixin.py:188} INFO - [2026-04-01T13:18:05.670+0000] {dag.py:3096} INFO - Sync 1 DAGs
[2026-04-01T13:18:05.690+0000] {logging_mixin.py:188} INFO - [2026-04-01T13:18:05.690+0000] {dag.py:3954} INFO - Setting next_dagrun for example_bash_operator to 2026-03-31 00:00:00+00:00, run_after=2026-04-01 00:00:00+00:00
[2026-04-01T13:18:05.707+0000] {processor.py:183} INFO - Processing /home/airflow/.local/lib/python3.12/site-packages/airflow/example_dags/example_bash_operator.py took 0.071 seconds
[2026-04-01T13:18:36.163+0000] {processor.py:161} INFO - Started process (PID=2343) to work on /home/airflow/.local/lib/python3.12/site-packages/airflow/example_dags/example_bash_operator.py
[2026-04-01T13:18:36.164+0000] {processor.py:830} INFO - Processing file /home/airflow/.local/lib/python3.12/site-packages/airflow/example_dags/example_bash_operator.py for tasks to queue
[2026-04-01T13:18:36.165+0000] {logging_mixin.py:188} INFO - [2026-04-01T13:18:36.165+0000] {dagbag.py:545} INFO - Filling up the DagBag from /home/airflow/.local/lib/python3.12/site-packages/airflow/example_dags/example_bash_operator.py
[2026-04-01T13:18:36.173+0000] {processor.py:840} INFO - DAG(s) 'example_bash_operator' retrieved from /home/airflow/.local/lib/python3.12/site-packages/airflow/example_dags/example_bash_operator.py
[2026-04-01T13:18:36.191+0000] {logging_mixin.py:188} INFO - [2026-04-01T13:18:36.191+0000] {dag.py:3096} INFO - Sync 1 DAGs
[2026-04-01T13:18:36.209+0000] {logging_mixin.py:188} INFO - [2026-04-01T13:18:36.208+0000] {dag.py:3954} INFO - Setting next_dagrun for example_bash_operator to 2026-03-31 00:00:00+00:00, run_after=2026-04-01 00:00:00+00:00
[2026-04-01T13:18:36.227+0000] {processor.py:183} INFO - Processing /home/airflow/.local/lib/python3.12/site-packages/airflow/example_dags/example_bash_operator.py took 0.068 seconds
[2026-04-01T13:19:06.686+0000] {processor.py:161} INFO - Started process (PID=2401) to work on /home/airflow/.local/lib/python3.12/site-packages/airflow/example_dags/example_bash_operator.py
[2026-04-01T13:19:06.687+0000] {processor.py:830} INFO - Processing file /home/airflow/.local/lib/python3.12/site-packages/airflow/example_dags/example_bash_operator.py for tasks to queue
[2026-04-01T13:19:06.688+0000] {logging_mixin.py:188} INFO - [2026-04-01T13:19:06.688+0000] {dagbag.py:545} INFO - Filling up the DagBag from /home/airflow/.local/lib/python3.12/site-packages/airflow/example_dags/example_bash_operator.py
[2026-04-01T13:19:06.696+0000] {processor.py:840} INFO - DAG(s) 'example_bash_operator' retrieved from /home/airflow/.local/lib/python3.12/site-packages/airflow/example_dags/example_bash_operator.py
[2026-04-01T13:19:06.715+0000] {logging_mixin.py:188} INFO - [2026-04-01T13:19:06.715+0000] {dag.py:3096} INFO - Sync 1 DAGs
[2026-04-01T13:19:06.734+0000] {logging_mixin.py:188} INFO - [2026-04-01T13:19:06.734+0000] {dag.py:3954} INFO - Setting next_dagrun for example_bash_operator to 2026-03-31 00:00:00+00:00, run_after=2026-04-01 00:00:00+00:00
[2026-04-01T13:19:06.749+0000] {processor.py:183} INFO - Processing /home/airflow/.local/lib/python3.12/site-packages/airflow/example_dags/example_bash_operator.py took 0.069 seconds
[2026-04-01T13:19:36.967+0000] {processor.py:161} INFO - Started process (PID=2459) to work on /home/airflow/.local/lib/python3.12/site-packages/airflow/example_dags/example_bash_operator.py
[2026-04-01T13:19:36.968+0000] {processor.py:830} INFO - Processing file /home/airflow/.local/lib/python3.12/site-packages/airflow/example_dags/example_bash_operator.py for tasks to queue
[2026-04-01T13:19:36.969+0000] {logging_mixin.py:188} INFO - [2026-04-01T13:19:36.969+0000] {dagbag.py:545} INFO - Filling up the DagBag from /home/airflow/.local/lib/python3.12/site-packages/airflow/example_dags/example_bash_operator.py
[2026-04-01T13:19:36.977+0000] {processor.py:840} INFO - DAG(s) 'example_bash_operator' retrieved from /home/airflow/.local/lib/python3.12/site-packages/airflow/example_dags/example_bash_operator.py
[2026-04-01T13:19:36.998+0000] {logging_mixin.py:188} INFO - [2026-04-01T13:19:36.998+0000] {dag.py:3096} INFO - Sync 1 DAGs
[2026-04-01T13:19:37.016+0000] {logging_mixin.py:188} INFO - [2026-04-01T13:19:37.016+0000] {dag.py:3954} INFO - Setting next_dagrun for example_bash_operator to 2026-03-31 00:00:00+00:00, run_after=2026-04-01 00:00:00+00:00
[2026-04-01T13:19:37.033+0000] {processor.py:183} INFO - Processing /home/airflow/.local/lib/python3.12/site-packages/airflow/example_dags/example_bash_operator.py took 0.071 seconds
[2026-04-01T13:20:07.521+0000] {processor.py:161} INFO - Started process (PID=2517) to work on /home/airflow/.local/lib/python3.12/site-packages/airflow/example_dags/example_bash_operator.py
[2026-04-01T13:20:07.522+0000] {processor.py:830} INFO - Processing file /home/airflow/.local/lib/python3.12/site-packages/airflow/example_dags/example_bash_operator.py for tasks to queue
[2026-04-01T13:20:07.524+0000] {logging_mixin.py:188} INFO - [2026-04-01T13:20:07.523+0000] {dagbag.py:545} INFO - Filling up the DagBag from /home/airflow/.local/lib/python3.12/site-packages/airflow/example_dags/example_bash_operator.py
[2026-04-01T13:20:07.533+0000] {processor.py:840} INFO - DAG(s) 'example_bash_operator' retrieved from /home/airflow/.local/lib/python3.12/site-packages/airflow/example_dags/example_bash_operator.py
[2026-04-01T13:20:07.555+0000] {logging_mixin.py:188} INFO - [2026-04-01T13:20:07.554+0000] {dag.py:3096} INFO - Sync 1 DAGs
[2026-04-01T13:20:07.571+0000] {logging_mixin.py:188} INFO - [2026-04-01T13:20:07.570+0000] {dag.py:3954} INFO - Setting next_dagrun for example_bash_operator to 2026-03-31 00:00:00+00:00, run_after=2026-04-01 00:00:00+00:00
[2026-04-01T13:20:07.588+0000] {processor.py:183} INFO - Processing /home/airflow/.local/lib/python3.12/site-packages/airflow/example_dags/example_bash_operator.py took 0.072 seconds
[2026-04-01T13:20:37.964+0000] {processor.py:161} INFO - Started process (PID=2575) to work on /home/airflow/.local/lib/python3.12/site-packages/airflow/example_dags/example_bash_operator.py
[2026-04-01T13:20:37.965+0000] {processor.py:830} INFO - Processing file /home/airflow/.local/lib/python3.12/site-packages/airflow/example_dags/example_bash_operator.py for tasks to queue
[2026-04-01T13:20:37.967+0000] {logging_mixin.py:188} INFO - [2026-04-01T13:20:37.967+0000] {dagbag.py:545} INFO - Filling up the DagBag from /home/airflow/.local/lib/python3.12/site-packages/airflow/example_dags/example_bash_operator.py
[2026-04-01T13:20:37.977+0000] {processor.py:840} INFO - DAG(s) 'example_bash_operator' retrieved from /home/airflow/.local/lib/python3.12/site-packages/airflow/example_dags/example_bash_operator.py
[2026-04-01T13:20:38.000+0000] {logging_mixin.py:188} INFO - [2026-04-01T13:20:38.000+0000] {dag.py:3096} INFO - Sync 1 DAGs
[2026-04-01T13:20:38.018+0000] {logging_mixin.py:188} INFO - [2026-04-01T13:20:38.018+0000] {dag.py:3954} INFO - Setting next_dagrun for example_bash_operator to 2026-03-31 00:00:00+00:00, run_after=2026-04-01 00:00:00+00:00
[2026-04-01T13:20:38.037+0000] {processor.py:183} INFO - Processing /home/airflow/.local/lib/python3.12/site-packages/airflow/example_dags/example_bash_operator.py took 0.078 seconds
[2026-04-01T13:21:08.429+0000] {processor.py:161} INFO - Started process (PID=2633) to work on /home/airflow/.local/lib/python3.12/site-packages/airflow/example_dags/example_bash_operator.py
[2026-04-01T13:21:08.430+0000] {processor.py:830} INFO - Processing file /home/airflow/.local/lib/python3.12/site-packages/airflow/example_dags/example_bash_operator.py for tasks to queue
[2026-04-01T13:21:08.432+0000] {logging_mixin.py:188} INFO - [2026-04-01T13:21:08.432+0000] {dagbag.py:545} INFO - Filling up the DagBag from /home/airflow/.local/lib/python3.12/site-packages/airflow/example_dags/example_bash_operator.py
[2026-04-01T13:21:08.441+0000] {processor.py:840} INFO - DAG(s) 'example_bash_operator' retrieved from /home/airflow/.local/lib/python3.12/site-packages/airflow/example_dags/example_bash_operator.py
[2026-04-01T13:21:08.461+0000] {logging_mixin.py:188} INFO - [2026-04-01T13:21:08.461+0000] {dag.py:3096} INFO - Sync 1 DAGs
[2026-04-01T13:21:08.477+0000] {logging_mixin.py:188} INFO - [2026-04-01T13:21:08.476+0000] {dag.py:3954} INFO - Setting next_dagrun for example_bash_operator to 2026-03-31 00:00:00+00:00, run_after=2026-04-01 00:00:00+00:00
[2026-04-01T13:21:08.492+0000] {processor.py:183} INFO - Processing /home/airflow/.local/lib/python3.12/site-packages/airflow/example_dags/example_bash_operator.py took 0.069 seconds
[2026-04-01T13:21:38.973+0000] {processor.py:161} INFO - Started process (PID=2691) to work on /home/airflow/.local/lib/python3.12/site-packages/airflow/example_dags/example_bash_operator.py
[2026-04-01T13:21:38.974+0000] {processor.py:830} INFO - Processing file /home/airflow/.local/lib/python3.12/site-packages/airflow/example_dags/example_bash_operator.py for tasks to queue
[2026-04-01T13:21:38.976+0000] {logging_mixin.py:188} INFO - [2026-04-01T13:21:38.976+0000] {dagbag.py:545} INFO - Filling up the DagBag from /home/airflow/.local/lib/python3.12/site-packages/airflow/example_dags/example_bash_operator.py
[2026-04-01T13:21:38.989+0000] {processor.py:840} INFO - DAG(s) 'example_bash_operator' retrieved from /home/airflow/.local/lib/python3.12/site-packages/airflow/example_dags/example_bash_operator.py
[2026-04-01T13:21:39.020+0000] {logging_mixin.py:188} INFO - [2026-04-01T13:21:39.019+0000] {dag.py:3096} INFO - Sync 1 DAGs
[2026-04-01T13:21:39.039+0000] {logging_mixin.py:188} INFO - [2026-04-01T13:21:39.038+0000] {dag.py:3954} INFO - Setting next_dagrun for example_bash_operator to 2026-03-31 00:00:00+00:00, run_after=2026-04-01 00:00:00+00:00
[2026-04-01T13:21:39.056+0000] {processor.py:183} INFO - Processing /home/airflow/.local/lib/python3.12/site-packages/airflow/example_dags/example_bash_operator.py took 0.089 seconds
[2026-04-01T13:22:09.480+0000] {processor.py:161} INFO - Started process (PID=2749) to work on /home/airflow/.local/lib/python3.12/site-packages/airflow/example_dags/example_bash_operator.py
[2026-04-01T13:22:09.481+0000] {processor.py:830} INFO - Processing file /home/airflow/.local/lib/python3.12/site-packages/airflow/example_dags/example_bash_operator.py for tasks to queue
[2026-04-01T13:22:09.483+0000] {logging_mixin.py:188} INFO - [2026-04-01T13:22:09.482+0000] {dagbag.py:545} INFO - Filling up the DagBag from /home/airflow/.local/lib/python3.12/site-packages/airflow/example_dags/example_bash_operator.py
[2026-04-01T13:22:09.491+0000] {processor.py:840} INFO - DAG(s) 'example_bash_operator' retrieved from /home/airflow/.local/lib/python3.12/site-packages/airflow/example_dags/example_bash_operator.py
[2026-04-01T13:22:09.514+0000] {logging_mixin.py:188} INFO - [2026-04-01T13:22:09.514+0000] {dag.py:3096} INFO - Sync 1 DAGs
[2026-04-01T13:22:09.535+0000] {logging_mixin.py:188} INFO - [2026-04-01T13:22:09.535+0000] {dag.py:3954} INFO - Setting next_dagrun for example_bash_operator to 2026-03-31 00:00:00+00:00, run_after=2026-04-01 00:00:00+00:00
[2026-04-01T13:22:09.552+0000] {processor.py:183} INFO - Processing /home/airflow/.local/lib/python3.12/site-packages/airflow/example_dags/example_bash_operator.py took 0.076 seconds
[2026-04-01T13:22:40.042+0000] {processor.py:161} INFO - Started process (PID=2807) to work on /home/airflow/.local/lib/python3.12/site-packages/airflow/example_dags/example_bash_operator.py
[2026-04-01T13:22:40.043+0000] {processor.py:830} INFO - Processing file /home/airflow/.local/lib/python3.12/site-packages/airflow/example_dags/example_bash_operator.py for tasks to queue
[2026-04-01T13:22:40.045+0000] {logging_mixin.py:188} INFO - [2026-04-01T13:22:40.045+0000] {dagbag.py:545} INFO - Filling up the DagBag from /home/airflow/.local/lib/python3.12/site-packages/airflow/example_dags/example_bash_operator.py
[2026-04-01T13:22:40.057+0000] {processor.py:840} INFO - DAG(s) 'example_bash_operator' retrieved from /home/airflow/.local/lib/python3.12/site-packages/airflow/example_dags/example_bash_operator.py
[2026-04-01T13:22:40.083+0000] {logging_mixin.py:188} INFO - [2026-04-01T13:22:40.083+0000] {dag.py:3096} INFO - Sync 1 DAGs
[2026-04-01T13:22:40.102+0000] {logging_mixin.py:188} INFO - [2026-04-01T13:22:40.101+0000] {dag.py:3954} INFO - Setting next_dagrun for example_bash_operator to 2026-03-31 00:00:00+00:00, run_after=2026-04-01 00:00:00+00:00
[2026-04-01T13:22:40.120+0000] {processor.py:183} INFO - Processing /home/airflow/.local/lib/python3.12/site-packages/airflow/example_dags/example_bash_operator.py took 0.083 seconds
[2026-04-01T13:23:10.540+0000] {processor.py:161} INFO - Started process (PID=2865) to work on /home/airflow/.local/lib/python3.12/site-packages/airflow/example_dags/example_bash_operator.py
[2026-04-01T13:23:10.540+0000] {processor.py:830} INFO - Processing file /home/airflow/.local/lib/python3.12/site-packages/airflow/example_dags/example_bash_operator.py for tasks to queue
[2026-04-01T13:23:10.542+0000] {logging_mixin.py:188} INFO - [2026-04-01T13:23:10.542+0000] {dagbag.py:545} INFO - Filling up the DagBag from /home/airflow/.local/lib/python3.12/site-packages/airflow/example_dags/example_bash_operator.py
[2026-04-01T13:23:10.553+0000] {processor.py:840} INFO - DAG(s) 'example_bash_operator' retrieved from /home/airflow/.local/lib/python3.12/site-packages/airflow/example_dags/example_bash_operator.py
[2026-04-01T13:23:10.572+0000] {logging_mixin.py:188} INFO - [2026-04-01T13:23:10.572+0000] {dag.py:3096} INFO - Sync 1 DAGs
[2026-04-01T13:23:10.590+0000] {logging_mixin.py:188} INFO - [2026-04-01T13:23:10.590+0000] {dag.py:3954} INFO - Setting next_dagrun for example_bash_operator to 2026-03-31 00:00:00+00:00, run_after=2026-04-01 00:00:00+00:00
[2026-04-01T13:23:10.606+0000] {processor.py:183} INFO - Processing /home/airflow/.local/lib/python3.12/site-packages/airflow/example_dags/example_bash_operator.py took 0.071 seconds
[2026-04-01T13:23:41.007+0000] {processor.py:161} INFO - Started process (PID=2923) to work on /home/airflow/.local/lib/python3.12/site-packages/airflow/example_dags/example_bash_operator.py
[2026-04-01T13:23:41.008+0000] {processor.py:830} INFO - Processing file /home/airflow/.local/lib/python3.12/site-packages/airflow/example_dags/example_bash_operator.py for tasks to queue
[2026-04-01T13:23:41.010+0000] {logging_mixin.py:188} INFO - [2026-04-01T13:23:41.010+0000] {dagbag.py:545} INFO - Filling up the DagBag from /home/airflow/.local/lib/python3.12/site-packages/airflow/example_dags/example_bash_operator.py
[2026-04-01T13:23:41.019+0000] {processor.py:840} INFO - DAG(s) 'example_bash_operator' retrieved from /home/airflow/.local/lib/python3.12/site-packages/airflow/example_dags/example_bash_operator.py
[2026-04-01T13:23:41.039+0000] {logging_mixin.py:188} INFO - [2026-04-01T13:23:41.039+0000] {dag.py:3096} INFO - Sync 1 DAGs
[2026-04-01T13:23:41.056+0000] {logging_mixin.py:188} INFO - [2026-04-01T13:23:41.056+0000] {dag.py:3954} INFO - Setting next_dagrun for example_bash_operator to 2026-03-31 00:00:00+00:00, run_after=2026-04-01 00:00:00+00:00
[2026-04-01T13:23:41.076+0000] {processor.py:183} INFO - Processing /home/airflow/.local/lib/python3.12/site-packages/airflow/example_dags/example_bash_operator.py took 0.074 seconds
[2026-04-01T13:24:11.527+0000] {processor.py:161} INFO - Started process (PID=2982) to work on /home/airflow/.local/lib/python3.12/site-packages/airflow/example_dags/example_bash_operator.py
[2026-04-01T13:24:11.528+0000] {processor.py:830} INFO - Processing file /home/airflow/.local/lib/python3.12/site-packages/airflow/example_dags/example_bash_operator.py for tasks to queue
[2026-04-01T13:24:11.530+0000] {logging_mixin.py:188} INFO - [2026-04-01T13:24:11.530+0000] {dagbag.py:545} INFO - Filling up the DagBag from /home/airflow/.local/lib/python3.12/site-packages/airflow/example_dags/example_bash_operator.py
[2026-04-01T13:24:11.540+0000] {processor.py:840} INFO - DAG(s) 'example_bash_operator' retrieved from /home/airflow/.local/lib/python3.12/site-packages/airflow/example_dags/example_bash_operator.py
[2026-04-01T13:24:11.566+0000] {logging_mixin.py:188} INFO - [2026-04-01T13:24:11.565+0000] {dag.py:3096} INFO - Sync 1 DAGs
[2026-04-01T13:24:11.585+0000] {logging_mixin.py:188} INFO - [2026-04-01T13:24:11.585+0000] {dag.py:3954} INFO - Setting next_dagrun for example_bash_operator to 2026-03-31 00:00:00+00:00, run_after=2026-04-01 00:00:00+00:00
[2026-04-01T13:24:11.603+0000] {processor.py:183} INFO - Processing /home/airflow/.local/lib/python3.12/site-packages/airflow/example_dags/example_bash_operator.py took 0.081 seconds
[2026-04-01T13:24:41.932+0000] {processor.py:161} INFO - Started process (PID=3040) to work on /home/airflow/.local/lib/python3.12/site-packages/airflow/example_dags/example_bash_operator.py
[2026-04-01T13:24:41.933+0000] {processor.py:830} INFO - Processing file /home/airflow/.local/lib/python3.12/site-packages/airflow/example_dags/example_bash_operator.py for tasks to queue
[2026-04-01T13:24:41.935+0000] {logging_mixin.py:188} INFO - [2026-04-01T13:24:41.935+0000] {dagbag.py:545} INFO - Filling up the DagBag from /home/airflow/.local/lib/python3.12/site-packages/airflow/example_dags/example_bash_operator.py
[2026-04-01T13:24:41.948+0000] {processor.py:840} INFO - DAG(s) 'example_bash_operator' retrieved from /home/airflow/.local/lib/python3.12/site-packages/airflow/example_dags/example_bash_operator.py
[2026-04-01T13:24:41.974+0000] {logging_mixin.py:188} INFO - [2026-04-01T13:24:41.974+0000] {dag.py:3096} INFO - Sync 1 DAGs
[2026-04-01T13:24:41.995+0000] {logging_mixin.py:188} INFO - [2026-04-01T13:24:41.995+0000] {dag.py:3954} INFO - Setting next_dagrun for example_bash_operator to 2026-03-31 00:00:00+00:00, run_after=2026-04-01 00:00:00+00:00
[2026-04-01T13:24:42.012+0000] {processor.py:183} INFO - Processing /home/airflow/.local/lib/python3.12/site-packages/airflow/example_dags/example_bash_operator.py took 0.087 seconds
[2026-04-01T13:25:12.539+0000] {processor.py:161} INFO - Started process (PID=3099) to work on /home/airflow/.local/lib/python3.12/site-packages/airflow/example_dags/example_bash_operator.py
[2026-04-01T13:25:12.539+0000] {processor.py:830} INFO - Processing file /home/airflow/.local/lib/python3.12/site-packages/airflow/example_dags/example_bash_operator.py for tasks to queue
[2026-04-01T13:25:12.541+0000] {logging_mixin.py:188} INFO - [2026-04-01T13:25:12.541+0000] {dagbag.py:545} INFO - Filling up the DagBag from /home/airflow/.local/lib/python3.12/site-packages/airflow/example_dags/example_bash_operator.py
[2026-04-01T13:25:12.549+0000] {processor.py:840} INFO - DAG(s) 'example_bash_operator' retrieved from /home/airflow/.local/lib/python3.12/site-packages/airflow/example_dags/example_bash_operator.py
[2026-04-01T13:25:12.567+0000] {logging_mixin.py:188} INFO - [2026-04-01T13:25:12.567+0000] {dag.py:3096} INFO - Sync 1 DAGs
[2026-04-01T13:25:12.583+0000] {logging_mixin.py:188} INFO - [2026-04-01T13:25:12.583+0000] {dag.py:3954} INFO - Setting next_dagrun for example_bash_operator to 2026-03-31 00:00:00+00:00, run_after=2026-04-01 00:00:00+00:00
[2026-04-01T13:25:12.598+0000] {processor.py:183} INFO - Processing /home/airflow/.local/lib/python3.12/site-packages/airflow/example_dags/example_bash_operator.py took 0.065 seconds
[2026-04-01T13:25:42.922+0000] {processor.py:161} INFO - Started process (PID=3158) to work on /home/airflow/.local/lib/python3.12/site-packages/airflow/example_dags/example_bash_operator.py
[2026-04-01T13:25:42.923+0000] {processor.py:830} INFO - Processing file /home/airflow/.local/lib/python3.12/site-packages/airflow/example_dags/example_bash_operator.py for tasks to queue
[2026-04-01T13:25:42.924+0000] {logging_mixin.py:188} INFO - [2026-04-01T13:25:42.924+0000] {dagbag.py:545} INFO - Filling up the DagBag from /home/airflow/.local/lib/python3.12/site-packages/airflow/example_dags/example_bash_operator.py
[2026-04-01T13:25:42.932+0000] {processor.py:840} INFO - DAG(s) 'example_bash_operator' retrieved from /home/airflow/.local/lib/python3.12/site-packages/airflow/example_dags/example_bash_operator.py
[2026-04-01T13:25:42.953+0000] {logging_mixin.py:188} INFO - [2026-04-01T13:25:42.953+0000] {dag.py:3096} INFO - Sync 1 DAGs
[2026-04-01T13:25:42.969+0000] {logging_mixin.py:188} INFO - [2026-04-01T13:25:42.969+0000] {dag.py:3954} INFO - Setting next_dagrun for example_bash_operator to 2026-03-31 00:00:00+00:00, run_after=2026-04-01 00:00:00+00:00
[2026-04-01T13:25:42.987+0000] {processor.py:183} INFO - Processing /home/airflow/.local/lib/python3.12/site-packages/airflow/example_dags/example_bash_operator.py took 0.071 seconds
[2026-04-01T13:26:13.251+0000] {processor.py:161} INFO - Started process (PID=3217) to work on /home/airflow/.local/lib/python3.12/site-packages/airflow/example_dags/example_bash_operator.py
[2026-04-01T13:26:13.252+0000] {processor.py:830} INFO - Processing file /home/airflow/.local/lib/python3.12/site-packages/airflow/example_dags/example_bash_operator.py for tasks to queue
[2026-04-01T13:26:13.253+0000] {logging_mixin.py:188} INFO - [2026-04-01T13:26:13.253+0000] {dagbag.py:545} INFO - Filling up the DagBag from /home/airflow/.local/lib/python3.12/site-packages/airflow/example_dags/example_bash_operator.py
[2026-04-01T13:26:13.261+0000] {processor.py:840} INFO - DAG(s) 'example_bash_operator' retrieved from /home/airflow/.local/lib/python3.12/site-packages/airflow/example_dags/example_bash_operator.py
[2026-04-01T13:26:13.283+0000] {logging_mixin.py:188} INFO - [2026-04-01T13:26:13.283+0000] {dag.py:3096} INFO - Sync 1 DAGs
[2026-04-01T13:26:13.298+0000] {logging_mixin.py:188} INFO - [2026-04-01T13:26:13.298+0000] {dag.py:3954} INFO - Setting next_dagrun for example_bash_operator to 2026-03-31 00:00:00+00:00, run_after=2026-04-01 00:00:00+00:00
[2026-04-01T13:26:13.315+0000] {processor.py:183} INFO - Processing /home/airflow/.local/lib/python3.12/site-packages/airflow/example_dags/example_bash_operator.py took 0.069 seconds
[2026-04-01T13:26:43.647+0000] {processor.py:161} INFO - Started process (PID=3276) to work on /home/airflow/.local/lib/python3.12/site-packages/airflow/example_dags/example_bash_operator.py
[2026-04-01T13:26:43.648+0000] {processor.py:830} INFO - Processing file /home/airflow/.local/lib/python3.12/site-packages/airflow/example_dags/example_bash_operator.py for tasks to queue
[2026-04-01T13:26:43.649+0000] {logging_mixin.py:188} INFO - [2026-04-01T13:26:43.649+0000] {dagbag.py:545} INFO - Filling up the DagBag from /home/airflow/.local/lib/python3.12/site-packages/airflow/example_dags/example_bash_operator.py
[2026-04-01T13:26:43.659+0000] {processor.py:840} INFO - DAG(s) 'example_bash_operator' retrieved from /home/airflow/.local/lib/python3.12/site-packages/airflow/example_dags/example_bash_operator.py
[2026-04-01T13:26:43.680+0000] {logging_mixin.py:188} INFO - [2026-04-01T13:26:43.680+0000] {dag.py:3096} INFO - Sync 1 DAGs
[2026-04-01T13:26:43.697+0000] {logging_mixin.py:188} INFO - [2026-04-01T13:26:43.697+0000] {dag.py:3954} INFO - Setting next_dagrun for example_bash_operator to 2026-03-31 00:00:00+00:00, run_after=2026-04-01 00:00:00+00:00
[2026-04-01T13:26:43.714+0000] {processor.py:183} INFO - Processing /home/airflow/.local/lib/python3.12/site-packages/airflow/example_dags/example_bash_operator.py took 0.071 seconds
[2026-04-01T13:27:14.092+0000] {processor.py:161} INFO - Started process (PID=3335) to work on /home/airflow/.local/lib/python3.12/site-packages/airflow/example_dags/example_bash_operator.py
[2026-04-01T13:27:14.093+0000] {processor.py:830} INFO - Processing file /home/airflow/.local/lib/python3.12/site-packages/airflow/example_dags/example_bash_operator.py for tasks to queue
[2026-04-01T13:27:14.094+0000] {logging_mixin.py:188} INFO - [2026-04-01T13:27:14.094+0000] {dagbag.py:545} INFO - Filling up the DagBag from /home/airflow/.local/lib/python3.12/site-packages/airflow/example_dags/example_bash_operator.py
[2026-04-01T13:27:14.102+0000] {processor.py:840} INFO - DAG(s) 'example_bash_operator' retrieved from /home/airflow/.local/lib/python3.12/site-packages/airflow/example_dags/example_bash_operator.py
[2026-04-01T13:27:14.122+0000] {logging_mixin.py:188} INFO - [2026-04-01T13:27:14.121+0000] {dag.py:3096} INFO - Sync 1 DAGs
[2026-04-01T13:27:14.138+0000] {logging_mixin.py:188} INFO - [2026-04-01T13:27:14.138+0000] {dag.py:3954} INFO - Setting next_dagrun for example_bash_operator to 2026-03-31 00:00:00+00:00, run_after=2026-04-01 00:00:00+00:00
[2026-04-01T13:27:14.153+0000] {processor.py:183} INFO - Processing /home/airflow/.local/lib/python3.12/site-packages/airflow/example_dags/example_bash_operator.py took 0.068 seconds
[2026-04-01T13:27:44.914+0000] {processor.py:161} INFO - Started process (PID=3395) to work on /home/airflow/.local/lib/python3.12/site-packages/airflow/example_dags/example_bash_operator.py
[2026-04-01T13:27:44.915+0000] {processor.py:830} INFO - Processing file /home/airflow/.local/lib/python3.12/site-packages/airflow/example_dags/example_bash_operator.py for tasks to queue
[2026-04-01T13:27:44.917+0000] {logging_mixin.py:188} INFO - [2026-04-01T13:27:44.916+0000] {dagbag.py:545} INFO - Filling up the DagBag from /home/airflow/.local/lib/python3.12/site-packages/airflow/example_dags/example_bash_operator.py
[2026-04-01T13:27:44.926+0000] {processor.py:840} INFO - DAG(s) 'example_bash_operator' retrieved from /home/airflow/.local/lib/python3.12/site-packages/airflow/example_dags/example_bash_operator.py
[2026-04-01T13:27:44.949+0000] {logging_mixin.py:188} INFO - [2026-04-01T13:27:44.948+0000] {dag.py:3096} INFO - Sync 1 DAGs
[2026-04-01T13:27:44.966+0000] {logging_mixin.py:188} INFO - [2026-04-01T13:27:44.965+0000] {dag.py:3954} INFO - Setting next_dagrun for example_bash_operator to 2026-03-31 00:00:00+00:00, run_after=2026-04-01 00:00:00+00:00
[2026-04-01T13:27:44.982+0000] {processor.py:183} INFO - Processing /home/airflow/.local/lib/python3.12/site-packages/airflow/example_dags/example_bash_operator.py took 0.074 seconds
[2026-04-01T13:28:15.260+0000] {processor.py:161} INFO - Started process (PID=3454) to work on /home/airflow/.local/lib/python3.12/site-packages/airflow/example_dags/example_bash_operator.py
[2026-04-01T13:28:15.261+0000] {processor.py:830} INFO - Processing file /home/airflow/.local/lib/python3.12/site-packages/airflow/example_dags/example_bash_operator.py for tasks to queue
[2026-04-01T13:28:15.262+0000] {logging_mixin.py:188} INFO - [2026-04-01T13:28:15.262+0000] {dagbag.py:545} INFO - Filling up the DagBag from /home/airflow/.local/lib/python3.12/site-packages/airflow/example_dags/example_bash_operator.py
[2026-04-01T13:28:15.276+0000] {processor.py:840} INFO - DAG(s) 'example_bash_operator' retrieved from /home/airflow/.local/lib/python3.12/site-packages/airflow/example_dags/example_bash_operator.py
[2026-04-01T13:28:15.300+0000] {logging_mixin.py:188} INFO - [2026-04-01T13:28:15.300+0000] {dag.py:3096} INFO - Sync 1 DAGs
[2026-04-01T13:28:15.315+0000] {logging_mixin.py:188} INFO - [2026-04-01T13:28:15.314+0000] {dag.py:3954} INFO - Setting next_dagrun for example_bash_operator to 2026-03-31 00:00:00+00:00, run_after=2026-04-01 00:00:00+00:00
[2026-04-01T13:28:15.331+0000] {processor.py:183} INFO - Processing /home/airflow/.local/lib/python3.12/site-packages/airflow/example_dags/example_bash_operator.py took 0.078 seconds
[2026-04-01T13:28:45.646+0000] {processor.py:161} INFO - Started process (PID=3513) to work on /home/airflow/.local/lib/python3.12/site-packages/airflow/example_dags/example_bash_operator.py
[2026-04-01T13:28:45.646+0000] {processor.py:830} INFO - Processing file /home/airflow/.local/lib/python3.12/site-packages/airflow/example_dags/example_bash_operator.py for tasks to queue
[2026-04-01T13:28:45.648+0000] {logging_mixin.py:188} INFO - [2026-04-01T13:28:45.648+0000] {dagbag.py:545} INFO - Filling up the DagBag from /home/airflow/.local/lib/python3.12/site-packages/airflow/example_dags/example_bash_operator.py
[2026-04-01T13:28:45.659+0000] {processor.py:840} INFO - DAG(s) 'example_bash_operator' retrieved from /home/airflow/.local/lib/python3.12/site-packages/airflow/example_dags/example_bash_operator.py
[2026-04-01T13:28:45.682+0000] {logging_mixin.py:188} INFO - [2026-04-01T13:28:45.682+0000] {dag.py:3096} INFO - Sync 1 DAGs
[2026-04-01T13:28:45.699+0000] {logging_mixin.py:188} INFO - [2026-04-01T13:28:45.699+0000] {dag.py:3954} INFO - Setting next_dagrun for example_bash_operator to 2026-03-31 00:00:00+00:00, run_after=2026-04-01 00:00:00+00:00
[2026-04-01T13:28:45.716+0000] {processor.py:183} INFO - Processing /home/airflow/.local/lib/python3.12/site-packages/airflow/example_dags/example_bash_operator.py took 0.076 seconds
[2026-04-01T13:29:16.091+0000] {processor.py:161} INFO - Started process (PID=3572) to work on /home/airflow/.local/lib/python3.12/site-packages/airflow/example_dags/example_bash_operator.py
[2026-04-01T13:29:16.092+0000] {processor.py:830} INFO - Processing file /home/airflow/.local/lib/python3.12/site-packages/airflow/example_dags/example_bash_operator.py for tasks to queue
[2026-04-01T13:29:16.093+0000] {logging_mixin.py:188} INFO - [2026-04-01T13:29:16.093+0000] {dagbag.py:545} INFO - Filling up the DagBag from /home/airflow/.local/lib/python3.12/site-packages/airflow/example_dags/example_bash_operator.py
[2026-04-01T13:29:16.101+0000] {processor.py:840} INFO - DAG(s) 'example_bash_operator' retrieved from /home/airflow/.local/lib/python3.12/site-packages/airflow/example_dags/example_bash_operator.py
[2026-04-01T13:29:16.121+0000] {logging_mixin.py:188} INFO - [2026-04-01T13:29:16.120+0000] {dag.py:3096} INFO - Sync 1 DAGs
[2026-04-01T13:29:16.137+0000] {logging_mixin.py:188} INFO - [2026-04-01T13:29:16.136+0000] {dag.py:3954} INFO - Setting next_dagrun for example_bash_operator to 2026-03-31 00:00:00+00:00, run_after=2026-04-01 00:00:00+00:00
[2026-04-01T13:29:16.153+0000] {processor.py:183} INFO - Processing /home/airflow/.local/lib/python3.12/site-packages/airflow/example_dags/example_bash_operator.py took 0.067 seconds
[2026-04-01T13:29:46.437+0000] {processor.py:161} INFO - Started process (PID=3631) to work on /home/airflow/.local/lib/python3.12/site-packages/airflow/example_dags/example_bash_operator.py
[2026-04-01T13:29:46.438+0000] {processor.py:830} INFO - Processing file /home/airflow/.local/lib/python3.12/site-packages/airflow/example_dags/example_bash_operator.py for tasks to queue
[2026-04-01T13:29:46.439+0000] {logging_mixin.py:188} INFO - [2026-04-01T13:29:46.439+0000] {dagbag.py:545} INFO - Filling up the DagBag from /home/airflow/.local/lib/python3.12/site-packages/airflow/example_dags/example_bash_operator.py
[2026-04-01T13:29:46.448+0000] {processor.py:840} INFO - DAG(s) 'example_bash_operator' retrieved from /home/airflow/.local/lib/python3.12/site-packages/airflow/example_dags/example_bash_operator.py
[2026-04-01T13:29:46.469+0000] {logging_mixin.py:188} INFO - [2026-04-01T13:29:46.469+0000] {dag.py:3096} INFO - Sync 1 DAGs
[2026-04-01T13:29:46.489+0000] {logging_mixin.py:188} INFO - [2026-04-01T13:29:46.488+0000] {dag.py:3954} INFO - Setting next_dagrun for example_bash_operator to 2026-03-31 00:00:00+00:00, run_after=2026-04-01 00:00:00+00:00
[2026-04-01T13:29:46.507+0000] {processor.py:183} INFO - Processing /home/airflow/.local/lib/python3.12/site-packages/airflow/example_dags/example_bash_operator.py took 0.075 seconds
[2026-04-01T13:30:16.696+0000] {processor.py:161} INFO - Started process (PID=3690) to work on /home/airflow/.local/lib/python3.12/site-packages/airflow/example_dags/example_bash_operator.py
[2026-04-01T13:30:16.697+0000] {processor.py:830} INFO - Processing file /home/airflow/.local/lib/python3.12/site-packages/airflow/example_dags/example_bash_operator.py for tasks to queue
[2026-04-01T13:30:16.698+0000] {logging_mixin.py:188} INFO - [2026-04-01T13:30:16.698+0000] {dagbag.py:545} INFO - Filling up the DagBag from /home/airflow/.local/lib/python3.12/site-packages/airflow/example_dags/example_bash_operator.py
[2026-04-01T13:30:16.707+0000] {processor.py:840} INFO - DAG(s) 'example_bash_operator' retrieved from /home/airflow/.local/lib/python3.12/site-packages/airflow/example_dags/example_bash_operator.py
[2026-04-01T13:30:16.728+0000] {logging_mixin.py:188} INFO - [2026-04-01T13:30:16.728+0000] {dag.py:3096} INFO - Sync 1 DAGs
[2026-04-01T13:30:16.745+0000] {logging_mixin.py:188} INFO - [2026-04-01T13:30:16.744+0000] {dag.py:3954} INFO - Setting next_dagrun for example_bash_operator to 2026-03-31 00:00:00+00:00, run_after=2026-04-01 00:00:00+00:00
[2026-04-01T13:30:16.762+0000] {processor.py:183} INFO - Processing /home/airflow/.local/lib/python3.12/site-packages/airflow/example_dags/example_bash_operator.py took 0.073 seconds
[2026-04-01T13:30:47.119+0000] {processor.py:161} INFO - Started process (PID=3749) to work on /home/airflow/.local/lib/python3.12/site-packages/airflow/example_dags/example_bash_operator.py
[2026-04-01T13:30:47.120+0000] {processor.py:830} INFO - Processing file /home/airflow/.local/lib/python3.12/site-packages/airflow/example_dags/example_bash_operator.py for tasks to queue
[2026-04-01T13:30:47.122+0000] {logging_mixin.py:188} INFO - [2026-04-01T13:30:47.122+0000] {dagbag.py:545} INFO - Filling up the DagBag from /home/airflow/.local/lib/python3.12/site-packages/airflow/example_dags/example_bash_operator.py
[2026-04-01T13:30:47.134+0000] {processor.py:840} INFO - DAG(s) 'example_bash_operator' retrieved from /home/airflow/.local/lib/python3.12/site-packages/airflow/example_dags/example_bash_operator.py
[2026-04-01T13:30:47.159+0000] {logging_mixin.py:188} INFO - [2026-04-01T13:30:47.158+0000] {dag.py:3096} INFO - Sync 1 DAGs
[2026-04-01T13:30:47.179+0000] {logging_mixin.py:188} INFO - [2026-04-01T13:30:47.179+0000] {dag.py:3954} INFO - Setting next_dagrun for example_bash_operator to 2026-03-31 00:00:00+00:00, run_after=2026-04-01 00:00:00+00:00
[2026-04-01T13:30:47.196+0000] {processor.py:183} INFO - Processing /home/airflow/.local/lib/python3.12/site-packages/airflow/example_dags/example_bash_operator.py took 0.085 seconds
[2026-04-01T13:31:17.648+0000] {processor.py:161} INFO - Started process (PID=3808) to work on /home/airflow/.local/lib/python3.12/site-packages/airflow/example_dags/example_bash_operator.py
[2026-04-01T13:31:17.649+0000] {processor.py:830} INFO - Processing file /home/airflow/.local/lib/python3.12/site-packages/airflow/example_dags/example_bash_operator.py for tasks to queue
[2026-04-01T13:31:17.650+0000] {logging_mixin.py:188} INFO - [2026-04-01T13:31:17.650+0000] {dagbag.py:545} INFO - Filling up the DagBag from /home/airflow/.local/lib/python3.12/site-packages/airflow/example_dags/example_bash_operator.py
[2026-04-01T13:31:17.658+0000] {processor.py:840} INFO - DAG(s) 'example_bash_operator' retrieved from /home/airflow/.local/lib/python3.12/site-packages/airflow/example_dags/example_bash_operator.py
[2026-04-01T13:31:17.679+0000] {logging_mixin.py:188} INFO - [2026-04-01T13:31:17.679+0000] {dag.py:3096} INFO - Sync 1 DAGs
[2026-04-01T13:31:17.695+0000] {logging_mixin.py:188} INFO - [2026-04-01T13:31:17.695+0000] {dag.py:3954} INFO - Setting next_dagrun for example_bash_operator to 2026-03-31 00:00:00+00:00, run_after=2026-04-01 00:00:00+00:00
[2026-04-01T13:31:17.712+0000] {processor.py:183} INFO - Processing /home/airflow/.local/lib/python3.12/site-packages/airflow/example_dags/example_bash_operator.py took 0.070 seconds
