[2026-04-01T12:58:49.143+0000] {processor.py:161} INFO - Started process (PID=47) to work on /home/airflow/.local/lib/python3.12/site-packages/airflow/example_dags/example_branch_labels.py
[2026-04-01T12:58:49.145+0000] {processor.py:830} INFO - Processing file /home/airflow/.local/lib/python3.12/site-packages/airflow/example_dags/example_branch_labels.py for tasks to queue
[2026-04-01T12:58:49.148+0000] {logging_mixin.py:188} INFO - [2026-04-01T12:58:49.148+0000] {dagbag.py:545} INFO - Filling up the DagBag from /home/airflow/.local/lib/python3.12/site-packages/airflow/example_dags/example_branch_labels.py
[2026-04-01T12:58:49.175+0000] {processor.py:840} INFO - DAG(s) 'example_branch_labels' retrieved from /home/airflow/.local/lib/python3.12/site-packages/airflow/example_dags/example_branch_labels.py
[2026-04-01T12:58:49.210+0000] {logging_mixin.py:188} INFO - [2026-04-01T12:58:49.210+0000] {dag.py:3096} INFO - Sync 1 DAGs
[2026-04-01T12:58:49.233+0000] {logging_mixin.py:188} INFO - [2026-04-01T12:58:49.233+0000] {dag.py:3954} INFO - Setting next_dagrun for example_branch_labels to 2026-03-31 00:00:00+00:00, run_after=2026-04-01 00:00:00+00:00
[2026-04-01T12:58:49.254+0000] {processor.py:183} INFO - Processing /home/airflow/.local/lib/python3.12/site-packages/airflow/example_dags/example_branch_labels.py took 0.120 seconds
[2026-04-01T12:59:19.576+0000] {processor.py:161} INFO - Started process (PID=105) to work on /home/airflow/.local/lib/python3.12/site-packages/airflow/example_dags/example_branch_labels.py
[2026-04-01T12:59:19.577+0000] {processor.py:830} INFO - Processing file /home/airflow/.local/lib/python3.12/site-packages/airflow/example_dags/example_branch_labels.py for tasks to queue
[2026-04-01T12:59:19.579+0000] {logging_mixin.py:188} INFO - [2026-04-01T12:59:19.578+0000] {dagbag.py:545} INFO - Filling up the DagBag from /home/airflow/.local/lib/python3.12/site-packages/airflow/example_dags/example_branch_labels.py
[2026-04-01T12:59:19.587+0000] {processor.py:840} INFO - DAG(s) 'example_branch_labels' retrieved from /home/airflow/.local/lib/python3.12/site-packages/airflow/example_dags/example_branch_labels.py
[2026-04-01T12:59:19.741+0000] {logging_mixin.py:188} INFO - [2026-04-01T12:59:19.741+0000] {dag.py:3096} INFO - Sync 1 DAGs
[2026-04-01T12:59:19.756+0000] {logging_mixin.py:188} INFO - [2026-04-01T12:59:19.756+0000] {dag.py:3954} INFO - Setting next_dagrun for example_branch_labels to 2026-03-31 00:00:00+00:00, run_after=2026-04-01 00:00:00+00:00
[2026-04-01T12:59:19.776+0000] {processor.py:183} INFO - Processing /home/airflow/.local/lib/python3.12/site-packages/airflow/example_dags/example_branch_labels.py took 0.205 seconds
[2026-04-01T12:59:49.873+0000] {processor.py:161} INFO - Started process (PID=163) to work on /home/airflow/.local/lib/python3.12/site-packages/airflow/example_dags/example_branch_labels.py
[2026-04-01T12:59:49.874+0000] {processor.py:830} INFO - Processing file /home/airflow/.local/lib/python3.12/site-packages/airflow/example_dags/example_branch_labels.py for tasks to queue
[2026-04-01T12:59:49.875+0000] {logging_mixin.py:188} INFO - [2026-04-01T12:59:49.875+0000] {dagbag.py:545} INFO - Filling up the DagBag from /home/airflow/.local/lib/python3.12/site-packages/airflow/example_dags/example_branch_labels.py
[2026-04-01T12:59:49.882+0000] {processor.py:840} INFO - DAG(s) 'example_branch_labels' retrieved from /home/airflow/.local/lib/python3.12/site-packages/airflow/example_dags/example_branch_labels.py
[2026-04-01T12:59:49.900+0000] {logging_mixin.py:188} INFO - [2026-04-01T12:59:49.900+0000] {dag.py:3096} INFO - Sync 1 DAGs
[2026-04-01T12:59:49.919+0000] {logging_mixin.py:188} INFO - [2026-04-01T12:59:49.918+0000] {dag.py:3954} INFO - Setting next_dagrun for example_branch_labels to 2026-03-31 00:00:00+00:00, run_after=2026-04-01 00:00:00+00:00
[2026-04-01T12:59:49.933+0000] {processor.py:183} INFO - Processing /home/airflow/.local/lib/python3.12/site-packages/airflow/example_dags/example_branch_labels.py took 0.066 seconds
[2026-04-01T13:00:20.331+0000] {processor.py:161} INFO - Started process (PID=227) to work on /home/airflow/.local/lib/python3.12/site-packages/airflow/example_dags/example_branch_labels.py
[2026-04-01T13:00:20.333+0000] {processor.py:830} INFO - Processing file /home/airflow/.local/lib/python3.12/site-packages/airflow/example_dags/example_branch_labels.py for tasks to queue
[2026-04-01T13:00:20.335+0000] {logging_mixin.py:188} INFO - [2026-04-01T13:00:20.335+0000] {dagbag.py:545} INFO - Filling up the DagBag from /home/airflow/.local/lib/python3.12/site-packages/airflow/example_dags/example_branch_labels.py
[2026-04-01T13:00:20.343+0000] {processor.py:840} INFO - DAG(s) 'example_branch_labels' retrieved from /home/airflow/.local/lib/python3.12/site-packages/airflow/example_dags/example_branch_labels.py
[2026-04-01T13:00:20.366+0000] {logging_mixin.py:188} INFO - [2026-04-01T13:00:20.366+0000] {dag.py:3096} INFO - Sync 1 DAGs
[2026-04-01T13:00:20.393+0000] {logging_mixin.py:188} INFO - [2026-04-01T13:00:20.393+0000] {dag.py:3954} INFO - Setting next_dagrun for example_branch_labels to 2026-03-31 00:00:00+00:00, run_after=2026-04-01 00:00:00+00:00
[2026-04-01T13:00:20.413+0000] {processor.py:183} INFO - Processing /home/airflow/.local/lib/python3.12/site-packages/airflow/example_dags/example_branch_labels.py took 0.088 seconds
[2026-04-01T13:00:50.512+0000] {processor.py:161} INFO - Started process (PID=285) to work on /home/airflow/.local/lib/python3.12/site-packages/airflow/example_dags/example_branch_labels.py
[2026-04-01T13:00:50.513+0000] {processor.py:830} INFO - Processing file /home/airflow/.local/lib/python3.12/site-packages/airflow/example_dags/example_branch_labels.py for tasks to queue
[2026-04-01T13:00:50.516+0000] {logging_mixin.py:188} INFO - [2026-04-01T13:00:50.516+0000] {dagbag.py:545} INFO - Filling up the DagBag from /home/airflow/.local/lib/python3.12/site-packages/airflow/example_dags/example_branch_labels.py
[2026-04-01T13:00:50.524+0000] {processor.py:840} INFO - DAG(s) 'example_branch_labels' retrieved from /home/airflow/.local/lib/python3.12/site-packages/airflow/example_dags/example_branch_labels.py
[2026-04-01T13:00:50.542+0000] {logging_mixin.py:188} INFO - [2026-04-01T13:00:50.542+0000] {dag.py:3096} INFO - Sync 1 DAGs
[2026-04-01T13:00:50.559+0000] {logging_mixin.py:188} INFO - [2026-04-01T13:00:50.559+0000] {dag.py:3954} INFO - Setting next_dagrun for example_branch_labels to 2026-03-31 00:00:00+00:00, run_after=2026-04-01 00:00:00+00:00
[2026-04-01T13:00:50.576+0000] {processor.py:183} INFO - Processing /home/airflow/.local/lib/python3.12/site-packages/airflow/example_dags/example_branch_labels.py took 0.069 seconds
[2026-04-01T13:01:20.788+0000] {processor.py:161} INFO - Started process (PID=343) to work on /home/airflow/.local/lib/python3.12/site-packages/airflow/example_dags/example_branch_labels.py
[2026-04-01T13:01:20.789+0000] {processor.py:830} INFO - Processing file /home/airflow/.local/lib/python3.12/site-packages/airflow/example_dags/example_branch_labels.py for tasks to queue
[2026-04-01T13:01:20.790+0000] {logging_mixin.py:188} INFO - [2026-04-01T13:01:20.790+0000] {dagbag.py:545} INFO - Filling up the DagBag from /home/airflow/.local/lib/python3.12/site-packages/airflow/example_dags/example_branch_labels.py
[2026-04-01T13:01:20.795+0000] {processor.py:840} INFO - DAG(s) 'example_branch_labels' retrieved from /home/airflow/.local/lib/python3.12/site-packages/airflow/example_dags/example_branch_labels.py
[2026-04-01T13:01:20.812+0000] {logging_mixin.py:188} INFO - [2026-04-01T13:01:20.812+0000] {dag.py:3096} INFO - Sync 1 DAGs
[2026-04-01T13:01:20.830+0000] {logging_mixin.py:188} INFO - [2026-04-01T13:01:20.830+0000] {dag.py:3954} INFO - Setting next_dagrun for example_branch_labels to 2026-03-31 00:00:00+00:00, run_after=2026-04-01 00:00:00+00:00
[2026-04-01T13:01:20.850+0000] {processor.py:183} INFO - Processing /home/airflow/.local/lib/python3.12/site-packages/airflow/example_dags/example_branch_labels.py took 0.067 seconds
[2026-04-01T13:01:50.968+0000] {processor.py:161} INFO - Started process (PID=401) to work on /home/airflow/.local/lib/python3.12/site-packages/airflow/example_dags/example_branch_labels.py
[2026-04-01T13:01:50.968+0000] {processor.py:830} INFO - Processing file /home/airflow/.local/lib/python3.12/site-packages/airflow/example_dags/example_branch_labels.py for tasks to queue
[2026-04-01T13:01:50.970+0000] {logging_mixin.py:188} INFO - [2026-04-01T13:01:50.970+0000] {dagbag.py:545} INFO - Filling up the DagBag from /home/airflow/.local/lib/python3.12/site-packages/airflow/example_dags/example_branch_labels.py
[2026-04-01T13:01:50.978+0000] {processor.py:840} INFO - DAG(s) 'example_branch_labels' retrieved from /home/airflow/.local/lib/python3.12/site-packages/airflow/example_dags/example_branch_labels.py
[2026-04-01T13:01:51.000+0000] {logging_mixin.py:188} INFO - [2026-04-01T13:01:50.999+0000] {dag.py:3096} INFO - Sync 1 DAGs
[2026-04-01T13:01:51.019+0000] {logging_mixin.py:188} INFO - [2026-04-01T13:01:51.019+0000] {dag.py:3954} INFO - Setting next_dagrun for example_branch_labels to 2026-03-31 00:00:00+00:00, run_after=2026-04-01 00:00:00+00:00
[2026-04-01T13:01:51.040+0000] {processor.py:183} INFO - Processing /home/airflow/.local/lib/python3.12/site-packages/airflow/example_dags/example_branch_labels.py took 0.078 seconds
[2026-04-01T13:02:21.132+0000] {processor.py:161} INFO - Started process (PID=459) to work on /home/airflow/.local/lib/python3.12/site-packages/airflow/example_dags/example_branch_labels.py
[2026-04-01T13:02:21.134+0000] {processor.py:830} INFO - Processing file /home/airflow/.local/lib/python3.12/site-packages/airflow/example_dags/example_branch_labels.py for tasks to queue
[2026-04-01T13:02:21.136+0000] {logging_mixin.py:188} INFO - [2026-04-01T13:02:21.135+0000] {dagbag.py:545} INFO - Filling up the DagBag from /home/airflow/.local/lib/python3.12/site-packages/airflow/example_dags/example_branch_labels.py
[2026-04-01T13:02:21.145+0000] {processor.py:840} INFO - DAG(s) 'example_branch_labels' retrieved from /home/airflow/.local/lib/python3.12/site-packages/airflow/example_dags/example_branch_labels.py
[2026-04-01T13:02:21.164+0000] {logging_mixin.py:188} INFO - [2026-04-01T13:02:21.163+0000] {dag.py:3096} INFO - Sync 1 DAGs
[2026-04-01T13:02:21.183+0000] {logging_mixin.py:188} INFO - [2026-04-01T13:02:21.182+0000] {dag.py:3954} INFO - Setting next_dagrun for example_branch_labels to 2026-03-31 00:00:00+00:00, run_after=2026-04-01 00:00:00+00:00
[2026-04-01T13:02:21.200+0000] {processor.py:183} INFO - Processing /home/airflow/.local/lib/python3.12/site-packages/airflow/example_dags/example_branch_labels.py took 0.073 seconds
[2026-04-01T13:02:51.412+0000] {processor.py:161} INFO - Started process (PID=517) to work on /home/airflow/.local/lib/python3.12/site-packages/airflow/example_dags/example_branch_labels.py
[2026-04-01T13:02:51.412+0000] {processor.py:830} INFO - Processing file /home/airflow/.local/lib/python3.12/site-packages/airflow/example_dags/example_branch_labels.py for tasks to queue
[2026-04-01T13:02:51.414+0000] {logging_mixin.py:188} INFO - [2026-04-01T13:02:51.414+0000] {dagbag.py:545} INFO - Filling up the DagBag from /home/airflow/.local/lib/python3.12/site-packages/airflow/example_dags/example_branch_labels.py
[2026-04-01T13:02:51.420+0000] {processor.py:840} INFO - DAG(s) 'example_branch_labels' retrieved from /home/airflow/.local/lib/python3.12/site-packages/airflow/example_dags/example_branch_labels.py
[2026-04-01T13:02:51.439+0000] {logging_mixin.py:188} INFO - [2026-04-01T13:02:51.439+0000] {dag.py:3096} INFO - Sync 1 DAGs
[2026-04-01T13:02:51.454+0000] {logging_mixin.py:188} INFO - [2026-04-01T13:02:51.454+0000] {dag.py:3954} INFO - Setting next_dagrun for example_branch_labels to 2026-03-31 00:00:00+00:00, run_after=2026-04-01 00:00:00+00:00
[2026-04-01T13:02:51.469+0000] {processor.py:183} INFO - Processing /home/airflow/.local/lib/python3.12/site-packages/airflow/example_dags/example_branch_labels.py took 0.063 seconds
[2026-04-01T13:03:21.560+0000] {processor.py:161} INFO - Started process (PID=575) to work on /home/airflow/.local/lib/python3.12/site-packages/airflow/example_dags/example_branch_labels.py
[2026-04-01T13:03:21.561+0000] {processor.py:830} INFO - Processing file /home/airflow/.local/lib/python3.12/site-packages/airflow/example_dags/example_branch_labels.py for tasks to queue
[2026-04-01T13:03:21.562+0000] {logging_mixin.py:188} INFO - [2026-04-01T13:03:21.562+0000] {dagbag.py:545} INFO - Filling up the DagBag from /home/airflow/.local/lib/python3.12/site-packages/airflow/example_dags/example_branch_labels.py
[2026-04-01T13:03:21.569+0000] {processor.py:840} INFO - DAG(s) 'example_branch_labels' retrieved from /home/airflow/.local/lib/python3.12/site-packages/airflow/example_dags/example_branch_labels.py
[2026-04-01T13:03:21.587+0000] {logging_mixin.py:188} INFO - [2026-04-01T13:03:21.586+0000] {dag.py:3096} INFO - Sync 1 DAGs
[2026-04-01T13:03:21.603+0000] {logging_mixin.py:188} INFO - [2026-04-01T13:03:21.603+0000] {dag.py:3954} INFO - Setting next_dagrun for example_branch_labels to 2026-03-31 00:00:00+00:00, run_after=2026-04-01 00:00:00+00:00
[2026-04-01T13:03:21.620+0000] {processor.py:183} INFO - Processing /home/airflow/.local/lib/python3.12/site-packages/airflow/example_dags/example_branch_labels.py took 0.065 seconds
[2026-04-01T13:03:51.843+0000] {processor.py:161} INFO - Started process (PID=633) to work on /home/airflow/.local/lib/python3.12/site-packages/airflow/example_dags/example_branch_labels.py
[2026-04-01T13:03:51.844+0000] {processor.py:830} INFO - Processing file /home/airflow/.local/lib/python3.12/site-packages/airflow/example_dags/example_branch_labels.py for tasks to queue
[2026-04-01T13:03:51.846+0000] {logging_mixin.py:188} INFO - [2026-04-01T13:03:51.845+0000] {dagbag.py:545} INFO - Filling up the DagBag from /home/airflow/.local/lib/python3.12/site-packages/airflow/example_dags/example_branch_labels.py
[2026-04-01T13:03:51.851+0000] {processor.py:840} INFO - DAG(s) 'example_branch_labels' retrieved from /home/airflow/.local/lib/python3.12/site-packages/airflow/example_dags/example_branch_labels.py
[2026-04-01T13:03:51.867+0000] {logging_mixin.py:188} INFO - [2026-04-01T13:03:51.867+0000] {dag.py:3096} INFO - Sync 1 DAGs
[2026-04-01T13:03:51.883+0000] {logging_mixin.py:188} INFO - [2026-04-01T13:03:51.883+0000] {dag.py:3954} INFO - Setting next_dagrun for example_branch_labels to 2026-03-31 00:00:00+00:00, run_after=2026-04-01 00:00:00+00:00
[2026-04-01T13:03:51.900+0000] {processor.py:183} INFO - Processing /home/airflow/.local/lib/python3.12/site-packages/airflow/example_dags/example_branch_labels.py took 0.061 seconds
[2026-04-01T13:04:22.096+0000] {processor.py:161} INFO - Started process (PID=691) to work on /home/airflow/.local/lib/python3.12/site-packages/airflow/example_dags/example_branch_labels.py
[2026-04-01T13:04:22.097+0000] {processor.py:830} INFO - Processing file /home/airflow/.local/lib/python3.12/site-packages/airflow/example_dags/example_branch_labels.py for tasks to queue
[2026-04-01T13:04:22.098+0000] {logging_mixin.py:188} INFO - [2026-04-01T13:04:22.098+0000] {dagbag.py:545} INFO - Filling up the DagBag from /home/airflow/.local/lib/python3.12/site-packages/airflow/example_dags/example_branch_labels.py
[2026-04-01T13:04:22.105+0000] {processor.py:840} INFO - DAG(s) 'example_branch_labels' retrieved from /home/airflow/.local/lib/python3.12/site-packages/airflow/example_dags/example_branch_labels.py
[2026-04-01T13:04:22.121+0000] {logging_mixin.py:188} INFO - [2026-04-01T13:04:22.121+0000] {dag.py:3096} INFO - Sync 1 DAGs
[2026-04-01T13:04:22.140+0000] {logging_mixin.py:188} INFO - [2026-04-01T13:04:22.140+0000] {dag.py:3954} INFO - Setting next_dagrun for example_branch_labels to 2026-03-31 00:00:00+00:00, run_after=2026-04-01 00:00:00+00:00
[2026-04-01T13:04:22.159+0000] {processor.py:183} INFO - Processing /home/airflow/.local/lib/python3.12/site-packages/airflow/example_dags/example_branch_labels.py took 0.069 seconds
[2026-04-01T13:04:52.430+0000] {processor.py:161} INFO - Started process (PID=749) to work on /home/airflow/.local/lib/python3.12/site-packages/airflow/example_dags/example_branch_labels.py
[2026-04-01T13:04:52.430+0000] {processor.py:830} INFO - Processing file /home/airflow/.local/lib/python3.12/site-packages/airflow/example_dags/example_branch_labels.py for tasks to queue
[2026-04-01T13:04:52.432+0000] {logging_mixin.py:188} INFO - [2026-04-01T13:04:52.432+0000] {dagbag.py:545} INFO - Filling up the DagBag from /home/airflow/.local/lib/python3.12/site-packages/airflow/example_dags/example_branch_labels.py
[2026-04-01T13:04:52.438+0000] {processor.py:840} INFO - DAG(s) 'example_branch_labels' retrieved from /home/airflow/.local/lib/python3.12/site-packages/airflow/example_dags/example_branch_labels.py
[2026-04-01T13:04:52.454+0000] {logging_mixin.py:188} INFO - [2026-04-01T13:04:52.454+0000] {dag.py:3096} INFO - Sync 1 DAGs
[2026-04-01T13:04:52.472+0000] {logging_mixin.py:188} INFO - [2026-04-01T13:04:52.472+0000] {dag.py:3954} INFO - Setting next_dagrun for example_branch_labels to 2026-03-31 00:00:00+00:00, run_after=2026-04-01 00:00:00+00:00
[2026-04-01T13:04:52.489+0000] {processor.py:183} INFO - Processing /home/airflow/.local/lib/python3.12/site-packages/airflow/example_dags/example_branch_labels.py took 0.063 seconds
[2026-04-01T13:05:22.556+0000] {processor.py:161} INFO - Started process (PID=807) to work on /home/airflow/.local/lib/python3.12/site-packages/airflow/example_dags/example_branch_labels.py
[2026-04-01T13:05:22.557+0000] {processor.py:830} INFO - Processing file /home/airflow/.local/lib/python3.12/site-packages/airflow/example_dags/example_branch_labels.py for tasks to queue
[2026-04-01T13:05:22.559+0000] {logging_mixin.py:188} INFO - [2026-04-01T13:05:22.558+0000] {dagbag.py:545} INFO - Filling up the DagBag from /home/airflow/.local/lib/python3.12/site-packages/airflow/example_dags/example_branch_labels.py
[2026-04-01T13:05:22.567+0000] {processor.py:840} INFO - DAG(s) 'example_branch_labels' retrieved from /home/airflow/.local/lib/python3.12/site-packages/airflow/example_dags/example_branch_labels.py
[2026-04-01T13:05:22.587+0000] {logging_mixin.py:188} INFO - [2026-04-01T13:05:22.587+0000] {dag.py:3096} INFO - Sync 1 DAGs
[2026-04-01T13:05:22.606+0000] {logging_mixin.py:188} INFO - [2026-04-01T13:05:22.606+0000] {dag.py:3954} INFO - Setting next_dagrun for example_branch_labels to 2026-03-31 00:00:00+00:00, run_after=2026-04-01 00:00:00+00:00
[2026-04-01T13:05:22.623+0000] {processor.py:183} INFO - Processing /home/airflow/.local/lib/python3.12/site-packages/airflow/example_dags/example_branch_labels.py took 0.073 seconds
[2026-04-01T13:05:52.741+0000] {processor.py:161} INFO - Started process (PID=865) to work on /home/airflow/.local/lib/python3.12/site-packages/airflow/example_dags/example_branch_labels.py
[2026-04-01T13:05:52.742+0000] {processor.py:830} INFO - Processing file /home/airflow/.local/lib/python3.12/site-packages/airflow/example_dags/example_branch_labels.py for tasks to queue
[2026-04-01T13:05:52.745+0000] {logging_mixin.py:188} INFO - [2026-04-01T13:05:52.745+0000] {dagbag.py:545} INFO - Filling up the DagBag from /home/airflow/.local/lib/python3.12/site-packages/airflow/example_dags/example_branch_labels.py
[2026-04-01T13:05:52.752+0000] {processor.py:840} INFO - DAG(s) 'example_branch_labels' retrieved from /home/airflow/.local/lib/python3.12/site-packages/airflow/example_dags/example_branch_labels.py
[2026-04-01T13:05:52.771+0000] {logging_mixin.py:188} INFO - [2026-04-01T13:05:52.771+0000] {dag.py:3096} INFO - Sync 1 DAGs
[2026-04-01T13:05:52.788+0000] {logging_mixin.py:188} INFO - [2026-04-01T13:05:52.788+0000] {dag.py:3954} INFO - Setting next_dagrun for example_branch_labels to 2026-03-31 00:00:00+00:00, run_after=2026-04-01 00:00:00+00:00
[2026-04-01T13:05:52.804+0000] {processor.py:183} INFO - Processing /home/airflow/.local/lib/python3.12/site-packages/airflow/example_dags/example_branch_labels.py took 0.069 seconds
[2026-04-01T13:06:22.934+0000] {processor.py:161} INFO - Started process (PID=923) to work on /home/airflow/.local/lib/python3.12/site-packages/airflow/example_dags/example_branch_labels.py
[2026-04-01T13:06:22.935+0000] {processor.py:830} INFO - Processing file /home/airflow/.local/lib/python3.12/site-packages/airflow/example_dags/example_branch_labels.py for tasks to queue
[2026-04-01T13:06:22.937+0000] {logging_mixin.py:188} INFO - [2026-04-01T13:06:22.937+0000] {dagbag.py:545} INFO - Filling up the DagBag from /home/airflow/.local/lib/python3.12/site-packages/airflow/example_dags/example_branch_labels.py
[2026-04-01T13:06:22.942+0000] {processor.py:840} INFO - DAG(s) 'example_branch_labels' retrieved from /home/airflow/.local/lib/python3.12/site-packages/airflow/example_dags/example_branch_labels.py
[2026-04-01T13:06:22.958+0000] {logging_mixin.py:188} INFO - [2026-04-01T13:06:22.958+0000] {dag.py:3096} INFO - Sync 1 DAGs
[2026-04-01T13:06:22.977+0000] {logging_mixin.py:188} INFO - [2026-04-01T13:06:22.977+0000] {dag.py:3954} INFO - Setting next_dagrun for example_branch_labels to 2026-03-31 00:00:00+00:00, run_after=2026-04-01 00:00:00+00:00
[2026-04-01T13:06:22.993+0000] {processor.py:183} INFO - Processing /home/airflow/.local/lib/python3.12/site-packages/airflow/example_dags/example_branch_labels.py took 0.064 seconds
[2026-04-01T13:06:53.246+0000] {processor.py:161} INFO - Started process (PID=981) to work on /home/airflow/.local/lib/python3.12/site-packages/airflow/example_dags/example_branch_labels.py
[2026-04-01T13:06:53.247+0000] {processor.py:830} INFO - Processing file /home/airflow/.local/lib/python3.12/site-packages/airflow/example_dags/example_branch_labels.py for tasks to queue
[2026-04-01T13:06:53.248+0000] {logging_mixin.py:188} INFO - [2026-04-01T13:06:53.248+0000] {dagbag.py:545} INFO - Filling up the DagBag from /home/airflow/.local/lib/python3.12/site-packages/airflow/example_dags/example_branch_labels.py
[2026-04-01T13:06:53.254+0000] {processor.py:840} INFO - DAG(s) 'example_branch_labels' retrieved from /home/airflow/.local/lib/python3.12/site-packages/airflow/example_dags/example_branch_labels.py
[2026-04-01T13:06:53.269+0000] {logging_mixin.py:188} INFO - [2026-04-01T13:06:53.269+0000] {dag.py:3096} INFO - Sync 1 DAGs
[2026-04-01T13:06:53.288+0000] {logging_mixin.py:188} INFO - [2026-04-01T13:06:53.288+0000] {dag.py:3954} INFO - Setting next_dagrun for example_branch_labels to 2026-03-31 00:00:00+00:00, run_after=2026-04-01 00:00:00+00:00
[2026-04-01T13:06:53.305+0000] {processor.py:183} INFO - Processing /home/airflow/.local/lib/python3.12/site-packages/airflow/example_dags/example_branch_labels.py took 0.065 seconds
[2026-04-01T13:07:23.616+0000] {processor.py:161} INFO - Started process (PID=1039) to work on /home/airflow/.local/lib/python3.12/site-packages/airflow/example_dags/example_branch_labels.py
[2026-04-01T13:07:23.617+0000] {processor.py:830} INFO - Processing file /home/airflow/.local/lib/python3.12/site-packages/airflow/example_dags/example_branch_labels.py for tasks to queue
[2026-04-01T13:07:23.619+0000] {logging_mixin.py:188} INFO - [2026-04-01T13:07:23.618+0000] {dagbag.py:545} INFO - Filling up the DagBag from /home/airflow/.local/lib/python3.12/site-packages/airflow/example_dags/example_branch_labels.py
[2026-04-01T13:07:23.625+0000] {processor.py:840} INFO - DAG(s) 'example_branch_labels' retrieved from /home/airflow/.local/lib/python3.12/site-packages/airflow/example_dags/example_branch_labels.py
[2026-04-01T13:07:23.648+0000] {logging_mixin.py:188} INFO - [2026-04-01T13:07:23.647+0000] {dag.py:3096} INFO - Sync 1 DAGs
[2026-04-01T13:07:23.667+0000] {logging_mixin.py:188} INFO - [2026-04-01T13:07:23.667+0000] {dag.py:3954} INFO - Setting next_dagrun for example_branch_labels to 2026-03-31 00:00:00+00:00, run_after=2026-04-01 00:00:00+00:00
[2026-04-01T13:07:23.685+0000] {processor.py:183} INFO - Processing /home/airflow/.local/lib/python3.12/site-packages/airflow/example_dags/example_branch_labels.py took 0.074 seconds
[2026-04-01T13:07:53.854+0000] {processor.py:161} INFO - Started process (PID=1097) to work on /home/airflow/.local/lib/python3.12/site-packages/airflow/example_dags/example_branch_labels.py
[2026-04-01T13:07:53.855+0000] {processor.py:830} INFO - Processing file /home/airflow/.local/lib/python3.12/site-packages/airflow/example_dags/example_branch_labels.py for tasks to queue
[2026-04-01T13:07:53.857+0000] {logging_mixin.py:188} INFO - [2026-04-01T13:07:53.857+0000] {dagbag.py:545} INFO - Filling up the DagBag from /home/airflow/.local/lib/python3.12/site-packages/airflow/example_dags/example_branch_labels.py
[2026-04-01T13:07:53.864+0000] {processor.py:840} INFO - DAG(s) 'example_branch_labels' retrieved from /home/airflow/.local/lib/python3.12/site-packages/airflow/example_dags/example_branch_labels.py
[2026-04-01T13:07:53.883+0000] {logging_mixin.py:188} INFO - [2026-04-01T13:07:53.882+0000] {dag.py:3096} INFO - Sync 1 DAGs
[2026-04-01T13:07:53.902+0000] {logging_mixin.py:188} INFO - [2026-04-01T13:07:53.902+0000] {dag.py:3954} INFO - Setting next_dagrun for example_branch_labels to 2026-03-31 00:00:00+00:00, run_after=2026-04-01 00:00:00+00:00
[2026-04-01T13:07:53.916+0000] {processor.py:183} INFO - Processing /home/airflow/.local/lib/python3.12/site-packages/airflow/example_dags/example_branch_labels.py took 0.070 seconds
[2026-04-01T13:08:24.005+0000] {processor.py:161} INFO - Started process (PID=1155) to work on /home/airflow/.local/lib/python3.12/site-packages/airflow/example_dags/example_branch_labels.py
[2026-04-01T13:08:24.006+0000] {processor.py:830} INFO - Processing file /home/airflow/.local/lib/python3.12/site-packages/airflow/example_dags/example_branch_labels.py for tasks to queue
[2026-04-01T13:08:24.007+0000] {logging_mixin.py:188} INFO - [2026-04-01T13:08:24.007+0000] {dagbag.py:545} INFO - Filling up the DagBag from /home/airflow/.local/lib/python3.12/site-packages/airflow/example_dags/example_branch_labels.py
[2026-04-01T13:08:24.015+0000] {processor.py:840} INFO - DAG(s) 'example_branch_labels' retrieved from /home/airflow/.local/lib/python3.12/site-packages/airflow/example_dags/example_branch_labels.py
[2026-04-01T13:08:24.035+0000] {logging_mixin.py:188} INFO - [2026-04-01T13:08:24.035+0000] {dag.py:3096} INFO - Sync 1 DAGs
[2026-04-01T13:08:24.056+0000] {logging_mixin.py:188} INFO - [2026-04-01T13:08:24.055+0000] {dag.py:3954} INFO - Setting next_dagrun for example_branch_labels to 2026-03-31 00:00:00+00:00, run_after=2026-04-01 00:00:00+00:00
[2026-04-01T13:08:24.075+0000] {processor.py:183} INFO - Processing /home/airflow/.local/lib/python3.12/site-packages/airflow/example_dags/example_branch_labels.py took 0.075 seconds
[2026-04-01T13:08:54.331+0000] {processor.py:161} INFO - Started process (PID=1213) to work on /home/airflow/.local/lib/python3.12/site-packages/airflow/example_dags/example_branch_labels.py
[2026-04-01T13:08:54.331+0000] {processor.py:830} INFO - Processing file /home/airflow/.local/lib/python3.12/site-packages/airflow/example_dags/example_branch_labels.py for tasks to queue
[2026-04-01T13:08:54.333+0000] {logging_mixin.py:188} INFO - [2026-04-01T13:08:54.333+0000] {dagbag.py:545} INFO - Filling up the DagBag from /home/airflow/.local/lib/python3.12/site-packages/airflow/example_dags/example_branch_labels.py
[2026-04-01T13:08:54.339+0000] {processor.py:840} INFO - DAG(s) 'example_branch_labels' retrieved from /home/airflow/.local/lib/python3.12/site-packages/airflow/example_dags/example_branch_labels.py
[2026-04-01T13:08:54.354+0000] {logging_mixin.py:188} INFO - [2026-04-01T13:08:54.354+0000] {dag.py:3096} INFO - Sync 1 DAGs
[2026-04-01T13:08:54.371+0000] {logging_mixin.py:188} INFO - [2026-04-01T13:08:54.371+0000] {dag.py:3954} INFO - Setting next_dagrun for example_branch_labels to 2026-03-31 00:00:00+00:00, run_after=2026-04-01 00:00:00+00:00
[2026-04-01T13:08:54.387+0000] {processor.py:183} INFO - Processing /home/airflow/.local/lib/python3.12/site-packages/airflow/example_dags/example_branch_labels.py took 0.061 seconds
[2026-04-01T13:09:24.870+0000] {processor.py:161} INFO - Started process (PID=1271) to work on /home/airflow/.local/lib/python3.12/site-packages/airflow/example_dags/example_branch_labels.py
[2026-04-01T13:09:24.870+0000] {processor.py:830} INFO - Processing file /home/airflow/.local/lib/python3.12/site-packages/airflow/example_dags/example_branch_labels.py for tasks to queue
[2026-04-01T13:09:24.872+0000] {logging_mixin.py:188} INFO - [2026-04-01T13:09:24.872+0000] {dagbag.py:545} INFO - Filling up the DagBag from /home/airflow/.local/lib/python3.12/site-packages/airflow/example_dags/example_branch_labels.py
[2026-04-01T13:09:24.880+0000] {processor.py:840} INFO - DAG(s) 'example_branch_labels' retrieved from /home/airflow/.local/lib/python3.12/site-packages/airflow/example_dags/example_branch_labels.py
[2026-04-01T13:09:24.903+0000] {logging_mixin.py:188} INFO - [2026-04-01T13:09:24.903+0000] {dag.py:3096} INFO - Sync 1 DAGs
[2026-04-01T13:09:24.924+0000] {logging_mixin.py:188} INFO - [2026-04-01T13:09:24.924+0000] {dag.py:3954} INFO - Setting next_dagrun for example_branch_labels to 2026-03-31 00:00:00+00:00, run_after=2026-04-01 00:00:00+00:00
[2026-04-01T13:09:24.940+0000] {processor.py:183} INFO - Processing /home/airflow/.local/lib/python3.12/site-packages/airflow/example_dags/example_branch_labels.py took 0.077 seconds
[2026-04-01T13:09:55.151+0000] {processor.py:161} INFO - Started process (PID=1329) to work on /home/airflow/.local/lib/python3.12/site-packages/airflow/example_dags/example_branch_labels.py
[2026-04-01T13:09:55.152+0000] {processor.py:830} INFO - Processing file /home/airflow/.local/lib/python3.12/site-packages/airflow/example_dags/example_branch_labels.py for tasks to queue
[2026-04-01T13:09:55.153+0000] {logging_mixin.py:188} INFO - [2026-04-01T13:09:55.153+0000] {dagbag.py:545} INFO - Filling up the DagBag from /home/airflow/.local/lib/python3.12/site-packages/airflow/example_dags/example_branch_labels.py
[2026-04-01T13:09:55.159+0000] {processor.py:840} INFO - DAG(s) 'example_branch_labels' retrieved from /home/airflow/.local/lib/python3.12/site-packages/airflow/example_dags/example_branch_labels.py
[2026-04-01T13:09:55.177+0000] {logging_mixin.py:188} INFO - [2026-04-01T13:09:55.177+0000] {dag.py:3096} INFO - Sync 1 DAGs
[2026-04-01T13:09:55.195+0000] {logging_mixin.py:188} INFO - [2026-04-01T13:09:55.195+0000] {dag.py:3954} INFO - Setting next_dagrun for example_branch_labels to 2026-03-31 00:00:00+00:00, run_after=2026-04-01 00:00:00+00:00
[2026-04-01T13:09:55.214+0000] {processor.py:183} INFO - Processing /home/airflow/.local/lib/python3.12/site-packages/airflow/example_dags/example_branch_labels.py took 0.069 seconds
[2026-04-01T13:10:25.403+0000] {processor.py:161} INFO - Started process (PID=1387) to work on /home/airflow/.local/lib/python3.12/site-packages/airflow/example_dags/example_branch_labels.py
[2026-04-01T13:10:25.404+0000] {processor.py:830} INFO - Processing file /home/airflow/.local/lib/python3.12/site-packages/airflow/example_dags/example_branch_labels.py for tasks to queue
[2026-04-01T13:10:25.406+0000] {logging_mixin.py:188} INFO - [2026-04-01T13:10:25.406+0000] {dagbag.py:545} INFO - Filling up the DagBag from /home/airflow/.local/lib/python3.12/site-packages/airflow/example_dags/example_branch_labels.py
[2026-04-01T13:10:25.414+0000] {processor.py:840} INFO - DAG(s) 'example_branch_labels' retrieved from /home/airflow/.local/lib/python3.12/site-packages/airflow/example_dags/example_branch_labels.py
[2026-04-01T13:10:25.435+0000] {logging_mixin.py:188} INFO - [2026-04-01T13:10:25.434+0000] {dag.py:3096} INFO - Sync 1 DAGs
[2026-04-01T13:10:25.453+0000] {logging_mixin.py:188} INFO - [2026-04-01T13:10:25.453+0000] {dag.py:3954} INFO - Setting next_dagrun for example_branch_labels to 2026-03-31 00:00:00+00:00, run_after=2026-04-01 00:00:00+00:00
[2026-04-01T13:10:25.470+0000] {processor.py:183} INFO - Processing /home/airflow/.local/lib/python3.12/site-packages/airflow/example_dags/example_branch_labels.py took 0.073 seconds
[2026-04-01T13:10:55.685+0000] {processor.py:161} INFO - Started process (PID=1445) to work on /home/airflow/.local/lib/python3.12/site-packages/airflow/example_dags/example_branch_labels.py
[2026-04-01T13:10:55.686+0000] {processor.py:830} INFO - Processing file /home/airflow/.local/lib/python3.12/site-packages/airflow/example_dags/example_branch_labels.py for tasks to queue
[2026-04-01T13:10:55.688+0000] {logging_mixin.py:188} INFO - [2026-04-01T13:10:55.687+0000] {dagbag.py:545} INFO - Filling up the DagBag from /home/airflow/.local/lib/python3.12/site-packages/airflow/example_dags/example_branch_labels.py
[2026-04-01T13:10:55.696+0000] {processor.py:840} INFO - DAG(s) 'example_branch_labels' retrieved from /home/airflow/.local/lib/python3.12/site-packages/airflow/example_dags/example_branch_labels.py
[2026-04-01T13:10:55.713+0000] {logging_mixin.py:188} INFO - [2026-04-01T13:10:55.713+0000] {dag.py:3096} INFO - Sync 1 DAGs
[2026-04-01T13:10:55.734+0000] {logging_mixin.py:188} INFO - [2026-04-01T13:10:55.734+0000] {dag.py:3954} INFO - Setting next_dagrun for example_branch_labels to 2026-03-31 00:00:00+00:00, run_after=2026-04-01 00:00:00+00:00
[2026-04-01T13:10:55.754+0000] {processor.py:183} INFO - Processing /home/airflow/.local/lib/python3.12/site-packages/airflow/example_dags/example_branch_labels.py took 0.076 seconds
[2026-04-01T13:11:26.290+0000] {processor.py:161} INFO - Started process (PID=1503) to work on /home/airflow/.local/lib/python3.12/site-packages/airflow/example_dags/example_branch_labels.py
[2026-04-01T13:11:26.291+0000] {processor.py:830} INFO - Processing file /home/airflow/.local/lib/python3.12/site-packages/airflow/example_dags/example_branch_labels.py for tasks to queue
[2026-04-01T13:11:26.293+0000] {logging_mixin.py:188} INFO - [2026-04-01T13:11:26.292+0000] {dagbag.py:545} INFO - Filling up the DagBag from /home/airflow/.local/lib/python3.12/site-packages/airflow/example_dags/example_branch_labels.py
[2026-04-01T13:11:26.299+0000] {processor.py:840} INFO - DAG(s) 'example_branch_labels' retrieved from /home/airflow/.local/lib/python3.12/site-packages/airflow/example_dags/example_branch_labels.py
[2026-04-01T13:11:26.318+0000] {logging_mixin.py:188} INFO - [2026-04-01T13:11:26.318+0000] {dag.py:3096} INFO - Sync 1 DAGs
[2026-04-01T13:11:26.336+0000] {logging_mixin.py:188} INFO - [2026-04-01T13:11:26.336+0000] {dag.py:3954} INFO - Setting next_dagrun for example_branch_labels to 2026-03-31 00:00:00+00:00, run_after=2026-04-01 00:00:00+00:00
[2026-04-01T13:11:26.355+0000] {processor.py:183} INFO - Processing /home/airflow/.local/lib/python3.12/site-packages/airflow/example_dags/example_branch_labels.py took 0.072 seconds
[2026-04-01T13:11:56.578+0000] {processor.py:161} INFO - Started process (PID=1561) to work on /home/airflow/.local/lib/python3.12/site-packages/airflow/example_dags/example_branch_labels.py
[2026-04-01T13:11:56.579+0000] {processor.py:830} INFO - Processing file /home/airflow/.local/lib/python3.12/site-packages/airflow/example_dags/example_branch_labels.py for tasks to queue
[2026-04-01T13:11:56.580+0000] {logging_mixin.py:188} INFO - [2026-04-01T13:11:56.580+0000] {dagbag.py:545} INFO - Filling up the DagBag from /home/airflow/.local/lib/python3.12/site-packages/airflow/example_dags/example_branch_labels.py
[2026-04-01T13:11:56.586+0000] {processor.py:840} INFO - DAG(s) 'example_branch_labels' retrieved from /home/airflow/.local/lib/python3.12/site-packages/airflow/example_dags/example_branch_labels.py
[2026-04-01T13:11:56.605+0000] {logging_mixin.py:188} INFO - [2026-04-01T13:11:56.605+0000] {dag.py:3096} INFO - Sync 1 DAGs
[2026-04-01T13:11:56.623+0000] {logging_mixin.py:188} INFO - [2026-04-01T13:11:56.623+0000] {dag.py:3954} INFO - Setting next_dagrun for example_branch_labels to 2026-03-31 00:00:00+00:00, run_after=2026-04-01 00:00:00+00:00
[2026-04-01T13:11:56.642+0000] {processor.py:183} INFO - Processing /home/airflow/.local/lib/python3.12/site-packages/airflow/example_dags/example_branch_labels.py took 0.070 seconds
[2026-04-01T13:12:27.129+0000] {processor.py:161} INFO - Started process (PID=1619) to work on /home/airflow/.local/lib/python3.12/site-packages/airflow/example_dags/example_branch_labels.py
[2026-04-01T13:12:27.130+0000] {processor.py:830} INFO - Processing file /home/airflow/.local/lib/python3.12/site-packages/airflow/example_dags/example_branch_labels.py for tasks to queue
[2026-04-01T13:12:27.131+0000] {logging_mixin.py:188} INFO - [2026-04-01T13:12:27.131+0000] {dagbag.py:545} INFO - Filling up the DagBag from /home/airflow/.local/lib/python3.12/site-packages/airflow/example_dags/example_branch_labels.py
[2026-04-01T13:12:27.138+0000] {processor.py:840} INFO - DAG(s) 'example_branch_labels' retrieved from /home/airflow/.local/lib/python3.12/site-packages/airflow/example_dags/example_branch_labels.py
[2026-04-01T13:12:27.158+0000] {logging_mixin.py:188} INFO - [2026-04-01T13:12:27.158+0000] {dag.py:3096} INFO - Sync 1 DAGs
[2026-04-01T13:12:27.176+0000] {logging_mixin.py:188} INFO - [2026-04-01T13:12:27.176+0000] {dag.py:3954} INFO - Setting next_dagrun for example_branch_labels to 2026-03-31 00:00:00+00:00, run_after=2026-04-01 00:00:00+00:00
[2026-04-01T13:12:27.193+0000] {processor.py:183} INFO - Processing /home/airflow/.local/lib/python3.12/site-packages/airflow/example_dags/example_branch_labels.py took 0.068 seconds
[2026-04-01T13:12:57.392+0000] {processor.py:161} INFO - Started process (PID=1677) to work on /home/airflow/.local/lib/python3.12/site-packages/airflow/example_dags/example_branch_labels.py
[2026-04-01T13:12:57.393+0000] {processor.py:830} INFO - Processing file /home/airflow/.local/lib/python3.12/site-packages/airflow/example_dags/example_branch_labels.py for tasks to queue
[2026-04-01T13:12:57.394+0000] {logging_mixin.py:188} INFO - [2026-04-01T13:12:57.394+0000] {dagbag.py:545} INFO - Filling up the DagBag from /home/airflow/.local/lib/python3.12/site-packages/airflow/example_dags/example_branch_labels.py
[2026-04-01T13:12:57.400+0000] {processor.py:840} INFO - DAG(s) 'example_branch_labels' retrieved from /home/airflow/.local/lib/python3.12/site-packages/airflow/example_dags/example_branch_labels.py
[2026-04-01T13:12:57.415+0000] {logging_mixin.py:188} INFO - [2026-04-01T13:12:57.415+0000] {dag.py:3096} INFO - Sync 1 DAGs
[2026-04-01T13:12:57.434+0000] {logging_mixin.py:188} INFO - [2026-04-01T13:12:57.434+0000] {dag.py:3954} INFO - Setting next_dagrun for example_branch_labels to 2026-03-31 00:00:00+00:00, run_after=2026-04-01 00:00:00+00:00
[2026-04-01T13:12:57.452+0000] {processor.py:183} INFO - Processing /home/airflow/.local/lib/python3.12/site-packages/airflow/example_dags/example_branch_labels.py took 0.065 seconds
[2026-04-01T13:13:27.613+0000] {processor.py:161} INFO - Started process (PID=1735) to work on /home/airflow/.local/lib/python3.12/site-packages/airflow/example_dags/example_branch_labels.py
[2026-04-01T13:13:27.614+0000] {processor.py:830} INFO - Processing file /home/airflow/.local/lib/python3.12/site-packages/airflow/example_dags/example_branch_labels.py for tasks to queue
[2026-04-01T13:13:27.616+0000] {logging_mixin.py:188} INFO - [2026-04-01T13:13:27.616+0000] {dagbag.py:545} INFO - Filling up the DagBag from /home/airflow/.local/lib/python3.12/site-packages/airflow/example_dags/example_branch_labels.py
[2026-04-01T13:13:27.623+0000] {processor.py:840} INFO - DAG(s) 'example_branch_labels' retrieved from /home/airflow/.local/lib/python3.12/site-packages/airflow/example_dags/example_branch_labels.py
[2026-04-01T13:13:27.640+0000] {logging_mixin.py:188} INFO - [2026-04-01T13:13:27.639+0000] {dag.py:3096} INFO - Sync 1 DAGs
[2026-04-01T13:13:27.659+0000] {logging_mixin.py:188} INFO - [2026-04-01T13:13:27.659+0000] {dag.py:3954} INFO - Setting next_dagrun for example_branch_labels to 2026-03-31 00:00:00+00:00, run_after=2026-04-01 00:00:00+00:00
[2026-04-01T13:13:27.679+0000] {processor.py:183} INFO - Processing /home/airflow/.local/lib/python3.12/site-packages/airflow/example_dags/example_branch_labels.py took 0.072 seconds
[2026-04-01T13:13:57.989+0000] {processor.py:161} INFO - Started process (PID=1793) to work on /home/airflow/.local/lib/python3.12/site-packages/airflow/example_dags/example_branch_labels.py
[2026-04-01T13:13:57.989+0000] {processor.py:830} INFO - Processing file /home/airflow/.local/lib/python3.12/site-packages/airflow/example_dags/example_branch_labels.py for tasks to queue
[2026-04-01T13:13:57.991+0000] {logging_mixin.py:188} INFO - [2026-04-01T13:13:57.991+0000] {dagbag.py:545} INFO - Filling up the DagBag from /home/airflow/.local/lib/python3.12/site-packages/airflow/example_dags/example_branch_labels.py
[2026-04-01T13:13:57.996+0000] {processor.py:840} INFO - DAG(s) 'example_branch_labels' retrieved from /home/airflow/.local/lib/python3.12/site-packages/airflow/example_dags/example_branch_labels.py
[2026-04-01T13:13:58.011+0000] {logging_mixin.py:188} INFO - [2026-04-01T13:13:58.011+0000] {dag.py:3096} INFO - Sync 1 DAGs
[2026-04-01T13:13:58.027+0000] {logging_mixin.py:188} INFO - [2026-04-01T13:13:58.027+0000] {dag.py:3954} INFO - Setting next_dagrun for example_branch_labels to 2026-03-31 00:00:00+00:00, run_after=2026-04-01 00:00:00+00:00
[2026-04-01T13:13:58.044+0000] {processor.py:183} INFO - Processing /home/airflow/.local/lib/python3.12/site-packages/airflow/example_dags/example_branch_labels.py took 0.060 seconds
[2026-04-01T13:14:28.647+0000] {processor.py:161} INFO - Started process (PID=1851) to work on /home/airflow/.local/lib/python3.12/site-packages/airflow/example_dags/example_branch_labels.py
[2026-04-01T13:14:28.648+0000] {processor.py:830} INFO - Processing file /home/airflow/.local/lib/python3.12/site-packages/airflow/example_dags/example_branch_labels.py for tasks to queue
[2026-04-01T13:14:28.650+0000] {logging_mixin.py:188} INFO - [2026-04-01T13:14:28.649+0000] {dagbag.py:545} INFO - Filling up the DagBag from /home/airflow/.local/lib/python3.12/site-packages/airflow/example_dags/example_branch_labels.py
[2026-04-01T13:14:28.659+0000] {processor.py:840} INFO - DAG(s) 'example_branch_labels' retrieved from /home/airflow/.local/lib/python3.12/site-packages/airflow/example_dags/example_branch_labels.py
[2026-04-01T13:14:28.686+0000] {logging_mixin.py:188} INFO - [2026-04-01T13:14:28.686+0000] {dag.py:3096} INFO - Sync 1 DAGs
[2026-04-01T13:14:28.715+0000] {logging_mixin.py:188} INFO - [2026-04-01T13:14:28.715+0000] {dag.py:3954} INFO - Setting next_dagrun for example_branch_labels to 2026-03-31 00:00:00+00:00, run_after=2026-04-01 00:00:00+00:00
[2026-04-01T13:14:28.739+0000] {processor.py:183} INFO - Processing /home/airflow/.local/lib/python3.12/site-packages/airflow/example_dags/example_branch_labels.py took 0.099 seconds
[2026-04-01T13:14:59.016+0000] {processor.py:161} INFO - Started process (PID=1909) to work on /home/airflow/.local/lib/python3.12/site-packages/airflow/example_dags/example_branch_labels.py
[2026-04-01T13:14:59.016+0000] {processor.py:830} INFO - Processing file /home/airflow/.local/lib/python3.12/site-packages/airflow/example_dags/example_branch_labels.py for tasks to queue
[2026-04-01T13:14:59.018+0000] {logging_mixin.py:188} INFO - [2026-04-01T13:14:59.018+0000] {dagbag.py:545} INFO - Filling up the DagBag from /home/airflow/.local/lib/python3.12/site-packages/airflow/example_dags/example_branch_labels.py
[2026-04-01T13:14:59.025+0000] {processor.py:840} INFO - DAG(s) 'example_branch_labels' retrieved from /home/airflow/.local/lib/python3.12/site-packages/airflow/example_dags/example_branch_labels.py
[2026-04-01T13:14:59.044+0000] {logging_mixin.py:188} INFO - [2026-04-01T13:14:59.043+0000] {dag.py:3096} INFO - Sync 1 DAGs
[2026-04-01T13:14:59.065+0000] {logging_mixin.py:188} INFO - [2026-04-01T13:14:59.065+0000] {dag.py:3954} INFO - Setting next_dagrun for example_branch_labels to 2026-03-31 00:00:00+00:00, run_after=2026-04-01 00:00:00+00:00
[2026-04-01T13:14:59.081+0000] {processor.py:183} INFO - Processing /home/airflow/.local/lib/python3.12/site-packages/airflow/example_dags/example_branch_labels.py took 0.070 seconds
[2026-04-01T13:15:29.181+0000] {processor.py:161} INFO - Started process (PID=1967) to work on /home/airflow/.local/lib/python3.12/site-packages/airflow/example_dags/example_branch_labels.py
[2026-04-01T13:15:29.181+0000] {processor.py:830} INFO - Processing file /home/airflow/.local/lib/python3.12/site-packages/airflow/example_dags/example_branch_labels.py for tasks to queue
[2026-04-01T13:15:29.183+0000] {logging_mixin.py:188} INFO - [2026-04-01T13:15:29.183+0000] {dagbag.py:545} INFO - Filling up the DagBag from /home/airflow/.local/lib/python3.12/site-packages/airflow/example_dags/example_branch_labels.py
[2026-04-01T13:15:29.188+0000] {processor.py:840} INFO - DAG(s) 'example_branch_labels' retrieved from /home/airflow/.local/lib/python3.12/site-packages/airflow/example_dags/example_branch_labels.py
[2026-04-01T13:15:29.203+0000] {logging_mixin.py:188} INFO - [2026-04-01T13:15:29.203+0000] {dag.py:3096} INFO - Sync 1 DAGs
[2026-04-01T13:15:29.223+0000] {logging_mixin.py:188} INFO - [2026-04-01T13:15:29.222+0000] {dag.py:3954} INFO - Setting next_dagrun for example_branch_labels to 2026-03-31 00:00:00+00:00, run_after=2026-04-01 00:00:00+00:00
[2026-04-01T13:15:29.237+0000] {processor.py:183} INFO - Processing /home/airflow/.local/lib/python3.12/site-packages/airflow/example_dags/example_branch_labels.py took 0.060 seconds
[2026-04-01T13:15:59.670+0000] {processor.py:161} INFO - Started process (PID=2025) to work on /home/airflow/.local/lib/python3.12/site-packages/airflow/example_dags/example_branch_labels.py
[2026-04-01T13:15:59.671+0000] {processor.py:830} INFO - Processing file /home/airflow/.local/lib/python3.12/site-packages/airflow/example_dags/example_branch_labels.py for tasks to queue
[2026-04-01T13:15:59.672+0000] {logging_mixin.py:188} INFO - [2026-04-01T13:15:59.672+0000] {dagbag.py:545} INFO - Filling up the DagBag from /home/airflow/.local/lib/python3.12/site-packages/airflow/example_dags/example_branch_labels.py
[2026-04-01T13:15:59.678+0000] {processor.py:840} INFO - DAG(s) 'example_branch_labels' retrieved from /home/airflow/.local/lib/python3.12/site-packages/airflow/example_dags/example_branch_labels.py
[2026-04-01T13:15:59.700+0000] {logging_mixin.py:188} INFO - [2026-04-01T13:15:59.700+0000] {dag.py:3096} INFO - Sync 1 DAGs
[2026-04-01T13:15:59.849+0000] {logging_mixin.py:188} INFO - [2026-04-01T13:15:59.849+0000] {dag.py:3954} INFO - Setting next_dagrun for example_branch_labels to 2026-03-31 00:00:00+00:00, run_after=2026-04-01 00:00:00+00:00
[2026-04-01T13:15:59.861+0000] {processor.py:183} INFO - Processing /home/airflow/.local/lib/python3.12/site-packages/airflow/example_dags/example_branch_labels.py took 0.196 seconds
[2026-04-01T13:16:30.202+0000] {processor.py:161} INFO - Started process (PID=2083) to work on /home/airflow/.local/lib/python3.12/site-packages/airflow/example_dags/example_branch_labels.py
[2026-04-01T13:16:30.202+0000] {processor.py:830} INFO - Processing file /home/airflow/.local/lib/python3.12/site-packages/airflow/example_dags/example_branch_labels.py for tasks to queue
[2026-04-01T13:16:30.204+0000] {logging_mixin.py:188} INFO - [2026-04-01T13:16:30.204+0000] {dagbag.py:545} INFO - Filling up the DagBag from /home/airflow/.local/lib/python3.12/site-packages/airflow/example_dags/example_branch_labels.py
[2026-04-01T13:16:30.209+0000] {processor.py:840} INFO - DAG(s) 'example_branch_labels' retrieved from /home/airflow/.local/lib/python3.12/site-packages/airflow/example_dags/example_branch_labels.py
[2026-04-01T13:16:30.224+0000] {logging_mixin.py:188} INFO - [2026-04-01T13:16:30.224+0000] {dag.py:3096} INFO - Sync 1 DAGs
[2026-04-01T13:16:30.241+0000] {logging_mixin.py:188} INFO - [2026-04-01T13:16:30.241+0000] {dag.py:3954} INFO - Setting next_dagrun for example_branch_labels to 2026-03-31 00:00:00+00:00, run_after=2026-04-01 00:00:00+00:00
[2026-04-01T13:16:30.256+0000] {processor.py:183} INFO - Processing /home/airflow/.local/lib/python3.12/site-packages/airflow/example_dags/example_branch_labels.py took 0.059 seconds
[2026-04-01T13:17:00.689+0000] {processor.py:161} INFO - Started process (PID=2141) to work on /home/airflow/.local/lib/python3.12/site-packages/airflow/example_dags/example_branch_labels.py
[2026-04-01T13:17:00.690+0000] {processor.py:830} INFO - Processing file /home/airflow/.local/lib/python3.12/site-packages/airflow/example_dags/example_branch_labels.py for tasks to queue
[2026-04-01T13:17:00.692+0000] {logging_mixin.py:188} INFO - [2026-04-01T13:17:00.692+0000] {dagbag.py:545} INFO - Filling up the DagBag from /home/airflow/.local/lib/python3.12/site-packages/airflow/example_dags/example_branch_labels.py
[2026-04-01T13:17:00.699+0000] {processor.py:840} INFO - DAG(s) 'example_branch_labels' retrieved from /home/airflow/.local/lib/python3.12/site-packages/airflow/example_dags/example_branch_labels.py
[2026-04-01T13:17:00.714+0000] {logging_mixin.py:188} INFO - [2026-04-01T13:17:00.714+0000] {dag.py:3096} INFO - Sync 1 DAGs
[2026-04-01T13:17:00.731+0000] {logging_mixin.py:188} INFO - [2026-04-01T13:17:00.731+0000] {dag.py:3954} INFO - Setting next_dagrun for example_branch_labels to 2026-03-31 00:00:00+00:00, run_after=2026-04-01 00:00:00+00:00
[2026-04-01T13:17:00.750+0000] {processor.py:183} INFO - Processing /home/airflow/.local/lib/python3.12/site-packages/airflow/example_dags/example_branch_labels.py took 0.066 seconds
[2026-04-01T13:17:31.192+0000] {processor.py:161} INFO - Started process (PID=2199) to work on /home/airflow/.local/lib/python3.12/site-packages/airflow/example_dags/example_branch_labels.py
[2026-04-01T13:17:31.193+0000] {processor.py:830} INFO - Processing file /home/airflow/.local/lib/python3.12/site-packages/airflow/example_dags/example_branch_labels.py for tasks to queue
[2026-04-01T13:17:31.194+0000] {logging_mixin.py:188} INFO - [2026-04-01T13:17:31.194+0000] {dagbag.py:545} INFO - Filling up the DagBag from /home/airflow/.local/lib/python3.12/site-packages/airflow/example_dags/example_branch_labels.py
[2026-04-01T13:17:31.201+0000] {processor.py:840} INFO - DAG(s) 'example_branch_labels' retrieved from /home/airflow/.local/lib/python3.12/site-packages/airflow/example_dags/example_branch_labels.py
[2026-04-01T13:17:31.216+0000] {logging_mixin.py:188} INFO - [2026-04-01T13:17:31.216+0000] {dag.py:3096} INFO - Sync 1 DAGs
[2026-04-01T13:17:31.231+0000] {logging_mixin.py:188} INFO - [2026-04-01T13:17:31.231+0000] {dag.py:3954} INFO - Setting next_dagrun for example_branch_labels to 2026-03-31 00:00:00+00:00, run_after=2026-04-01 00:00:00+00:00
[2026-04-01T13:17:31.249+0000] {processor.py:183} INFO - Processing /home/airflow/.local/lib/python3.12/site-packages/airflow/example_dags/example_branch_labels.py took 0.061 seconds
[2026-04-01T13:18:01.416+0000] {processor.py:161} INFO - Started process (PID=2257) to work on /home/airflow/.local/lib/python3.12/site-packages/airflow/example_dags/example_branch_labels.py
[2026-04-01T13:18:01.417+0000] {processor.py:830} INFO - Processing file /home/airflow/.local/lib/python3.12/site-packages/airflow/example_dags/example_branch_labels.py for tasks to queue
[2026-04-01T13:18:01.418+0000] {logging_mixin.py:188} INFO - [2026-04-01T13:18:01.418+0000] {dagbag.py:545} INFO - Filling up the DagBag from /home/airflow/.local/lib/python3.12/site-packages/airflow/example_dags/example_branch_labels.py
[2026-04-01T13:18:01.424+0000] {processor.py:840} INFO - DAG(s) 'example_branch_labels' retrieved from /home/airflow/.local/lib/python3.12/site-packages/airflow/example_dags/example_branch_labels.py
[2026-04-01T13:18:01.443+0000] {logging_mixin.py:188} INFO - [2026-04-01T13:18:01.443+0000] {dag.py:3096} INFO - Sync 1 DAGs
[2026-04-01T13:18:01.464+0000] {logging_mixin.py:188} INFO - [2026-04-01T13:18:01.463+0000] {dag.py:3954} INFO - Setting next_dagrun for example_branch_labels to 2026-03-31 00:00:00+00:00, run_after=2026-04-01 00:00:00+00:00
[2026-04-01T13:18:01.481+0000] {processor.py:183} INFO - Processing /home/airflow/.local/lib/python3.12/site-packages/airflow/example_dags/example_branch_labels.py took 0.070 seconds
[2026-04-01T13:18:31.539+0000] {processor.py:161} INFO - Started process (PID=2313) to work on /home/airflow/.local/lib/python3.12/site-packages/airflow/example_dags/example_branch_labels.py
[2026-04-01T13:18:31.540+0000] {processor.py:830} INFO - Processing file /home/airflow/.local/lib/python3.12/site-packages/airflow/example_dags/example_branch_labels.py for tasks to queue
[2026-04-01T13:18:31.542+0000] {logging_mixin.py:188} INFO - [2026-04-01T13:18:31.542+0000] {dagbag.py:545} INFO - Filling up the DagBag from /home/airflow/.local/lib/python3.12/site-packages/airflow/example_dags/example_branch_labels.py
[2026-04-01T13:18:31.550+0000] {processor.py:840} INFO - DAG(s) 'example_branch_labels' retrieved from /home/airflow/.local/lib/python3.12/site-packages/airflow/example_dags/example_branch_labels.py
[2026-04-01T13:18:31.566+0000] {logging_mixin.py:188} INFO - [2026-04-01T13:18:31.566+0000] {dag.py:3096} INFO - Sync 1 DAGs
[2026-04-01T13:18:31.584+0000] {logging_mixin.py:188} INFO - [2026-04-01T13:18:31.584+0000] {dag.py:3954} INFO - Setting next_dagrun for example_branch_labels to 2026-03-31 00:00:00+00:00, run_after=2026-04-01 00:00:00+00:00
[2026-04-01T13:18:31.603+0000] {processor.py:183} INFO - Processing /home/airflow/.local/lib/python3.12/site-packages/airflow/example_dags/example_branch_labels.py took 0.070 seconds
[2026-04-01T13:19:02.305+0000] {processor.py:161} INFO - Started process (PID=2371) to work on /home/airflow/.local/lib/python3.12/site-packages/airflow/example_dags/example_branch_labels.py
[2026-04-01T13:19:02.306+0000] {processor.py:830} INFO - Processing file /home/airflow/.local/lib/python3.12/site-packages/airflow/example_dags/example_branch_labels.py for tasks to queue
[2026-04-01T13:19:02.308+0000] {logging_mixin.py:188} INFO - [2026-04-01T13:19:02.307+0000] {dagbag.py:545} INFO - Filling up the DagBag from /home/airflow/.local/lib/python3.12/site-packages/airflow/example_dags/example_branch_labels.py
[2026-04-01T13:19:02.315+0000] {processor.py:840} INFO - DAG(s) 'example_branch_labels' retrieved from /home/airflow/.local/lib/python3.12/site-packages/airflow/example_dags/example_branch_labels.py
[2026-04-01T13:19:02.334+0000] {logging_mixin.py:188} INFO - [2026-04-01T13:19:02.334+0000] {dag.py:3096} INFO - Sync 1 DAGs
[2026-04-01T13:19:02.353+0000] {logging_mixin.py:188} INFO - [2026-04-01T13:19:02.353+0000] {dag.py:3954} INFO - Setting next_dagrun for example_branch_labels to 2026-03-31 00:00:00+00:00, run_after=2026-04-01 00:00:00+00:00
[2026-04-01T13:19:02.370+0000] {processor.py:183} INFO - Processing /home/airflow/.local/lib/python3.12/site-packages/airflow/example_dags/example_branch_labels.py took 0.070 seconds
[2026-04-01T13:19:32.726+0000] {processor.py:161} INFO - Started process (PID=2429) to work on /home/airflow/.local/lib/python3.12/site-packages/airflow/example_dags/example_branch_labels.py
[2026-04-01T13:19:32.727+0000] {processor.py:830} INFO - Processing file /home/airflow/.local/lib/python3.12/site-packages/airflow/example_dags/example_branch_labels.py for tasks to queue
[2026-04-01T13:19:32.729+0000] {logging_mixin.py:188} INFO - [2026-04-01T13:19:32.729+0000] {dagbag.py:545} INFO - Filling up the DagBag from /home/airflow/.local/lib/python3.12/site-packages/airflow/example_dags/example_branch_labels.py
[2026-04-01T13:19:32.737+0000] {processor.py:840} INFO - DAG(s) 'example_branch_labels' retrieved from /home/airflow/.local/lib/python3.12/site-packages/airflow/example_dags/example_branch_labels.py
[2026-04-01T13:19:32.751+0000] {logging_mixin.py:188} INFO - [2026-04-01T13:19:32.751+0000] {dag.py:3096} INFO - Sync 1 DAGs
[2026-04-01T13:19:32.767+0000] {logging_mixin.py:188} INFO - [2026-04-01T13:19:32.767+0000] {dag.py:3954} INFO - Setting next_dagrun for example_branch_labels to 2026-03-31 00:00:00+00:00, run_after=2026-04-01 00:00:00+00:00
[2026-04-01T13:19:32.781+0000] {processor.py:183} INFO - Processing /home/airflow/.local/lib/python3.12/site-packages/airflow/example_dags/example_branch_labels.py took 0.061 seconds
[2026-04-01T13:20:03.101+0000] {processor.py:161} INFO - Started process (PID=2487) to work on /home/airflow/.local/lib/python3.12/site-packages/airflow/example_dags/example_branch_labels.py
[2026-04-01T13:20:03.102+0000] {processor.py:830} INFO - Processing file /home/airflow/.local/lib/python3.12/site-packages/airflow/example_dags/example_branch_labels.py for tasks to queue
[2026-04-01T13:20:03.104+0000] {logging_mixin.py:188} INFO - [2026-04-01T13:20:03.104+0000] {dagbag.py:545} INFO - Filling up the DagBag from /home/airflow/.local/lib/python3.12/site-packages/airflow/example_dags/example_branch_labels.py
[2026-04-01T13:20:03.112+0000] {processor.py:840} INFO - DAG(s) 'example_branch_labels' retrieved from /home/airflow/.local/lib/python3.12/site-packages/airflow/example_dags/example_branch_labels.py
[2026-04-01T13:20:03.128+0000] {logging_mixin.py:188} INFO - [2026-04-01T13:20:03.128+0000] {dag.py:3096} INFO - Sync 1 DAGs
[2026-04-01T13:20:03.146+0000] {logging_mixin.py:188} INFO - [2026-04-01T13:20:03.146+0000] {dag.py:3954} INFO - Setting next_dagrun for example_branch_labels to 2026-03-31 00:00:00+00:00, run_after=2026-04-01 00:00:00+00:00
[2026-04-01T13:20:03.167+0000] {processor.py:183} INFO - Processing /home/airflow/.local/lib/python3.12/site-packages/airflow/example_dags/example_branch_labels.py took 0.074 seconds
[2026-04-01T13:20:33.548+0000] {processor.py:161} INFO - Started process (PID=2545) to work on /home/airflow/.local/lib/python3.12/site-packages/airflow/example_dags/example_branch_labels.py
[2026-04-01T13:20:33.548+0000] {processor.py:830} INFO - Processing file /home/airflow/.local/lib/python3.12/site-packages/airflow/example_dags/example_branch_labels.py for tasks to queue
[2026-04-01T13:20:33.551+0000] {logging_mixin.py:188} INFO - [2026-04-01T13:20:33.550+0000] {dagbag.py:545} INFO - Filling up the DagBag from /home/airflow/.local/lib/python3.12/site-packages/airflow/example_dags/example_branch_labels.py
[2026-04-01T13:20:33.562+0000] {processor.py:840} INFO - DAG(s) 'example_branch_labels' retrieved from /home/airflow/.local/lib/python3.12/site-packages/airflow/example_dags/example_branch_labels.py
[2026-04-01T13:20:33.585+0000] {logging_mixin.py:188} INFO - [2026-04-01T13:20:33.585+0000] {dag.py:3096} INFO - Sync 1 DAGs
[2026-04-01T13:20:33.604+0000] {logging_mixin.py:188} INFO - [2026-04-01T13:20:33.604+0000] {dag.py:3954} INFO - Setting next_dagrun for example_branch_labels to 2026-03-31 00:00:00+00:00, run_after=2026-04-01 00:00:00+00:00
[2026-04-01T13:20:33.623+0000] {processor.py:183} INFO - Processing /home/airflow/.local/lib/python3.12/site-packages/airflow/example_dags/example_branch_labels.py took 0.084 seconds
[2026-04-01T13:21:04.025+0000] {processor.py:161} INFO - Started process (PID=2603) to work on /home/airflow/.local/lib/python3.12/site-packages/airflow/example_dags/example_branch_labels.py
[2026-04-01T13:21:04.026+0000] {processor.py:830} INFO - Processing file /home/airflow/.local/lib/python3.12/site-packages/airflow/example_dags/example_branch_labels.py for tasks to queue
[2026-04-01T13:21:04.028+0000] {logging_mixin.py:188} INFO - [2026-04-01T13:21:04.027+0000] {dagbag.py:545} INFO - Filling up the DagBag from /home/airflow/.local/lib/python3.12/site-packages/airflow/example_dags/example_branch_labels.py
[2026-04-01T13:21:04.034+0000] {processor.py:840} INFO - DAG(s) 'example_branch_labels' retrieved from /home/airflow/.local/lib/python3.12/site-packages/airflow/example_dags/example_branch_labels.py
[2026-04-01T13:21:04.051+0000] {logging_mixin.py:188} INFO - [2026-04-01T13:21:04.051+0000] {dag.py:3096} INFO - Sync 1 DAGs
[2026-04-01T13:21:04.068+0000] {logging_mixin.py:188} INFO - [2026-04-01T13:21:04.068+0000] {dag.py:3954} INFO - Setting next_dagrun for example_branch_labels to 2026-03-31 00:00:00+00:00, run_after=2026-04-01 00:00:00+00:00
[2026-04-01T13:21:04.087+0000] {processor.py:183} INFO - Processing /home/airflow/.local/lib/python3.12/site-packages/airflow/example_dags/example_branch_labels.py took 0.070 seconds
[2026-04-01T13:21:34.473+0000] {processor.py:161} INFO - Started process (PID=2661) to work on /home/airflow/.local/lib/python3.12/site-packages/airflow/example_dags/example_branch_labels.py
[2026-04-01T13:21:34.473+0000] {processor.py:830} INFO - Processing file /home/airflow/.local/lib/python3.12/site-packages/airflow/example_dags/example_branch_labels.py for tasks to queue
[2026-04-01T13:21:34.475+0000] {logging_mixin.py:188} INFO - [2026-04-01T13:21:34.474+0000] {dagbag.py:545} INFO - Filling up the DagBag from /home/airflow/.local/lib/python3.12/site-packages/airflow/example_dags/example_branch_labels.py
[2026-04-01T13:21:34.480+0000] {processor.py:840} INFO - DAG(s) 'example_branch_labels' retrieved from /home/airflow/.local/lib/python3.12/site-packages/airflow/example_dags/example_branch_labels.py
[2026-04-01T13:21:34.495+0000] {logging_mixin.py:188} INFO - [2026-04-01T13:21:34.495+0000] {dag.py:3096} INFO - Sync 1 DAGs
[2026-04-01T13:21:34.512+0000] {logging_mixin.py:188} INFO - [2026-04-01T13:21:34.512+0000] {dag.py:3954} INFO - Setting next_dagrun for example_branch_labels to 2026-03-31 00:00:00+00:00, run_after=2026-04-01 00:00:00+00:00
[2026-04-01T13:21:34.530+0000] {processor.py:183} INFO - Processing /home/airflow/.local/lib/python3.12/site-packages/airflow/example_dags/example_branch_labels.py took 0.063 seconds
[2026-04-01T13:22:05.092+0000] {processor.py:161} INFO - Started process (PID=2719) to work on /home/airflow/.local/lib/python3.12/site-packages/airflow/example_dags/example_branch_labels.py
[2026-04-01T13:22:05.093+0000] {processor.py:830} INFO - Processing file /home/airflow/.local/lib/python3.12/site-packages/airflow/example_dags/example_branch_labels.py for tasks to queue
[2026-04-01T13:22:05.094+0000] {logging_mixin.py:188} INFO - [2026-04-01T13:22:05.094+0000] {dagbag.py:545} INFO - Filling up the DagBag from /home/airflow/.local/lib/python3.12/site-packages/airflow/example_dags/example_branch_labels.py
[2026-04-01T13:22:05.101+0000] {processor.py:840} INFO - DAG(s) 'example_branch_labels' retrieved from /home/airflow/.local/lib/python3.12/site-packages/airflow/example_dags/example_branch_labels.py
[2026-04-01T13:22:05.118+0000] {logging_mixin.py:188} INFO - [2026-04-01T13:22:05.117+0000] {dag.py:3096} INFO - Sync 1 DAGs
[2026-04-01T13:22:05.136+0000] {logging_mixin.py:188} INFO - [2026-04-01T13:22:05.136+0000] {dag.py:3954} INFO - Setting next_dagrun for example_branch_labels to 2026-03-31 00:00:00+00:00, run_after=2026-04-01 00:00:00+00:00
[2026-04-01T13:22:05.151+0000] {processor.py:183} INFO - Processing /home/airflow/.local/lib/python3.12/site-packages/airflow/example_dags/example_branch_labels.py took 0.064 seconds
[2026-04-01T13:22:35.509+0000] {processor.py:161} INFO - Started process (PID=2777) to work on /home/airflow/.local/lib/python3.12/site-packages/airflow/example_dags/example_branch_labels.py
[2026-04-01T13:22:35.510+0000] {processor.py:830} INFO - Processing file /home/airflow/.local/lib/python3.12/site-packages/airflow/example_dags/example_branch_labels.py for tasks to queue
[2026-04-01T13:22:35.511+0000] {logging_mixin.py:188} INFO - [2026-04-01T13:22:35.511+0000] {dagbag.py:545} INFO - Filling up the DagBag from /home/airflow/.local/lib/python3.12/site-packages/airflow/example_dags/example_branch_labels.py
[2026-04-01T13:22:35.518+0000] {processor.py:840} INFO - DAG(s) 'example_branch_labels' retrieved from /home/airflow/.local/lib/python3.12/site-packages/airflow/example_dags/example_branch_labels.py
[2026-04-01T13:22:35.534+0000] {logging_mixin.py:188} INFO - [2026-04-01T13:22:35.534+0000] {dag.py:3096} INFO - Sync 1 DAGs
[2026-04-01T13:22:35.555+0000] {logging_mixin.py:188} INFO - [2026-04-01T13:22:35.555+0000] {dag.py:3954} INFO - Setting next_dagrun for example_branch_labels to 2026-03-31 00:00:00+00:00, run_after=2026-04-01 00:00:00+00:00
[2026-04-01T13:22:35.570+0000] {processor.py:183} INFO - Processing /home/airflow/.local/lib/python3.12/site-packages/airflow/example_dags/example_branch_labels.py took 0.066 seconds
[2026-04-01T13:23:06.130+0000] {processor.py:161} INFO - Started process (PID=2835) to work on /home/airflow/.local/lib/python3.12/site-packages/airflow/example_dags/example_branch_labels.py
[2026-04-01T13:23:06.131+0000] {processor.py:830} INFO - Processing file /home/airflow/.local/lib/python3.12/site-packages/airflow/example_dags/example_branch_labels.py for tasks to queue
[2026-04-01T13:23:06.133+0000] {logging_mixin.py:188} INFO - [2026-04-01T13:23:06.133+0000] {dagbag.py:545} INFO - Filling up the DagBag from /home/airflow/.local/lib/python3.12/site-packages/airflow/example_dags/example_branch_labels.py
[2026-04-01T13:23:06.138+0000] {processor.py:840} INFO - DAG(s) 'example_branch_labels' retrieved from /home/airflow/.local/lib/python3.12/site-packages/airflow/example_dags/example_branch_labels.py
[2026-04-01T13:23:06.156+0000] {logging_mixin.py:188} INFO - [2026-04-01T13:23:06.156+0000] {dag.py:3096} INFO - Sync 1 DAGs
[2026-04-01T13:23:06.172+0000] {logging_mixin.py:188} INFO - [2026-04-01T13:23:06.172+0000] {dag.py:3954} INFO - Setting next_dagrun for example_branch_labels to 2026-03-31 00:00:00+00:00, run_after=2026-04-01 00:00:00+00:00
[2026-04-01T13:23:06.192+0000] {processor.py:183} INFO - Processing /home/airflow/.local/lib/python3.12/site-packages/airflow/example_dags/example_branch_labels.py took 0.069 seconds
[2026-04-01T13:23:36.572+0000] {processor.py:161} INFO - Started process (PID=2893) to work on /home/airflow/.local/lib/python3.12/site-packages/airflow/example_dags/example_branch_labels.py
[2026-04-01T13:23:36.572+0000] {processor.py:830} INFO - Processing file /home/airflow/.local/lib/python3.12/site-packages/airflow/example_dags/example_branch_labels.py for tasks to queue
[2026-04-01T13:23:36.574+0000] {logging_mixin.py:188} INFO - [2026-04-01T13:23:36.574+0000] {dagbag.py:545} INFO - Filling up the DagBag from /home/airflow/.local/lib/python3.12/site-packages/airflow/example_dags/example_branch_labels.py
[2026-04-01T13:23:36.581+0000] {processor.py:840} INFO - DAG(s) 'example_branch_labels' retrieved from /home/airflow/.local/lib/python3.12/site-packages/airflow/example_dags/example_branch_labels.py
[2026-04-01T13:23:36.598+0000] {logging_mixin.py:188} INFO - [2026-04-01T13:23:36.598+0000] {dag.py:3096} INFO - Sync 1 DAGs
[2026-04-01T13:23:36.615+0000] {logging_mixin.py:188} INFO - [2026-04-01T13:23:36.615+0000] {dag.py:3954} INFO - Setting next_dagrun for example_branch_labels to 2026-03-31 00:00:00+00:00, run_after=2026-04-01 00:00:00+00:00
[2026-04-01T13:23:36.635+0000] {processor.py:183} INFO - Processing /home/airflow/.local/lib/python3.12/site-packages/airflow/example_dags/example_branch_labels.py took 0.068 seconds
[2026-04-01T13:24:07.204+0000] {processor.py:161} INFO - Started process (PID=2952) to work on /home/airflow/.local/lib/python3.12/site-packages/airflow/example_dags/example_branch_labels.py
[2026-04-01T13:24:07.205+0000] {processor.py:830} INFO - Processing file /home/airflow/.local/lib/python3.12/site-packages/airflow/example_dags/example_branch_labels.py for tasks to queue
[2026-04-01T13:24:07.207+0000] {logging_mixin.py:188} INFO - [2026-04-01T13:24:07.207+0000] {dagbag.py:545} INFO - Filling up the DagBag from /home/airflow/.local/lib/python3.12/site-packages/airflow/example_dags/example_branch_labels.py
[2026-04-01T13:24:07.214+0000] {processor.py:840} INFO - DAG(s) 'example_branch_labels' retrieved from /home/airflow/.local/lib/python3.12/site-packages/airflow/example_dags/example_branch_labels.py
[2026-04-01T13:24:07.231+0000] {logging_mixin.py:188} INFO - [2026-04-01T13:24:07.231+0000] {dag.py:3096} INFO - Sync 1 DAGs
[2026-04-01T13:24:07.247+0000] {logging_mixin.py:188} INFO - [2026-04-01T13:24:07.247+0000] {dag.py:3954} INFO - Setting next_dagrun for example_branch_labels to 2026-03-31 00:00:00+00:00, run_after=2026-04-01 00:00:00+00:00
[2026-04-01T13:24:07.263+0000] {processor.py:183} INFO - Processing /home/airflow/.local/lib/python3.12/site-packages/airflow/example_dags/example_branch_labels.py took 0.066 seconds
[2026-04-01T13:24:37.578+0000] {processor.py:161} INFO - Started process (PID=3010) to work on /home/airflow/.local/lib/python3.12/site-packages/airflow/example_dags/example_branch_labels.py
[2026-04-01T13:24:37.579+0000] {processor.py:830} INFO - Processing file /home/airflow/.local/lib/python3.12/site-packages/airflow/example_dags/example_branch_labels.py for tasks to queue
[2026-04-01T13:24:37.581+0000] {logging_mixin.py:188} INFO - [2026-04-01T13:24:37.580+0000] {dagbag.py:545} INFO - Filling up the DagBag from /home/airflow/.local/lib/python3.12/site-packages/airflow/example_dags/example_branch_labels.py
[2026-04-01T13:24:37.587+0000] {processor.py:840} INFO - DAG(s) 'example_branch_labels' retrieved from /home/airflow/.local/lib/python3.12/site-packages/airflow/example_dags/example_branch_labels.py
[2026-04-01T13:24:37.603+0000] {logging_mixin.py:188} INFO - [2026-04-01T13:24:37.603+0000] {dag.py:3096} INFO - Sync 1 DAGs
[2026-04-01T13:24:37.622+0000] {logging_mixin.py:188} INFO - [2026-04-01T13:24:37.622+0000] {dag.py:3954} INFO - Setting next_dagrun for example_branch_labels to 2026-03-31 00:00:00+00:00, run_after=2026-04-01 00:00:00+00:00
[2026-04-01T13:24:37.640+0000] {processor.py:183} INFO - Processing /home/airflow/.local/lib/python3.12/site-packages/airflow/example_dags/example_branch_labels.py took 0.068 seconds
[2026-04-01T13:25:08.216+0000] {processor.py:161} INFO - Started process (PID=3069) to work on /home/airflow/.local/lib/python3.12/site-packages/airflow/example_dags/example_branch_labels.py
[2026-04-01T13:25:08.217+0000] {processor.py:830} INFO - Processing file /home/airflow/.local/lib/python3.12/site-packages/airflow/example_dags/example_branch_labels.py for tasks to queue
[2026-04-01T13:25:08.219+0000] {logging_mixin.py:188} INFO - [2026-04-01T13:25:08.218+0000] {dagbag.py:545} INFO - Filling up the DagBag from /home/airflow/.local/lib/python3.12/site-packages/airflow/example_dags/example_branch_labels.py
[2026-04-01T13:25:08.225+0000] {processor.py:840} INFO - DAG(s) 'example_branch_labels' retrieved from /home/airflow/.local/lib/python3.12/site-packages/airflow/example_dags/example_branch_labels.py
[2026-04-01T13:25:08.243+0000] {logging_mixin.py:188} INFO - [2026-04-01T13:25:08.243+0000] {dag.py:3096} INFO - Sync 1 DAGs
[2026-04-01T13:25:08.260+0000] {logging_mixin.py:188} INFO - [2026-04-01T13:25:08.260+0000] {dag.py:3954} INFO - Setting next_dagrun for example_branch_labels to 2026-03-31 00:00:00+00:00, run_after=2026-04-01 00:00:00+00:00
[2026-04-01T13:25:08.275+0000] {processor.py:183} INFO - Processing /home/airflow/.local/lib/python3.12/site-packages/airflow/example_dags/example_branch_labels.py took 0.066 seconds
[2026-04-01T13:25:38.541+0000] {processor.py:161} INFO - Started process (PID=3128) to work on /home/airflow/.local/lib/python3.12/site-packages/airflow/example_dags/example_branch_labels.py
[2026-04-01T13:25:38.542+0000] {processor.py:830} INFO - Processing file /home/airflow/.local/lib/python3.12/site-packages/airflow/example_dags/example_branch_labels.py for tasks to queue
[2026-04-01T13:25:38.544+0000] {logging_mixin.py:188} INFO - [2026-04-01T13:25:38.543+0000] {dagbag.py:545} INFO - Filling up the DagBag from /home/airflow/.local/lib/python3.12/site-packages/airflow/example_dags/example_branch_labels.py
[2026-04-01T13:25:38.551+0000] {processor.py:840} INFO - DAG(s) 'example_branch_labels' retrieved from /home/airflow/.local/lib/python3.12/site-packages/airflow/example_dags/example_branch_labels.py
[2026-04-01T13:25:38.566+0000] {logging_mixin.py:188} INFO - [2026-04-01T13:25:38.566+0000] {dag.py:3096} INFO - Sync 1 DAGs
[2026-04-01T13:25:38.583+0000] {logging_mixin.py:188} INFO - [2026-04-01T13:25:38.583+0000] {dag.py:3954} INFO - Setting next_dagrun for example_branch_labels to 2026-03-31 00:00:00+00:00, run_after=2026-04-01 00:00:00+00:00
[2026-04-01T13:25:38.600+0000] {processor.py:183} INFO - Processing /home/airflow/.local/lib/python3.12/site-packages/airflow/example_dags/example_branch_labels.py took 0.064 seconds
[2026-04-01T13:26:08.909+0000] {processor.py:161} INFO - Started process (PID=3187) to work on /home/airflow/.local/lib/python3.12/site-packages/airflow/example_dags/example_branch_labels.py
[2026-04-01T13:26:08.909+0000] {processor.py:830} INFO - Processing file /home/airflow/.local/lib/python3.12/site-packages/airflow/example_dags/example_branch_labels.py for tasks to queue
[2026-04-01T13:26:08.911+0000] {logging_mixin.py:188} INFO - [2026-04-01T13:26:08.911+0000] {dagbag.py:545} INFO - Filling up the DagBag from /home/airflow/.local/lib/python3.12/site-packages/airflow/example_dags/example_branch_labels.py
[2026-04-01T13:26:08.916+0000] {processor.py:840} INFO - DAG(s) 'example_branch_labels' retrieved from /home/airflow/.local/lib/python3.12/site-packages/airflow/example_dags/example_branch_labels.py
[2026-04-01T13:26:08.935+0000] {logging_mixin.py:188} INFO - [2026-04-01T13:26:08.934+0000] {dag.py:3096} INFO - Sync 1 DAGs
[2026-04-01T13:26:08.952+0000] {logging_mixin.py:188} INFO - [2026-04-01T13:26:08.951+0000] {dag.py:3954} INFO - Setting next_dagrun for example_branch_labels to 2026-03-31 00:00:00+00:00, run_after=2026-04-01 00:00:00+00:00
[2026-04-01T13:26:08.968+0000] {processor.py:183} INFO - Processing /home/airflow/.local/lib/python3.12/site-packages/airflow/example_dags/example_branch_labels.py took 0.064 seconds
[2026-04-01T13:26:39.241+0000] {processor.py:161} INFO - Started process (PID=3246) to work on /home/airflow/.local/lib/python3.12/site-packages/airflow/example_dags/example_branch_labels.py
[2026-04-01T13:26:39.242+0000] {processor.py:830} INFO - Processing file /home/airflow/.local/lib/python3.12/site-packages/airflow/example_dags/example_branch_labels.py for tasks to queue
[2026-04-01T13:26:39.243+0000] {logging_mixin.py:188} INFO - [2026-04-01T13:26:39.243+0000] {dagbag.py:545} INFO - Filling up the DagBag from /home/airflow/.local/lib/python3.12/site-packages/airflow/example_dags/example_branch_labels.py
[2026-04-01T13:26:39.250+0000] {processor.py:840} INFO - DAG(s) 'example_branch_labels' retrieved from /home/airflow/.local/lib/python3.12/site-packages/airflow/example_dags/example_branch_labels.py
[2026-04-01T13:26:39.265+0000] {logging_mixin.py:188} INFO - [2026-04-01T13:26:39.264+0000] {dag.py:3096} INFO - Sync 1 DAGs
[2026-04-01T13:26:39.283+0000] {logging_mixin.py:188} INFO - [2026-04-01T13:26:39.283+0000] {dag.py:3954} INFO - Setting next_dagrun for example_branch_labels to 2026-03-31 00:00:00+00:00, run_after=2026-04-01 00:00:00+00:00
[2026-04-01T13:26:39.304+0000] {processor.py:183} INFO - Processing /home/airflow/.local/lib/python3.12/site-packages/airflow/example_dags/example_branch_labels.py took 0.069 seconds
[2026-04-01T13:27:09.717+0000] {processor.py:161} INFO - Started process (PID=3305) to work on /home/airflow/.local/lib/python3.12/site-packages/airflow/example_dags/example_branch_labels.py
[2026-04-01T13:27:09.718+0000] {processor.py:830} INFO - Processing file /home/airflow/.local/lib/python3.12/site-packages/airflow/example_dags/example_branch_labels.py for tasks to queue
[2026-04-01T13:27:09.720+0000] {logging_mixin.py:188} INFO - [2026-04-01T13:27:09.720+0000] {dagbag.py:545} INFO - Filling up the DagBag from /home/airflow/.local/lib/python3.12/site-packages/airflow/example_dags/example_branch_labels.py
[2026-04-01T13:27:09.727+0000] {processor.py:840} INFO - DAG(s) 'example_branch_labels' retrieved from /home/airflow/.local/lib/python3.12/site-packages/airflow/example_dags/example_branch_labels.py
[2026-04-01T13:27:09.746+0000] {logging_mixin.py:188} INFO - [2026-04-01T13:27:09.746+0000] {dag.py:3096} INFO - Sync 1 DAGs
[2026-04-01T13:27:09.762+0000] {logging_mixin.py:188} INFO - [2026-04-01T13:27:09.762+0000] {dag.py:3954} INFO - Setting next_dagrun for example_branch_labels to 2026-03-31 00:00:00+00:00, run_after=2026-04-01 00:00:00+00:00
[2026-04-01T13:27:09.777+0000] {processor.py:183} INFO - Processing /home/airflow/.local/lib/python3.12/site-packages/airflow/example_dags/example_branch_labels.py took 0.066 seconds
[2026-04-01T13:27:40.327+0000] {processor.py:161} INFO - Started process (PID=3364) to work on /home/airflow/.local/lib/python3.12/site-packages/airflow/example_dags/example_branch_labels.py
[2026-04-01T13:27:40.328+0000] {processor.py:830} INFO - Processing file /home/airflow/.local/lib/python3.12/site-packages/airflow/example_dags/example_branch_labels.py for tasks to queue
[2026-04-01T13:27:40.332+0000] {logging_mixin.py:188} INFO - [2026-04-01T13:27:40.331+0000] {dagbag.py:545} INFO - Filling up the DagBag from /home/airflow/.local/lib/python3.12/site-packages/airflow/example_dags/example_branch_labels.py
[2026-04-01T13:27:40.339+0000] {processor.py:840} INFO - DAG(s) 'example_branch_labels' retrieved from /home/airflow/.local/lib/python3.12/site-packages/airflow/example_dags/example_branch_labels.py
[2026-04-01T13:27:40.354+0000] {logging_mixin.py:188} INFO - [2026-04-01T13:27:40.354+0000] {dag.py:3096} INFO - Sync 1 DAGs
[2026-04-01T13:27:40.375+0000] {logging_mixin.py:188} INFO - [2026-04-01T13:27:40.375+0000] {dag.py:3954} INFO - Setting next_dagrun for example_branch_labels to 2026-03-31 00:00:00+00:00, run_after=2026-04-01 00:00:00+00:00
[2026-04-01T13:27:40.388+0000] {processor.py:183} INFO - Processing /home/airflow/.local/lib/python3.12/site-packages/airflow/example_dags/example_branch_labels.py took 0.067 seconds
[2026-04-01T13:28:10.889+0000] {processor.py:161} INFO - Started process (PID=3423) to work on /home/airflow/.local/lib/python3.12/site-packages/airflow/example_dags/example_branch_labels.py
[2026-04-01T13:28:10.890+0000] {processor.py:830} INFO - Processing file /home/airflow/.local/lib/python3.12/site-packages/airflow/example_dags/example_branch_labels.py for tasks to queue
[2026-04-01T13:28:10.892+0000] {logging_mixin.py:188} INFO - [2026-04-01T13:28:10.891+0000] {dagbag.py:545} INFO - Filling up the DagBag from /home/airflow/.local/lib/python3.12/site-packages/airflow/example_dags/example_branch_labels.py
[2026-04-01T13:28:10.899+0000] {processor.py:840} INFO - DAG(s) 'example_branch_labels' retrieved from /home/airflow/.local/lib/python3.12/site-packages/airflow/example_dags/example_branch_labels.py
[2026-04-01T13:28:10.917+0000] {logging_mixin.py:188} INFO - [2026-04-01T13:28:10.917+0000] {dag.py:3096} INFO - Sync 1 DAGs
[2026-04-01T13:28:10.934+0000] {logging_mixin.py:188} INFO - [2026-04-01T13:28:10.934+0000] {dag.py:3954} INFO - Setting next_dagrun for example_branch_labels to 2026-03-31 00:00:00+00:00, run_after=2026-04-01 00:00:00+00:00
[2026-04-01T13:28:10.950+0000] {processor.py:183} INFO - Processing /home/airflow/.local/lib/python3.12/site-packages/airflow/example_dags/example_branch_labels.py took 0.066 seconds
[2026-04-01T13:28:41.206+0000] {processor.py:161} INFO - Started process (PID=3482) to work on /home/airflow/.local/lib/python3.12/site-packages/airflow/example_dags/example_branch_labels.py
[2026-04-01T13:28:41.206+0000] {processor.py:830} INFO - Processing file /home/airflow/.local/lib/python3.12/site-packages/airflow/example_dags/example_branch_labels.py for tasks to queue
[2026-04-01T13:28:41.208+0000] {logging_mixin.py:188} INFO - [2026-04-01T13:28:41.208+0000] {dagbag.py:545} INFO - Filling up the DagBag from /home/airflow/.local/lib/python3.12/site-packages/airflow/example_dags/example_branch_labels.py
[2026-04-01T13:28:41.213+0000] {processor.py:840} INFO - DAG(s) 'example_branch_labels' retrieved from /home/airflow/.local/lib/python3.12/site-packages/airflow/example_dags/example_branch_labels.py
[2026-04-01T13:28:41.232+0000] {logging_mixin.py:188} INFO - [2026-04-01T13:28:41.231+0000] {dag.py:3096} INFO - Sync 1 DAGs
[2026-04-01T13:28:41.250+0000] {logging_mixin.py:188} INFO - [2026-04-01T13:28:41.249+0000] {dag.py:3954} INFO - Setting next_dagrun for example_branch_labels to 2026-03-31 00:00:00+00:00, run_after=2026-04-01 00:00:00+00:00
[2026-04-01T13:28:41.265+0000] {processor.py:183} INFO - Processing /home/airflow/.local/lib/python3.12/site-packages/airflow/example_dags/example_branch_labels.py took 0.064 seconds
[2026-04-01T13:29:11.720+0000] {processor.py:161} INFO - Started process (PID=3541) to work on /home/airflow/.local/lib/python3.12/site-packages/airflow/example_dags/example_branch_labels.py
[2026-04-01T13:29:11.720+0000] {processor.py:830} INFO - Processing file /home/airflow/.local/lib/python3.12/site-packages/airflow/example_dags/example_branch_labels.py for tasks to queue
[2026-04-01T13:29:11.723+0000] {logging_mixin.py:188} INFO - [2026-04-01T13:29:11.722+0000] {dagbag.py:545} INFO - Filling up the DagBag from /home/airflow/.local/lib/python3.12/site-packages/airflow/example_dags/example_branch_labels.py
[2026-04-01T13:29:11.729+0000] {processor.py:840} INFO - DAG(s) 'example_branch_labels' retrieved from /home/airflow/.local/lib/python3.12/site-packages/airflow/example_dags/example_branch_labels.py
[2026-04-01T13:29:11.745+0000] {logging_mixin.py:188} INFO - [2026-04-01T13:29:11.745+0000] {dag.py:3096} INFO - Sync 1 DAGs
[2026-04-01T13:29:11.760+0000] {logging_mixin.py:188} INFO - [2026-04-01T13:29:11.760+0000] {dag.py:3954} INFO - Setting next_dagrun for example_branch_labels to 2026-03-31 00:00:00+00:00, run_after=2026-04-01 00:00:00+00:00
[2026-04-01T13:29:11.776+0000] {processor.py:183} INFO - Processing /home/airflow/.local/lib/python3.12/site-packages/airflow/example_dags/example_branch_labels.py took 0.061 seconds
[2026-04-01T13:29:42.070+0000] {processor.py:161} INFO - Started process (PID=3600) to work on /home/airflow/.local/lib/python3.12/site-packages/airflow/example_dags/example_branch_labels.py
[2026-04-01T13:29:42.071+0000] {processor.py:830} INFO - Processing file /home/airflow/.local/lib/python3.12/site-packages/airflow/example_dags/example_branch_labels.py for tasks to queue
[2026-04-01T13:29:42.073+0000] {logging_mixin.py:188} INFO - [2026-04-01T13:29:42.072+0000] {dagbag.py:545} INFO - Filling up the DagBag from /home/airflow/.local/lib/python3.12/site-packages/airflow/example_dags/example_branch_labels.py
[2026-04-01T13:29:42.080+0000] {processor.py:840} INFO - DAG(s) 'example_branch_labels' retrieved from /home/airflow/.local/lib/python3.12/site-packages/airflow/example_dags/example_branch_labels.py
[2026-04-01T13:29:42.096+0000] {logging_mixin.py:188} INFO - [2026-04-01T13:29:42.096+0000] {dag.py:3096} INFO - Sync 1 DAGs
[2026-04-01T13:29:42.112+0000] {logging_mixin.py:188} INFO - [2026-04-01T13:29:42.112+0000] {dag.py:3954} INFO - Setting next_dagrun for example_branch_labels to 2026-03-31 00:00:00+00:00, run_after=2026-04-01 00:00:00+00:00
[2026-04-01T13:29:42.127+0000] {processor.py:183} INFO - Processing /home/airflow/.local/lib/python3.12/site-packages/airflow/example_dags/example_branch_labels.py took 0.063 seconds
[2026-04-01T13:30:12.389+0000] {processor.py:161} INFO - Started process (PID=3659) to work on /home/airflow/.local/lib/python3.12/site-packages/airflow/example_dags/example_branch_labels.py
[2026-04-01T13:30:12.390+0000] {processor.py:830} INFO - Processing file /home/airflow/.local/lib/python3.12/site-packages/airflow/example_dags/example_branch_labels.py for tasks to queue
[2026-04-01T13:30:12.391+0000] {logging_mixin.py:188} INFO - [2026-04-01T13:30:12.391+0000] {dagbag.py:545} INFO - Filling up the DagBag from /home/airflow/.local/lib/python3.12/site-packages/airflow/example_dags/example_branch_labels.py
[2026-04-01T13:30:12.397+0000] {processor.py:840} INFO - DAG(s) 'example_branch_labels' retrieved from /home/airflow/.local/lib/python3.12/site-packages/airflow/example_dags/example_branch_labels.py
[2026-04-01T13:30:12.412+0000] {logging_mixin.py:188} INFO - [2026-04-01T13:30:12.412+0000] {dag.py:3096} INFO - Sync 1 DAGs
[2026-04-01T13:30:12.427+0000] {logging_mixin.py:188} INFO - [2026-04-01T13:30:12.427+0000] {dag.py:3954} INFO - Setting next_dagrun for example_branch_labels to 2026-03-31 00:00:00+00:00, run_after=2026-04-01 00:00:00+00:00
[2026-04-01T13:30:12.442+0000] {processor.py:183} INFO - Processing /home/airflow/.local/lib/python3.12/site-packages/airflow/example_dags/example_branch_labels.py took 0.059 seconds
[2026-04-01T13:30:42.721+0000] {processor.py:161} INFO - Started process (PID=3718) to work on /home/airflow/.local/lib/python3.12/site-packages/airflow/example_dags/example_branch_labels.py
[2026-04-01T13:30:42.722+0000] {processor.py:830} INFO - Processing file /home/airflow/.local/lib/python3.12/site-packages/airflow/example_dags/example_branch_labels.py for tasks to queue
[2026-04-01T13:30:42.724+0000] {logging_mixin.py:188} INFO - [2026-04-01T13:30:42.724+0000] {dagbag.py:545} INFO - Filling up the DagBag from /home/airflow/.local/lib/python3.12/site-packages/airflow/example_dags/example_branch_labels.py
[2026-04-01T13:30:42.730+0000] {processor.py:840} INFO - DAG(s) 'example_branch_labels' retrieved from /home/airflow/.local/lib/python3.12/site-packages/airflow/example_dags/example_branch_labels.py
[2026-04-01T13:30:42.751+0000] {logging_mixin.py:188} INFO - [2026-04-01T13:30:42.751+0000] {dag.py:3096} INFO - Sync 1 DAGs
[2026-04-01T13:30:42.769+0000] {logging_mixin.py:188} INFO - [2026-04-01T13:30:42.769+0000] {dag.py:3954} INFO - Setting next_dagrun for example_branch_labels to 2026-03-31 00:00:00+00:00, run_after=2026-04-01 00:00:00+00:00
[2026-04-01T13:30:42.784+0000] {processor.py:183} INFO - Processing /home/airflow/.local/lib/python3.12/site-packages/airflow/example_dags/example_branch_labels.py took 0.069 seconds
[2026-04-01T13:31:13.156+0000] {processor.py:161} INFO - Started process (PID=3777) to work on /home/airflow/.local/lib/python3.12/site-packages/airflow/example_dags/example_branch_labels.py
[2026-04-01T13:31:13.157+0000] {processor.py:830} INFO - Processing file /home/airflow/.local/lib/python3.12/site-packages/airflow/example_dags/example_branch_labels.py for tasks to queue
[2026-04-01T13:31:13.158+0000] {logging_mixin.py:188} INFO - [2026-04-01T13:31:13.158+0000] {dagbag.py:545} INFO - Filling up the DagBag from /home/airflow/.local/lib/python3.12/site-packages/airflow/example_dags/example_branch_labels.py
[2026-04-01T13:31:13.164+0000] {processor.py:840} INFO - DAG(s) 'example_branch_labels' retrieved from /home/airflow/.local/lib/python3.12/site-packages/airflow/example_dags/example_branch_labels.py
[2026-04-01T13:31:13.181+0000] {logging_mixin.py:188} INFO - [2026-04-01T13:31:13.181+0000] {dag.py:3096} INFO - Sync 1 DAGs
[2026-04-01T13:31:13.199+0000] {logging_mixin.py:188} INFO - [2026-04-01T13:31:13.199+0000] {dag.py:3954} INFO - Setting next_dagrun for example_branch_labels to 2026-03-31 00:00:00+00:00, run_after=2026-04-01 00:00:00+00:00
[2026-04-01T13:31:13.218+0000] {processor.py:183} INFO - Processing /home/airflow/.local/lib/python3.12/site-packages/airflow/example_dags/example_branch_labels.py took 0.066 seconds
