[2026-04-01T12:58:51.317+0000] {processor.py:161} INFO - Started process (PID=77) to work on /home/airflow/.local/lib/python3.12/site-packages/airflow/example_dags/example_latest_only_with_trigger.py
[2026-04-01T12:58:51.319+0000] {processor.py:830} INFO - Processing file /home/airflow/.local/lib/python3.12/site-packages/airflow/example_dags/example_latest_only_with_trigger.py for tasks to queue
[2026-04-01T12:58:51.322+0000] {logging_mixin.py:188} INFO - [2026-04-01T12:58:51.322+0000] {dagbag.py:545} INFO - Filling up the DagBag from /home/airflow/.local/lib/python3.12/site-packages/airflow/example_dags/example_latest_only_with_trigger.py
[2026-04-01T12:58:51.329+0000] {processor.py:840} INFO - DAG(s) 'latest_only_with_trigger' retrieved from /home/airflow/.local/lib/python3.12/site-packages/airflow/example_dags/example_latest_only_with_trigger.py
[2026-04-01T12:58:51.344+0000] {logging_mixin.py:188} INFO - [2026-04-01T12:58:51.343+0000] {dag.py:3096} INFO - Sync 1 DAGs
[2026-04-01T12:58:51.367+0000] {logging_mixin.py:188} INFO - [2026-04-01T12:58:51.367+0000] {dag.py:3954} INFO - Setting next_dagrun for latest_only_with_trigger to 2026-04-01 08:00:00+00:00, run_after=2026-04-01 12:00:00+00:00
[2026-04-01T12:58:51.389+0000] {processor.py:183} INFO - Processing /home/airflow/.local/lib/python3.12/site-packages/airflow/example_dags/example_latest_only_with_trigger.py took 0.078 seconds
[2026-04-01T12:59:21.777+0000] {processor.py:161} INFO - Started process (PID=135) to work on /home/airflow/.local/lib/python3.12/site-packages/airflow/example_dags/example_latest_only_with_trigger.py
[2026-04-01T12:59:21.778+0000] {processor.py:830} INFO - Processing file /home/airflow/.local/lib/python3.12/site-packages/airflow/example_dags/example_latest_only_with_trigger.py for tasks to queue
[2026-04-01T12:59:21.780+0000] {logging_mixin.py:188} INFO - [2026-04-01T12:59:21.780+0000] {dagbag.py:545} INFO - Filling up the DagBag from /home/airflow/.local/lib/python3.12/site-packages/airflow/example_dags/example_latest_only_with_trigger.py
[2026-04-01T12:59:21.785+0000] {processor.py:840} INFO - DAG(s) 'latest_only_with_trigger' retrieved from /home/airflow/.local/lib/python3.12/site-packages/airflow/example_dags/example_latest_only_with_trigger.py
[2026-04-01T12:59:21.861+0000] {logging_mixin.py:188} INFO - [2026-04-01T12:59:21.861+0000] {dag.py:3096} INFO - Sync 1 DAGs
[2026-04-01T12:59:21.877+0000] {logging_mixin.py:188} INFO - [2026-04-01T12:59:21.877+0000] {dag.py:3954} INFO - Setting next_dagrun for latest_only_with_trigger to 2026-04-01 08:00:00+00:00, run_after=2026-04-01 12:00:00+00:00
[2026-04-01T12:59:21.896+0000] {processor.py:183} INFO - Processing /home/airflow/.local/lib/python3.12/site-packages/airflow/example_dags/example_latest_only_with_trigger.py took 0.122 seconds
[2026-04-01T12:59:52.089+0000] {processor.py:161} INFO - Started process (PID=193) to work on /home/airflow/.local/lib/python3.12/site-packages/airflow/example_dags/example_latest_only_with_trigger.py
[2026-04-01T12:59:52.090+0000] {processor.py:830} INFO - Processing file /home/airflow/.local/lib/python3.12/site-packages/airflow/example_dags/example_latest_only_with_trigger.py for tasks to queue
[2026-04-01T12:59:52.091+0000] {logging_mixin.py:188} INFO - [2026-04-01T12:59:52.091+0000] {dagbag.py:545} INFO - Filling up the DagBag from /home/airflow/.local/lib/python3.12/site-packages/airflow/example_dags/example_latest_only_with_trigger.py
[2026-04-01T12:59:52.095+0000] {processor.py:840} INFO - DAG(s) 'latest_only_with_trigger' retrieved from /home/airflow/.local/lib/python3.12/site-packages/airflow/example_dags/example_latest_only_with_trigger.py
[2026-04-01T12:59:52.110+0000] {logging_mixin.py:188} INFO - [2026-04-01T12:59:52.110+0000] {dag.py:3096} INFO - Sync 1 DAGs
[2026-04-01T12:59:52.131+0000] {logging_mixin.py:188} INFO - [2026-04-01T12:59:52.131+0000] {dag.py:3954} INFO - Setting next_dagrun for latest_only_with_trigger to 2026-04-01 08:00:00+00:00, run_after=2026-04-01 12:00:00+00:00
[2026-04-01T12:59:52.147+0000] {processor.py:183} INFO - Processing /home/airflow/.local/lib/python3.12/site-packages/airflow/example_dags/example_latest_only_with_trigger.py took 0.062 seconds
[2026-04-01T13:00:22.453+0000] {processor.py:161} INFO - Started process (PID=251) to work on /home/airflow/.local/lib/python3.12/site-packages/airflow/example_dags/example_latest_only_with_trigger.py
[2026-04-01T13:00:22.454+0000] {processor.py:830} INFO - Processing file /home/airflow/.local/lib/python3.12/site-packages/airflow/example_dags/example_latest_only_with_trigger.py for tasks to queue
[2026-04-01T13:00:22.456+0000] {logging_mixin.py:188} INFO - [2026-04-01T13:00:22.456+0000] {dagbag.py:545} INFO - Filling up the DagBag from /home/airflow/.local/lib/python3.12/site-packages/airflow/example_dags/example_latest_only_with_trigger.py
[2026-04-01T13:00:22.461+0000] {processor.py:840} INFO - DAG(s) 'latest_only_with_trigger' retrieved from /home/airflow/.local/lib/python3.12/site-packages/airflow/example_dags/example_latest_only_with_trigger.py
[2026-04-01T13:00:22.477+0000] {logging_mixin.py:188} INFO - [2026-04-01T13:00:22.476+0000] {dag.py:3096} INFO - Sync 1 DAGs
[2026-04-01T13:00:22.491+0000] {logging_mixin.py:188} INFO - [2026-04-01T13:00:22.491+0000] {dag.py:3954} INFO - Setting next_dagrun for latest_only_with_trigger to 2026-04-01 08:00:00+00:00, run_after=2026-04-01 12:00:00+00:00
[2026-04-01T13:00:22.508+0000] {processor.py:183} INFO - Processing /home/airflow/.local/lib/python3.12/site-packages/airflow/example_dags/example_latest_only_with_trigger.py took 0.060 seconds
[2026-04-01T13:00:52.757+0000] {processor.py:161} INFO - Started process (PID=309) to work on /home/airflow/.local/lib/python3.12/site-packages/airflow/example_dags/example_latest_only_with_trigger.py
[2026-04-01T13:00:52.758+0000] {processor.py:830} INFO - Processing file /home/airflow/.local/lib/python3.12/site-packages/airflow/example_dags/example_latest_only_with_trigger.py for tasks to queue
[2026-04-01T13:00:52.760+0000] {logging_mixin.py:188} INFO - [2026-04-01T13:00:52.759+0000] {dagbag.py:545} INFO - Filling up the DagBag from /home/airflow/.local/lib/python3.12/site-packages/airflow/example_dags/example_latest_only_with_trigger.py
[2026-04-01T13:00:52.764+0000] {processor.py:840} INFO - DAG(s) 'latest_only_with_trigger' retrieved from /home/airflow/.local/lib/python3.12/site-packages/airflow/example_dags/example_latest_only_with_trigger.py
[2026-04-01T13:00:52.778+0000] {logging_mixin.py:188} INFO - [2026-04-01T13:00:52.778+0000] {dag.py:3096} INFO - Sync 1 DAGs
[2026-04-01T13:00:52.792+0000] {logging_mixin.py:188} INFO - [2026-04-01T13:00:52.792+0000] {dag.py:3954} INFO - Setting next_dagrun for latest_only_with_trigger to 2026-04-01 08:00:00+00:00, run_after=2026-04-01 12:00:00+00:00
[2026-04-01T13:00:52.807+0000] {processor.py:183} INFO - Processing /home/airflow/.local/lib/python3.12/site-packages/airflow/example_dags/example_latest_only_with_trigger.py took 0.054 seconds
[2026-04-01T13:01:22.833+0000] {processor.py:161} INFO - Started process (PID=367) to work on /home/airflow/.local/lib/python3.12/site-packages/airflow/example_dags/example_latest_only_with_trigger.py
[2026-04-01T13:01:22.834+0000] {processor.py:830} INFO - Processing file /home/airflow/.local/lib/python3.12/site-packages/airflow/example_dags/example_latest_only_with_trigger.py for tasks to queue
[2026-04-01T13:01:22.835+0000] {logging_mixin.py:188} INFO - [2026-04-01T13:01:22.835+0000] {dagbag.py:545} INFO - Filling up the DagBag from /home/airflow/.local/lib/python3.12/site-packages/airflow/example_dags/example_latest_only_with_trigger.py
[2026-04-01T13:01:22.839+0000] {processor.py:840} INFO - DAG(s) 'latest_only_with_trigger' retrieved from /home/airflow/.local/lib/python3.12/site-packages/airflow/example_dags/example_latest_only_with_trigger.py
[2026-04-01T13:01:22.854+0000] {logging_mixin.py:188} INFO - [2026-04-01T13:01:22.854+0000] {dag.py:3096} INFO - Sync 1 DAGs
[2026-04-01T13:01:22.873+0000] {logging_mixin.py:188} INFO - [2026-04-01T13:01:22.873+0000] {dag.py:3954} INFO - Setting next_dagrun for latest_only_with_trigger to 2026-04-01 08:00:00+00:00, run_after=2026-04-01 12:00:00+00:00
[2026-04-01T13:01:22.888+0000] {processor.py:183} INFO - Processing /home/airflow/.local/lib/python3.12/site-packages/airflow/example_dags/example_latest_only_with_trigger.py took 0.060 seconds
[2026-04-01T13:01:53.087+0000] {processor.py:161} INFO - Started process (PID=425) to work on /home/airflow/.local/lib/python3.12/site-packages/airflow/example_dags/example_latest_only_with_trigger.py
[2026-04-01T13:01:53.088+0000] {processor.py:830} INFO - Processing file /home/airflow/.local/lib/python3.12/site-packages/airflow/example_dags/example_latest_only_with_trigger.py for tasks to queue
[2026-04-01T13:01:53.090+0000] {logging_mixin.py:188} INFO - [2026-04-01T13:01:53.089+0000] {dagbag.py:545} INFO - Filling up the DagBag from /home/airflow/.local/lib/python3.12/site-packages/airflow/example_dags/example_latest_only_with_trigger.py
[2026-04-01T13:01:53.094+0000] {processor.py:840} INFO - DAG(s) 'latest_only_with_trigger' retrieved from /home/airflow/.local/lib/python3.12/site-packages/airflow/example_dags/example_latest_only_with_trigger.py
[2026-04-01T13:01:53.112+0000] {logging_mixin.py:188} INFO - [2026-04-01T13:01:53.111+0000] {dag.py:3096} INFO - Sync 1 DAGs
[2026-04-01T13:01:53.127+0000] {logging_mixin.py:188} INFO - [2026-04-01T13:01:53.126+0000] {dag.py:3954} INFO - Setting next_dagrun for latest_only_with_trigger to 2026-04-01 08:00:00+00:00, run_after=2026-04-01 12:00:00+00:00
[2026-04-01T13:01:53.144+0000] {processor.py:183} INFO - Processing /home/airflow/.local/lib/python3.12/site-packages/airflow/example_dags/example_latest_only_with_trigger.py took 0.062 seconds
[2026-04-01T13:02:23.284+0000] {processor.py:161} INFO - Started process (PID=483) to work on /home/airflow/.local/lib/python3.12/site-packages/airflow/example_dags/example_latest_only_with_trigger.py
[2026-04-01T13:02:23.284+0000] {processor.py:830} INFO - Processing file /home/airflow/.local/lib/python3.12/site-packages/airflow/example_dags/example_latest_only_with_trigger.py for tasks to queue
[2026-04-01T13:02:23.286+0000] {logging_mixin.py:188} INFO - [2026-04-01T13:02:23.286+0000] {dagbag.py:545} INFO - Filling up the DagBag from /home/airflow/.local/lib/python3.12/site-packages/airflow/example_dags/example_latest_only_with_trigger.py
[2026-04-01T13:02:23.290+0000] {processor.py:840} INFO - DAG(s) 'latest_only_with_trigger' retrieved from /home/airflow/.local/lib/python3.12/site-packages/airflow/example_dags/example_latest_only_with_trigger.py
[2026-04-01T13:02:23.304+0000] {logging_mixin.py:188} INFO - [2026-04-01T13:02:23.304+0000] {dag.py:3096} INFO - Sync 1 DAGs
[2026-04-01T13:02:23.319+0000] {logging_mixin.py:188} INFO - [2026-04-01T13:02:23.319+0000] {dag.py:3954} INFO - Setting next_dagrun for latest_only_with_trigger to 2026-04-01 08:00:00+00:00, run_after=2026-04-01 12:00:00+00:00
[2026-04-01T13:02:23.335+0000] {processor.py:183} INFO - Processing /home/airflow/.local/lib/python3.12/site-packages/airflow/example_dags/example_latest_only_with_trigger.py took 0.055 seconds
[2026-04-01T13:02:53.466+0000] {processor.py:161} INFO - Started process (PID=541) to work on /home/airflow/.local/lib/python3.12/site-packages/airflow/example_dags/example_latest_only_with_trigger.py
[2026-04-01T13:02:53.467+0000] {processor.py:830} INFO - Processing file /home/airflow/.local/lib/python3.12/site-packages/airflow/example_dags/example_latest_only_with_trigger.py for tasks to queue
[2026-04-01T13:02:53.468+0000] {logging_mixin.py:188} INFO - [2026-04-01T13:02:53.468+0000] {dagbag.py:545} INFO - Filling up the DagBag from /home/airflow/.local/lib/python3.12/site-packages/airflow/example_dags/example_latest_only_with_trigger.py
[2026-04-01T13:02:53.474+0000] {processor.py:840} INFO - DAG(s) 'latest_only_with_trigger' retrieved from /home/airflow/.local/lib/python3.12/site-packages/airflow/example_dags/example_latest_only_with_trigger.py
[2026-04-01T13:02:53.488+0000] {logging_mixin.py:188} INFO - [2026-04-01T13:02:53.488+0000] {dag.py:3096} INFO - Sync 1 DAGs
[2026-04-01T13:02:53.503+0000] {logging_mixin.py:188} INFO - [2026-04-01T13:02:53.503+0000] {dag.py:3954} INFO - Setting next_dagrun for latest_only_with_trigger to 2026-04-01 08:00:00+00:00, run_after=2026-04-01 12:00:00+00:00
[2026-04-01T13:02:53.519+0000] {processor.py:183} INFO - Processing /home/airflow/.local/lib/python3.12/site-packages/airflow/example_dags/example_latest_only_with_trigger.py took 0.057 seconds
[2026-04-01T13:03:23.671+0000] {processor.py:161} INFO - Started process (PID=599) to work on /home/airflow/.local/lib/python3.12/site-packages/airflow/example_dags/example_latest_only_with_trigger.py
[2026-04-01T13:03:23.672+0000] {processor.py:830} INFO - Processing file /home/airflow/.local/lib/python3.12/site-packages/airflow/example_dags/example_latest_only_with_trigger.py for tasks to queue
[2026-04-01T13:03:23.674+0000] {logging_mixin.py:188} INFO - [2026-04-01T13:03:23.673+0000] {dagbag.py:545} INFO - Filling up the DagBag from /home/airflow/.local/lib/python3.12/site-packages/airflow/example_dags/example_latest_only_with_trigger.py
[2026-04-01T13:03:23.679+0000] {processor.py:840} INFO - DAG(s) 'latest_only_with_trigger' retrieved from /home/airflow/.local/lib/python3.12/site-packages/airflow/example_dags/example_latest_only_with_trigger.py
[2026-04-01T13:03:23.696+0000] {logging_mixin.py:188} INFO - [2026-04-01T13:03:23.696+0000] {dag.py:3096} INFO - Sync 1 DAGs
[2026-04-01T13:03:23.710+0000] {logging_mixin.py:188} INFO - [2026-04-01T13:03:23.710+0000] {dag.py:3954} INFO - Setting next_dagrun for latest_only_with_trigger to 2026-04-01 08:00:00+00:00, run_after=2026-04-01 12:00:00+00:00
[2026-04-01T13:03:23.725+0000] {processor.py:183} INFO - Processing /home/airflow/.local/lib/python3.12/site-packages/airflow/example_dags/example_latest_only_with_trigger.py took 0.058 seconds
[2026-04-01T13:03:53.958+0000] {processor.py:161} INFO - Started process (PID=657) to work on /home/airflow/.local/lib/python3.12/site-packages/airflow/example_dags/example_latest_only_with_trigger.py
[2026-04-01T13:03:53.959+0000] {processor.py:830} INFO - Processing file /home/airflow/.local/lib/python3.12/site-packages/airflow/example_dags/example_latest_only_with_trigger.py for tasks to queue
[2026-04-01T13:03:53.960+0000] {logging_mixin.py:188} INFO - [2026-04-01T13:03:53.960+0000] {dagbag.py:545} INFO - Filling up the DagBag from /home/airflow/.local/lib/python3.12/site-packages/airflow/example_dags/example_latest_only_with_trigger.py
[2026-04-01T13:03:53.965+0000] {processor.py:840} INFO - DAG(s) 'latest_only_with_trigger' retrieved from /home/airflow/.local/lib/python3.12/site-packages/airflow/example_dags/example_latest_only_with_trigger.py
[2026-04-01T13:03:53.978+0000] {logging_mixin.py:188} INFO - [2026-04-01T13:03:53.978+0000] {dag.py:3096} INFO - Sync 1 DAGs
[2026-04-01T13:03:53.993+0000] {logging_mixin.py:188} INFO - [2026-04-01T13:03:53.993+0000] {dag.py:3954} INFO - Setting next_dagrun for latest_only_with_trigger to 2026-04-01 08:00:00+00:00, run_after=2026-04-01 12:00:00+00:00
[2026-04-01T13:03:54.009+0000] {processor.py:183} INFO - Processing /home/airflow/.local/lib/python3.12/site-packages/airflow/example_dags/example_latest_only_with_trigger.py took 0.055 seconds
[2026-04-01T13:04:24.332+0000] {processor.py:161} INFO - Started process (PID=715) to work on /home/airflow/.local/lib/python3.12/site-packages/airflow/example_dags/example_latest_only_with_trigger.py
[2026-04-01T13:04:24.333+0000] {processor.py:830} INFO - Processing file /home/airflow/.local/lib/python3.12/site-packages/airflow/example_dags/example_latest_only_with_trigger.py for tasks to queue
[2026-04-01T13:04:24.335+0000] {logging_mixin.py:188} INFO - [2026-04-01T13:04:24.335+0000] {dagbag.py:545} INFO - Filling up the DagBag from /home/airflow/.local/lib/python3.12/site-packages/airflow/example_dags/example_latest_only_with_trigger.py
[2026-04-01T13:04:24.339+0000] {processor.py:840} INFO - DAG(s) 'latest_only_with_trigger' retrieved from /home/airflow/.local/lib/python3.12/site-packages/airflow/example_dags/example_latest_only_with_trigger.py
[2026-04-01T13:04:24.354+0000] {logging_mixin.py:188} INFO - [2026-04-01T13:04:24.354+0000] {dag.py:3096} INFO - Sync 1 DAGs
[2026-04-01T13:04:24.369+0000] {logging_mixin.py:188} INFO - [2026-04-01T13:04:24.369+0000] {dag.py:3954} INFO - Setting next_dagrun for latest_only_with_trigger to 2026-04-01 08:00:00+00:00, run_after=2026-04-01 12:00:00+00:00
[2026-04-01T13:04:24.392+0000] {processor.py:183} INFO - Processing /home/airflow/.local/lib/python3.12/site-packages/airflow/example_dags/example_latest_only_with_trigger.py took 0.065 seconds
[2026-04-01T13:04:54.517+0000] {processor.py:161} INFO - Started process (PID=773) to work on /home/airflow/.local/lib/python3.12/site-packages/airflow/example_dags/example_latest_only_with_trigger.py
[2026-04-01T13:04:54.517+0000] {processor.py:830} INFO - Processing file /home/airflow/.local/lib/python3.12/site-packages/airflow/example_dags/example_latest_only_with_trigger.py for tasks to queue
[2026-04-01T13:04:54.519+0000] {logging_mixin.py:188} INFO - [2026-04-01T13:04:54.519+0000] {dagbag.py:545} INFO - Filling up the DagBag from /home/airflow/.local/lib/python3.12/site-packages/airflow/example_dags/example_latest_only_with_trigger.py
[2026-04-01T13:04:54.524+0000] {processor.py:840} INFO - DAG(s) 'latest_only_with_trigger' retrieved from /home/airflow/.local/lib/python3.12/site-packages/airflow/example_dags/example_latest_only_with_trigger.py
[2026-04-01T13:04:54.542+0000] {logging_mixin.py:188} INFO - [2026-04-01T13:04:54.541+0000] {dag.py:3096} INFO - Sync 1 DAGs
[2026-04-01T13:04:54.557+0000] {logging_mixin.py:188} INFO - [2026-04-01T13:04:54.557+0000] {dag.py:3954} INFO - Setting next_dagrun for latest_only_with_trigger to 2026-04-01 08:00:00+00:00, run_after=2026-04-01 12:00:00+00:00
[2026-04-01T13:04:54.573+0000] {processor.py:183} INFO - Processing /home/airflow/.local/lib/python3.12/site-packages/airflow/example_dags/example_latest_only_with_trigger.py took 0.061 seconds
[2026-04-01T13:05:24.698+0000] {processor.py:161} INFO - Started process (PID=831) to work on /home/airflow/.local/lib/python3.12/site-packages/airflow/example_dags/example_latest_only_with_trigger.py
[2026-04-01T13:05:24.699+0000] {processor.py:830} INFO - Processing file /home/airflow/.local/lib/python3.12/site-packages/airflow/example_dags/example_latest_only_with_trigger.py for tasks to queue
[2026-04-01T13:05:24.700+0000] {logging_mixin.py:188} INFO - [2026-04-01T13:05:24.700+0000] {dagbag.py:545} INFO - Filling up the DagBag from /home/airflow/.local/lib/python3.12/site-packages/airflow/example_dags/example_latest_only_with_trigger.py
[2026-04-01T13:05:24.705+0000] {processor.py:840} INFO - DAG(s) 'latest_only_with_trigger' retrieved from /home/airflow/.local/lib/python3.12/site-packages/airflow/example_dags/example_latest_only_with_trigger.py
[2026-04-01T13:05:24.720+0000] {logging_mixin.py:188} INFO - [2026-04-01T13:05:24.720+0000] {dag.py:3096} INFO - Sync 1 DAGs
[2026-04-01T13:05:24.736+0000] {logging_mixin.py:188} INFO - [2026-04-01T13:05:24.736+0000] {dag.py:3954} INFO - Setting next_dagrun for latest_only_with_trigger to 2026-04-01 08:00:00+00:00, run_after=2026-04-01 12:00:00+00:00
[2026-04-01T13:05:24.750+0000] {processor.py:183} INFO - Processing /home/airflow/.local/lib/python3.12/site-packages/airflow/example_dags/example_latest_only_with_trigger.py took 0.057 seconds
[2026-04-01T13:05:54.822+0000] {processor.py:161} INFO - Started process (PID=889) to work on /home/airflow/.local/lib/python3.12/site-packages/airflow/example_dags/example_latest_only_with_trigger.py
[2026-04-01T13:05:54.823+0000] {processor.py:830} INFO - Processing file /home/airflow/.local/lib/python3.12/site-packages/airflow/example_dags/example_latest_only_with_trigger.py for tasks to queue
[2026-04-01T13:05:54.825+0000] {logging_mixin.py:188} INFO - [2026-04-01T13:05:54.825+0000] {dagbag.py:545} INFO - Filling up the DagBag from /home/airflow/.local/lib/python3.12/site-packages/airflow/example_dags/example_latest_only_with_trigger.py
[2026-04-01T13:05:54.829+0000] {processor.py:840} INFO - DAG(s) 'latest_only_with_trigger' retrieved from /home/airflow/.local/lib/python3.12/site-packages/airflow/example_dags/example_latest_only_with_trigger.py
[2026-04-01T13:05:54.844+0000] {logging_mixin.py:188} INFO - [2026-04-01T13:05:54.843+0000] {dag.py:3096} INFO - Sync 1 DAGs
[2026-04-01T13:05:54.859+0000] {logging_mixin.py:188} INFO - [2026-04-01T13:05:54.859+0000] {dag.py:3954} INFO - Setting next_dagrun for latest_only_with_trigger to 2026-04-01 08:00:00+00:00, run_after=2026-04-01 12:00:00+00:00
[2026-04-01T13:05:54.875+0000] {processor.py:183} INFO - Processing /home/airflow/.local/lib/python3.12/site-packages/airflow/example_dags/example_latest_only_with_trigger.py took 0.057 seconds
[2026-04-01T13:06:25.160+0000] {processor.py:161} INFO - Started process (PID=947) to work on /home/airflow/.local/lib/python3.12/site-packages/airflow/example_dags/example_latest_only_with_trigger.py
[2026-04-01T13:06:25.161+0000] {processor.py:830} INFO - Processing file /home/airflow/.local/lib/python3.12/site-packages/airflow/example_dags/example_latest_only_with_trigger.py for tasks to queue
[2026-04-01T13:06:25.162+0000] {logging_mixin.py:188} INFO - [2026-04-01T13:06:25.162+0000] {dagbag.py:545} INFO - Filling up the DagBag from /home/airflow/.local/lib/python3.12/site-packages/airflow/example_dags/example_latest_only_with_trigger.py
[2026-04-01T13:06:25.167+0000] {processor.py:840} INFO - DAG(s) 'latest_only_with_trigger' retrieved from /home/airflow/.local/lib/python3.12/site-packages/airflow/example_dags/example_latest_only_with_trigger.py
[2026-04-01T13:06:25.182+0000] {logging_mixin.py:188} INFO - [2026-04-01T13:06:25.182+0000] {dag.py:3096} INFO - Sync 1 DAGs
[2026-04-01T13:06:25.200+0000] {logging_mixin.py:188} INFO - [2026-04-01T13:06:25.199+0000] {dag.py:3954} INFO - Setting next_dagrun for latest_only_with_trigger to 2026-04-01 08:00:00+00:00, run_after=2026-04-01 12:00:00+00:00
[2026-04-01T13:06:25.215+0000] {processor.py:183} INFO - Processing /home/airflow/.local/lib/python3.12/site-packages/airflow/example_dags/example_latest_only_with_trigger.py took 0.059 seconds
[2026-04-01T13:06:55.490+0000] {processor.py:161} INFO - Started process (PID=1005) to work on /home/airflow/.local/lib/python3.12/site-packages/airflow/example_dags/example_latest_only_with_trigger.py
[2026-04-01T13:06:55.491+0000] {processor.py:830} INFO - Processing file /home/airflow/.local/lib/python3.12/site-packages/airflow/example_dags/example_latest_only_with_trigger.py for tasks to queue
[2026-04-01T13:06:55.492+0000] {logging_mixin.py:188} INFO - [2026-04-01T13:06:55.492+0000] {dagbag.py:545} INFO - Filling up the DagBag from /home/airflow/.local/lib/python3.12/site-packages/airflow/example_dags/example_latest_only_with_trigger.py
[2026-04-01T13:06:55.496+0000] {processor.py:840} INFO - DAG(s) 'latest_only_with_trigger' retrieved from /home/airflow/.local/lib/python3.12/site-packages/airflow/example_dags/example_latest_only_with_trigger.py
[2026-04-01T13:06:55.513+0000] {logging_mixin.py:188} INFO - [2026-04-01T13:06:55.513+0000] {dag.py:3096} INFO - Sync 1 DAGs
[2026-04-01T13:06:55.530+0000] {logging_mixin.py:188} INFO - [2026-04-01T13:06:55.530+0000] {dag.py:3954} INFO - Setting next_dagrun for latest_only_with_trigger to 2026-04-01 08:00:00+00:00, run_after=2026-04-01 12:00:00+00:00
[2026-04-01T13:06:55.548+0000] {processor.py:183} INFO - Processing /home/airflow/.local/lib/python3.12/site-packages/airflow/example_dags/example_latest_only_with_trigger.py took 0.064 seconds
[2026-04-01T13:07:25.785+0000] {processor.py:161} INFO - Started process (PID=1063) to work on /home/airflow/.local/lib/python3.12/site-packages/airflow/example_dags/example_latest_only_with_trigger.py
[2026-04-01T13:07:25.785+0000] {processor.py:830} INFO - Processing file /home/airflow/.local/lib/python3.12/site-packages/airflow/example_dags/example_latest_only_with_trigger.py for tasks to queue
[2026-04-01T13:07:25.787+0000] {logging_mixin.py:188} INFO - [2026-04-01T13:07:25.787+0000] {dagbag.py:545} INFO - Filling up the DagBag from /home/airflow/.local/lib/python3.12/site-packages/airflow/example_dags/example_latest_only_with_trigger.py
[2026-04-01T13:07:25.791+0000] {processor.py:840} INFO - DAG(s) 'latest_only_with_trigger' retrieved from /home/airflow/.local/lib/python3.12/site-packages/airflow/example_dags/example_latest_only_with_trigger.py
[2026-04-01T13:07:25.808+0000] {logging_mixin.py:188} INFO - [2026-04-01T13:07:25.808+0000] {dag.py:3096} INFO - Sync 1 DAGs
[2026-04-01T13:07:25.825+0000] {logging_mixin.py:188} INFO - [2026-04-01T13:07:25.825+0000] {dag.py:3954} INFO - Setting next_dagrun for latest_only_with_trigger to 2026-04-01 08:00:00+00:00, run_after=2026-04-01 12:00:00+00:00
[2026-04-01T13:07:25.840+0000] {processor.py:183} INFO - Processing /home/airflow/.local/lib/python3.12/site-packages/airflow/example_dags/example_latest_only_with_trigger.py took 0.060 seconds
[2026-04-01T13:07:55.877+0000] {processor.py:161} INFO - Started process (PID=1121) to work on /home/airflow/.local/lib/python3.12/site-packages/airflow/example_dags/example_latest_only_with_trigger.py
[2026-04-01T13:07:55.878+0000] {processor.py:830} INFO - Processing file /home/airflow/.local/lib/python3.12/site-packages/airflow/example_dags/example_latest_only_with_trigger.py for tasks to queue
[2026-04-01T13:07:55.880+0000] {logging_mixin.py:188} INFO - [2026-04-01T13:07:55.879+0000] {dagbag.py:545} INFO - Filling up the DagBag from /home/airflow/.local/lib/python3.12/site-packages/airflow/example_dags/example_latest_only_with_trigger.py
[2026-04-01T13:07:55.885+0000] {processor.py:840} INFO - DAG(s) 'latest_only_with_trigger' retrieved from /home/airflow/.local/lib/python3.12/site-packages/airflow/example_dags/example_latest_only_with_trigger.py
[2026-04-01T13:07:55.901+0000] {logging_mixin.py:188} INFO - [2026-04-01T13:07:55.901+0000] {dag.py:3096} INFO - Sync 1 DAGs
[2026-04-01T13:07:55.916+0000] {logging_mixin.py:188} INFO - [2026-04-01T13:07:55.916+0000] {dag.py:3954} INFO - Setting next_dagrun for latest_only_with_trigger to 2026-04-01 08:00:00+00:00, run_after=2026-04-01 12:00:00+00:00
[2026-04-01T13:07:55.931+0000] {processor.py:183} INFO - Processing /home/airflow/.local/lib/python3.12/site-packages/airflow/example_dags/example_latest_only_with_trigger.py took 0.058 seconds
[2026-04-01T13:08:26.077+0000] {processor.py:161} INFO - Started process (PID=1179) to work on /home/airflow/.local/lib/python3.12/site-packages/airflow/example_dags/example_latest_only_with_trigger.py
[2026-04-01T13:08:26.078+0000] {processor.py:830} INFO - Processing file /home/airflow/.local/lib/python3.12/site-packages/airflow/example_dags/example_latest_only_with_trigger.py for tasks to queue
[2026-04-01T13:08:26.079+0000] {logging_mixin.py:188} INFO - [2026-04-01T13:08:26.079+0000] {dagbag.py:545} INFO - Filling up the DagBag from /home/airflow/.local/lib/python3.12/site-packages/airflow/example_dags/example_latest_only_with_trigger.py
[2026-04-01T13:08:26.083+0000] {processor.py:840} INFO - DAG(s) 'latest_only_with_trigger' retrieved from /home/airflow/.local/lib/python3.12/site-packages/airflow/example_dags/example_latest_only_with_trigger.py
[2026-04-01T13:08:26.098+0000] {logging_mixin.py:188} INFO - [2026-04-01T13:08:26.098+0000] {dag.py:3096} INFO - Sync 1 DAGs
[2026-04-01T13:08:26.114+0000] {logging_mixin.py:188} INFO - [2026-04-01T13:08:26.113+0000] {dag.py:3954} INFO - Setting next_dagrun for latest_only_with_trigger to 2026-04-01 08:00:00+00:00, run_after=2026-04-01 12:00:00+00:00
[2026-04-01T13:08:26.128+0000] {processor.py:183} INFO - Processing /home/airflow/.local/lib/python3.12/site-packages/airflow/example_dags/example_latest_only_with_trigger.py took 0.056 seconds
[2026-04-01T13:08:56.503+0000] {processor.py:161} INFO - Started process (PID=1237) to work on /home/airflow/.local/lib/python3.12/site-packages/airflow/example_dags/example_latest_only_with_trigger.py
[2026-04-01T13:08:56.504+0000] {processor.py:830} INFO - Processing file /home/airflow/.local/lib/python3.12/site-packages/airflow/example_dags/example_latest_only_with_trigger.py for tasks to queue
[2026-04-01T13:08:56.508+0000] {logging_mixin.py:188} INFO - [2026-04-01T13:08:56.508+0000] {dagbag.py:545} INFO - Filling up the DagBag from /home/airflow/.local/lib/python3.12/site-packages/airflow/example_dags/example_latest_only_with_trigger.py
[2026-04-01T13:08:56.516+0000] {processor.py:840} INFO - DAG(s) 'latest_only_with_trigger' retrieved from /home/airflow/.local/lib/python3.12/site-packages/airflow/example_dags/example_latest_only_with_trigger.py
[2026-04-01T13:08:56.532+0000] {logging_mixin.py:188} INFO - [2026-04-01T13:08:56.532+0000] {dag.py:3096} INFO - Sync 1 DAGs
[2026-04-01T13:08:56.550+0000] {logging_mixin.py:188} INFO - [2026-04-01T13:08:56.550+0000] {dag.py:3954} INFO - Setting next_dagrun for latest_only_with_trigger to 2026-04-01 08:00:00+00:00, run_after=2026-04-01 12:00:00+00:00
[2026-04-01T13:08:56.566+0000] {processor.py:183} INFO - Processing /home/airflow/.local/lib/python3.12/site-packages/airflow/example_dags/example_latest_only_with_trigger.py took 0.068 seconds
[2026-04-01T13:09:26.814+0000] {processor.py:161} INFO - Started process (PID=1294) to work on /home/airflow/.local/lib/python3.12/site-packages/airflow/example_dags/example_latest_only_with_trigger.py
[2026-04-01T13:09:26.815+0000] {processor.py:830} INFO - Processing file /home/airflow/.local/lib/python3.12/site-packages/airflow/example_dags/example_latest_only_with_trigger.py for tasks to queue
[2026-04-01T13:09:26.816+0000] {logging_mixin.py:188} INFO - [2026-04-01T13:09:26.816+0000] {dagbag.py:545} INFO - Filling up the DagBag from /home/airflow/.local/lib/python3.12/site-packages/airflow/example_dags/example_latest_only_with_trigger.py
[2026-04-01T13:09:26.821+0000] {processor.py:840} INFO - DAG(s) 'latest_only_with_trigger' retrieved from /home/airflow/.local/lib/python3.12/site-packages/airflow/example_dags/example_latest_only_with_trigger.py
[2026-04-01T13:09:26.837+0000] {logging_mixin.py:188} INFO - [2026-04-01T13:09:26.836+0000] {dag.py:3096} INFO - Sync 1 DAGs
[2026-04-01T13:09:26.854+0000] {logging_mixin.py:188} INFO - [2026-04-01T13:09:26.854+0000] {dag.py:3954} INFO - Setting next_dagrun for latest_only_with_trigger to 2026-04-01 08:00:00+00:00, run_after=2026-04-01 12:00:00+00:00
[2026-04-01T13:09:26.870+0000] {processor.py:183} INFO - Processing /home/airflow/.local/lib/python3.12/site-packages/airflow/example_dags/example_latest_only_with_trigger.py took 0.062 seconds
[2026-04-01T13:09:57.266+0000] {processor.py:161} INFO - Started process (PID=1352) to work on /home/airflow/.local/lib/python3.12/site-packages/airflow/example_dags/example_latest_only_with_trigger.py
[2026-04-01T13:09:57.267+0000] {processor.py:830} INFO - Processing file /home/airflow/.local/lib/python3.12/site-packages/airflow/example_dags/example_latest_only_with_trigger.py for tasks to queue
[2026-04-01T13:09:57.268+0000] {logging_mixin.py:188} INFO - [2026-04-01T13:09:57.268+0000] {dagbag.py:545} INFO - Filling up the DagBag from /home/airflow/.local/lib/python3.12/site-packages/airflow/example_dags/example_latest_only_with_trigger.py
[2026-04-01T13:09:57.273+0000] {processor.py:840} INFO - DAG(s) 'latest_only_with_trigger' retrieved from /home/airflow/.local/lib/python3.12/site-packages/airflow/example_dags/example_latest_only_with_trigger.py
[2026-04-01T13:09:57.290+0000] {logging_mixin.py:188} INFO - [2026-04-01T13:09:57.290+0000] {dag.py:3096} INFO - Sync 1 DAGs
[2026-04-01T13:09:57.308+0000] {logging_mixin.py:188} INFO - [2026-04-01T13:09:57.308+0000] {dag.py:3954} INFO - Setting next_dagrun for latest_only_with_trigger to 2026-04-01 08:00:00+00:00, run_after=2026-04-01 12:00:00+00:00
[2026-04-01T13:09:57.324+0000] {processor.py:183} INFO - Processing /home/airflow/.local/lib/python3.12/site-packages/airflow/example_dags/example_latest_only_with_trigger.py took 0.063 seconds
[2026-04-01T13:10:27.413+0000] {processor.py:161} INFO - Started process (PID=1410) to work on /home/airflow/.local/lib/python3.12/site-packages/airflow/example_dags/example_latest_only_with_trigger.py
[2026-04-01T13:10:27.414+0000] {processor.py:830} INFO - Processing file /home/airflow/.local/lib/python3.12/site-packages/airflow/example_dags/example_latest_only_with_trigger.py for tasks to queue
[2026-04-01T13:10:27.416+0000] {logging_mixin.py:188} INFO - [2026-04-01T13:10:27.415+0000] {dagbag.py:545} INFO - Filling up the DagBag from /home/airflow/.local/lib/python3.12/site-packages/airflow/example_dags/example_latest_only_with_trigger.py
[2026-04-01T13:10:27.420+0000] {processor.py:840} INFO - DAG(s) 'latest_only_with_trigger' retrieved from /home/airflow/.local/lib/python3.12/site-packages/airflow/example_dags/example_latest_only_with_trigger.py
[2026-04-01T13:10:27.435+0000] {logging_mixin.py:188} INFO - [2026-04-01T13:10:27.435+0000] {dag.py:3096} INFO - Sync 1 DAGs
[2026-04-01T13:10:27.450+0000] {logging_mixin.py:188} INFO - [2026-04-01T13:10:27.450+0000] {dag.py:3954} INFO - Setting next_dagrun for latest_only_with_trigger to 2026-04-01 08:00:00+00:00, run_after=2026-04-01 12:00:00+00:00
[2026-04-01T13:10:27.465+0000] {processor.py:183} INFO - Processing /home/airflow/.local/lib/python3.12/site-packages/airflow/example_dags/example_latest_only_with_trigger.py took 0.057 seconds
[2026-04-01T13:10:58.027+0000] {processor.py:161} INFO - Started process (PID=1468) to work on /home/airflow/.local/lib/python3.12/site-packages/airflow/example_dags/example_latest_only_with_trigger.py
[2026-04-01T13:10:58.028+0000] {processor.py:830} INFO - Processing file /home/airflow/.local/lib/python3.12/site-packages/airflow/example_dags/example_latest_only_with_trigger.py for tasks to queue
[2026-04-01T13:10:58.030+0000] {logging_mixin.py:188} INFO - [2026-04-01T13:10:58.029+0000] {dagbag.py:545} INFO - Filling up the DagBag from /home/airflow/.local/lib/python3.12/site-packages/airflow/example_dags/example_latest_only_with_trigger.py
[2026-04-01T13:10:58.035+0000] {processor.py:840} INFO - DAG(s) 'latest_only_with_trigger' retrieved from /home/airflow/.local/lib/python3.12/site-packages/airflow/example_dags/example_latest_only_with_trigger.py
[2026-04-01T13:10:58.054+0000] {logging_mixin.py:188} INFO - [2026-04-01T13:10:58.053+0000] {dag.py:3096} INFO - Sync 1 DAGs
[2026-04-01T13:10:58.070+0000] {logging_mixin.py:188} INFO - [2026-04-01T13:10:58.070+0000] {dag.py:3954} INFO - Setting next_dagrun for latest_only_with_trigger to 2026-04-01 08:00:00+00:00, run_after=2026-04-01 12:00:00+00:00
[2026-04-01T13:10:58.089+0000] {processor.py:183} INFO - Processing /home/airflow/.local/lib/python3.12/site-packages/airflow/example_dags/example_latest_only_with_trigger.py took 0.066 seconds
[2026-04-01T13:11:28.315+0000] {processor.py:161} INFO - Started process (PID=1526) to work on /home/airflow/.local/lib/python3.12/site-packages/airflow/example_dags/example_latest_only_with_trigger.py
[2026-04-01T13:11:28.316+0000] {processor.py:830} INFO - Processing file /home/airflow/.local/lib/python3.12/site-packages/airflow/example_dags/example_latest_only_with_trigger.py for tasks to queue
[2026-04-01T13:11:28.317+0000] {logging_mixin.py:188} INFO - [2026-04-01T13:11:28.317+0000] {dagbag.py:545} INFO - Filling up the DagBag from /home/airflow/.local/lib/python3.12/site-packages/airflow/example_dags/example_latest_only_with_trigger.py
[2026-04-01T13:11:28.322+0000] {processor.py:840} INFO - DAG(s) 'latest_only_with_trigger' retrieved from /home/airflow/.local/lib/python3.12/site-packages/airflow/example_dags/example_latest_only_with_trigger.py
[2026-04-01T13:11:28.337+0000] {logging_mixin.py:188} INFO - [2026-04-01T13:11:28.336+0000] {dag.py:3096} INFO - Sync 1 DAGs
[2026-04-01T13:11:28.353+0000] {logging_mixin.py:188} INFO - [2026-04-01T13:11:28.353+0000] {dag.py:3954} INFO - Setting next_dagrun for latest_only_with_trigger to 2026-04-01 08:00:00+00:00, run_after=2026-04-01 12:00:00+00:00
[2026-04-01T13:11:28.371+0000] {processor.py:183} INFO - Processing /home/airflow/.local/lib/python3.12/site-packages/airflow/example_dags/example_latest_only_with_trigger.py took 0.060 seconds
[2026-04-01T13:11:58.851+0000] {processor.py:161} INFO - Started process (PID=1584) to work on /home/airflow/.local/lib/python3.12/site-packages/airflow/example_dags/example_latest_only_with_trigger.py
[2026-04-01T13:11:58.852+0000] {processor.py:830} INFO - Processing file /home/airflow/.local/lib/python3.12/site-packages/airflow/example_dags/example_latest_only_with_trigger.py for tasks to queue
[2026-04-01T13:11:58.854+0000] {logging_mixin.py:188} INFO - [2026-04-01T13:11:58.854+0000] {dagbag.py:545} INFO - Filling up the DagBag from /home/airflow/.local/lib/python3.12/site-packages/airflow/example_dags/example_latest_only_with_trigger.py
[2026-04-01T13:11:58.859+0000] {processor.py:840} INFO - DAG(s) 'latest_only_with_trigger' retrieved from /home/airflow/.local/lib/python3.12/site-packages/airflow/example_dags/example_latest_only_with_trigger.py
[2026-04-01T13:11:58.874+0000] {logging_mixin.py:188} INFO - [2026-04-01T13:11:58.874+0000] {dag.py:3096} INFO - Sync 1 DAGs
[2026-04-01T13:11:58.889+0000] {logging_mixin.py:188} INFO - [2026-04-01T13:11:58.889+0000] {dag.py:3954} INFO - Setting next_dagrun for latest_only_with_trigger to 2026-04-01 08:00:00+00:00, run_after=2026-04-01 12:00:00+00:00
[2026-04-01T13:11:58.903+0000] {processor.py:183} INFO - Processing /home/airflow/.local/lib/python3.12/site-packages/airflow/example_dags/example_latest_only_with_trigger.py took 0.057 seconds
[2026-04-01T13:12:29.163+0000] {processor.py:161} INFO - Started process (PID=1642) to work on /home/airflow/.local/lib/python3.12/site-packages/airflow/example_dags/example_latest_only_with_trigger.py
[2026-04-01T13:12:29.164+0000] {processor.py:830} INFO - Processing file /home/airflow/.local/lib/python3.12/site-packages/airflow/example_dags/example_latest_only_with_trigger.py for tasks to queue
[2026-04-01T13:12:29.166+0000] {logging_mixin.py:188} INFO - [2026-04-01T13:12:29.165+0000] {dagbag.py:545} INFO - Filling up the DagBag from /home/airflow/.local/lib/python3.12/site-packages/airflow/example_dags/example_latest_only_with_trigger.py
[2026-04-01T13:12:29.171+0000] {processor.py:840} INFO - DAG(s) 'latest_only_with_trigger' retrieved from /home/airflow/.local/lib/python3.12/site-packages/airflow/example_dags/example_latest_only_with_trigger.py
[2026-04-01T13:12:29.186+0000] {logging_mixin.py:188} INFO - [2026-04-01T13:12:29.186+0000] {dag.py:3096} INFO - Sync 1 DAGs
[2026-04-01T13:12:29.204+0000] {logging_mixin.py:188} INFO - [2026-04-01T13:12:29.204+0000] {dag.py:3954} INFO - Setting next_dagrun for latest_only_with_trigger to 2026-04-01 08:00:00+00:00, run_after=2026-04-01 12:00:00+00:00
[2026-04-01T13:12:29.220+0000] {processor.py:183} INFO - Processing /home/airflow/.local/lib/python3.12/site-packages/airflow/example_dags/example_latest_only_with_trigger.py took 0.062 seconds
[2026-04-01T13:12:59.423+0000] {processor.py:161} INFO - Started process (PID=1700) to work on /home/airflow/.local/lib/python3.12/site-packages/airflow/example_dags/example_latest_only_with_trigger.py
[2026-04-01T13:12:59.424+0000] {processor.py:830} INFO - Processing file /home/airflow/.local/lib/python3.12/site-packages/airflow/example_dags/example_latest_only_with_trigger.py for tasks to queue
[2026-04-01T13:12:59.426+0000] {logging_mixin.py:188} INFO - [2026-04-01T13:12:59.426+0000] {dagbag.py:545} INFO - Filling up the DagBag from /home/airflow/.local/lib/python3.12/site-packages/airflow/example_dags/example_latest_only_with_trigger.py
[2026-04-01T13:12:59.433+0000] {processor.py:840} INFO - DAG(s) 'latest_only_with_trigger' retrieved from /home/airflow/.local/lib/python3.12/site-packages/airflow/example_dags/example_latest_only_with_trigger.py
[2026-04-01T13:12:59.449+0000] {logging_mixin.py:188} INFO - [2026-04-01T13:12:59.449+0000] {dag.py:3096} INFO - Sync 1 DAGs
[2026-04-01T13:12:59.467+0000] {logging_mixin.py:188} INFO - [2026-04-01T13:12:59.467+0000] {dag.py:3954} INFO - Setting next_dagrun for latest_only_with_trigger to 2026-04-01 08:00:00+00:00, run_after=2026-04-01 12:00:00+00:00
[2026-04-01T13:12:59.483+0000] {processor.py:183} INFO - Processing /home/airflow/.local/lib/python3.12/site-packages/airflow/example_dags/example_latest_only_with_trigger.py took 0.066 seconds
[2026-04-01T13:13:29.717+0000] {processor.py:161} INFO - Started process (PID=1758) to work on /home/airflow/.local/lib/python3.12/site-packages/airflow/example_dags/example_latest_only_with_trigger.py
[2026-04-01T13:13:29.718+0000] {processor.py:830} INFO - Processing file /home/airflow/.local/lib/python3.12/site-packages/airflow/example_dags/example_latest_only_with_trigger.py for tasks to queue
[2026-04-01T13:13:29.719+0000] {logging_mixin.py:188} INFO - [2026-04-01T13:13:29.719+0000] {dagbag.py:545} INFO - Filling up the DagBag from /home/airflow/.local/lib/python3.12/site-packages/airflow/example_dags/example_latest_only_with_trigger.py
[2026-04-01T13:13:29.724+0000] {processor.py:840} INFO - DAG(s) 'latest_only_with_trigger' retrieved from /home/airflow/.local/lib/python3.12/site-packages/airflow/example_dags/example_latest_only_with_trigger.py
[2026-04-01T13:13:29.737+0000] {logging_mixin.py:188} INFO - [2026-04-01T13:13:29.737+0000] {dag.py:3096} INFO - Sync 1 DAGs
[2026-04-01T13:13:29.752+0000] {logging_mixin.py:188} INFO - [2026-04-01T13:13:29.752+0000] {dag.py:3954} INFO - Setting next_dagrun for latest_only_with_trigger to 2026-04-01 08:00:00+00:00, run_after=2026-04-01 12:00:00+00:00
[2026-04-01T13:13:29.767+0000] {processor.py:183} INFO - Processing /home/airflow/.local/lib/python3.12/site-packages/airflow/example_dags/example_latest_only_with_trigger.py took 0.056 seconds
[2026-04-01T13:14:00.244+0000] {processor.py:161} INFO - Started process (PID=1816) to work on /home/airflow/.local/lib/python3.12/site-packages/airflow/example_dags/example_latest_only_with_trigger.py
[2026-04-01T13:14:00.245+0000] {processor.py:830} INFO - Processing file /home/airflow/.local/lib/python3.12/site-packages/airflow/example_dags/example_latest_only_with_trigger.py for tasks to queue
[2026-04-01T13:14:00.247+0000] {logging_mixin.py:188} INFO - [2026-04-01T13:14:00.247+0000] {dagbag.py:545} INFO - Filling up the DagBag from /home/airflow/.local/lib/python3.12/site-packages/airflow/example_dags/example_latest_only_with_trigger.py
[2026-04-01T13:14:00.251+0000] {processor.py:840} INFO - DAG(s) 'latest_only_with_trigger' retrieved from /home/airflow/.local/lib/python3.12/site-packages/airflow/example_dags/example_latest_only_with_trigger.py
[2026-04-01T13:14:00.267+0000] {logging_mixin.py:188} INFO - [2026-04-01T13:14:00.267+0000] {dag.py:3096} INFO - Sync 1 DAGs
[2026-04-01T13:14:00.284+0000] {logging_mixin.py:188} INFO - [2026-04-01T13:14:00.283+0000] {dag.py:3954} INFO - Setting next_dagrun for latest_only_with_trigger to 2026-04-01 08:00:00+00:00, run_after=2026-04-01 12:00:00+00:00
[2026-04-01T13:14:00.300+0000] {processor.py:183} INFO - Processing /home/airflow/.local/lib/python3.12/site-packages/airflow/example_dags/example_latest_only_with_trigger.py took 0.061 seconds
[2026-04-01T13:14:30.824+0000] {processor.py:161} INFO - Started process (PID=1874) to work on /home/airflow/.local/lib/python3.12/site-packages/airflow/example_dags/example_latest_only_with_trigger.py
[2026-04-01T13:14:30.825+0000] {processor.py:830} INFO - Processing file /home/airflow/.local/lib/python3.12/site-packages/airflow/example_dags/example_latest_only_with_trigger.py for tasks to queue
[2026-04-01T13:14:30.828+0000] {logging_mixin.py:188} INFO - [2026-04-01T13:14:30.828+0000] {dagbag.py:545} INFO - Filling up the DagBag from /home/airflow/.local/lib/python3.12/site-packages/airflow/example_dags/example_latest_only_with_trigger.py
[2026-04-01T13:14:30.835+0000] {processor.py:840} INFO - DAG(s) 'latest_only_with_trigger' retrieved from /home/airflow/.local/lib/python3.12/site-packages/airflow/example_dags/example_latest_only_with_trigger.py
[2026-04-01T13:14:30.850+0000] {logging_mixin.py:188} INFO - [2026-04-01T13:14:30.850+0000] {dag.py:3096} INFO - Sync 1 DAGs
[2026-04-01T13:14:30.866+0000] {logging_mixin.py:188} INFO - [2026-04-01T13:14:30.866+0000] {dag.py:3954} INFO - Setting next_dagrun for latest_only_with_trigger to 2026-04-01 08:00:00+00:00, run_after=2026-04-01 12:00:00+00:00
[2026-04-01T13:14:30.984+0000] {processor.py:183} INFO - Processing /home/airflow/.local/lib/python3.12/site-packages/airflow/example_dags/example_latest_only_with_trigger.py took 0.165 seconds
[2026-04-01T13:15:01.233+0000] {processor.py:161} INFO - Started process (PID=1932) to work on /home/airflow/.local/lib/python3.12/site-packages/airflow/example_dags/example_latest_only_with_trigger.py
[2026-04-01T13:15:01.234+0000] {processor.py:830} INFO - Processing file /home/airflow/.local/lib/python3.12/site-packages/airflow/example_dags/example_latest_only_with_trigger.py for tasks to queue
[2026-04-01T13:15:01.236+0000] {logging_mixin.py:188} INFO - [2026-04-01T13:15:01.235+0000] {dagbag.py:545} INFO - Filling up the DagBag from /home/airflow/.local/lib/python3.12/site-packages/airflow/example_dags/example_latest_only_with_trigger.py
[2026-04-01T13:15:01.241+0000] {processor.py:840} INFO - DAG(s) 'latest_only_with_trigger' retrieved from /home/airflow/.local/lib/python3.12/site-packages/airflow/example_dags/example_latest_only_with_trigger.py
[2026-04-01T13:15:01.256+0000] {logging_mixin.py:188} INFO - [2026-04-01T13:15:01.255+0000] {dag.py:3096} INFO - Sync 1 DAGs
[2026-04-01T13:15:01.271+0000] {logging_mixin.py:188} INFO - [2026-04-01T13:15:01.271+0000] {dag.py:3954} INFO - Setting next_dagrun for latest_only_with_trigger to 2026-04-01 08:00:00+00:00, run_after=2026-04-01 12:00:00+00:00
[2026-04-01T13:15:01.287+0000] {processor.py:183} INFO - Processing /home/airflow/.local/lib/python3.12/site-packages/airflow/example_dags/example_latest_only_with_trigger.py took 0.059 seconds
[2026-04-01T13:15:31.403+0000] {processor.py:161} INFO - Started process (PID=1990) to work on /home/airflow/.local/lib/python3.12/site-packages/airflow/example_dags/example_latest_only_with_trigger.py
[2026-04-01T13:15:31.404+0000] {processor.py:830} INFO - Processing file /home/airflow/.local/lib/python3.12/site-packages/airflow/example_dags/example_latest_only_with_trigger.py for tasks to queue
[2026-04-01T13:15:31.406+0000] {logging_mixin.py:188} INFO - [2026-04-01T13:15:31.405+0000] {dagbag.py:545} INFO - Filling up the DagBag from /home/airflow/.local/lib/python3.12/site-packages/airflow/example_dags/example_latest_only_with_trigger.py
[2026-04-01T13:15:31.410+0000] {processor.py:840} INFO - DAG(s) 'latest_only_with_trigger' retrieved from /home/airflow/.local/lib/python3.12/site-packages/airflow/example_dags/example_latest_only_with_trigger.py
[2026-04-01T13:15:31.425+0000] {logging_mixin.py:188} INFO - [2026-04-01T13:15:31.425+0000] {dag.py:3096} INFO - Sync 1 DAGs
[2026-04-01T13:15:31.441+0000] {logging_mixin.py:188} INFO - [2026-04-01T13:15:31.441+0000] {dag.py:3954} INFO - Setting next_dagrun for latest_only_with_trigger to 2026-04-01 08:00:00+00:00, run_after=2026-04-01 12:00:00+00:00
[2026-04-01T13:15:31.458+0000] {processor.py:183} INFO - Processing /home/airflow/.local/lib/python3.12/site-packages/airflow/example_dags/example_latest_only_with_trigger.py took 0.059 seconds
[2026-04-01T13:16:01.927+0000] {processor.py:161} INFO - Started process (PID=2048) to work on /home/airflow/.local/lib/python3.12/site-packages/airflow/example_dags/example_latest_only_with_trigger.py
[2026-04-01T13:16:01.928+0000] {processor.py:830} INFO - Processing file /home/airflow/.local/lib/python3.12/site-packages/airflow/example_dags/example_latest_only_with_trigger.py for tasks to queue
[2026-04-01T13:16:01.930+0000] {logging_mixin.py:188} INFO - [2026-04-01T13:16:01.929+0000] {dagbag.py:545} INFO - Filling up the DagBag from /home/airflow/.local/lib/python3.12/site-packages/airflow/example_dags/example_latest_only_with_trigger.py
[2026-04-01T13:16:01.935+0000] {processor.py:840} INFO - DAG(s) 'latest_only_with_trigger' retrieved from /home/airflow/.local/lib/python3.12/site-packages/airflow/example_dags/example_latest_only_with_trigger.py
[2026-04-01T13:16:01.953+0000] {logging_mixin.py:188} INFO - [2026-04-01T13:16:01.953+0000] {dag.py:3096} INFO - Sync 1 DAGs
[2026-04-01T13:16:01.968+0000] {logging_mixin.py:188} INFO - [2026-04-01T13:16:01.968+0000] {dag.py:3954} INFO - Setting next_dagrun for latest_only_with_trigger to 2026-04-01 08:00:00+00:00, run_after=2026-04-01 12:00:00+00:00
[2026-04-01T13:16:01.984+0000] {processor.py:183} INFO - Processing /home/airflow/.local/lib/python3.12/site-packages/airflow/example_dags/example_latest_only_with_trigger.py took 0.061 seconds
[2026-04-01T13:16:33.496+0000] {processor.py:161} INFO - Started process (PID=2106) to work on /home/airflow/.local/lib/python3.12/site-packages/airflow/example_dags/example_latest_only_with_trigger.py
[2026-04-01T13:16:33.497+0000] {processor.py:830} INFO - Processing file /home/airflow/.local/lib/python3.12/site-packages/airflow/example_dags/example_latest_only_with_trigger.py for tasks to queue
[2026-04-01T13:16:33.499+0000] {logging_mixin.py:188} INFO - [2026-04-01T13:16:33.499+0000] {dagbag.py:545} INFO - Filling up the DagBag from /home/airflow/.local/lib/python3.12/site-packages/airflow/example_dags/example_latest_only_with_trigger.py
[2026-04-01T13:16:33.503+0000] {processor.py:840} INFO - DAG(s) 'latest_only_with_trigger' retrieved from /home/airflow/.local/lib/python3.12/site-packages/airflow/example_dags/example_latest_only_with_trigger.py
[2026-04-01T13:16:33.624+0000] {logging_mixin.py:188} INFO - [2026-04-01T13:16:33.624+0000] {dag.py:3096} INFO - Sync 1 DAGs
[2026-04-01T13:16:33.641+0000] {logging_mixin.py:188} INFO - [2026-04-01T13:16:33.641+0000] {dag.py:3954} INFO - Setting next_dagrun for latest_only_with_trigger to 2026-04-01 08:00:00+00:00, run_after=2026-04-01 12:00:00+00:00
[2026-04-01T13:16:33.657+0000] {processor.py:183} INFO - Processing /home/airflow/.local/lib/python3.12/site-packages/airflow/example_dags/example_latest_only_with_trigger.py took 0.165 seconds
[2026-04-01T13:17:03.905+0000] {processor.py:161} INFO - Started process (PID=2164) to work on /home/airflow/.local/lib/python3.12/site-packages/airflow/example_dags/example_latest_only_with_trigger.py
[2026-04-01T13:17:03.906+0000] {processor.py:830} INFO - Processing file /home/airflow/.local/lib/python3.12/site-packages/airflow/example_dags/example_latest_only_with_trigger.py for tasks to queue
[2026-04-01T13:17:03.908+0000] {logging_mixin.py:188} INFO - [2026-04-01T13:17:03.908+0000] {dagbag.py:545} INFO - Filling up the DagBag from /home/airflow/.local/lib/python3.12/site-packages/airflow/example_dags/example_latest_only_with_trigger.py
[2026-04-01T13:17:03.912+0000] {processor.py:840} INFO - DAG(s) 'latest_only_with_trigger' retrieved from /home/airflow/.local/lib/python3.12/site-packages/airflow/example_dags/example_latest_only_with_trigger.py
[2026-04-01T13:17:03.927+0000] {logging_mixin.py:188} INFO - [2026-04-01T13:17:03.926+0000] {dag.py:3096} INFO - Sync 1 DAGs
[2026-04-01T13:17:03.942+0000] {logging_mixin.py:188} INFO - [2026-04-01T13:17:03.942+0000] {dag.py:3954} INFO - Setting next_dagrun for latest_only_with_trigger to 2026-04-01 08:00:00+00:00, run_after=2026-04-01 12:00:00+00:00
[2026-04-01T13:17:03.956+0000] {processor.py:183} INFO - Processing /home/airflow/.local/lib/python3.12/site-packages/airflow/example_dags/example_latest_only_with_trigger.py took 0.057 seconds
[2026-04-01T13:17:34.286+0000] {processor.py:161} INFO - Started process (PID=2222) to work on /home/airflow/.local/lib/python3.12/site-packages/airflow/example_dags/example_latest_only_with_trigger.py
[2026-04-01T13:17:34.288+0000] {processor.py:830} INFO - Processing file /home/airflow/.local/lib/python3.12/site-packages/airflow/example_dags/example_latest_only_with_trigger.py for tasks to queue
[2026-04-01T13:17:34.289+0000] {logging_mixin.py:188} INFO - [2026-04-01T13:17:34.289+0000] {dagbag.py:545} INFO - Filling up the DagBag from /home/airflow/.local/lib/python3.12/site-packages/airflow/example_dags/example_latest_only_with_trigger.py
[2026-04-01T13:17:34.295+0000] {processor.py:840} INFO - DAG(s) 'latest_only_with_trigger' retrieved from /home/airflow/.local/lib/python3.12/site-packages/airflow/example_dags/example_latest_only_with_trigger.py
[2026-04-01T13:17:34.310+0000] {logging_mixin.py:188} INFO - [2026-04-01T13:17:34.310+0000] {dag.py:3096} INFO - Sync 1 DAGs
[2026-04-01T13:17:34.324+0000] {logging_mixin.py:188} INFO - [2026-04-01T13:17:34.324+0000] {dag.py:3954} INFO - Setting next_dagrun for latest_only_with_trigger to 2026-04-01 08:00:00+00:00, run_after=2026-04-01 12:00:00+00:00
[2026-04-01T13:17:34.339+0000] {processor.py:183} INFO - Processing /home/airflow/.local/lib/python3.12/site-packages/airflow/example_dags/example_latest_only_with_trigger.py took 0.058 seconds
[2026-04-01T13:18:04.410+0000] {processor.py:161} INFO - Started process (PID=2280) to work on /home/airflow/.local/lib/python3.12/site-packages/airflow/example_dags/example_latest_only_with_trigger.py
[2026-04-01T13:18:04.411+0000] {processor.py:830} INFO - Processing file /home/airflow/.local/lib/python3.12/site-packages/airflow/example_dags/example_latest_only_with_trigger.py for tasks to queue
[2026-04-01T13:18:04.412+0000] {logging_mixin.py:188} INFO - [2026-04-01T13:18:04.412+0000] {dagbag.py:545} INFO - Filling up the DagBag from /home/airflow/.local/lib/python3.12/site-packages/airflow/example_dags/example_latest_only_with_trigger.py
[2026-04-01T13:18:04.417+0000] {processor.py:840} INFO - DAG(s) 'latest_only_with_trigger' retrieved from /home/airflow/.local/lib/python3.12/site-packages/airflow/example_dags/example_latest_only_with_trigger.py
[2026-04-01T13:18:04.431+0000] {logging_mixin.py:188} INFO - [2026-04-01T13:18:04.431+0000] {dag.py:3096} INFO - Sync 1 DAGs
[2026-04-01T13:18:04.446+0000] {logging_mixin.py:188} INFO - [2026-04-01T13:18:04.446+0000] {dag.py:3954} INFO - Setting next_dagrun for latest_only_with_trigger to 2026-04-01 08:00:00+00:00, run_after=2026-04-01 12:00:00+00:00
[2026-04-01T13:18:04.463+0000] {processor.py:183} INFO - Processing /home/airflow/.local/lib/python3.12/site-packages/airflow/example_dags/example_latest_only_with_trigger.py took 0.057 seconds
[2026-04-01T13:18:34.927+0000] {processor.py:161} INFO - Started process (PID=2338) to work on /home/airflow/.local/lib/python3.12/site-packages/airflow/example_dags/example_latest_only_with_trigger.py
[2026-04-01T13:18:34.928+0000] {processor.py:830} INFO - Processing file /home/airflow/.local/lib/python3.12/site-packages/airflow/example_dags/example_latest_only_with_trigger.py for tasks to queue
[2026-04-01T13:18:34.929+0000] {logging_mixin.py:188} INFO - [2026-04-01T13:18:34.929+0000] {dagbag.py:545} INFO - Filling up the DagBag from /home/airflow/.local/lib/python3.12/site-packages/airflow/example_dags/example_latest_only_with_trigger.py
[2026-04-01T13:18:34.933+0000] {processor.py:840} INFO - DAG(s) 'latest_only_with_trigger' retrieved from /home/airflow/.local/lib/python3.12/site-packages/airflow/example_dags/example_latest_only_with_trigger.py
[2026-04-01T13:18:34.950+0000] {logging_mixin.py:188} INFO - [2026-04-01T13:18:34.950+0000] {dag.py:3096} INFO - Sync 1 DAGs
[2026-04-01T13:18:34.971+0000] {logging_mixin.py:188} INFO - [2026-04-01T13:18:34.971+0000] {dag.py:3954} INFO - Setting next_dagrun for latest_only_with_trigger to 2026-04-01 08:00:00+00:00, run_after=2026-04-01 12:00:00+00:00
[2026-04-01T13:18:34.985+0000] {processor.py:183} INFO - Processing /home/airflow/.local/lib/python3.12/site-packages/airflow/example_dags/example_latest_only_with_trigger.py took 0.063 seconds
[2026-04-01T13:19:05.507+0000] {processor.py:161} INFO - Started process (PID=2396) to work on /home/airflow/.local/lib/python3.12/site-packages/airflow/example_dags/example_latest_only_with_trigger.py
[2026-04-01T13:19:05.508+0000] {processor.py:830} INFO - Processing file /home/airflow/.local/lib/python3.12/site-packages/airflow/example_dags/example_latest_only_with_trigger.py for tasks to queue
[2026-04-01T13:19:05.509+0000] {logging_mixin.py:188} INFO - [2026-04-01T13:19:05.509+0000] {dagbag.py:545} INFO - Filling up the DagBag from /home/airflow/.local/lib/python3.12/site-packages/airflow/example_dags/example_latest_only_with_trigger.py
[2026-04-01T13:19:05.514+0000] {processor.py:840} INFO - DAG(s) 'latest_only_with_trigger' retrieved from /home/airflow/.local/lib/python3.12/site-packages/airflow/example_dags/example_latest_only_with_trigger.py
[2026-04-01T13:19:05.528+0000] {logging_mixin.py:188} INFO - [2026-04-01T13:19:05.528+0000] {dag.py:3096} INFO - Sync 1 DAGs
[2026-04-01T13:19:05.544+0000] {logging_mixin.py:188} INFO - [2026-04-01T13:19:05.544+0000] {dag.py:3954} INFO - Setting next_dagrun for latest_only_with_trigger to 2026-04-01 08:00:00+00:00, run_after=2026-04-01 12:00:00+00:00
[2026-04-01T13:19:05.558+0000] {processor.py:183} INFO - Processing /home/airflow/.local/lib/python3.12/site-packages/airflow/example_dags/example_latest_only_with_trigger.py took 0.057 seconds
[2026-04-01T13:19:35.807+0000] {processor.py:161} INFO - Started process (PID=2454) to work on /home/airflow/.local/lib/python3.12/site-packages/airflow/example_dags/example_latest_only_with_trigger.py
[2026-04-01T13:19:35.808+0000] {processor.py:830} INFO - Processing file /home/airflow/.local/lib/python3.12/site-packages/airflow/example_dags/example_latest_only_with_trigger.py for tasks to queue
[2026-04-01T13:19:35.809+0000] {logging_mixin.py:188} INFO - [2026-04-01T13:19:35.809+0000] {dagbag.py:545} INFO - Filling up the DagBag from /home/airflow/.local/lib/python3.12/site-packages/airflow/example_dags/example_latest_only_with_trigger.py
[2026-04-01T13:19:35.814+0000] {processor.py:840} INFO - DAG(s) 'latest_only_with_trigger' retrieved from /home/airflow/.local/lib/python3.12/site-packages/airflow/example_dags/example_latest_only_with_trigger.py
[2026-04-01T13:19:35.832+0000] {logging_mixin.py:188} INFO - [2026-04-01T13:19:35.831+0000] {dag.py:3096} INFO - Sync 1 DAGs
[2026-04-01T13:19:35.847+0000] {logging_mixin.py:188} INFO - [2026-04-01T13:19:35.847+0000] {dag.py:3954} INFO - Setting next_dagrun for latest_only_with_trigger to 2026-04-01 08:00:00+00:00, run_after=2026-04-01 12:00:00+00:00
[2026-04-01T13:19:35.862+0000] {processor.py:183} INFO - Processing /home/airflow/.local/lib/python3.12/site-packages/airflow/example_dags/example_latest_only_with_trigger.py took 0.059 seconds
[2026-04-01T13:20:06.279+0000] {processor.py:161} INFO - Started process (PID=2512) to work on /home/airflow/.local/lib/python3.12/site-packages/airflow/example_dags/example_latest_only_with_trigger.py
[2026-04-01T13:20:06.280+0000] {processor.py:830} INFO - Processing file /home/airflow/.local/lib/python3.12/site-packages/airflow/example_dags/example_latest_only_with_trigger.py for tasks to queue
[2026-04-01T13:20:06.282+0000] {logging_mixin.py:188} INFO - [2026-04-01T13:20:06.281+0000] {dagbag.py:545} INFO - Filling up the DagBag from /home/airflow/.local/lib/python3.12/site-packages/airflow/example_dags/example_latest_only_with_trigger.py
[2026-04-01T13:20:06.286+0000] {processor.py:840} INFO - DAG(s) 'latest_only_with_trigger' retrieved from /home/airflow/.local/lib/python3.12/site-packages/airflow/example_dags/example_latest_only_with_trigger.py
[2026-04-01T13:20:06.301+0000] {logging_mixin.py:188} INFO - [2026-04-01T13:20:06.301+0000] {dag.py:3096} INFO - Sync 1 DAGs
[2026-04-01T13:20:06.317+0000] {logging_mixin.py:188} INFO - [2026-04-01T13:20:06.317+0000] {dag.py:3954} INFO - Setting next_dagrun for latest_only_with_trigger to 2026-04-01 08:00:00+00:00, run_after=2026-04-01 12:00:00+00:00
[2026-04-01T13:20:06.334+0000] {processor.py:183} INFO - Processing /home/airflow/.local/lib/python3.12/site-packages/airflow/example_dags/example_latest_only_with_trigger.py took 0.060 seconds
[2026-04-01T13:20:36.786+0000] {processor.py:161} INFO - Started process (PID=2570) to work on /home/airflow/.local/lib/python3.12/site-packages/airflow/example_dags/example_latest_only_with_trigger.py
[2026-04-01T13:20:36.786+0000] {processor.py:830} INFO - Processing file /home/airflow/.local/lib/python3.12/site-packages/airflow/example_dags/example_latest_only_with_trigger.py for tasks to queue
[2026-04-01T13:20:36.788+0000] {logging_mixin.py:188} INFO - [2026-04-01T13:20:36.787+0000] {dagbag.py:545} INFO - Filling up the DagBag from /home/airflow/.local/lib/python3.12/site-packages/airflow/example_dags/example_latest_only_with_trigger.py
[2026-04-01T13:20:36.792+0000] {processor.py:840} INFO - DAG(s) 'latest_only_with_trigger' retrieved from /home/airflow/.local/lib/python3.12/site-packages/airflow/example_dags/example_latest_only_with_trigger.py
[2026-04-01T13:20:36.808+0000] {logging_mixin.py:188} INFO - [2026-04-01T13:20:36.808+0000] {dag.py:3096} INFO - Sync 1 DAGs
[2026-04-01T13:20:36.824+0000] {logging_mixin.py:188} INFO - [2026-04-01T13:20:36.824+0000] {dag.py:3954} INFO - Setting next_dagrun for latest_only_with_trigger to 2026-04-01 08:00:00+00:00, run_after=2026-04-01 12:00:00+00:00
[2026-04-01T13:20:36.840+0000] {processor.py:183} INFO - Processing /home/airflow/.local/lib/python3.12/site-packages/airflow/example_dags/example_latest_only_with_trigger.py took 0.059 seconds
[2026-04-01T13:21:07.229+0000] {processor.py:161} INFO - Started process (PID=2628) to work on /home/airflow/.local/lib/python3.12/site-packages/airflow/example_dags/example_latest_only_with_trigger.py
[2026-04-01T13:21:07.230+0000] {processor.py:830} INFO - Processing file /home/airflow/.local/lib/python3.12/site-packages/airflow/example_dags/example_latest_only_with_trigger.py for tasks to queue
[2026-04-01T13:21:07.232+0000] {logging_mixin.py:188} INFO - [2026-04-01T13:21:07.232+0000] {dagbag.py:545} INFO - Filling up the DagBag from /home/airflow/.local/lib/python3.12/site-packages/airflow/example_dags/example_latest_only_with_trigger.py
[2026-04-01T13:21:07.237+0000] {processor.py:840} INFO - DAG(s) 'latest_only_with_trigger' retrieved from /home/airflow/.local/lib/python3.12/site-packages/airflow/example_dags/example_latest_only_with_trigger.py
[2026-04-01T13:21:07.252+0000] {logging_mixin.py:188} INFO - [2026-04-01T13:21:07.252+0000] {dag.py:3096} INFO - Sync 1 DAGs
[2026-04-01T13:21:07.271+0000] {logging_mixin.py:188} INFO - [2026-04-01T13:21:07.270+0000] {dag.py:3954} INFO - Setting next_dagrun for latest_only_with_trigger to 2026-04-01 08:00:00+00:00, run_after=2026-04-01 12:00:00+00:00
[2026-04-01T13:21:07.289+0000] {processor.py:183} INFO - Processing /home/airflow/.local/lib/python3.12/site-packages/airflow/example_dags/example_latest_only_with_trigger.py took 0.066 seconds
[2026-04-01T13:21:37.710+0000] {processor.py:161} INFO - Started process (PID=2686) to work on /home/airflow/.local/lib/python3.12/site-packages/airflow/example_dags/example_latest_only_with_trigger.py
[2026-04-01T13:21:37.711+0000] {processor.py:830} INFO - Processing file /home/airflow/.local/lib/python3.12/site-packages/airflow/example_dags/example_latest_only_with_trigger.py for tasks to queue
[2026-04-01T13:21:37.713+0000] {logging_mixin.py:188} INFO - [2026-04-01T13:21:37.713+0000] {dagbag.py:545} INFO - Filling up the DagBag from /home/airflow/.local/lib/python3.12/site-packages/airflow/example_dags/example_latest_only_with_trigger.py
[2026-04-01T13:21:37.718+0000] {processor.py:840} INFO - DAG(s) 'latest_only_with_trigger' retrieved from /home/airflow/.local/lib/python3.12/site-packages/airflow/example_dags/example_latest_only_with_trigger.py
[2026-04-01T13:21:37.733+0000] {logging_mixin.py:188} INFO - [2026-04-01T13:21:37.733+0000] {dag.py:3096} INFO - Sync 1 DAGs
[2026-04-01T13:21:37.751+0000] {logging_mixin.py:188} INFO - [2026-04-01T13:21:37.751+0000] {dag.py:3954} INFO - Setting next_dagrun for latest_only_with_trigger to 2026-04-01 08:00:00+00:00, run_after=2026-04-01 12:00:00+00:00
[2026-04-01T13:21:37.767+0000] {processor.py:183} INFO - Processing /home/airflow/.local/lib/python3.12/site-packages/airflow/example_dags/example_latest_only_with_trigger.py took 0.062 seconds
[2026-04-01T13:22:08.230+0000] {processor.py:161} INFO - Started process (PID=2744) to work on /home/airflow/.local/lib/python3.12/site-packages/airflow/example_dags/example_latest_only_with_trigger.py
[2026-04-01T13:22:08.231+0000] {processor.py:830} INFO - Processing file /home/airflow/.local/lib/python3.12/site-packages/airflow/example_dags/example_latest_only_with_trigger.py for tasks to queue
[2026-04-01T13:22:08.233+0000] {logging_mixin.py:188} INFO - [2026-04-01T13:22:08.232+0000] {dagbag.py:545} INFO - Filling up the DagBag from /home/airflow/.local/lib/python3.12/site-packages/airflow/example_dags/example_latest_only_with_trigger.py
[2026-04-01T13:22:08.237+0000] {processor.py:840} INFO - DAG(s) 'latest_only_with_trigger' retrieved from /home/airflow/.local/lib/python3.12/site-packages/airflow/example_dags/example_latest_only_with_trigger.py
[2026-04-01T13:22:08.252+0000] {logging_mixin.py:188} INFO - [2026-04-01T13:22:08.252+0000] {dag.py:3096} INFO - Sync 1 DAGs
[2026-04-01T13:22:08.266+0000] {logging_mixin.py:188} INFO - [2026-04-01T13:22:08.266+0000] {dag.py:3954} INFO - Setting next_dagrun for latest_only_with_trigger to 2026-04-01 08:00:00+00:00, run_after=2026-04-01 12:00:00+00:00
[2026-04-01T13:22:08.287+0000] {processor.py:183} INFO - Processing /home/airflow/.local/lib/python3.12/site-packages/airflow/example_dags/example_latest_only_with_trigger.py took 0.061 seconds
[2026-04-01T13:22:38.732+0000] {processor.py:161} INFO - Started process (PID=2802) to work on /home/airflow/.local/lib/python3.12/site-packages/airflow/example_dags/example_latest_only_with_trigger.py
[2026-04-01T13:22:38.733+0000] {processor.py:830} INFO - Processing file /home/airflow/.local/lib/python3.12/site-packages/airflow/example_dags/example_latest_only_with_trigger.py for tasks to queue
[2026-04-01T13:22:38.735+0000] {logging_mixin.py:188} INFO - [2026-04-01T13:22:38.734+0000] {dagbag.py:545} INFO - Filling up the DagBag from /home/airflow/.local/lib/python3.12/site-packages/airflow/example_dags/example_latest_only_with_trigger.py
[2026-04-01T13:22:38.739+0000] {processor.py:840} INFO - DAG(s) 'latest_only_with_trigger' retrieved from /home/airflow/.local/lib/python3.12/site-packages/airflow/example_dags/example_latest_only_with_trigger.py
[2026-04-01T13:22:38.756+0000] {logging_mixin.py:188} INFO - [2026-04-01T13:22:38.756+0000] {dag.py:3096} INFO - Sync 1 DAGs
[2026-04-01T13:22:38.787+0000] {logging_mixin.py:188} INFO - [2026-04-01T13:22:38.787+0000] {dag.py:3954} INFO - Setting next_dagrun for latest_only_with_trigger to 2026-04-01 08:00:00+00:00, run_after=2026-04-01 12:00:00+00:00
[2026-04-01T13:22:38.812+0000] {processor.py:183} INFO - Processing /home/airflow/.local/lib/python3.12/site-packages/airflow/example_dags/example_latest_only_with_trigger.py took 0.085 seconds
[2026-04-01T13:23:09.293+0000] {processor.py:161} INFO - Started process (PID=2860) to work on /home/airflow/.local/lib/python3.12/site-packages/airflow/example_dags/example_latest_only_with_trigger.py
[2026-04-01T13:23:09.294+0000] {processor.py:830} INFO - Processing file /home/airflow/.local/lib/python3.12/site-packages/airflow/example_dags/example_latest_only_with_trigger.py for tasks to queue
[2026-04-01T13:23:09.295+0000] {logging_mixin.py:188} INFO - [2026-04-01T13:23:09.295+0000] {dagbag.py:545} INFO - Filling up the DagBag from /home/airflow/.local/lib/python3.12/site-packages/airflow/example_dags/example_latest_only_with_trigger.py
[2026-04-01T13:23:09.300+0000] {processor.py:840} INFO - DAG(s) 'latest_only_with_trigger' retrieved from /home/airflow/.local/lib/python3.12/site-packages/airflow/example_dags/example_latest_only_with_trigger.py
[2026-04-01T13:23:09.317+0000] {logging_mixin.py:188} INFO - [2026-04-01T13:23:09.317+0000] {dag.py:3096} INFO - Sync 1 DAGs
[2026-04-01T13:23:09.333+0000] {logging_mixin.py:188} INFO - [2026-04-01T13:23:09.333+0000] {dag.py:3954} INFO - Setting next_dagrun for latest_only_with_trigger to 2026-04-01 08:00:00+00:00, run_after=2026-04-01 12:00:00+00:00
[2026-04-01T13:23:09.348+0000] {processor.py:183} INFO - Processing /home/airflow/.local/lib/python3.12/site-packages/airflow/example_dags/example_latest_only_with_trigger.py took 0.060 seconds
[2026-04-01T13:23:39.802+0000] {processor.py:161} INFO - Started process (PID=2918) to work on /home/airflow/.local/lib/python3.12/site-packages/airflow/example_dags/example_latest_only_with_trigger.py
[2026-04-01T13:23:39.803+0000] {processor.py:830} INFO - Processing file /home/airflow/.local/lib/python3.12/site-packages/airflow/example_dags/example_latest_only_with_trigger.py for tasks to queue
[2026-04-01T13:23:39.805+0000] {logging_mixin.py:188} INFO - [2026-04-01T13:23:39.804+0000] {dagbag.py:545} INFO - Filling up the DagBag from /home/airflow/.local/lib/python3.12/site-packages/airflow/example_dags/example_latest_only_with_trigger.py
[2026-04-01T13:23:39.809+0000] {processor.py:840} INFO - DAG(s) 'latest_only_with_trigger' retrieved from /home/airflow/.local/lib/python3.12/site-packages/airflow/example_dags/example_latest_only_with_trigger.py
[2026-04-01T13:23:39.826+0000] {logging_mixin.py:188} INFO - [2026-04-01T13:23:39.826+0000] {dag.py:3096} INFO - Sync 1 DAGs
[2026-04-01T13:23:39.843+0000] {logging_mixin.py:188} INFO - [2026-04-01T13:23:39.843+0000] {dag.py:3954} INFO - Setting next_dagrun for latest_only_with_trigger to 2026-04-01 08:00:00+00:00, run_after=2026-04-01 12:00:00+00:00
[2026-04-01T13:23:39.861+0000] {processor.py:183} INFO - Processing /home/airflow/.local/lib/python3.12/site-packages/airflow/example_dags/example_latest_only_with_trigger.py took 0.067 seconds
[2026-04-01T13:24:10.335+0000] {processor.py:161} INFO - Started process (PID=2977) to work on /home/airflow/.local/lib/python3.12/site-packages/airflow/example_dags/example_latest_only_with_trigger.py
[2026-04-01T13:24:10.336+0000] {processor.py:830} INFO - Processing file /home/airflow/.local/lib/python3.12/site-packages/airflow/example_dags/example_latest_only_with_trigger.py for tasks to queue
[2026-04-01T13:24:10.339+0000] {logging_mixin.py:188} INFO - [2026-04-01T13:24:10.338+0000] {dagbag.py:545} INFO - Filling up the DagBag from /home/airflow/.local/lib/python3.12/site-packages/airflow/example_dags/example_latest_only_with_trigger.py
[2026-04-01T13:24:10.344+0000] {processor.py:840} INFO - DAG(s) 'latest_only_with_trigger' retrieved from /home/airflow/.local/lib/python3.12/site-packages/airflow/example_dags/example_latest_only_with_trigger.py
[2026-04-01T13:24:10.363+0000] {logging_mixin.py:188} INFO - [2026-04-01T13:24:10.363+0000] {dag.py:3096} INFO - Sync 1 DAGs
[2026-04-01T13:24:10.379+0000] {logging_mixin.py:188} INFO - [2026-04-01T13:24:10.379+0000] {dag.py:3954} INFO - Setting next_dagrun for latest_only_with_trigger to 2026-04-01 08:00:00+00:00, run_after=2026-04-01 12:00:00+00:00
[2026-04-01T13:24:10.394+0000] {processor.py:183} INFO - Processing /home/airflow/.local/lib/python3.12/site-packages/airflow/example_dags/example_latest_only_with_trigger.py took 0.064 seconds
[2026-04-01T13:24:40.759+0000] {processor.py:161} INFO - Started process (PID=3035) to work on /home/airflow/.local/lib/python3.12/site-packages/airflow/example_dags/example_latest_only_with_trigger.py
[2026-04-01T13:24:40.760+0000] {processor.py:830} INFO - Processing file /home/airflow/.local/lib/python3.12/site-packages/airflow/example_dags/example_latest_only_with_trigger.py for tasks to queue
[2026-04-01T13:24:40.762+0000] {logging_mixin.py:188} INFO - [2026-04-01T13:24:40.762+0000] {dagbag.py:545} INFO - Filling up the DagBag from /home/airflow/.local/lib/python3.12/site-packages/airflow/example_dags/example_latest_only_with_trigger.py
[2026-04-01T13:24:40.767+0000] {processor.py:840} INFO - DAG(s) 'latest_only_with_trigger' retrieved from /home/airflow/.local/lib/python3.12/site-packages/airflow/example_dags/example_latest_only_with_trigger.py
[2026-04-01T13:24:40.782+0000] {logging_mixin.py:188} INFO - [2026-04-01T13:24:40.782+0000] {dag.py:3096} INFO - Sync 1 DAGs
[2026-04-01T13:24:40.798+0000] {logging_mixin.py:188} INFO - [2026-04-01T13:24:40.798+0000] {dag.py:3954} INFO - Setting next_dagrun for latest_only_with_trigger to 2026-04-01 08:00:00+00:00, run_after=2026-04-01 12:00:00+00:00
[2026-04-01T13:24:40.813+0000] {processor.py:183} INFO - Processing /home/airflow/.local/lib/python3.12/site-packages/airflow/example_dags/example_latest_only_with_trigger.py took 0.059 seconds
[2026-04-01T13:25:11.269+0000] {processor.py:161} INFO - Started process (PID=3094) to work on /home/airflow/.local/lib/python3.12/site-packages/airflow/example_dags/example_latest_only_with_trigger.py
[2026-04-01T13:25:11.270+0000] {processor.py:830} INFO - Processing file /home/airflow/.local/lib/python3.12/site-packages/airflow/example_dags/example_latest_only_with_trigger.py for tasks to queue
[2026-04-01T13:25:11.271+0000] {logging_mixin.py:188} INFO - [2026-04-01T13:25:11.271+0000] {dagbag.py:545} INFO - Filling up the DagBag from /home/airflow/.local/lib/python3.12/site-packages/airflow/example_dags/example_latest_only_with_trigger.py
[2026-04-01T13:25:11.276+0000] {processor.py:840} INFO - DAG(s) 'latest_only_with_trigger' retrieved from /home/airflow/.local/lib/python3.12/site-packages/airflow/example_dags/example_latest_only_with_trigger.py
[2026-04-01T13:25:11.290+0000] {logging_mixin.py:188} INFO - [2026-04-01T13:25:11.290+0000] {dag.py:3096} INFO - Sync 1 DAGs
[2026-04-01T13:25:11.306+0000] {logging_mixin.py:188} INFO - [2026-04-01T13:25:11.305+0000] {dag.py:3954} INFO - Setting next_dagrun for latest_only_with_trigger to 2026-04-01 08:00:00+00:00, run_after=2026-04-01 12:00:00+00:00
[2026-04-01T13:25:11.323+0000] {processor.py:183} INFO - Processing /home/airflow/.local/lib/python3.12/site-packages/airflow/example_dags/example_latest_only_with_trigger.py took 0.058 seconds
[2026-04-01T13:25:41.679+0000] {processor.py:161} INFO - Started process (PID=3153) to work on /home/airflow/.local/lib/python3.12/site-packages/airflow/example_dags/example_latest_only_with_trigger.py
[2026-04-01T13:25:41.680+0000] {processor.py:830} INFO - Processing file /home/airflow/.local/lib/python3.12/site-packages/airflow/example_dags/example_latest_only_with_trigger.py for tasks to queue
[2026-04-01T13:25:41.682+0000] {logging_mixin.py:188} INFO - [2026-04-01T13:25:41.682+0000] {dagbag.py:545} INFO - Filling up the DagBag from /home/airflow/.local/lib/python3.12/site-packages/airflow/example_dags/example_latest_only_with_trigger.py
[2026-04-01T13:25:41.686+0000] {processor.py:840} INFO - DAG(s) 'latest_only_with_trigger' retrieved from /home/airflow/.local/lib/python3.12/site-packages/airflow/example_dags/example_latest_only_with_trigger.py
[2026-04-01T13:25:41.700+0000] {logging_mixin.py:188} INFO - [2026-04-01T13:25:41.700+0000] {dag.py:3096} INFO - Sync 1 DAGs
[2026-04-01T13:25:41.715+0000] {logging_mixin.py:188} INFO - [2026-04-01T13:25:41.715+0000] {dag.py:3954} INFO - Setting next_dagrun for latest_only_with_trigger to 2026-04-01 08:00:00+00:00, run_after=2026-04-01 12:00:00+00:00
[2026-04-01T13:25:41.735+0000] {processor.py:183} INFO - Processing /home/airflow/.local/lib/python3.12/site-packages/airflow/example_dags/example_latest_only_with_trigger.py took 0.060 seconds
[2026-04-01T13:26:12.017+0000] {processor.py:161} INFO - Started process (PID=3212) to work on /home/airflow/.local/lib/python3.12/site-packages/airflow/example_dags/example_latest_only_with_trigger.py
[2026-04-01T13:26:12.018+0000] {processor.py:830} INFO - Processing file /home/airflow/.local/lib/python3.12/site-packages/airflow/example_dags/example_latest_only_with_trigger.py for tasks to queue
[2026-04-01T13:26:12.019+0000] {logging_mixin.py:188} INFO - [2026-04-01T13:26:12.019+0000] {dagbag.py:545} INFO - Filling up the DagBag from /home/airflow/.local/lib/python3.12/site-packages/airflow/example_dags/example_latest_only_with_trigger.py
[2026-04-01T13:26:12.024+0000] {processor.py:840} INFO - DAG(s) 'latest_only_with_trigger' retrieved from /home/airflow/.local/lib/python3.12/site-packages/airflow/example_dags/example_latest_only_with_trigger.py
[2026-04-01T13:26:12.038+0000] {logging_mixin.py:188} INFO - [2026-04-01T13:26:12.038+0000] {dag.py:3096} INFO - Sync 1 DAGs
[2026-04-01T13:26:12.053+0000] {logging_mixin.py:188} INFO - [2026-04-01T13:26:12.053+0000] {dag.py:3954} INFO - Setting next_dagrun for latest_only_with_trigger to 2026-04-01 08:00:00+00:00, run_after=2026-04-01 12:00:00+00:00
[2026-04-01T13:26:12.070+0000] {processor.py:183} INFO - Processing /home/airflow/.local/lib/python3.12/site-packages/airflow/example_dags/example_latest_only_with_trigger.py took 0.059 seconds
[2026-04-01T13:26:42.389+0000] {processor.py:161} INFO - Started process (PID=3271) to work on /home/airflow/.local/lib/python3.12/site-packages/airflow/example_dags/example_latest_only_with_trigger.py
[2026-04-01T13:26:42.390+0000] {processor.py:830} INFO - Processing file /home/airflow/.local/lib/python3.12/site-packages/airflow/example_dags/example_latest_only_with_trigger.py for tasks to queue
[2026-04-01T13:26:42.392+0000] {logging_mixin.py:188} INFO - [2026-04-01T13:26:42.391+0000] {dagbag.py:545} INFO - Filling up the DagBag from /home/airflow/.local/lib/python3.12/site-packages/airflow/example_dags/example_latest_only_with_trigger.py
[2026-04-01T13:26:42.396+0000] {processor.py:840} INFO - DAG(s) 'latest_only_with_trigger' retrieved from /home/airflow/.local/lib/python3.12/site-packages/airflow/example_dags/example_latest_only_with_trigger.py
[2026-04-01T13:26:42.413+0000] {logging_mixin.py:188} INFO - [2026-04-01T13:26:42.413+0000] {dag.py:3096} INFO - Sync 1 DAGs
[2026-04-01T13:26:42.430+0000] {logging_mixin.py:188} INFO - [2026-04-01T13:26:42.430+0000] {dag.py:3954} INFO - Setting next_dagrun for latest_only_with_trigger to 2026-04-01 08:00:00+00:00, run_after=2026-04-01 12:00:00+00:00
[2026-04-01T13:26:42.449+0000] {processor.py:183} INFO - Processing /home/airflow/.local/lib/python3.12/site-packages/airflow/example_dags/example_latest_only_with_trigger.py took 0.064 seconds
[2026-04-01T13:27:12.917+0000] {processor.py:161} INFO - Started process (PID=3330) to work on /home/airflow/.local/lib/python3.12/site-packages/airflow/example_dags/example_latest_only_with_trigger.py
[2026-04-01T13:27:12.918+0000] {processor.py:830} INFO - Processing file /home/airflow/.local/lib/python3.12/site-packages/airflow/example_dags/example_latest_only_with_trigger.py for tasks to queue
[2026-04-01T13:27:12.920+0000] {logging_mixin.py:188} INFO - [2026-04-01T13:27:12.920+0000] {dagbag.py:545} INFO - Filling up the DagBag from /home/airflow/.local/lib/python3.12/site-packages/airflow/example_dags/example_latest_only_with_trigger.py
[2026-04-01T13:27:12.925+0000] {processor.py:840} INFO - DAG(s) 'latest_only_with_trigger' retrieved from /home/airflow/.local/lib/python3.12/site-packages/airflow/example_dags/example_latest_only_with_trigger.py
[2026-04-01T13:27:12.940+0000] {logging_mixin.py:188} INFO - [2026-04-01T13:27:12.939+0000] {dag.py:3096} INFO - Sync 1 DAGs
[2026-04-01T13:27:12.954+0000] {logging_mixin.py:188} INFO - [2026-04-01T13:27:12.954+0000] {dag.py:3954} INFO - Setting next_dagrun for latest_only_with_trigger to 2026-04-01 08:00:00+00:00, run_after=2026-04-01 12:00:00+00:00
[2026-04-01T13:27:12.968+0000] {processor.py:183} INFO - Processing /home/airflow/.local/lib/python3.12/site-packages/airflow/example_dags/example_latest_only_with_trigger.py took 0.057 seconds
[2026-04-01T13:27:43.730+0000] {processor.py:161} INFO - Started process (PID=3389) to work on /home/airflow/.local/lib/python3.12/site-packages/airflow/example_dags/example_latest_only_with_trigger.py
[2026-04-01T13:27:43.731+0000] {processor.py:830} INFO - Processing file /home/airflow/.local/lib/python3.12/site-packages/airflow/example_dags/example_latest_only_with_trigger.py for tasks to queue
[2026-04-01T13:27:43.733+0000] {logging_mixin.py:188} INFO - [2026-04-01T13:27:43.733+0000] {dagbag.py:545} INFO - Filling up the DagBag from /home/airflow/.local/lib/python3.12/site-packages/airflow/example_dags/example_latest_only_with_trigger.py
[2026-04-01T13:27:43.738+0000] {processor.py:840} INFO - DAG(s) 'latest_only_with_trigger' retrieved from /home/airflow/.local/lib/python3.12/site-packages/airflow/example_dags/example_latest_only_with_trigger.py
[2026-04-01T13:27:43.756+0000] {logging_mixin.py:188} INFO - [2026-04-01T13:27:43.755+0000] {dag.py:3096} INFO - Sync 1 DAGs
[2026-04-01T13:27:43.776+0000] {logging_mixin.py:188} INFO - [2026-04-01T13:27:43.776+0000] {dag.py:3954} INFO - Setting next_dagrun for latest_only_with_trigger to 2026-04-01 08:00:00+00:00, run_after=2026-04-01 12:00:00+00:00
[2026-04-01T13:27:43.792+0000] {processor.py:183} INFO - Processing /home/airflow/.local/lib/python3.12/site-packages/airflow/example_dags/example_latest_only_with_trigger.py took 0.070 seconds
[2026-04-01T13:28:14.080+0000] {processor.py:161} INFO - Started process (PID=3448) to work on /home/airflow/.local/lib/python3.12/site-packages/airflow/example_dags/example_latest_only_with_trigger.py
[2026-04-01T13:28:14.080+0000] {processor.py:830} INFO - Processing file /home/airflow/.local/lib/python3.12/site-packages/airflow/example_dags/example_latest_only_with_trigger.py for tasks to queue
[2026-04-01T13:28:14.082+0000] {logging_mixin.py:188} INFO - [2026-04-01T13:28:14.082+0000] {dagbag.py:545} INFO - Filling up the DagBag from /home/airflow/.local/lib/python3.12/site-packages/airflow/example_dags/example_latest_only_with_trigger.py
[2026-04-01T13:28:14.086+0000] {processor.py:840} INFO - DAG(s) 'latest_only_with_trigger' retrieved from /home/airflow/.local/lib/python3.12/site-packages/airflow/example_dags/example_latest_only_with_trigger.py
[2026-04-01T13:28:14.105+0000] {logging_mixin.py:188} INFO - [2026-04-01T13:28:14.104+0000] {dag.py:3096} INFO - Sync 1 DAGs
[2026-04-01T13:28:14.120+0000] {logging_mixin.py:188} INFO - [2026-04-01T13:28:14.120+0000] {dag.py:3954} INFO - Setting next_dagrun for latest_only_with_trigger to 2026-04-01 08:00:00+00:00, run_after=2026-04-01 12:00:00+00:00
[2026-04-01T13:28:14.135+0000] {processor.py:183} INFO - Processing /home/airflow/.local/lib/python3.12/site-packages/airflow/example_dags/example_latest_only_with_trigger.py took 0.060 seconds
[2026-04-01T13:28:44.476+0000] {processor.py:161} INFO - Started process (PID=3507) to work on /home/airflow/.local/lib/python3.12/site-packages/airflow/example_dags/example_latest_only_with_trigger.py
[2026-04-01T13:28:44.477+0000] {processor.py:830} INFO - Processing file /home/airflow/.local/lib/python3.12/site-packages/airflow/example_dags/example_latest_only_with_trigger.py for tasks to queue
[2026-04-01T13:28:44.479+0000] {logging_mixin.py:188} INFO - [2026-04-01T13:28:44.478+0000] {dagbag.py:545} INFO - Filling up the DagBag from /home/airflow/.local/lib/python3.12/site-packages/airflow/example_dags/example_latest_only_with_trigger.py
[2026-04-01T13:28:44.483+0000] {processor.py:840} INFO - DAG(s) 'latest_only_with_trigger' retrieved from /home/airflow/.local/lib/python3.12/site-packages/airflow/example_dags/example_latest_only_with_trigger.py
[2026-04-01T13:28:44.499+0000] {logging_mixin.py:188} INFO - [2026-04-01T13:28:44.499+0000] {dag.py:3096} INFO - Sync 1 DAGs
[2026-04-01T13:28:44.515+0000] {logging_mixin.py:188} INFO - [2026-04-01T13:28:44.515+0000] {dag.py:3954} INFO - Setting next_dagrun for latest_only_with_trigger to 2026-04-01 08:00:00+00:00, run_after=2026-04-01 12:00:00+00:00
[2026-04-01T13:28:44.529+0000] {processor.py:183} INFO - Processing /home/airflow/.local/lib/python3.12/site-packages/airflow/example_dags/example_latest_only_with_trigger.py took 0.057 seconds
[2026-04-01T13:29:14.849+0000] {processor.py:161} INFO - Started process (PID=3566) to work on /home/airflow/.local/lib/python3.12/site-packages/airflow/example_dags/example_latest_only_with_trigger.py
[2026-04-01T13:29:14.850+0000] {processor.py:830} INFO - Processing file /home/airflow/.local/lib/python3.12/site-packages/airflow/example_dags/example_latest_only_with_trigger.py for tasks to queue
[2026-04-01T13:29:14.852+0000] {logging_mixin.py:188} INFO - [2026-04-01T13:29:14.851+0000] {dagbag.py:545} INFO - Filling up the DagBag from /home/airflow/.local/lib/python3.12/site-packages/airflow/example_dags/example_latest_only_with_trigger.py
[2026-04-01T13:29:14.856+0000] {processor.py:840} INFO - DAG(s) 'latest_only_with_trigger' retrieved from /home/airflow/.local/lib/python3.12/site-packages/airflow/example_dags/example_latest_only_with_trigger.py
[2026-04-01T13:29:14.872+0000] {logging_mixin.py:188} INFO - [2026-04-01T13:29:14.872+0000] {dag.py:3096} INFO - Sync 1 DAGs
[2026-04-01T13:29:14.887+0000] {logging_mixin.py:188} INFO - [2026-04-01T13:29:14.887+0000] {dag.py:3954} INFO - Setting next_dagrun for latest_only_with_trigger to 2026-04-01 08:00:00+00:00, run_after=2026-04-01 12:00:00+00:00
[2026-04-01T13:29:14.905+0000] {processor.py:183} INFO - Processing /home/airflow/.local/lib/python3.12/site-packages/airflow/example_dags/example_latest_only_with_trigger.py took 0.059 seconds
[2026-04-01T13:29:45.209+0000] {processor.py:161} INFO - Started process (PID=3625) to work on /home/airflow/.local/lib/python3.12/site-packages/airflow/example_dags/example_latest_only_with_trigger.py
[2026-04-01T13:29:45.210+0000] {processor.py:830} INFO - Processing file /home/airflow/.local/lib/python3.12/site-packages/airflow/example_dags/example_latest_only_with_trigger.py for tasks to queue
[2026-04-01T13:29:45.211+0000] {logging_mixin.py:188} INFO - [2026-04-01T13:29:45.211+0000] {dagbag.py:545} INFO - Filling up the DagBag from /home/airflow/.local/lib/python3.12/site-packages/airflow/example_dags/example_latest_only_with_trigger.py
[2026-04-01T13:29:45.215+0000] {processor.py:840} INFO - DAG(s) 'latest_only_with_trigger' retrieved from /home/airflow/.local/lib/python3.12/site-packages/airflow/example_dags/example_latest_only_with_trigger.py
[2026-04-01T13:29:45.233+0000] {logging_mixin.py:188} INFO - [2026-04-01T13:29:45.232+0000] {dag.py:3096} INFO - Sync 1 DAGs
[2026-04-01T13:29:45.249+0000] {logging_mixin.py:188} INFO - [2026-04-01T13:29:45.248+0000] {dag.py:3954} INFO - Setting next_dagrun for latest_only_with_trigger to 2026-04-01 08:00:00+00:00, run_after=2026-04-01 12:00:00+00:00
[2026-04-01T13:29:45.265+0000] {processor.py:183} INFO - Processing /home/airflow/.local/lib/python3.12/site-packages/airflow/example_dags/example_latest_only_with_trigger.py took 0.060 seconds
[2026-04-01T13:30:15.499+0000] {processor.py:161} INFO - Started process (PID=3684) to work on /home/airflow/.local/lib/python3.12/site-packages/airflow/example_dags/example_latest_only_with_trigger.py
[2026-04-01T13:30:15.500+0000] {processor.py:830} INFO - Processing file /home/airflow/.local/lib/python3.12/site-packages/airflow/example_dags/example_latest_only_with_trigger.py for tasks to queue
[2026-04-01T13:30:15.502+0000] {logging_mixin.py:188} INFO - [2026-04-01T13:30:15.502+0000] {dagbag.py:545} INFO - Filling up the DagBag from /home/airflow/.local/lib/python3.12/site-packages/airflow/example_dags/example_latest_only_with_trigger.py
[2026-04-01T13:30:15.506+0000] {processor.py:840} INFO - DAG(s) 'latest_only_with_trigger' retrieved from /home/airflow/.local/lib/python3.12/site-packages/airflow/example_dags/example_latest_only_with_trigger.py
[2026-04-01T13:30:15.524+0000] {logging_mixin.py:188} INFO - [2026-04-01T13:30:15.523+0000] {dag.py:3096} INFO - Sync 1 DAGs
[2026-04-01T13:30:15.540+0000] {logging_mixin.py:188} INFO - [2026-04-01T13:30:15.540+0000] {dag.py:3954} INFO - Setting next_dagrun for latest_only_with_trigger to 2026-04-01 08:00:00+00:00, run_after=2026-04-01 12:00:00+00:00
[2026-04-01T13:30:15.556+0000] {processor.py:183} INFO - Processing /home/airflow/.local/lib/python3.12/site-packages/airflow/example_dags/example_latest_only_with_trigger.py took 0.061 seconds
[2026-04-01T13:30:45.860+0000] {processor.py:161} INFO - Started process (PID=3743) to work on /home/airflow/.local/lib/python3.12/site-packages/airflow/example_dags/example_latest_only_with_trigger.py
[2026-04-01T13:30:45.861+0000] {processor.py:830} INFO - Processing file /home/airflow/.local/lib/python3.12/site-packages/airflow/example_dags/example_latest_only_with_trigger.py for tasks to queue
[2026-04-01T13:30:45.863+0000] {logging_mixin.py:188} INFO - [2026-04-01T13:30:45.862+0000] {dagbag.py:545} INFO - Filling up the DagBag from /home/airflow/.local/lib/python3.12/site-packages/airflow/example_dags/example_latest_only_with_trigger.py
[2026-04-01T13:30:45.867+0000] {processor.py:840} INFO - DAG(s) 'latest_only_with_trigger' retrieved from /home/airflow/.local/lib/python3.12/site-packages/airflow/example_dags/example_latest_only_with_trigger.py
[2026-04-01T13:30:45.881+0000] {logging_mixin.py:188} INFO - [2026-04-01T13:30:45.881+0000] {dag.py:3096} INFO - Sync 1 DAGs
[2026-04-01T13:30:45.900+0000] {logging_mixin.py:188} INFO - [2026-04-01T13:30:45.900+0000] {dag.py:3954} INFO - Setting next_dagrun for latest_only_with_trigger to 2026-04-01 08:00:00+00:00, run_after=2026-04-01 12:00:00+00:00
[2026-04-01T13:30:45.915+0000] {processor.py:183} INFO - Processing /home/airflow/.local/lib/python3.12/site-packages/airflow/example_dags/example_latest_only_with_trigger.py took 0.059 seconds
[2026-04-01T13:31:16.376+0000] {processor.py:161} INFO - Started process (PID=3802) to work on /home/airflow/.local/lib/python3.12/site-packages/airflow/example_dags/example_latest_only_with_trigger.py
[2026-04-01T13:31:16.377+0000] {processor.py:830} INFO - Processing file /home/airflow/.local/lib/python3.12/site-packages/airflow/example_dags/example_latest_only_with_trigger.py for tasks to queue
[2026-04-01T13:31:16.378+0000] {logging_mixin.py:188} INFO - [2026-04-01T13:31:16.378+0000] {dagbag.py:545} INFO - Filling up the DagBag from /home/airflow/.local/lib/python3.12/site-packages/airflow/example_dags/example_latest_only_with_trigger.py
[2026-04-01T13:31:16.382+0000] {processor.py:840} INFO - DAG(s) 'latest_only_with_trigger' retrieved from /home/airflow/.local/lib/python3.12/site-packages/airflow/example_dags/example_latest_only_with_trigger.py
[2026-04-01T13:31:16.397+0000] {logging_mixin.py:188} INFO - [2026-04-01T13:31:16.397+0000] {dag.py:3096} INFO - Sync 1 DAGs
[2026-04-01T13:31:16.413+0000] {logging_mixin.py:188} INFO - [2026-04-01T13:31:16.413+0000] {dag.py:3954} INFO - Setting next_dagrun for latest_only_with_trigger to 2026-04-01 08:00:00+00:00, run_after=2026-04-01 12:00:00+00:00
[2026-04-01T13:31:16.431+0000] {processor.py:183} INFO - Processing /home/airflow/.local/lib/python3.12/site-packages/airflow/example_dags/example_latest_only_with_trigger.py took 0.061 seconds
