[2026-04-01T12:58:51.096+0000] {processor.py:161} INFO - Started process (PID=74) to work on /home/airflow/.local/lib/python3.12/site-packages/airflow/example_dags/example_setup_teardown.py
[2026-04-01T12:58:51.097+0000] {processor.py:830} INFO - Processing file /home/airflow/.local/lib/python3.12/site-packages/airflow/example_dags/example_setup_teardown.py for tasks to queue
[2026-04-01T12:58:51.100+0000] {logging_mixin.py:188} INFO - [2026-04-01T12:58:51.099+0000] {dagbag.py:545} INFO - Filling up the DagBag from /home/airflow/.local/lib/python3.12/site-packages/airflow/example_dags/example_setup_teardown.py
[2026-04-01T12:58:51.107+0000] {processor.py:840} INFO - DAG(s) 'example_setup_teardown' retrieved from /home/airflow/.local/lib/python3.12/site-packages/airflow/example_dags/example_setup_teardown.py
[2026-04-01T12:58:51.120+0000] {logging_mixin.py:188} INFO - [2026-04-01T12:58:51.120+0000] {dag.py:3096} INFO - Sync 1 DAGs
[2026-04-01T12:58:51.143+0000] {logging_mixin.py:188} INFO - [2026-04-01T12:58:51.143+0000] {dag.py:3954} INFO - Setting next_dagrun for example_setup_teardown to 2026-03-31 00:00:00+00:00, run_after=2026-04-01 00:00:00+00:00
[2026-04-01T12:58:51.181+0000] {processor.py:183} INFO - Processing /home/airflow/.local/lib/python3.12/site-packages/airflow/example_dags/example_setup_teardown.py took 0.092 seconds
[2026-04-01T12:59:21.546+0000] {processor.py:161} INFO - Started process (PID=132) to work on /home/airflow/.local/lib/python3.12/site-packages/airflow/example_dags/example_setup_teardown.py
[2026-04-01T12:59:21.547+0000] {processor.py:830} INFO - Processing file /home/airflow/.local/lib/python3.12/site-packages/airflow/example_dags/example_setup_teardown.py for tasks to queue
[2026-04-01T12:59:21.549+0000] {logging_mixin.py:188} INFO - [2026-04-01T12:59:21.548+0000] {dagbag.py:545} INFO - Filling up the DagBag from /home/airflow/.local/lib/python3.12/site-packages/airflow/example_dags/example_setup_teardown.py
[2026-04-01T12:59:21.554+0000] {processor.py:840} INFO - DAG(s) 'example_setup_teardown' retrieved from /home/airflow/.local/lib/python3.12/site-packages/airflow/example_dags/example_setup_teardown.py
[2026-04-01T12:59:21.635+0000] {logging_mixin.py:188} INFO - [2026-04-01T12:59:21.634+0000] {dag.py:3096} INFO - Sync 1 DAGs
[2026-04-01T12:59:21.649+0000] {logging_mixin.py:188} INFO - [2026-04-01T12:59:21.649+0000] {dag.py:3954} INFO - Setting next_dagrun for example_setup_teardown to 2026-03-31 00:00:00+00:00, run_after=2026-04-01 00:00:00+00:00
[2026-04-01T12:59:21.664+0000] {processor.py:183} INFO - Processing /home/airflow/.local/lib/python3.12/site-packages/airflow/example_dags/example_setup_teardown.py took 0.121 seconds
[2026-04-01T12:59:51.946+0000] {processor.py:161} INFO - Started process (PID=190) to work on /home/airflow/.local/lib/python3.12/site-packages/airflow/example_dags/example_setup_teardown.py
[2026-04-01T12:59:51.947+0000] {processor.py:830} INFO - Processing file /home/airflow/.local/lib/python3.12/site-packages/airflow/example_dags/example_setup_teardown.py for tasks to queue
[2026-04-01T12:59:51.948+0000] {logging_mixin.py:188} INFO - [2026-04-01T12:59:51.948+0000] {dagbag.py:545} INFO - Filling up the DagBag from /home/airflow/.local/lib/python3.12/site-packages/airflow/example_dags/example_setup_teardown.py
[2026-04-01T12:59:51.953+0000] {processor.py:840} INFO - DAG(s) 'example_setup_teardown' retrieved from /home/airflow/.local/lib/python3.12/site-packages/airflow/example_dags/example_setup_teardown.py
[2026-04-01T12:59:51.966+0000] {logging_mixin.py:188} INFO - [2026-04-01T12:59:51.966+0000] {dag.py:3096} INFO - Sync 1 DAGs
[2026-04-01T12:59:51.980+0000] {logging_mixin.py:188} INFO - [2026-04-01T12:59:51.980+0000] {dag.py:3954} INFO - Setting next_dagrun for example_setup_teardown to 2026-03-31 00:00:00+00:00, run_after=2026-04-01 00:00:00+00:00
[2026-04-01T12:59:51.994+0000] {processor.py:183} INFO - Processing /home/airflow/.local/lib/python3.12/site-packages/airflow/example_dags/example_setup_teardown.py took 0.052 seconds
[2026-04-01T13:00:22.361+0000] {processor.py:161} INFO - Started process (PID=248) to work on /home/airflow/.local/lib/python3.12/site-packages/airflow/example_dags/example_setup_teardown.py
[2026-04-01T13:00:22.362+0000] {processor.py:830} INFO - Processing file /home/airflow/.local/lib/python3.12/site-packages/airflow/example_dags/example_setup_teardown.py for tasks to queue
[2026-04-01T13:00:22.363+0000] {logging_mixin.py:188} INFO - [2026-04-01T13:00:22.363+0000] {dagbag.py:545} INFO - Filling up the DagBag from /home/airflow/.local/lib/python3.12/site-packages/airflow/example_dags/example_setup_teardown.py
[2026-04-01T13:00:22.369+0000] {processor.py:840} INFO - DAG(s) 'example_setup_teardown' retrieved from /home/airflow/.local/lib/python3.12/site-packages/airflow/example_dags/example_setup_teardown.py
[2026-04-01T13:00:22.383+0000] {logging_mixin.py:188} INFO - [2026-04-01T13:00:22.383+0000] {dag.py:3096} INFO - Sync 1 DAGs
[2026-04-01T13:00:22.399+0000] {logging_mixin.py:188} INFO - [2026-04-01T13:00:22.399+0000] {dag.py:3954} INFO - Setting next_dagrun for example_setup_teardown to 2026-03-31 00:00:00+00:00, run_after=2026-04-01 00:00:00+00:00
[2026-04-01T13:00:22.415+0000] {processor.py:183} INFO - Processing /home/airflow/.local/lib/python3.12/site-packages/airflow/example_dags/example_setup_teardown.py took 0.064 seconds
[2026-04-01T13:00:52.602+0000] {processor.py:161} INFO - Started process (PID=306) to work on /home/airflow/.local/lib/python3.12/site-packages/airflow/example_dags/example_setup_teardown.py
[2026-04-01T13:00:52.603+0000] {processor.py:830} INFO - Processing file /home/airflow/.local/lib/python3.12/site-packages/airflow/example_dags/example_setup_teardown.py for tasks to queue
[2026-04-01T13:00:52.604+0000] {logging_mixin.py:188} INFO - [2026-04-01T13:00:52.604+0000] {dagbag.py:545} INFO - Filling up the DagBag from /home/airflow/.local/lib/python3.12/site-packages/airflow/example_dags/example_setup_teardown.py
[2026-04-01T13:00:52.609+0000] {processor.py:840} INFO - DAG(s) 'example_setup_teardown' retrieved from /home/airflow/.local/lib/python3.12/site-packages/airflow/example_dags/example_setup_teardown.py
[2026-04-01T13:00:52.624+0000] {logging_mixin.py:188} INFO - [2026-04-01T13:00:52.624+0000] {dag.py:3096} INFO - Sync 1 DAGs
[2026-04-01T13:00:52.639+0000] {logging_mixin.py:188} INFO - [2026-04-01T13:00:52.639+0000] {dag.py:3954} INFO - Setting next_dagrun for example_setup_teardown to 2026-03-31 00:00:00+00:00, run_after=2026-04-01 00:00:00+00:00
[2026-04-01T13:00:52.655+0000] {processor.py:183} INFO - Processing /home/airflow/.local/lib/python3.12/site-packages/airflow/example_dags/example_setup_teardown.py took 0.058 seconds
[2026-04-01T13:01:22.714+0000] {processor.py:161} INFO - Started process (PID=364) to work on /home/airflow/.local/lib/python3.12/site-packages/airflow/example_dags/example_setup_teardown.py
[2026-04-01T13:01:22.714+0000] {processor.py:830} INFO - Processing file /home/airflow/.local/lib/python3.12/site-packages/airflow/example_dags/example_setup_teardown.py for tasks to queue
[2026-04-01T13:01:22.716+0000] {logging_mixin.py:188} INFO - [2026-04-01T13:01:22.715+0000] {dagbag.py:545} INFO - Filling up the DagBag from /home/airflow/.local/lib/python3.12/site-packages/airflow/example_dags/example_setup_teardown.py
[2026-04-01T13:01:22.721+0000] {processor.py:840} INFO - DAG(s) 'example_setup_teardown' retrieved from /home/airflow/.local/lib/python3.12/site-packages/airflow/example_dags/example_setup_teardown.py
[2026-04-01T13:01:22.737+0000] {logging_mixin.py:188} INFO - [2026-04-01T13:01:22.737+0000] {dag.py:3096} INFO - Sync 1 DAGs
[2026-04-01T13:01:22.756+0000] {logging_mixin.py:188} INFO - [2026-04-01T13:01:22.756+0000] {dag.py:3954} INFO - Setting next_dagrun for example_setup_teardown to 2026-03-31 00:00:00+00:00, run_after=2026-04-01 00:00:00+00:00
[2026-04-01T13:01:22.772+0000] {processor.py:183} INFO - Processing /home/airflow/.local/lib/python3.12/site-packages/airflow/example_dags/example_setup_teardown.py took 0.063 seconds
[2026-04-01T13:01:52.943+0000] {processor.py:161} INFO - Started process (PID=422) to work on /home/airflow/.local/lib/python3.12/site-packages/airflow/example_dags/example_setup_teardown.py
[2026-04-01T13:01:52.944+0000] {processor.py:830} INFO - Processing file /home/airflow/.local/lib/python3.12/site-packages/airflow/example_dags/example_setup_teardown.py for tasks to queue
[2026-04-01T13:01:52.946+0000] {logging_mixin.py:188} INFO - [2026-04-01T13:01:52.945+0000] {dagbag.py:545} INFO - Filling up the DagBag from /home/airflow/.local/lib/python3.12/site-packages/airflow/example_dags/example_setup_teardown.py
[2026-04-01T13:01:52.951+0000] {processor.py:840} INFO - DAG(s) 'example_setup_teardown' retrieved from /home/airflow/.local/lib/python3.12/site-packages/airflow/example_dags/example_setup_teardown.py
[2026-04-01T13:01:52.967+0000] {logging_mixin.py:188} INFO - [2026-04-01T13:01:52.967+0000] {dag.py:3096} INFO - Sync 1 DAGs
[2026-04-01T13:01:52.982+0000] {logging_mixin.py:188} INFO - [2026-04-01T13:01:52.982+0000] {dag.py:3954} INFO - Setting next_dagrun for example_setup_teardown to 2026-03-31 00:00:00+00:00, run_after=2026-04-01 00:00:00+00:00
[2026-04-01T13:01:53.002+0000] {processor.py:183} INFO - Processing /home/airflow/.local/lib/python3.12/site-packages/airflow/example_dags/example_setup_teardown.py took 0.064 seconds
[2026-04-01T13:02:23.186+0000] {processor.py:161} INFO - Started process (PID=480) to work on /home/airflow/.local/lib/python3.12/site-packages/airflow/example_dags/example_setup_teardown.py
[2026-04-01T13:02:23.187+0000] {processor.py:830} INFO - Processing file /home/airflow/.local/lib/python3.12/site-packages/airflow/example_dags/example_setup_teardown.py for tasks to queue
[2026-04-01T13:02:23.189+0000] {logging_mixin.py:188} INFO - [2026-04-01T13:02:23.189+0000] {dagbag.py:545} INFO - Filling up the DagBag from /home/airflow/.local/lib/python3.12/site-packages/airflow/example_dags/example_setup_teardown.py
[2026-04-01T13:02:23.197+0000] {processor.py:840} INFO - DAG(s) 'example_setup_teardown' retrieved from /home/airflow/.local/lib/python3.12/site-packages/airflow/example_dags/example_setup_teardown.py
[2026-04-01T13:02:23.216+0000] {logging_mixin.py:188} INFO - [2026-04-01T13:02:23.216+0000] {dag.py:3096} INFO - Sync 1 DAGs
[2026-04-01T13:02:23.234+0000] {logging_mixin.py:188} INFO - [2026-04-01T13:02:23.234+0000] {dag.py:3954} INFO - Setting next_dagrun for example_setup_teardown to 2026-03-31 00:00:00+00:00, run_after=2026-04-01 00:00:00+00:00
[2026-04-01T13:02:23.251+0000] {processor.py:183} INFO - Processing /home/airflow/.local/lib/python3.12/site-packages/airflow/example_dags/example_setup_teardown.py took 0.071 seconds
[2026-04-01T13:02:53.371+0000] {processor.py:161} INFO - Started process (PID=538) to work on /home/airflow/.local/lib/python3.12/site-packages/airflow/example_dags/example_setup_teardown.py
[2026-04-01T13:02:53.372+0000] {processor.py:830} INFO - Processing file /home/airflow/.local/lib/python3.12/site-packages/airflow/example_dags/example_setup_teardown.py for tasks to queue
[2026-04-01T13:02:53.373+0000] {logging_mixin.py:188} INFO - [2026-04-01T13:02:53.373+0000] {dagbag.py:545} INFO - Filling up the DagBag from /home/airflow/.local/lib/python3.12/site-packages/airflow/example_dags/example_setup_teardown.py
[2026-04-01T13:02:53.379+0000] {processor.py:840} INFO - DAG(s) 'example_setup_teardown' retrieved from /home/airflow/.local/lib/python3.12/site-packages/airflow/example_dags/example_setup_teardown.py
[2026-04-01T13:02:53.395+0000] {logging_mixin.py:188} INFO - [2026-04-01T13:02:53.395+0000] {dag.py:3096} INFO - Sync 1 DAGs
[2026-04-01T13:02:53.411+0000] {logging_mixin.py:188} INFO - [2026-04-01T13:02:53.411+0000] {dag.py:3954} INFO - Setting next_dagrun for example_setup_teardown to 2026-03-31 00:00:00+00:00, run_after=2026-04-01 00:00:00+00:00
[2026-04-01T13:02:53.428+0000] {processor.py:183} INFO - Processing /home/airflow/.local/lib/python3.12/site-packages/airflow/example_dags/example_setup_teardown.py took 0.062 seconds
[2026-04-01T13:03:23.537+0000] {processor.py:161} INFO - Started process (PID=596) to work on /home/airflow/.local/lib/python3.12/site-packages/airflow/example_dags/example_setup_teardown.py
[2026-04-01T13:03:23.538+0000] {processor.py:830} INFO - Processing file /home/airflow/.local/lib/python3.12/site-packages/airflow/example_dags/example_setup_teardown.py for tasks to queue
[2026-04-01T13:03:23.540+0000] {logging_mixin.py:188} INFO - [2026-04-01T13:03:23.539+0000] {dagbag.py:545} INFO - Filling up the DagBag from /home/airflow/.local/lib/python3.12/site-packages/airflow/example_dags/example_setup_teardown.py
[2026-04-01T13:03:23.545+0000] {processor.py:840} INFO - DAG(s) 'example_setup_teardown' retrieved from /home/airflow/.local/lib/python3.12/site-packages/airflow/example_dags/example_setup_teardown.py
[2026-04-01T13:03:23.561+0000] {logging_mixin.py:188} INFO - [2026-04-01T13:03:23.561+0000] {dag.py:3096} INFO - Sync 1 DAGs
[2026-04-01T13:03:23.576+0000] {logging_mixin.py:188} INFO - [2026-04-01T13:03:23.576+0000] {dag.py:3954} INFO - Setting next_dagrun for example_setup_teardown to 2026-03-31 00:00:00+00:00, run_after=2026-04-01 00:00:00+00:00
[2026-04-01T13:03:23.593+0000] {processor.py:183} INFO - Processing /home/airflow/.local/lib/python3.12/site-packages/airflow/example_dags/example_setup_teardown.py took 0.060 seconds
[2026-04-01T13:03:53.867+0000] {processor.py:161} INFO - Started process (PID=654) to work on /home/airflow/.local/lib/python3.12/site-packages/airflow/example_dags/example_setup_teardown.py
[2026-04-01T13:03:53.868+0000] {processor.py:830} INFO - Processing file /home/airflow/.local/lib/python3.12/site-packages/airflow/example_dags/example_setup_teardown.py for tasks to queue
[2026-04-01T13:03:53.870+0000] {logging_mixin.py:188} INFO - [2026-04-01T13:03:53.869+0000] {dagbag.py:545} INFO - Filling up the DagBag from /home/airflow/.local/lib/python3.12/site-packages/airflow/example_dags/example_setup_teardown.py
[2026-04-01T13:03:53.876+0000] {processor.py:840} INFO - DAG(s) 'example_setup_teardown' retrieved from /home/airflow/.local/lib/python3.12/site-packages/airflow/example_dags/example_setup_teardown.py
[2026-04-01T13:03:53.890+0000] {logging_mixin.py:188} INFO - [2026-04-01T13:03:53.890+0000] {dag.py:3096} INFO - Sync 1 DAGs
[2026-04-01T13:03:53.905+0000] {logging_mixin.py:188} INFO - [2026-04-01T13:03:53.905+0000] {dag.py:3954} INFO - Setting next_dagrun for example_setup_teardown to 2026-03-31 00:00:00+00:00, run_after=2026-04-01 00:00:00+00:00
[2026-04-01T13:03:53.921+0000] {processor.py:183} INFO - Processing /home/airflow/.local/lib/python3.12/site-packages/airflow/example_dags/example_setup_teardown.py took 0.059 seconds
[2026-04-01T13:04:24.233+0000] {processor.py:161} INFO - Started process (PID=712) to work on /home/airflow/.local/lib/python3.12/site-packages/airflow/example_dags/example_setup_teardown.py
[2026-04-01T13:04:24.234+0000] {processor.py:830} INFO - Processing file /home/airflow/.local/lib/python3.12/site-packages/airflow/example_dags/example_setup_teardown.py for tasks to queue
[2026-04-01T13:04:24.235+0000] {logging_mixin.py:188} INFO - [2026-04-01T13:04:24.235+0000] {dagbag.py:545} INFO - Filling up the DagBag from /home/airflow/.local/lib/python3.12/site-packages/airflow/example_dags/example_setup_teardown.py
[2026-04-01T13:04:24.242+0000] {processor.py:840} INFO - DAG(s) 'example_setup_teardown' retrieved from /home/airflow/.local/lib/python3.12/site-packages/airflow/example_dags/example_setup_teardown.py
[2026-04-01T13:04:24.258+0000] {logging_mixin.py:188} INFO - [2026-04-01T13:04:24.257+0000] {dag.py:3096} INFO - Sync 1 DAGs
[2026-04-01T13:04:24.273+0000] {logging_mixin.py:188} INFO - [2026-04-01T13:04:24.273+0000] {dag.py:3954} INFO - Setting next_dagrun for example_setup_teardown to 2026-03-31 00:00:00+00:00, run_after=2026-04-01 00:00:00+00:00
[2026-04-01T13:04:24.289+0000] {processor.py:183} INFO - Processing /home/airflow/.local/lib/python3.12/site-packages/airflow/example_dags/example_setup_teardown.py took 0.060 seconds
[2026-04-01T13:04:54.379+0000] {processor.py:161} INFO - Started process (PID=770) to work on /home/airflow/.local/lib/python3.12/site-packages/airflow/example_dags/example_setup_teardown.py
[2026-04-01T13:04:54.380+0000] {processor.py:830} INFO - Processing file /home/airflow/.local/lib/python3.12/site-packages/airflow/example_dags/example_setup_teardown.py for tasks to queue
[2026-04-01T13:04:54.382+0000] {logging_mixin.py:188} INFO - [2026-04-01T13:04:54.382+0000] {dagbag.py:545} INFO - Filling up the DagBag from /home/airflow/.local/lib/python3.12/site-packages/airflow/example_dags/example_setup_teardown.py
[2026-04-01T13:04:54.387+0000] {processor.py:840} INFO - DAG(s) 'example_setup_teardown' retrieved from /home/airflow/.local/lib/python3.12/site-packages/airflow/example_dags/example_setup_teardown.py
[2026-04-01T13:04:54.406+0000] {logging_mixin.py:188} INFO - [2026-04-01T13:04:54.406+0000] {dag.py:3096} INFO - Sync 1 DAGs
[2026-04-01T13:04:54.422+0000] {logging_mixin.py:188} INFO - [2026-04-01T13:04:54.422+0000] {dag.py:3954} INFO - Setting next_dagrun for example_setup_teardown to 2026-03-31 00:00:00+00:00, run_after=2026-04-01 00:00:00+00:00
[2026-04-01T13:04:54.439+0000] {processor.py:183} INFO - Processing /home/airflow/.local/lib/python3.12/site-packages/airflow/example_dags/example_setup_teardown.py took 0.064 seconds
[2026-04-01T13:05:24.573+0000] {processor.py:161} INFO - Started process (PID=828) to work on /home/airflow/.local/lib/python3.12/site-packages/airflow/example_dags/example_setup_teardown.py
[2026-04-01T13:05:24.574+0000] {processor.py:830} INFO - Processing file /home/airflow/.local/lib/python3.12/site-packages/airflow/example_dags/example_setup_teardown.py for tasks to queue
[2026-04-01T13:05:24.575+0000] {logging_mixin.py:188} INFO - [2026-04-01T13:05:24.575+0000] {dagbag.py:545} INFO - Filling up the DagBag from /home/airflow/.local/lib/python3.12/site-packages/airflow/example_dags/example_setup_teardown.py
[2026-04-01T13:05:24.582+0000] {processor.py:840} INFO - DAG(s) 'example_setup_teardown' retrieved from /home/airflow/.local/lib/python3.12/site-packages/airflow/example_dags/example_setup_teardown.py
[2026-04-01T13:05:24.598+0000] {logging_mixin.py:188} INFO - [2026-04-01T13:05:24.598+0000] {dag.py:3096} INFO - Sync 1 DAGs
[2026-04-01T13:05:24.613+0000] {logging_mixin.py:188} INFO - [2026-04-01T13:05:24.613+0000] {dag.py:3954} INFO - Setting next_dagrun for example_setup_teardown to 2026-03-31 00:00:00+00:00, run_after=2026-04-01 00:00:00+00:00
[2026-04-01T13:05:24.630+0000] {processor.py:183} INFO - Processing /home/airflow/.local/lib/python3.12/site-packages/airflow/example_dags/example_setup_teardown.py took 0.063 seconds
[2026-04-01T13:05:54.701+0000] {processor.py:161} INFO - Started process (PID=886) to work on /home/airflow/.local/lib/python3.12/site-packages/airflow/example_dags/example_setup_teardown.py
[2026-04-01T13:05:54.701+0000] {processor.py:830} INFO - Processing file /home/airflow/.local/lib/python3.12/site-packages/airflow/example_dags/example_setup_teardown.py for tasks to queue
[2026-04-01T13:05:54.703+0000] {logging_mixin.py:188} INFO - [2026-04-01T13:05:54.702+0000] {dagbag.py:545} INFO - Filling up the DagBag from /home/airflow/.local/lib/python3.12/site-packages/airflow/example_dags/example_setup_teardown.py
[2026-04-01T13:05:54.709+0000] {processor.py:840} INFO - DAG(s) 'example_setup_teardown' retrieved from /home/airflow/.local/lib/python3.12/site-packages/airflow/example_dags/example_setup_teardown.py
[2026-04-01T13:05:54.724+0000] {logging_mixin.py:188} INFO - [2026-04-01T13:05:54.724+0000] {dag.py:3096} INFO - Sync 1 DAGs
[2026-04-01T13:05:54.741+0000] {logging_mixin.py:188} INFO - [2026-04-01T13:05:54.741+0000] {dag.py:3954} INFO - Setting next_dagrun for example_setup_teardown to 2026-03-31 00:00:00+00:00, run_after=2026-04-01 00:00:00+00:00
[2026-04-01T13:05:54.757+0000] {processor.py:183} INFO - Processing /home/airflow/.local/lib/python3.12/site-packages/airflow/example_dags/example_setup_teardown.py took 0.061 seconds
[2026-04-01T13:06:24.997+0000] {processor.py:161} INFO - Started process (PID=944) to work on /home/airflow/.local/lib/python3.12/site-packages/airflow/example_dags/example_setup_teardown.py
[2026-04-01T13:06:24.998+0000] {processor.py:830} INFO - Processing file /home/airflow/.local/lib/python3.12/site-packages/airflow/example_dags/example_setup_teardown.py for tasks to queue
[2026-04-01T13:06:25.000+0000] {logging_mixin.py:188} INFO - [2026-04-01T13:06:25.000+0000] {dagbag.py:545} INFO - Filling up the DagBag from /home/airflow/.local/lib/python3.12/site-packages/airflow/example_dags/example_setup_teardown.py
[2026-04-01T13:06:25.007+0000] {processor.py:840} INFO - DAG(s) 'example_setup_teardown' retrieved from /home/airflow/.local/lib/python3.12/site-packages/airflow/example_dags/example_setup_teardown.py
[2026-04-01T13:06:25.029+0000] {logging_mixin.py:188} INFO - [2026-04-01T13:06:25.028+0000] {dag.py:3096} INFO - Sync 1 DAGs
[2026-04-01T13:06:25.050+0000] {logging_mixin.py:188} INFO - [2026-04-01T13:06:25.049+0000] {dag.py:3954} INFO - Setting next_dagrun for example_setup_teardown to 2026-03-31 00:00:00+00:00, run_after=2026-04-01 00:00:00+00:00
[2026-04-01T13:06:25.066+0000] {processor.py:183} INFO - Processing /home/airflow/.local/lib/python3.12/site-packages/airflow/example_dags/example_setup_teardown.py took 0.073 seconds
[2026-04-01T13:06:55.336+0000] {processor.py:161} INFO - Started process (PID=1002) to work on /home/airflow/.local/lib/python3.12/site-packages/airflow/example_dags/example_setup_teardown.py
[2026-04-01T13:06:55.337+0000] {processor.py:830} INFO - Processing file /home/airflow/.local/lib/python3.12/site-packages/airflow/example_dags/example_setup_teardown.py for tasks to queue
[2026-04-01T13:06:55.338+0000] {logging_mixin.py:188} INFO - [2026-04-01T13:06:55.338+0000] {dagbag.py:545} INFO - Filling up the DagBag from /home/airflow/.local/lib/python3.12/site-packages/airflow/example_dags/example_setup_teardown.py
[2026-04-01T13:06:55.343+0000] {processor.py:840} INFO - DAG(s) 'example_setup_teardown' retrieved from /home/airflow/.local/lib/python3.12/site-packages/airflow/example_dags/example_setup_teardown.py
[2026-04-01T13:06:55.358+0000] {logging_mixin.py:188} INFO - [2026-04-01T13:06:55.358+0000] {dag.py:3096} INFO - Sync 1 DAGs
[2026-04-01T13:06:55.372+0000] {logging_mixin.py:188} INFO - [2026-04-01T13:06:55.372+0000] {dag.py:3954} INFO - Setting next_dagrun for example_setup_teardown to 2026-03-31 00:00:00+00:00, run_after=2026-04-01 00:00:00+00:00
[2026-04-01T13:06:55.389+0000] {processor.py:183} INFO - Processing /home/airflow/.local/lib/python3.12/site-packages/airflow/example_dags/example_setup_teardown.py took 0.057 seconds
[2026-04-01T13:07:25.533+0000] {processor.py:161} INFO - Started process (PID=1060) to work on /home/airflow/.local/lib/python3.12/site-packages/airflow/example_dags/example_setup_teardown.py
[2026-04-01T13:07:25.534+0000] {processor.py:830} INFO - Processing file /home/airflow/.local/lib/python3.12/site-packages/airflow/example_dags/example_setup_teardown.py for tasks to queue
[2026-04-01T13:07:25.535+0000] {logging_mixin.py:188} INFO - [2026-04-01T13:07:25.535+0000] {dagbag.py:545} INFO - Filling up the DagBag from /home/airflow/.local/lib/python3.12/site-packages/airflow/example_dags/example_setup_teardown.py
[2026-04-01T13:07:25.540+0000] {processor.py:840} INFO - DAG(s) 'example_setup_teardown' retrieved from /home/airflow/.local/lib/python3.12/site-packages/airflow/example_dags/example_setup_teardown.py
[2026-04-01T13:07:25.557+0000] {logging_mixin.py:188} INFO - [2026-04-01T13:07:25.557+0000] {dag.py:3096} INFO - Sync 1 DAGs
[2026-04-01T13:07:25.574+0000] {logging_mixin.py:188} INFO - [2026-04-01T13:07:25.573+0000] {dag.py:3954} INFO - Setting next_dagrun for example_setup_teardown to 2026-03-31 00:00:00+00:00, run_after=2026-04-01 00:00:00+00:00
[2026-04-01T13:07:25.590+0000] {processor.py:183} INFO - Processing /home/airflow/.local/lib/python3.12/site-packages/airflow/example_dags/example_setup_teardown.py took 0.062 seconds
[2026-04-01T13:07:55.717+0000] {processor.py:161} INFO - Started process (PID=1117) to work on /home/airflow/.local/lib/python3.12/site-packages/airflow/example_dags/example_setup_teardown.py
[2026-04-01T13:07:55.718+0000] {processor.py:830} INFO - Processing file /home/airflow/.local/lib/python3.12/site-packages/airflow/example_dags/example_setup_teardown.py for tasks to queue
[2026-04-01T13:07:55.719+0000] {logging_mixin.py:188} INFO - [2026-04-01T13:07:55.719+0000] {dagbag.py:545} INFO - Filling up the DagBag from /home/airflow/.local/lib/python3.12/site-packages/airflow/example_dags/example_setup_teardown.py
[2026-04-01T13:07:55.724+0000] {processor.py:840} INFO - DAG(s) 'example_setup_teardown' retrieved from /home/airflow/.local/lib/python3.12/site-packages/airflow/example_dags/example_setup_teardown.py
[2026-04-01T13:07:55.738+0000] {logging_mixin.py:188} INFO - [2026-04-01T13:07:55.738+0000] {dag.py:3096} INFO - Sync 1 DAGs
[2026-04-01T13:07:55.756+0000] {logging_mixin.py:188} INFO - [2026-04-01T13:07:55.756+0000] {dag.py:3954} INFO - Setting next_dagrun for example_setup_teardown to 2026-03-31 00:00:00+00:00, run_after=2026-04-01 00:00:00+00:00
[2026-04-01T13:07:55.771+0000] {processor.py:183} INFO - Processing /home/airflow/.local/lib/python3.12/site-packages/airflow/example_dags/example_setup_teardown.py took 0.059 seconds
[2026-04-01T13:08:25.918+0000] {processor.py:161} INFO - Started process (PID=1175) to work on /home/airflow/.local/lib/python3.12/site-packages/airflow/example_dags/example_setup_teardown.py
[2026-04-01T13:08:25.919+0000] {processor.py:830} INFO - Processing file /home/airflow/.local/lib/python3.12/site-packages/airflow/example_dags/example_setup_teardown.py for tasks to queue
[2026-04-01T13:08:25.921+0000] {logging_mixin.py:188} INFO - [2026-04-01T13:08:25.920+0000] {dagbag.py:545} INFO - Filling up the DagBag from /home/airflow/.local/lib/python3.12/site-packages/airflow/example_dags/example_setup_teardown.py
[2026-04-01T13:08:25.926+0000] {processor.py:840} INFO - DAG(s) 'example_setup_teardown' retrieved from /home/airflow/.local/lib/python3.12/site-packages/airflow/example_dags/example_setup_teardown.py
[2026-04-01T13:08:25.940+0000] {logging_mixin.py:188} INFO - [2026-04-01T13:08:25.939+0000] {dag.py:3096} INFO - Sync 1 DAGs
[2026-04-01T13:08:25.955+0000] {logging_mixin.py:188} INFO - [2026-04-01T13:08:25.955+0000] {dag.py:3954} INFO - Setting next_dagrun for example_setup_teardown to 2026-03-31 00:00:00+00:00, run_after=2026-04-01 00:00:00+00:00
[2026-04-01T13:08:25.973+0000] {processor.py:183} INFO - Processing /home/airflow/.local/lib/python3.12/site-packages/airflow/example_dags/example_setup_teardown.py took 0.059 seconds
[2026-04-01T13:08:56.297+0000] {processor.py:161} INFO - Started process (PID=1233) to work on /home/airflow/.local/lib/python3.12/site-packages/airflow/example_dags/example_setup_teardown.py
[2026-04-01T13:08:56.298+0000] {processor.py:830} INFO - Processing file /home/airflow/.local/lib/python3.12/site-packages/airflow/example_dags/example_setup_teardown.py for tasks to queue
[2026-04-01T13:08:56.299+0000] {logging_mixin.py:188} INFO - [2026-04-01T13:08:56.299+0000] {dagbag.py:545} INFO - Filling up the DagBag from /home/airflow/.local/lib/python3.12/site-packages/airflow/example_dags/example_setup_teardown.py
[2026-04-01T13:08:56.305+0000] {processor.py:840} INFO - DAG(s) 'example_setup_teardown' retrieved from /home/airflow/.local/lib/python3.12/site-packages/airflow/example_dags/example_setup_teardown.py
[2026-04-01T13:08:56.322+0000] {logging_mixin.py:188} INFO - [2026-04-01T13:08:56.322+0000] {dag.py:3096} INFO - Sync 1 DAGs
[2026-04-01T13:08:56.342+0000] {logging_mixin.py:188} INFO - [2026-04-01T13:08:56.341+0000] {dag.py:3954} INFO - Setting next_dagrun for example_setup_teardown to 2026-03-31 00:00:00+00:00, run_after=2026-04-01 00:00:00+00:00
[2026-04-01T13:08:56.357+0000] {processor.py:183} INFO - Processing /home/airflow/.local/lib/python3.12/site-packages/airflow/example_dags/example_setup_teardown.py took 0.065 seconds
[2026-04-01T13:09:26.721+0000] {processor.py:161} INFO - Started process (PID=1291) to work on /home/airflow/.local/lib/python3.12/site-packages/airflow/example_dags/example_setup_teardown.py
[2026-04-01T13:09:26.722+0000] {processor.py:830} INFO - Processing file /home/airflow/.local/lib/python3.12/site-packages/airflow/example_dags/example_setup_teardown.py for tasks to queue
[2026-04-01T13:09:26.724+0000] {logging_mixin.py:188} INFO - [2026-04-01T13:09:26.724+0000] {dagbag.py:545} INFO - Filling up the DagBag from /home/airflow/.local/lib/python3.12/site-packages/airflow/example_dags/example_setup_teardown.py
[2026-04-01T13:09:26.730+0000] {processor.py:840} INFO - DAG(s) 'example_setup_teardown' retrieved from /home/airflow/.local/lib/python3.12/site-packages/airflow/example_dags/example_setup_teardown.py
[2026-04-01T13:09:26.745+0000] {logging_mixin.py:188} INFO - [2026-04-01T13:09:26.745+0000] {dag.py:3096} INFO - Sync 1 DAGs
[2026-04-01T13:09:26.760+0000] {logging_mixin.py:188} INFO - [2026-04-01T13:09:26.760+0000] {dag.py:3954} INFO - Setting next_dagrun for example_setup_teardown to 2026-03-31 00:00:00+00:00, run_after=2026-04-01 00:00:00+00:00
[2026-04-01T13:09:26.773+0000] {processor.py:183} INFO - Processing /home/airflow/.local/lib/python3.12/site-packages/airflow/example_dags/example_setup_teardown.py took 0.056 seconds
[2026-04-01T13:09:57.116+0000] {processor.py:161} INFO - Started process (PID=1349) to work on /home/airflow/.local/lib/python3.12/site-packages/airflow/example_dags/example_setup_teardown.py
[2026-04-01T13:09:57.117+0000] {processor.py:830} INFO - Processing file /home/airflow/.local/lib/python3.12/site-packages/airflow/example_dags/example_setup_teardown.py for tasks to queue
[2026-04-01T13:09:57.119+0000] {logging_mixin.py:188} INFO - [2026-04-01T13:09:57.119+0000] {dagbag.py:545} INFO - Filling up the DagBag from /home/airflow/.local/lib/python3.12/site-packages/airflow/example_dags/example_setup_teardown.py
[2026-04-01T13:09:57.125+0000] {processor.py:840} INFO - DAG(s) 'example_setup_teardown' retrieved from /home/airflow/.local/lib/python3.12/site-packages/airflow/example_dags/example_setup_teardown.py
[2026-04-01T13:09:57.143+0000] {logging_mixin.py:188} INFO - [2026-04-01T13:09:57.142+0000] {dag.py:3096} INFO - Sync 1 DAGs
[2026-04-01T13:09:57.163+0000] {logging_mixin.py:188} INFO - [2026-04-01T13:09:57.163+0000] {dag.py:3954} INFO - Setting next_dagrun for example_setup_teardown to 2026-03-31 00:00:00+00:00, run_after=2026-04-01 00:00:00+00:00
[2026-04-01T13:09:57.183+0000] {processor.py:183} INFO - Processing /home/airflow/.local/lib/python3.12/site-packages/airflow/example_dags/example_setup_teardown.py took 0.072 seconds
[2026-04-01T13:10:27.270+0000] {processor.py:161} INFO - Started process (PID=1407) to work on /home/airflow/.local/lib/python3.12/site-packages/airflow/example_dags/example_setup_teardown.py
[2026-04-01T13:10:27.271+0000] {processor.py:830} INFO - Processing file /home/airflow/.local/lib/python3.12/site-packages/airflow/example_dags/example_setup_teardown.py for tasks to queue
[2026-04-01T13:10:27.273+0000] {logging_mixin.py:188} INFO - [2026-04-01T13:10:27.273+0000] {dagbag.py:545} INFO - Filling up the DagBag from /home/airflow/.local/lib/python3.12/site-packages/airflow/example_dags/example_setup_teardown.py
[2026-04-01T13:10:27.278+0000] {processor.py:840} INFO - DAG(s) 'example_setup_teardown' retrieved from /home/airflow/.local/lib/python3.12/site-packages/airflow/example_dags/example_setup_teardown.py
[2026-04-01T13:10:27.292+0000] {logging_mixin.py:188} INFO - [2026-04-01T13:10:27.292+0000] {dag.py:3096} INFO - Sync 1 DAGs
[2026-04-01T13:10:27.307+0000] {logging_mixin.py:188} INFO - [2026-04-01T13:10:27.307+0000] {dag.py:3954} INFO - Setting next_dagrun for example_setup_teardown to 2026-03-31 00:00:00+00:00, run_after=2026-04-01 00:00:00+00:00
[2026-04-01T13:10:27.330+0000] {processor.py:183} INFO - Processing /home/airflow/.local/lib/python3.12/site-packages/airflow/example_dags/example_setup_teardown.py took 0.064 seconds
[2026-04-01T13:10:57.888+0000] {processor.py:161} INFO - Started process (PID=1465) to work on /home/airflow/.local/lib/python3.12/site-packages/airflow/example_dags/example_setup_teardown.py
[2026-04-01T13:10:57.888+0000] {processor.py:830} INFO - Processing file /home/airflow/.local/lib/python3.12/site-packages/airflow/example_dags/example_setup_teardown.py for tasks to queue
[2026-04-01T13:10:57.890+0000] {logging_mixin.py:188} INFO - [2026-04-01T13:10:57.890+0000] {dagbag.py:545} INFO - Filling up the DagBag from /home/airflow/.local/lib/python3.12/site-packages/airflow/example_dags/example_setup_teardown.py
[2026-04-01T13:10:57.895+0000] {processor.py:840} INFO - DAG(s) 'example_setup_teardown' retrieved from /home/airflow/.local/lib/python3.12/site-packages/airflow/example_dags/example_setup_teardown.py
[2026-04-01T13:10:57.912+0000] {logging_mixin.py:188} INFO - [2026-04-01T13:10:57.912+0000] {dag.py:3096} INFO - Sync 1 DAGs
[2026-04-01T13:10:57.930+0000] {logging_mixin.py:188} INFO - [2026-04-01T13:10:57.930+0000] {dag.py:3954} INFO - Setting next_dagrun for example_setup_teardown to 2026-03-31 00:00:00+00:00, run_after=2026-04-01 00:00:00+00:00
[2026-04-01T13:10:57.947+0000] {processor.py:183} INFO - Processing /home/airflow/.local/lib/python3.12/site-packages/airflow/example_dags/example_setup_teardown.py took 0.064 seconds
[2026-04-01T13:11:28.232+0000] {processor.py:161} INFO - Started process (PID=1523) to work on /home/airflow/.local/lib/python3.12/site-packages/airflow/example_dags/example_setup_teardown.py
[2026-04-01T13:11:28.233+0000] {processor.py:830} INFO - Processing file /home/airflow/.local/lib/python3.12/site-packages/airflow/example_dags/example_setup_teardown.py for tasks to queue
[2026-04-01T13:11:28.236+0000] {logging_mixin.py:188} INFO - [2026-04-01T13:11:28.235+0000] {dagbag.py:545} INFO - Filling up the DagBag from /home/airflow/.local/lib/python3.12/site-packages/airflow/example_dags/example_setup_teardown.py
[2026-04-01T13:11:28.241+0000] {processor.py:840} INFO - DAG(s) 'example_setup_teardown' retrieved from /home/airflow/.local/lib/python3.12/site-packages/airflow/example_dags/example_setup_teardown.py
[2026-04-01T13:11:28.256+0000] {logging_mixin.py:188} INFO - [2026-04-01T13:11:28.256+0000] {dag.py:3096} INFO - Sync 1 DAGs
[2026-04-01T13:11:28.270+0000] {logging_mixin.py:188} INFO - [2026-04-01T13:11:28.270+0000] {dag.py:3954} INFO - Setting next_dagrun for example_setup_teardown to 2026-03-31 00:00:00+00:00, run_after=2026-04-01 00:00:00+00:00
[2026-04-01T13:11:28.285+0000] {processor.py:183} INFO - Processing /home/airflow/.local/lib/python3.12/site-packages/airflow/example_dags/example_setup_teardown.py took 0.059 seconds
[2026-04-01T13:11:58.676+0000] {processor.py:161} INFO - Started process (PID=1581) to work on /home/airflow/.local/lib/python3.12/site-packages/airflow/example_dags/example_setup_teardown.py
[2026-04-01T13:11:58.676+0000] {processor.py:830} INFO - Processing file /home/airflow/.local/lib/python3.12/site-packages/airflow/example_dags/example_setup_teardown.py for tasks to queue
[2026-04-01T13:11:58.679+0000] {logging_mixin.py:188} INFO - [2026-04-01T13:11:58.679+0000] {dagbag.py:545} INFO - Filling up the DagBag from /home/airflow/.local/lib/python3.12/site-packages/airflow/example_dags/example_setup_teardown.py
[2026-04-01T13:11:58.687+0000] {processor.py:840} INFO - DAG(s) 'example_setup_teardown' retrieved from /home/airflow/.local/lib/python3.12/site-packages/airflow/example_dags/example_setup_teardown.py
[2026-04-01T13:11:58.707+0000] {logging_mixin.py:188} INFO - [2026-04-01T13:11:58.707+0000] {dag.py:3096} INFO - Sync 1 DAGs
[2026-04-01T13:11:58.725+0000] {logging_mixin.py:188} INFO - [2026-04-01T13:11:58.725+0000] {dag.py:3954} INFO - Setting next_dagrun for example_setup_teardown to 2026-03-31 00:00:00+00:00, run_after=2026-04-01 00:00:00+00:00
[2026-04-01T13:11:58.743+0000] {processor.py:183} INFO - Processing /home/airflow/.local/lib/python3.12/site-packages/airflow/example_dags/example_setup_teardown.py took 0.073 seconds
[2026-04-01T13:12:29.041+0000] {processor.py:161} INFO - Started process (PID=1639) to work on /home/airflow/.local/lib/python3.12/site-packages/airflow/example_dags/example_setup_teardown.py
[2026-04-01T13:12:29.041+0000] {processor.py:830} INFO - Processing file /home/airflow/.local/lib/python3.12/site-packages/airflow/example_dags/example_setup_teardown.py for tasks to queue
[2026-04-01T13:12:29.043+0000] {logging_mixin.py:188} INFO - [2026-04-01T13:12:29.043+0000] {dagbag.py:545} INFO - Filling up the DagBag from /home/airflow/.local/lib/python3.12/site-packages/airflow/example_dags/example_setup_teardown.py
[2026-04-01T13:12:29.048+0000] {processor.py:840} INFO - DAG(s) 'example_setup_teardown' retrieved from /home/airflow/.local/lib/python3.12/site-packages/airflow/example_dags/example_setup_teardown.py
[2026-04-01T13:12:29.063+0000] {logging_mixin.py:188} INFO - [2026-04-01T13:12:29.062+0000] {dag.py:3096} INFO - Sync 1 DAGs
[2026-04-01T13:12:29.080+0000] {logging_mixin.py:188} INFO - [2026-04-01T13:12:29.080+0000] {dag.py:3954} INFO - Setting next_dagrun for example_setup_teardown to 2026-03-31 00:00:00+00:00, run_after=2026-04-01 00:00:00+00:00
[2026-04-01T13:12:29.098+0000] {processor.py:183} INFO - Processing /home/airflow/.local/lib/python3.12/site-packages/airflow/example_dags/example_setup_teardown.py took 0.063 seconds
[2026-04-01T13:12:59.299+0000] {processor.py:161} INFO - Started process (PID=1697) to work on /home/airflow/.local/lib/python3.12/site-packages/airflow/example_dags/example_setup_teardown.py
[2026-04-01T13:12:59.300+0000] {processor.py:830} INFO - Processing file /home/airflow/.local/lib/python3.12/site-packages/airflow/example_dags/example_setup_teardown.py for tasks to queue
[2026-04-01T13:12:59.305+0000] {logging_mixin.py:188} INFO - [2026-04-01T13:12:59.304+0000] {dagbag.py:545} INFO - Filling up the DagBag from /home/airflow/.local/lib/python3.12/site-packages/airflow/example_dags/example_setup_teardown.py
[2026-04-01T13:12:59.311+0000] {processor.py:840} INFO - DAG(s) 'example_setup_teardown' retrieved from /home/airflow/.local/lib/python3.12/site-packages/airflow/example_dags/example_setup_teardown.py
[2026-04-01T13:12:59.327+0000] {logging_mixin.py:188} INFO - [2026-04-01T13:12:59.327+0000] {dag.py:3096} INFO - Sync 1 DAGs
[2026-04-01T13:12:59.347+0000] {logging_mixin.py:188} INFO - [2026-04-01T13:12:59.347+0000] {dag.py:3954} INFO - Setting next_dagrun for example_setup_teardown to 2026-03-31 00:00:00+00:00, run_after=2026-04-01 00:00:00+00:00
[2026-04-01T13:12:59.362+0000] {processor.py:183} INFO - Processing /home/airflow/.local/lib/python3.12/site-packages/airflow/example_dags/example_setup_teardown.py took 0.068 seconds
[2026-04-01T13:13:29.566+0000] {processor.py:161} INFO - Started process (PID=1755) to work on /home/airflow/.local/lib/python3.12/site-packages/airflow/example_dags/example_setup_teardown.py
[2026-04-01T13:13:29.567+0000] {processor.py:830} INFO - Processing file /home/airflow/.local/lib/python3.12/site-packages/airflow/example_dags/example_setup_teardown.py for tasks to queue
[2026-04-01T13:13:29.568+0000] {logging_mixin.py:188} INFO - [2026-04-01T13:13:29.568+0000] {dagbag.py:545} INFO - Filling up the DagBag from /home/airflow/.local/lib/python3.12/site-packages/airflow/example_dags/example_setup_teardown.py
[2026-04-01T13:13:29.573+0000] {processor.py:840} INFO - DAG(s) 'example_setup_teardown' retrieved from /home/airflow/.local/lib/python3.12/site-packages/airflow/example_dags/example_setup_teardown.py
[2026-04-01T13:13:29.587+0000] {logging_mixin.py:188} INFO - [2026-04-01T13:13:29.586+0000] {dag.py:3096} INFO - Sync 1 DAGs
[2026-04-01T13:13:29.600+0000] {logging_mixin.py:188} INFO - [2026-04-01T13:13:29.600+0000] {dag.py:3954} INFO - Setting next_dagrun for example_setup_teardown to 2026-03-31 00:00:00+00:00, run_after=2026-04-01 00:00:00+00:00
[2026-04-01T13:13:29.616+0000] {processor.py:183} INFO - Processing /home/airflow/.local/lib/python3.12/site-packages/airflow/example_dags/example_setup_teardown.py took 0.055 seconds
[2026-04-01T13:14:00.141+0000] {processor.py:161} INFO - Started process (PID=1813) to work on /home/airflow/.local/lib/python3.12/site-packages/airflow/example_dags/example_setup_teardown.py
[2026-04-01T13:14:00.142+0000] {processor.py:830} INFO - Processing file /home/airflow/.local/lib/python3.12/site-packages/airflow/example_dags/example_setup_teardown.py for tasks to queue
[2026-04-01T13:14:00.144+0000] {logging_mixin.py:188} INFO - [2026-04-01T13:14:00.143+0000] {dagbag.py:545} INFO - Filling up the DagBag from /home/airflow/.local/lib/python3.12/site-packages/airflow/example_dags/example_setup_teardown.py
[2026-04-01T13:14:00.150+0000] {processor.py:840} INFO - DAG(s) 'example_setup_teardown' retrieved from /home/airflow/.local/lib/python3.12/site-packages/airflow/example_dags/example_setup_teardown.py
[2026-04-01T13:14:00.167+0000] {logging_mixin.py:188} INFO - [2026-04-01T13:14:00.167+0000] {dag.py:3096} INFO - Sync 1 DAGs
[2026-04-01T13:14:00.184+0000] {logging_mixin.py:188} INFO - [2026-04-01T13:14:00.184+0000] {dag.py:3954} INFO - Setting next_dagrun for example_setup_teardown to 2026-03-31 00:00:00+00:00, run_after=2026-04-01 00:00:00+00:00
[2026-04-01T13:14:00.200+0000] {processor.py:183} INFO - Processing /home/airflow/.local/lib/python3.12/site-packages/airflow/example_dags/example_setup_teardown.py took 0.064 seconds
[2026-04-01T13:14:30.556+0000] {processor.py:161} INFO - Started process (PID=1871) to work on /home/airflow/.local/lib/python3.12/site-packages/airflow/example_dags/example_setup_teardown.py
[2026-04-01T13:14:30.557+0000] {processor.py:830} INFO - Processing file /home/airflow/.local/lib/python3.12/site-packages/airflow/example_dags/example_setup_teardown.py for tasks to queue
[2026-04-01T13:14:30.558+0000] {logging_mixin.py:188} INFO - [2026-04-01T13:14:30.558+0000] {dagbag.py:545} INFO - Filling up the DagBag from /home/airflow/.local/lib/python3.12/site-packages/airflow/example_dags/example_setup_teardown.py
[2026-04-01T13:14:30.563+0000] {processor.py:840} INFO - DAG(s) 'example_setup_teardown' retrieved from /home/airflow/.local/lib/python3.12/site-packages/airflow/example_dags/example_setup_teardown.py
[2026-04-01T13:14:30.578+0000] {logging_mixin.py:188} INFO - [2026-04-01T13:14:30.578+0000] {dag.py:3096} INFO - Sync 1 DAGs
[2026-04-01T13:14:30.595+0000] {logging_mixin.py:188} INFO - [2026-04-01T13:14:30.595+0000] {dag.py:3954} INFO - Setting next_dagrun for example_setup_teardown to 2026-03-31 00:00:00+00:00, run_after=2026-04-01 00:00:00+00:00
[2026-04-01T13:14:30.714+0000] {processor.py:183} INFO - Processing /home/airflow/.local/lib/python3.12/site-packages/airflow/example_dags/example_setup_teardown.py took 0.162 seconds
[2026-04-01T13:15:01.063+0000] {processor.py:161} INFO - Started process (PID=1929) to work on /home/airflow/.local/lib/python3.12/site-packages/airflow/example_dags/example_setup_teardown.py
[2026-04-01T13:15:01.064+0000] {processor.py:830} INFO - Processing file /home/airflow/.local/lib/python3.12/site-packages/airflow/example_dags/example_setup_teardown.py for tasks to queue
[2026-04-01T13:15:01.065+0000] {logging_mixin.py:188} INFO - [2026-04-01T13:15:01.065+0000] {dagbag.py:545} INFO - Filling up the DagBag from /home/airflow/.local/lib/python3.12/site-packages/airflow/example_dags/example_setup_teardown.py
[2026-04-01T13:15:01.070+0000] {processor.py:840} INFO - DAG(s) 'example_setup_teardown' retrieved from /home/airflow/.local/lib/python3.12/site-packages/airflow/example_dags/example_setup_teardown.py
[2026-04-01T13:15:01.084+0000] {logging_mixin.py:188} INFO - [2026-04-01T13:15:01.084+0000] {dag.py:3096} INFO - Sync 1 DAGs
[2026-04-01T13:15:01.103+0000] {logging_mixin.py:188} INFO - [2026-04-01T13:15:01.103+0000] {dag.py:3954} INFO - Setting next_dagrun for example_setup_teardown to 2026-03-31 00:00:00+00:00, run_after=2026-04-01 00:00:00+00:00
[2026-04-01T13:15:01.120+0000] {processor.py:183} INFO - Processing /home/airflow/.local/lib/python3.12/site-packages/airflow/example_dags/example_setup_teardown.py took 0.062 seconds
[2026-04-01T13:15:31.256+0000] {processor.py:161} INFO - Started process (PID=1987) to work on /home/airflow/.local/lib/python3.12/site-packages/airflow/example_dags/example_setup_teardown.py
[2026-04-01T13:15:31.256+0000] {processor.py:830} INFO - Processing file /home/airflow/.local/lib/python3.12/site-packages/airflow/example_dags/example_setup_teardown.py for tasks to queue
[2026-04-01T13:15:31.258+0000] {logging_mixin.py:188} INFO - [2026-04-01T13:15:31.258+0000] {dagbag.py:545} INFO - Filling up the DagBag from /home/airflow/.local/lib/python3.12/site-packages/airflow/example_dags/example_setup_teardown.py
[2026-04-01T13:15:31.264+0000] {processor.py:840} INFO - DAG(s) 'example_setup_teardown' retrieved from /home/airflow/.local/lib/python3.12/site-packages/airflow/example_dags/example_setup_teardown.py
[2026-04-01T13:15:31.278+0000] {logging_mixin.py:188} INFO - [2026-04-01T13:15:31.278+0000] {dag.py:3096} INFO - Sync 1 DAGs
[2026-04-01T13:15:31.292+0000] {logging_mixin.py:188} INFO - [2026-04-01T13:15:31.291+0000] {dag.py:3954} INFO - Setting next_dagrun for example_setup_teardown to 2026-03-31 00:00:00+00:00, run_after=2026-04-01 00:00:00+00:00
[2026-04-01T13:15:31.305+0000] {processor.py:183} INFO - Processing /home/airflow/.local/lib/python3.12/site-packages/airflow/example_dags/example_setup_teardown.py took 0.054 seconds
[2026-04-01T13:16:01.788+0000] {processor.py:161} INFO - Started process (PID=2045) to work on /home/airflow/.local/lib/python3.12/site-packages/airflow/example_dags/example_setup_teardown.py
[2026-04-01T13:16:01.789+0000] {processor.py:830} INFO - Processing file /home/airflow/.local/lib/python3.12/site-packages/airflow/example_dags/example_setup_teardown.py for tasks to queue
[2026-04-01T13:16:01.791+0000] {logging_mixin.py:188} INFO - [2026-04-01T13:16:01.790+0000] {dagbag.py:545} INFO - Filling up the DagBag from /home/airflow/.local/lib/python3.12/site-packages/airflow/example_dags/example_setup_teardown.py
[2026-04-01T13:16:01.796+0000] {processor.py:840} INFO - DAG(s) 'example_setup_teardown' retrieved from /home/airflow/.local/lib/python3.12/site-packages/airflow/example_dags/example_setup_teardown.py
[2026-04-01T13:16:01.811+0000] {logging_mixin.py:188} INFO - [2026-04-01T13:16:01.811+0000] {dag.py:3096} INFO - Sync 1 DAGs
[2026-04-01T13:16:01.830+0000] {logging_mixin.py:188} INFO - [2026-04-01T13:16:01.830+0000] {dag.py:3954} INFO - Setting next_dagrun for example_setup_teardown to 2026-03-31 00:00:00+00:00, run_after=2026-04-01 00:00:00+00:00
[2026-04-01T13:16:01.847+0000] {processor.py:183} INFO - Processing /home/airflow/.local/lib/python3.12/site-packages/airflow/example_dags/example_setup_teardown.py took 0.063 seconds
[2026-04-01T13:16:33.146+0000] {processor.py:161} INFO - Started process (PID=2103) to work on /home/airflow/.local/lib/python3.12/site-packages/airflow/example_dags/example_setup_teardown.py
[2026-04-01T13:16:33.147+0000] {processor.py:830} INFO - Processing file /home/airflow/.local/lib/python3.12/site-packages/airflow/example_dags/example_setup_teardown.py for tasks to queue
[2026-04-01T13:16:33.149+0000] {logging_mixin.py:188} INFO - [2026-04-01T13:16:33.148+0000] {dagbag.py:545} INFO - Filling up the DagBag from /home/airflow/.local/lib/python3.12/site-packages/airflow/example_dags/example_setup_teardown.py
[2026-04-01T13:16:33.153+0000] {processor.py:840} INFO - DAG(s) 'example_setup_teardown' retrieved from /home/airflow/.local/lib/python3.12/site-packages/airflow/example_dags/example_setup_teardown.py
[2026-04-01T13:16:33.268+0000] {logging_mixin.py:188} INFO - [2026-04-01T13:16:33.267+0000] {dag.py:3096} INFO - Sync 1 DAGs
[2026-04-01T13:16:33.280+0000] {logging_mixin.py:188} INFO - [2026-04-01T13:16:33.280+0000] {dag.py:3954} INFO - Setting next_dagrun for example_setup_teardown to 2026-03-31 00:00:00+00:00, run_after=2026-04-01 00:00:00+00:00
[2026-04-01T13:16:33.293+0000] {processor.py:183} INFO - Processing /home/airflow/.local/lib/python3.12/site-packages/airflow/example_dags/example_setup_teardown.py took 0.151 seconds
[2026-04-01T13:17:03.752+0000] {processor.py:161} INFO - Started process (PID=2161) to work on /home/airflow/.local/lib/python3.12/site-packages/airflow/example_dags/example_setup_teardown.py
[2026-04-01T13:17:03.753+0000] {processor.py:830} INFO - Processing file /home/airflow/.local/lib/python3.12/site-packages/airflow/example_dags/example_setup_teardown.py for tasks to queue
[2026-04-01T13:17:03.754+0000] {logging_mixin.py:188} INFO - [2026-04-01T13:17:03.754+0000] {dagbag.py:545} INFO - Filling up the DagBag from /home/airflow/.local/lib/python3.12/site-packages/airflow/example_dags/example_setup_teardown.py
[2026-04-01T13:17:03.759+0000] {processor.py:840} INFO - DAG(s) 'example_setup_teardown' retrieved from /home/airflow/.local/lib/python3.12/site-packages/airflow/example_dags/example_setup_teardown.py
[2026-04-01T13:17:03.773+0000] {logging_mixin.py:188} INFO - [2026-04-01T13:17:03.773+0000] {dag.py:3096} INFO - Sync 1 DAGs
[2026-04-01T13:17:03.787+0000] {logging_mixin.py:188} INFO - [2026-04-01T13:17:03.787+0000] {dag.py:3954} INFO - Setting next_dagrun for example_setup_teardown to 2026-03-31 00:00:00+00:00, run_after=2026-04-01 00:00:00+00:00
[2026-04-01T13:17:03.804+0000] {processor.py:183} INFO - Processing /home/airflow/.local/lib/python3.12/site-packages/airflow/example_dags/example_setup_teardown.py took 0.057 seconds
[2026-04-01T13:17:34.125+0000] {processor.py:161} INFO - Started process (PID=2219) to work on /home/airflow/.local/lib/python3.12/site-packages/airflow/example_dags/example_setup_teardown.py
[2026-04-01T13:17:34.126+0000] {processor.py:830} INFO - Processing file /home/airflow/.local/lib/python3.12/site-packages/airflow/example_dags/example_setup_teardown.py for tasks to queue
[2026-04-01T13:17:34.127+0000] {logging_mixin.py:188} INFO - [2026-04-01T13:17:34.127+0000] {dagbag.py:545} INFO - Filling up the DagBag from /home/airflow/.local/lib/python3.12/site-packages/airflow/example_dags/example_setup_teardown.py
[2026-04-01T13:17:34.134+0000] {processor.py:840} INFO - DAG(s) 'example_setup_teardown' retrieved from /home/airflow/.local/lib/python3.12/site-packages/airflow/example_dags/example_setup_teardown.py
[2026-04-01T13:17:34.148+0000] {logging_mixin.py:188} INFO - [2026-04-01T13:17:34.148+0000] {dag.py:3096} INFO - Sync 1 DAGs
[2026-04-01T13:17:34.166+0000] {logging_mixin.py:188} INFO - [2026-04-01T13:17:34.166+0000] {dag.py:3954} INFO - Setting next_dagrun for example_setup_teardown to 2026-03-31 00:00:00+00:00, run_after=2026-04-01 00:00:00+00:00
[2026-04-01T13:17:34.184+0000] {processor.py:183} INFO - Processing /home/airflow/.local/lib/python3.12/site-packages/airflow/example_dags/example_setup_teardown.py took 0.064 seconds
[2026-04-01T13:18:04.318+0000] {processor.py:161} INFO - Started process (PID=2277) to work on /home/airflow/.local/lib/python3.12/site-packages/airflow/example_dags/example_setup_teardown.py
[2026-04-01T13:18:04.320+0000] {processor.py:830} INFO - Processing file /home/airflow/.local/lib/python3.12/site-packages/airflow/example_dags/example_setup_teardown.py for tasks to queue
[2026-04-01T13:18:04.321+0000] {logging_mixin.py:188} INFO - [2026-04-01T13:18:04.321+0000] {dagbag.py:545} INFO - Filling up the DagBag from /home/airflow/.local/lib/python3.12/site-packages/airflow/example_dags/example_setup_teardown.py
[2026-04-01T13:18:04.328+0000] {processor.py:840} INFO - DAG(s) 'example_setup_teardown' retrieved from /home/airflow/.local/lib/python3.12/site-packages/airflow/example_dags/example_setup_teardown.py
[2026-04-01T13:18:04.345+0000] {logging_mixin.py:188} INFO - [2026-04-01T13:18:04.344+0000] {dag.py:3096} INFO - Sync 1 DAGs
[2026-04-01T13:18:04.361+0000] {logging_mixin.py:188} INFO - [2026-04-01T13:18:04.361+0000] {dag.py:3954} INFO - Setting next_dagrun for example_setup_teardown to 2026-03-31 00:00:00+00:00, run_after=2026-04-01 00:00:00+00:00
[2026-04-01T13:18:04.376+0000] {processor.py:183} INFO - Processing /home/airflow/.local/lib/python3.12/site-packages/airflow/example_dags/example_setup_teardown.py took 0.063 seconds
[2026-04-01T13:18:34.756+0000] {processor.py:161} INFO - Started process (PID=2335) to work on /home/airflow/.local/lib/python3.12/site-packages/airflow/example_dags/example_setup_teardown.py
[2026-04-01T13:18:34.756+0000] {processor.py:830} INFO - Processing file /home/airflow/.local/lib/python3.12/site-packages/airflow/example_dags/example_setup_teardown.py for tasks to queue
[2026-04-01T13:18:34.758+0000] {logging_mixin.py:188} INFO - [2026-04-01T13:18:34.758+0000] {dagbag.py:545} INFO - Filling up the DagBag from /home/airflow/.local/lib/python3.12/site-packages/airflow/example_dags/example_setup_teardown.py
[2026-04-01T13:18:34.763+0000] {processor.py:840} INFO - DAG(s) 'example_setup_teardown' retrieved from /home/airflow/.local/lib/python3.12/site-packages/airflow/example_dags/example_setup_teardown.py
[2026-04-01T13:18:34.779+0000] {logging_mixin.py:188} INFO - [2026-04-01T13:18:34.779+0000] {dag.py:3096} INFO - Sync 1 DAGs
[2026-04-01T13:18:34.796+0000] {logging_mixin.py:188} INFO - [2026-04-01T13:18:34.795+0000] {dag.py:3954} INFO - Setting next_dagrun for example_setup_teardown to 2026-03-31 00:00:00+00:00, run_after=2026-04-01 00:00:00+00:00
[2026-04-01T13:18:34.814+0000] {processor.py:183} INFO - Processing /home/airflow/.local/lib/python3.12/site-packages/airflow/example_dags/example_setup_teardown.py took 0.064 seconds
[2026-04-01T13:19:05.351+0000] {processor.py:161} INFO - Started process (PID=2393) to work on /home/airflow/.local/lib/python3.12/site-packages/airflow/example_dags/example_setup_teardown.py
[2026-04-01T13:19:05.352+0000] {processor.py:830} INFO - Processing file /home/airflow/.local/lib/python3.12/site-packages/airflow/example_dags/example_setup_teardown.py for tasks to queue
[2026-04-01T13:19:05.354+0000] {logging_mixin.py:188} INFO - [2026-04-01T13:19:05.353+0000] {dagbag.py:545} INFO - Filling up the DagBag from /home/airflow/.local/lib/python3.12/site-packages/airflow/example_dags/example_setup_teardown.py
[2026-04-01T13:19:05.359+0000] {processor.py:840} INFO - DAG(s) 'example_setup_teardown' retrieved from /home/airflow/.local/lib/python3.12/site-packages/airflow/example_dags/example_setup_teardown.py
[2026-04-01T13:19:05.374+0000] {logging_mixin.py:188} INFO - [2026-04-01T13:19:05.374+0000] {dag.py:3096} INFO - Sync 1 DAGs
[2026-04-01T13:19:05.392+0000] {logging_mixin.py:188} INFO - [2026-04-01T13:19:05.392+0000] {dag.py:3954} INFO - Setting next_dagrun for example_setup_teardown to 2026-03-31 00:00:00+00:00, run_after=2026-04-01 00:00:00+00:00
[2026-04-01T13:19:05.410+0000] {processor.py:183} INFO - Processing /home/airflow/.local/lib/python3.12/site-packages/airflow/example_dags/example_setup_teardown.py took 0.063 seconds
[2026-04-01T13:19:35.652+0000] {processor.py:161} INFO - Started process (PID=2451) to work on /home/airflow/.local/lib/python3.12/site-packages/airflow/example_dags/example_setup_teardown.py
[2026-04-01T13:19:35.652+0000] {processor.py:830} INFO - Processing file /home/airflow/.local/lib/python3.12/site-packages/airflow/example_dags/example_setup_teardown.py for tasks to queue
[2026-04-01T13:19:35.654+0000] {logging_mixin.py:188} INFO - [2026-04-01T13:19:35.654+0000] {dagbag.py:545} INFO - Filling up the DagBag from /home/airflow/.local/lib/python3.12/site-packages/airflow/example_dags/example_setup_teardown.py
[2026-04-01T13:19:35.659+0000] {processor.py:840} INFO - DAG(s) 'example_setup_teardown' retrieved from /home/airflow/.local/lib/python3.12/site-packages/airflow/example_dags/example_setup_teardown.py
[2026-04-01T13:19:35.673+0000] {logging_mixin.py:188} INFO - [2026-04-01T13:19:35.673+0000] {dag.py:3096} INFO - Sync 1 DAGs
[2026-04-01T13:19:35.687+0000] {logging_mixin.py:188} INFO - [2026-04-01T13:19:35.687+0000] {dag.py:3954} INFO - Setting next_dagrun for example_setup_teardown to 2026-03-31 00:00:00+00:00, run_after=2026-04-01 00:00:00+00:00
[2026-04-01T13:19:35.701+0000] {processor.py:183} INFO - Processing /home/airflow/.local/lib/python3.12/site-packages/airflow/example_dags/example_setup_teardown.py took 0.054 seconds
[2026-04-01T13:20:06.126+0000] {processor.py:161} INFO - Started process (PID=2509) to work on /home/airflow/.local/lib/python3.12/site-packages/airflow/example_dags/example_setup_teardown.py
[2026-04-01T13:20:06.127+0000] {processor.py:830} INFO - Processing file /home/airflow/.local/lib/python3.12/site-packages/airflow/example_dags/example_setup_teardown.py for tasks to queue
[2026-04-01T13:20:06.128+0000] {logging_mixin.py:188} INFO - [2026-04-01T13:20:06.128+0000] {dagbag.py:545} INFO - Filling up the DagBag from /home/airflow/.local/lib/python3.12/site-packages/airflow/example_dags/example_setup_teardown.py
[2026-04-01T13:20:06.133+0000] {processor.py:840} INFO - DAG(s) 'example_setup_teardown' retrieved from /home/airflow/.local/lib/python3.12/site-packages/airflow/example_dags/example_setup_teardown.py
[2026-04-01T13:20:06.147+0000] {logging_mixin.py:188} INFO - [2026-04-01T13:20:06.147+0000] {dag.py:3096} INFO - Sync 1 DAGs
[2026-04-01T13:20:06.162+0000] {logging_mixin.py:188} INFO - [2026-04-01T13:20:06.162+0000] {dag.py:3954} INFO - Setting next_dagrun for example_setup_teardown to 2026-03-31 00:00:00+00:00, run_after=2026-04-01 00:00:00+00:00
[2026-04-01T13:20:06.176+0000] {processor.py:183} INFO - Processing /home/airflow/.local/lib/python3.12/site-packages/airflow/example_dags/example_setup_teardown.py took 0.055 seconds
[2026-04-01T13:20:36.624+0000] {processor.py:161} INFO - Started process (PID=2567) to work on /home/airflow/.local/lib/python3.12/site-packages/airflow/example_dags/example_setup_teardown.py
[2026-04-01T13:20:36.625+0000] {processor.py:830} INFO - Processing file /home/airflow/.local/lib/python3.12/site-packages/airflow/example_dags/example_setup_teardown.py for tasks to queue
[2026-04-01T13:20:36.627+0000] {logging_mixin.py:188} INFO - [2026-04-01T13:20:36.626+0000] {dagbag.py:545} INFO - Filling up the DagBag from /home/airflow/.local/lib/python3.12/site-packages/airflow/example_dags/example_setup_teardown.py
[2026-04-01T13:20:36.632+0000] {processor.py:840} INFO - DAG(s) 'example_setup_teardown' retrieved from /home/airflow/.local/lib/python3.12/site-packages/airflow/example_dags/example_setup_teardown.py
[2026-04-01T13:20:36.647+0000] {logging_mixin.py:188} INFO - [2026-04-01T13:20:36.647+0000] {dag.py:3096} INFO - Sync 1 DAGs
[2026-04-01T13:20:36.663+0000] {logging_mixin.py:188} INFO - [2026-04-01T13:20:36.663+0000] {dag.py:3954} INFO - Setting next_dagrun for example_setup_teardown to 2026-03-31 00:00:00+00:00, run_after=2026-04-01 00:00:00+00:00
[2026-04-01T13:20:36.678+0000] {processor.py:183} INFO - Processing /home/airflow/.local/lib/python3.12/site-packages/airflow/example_dags/example_setup_teardown.py took 0.059 seconds
[2026-04-01T13:21:07.060+0000] {processor.py:161} INFO - Started process (PID=2625) to work on /home/airflow/.local/lib/python3.12/site-packages/airflow/example_dags/example_setup_teardown.py
[2026-04-01T13:21:07.061+0000] {processor.py:830} INFO - Processing file /home/airflow/.local/lib/python3.12/site-packages/airflow/example_dags/example_setup_teardown.py for tasks to queue
[2026-04-01T13:21:07.063+0000] {logging_mixin.py:188} INFO - [2026-04-01T13:21:07.062+0000] {dagbag.py:545} INFO - Filling up the DagBag from /home/airflow/.local/lib/python3.12/site-packages/airflow/example_dags/example_setup_teardown.py
[2026-04-01T13:21:07.068+0000] {processor.py:840} INFO - DAG(s) 'example_setup_teardown' retrieved from /home/airflow/.local/lib/python3.12/site-packages/airflow/example_dags/example_setup_teardown.py
[2026-04-01T13:21:07.082+0000] {logging_mixin.py:188} INFO - [2026-04-01T13:21:07.082+0000] {dag.py:3096} INFO - Sync 1 DAGs
[2026-04-01T13:21:07.098+0000] {logging_mixin.py:188} INFO - [2026-04-01T13:21:07.098+0000] {dag.py:3954} INFO - Setting next_dagrun for example_setup_teardown to 2026-03-31 00:00:00+00:00, run_after=2026-04-01 00:00:00+00:00
[2026-04-01T13:21:07.113+0000] {processor.py:183} INFO - Processing /home/airflow/.local/lib/python3.12/site-packages/airflow/example_dags/example_setup_teardown.py took 0.057 seconds
[2026-04-01T13:21:37.607+0000] {processor.py:161} INFO - Started process (PID=2683) to work on /home/airflow/.local/lib/python3.12/site-packages/airflow/example_dags/example_setup_teardown.py
[2026-04-01T13:21:37.607+0000] {processor.py:830} INFO - Processing file /home/airflow/.local/lib/python3.12/site-packages/airflow/example_dags/example_setup_teardown.py for tasks to queue
[2026-04-01T13:21:37.609+0000] {logging_mixin.py:188} INFO - [2026-04-01T13:21:37.609+0000] {dagbag.py:545} INFO - Filling up the DagBag from /home/airflow/.local/lib/python3.12/site-packages/airflow/example_dags/example_setup_teardown.py
[2026-04-01T13:21:37.615+0000] {processor.py:840} INFO - DAG(s) 'example_setup_teardown' retrieved from /home/airflow/.local/lib/python3.12/site-packages/airflow/example_dags/example_setup_teardown.py
[2026-04-01T13:21:37.631+0000] {logging_mixin.py:188} INFO - [2026-04-01T13:21:37.631+0000] {dag.py:3096} INFO - Sync 1 DAGs
[2026-04-01T13:21:37.649+0000] {logging_mixin.py:188} INFO - [2026-04-01T13:21:37.649+0000] {dag.py:3954} INFO - Setting next_dagrun for example_setup_teardown to 2026-03-31 00:00:00+00:00, run_after=2026-04-01 00:00:00+00:00
[2026-04-01T13:21:37.667+0000] {processor.py:183} INFO - Processing /home/airflow/.local/lib/python3.12/site-packages/airflow/example_dags/example_setup_teardown.py took 0.065 seconds
[2026-04-01T13:22:08.136+0000] {processor.py:161} INFO - Started process (PID=2741) to work on /home/airflow/.local/lib/python3.12/site-packages/airflow/example_dags/example_setup_teardown.py
[2026-04-01T13:22:08.137+0000] {processor.py:830} INFO - Processing file /home/airflow/.local/lib/python3.12/site-packages/airflow/example_dags/example_setup_teardown.py for tasks to queue
[2026-04-01T13:22:08.139+0000] {logging_mixin.py:188} INFO - [2026-04-01T13:22:08.138+0000] {dagbag.py:545} INFO - Filling up the DagBag from /home/airflow/.local/lib/python3.12/site-packages/airflow/example_dags/example_setup_teardown.py
[2026-04-01T13:22:08.144+0000] {processor.py:840} INFO - DAG(s) 'example_setup_teardown' retrieved from /home/airflow/.local/lib/python3.12/site-packages/airflow/example_dags/example_setup_teardown.py
[2026-04-01T13:22:08.159+0000] {logging_mixin.py:188} INFO - [2026-04-01T13:22:08.158+0000] {dag.py:3096} INFO - Sync 1 DAGs
[2026-04-01T13:22:08.174+0000] {logging_mixin.py:188} INFO - [2026-04-01T13:22:08.174+0000] {dag.py:3954} INFO - Setting next_dagrun for example_setup_teardown to 2026-03-31 00:00:00+00:00, run_after=2026-04-01 00:00:00+00:00
[2026-04-01T13:22:08.191+0000] {processor.py:183} INFO - Processing /home/airflow/.local/lib/python3.12/site-packages/airflow/example_dags/example_setup_teardown.py took 0.060 seconds
[2026-04-01T13:22:38.578+0000] {processor.py:161} INFO - Started process (PID=2799) to work on /home/airflow/.local/lib/python3.12/site-packages/airflow/example_dags/example_setup_teardown.py
[2026-04-01T13:22:38.578+0000] {processor.py:830} INFO - Processing file /home/airflow/.local/lib/python3.12/site-packages/airflow/example_dags/example_setup_teardown.py for tasks to queue
[2026-04-01T13:22:38.580+0000] {logging_mixin.py:188} INFO - [2026-04-01T13:22:38.580+0000] {dagbag.py:545} INFO - Filling up the DagBag from /home/airflow/.local/lib/python3.12/site-packages/airflow/example_dags/example_setup_teardown.py
[2026-04-01T13:22:38.585+0000] {processor.py:840} INFO - DAG(s) 'example_setup_teardown' retrieved from /home/airflow/.local/lib/python3.12/site-packages/airflow/example_dags/example_setup_teardown.py
[2026-04-01T13:22:38.601+0000] {logging_mixin.py:188} INFO - [2026-04-01T13:22:38.601+0000] {dag.py:3096} INFO - Sync 1 DAGs
[2026-04-01T13:22:38.616+0000] {logging_mixin.py:188} INFO - [2026-04-01T13:22:38.616+0000] {dag.py:3954} INFO - Setting next_dagrun for example_setup_teardown to 2026-03-31 00:00:00+00:00, run_after=2026-04-01 00:00:00+00:00
[2026-04-01T13:22:38.631+0000] {processor.py:183} INFO - Processing /home/airflow/.local/lib/python3.12/site-packages/airflow/example_dags/example_setup_teardown.py took 0.059 seconds
[2026-04-01T13:23:09.105+0000] {processor.py:161} INFO - Started process (PID=2857) to work on /home/airflow/.local/lib/python3.12/site-packages/airflow/example_dags/example_setup_teardown.py
[2026-04-01T13:23:09.106+0000] {processor.py:830} INFO - Processing file /home/airflow/.local/lib/python3.12/site-packages/airflow/example_dags/example_setup_teardown.py for tasks to queue
[2026-04-01T13:23:09.107+0000] {logging_mixin.py:188} INFO - [2026-04-01T13:23:09.107+0000] {dagbag.py:545} INFO - Filling up the DagBag from /home/airflow/.local/lib/python3.12/site-packages/airflow/example_dags/example_setup_teardown.py
[2026-04-01T13:23:09.113+0000] {processor.py:840} INFO - DAG(s) 'example_setup_teardown' retrieved from /home/airflow/.local/lib/python3.12/site-packages/airflow/example_dags/example_setup_teardown.py
[2026-04-01T13:23:09.128+0000] {logging_mixin.py:188} INFO - [2026-04-01T13:23:09.128+0000] {dag.py:3096} INFO - Sync 1 DAGs
[2026-04-01T13:23:09.146+0000] {logging_mixin.py:188} INFO - [2026-04-01T13:23:09.146+0000] {dag.py:3954} INFO - Setting next_dagrun for example_setup_teardown to 2026-03-31 00:00:00+00:00, run_after=2026-04-01 00:00:00+00:00
[2026-04-01T13:23:09.162+0000] {processor.py:183} INFO - Processing /home/airflow/.local/lib/python3.12/site-packages/airflow/example_dags/example_setup_teardown.py took 0.062 seconds
[2026-04-01T13:23:39.612+0000] {processor.py:161} INFO - Started process (PID=2915) to work on /home/airflow/.local/lib/python3.12/site-packages/airflow/example_dags/example_setup_teardown.py
[2026-04-01T13:23:39.613+0000] {processor.py:830} INFO - Processing file /home/airflow/.local/lib/python3.12/site-packages/airflow/example_dags/example_setup_teardown.py for tasks to queue
[2026-04-01T13:23:39.614+0000] {logging_mixin.py:188} INFO - [2026-04-01T13:23:39.614+0000] {dagbag.py:545} INFO - Filling up the DagBag from /home/airflow/.local/lib/python3.12/site-packages/airflow/example_dags/example_setup_teardown.py
[2026-04-01T13:23:39.619+0000] {processor.py:840} INFO - DAG(s) 'example_setup_teardown' retrieved from /home/airflow/.local/lib/python3.12/site-packages/airflow/example_dags/example_setup_teardown.py
[2026-04-01T13:23:39.635+0000] {logging_mixin.py:188} INFO - [2026-04-01T13:23:39.635+0000] {dag.py:3096} INFO - Sync 1 DAGs
[2026-04-01T13:23:39.650+0000] {logging_mixin.py:188} INFO - [2026-04-01T13:23:39.649+0000] {dag.py:3954} INFO - Setting next_dagrun for example_setup_teardown to 2026-03-31 00:00:00+00:00, run_after=2026-04-01 00:00:00+00:00
[2026-04-01T13:23:39.677+0000] {processor.py:183} INFO - Processing /home/airflow/.local/lib/python3.12/site-packages/airflow/example_dags/example_setup_teardown.py took 0.070 seconds
[2026-04-01T13:24:10.191+0000] {processor.py:161} INFO - Started process (PID=2974) to work on /home/airflow/.local/lib/python3.12/site-packages/airflow/example_dags/example_setup_teardown.py
[2026-04-01T13:24:10.192+0000] {processor.py:830} INFO - Processing file /home/airflow/.local/lib/python3.12/site-packages/airflow/example_dags/example_setup_teardown.py for tasks to queue
[2026-04-01T13:24:10.193+0000] {logging_mixin.py:188} INFO - [2026-04-01T13:24:10.193+0000] {dagbag.py:545} INFO - Filling up the DagBag from /home/airflow/.local/lib/python3.12/site-packages/airflow/example_dags/example_setup_teardown.py
[2026-04-01T13:24:10.199+0000] {processor.py:840} INFO - DAG(s) 'example_setup_teardown' retrieved from /home/airflow/.local/lib/python3.12/site-packages/airflow/example_dags/example_setup_teardown.py
[2026-04-01T13:24:10.214+0000] {logging_mixin.py:188} INFO - [2026-04-01T13:24:10.214+0000] {dag.py:3096} INFO - Sync 1 DAGs
[2026-04-01T13:24:10.232+0000] {logging_mixin.py:188} INFO - [2026-04-01T13:24:10.232+0000] {dag.py:3954} INFO - Setting next_dagrun for example_setup_teardown to 2026-03-31 00:00:00+00:00, run_after=2026-04-01 00:00:00+00:00
[2026-04-01T13:24:10.248+0000] {processor.py:183} INFO - Processing /home/airflow/.local/lib/python3.12/site-packages/airflow/example_dags/example_setup_teardown.py took 0.062 seconds
[2026-04-01T13:24:40.601+0000] {processor.py:161} INFO - Started process (PID=3032) to work on /home/airflow/.local/lib/python3.12/site-packages/airflow/example_dags/example_setup_teardown.py
[2026-04-01T13:24:40.602+0000] {processor.py:830} INFO - Processing file /home/airflow/.local/lib/python3.12/site-packages/airflow/example_dags/example_setup_teardown.py for tasks to queue
[2026-04-01T13:24:40.604+0000] {logging_mixin.py:188} INFO - [2026-04-01T13:24:40.603+0000] {dagbag.py:545} INFO - Filling up the DagBag from /home/airflow/.local/lib/python3.12/site-packages/airflow/example_dags/example_setup_teardown.py
[2026-04-01T13:24:40.609+0000] {processor.py:840} INFO - DAG(s) 'example_setup_teardown' retrieved from /home/airflow/.local/lib/python3.12/site-packages/airflow/example_dags/example_setup_teardown.py
[2026-04-01T13:24:40.623+0000] {logging_mixin.py:188} INFO - [2026-04-01T13:24:40.623+0000] {dag.py:3096} INFO - Sync 1 DAGs
[2026-04-01T13:24:40.637+0000] {logging_mixin.py:188} INFO - [2026-04-01T13:24:40.637+0000] {dag.py:3954} INFO - Setting next_dagrun for example_setup_teardown to 2026-03-31 00:00:00+00:00, run_after=2026-04-01 00:00:00+00:00
[2026-04-01T13:24:40.652+0000] {processor.py:183} INFO - Processing /home/airflow/.local/lib/python3.12/site-packages/airflow/example_dags/example_setup_teardown.py took 0.055 seconds
[2026-04-01T13:25:11.179+0000] {processor.py:161} INFO - Started process (PID=3091) to work on /home/airflow/.local/lib/python3.12/site-packages/airflow/example_dags/example_setup_teardown.py
[2026-04-01T13:25:11.180+0000] {processor.py:830} INFO - Processing file /home/airflow/.local/lib/python3.12/site-packages/airflow/example_dags/example_setup_teardown.py for tasks to queue
[2026-04-01T13:25:11.181+0000] {logging_mixin.py:188} INFO - [2026-04-01T13:25:11.181+0000] {dagbag.py:545} INFO - Filling up the DagBag from /home/airflow/.local/lib/python3.12/site-packages/airflow/example_dags/example_setup_teardown.py
[2026-04-01T13:25:11.187+0000] {processor.py:840} INFO - DAG(s) 'example_setup_teardown' retrieved from /home/airflow/.local/lib/python3.12/site-packages/airflow/example_dags/example_setup_teardown.py
[2026-04-01T13:25:11.203+0000] {logging_mixin.py:188} INFO - [2026-04-01T13:25:11.203+0000] {dag.py:3096} INFO - Sync 1 DAGs
[2026-04-01T13:25:11.222+0000] {logging_mixin.py:188} INFO - [2026-04-01T13:25:11.222+0000] {dag.py:3954} INFO - Setting next_dagrun for example_setup_teardown to 2026-03-31 00:00:00+00:00, run_after=2026-04-01 00:00:00+00:00
[2026-04-01T13:25:11.238+0000] {processor.py:183} INFO - Processing /home/airflow/.local/lib/python3.12/site-packages/airflow/example_dags/example_setup_teardown.py took 0.064 seconds
[2026-04-01T13:25:41.592+0000] {processor.py:161} INFO - Started process (PID=3150) to work on /home/airflow/.local/lib/python3.12/site-packages/airflow/example_dags/example_setup_teardown.py
[2026-04-01T13:25:41.592+0000] {processor.py:830} INFO - Processing file /home/airflow/.local/lib/python3.12/site-packages/airflow/example_dags/example_setup_teardown.py for tasks to queue
[2026-04-01T13:25:41.594+0000] {logging_mixin.py:188} INFO - [2026-04-01T13:25:41.594+0000] {dagbag.py:545} INFO - Filling up the DagBag from /home/airflow/.local/lib/python3.12/site-packages/airflow/example_dags/example_setup_teardown.py
[2026-04-01T13:25:41.599+0000] {processor.py:840} INFO - DAG(s) 'example_setup_teardown' retrieved from /home/airflow/.local/lib/python3.12/site-packages/airflow/example_dags/example_setup_teardown.py
[2026-04-01T13:25:41.613+0000] {logging_mixin.py:188} INFO - [2026-04-01T13:25:41.613+0000] {dag.py:3096} INFO - Sync 1 DAGs
[2026-04-01T13:25:41.628+0000] {logging_mixin.py:188} INFO - [2026-04-01T13:25:41.628+0000] {dag.py:3954} INFO - Setting next_dagrun for example_setup_teardown to 2026-03-31 00:00:00+00:00, run_after=2026-04-01 00:00:00+00:00
[2026-04-01T13:25:41.645+0000] {processor.py:183} INFO - Processing /home/airflow/.local/lib/python3.12/site-packages/airflow/example_dags/example_setup_teardown.py took 0.059 seconds
[2026-04-01T13:26:11.929+0000] {processor.py:161} INFO - Started process (PID=3209) to work on /home/airflow/.local/lib/python3.12/site-packages/airflow/example_dags/example_setup_teardown.py
[2026-04-01T13:26:11.929+0000] {processor.py:830} INFO - Processing file /home/airflow/.local/lib/python3.12/site-packages/airflow/example_dags/example_setup_teardown.py for tasks to queue
[2026-04-01T13:26:11.931+0000] {logging_mixin.py:188} INFO - [2026-04-01T13:26:11.931+0000] {dagbag.py:545} INFO - Filling up the DagBag from /home/airflow/.local/lib/python3.12/site-packages/airflow/example_dags/example_setup_teardown.py
[2026-04-01T13:26:11.936+0000] {processor.py:840} INFO - DAG(s) 'example_setup_teardown' retrieved from /home/airflow/.local/lib/python3.12/site-packages/airflow/example_dags/example_setup_teardown.py
[2026-04-01T13:26:11.951+0000] {logging_mixin.py:188} INFO - [2026-04-01T13:26:11.951+0000] {dag.py:3096} INFO - Sync 1 DAGs
[2026-04-01T13:26:11.966+0000] {logging_mixin.py:188} INFO - [2026-04-01T13:26:11.966+0000] {dag.py:3954} INFO - Setting next_dagrun for example_setup_teardown to 2026-03-31 00:00:00+00:00, run_after=2026-04-01 00:00:00+00:00
[2026-04-01T13:26:11.983+0000] {processor.py:183} INFO - Processing /home/airflow/.local/lib/python3.12/site-packages/airflow/example_dags/example_setup_teardown.py took 0.060 seconds
[2026-04-01T13:26:42.230+0000] {processor.py:161} INFO - Started process (PID=3268) to work on /home/airflow/.local/lib/python3.12/site-packages/airflow/example_dags/example_setup_teardown.py
[2026-04-01T13:26:42.231+0000] {processor.py:830} INFO - Processing file /home/airflow/.local/lib/python3.12/site-packages/airflow/example_dags/example_setup_teardown.py for tasks to queue
[2026-04-01T13:26:42.232+0000] {logging_mixin.py:188} INFO - [2026-04-01T13:26:42.232+0000] {dagbag.py:545} INFO - Filling up the DagBag from /home/airflow/.local/lib/python3.12/site-packages/airflow/example_dags/example_setup_teardown.py
[2026-04-01T13:26:42.237+0000] {processor.py:840} INFO - DAG(s) 'example_setup_teardown' retrieved from /home/airflow/.local/lib/python3.12/site-packages/airflow/example_dags/example_setup_teardown.py
[2026-04-01T13:26:42.253+0000] {logging_mixin.py:188} INFO - [2026-04-01T13:26:42.253+0000] {dag.py:3096} INFO - Sync 1 DAGs
[2026-04-01T13:26:42.268+0000] {logging_mixin.py:188} INFO - [2026-04-01T13:26:42.268+0000] {dag.py:3954} INFO - Setting next_dagrun for example_setup_teardown to 2026-03-31 00:00:00+00:00, run_after=2026-04-01 00:00:00+00:00
[2026-04-01T13:26:42.285+0000] {processor.py:183} INFO - Processing /home/airflow/.local/lib/python3.12/site-packages/airflow/example_dags/example_setup_teardown.py took 0.060 seconds
[2026-04-01T13:27:12.746+0000] {processor.py:161} INFO - Started process (PID=3327) to work on /home/airflow/.local/lib/python3.12/site-packages/airflow/example_dags/example_setup_teardown.py
[2026-04-01T13:27:12.747+0000] {processor.py:830} INFO - Processing file /home/airflow/.local/lib/python3.12/site-packages/airflow/example_dags/example_setup_teardown.py for tasks to queue
[2026-04-01T13:27:12.748+0000] {logging_mixin.py:188} INFO - [2026-04-01T13:27:12.748+0000] {dagbag.py:545} INFO - Filling up the DagBag from /home/airflow/.local/lib/python3.12/site-packages/airflow/example_dags/example_setup_teardown.py
[2026-04-01T13:27:12.755+0000] {processor.py:840} INFO - DAG(s) 'example_setup_teardown' retrieved from /home/airflow/.local/lib/python3.12/site-packages/airflow/example_dags/example_setup_teardown.py
[2026-04-01T13:27:12.773+0000] {logging_mixin.py:188} INFO - [2026-04-01T13:27:12.773+0000] {dag.py:3096} INFO - Sync 1 DAGs
[2026-04-01T13:27:12.790+0000] {logging_mixin.py:188} INFO - [2026-04-01T13:27:12.790+0000] {dag.py:3954} INFO - Setting next_dagrun for example_setup_teardown to 2026-03-31 00:00:00+00:00, run_after=2026-04-01 00:00:00+00:00
[2026-04-01T13:27:12.806+0000] {processor.py:183} INFO - Processing /home/airflow/.local/lib/python3.12/site-packages/airflow/example_dags/example_setup_teardown.py took 0.065 seconds
[2026-04-01T13:27:43.460+0000] {processor.py:161} INFO - Started process (PID=3386) to work on /home/airflow/.local/lib/python3.12/site-packages/airflow/example_dags/example_setup_teardown.py
[2026-04-01T13:27:43.461+0000] {processor.py:830} INFO - Processing file /home/airflow/.local/lib/python3.12/site-packages/airflow/example_dags/example_setup_teardown.py for tasks to queue
[2026-04-01T13:27:43.463+0000] {logging_mixin.py:188} INFO - [2026-04-01T13:27:43.463+0000] {dagbag.py:545} INFO - Filling up the DagBag from /home/airflow/.local/lib/python3.12/site-packages/airflow/example_dags/example_setup_teardown.py
[2026-04-01T13:27:43.468+0000] {processor.py:840} INFO - DAG(s) 'example_setup_teardown' retrieved from /home/airflow/.local/lib/python3.12/site-packages/airflow/example_dags/example_setup_teardown.py
[2026-04-01T13:27:43.484+0000] {logging_mixin.py:188} INFO - [2026-04-01T13:27:43.483+0000] {dag.py:3096} INFO - Sync 1 DAGs
[2026-04-01T13:27:43.500+0000] {logging_mixin.py:188} INFO - [2026-04-01T13:27:43.500+0000] {dag.py:3954} INFO - Setting next_dagrun for example_setup_teardown to 2026-03-31 00:00:00+00:00, run_after=2026-04-01 00:00:00+00:00
[2026-04-01T13:27:43.534+0000] {processor.py:183} INFO - Processing /home/airflow/.local/lib/python3.12/site-packages/airflow/example_dags/example_setup_teardown.py took 0.078 seconds
[2026-04-01T13:28:13.914+0000] {processor.py:161} INFO - Started process (PID=3445) to work on /home/airflow/.local/lib/python3.12/site-packages/airflow/example_dags/example_setup_teardown.py
[2026-04-01T13:28:13.915+0000] {processor.py:830} INFO - Processing file /home/airflow/.local/lib/python3.12/site-packages/airflow/example_dags/example_setup_teardown.py for tasks to queue
[2026-04-01T13:28:13.916+0000] {logging_mixin.py:188} INFO - [2026-04-01T13:28:13.916+0000] {dagbag.py:545} INFO - Filling up the DagBag from /home/airflow/.local/lib/python3.12/site-packages/airflow/example_dags/example_setup_teardown.py
[2026-04-01T13:28:13.921+0000] {processor.py:840} INFO - DAG(s) 'example_setup_teardown' retrieved from /home/airflow/.local/lib/python3.12/site-packages/airflow/example_dags/example_setup_teardown.py
[2026-04-01T13:28:13.935+0000] {logging_mixin.py:188} INFO - [2026-04-01T13:28:13.935+0000] {dag.py:3096} INFO - Sync 1 DAGs
[2026-04-01T13:28:13.951+0000] {logging_mixin.py:188} INFO - [2026-04-01T13:28:13.951+0000] {dag.py:3954} INFO - Setting next_dagrun for example_setup_teardown to 2026-03-31 00:00:00+00:00, run_after=2026-04-01 00:00:00+00:00
[2026-04-01T13:28:13.966+0000] {processor.py:183} INFO - Processing /home/airflow/.local/lib/python3.12/site-packages/airflow/example_dags/example_setup_teardown.py took 0.056 seconds
[2026-04-01T13:28:44.313+0000] {processor.py:161} INFO - Started process (PID=3504) to work on /home/airflow/.local/lib/python3.12/site-packages/airflow/example_dags/example_setup_teardown.py
[2026-04-01T13:28:44.314+0000] {processor.py:830} INFO - Processing file /home/airflow/.local/lib/python3.12/site-packages/airflow/example_dags/example_setup_teardown.py for tasks to queue
[2026-04-01T13:28:44.315+0000] {logging_mixin.py:188} INFO - [2026-04-01T13:28:44.315+0000] {dagbag.py:545} INFO - Filling up the DagBag from /home/airflow/.local/lib/python3.12/site-packages/airflow/example_dags/example_setup_teardown.py
[2026-04-01T13:28:44.320+0000] {processor.py:840} INFO - DAG(s) 'example_setup_teardown' retrieved from /home/airflow/.local/lib/python3.12/site-packages/airflow/example_dags/example_setup_teardown.py
[2026-04-01T13:28:44.337+0000] {logging_mixin.py:188} INFO - [2026-04-01T13:28:44.337+0000] {dag.py:3096} INFO - Sync 1 DAGs
[2026-04-01T13:28:44.352+0000] {logging_mixin.py:188} INFO - [2026-04-01T13:28:44.351+0000] {dag.py:3954} INFO - Setting next_dagrun for example_setup_teardown to 2026-03-31 00:00:00+00:00, run_after=2026-04-01 00:00:00+00:00
[2026-04-01T13:28:44.370+0000] {processor.py:183} INFO - Processing /home/airflow/.local/lib/python3.12/site-packages/airflow/example_dags/example_setup_teardown.py took 0.063 seconds
[2026-04-01T13:29:14.698+0000] {processor.py:161} INFO - Started process (PID=3563) to work on /home/airflow/.local/lib/python3.12/site-packages/airflow/example_dags/example_setup_teardown.py
[2026-04-01T13:29:14.699+0000] {processor.py:830} INFO - Processing file /home/airflow/.local/lib/python3.12/site-packages/airflow/example_dags/example_setup_teardown.py for tasks to queue
[2026-04-01T13:29:14.700+0000] {logging_mixin.py:188} INFO - [2026-04-01T13:29:14.700+0000] {dagbag.py:545} INFO - Filling up the DagBag from /home/airflow/.local/lib/python3.12/site-packages/airflow/example_dags/example_setup_teardown.py
[2026-04-01T13:29:14.705+0000] {processor.py:840} INFO - DAG(s) 'example_setup_teardown' retrieved from /home/airflow/.local/lib/python3.12/site-packages/airflow/example_dags/example_setup_teardown.py
[2026-04-01T13:29:14.719+0000] {logging_mixin.py:188} INFO - [2026-04-01T13:29:14.719+0000] {dag.py:3096} INFO - Sync 1 DAGs
[2026-04-01T13:29:14.737+0000] {logging_mixin.py:188} INFO - [2026-04-01T13:29:14.736+0000] {dag.py:3954} INFO - Setting next_dagrun for example_setup_teardown to 2026-03-31 00:00:00+00:00, run_after=2026-04-01 00:00:00+00:00
[2026-04-01T13:29:14.751+0000] {processor.py:183} INFO - Processing /home/airflow/.local/lib/python3.12/site-packages/airflow/example_dags/example_setup_teardown.py took 0.058 seconds
[2026-04-01T13:29:45.113+0000] {processor.py:161} INFO - Started process (PID=3622) to work on /home/airflow/.local/lib/python3.12/site-packages/airflow/example_dags/example_setup_teardown.py
[2026-04-01T13:29:45.114+0000] {processor.py:830} INFO - Processing file /home/airflow/.local/lib/python3.12/site-packages/airflow/example_dags/example_setup_teardown.py for tasks to queue
[2026-04-01T13:29:45.116+0000] {logging_mixin.py:188} INFO - [2026-04-01T13:29:45.116+0000] {dagbag.py:545} INFO - Filling up the DagBag from /home/airflow/.local/lib/python3.12/site-packages/airflow/example_dags/example_setup_teardown.py
[2026-04-01T13:29:45.121+0000] {processor.py:840} INFO - DAG(s) 'example_setup_teardown' retrieved from /home/airflow/.local/lib/python3.12/site-packages/airflow/example_dags/example_setup_teardown.py
[2026-04-01T13:29:45.136+0000] {logging_mixin.py:188} INFO - [2026-04-01T13:29:45.136+0000] {dag.py:3096} INFO - Sync 1 DAGs
[2026-04-01T13:29:45.151+0000] {logging_mixin.py:188} INFO - [2026-04-01T13:29:45.151+0000] {dag.py:3954} INFO - Setting next_dagrun for example_setup_teardown to 2026-03-31 00:00:00+00:00, run_after=2026-04-01 00:00:00+00:00
[2026-04-01T13:29:45.166+0000] {processor.py:183} INFO - Processing /home/airflow/.local/lib/python3.12/site-packages/airflow/example_dags/example_setup_teardown.py took 0.057 seconds
[2026-04-01T13:30:15.359+0000] {processor.py:161} INFO - Started process (PID=3681) to work on /home/airflow/.local/lib/python3.12/site-packages/airflow/example_dags/example_setup_teardown.py
[2026-04-01T13:30:15.360+0000] {processor.py:830} INFO - Processing file /home/airflow/.local/lib/python3.12/site-packages/airflow/example_dags/example_setup_teardown.py for tasks to queue
[2026-04-01T13:30:15.362+0000] {logging_mixin.py:188} INFO - [2026-04-01T13:30:15.361+0000] {dagbag.py:545} INFO - Filling up the DagBag from /home/airflow/.local/lib/python3.12/site-packages/airflow/example_dags/example_setup_teardown.py
[2026-04-01T13:30:15.367+0000] {processor.py:840} INFO - DAG(s) 'example_setup_teardown' retrieved from /home/airflow/.local/lib/python3.12/site-packages/airflow/example_dags/example_setup_teardown.py
[2026-04-01T13:30:15.383+0000] {logging_mixin.py:188} INFO - [2026-04-01T13:30:15.382+0000] {dag.py:3096} INFO - Sync 1 DAGs
[2026-04-01T13:30:15.402+0000] {logging_mixin.py:188} INFO - [2026-04-01T13:30:15.402+0000] {dag.py:3954} INFO - Setting next_dagrun for example_setup_teardown to 2026-03-31 00:00:00+00:00, run_after=2026-04-01 00:00:00+00:00
[2026-04-01T13:30:15.419+0000] {processor.py:183} INFO - Processing /home/airflow/.local/lib/python3.12/site-packages/airflow/example_dags/example_setup_teardown.py took 0.065 seconds
[2026-04-01T13:30:45.773+0000] {processor.py:161} INFO - Started process (PID=3740) to work on /home/airflow/.local/lib/python3.12/site-packages/airflow/example_dags/example_setup_teardown.py
[2026-04-01T13:30:45.773+0000] {processor.py:830} INFO - Processing file /home/airflow/.local/lib/python3.12/site-packages/airflow/example_dags/example_setup_teardown.py for tasks to queue
[2026-04-01T13:30:45.775+0000] {logging_mixin.py:188} INFO - [2026-04-01T13:30:45.775+0000] {dagbag.py:545} INFO - Filling up the DagBag from /home/airflow/.local/lib/python3.12/site-packages/airflow/example_dags/example_setup_teardown.py
[2026-04-01T13:30:45.780+0000] {processor.py:840} INFO - DAG(s) 'example_setup_teardown' retrieved from /home/airflow/.local/lib/python3.12/site-packages/airflow/example_dags/example_setup_teardown.py
[2026-04-01T13:30:45.798+0000] {logging_mixin.py:188} INFO - [2026-04-01T13:30:45.798+0000] {dag.py:3096} INFO - Sync 1 DAGs
[2026-04-01T13:30:45.815+0000] {logging_mixin.py:188} INFO - [2026-04-01T13:30:45.815+0000] {dag.py:3954} INFO - Setting next_dagrun for example_setup_teardown to 2026-03-31 00:00:00+00:00, run_after=2026-04-01 00:00:00+00:00
[2026-04-01T13:30:45.831+0000] {processor.py:183} INFO - Processing /home/airflow/.local/lib/python3.12/site-packages/airflow/example_dags/example_setup_teardown.py took 0.062 seconds
[2026-04-01T13:31:16.205+0000] {processor.py:161} INFO - Started process (PID=3799) to work on /home/airflow/.local/lib/python3.12/site-packages/airflow/example_dags/example_setup_teardown.py
[2026-04-01T13:31:16.205+0000] {processor.py:830} INFO - Processing file /home/airflow/.local/lib/python3.12/site-packages/airflow/example_dags/example_setup_teardown.py for tasks to queue
[2026-04-01T13:31:16.207+0000] {logging_mixin.py:188} INFO - [2026-04-01T13:31:16.207+0000] {dagbag.py:545} INFO - Filling up the DagBag from /home/airflow/.local/lib/python3.12/site-packages/airflow/example_dags/example_setup_teardown.py
[2026-04-01T13:31:16.212+0000] {processor.py:840} INFO - DAG(s) 'example_setup_teardown' retrieved from /home/airflow/.local/lib/python3.12/site-packages/airflow/example_dags/example_setup_teardown.py
[2026-04-01T13:31:16.227+0000] {logging_mixin.py:188} INFO - [2026-04-01T13:31:16.226+0000] {dag.py:3096} INFO - Sync 1 DAGs
[2026-04-01T13:31:16.241+0000] {logging_mixin.py:188} INFO - [2026-04-01T13:31:16.241+0000] {dag.py:3954} INFO - Setting next_dagrun for example_setup_teardown to 2026-03-31 00:00:00+00:00, run_after=2026-04-01 00:00:00+00:00
[2026-04-01T13:31:16.260+0000] {processor.py:183} INFO - Processing /home/airflow/.local/lib/python3.12/site-packages/airflow/example_dags/example_setup_teardown.py took 0.060 seconds
