[2026-04-01T12:58:50.051+0000] {processor.py:161} INFO - Started process (PID=63) to work on /home/airflow/.local/lib/python3.12/site-packages/airflow/example_dags/example_dag_decorator.py
[2026-04-01T12:58:50.052+0000] {processor.py:830} INFO - Processing file /home/airflow/.local/lib/python3.12/site-packages/airflow/example_dags/example_dag_decorator.py for tasks to queue
[2026-04-01T12:58:50.055+0000] {logging_mixin.py:188} INFO - [2026-04-01T12:58:50.054+0000] {dagbag.py:545} INFO - Filling up the DagBag from /home/airflow/.local/lib/python3.12/site-packages/airflow/example_dags/example_dag_decorator.py
[2026-04-01T12:58:50.361+0000] {processor.py:840} INFO - DAG(s) 'example_dag_decorator' retrieved from /home/airflow/.local/lib/python3.12/site-packages/airflow/example_dags/example_dag_decorator.py
[2026-04-01T12:58:50.375+0000] {logging_mixin.py:188} INFO - [2026-04-01T12:58:50.374+0000] {dag.py:3096} INFO - Sync 1 DAGs
[2026-04-01T12:58:50.392+0000] {logging_mixin.py:188} INFO - [2026-04-01T12:58:50.392+0000] {dag.py:3954} INFO - Setting next_dagrun for example_dag_decorator to None, run_after=None
[2026-04-01T12:58:50.414+0000] {processor.py:183} INFO - Processing /home/airflow/.local/lib/python3.12/site-packages/airflow/example_dags/example_dag_decorator.py took 0.369 seconds
[2026-04-01T12:59:20.734+0000] {processor.py:161} INFO - Started process (PID=121) to work on /home/airflow/.local/lib/python3.12/site-packages/airflow/example_dags/example_dag_decorator.py
[2026-04-01T12:59:20.735+0000] {processor.py:830} INFO - Processing file /home/airflow/.local/lib/python3.12/site-packages/airflow/example_dags/example_dag_decorator.py for tasks to queue
[2026-04-01T12:59:20.737+0000] {logging_mixin.py:188} INFO - [2026-04-01T12:59:20.737+0000] {dagbag.py:545} INFO - Filling up the DagBag from /home/airflow/.local/lib/python3.12/site-packages/airflow/example_dags/example_dag_decorator.py
[2026-04-01T12:59:20.817+0000] {processor.py:840} INFO - DAG(s) 'example_dag_decorator' retrieved from /home/airflow/.local/lib/python3.12/site-packages/airflow/example_dags/example_dag_decorator.py
[2026-04-01T12:59:20.896+0000] {logging_mixin.py:188} INFO - [2026-04-01T12:59:20.896+0000] {dag.py:3096} INFO - Sync 1 DAGs
[2026-04-01T12:59:20.904+0000] {logging_mixin.py:188} INFO - [2026-04-01T12:59:20.903+0000] {dag.py:3954} INFO - Setting next_dagrun for example_dag_decorator to None, run_after=None
[2026-04-01T12:59:20.919+0000] {processor.py:183} INFO - Processing /home/airflow/.local/lib/python3.12/site-packages/airflow/example_dags/example_dag_decorator.py took 0.191 seconds
[2026-04-01T12:59:51.340+0000] {processor.py:161} INFO - Started process (PID=179) to work on /home/airflow/.local/lib/python3.12/site-packages/airflow/example_dags/example_dag_decorator.py
[2026-04-01T12:59:51.340+0000] {processor.py:830} INFO - Processing file /home/airflow/.local/lib/python3.12/site-packages/airflow/example_dags/example_dag_decorator.py for tasks to queue
[2026-04-01T12:59:51.342+0000] {logging_mixin.py:188} INFO - [2026-04-01T12:59:51.342+0000] {dagbag.py:545} INFO - Filling up the DagBag from /home/airflow/.local/lib/python3.12/site-packages/airflow/example_dags/example_dag_decorator.py
[2026-04-01T12:59:51.421+0000] {processor.py:840} INFO - DAG(s) 'example_dag_decorator' retrieved from /home/airflow/.local/lib/python3.12/site-packages/airflow/example_dags/example_dag_decorator.py
[2026-04-01T12:59:51.500+0000] {logging_mixin.py:188} INFO - [2026-04-01T12:59:51.500+0000] {dag.py:3096} INFO - Sync 1 DAGs
[2026-04-01T12:59:51.511+0000] {logging_mixin.py:188} INFO - [2026-04-01T12:59:51.510+0000] {dag.py:3954} INFO - Setting next_dagrun for example_dag_decorator to None, run_after=None
[2026-04-01T12:59:51.524+0000] {processor.py:183} INFO - Processing /home/airflow/.local/lib/python3.12/site-packages/airflow/example_dags/example_dag_decorator.py took 0.189 seconds
[2026-04-01T13:00:21.829+0000] {processor.py:161} INFO - Started process (PID=237) to work on /home/airflow/.local/lib/python3.12/site-packages/airflow/example_dags/example_dag_decorator.py
[2026-04-01T13:00:21.830+0000] {processor.py:830} INFO - Processing file /home/airflow/.local/lib/python3.12/site-packages/airflow/example_dags/example_dag_decorator.py for tasks to queue
[2026-04-01T13:00:21.832+0000] {logging_mixin.py:188} INFO - [2026-04-01T13:00:21.831+0000] {dagbag.py:545} INFO - Filling up the DagBag from /home/airflow/.local/lib/python3.12/site-packages/airflow/example_dags/example_dag_decorator.py
[2026-04-01T13:00:21.915+0000] {processor.py:840} INFO - DAG(s) 'example_dag_decorator' retrieved from /home/airflow/.local/lib/python3.12/site-packages/airflow/example_dags/example_dag_decorator.py
[2026-04-01T13:00:21.990+0000] {logging_mixin.py:188} INFO - [2026-04-01T13:00:21.990+0000] {dag.py:3096} INFO - Sync 1 DAGs
[2026-04-01T13:00:22.000+0000] {logging_mixin.py:188} INFO - [2026-04-01T13:00:22.000+0000] {dag.py:3954} INFO - Setting next_dagrun for example_dag_decorator to None, run_after=None
[2026-04-01T13:00:22.016+0000] {processor.py:183} INFO - Processing /home/airflow/.local/lib/python3.12/site-packages/airflow/example_dags/example_dag_decorator.py took 0.192 seconds
[2026-04-01T13:00:52.044+0000] {processor.py:161} INFO - Started process (PID=296) to work on /home/airflow/.local/lib/python3.12/site-packages/airflow/example_dags/example_dag_decorator.py
[2026-04-01T13:00:52.044+0000] {processor.py:830} INFO - Processing file /home/airflow/.local/lib/python3.12/site-packages/airflow/example_dags/example_dag_decorator.py for tasks to queue
[2026-04-01T13:00:52.046+0000] {logging_mixin.py:188} INFO - [2026-04-01T13:00:52.045+0000] {dagbag.py:545} INFO - Filling up the DagBag from /home/airflow/.local/lib/python3.12/site-packages/airflow/example_dags/example_dag_decorator.py
[2026-04-01T13:00:52.111+0000] {processor.py:840} INFO - DAG(s) 'example_dag_decorator' retrieved from /home/airflow/.local/lib/python3.12/site-packages/airflow/example_dags/example_dag_decorator.py
[2026-04-01T13:00:52.176+0000] {logging_mixin.py:188} INFO - [2026-04-01T13:00:52.176+0000] {dag.py:3096} INFO - Sync 1 DAGs
[2026-04-01T13:00:52.182+0000] {logging_mixin.py:188} INFO - [2026-04-01T13:00:52.182+0000] {dag.py:3954} INFO - Setting next_dagrun for example_dag_decorator to None, run_after=None
[2026-04-01T13:00:52.195+0000] {processor.py:183} INFO - Processing /home/airflow/.local/lib/python3.12/site-packages/airflow/example_dags/example_dag_decorator.py took 0.156 seconds
[2026-04-01T13:01:22.304+0000] {processor.py:161} INFO - Started process (PID=354) to work on /home/airflow/.local/lib/python3.12/site-packages/airflow/example_dags/example_dag_decorator.py
[2026-04-01T13:01:22.304+0000] {processor.py:830} INFO - Processing file /home/airflow/.local/lib/python3.12/site-packages/airflow/example_dags/example_dag_decorator.py for tasks to queue
[2026-04-01T13:01:22.306+0000] {logging_mixin.py:188} INFO - [2026-04-01T13:01:22.306+0000] {dagbag.py:545} INFO - Filling up the DagBag from /home/airflow/.local/lib/python3.12/site-packages/airflow/example_dags/example_dag_decorator.py
[2026-04-01T13:01:22.380+0000] {processor.py:840} INFO - DAG(s) 'example_dag_decorator' retrieved from /home/airflow/.local/lib/python3.12/site-packages/airflow/example_dags/example_dag_decorator.py
[2026-04-01T13:01:22.398+0000] {logging_mixin.py:188} INFO - [2026-04-01T13:01:22.398+0000] {dag.py:3096} INFO - Sync 1 DAGs
[2026-04-01T13:01:22.407+0000] {logging_mixin.py:188} INFO - [2026-04-01T13:01:22.406+0000] {dag.py:3954} INFO - Setting next_dagrun for example_dag_decorator to None, run_after=None
[2026-04-01T13:01:22.422+0000] {processor.py:183} INFO - Processing /home/airflow/.local/lib/python3.12/site-packages/airflow/example_dags/example_dag_decorator.py took 0.123 seconds
[2026-04-01T13:01:52.472+0000] {processor.py:161} INFO - Started process (PID=411) to work on /home/airflow/.local/lib/python3.12/site-packages/airflow/example_dags/example_dag_decorator.py
[2026-04-01T13:01:52.473+0000] {processor.py:830} INFO - Processing file /home/airflow/.local/lib/python3.12/site-packages/airflow/example_dags/example_dag_decorator.py for tasks to queue
[2026-04-01T13:01:52.474+0000] {logging_mixin.py:188} INFO - [2026-04-01T13:01:52.474+0000] {dagbag.py:545} INFO - Filling up the DagBag from /home/airflow/.local/lib/python3.12/site-packages/airflow/example_dags/example_dag_decorator.py
[2026-04-01T13:01:52.551+0000] {processor.py:840} INFO - DAG(s) 'example_dag_decorator' retrieved from /home/airflow/.local/lib/python3.12/site-packages/airflow/example_dags/example_dag_decorator.py
[2026-04-01T13:01:52.567+0000] {logging_mixin.py:188} INFO - [2026-04-01T13:01:52.567+0000] {dag.py:3096} INFO - Sync 1 DAGs
[2026-04-01T13:01:52.578+0000] {logging_mixin.py:188} INFO - [2026-04-01T13:01:52.578+0000] {dag.py:3954} INFO - Setting next_dagrun for example_dag_decorator to None, run_after=None
[2026-04-01T13:01:52.596+0000] {processor.py:183} INFO - Processing /home/airflow/.local/lib/python3.12/site-packages/airflow/example_dags/example_dag_decorator.py took 0.129 seconds
[2026-04-01T13:02:22.640+0000] {processor.py:161} INFO - Started process (PID=469) to work on /home/airflow/.local/lib/python3.12/site-packages/airflow/example_dags/example_dag_decorator.py
[2026-04-01T13:02:22.641+0000] {processor.py:830} INFO - Processing file /home/airflow/.local/lib/python3.12/site-packages/airflow/example_dags/example_dag_decorator.py for tasks to queue
[2026-04-01T13:02:22.643+0000] {logging_mixin.py:188} INFO - [2026-04-01T13:02:22.643+0000] {dagbag.py:545} INFO - Filling up the DagBag from /home/airflow/.local/lib/python3.12/site-packages/airflow/example_dags/example_dag_decorator.py
[2026-04-01T13:02:22.737+0000] {processor.py:840} INFO - DAG(s) 'example_dag_decorator' retrieved from /home/airflow/.local/lib/python3.12/site-packages/airflow/example_dags/example_dag_decorator.py
[2026-04-01T13:02:22.756+0000] {logging_mixin.py:188} INFO - [2026-04-01T13:02:22.755+0000] {dag.py:3096} INFO - Sync 1 DAGs
[2026-04-01T13:02:22.767+0000] {logging_mixin.py:188} INFO - [2026-04-01T13:02:22.767+0000] {dag.py:3954} INFO - Setting next_dagrun for example_dag_decorator to None, run_after=None
[2026-04-01T13:02:22.785+0000] {processor.py:183} INFO - Processing /home/airflow/.local/lib/python3.12/site-packages/airflow/example_dags/example_dag_decorator.py took 0.150 seconds
[2026-04-01T13:02:52.855+0000] {processor.py:161} INFO - Started process (PID=527) to work on /home/airflow/.local/lib/python3.12/site-packages/airflow/example_dags/example_dag_decorator.py
[2026-04-01T13:02:52.856+0000] {processor.py:830} INFO - Processing file /home/airflow/.local/lib/python3.12/site-packages/airflow/example_dags/example_dag_decorator.py for tasks to queue
[2026-04-01T13:02:52.857+0000] {logging_mixin.py:188} INFO - [2026-04-01T13:02:52.857+0000] {dagbag.py:545} INFO - Filling up the DagBag from /home/airflow/.local/lib/python3.12/site-packages/airflow/example_dags/example_dag_decorator.py
[2026-04-01T13:02:52.933+0000] {processor.py:840} INFO - DAG(s) 'example_dag_decorator' retrieved from /home/airflow/.local/lib/python3.12/site-packages/airflow/example_dags/example_dag_decorator.py
[2026-04-01T13:02:53.008+0000] {logging_mixin.py:188} INFO - [2026-04-01T13:02:53.008+0000] {dag.py:3096} INFO - Sync 1 DAGs
[2026-04-01T13:02:53.017+0000] {logging_mixin.py:188} INFO - [2026-04-01T13:02:53.017+0000] {dag.py:3954} INFO - Setting next_dagrun for example_dag_decorator to None, run_after=None
[2026-04-01T13:02:53.033+0000] {processor.py:183} INFO - Processing /home/airflow/.local/lib/python3.12/site-packages/airflow/example_dags/example_dag_decorator.py took 0.182 seconds
[2026-04-01T13:03:23.090+0000] {processor.py:161} INFO - Started process (PID=586) to work on /home/airflow/.local/lib/python3.12/site-packages/airflow/example_dags/example_dag_decorator.py
[2026-04-01T13:03:23.091+0000] {processor.py:830} INFO - Processing file /home/airflow/.local/lib/python3.12/site-packages/airflow/example_dags/example_dag_decorator.py for tasks to queue
[2026-04-01T13:03:23.092+0000] {logging_mixin.py:188} INFO - [2026-04-01T13:03:23.092+0000] {dagbag.py:545} INFO - Filling up the DagBag from /home/airflow/.local/lib/python3.12/site-packages/airflow/example_dags/example_dag_decorator.py
[2026-04-01T13:03:23.172+0000] {processor.py:840} INFO - DAG(s) 'example_dag_decorator' retrieved from /home/airflow/.local/lib/python3.12/site-packages/airflow/example_dags/example_dag_decorator.py
[2026-04-01T13:03:23.246+0000] {logging_mixin.py:188} INFO - [2026-04-01T13:03:23.245+0000] {dag.py:3096} INFO - Sync 1 DAGs
[2026-04-01T13:03:23.253+0000] {logging_mixin.py:188} INFO - [2026-04-01T13:03:23.253+0000] {dag.py:3954} INFO - Setting next_dagrun for example_dag_decorator to None, run_after=None
[2026-04-01T13:03:23.268+0000] {processor.py:183} INFO - Processing /home/airflow/.local/lib/python3.12/site-packages/airflow/example_dags/example_dag_decorator.py took 0.184 seconds
[2026-04-01T13:03:53.362+0000] {processor.py:161} INFO - Started process (PID=644) to work on /home/airflow/.local/lib/python3.12/site-packages/airflow/example_dags/example_dag_decorator.py
[2026-04-01T13:03:53.363+0000] {processor.py:830} INFO - Processing file /home/airflow/.local/lib/python3.12/site-packages/airflow/example_dags/example_dag_decorator.py for tasks to queue
[2026-04-01T13:03:53.365+0000] {logging_mixin.py:188} INFO - [2026-04-01T13:03:53.365+0000] {dagbag.py:545} INFO - Filling up the DagBag from /home/airflow/.local/lib/python3.12/site-packages/airflow/example_dags/example_dag_decorator.py
[2026-04-01T13:03:53.444+0000] {processor.py:840} INFO - DAG(s) 'example_dag_decorator' retrieved from /home/airflow/.local/lib/python3.12/site-packages/airflow/example_dags/example_dag_decorator.py
[2026-04-01T13:03:53.528+0000] {logging_mixin.py:188} INFO - [2026-04-01T13:03:53.527+0000] {dag.py:3096} INFO - Sync 1 DAGs
[2026-04-01T13:03:53.537+0000] {logging_mixin.py:188} INFO - [2026-04-01T13:03:53.536+0000] {dag.py:3954} INFO - Setting next_dagrun for example_dag_decorator to None, run_after=None
[2026-04-01T13:03:53.554+0000] {processor.py:183} INFO - Processing /home/airflow/.local/lib/python3.12/site-packages/airflow/example_dags/example_dag_decorator.py took 0.196 seconds
[2026-04-01T13:04:23.652+0000] {processor.py:161} INFO - Started process (PID=702) to work on /home/airflow/.local/lib/python3.12/site-packages/airflow/example_dags/example_dag_decorator.py
[2026-04-01T13:04:23.653+0000] {processor.py:830} INFO - Processing file /home/airflow/.local/lib/python3.12/site-packages/airflow/example_dags/example_dag_decorator.py for tasks to queue
[2026-04-01T13:04:23.655+0000] {logging_mixin.py:188} INFO - [2026-04-01T13:04:23.655+0000] {dagbag.py:545} INFO - Filling up the DagBag from /home/airflow/.local/lib/python3.12/site-packages/airflow/example_dags/example_dag_decorator.py
[2026-04-01T13:04:23.733+0000] {processor.py:840} INFO - DAG(s) 'example_dag_decorator' retrieved from /home/airflow/.local/lib/python3.12/site-packages/airflow/example_dags/example_dag_decorator.py
[2026-04-01T13:04:23.830+0000] {logging_mixin.py:188} INFO - [2026-04-01T13:04:23.830+0000] {dag.py:3096} INFO - Sync 1 DAGs
[2026-04-01T13:04:23.843+0000] {logging_mixin.py:188} INFO - [2026-04-01T13:04:23.843+0000] {dag.py:3954} INFO - Setting next_dagrun for example_dag_decorator to None, run_after=None
[2026-04-01T13:04:23.986+0000] {processor.py:183} INFO - Processing /home/airflow/.local/lib/python3.12/site-packages/airflow/example_dags/example_dag_decorator.py took 0.339 seconds
[2026-04-01T13:04:54.011+0000] {processor.py:161} INFO - Started process (PID=762) to work on /home/airflow/.local/lib/python3.12/site-packages/airflow/example_dags/example_dag_decorator.py
[2026-04-01T13:04:54.011+0000] {processor.py:830} INFO - Processing file /home/airflow/.local/lib/python3.12/site-packages/airflow/example_dags/example_dag_decorator.py for tasks to queue
[2026-04-01T13:04:54.013+0000] {logging_mixin.py:188} INFO - [2026-04-01T13:04:54.012+0000] {dagbag.py:545} INFO - Filling up the DagBag from /home/airflow/.local/lib/python3.12/site-packages/airflow/example_dags/example_dag_decorator.py
[2026-04-01T13:04:54.093+0000] {processor.py:840} INFO - DAG(s) 'example_dag_decorator' retrieved from /home/airflow/.local/lib/python3.12/site-packages/airflow/example_dags/example_dag_decorator.py
[2026-04-01T13:04:54.180+0000] {logging_mixin.py:188} INFO - [2026-04-01T13:04:54.180+0000] {dag.py:3096} INFO - Sync 1 DAGs
[2026-04-01T13:04:54.188+0000] {logging_mixin.py:188} INFO - [2026-04-01T13:04:54.188+0000] {dag.py:3954} INFO - Setting next_dagrun for example_dag_decorator to None, run_after=None
[2026-04-01T13:04:54.207+0000] {processor.py:183} INFO - Processing /home/airflow/.local/lib/python3.12/site-packages/airflow/example_dags/example_dag_decorator.py took 0.201 seconds
[2026-04-01T13:05:24.249+0000] {processor.py:161} INFO - Started process (PID=821) to work on /home/airflow/.local/lib/python3.12/site-packages/airflow/example_dags/example_dag_decorator.py
[2026-04-01T13:05:24.250+0000] {processor.py:830} INFO - Processing file /home/airflow/.local/lib/python3.12/site-packages/airflow/example_dags/example_dag_decorator.py for tasks to queue
[2026-04-01T13:05:24.252+0000] {logging_mixin.py:188} INFO - [2026-04-01T13:05:24.252+0000] {dagbag.py:545} INFO - Filling up the DagBag from /home/airflow/.local/lib/python3.12/site-packages/airflow/example_dags/example_dag_decorator.py
[2026-04-01T13:05:24.337+0000] {processor.py:840} INFO - DAG(s) 'example_dag_decorator' retrieved from /home/airflow/.local/lib/python3.12/site-packages/airflow/example_dags/example_dag_decorator.py
[2026-04-01T13:05:24.411+0000] {logging_mixin.py:188} INFO - [2026-04-01T13:05:24.410+0000] {dag.py:3096} INFO - Sync 1 DAGs
[2026-04-01T13:05:24.418+0000] {logging_mixin.py:188} INFO - [2026-04-01T13:05:24.418+0000] {dag.py:3954} INFO - Setting next_dagrun for example_dag_decorator to None, run_after=None
[2026-04-01T13:05:24.433+0000] {processor.py:183} INFO - Processing /home/airflow/.local/lib/python3.12/site-packages/airflow/example_dags/example_dag_decorator.py took 0.188 seconds
[2026-04-01T13:05:54.476+0000] {processor.py:161} INFO - Started process (PID=881) to work on /home/airflow/.local/lib/python3.12/site-packages/airflow/example_dags/example_dag_decorator.py
[2026-04-01T13:05:54.476+0000] {processor.py:830} INFO - Processing file /home/airflow/.local/lib/python3.12/site-packages/airflow/example_dags/example_dag_decorator.py for tasks to queue
[2026-04-01T13:05:54.478+0000] {logging_mixin.py:188} INFO - [2026-04-01T13:05:54.477+0000] {dagbag.py:545} INFO - Filling up the DagBag from /home/airflow/.local/lib/python3.12/site-packages/airflow/example_dags/example_dag_decorator.py
[2026-04-01T13:05:54.553+0000] {processor.py:840} INFO - DAG(s) 'example_dag_decorator' retrieved from /home/airflow/.local/lib/python3.12/site-packages/airflow/example_dags/example_dag_decorator.py
[2026-04-01T13:05:54.625+0000] {logging_mixin.py:188} INFO - [2026-04-01T13:05:54.625+0000] {dag.py:3096} INFO - Sync 1 DAGs
[2026-04-01T13:05:54.633+0000] {logging_mixin.py:188} INFO - [2026-04-01T13:05:54.633+0000] {dag.py:3954} INFO - Setting next_dagrun for example_dag_decorator to None, run_after=None
[2026-04-01T13:05:54.648+0000] {processor.py:183} INFO - Processing /home/airflow/.local/lib/python3.12/site-packages/airflow/example_dags/example_dag_decorator.py took 0.176 seconds
[2026-04-01T13:06:24.786+0000] {processor.py:161} INFO - Started process (PID=941) to work on /home/airflow/.local/lib/python3.12/site-packages/airflow/example_dags/example_dag_decorator.py
[2026-04-01T13:06:24.787+0000] {processor.py:830} INFO - Processing file /home/airflow/.local/lib/python3.12/site-packages/airflow/example_dags/example_dag_decorator.py for tasks to queue
[2026-04-01T13:06:24.789+0000] {logging_mixin.py:188} INFO - [2026-04-01T13:06:24.788+0000] {dagbag.py:545} INFO - Filling up the DagBag from /home/airflow/.local/lib/python3.12/site-packages/airflow/example_dags/example_dag_decorator.py
[2026-04-01T13:06:24.868+0000] {processor.py:840} INFO - DAG(s) 'example_dag_decorator' retrieved from /home/airflow/.local/lib/python3.12/site-packages/airflow/example_dags/example_dag_decorator.py
[2026-04-01T13:06:25.077+0000] {logging_mixin.py:188} INFO - [2026-04-01T13:06:25.077+0000] {dag.py:3096} INFO - Sync 1 DAGs
[2026-04-01T13:06:25.086+0000] {logging_mixin.py:188} INFO - [2026-04-01T13:06:25.086+0000] {dag.py:3954} INFO - Setting next_dagrun for example_dag_decorator to None, run_after=None
[2026-04-01T13:06:25.103+0000] {processor.py:183} INFO - Processing /home/airflow/.local/lib/python3.12/site-packages/airflow/example_dags/example_dag_decorator.py took 0.321 seconds
[2026-04-01T13:06:55.204+0000] {processor.py:161} INFO - Started process (PID=1001) to work on /home/airflow/.local/lib/python3.12/site-packages/airflow/example_dags/example_dag_decorator.py
[2026-04-01T13:06:55.205+0000] {processor.py:830} INFO - Processing file /home/airflow/.local/lib/python3.12/site-packages/airflow/example_dags/example_dag_decorator.py for tasks to queue
[2026-04-01T13:06:55.206+0000] {logging_mixin.py:188} INFO - [2026-04-01T13:06:55.206+0000] {dagbag.py:545} INFO - Filling up the DagBag from /home/airflow/.local/lib/python3.12/site-packages/airflow/example_dags/example_dag_decorator.py
[2026-04-01T13:06:55.272+0000] {processor.py:840} INFO - DAG(s) 'example_dag_decorator' retrieved from /home/airflow/.local/lib/python3.12/site-packages/airflow/example_dags/example_dag_decorator.py
[2026-04-01T13:06:55.287+0000] {logging_mixin.py:188} INFO - [2026-04-01T13:06:55.287+0000] {dag.py:3096} INFO - Sync 1 DAGs
[2026-04-01T13:06:55.296+0000] {logging_mixin.py:188} INFO - [2026-04-01T13:06:55.296+0000] {dag.py:3954} INFO - Setting next_dagrun for example_dag_decorator to None, run_after=None
[2026-04-01T13:06:55.309+0000] {processor.py:183} INFO - Processing /home/airflow/.local/lib/python3.12/site-packages/airflow/example_dags/example_dag_decorator.py took 0.110 seconds
[2026-04-01T13:07:25.480+0000] {processor.py:161} INFO - Started process (PID=1059) to work on /home/airflow/.local/lib/python3.12/site-packages/airflow/example_dags/example_dag_decorator.py
[2026-04-01T13:07:25.480+0000] {processor.py:830} INFO - Processing file /home/airflow/.local/lib/python3.12/site-packages/airflow/example_dags/example_dag_decorator.py for tasks to queue
[2026-04-01T13:07:25.482+0000] {logging_mixin.py:188} INFO - [2026-04-01T13:07:25.482+0000] {dagbag.py:545} INFO - Filling up the DagBag from /home/airflow/.local/lib/python3.12/site-packages/airflow/example_dags/example_dag_decorator.py
[2026-04-01T13:07:25.560+0000] {processor.py:840} INFO - DAG(s) 'example_dag_decorator' retrieved from /home/airflow/.local/lib/python3.12/site-packages/airflow/example_dags/example_dag_decorator.py
[2026-04-01T13:07:25.638+0000] {logging_mixin.py:188} INFO - [2026-04-01T13:07:25.637+0000] {dag.py:3096} INFO - Sync 1 DAGs
[2026-04-01T13:07:25.646+0000] {logging_mixin.py:188} INFO - [2026-04-01T13:07:25.645+0000] {dag.py:3954} INFO - Setting next_dagrun for example_dag_decorator to None, run_after=None
[2026-04-01T13:07:25.792+0000] {processor.py:183} INFO - Processing /home/airflow/.local/lib/python3.12/site-packages/airflow/example_dags/example_dag_decorator.py took 0.317 seconds
[2026-04-01T13:07:55.849+0000] {processor.py:161} INFO - Started process (PID=1120) to work on /home/airflow/.local/lib/python3.12/site-packages/airflow/example_dags/example_dag_decorator.py
[2026-04-01T13:07:55.850+0000] {processor.py:830} INFO - Processing file /home/airflow/.local/lib/python3.12/site-packages/airflow/example_dags/example_dag_decorator.py for tasks to queue
[2026-04-01T13:07:55.851+0000] {logging_mixin.py:188} INFO - [2026-04-01T13:07:55.851+0000] {dagbag.py:545} INFO - Filling up the DagBag from /home/airflow/.local/lib/python3.12/site-packages/airflow/example_dags/example_dag_decorator.py
[2026-04-01T13:07:55.927+0000] {processor.py:840} INFO - DAG(s) 'example_dag_decorator' retrieved from /home/airflow/.local/lib/python3.12/site-packages/airflow/example_dags/example_dag_decorator.py
[2026-04-01T13:07:56.010+0000] {logging_mixin.py:188} INFO - [2026-04-01T13:07:56.009+0000] {dag.py:3096} INFO - Sync 1 DAGs
[2026-04-01T13:07:56.019+0000] {logging_mixin.py:188} INFO - [2026-04-01T13:07:56.018+0000] {dag.py:3954} INFO - Setting next_dagrun for example_dag_decorator to None, run_after=None
[2026-04-01T13:07:56.035+0000] {processor.py:183} INFO - Processing /home/airflow/.local/lib/python3.12/site-packages/airflow/example_dags/example_dag_decorator.py took 0.192 seconds
[2026-04-01T13:08:26.059+0000] {processor.py:161} INFO - Started process (PID=1178) to work on /home/airflow/.local/lib/python3.12/site-packages/airflow/example_dags/example_dag_decorator.py
[2026-04-01T13:08:26.059+0000] {processor.py:830} INFO - Processing file /home/airflow/.local/lib/python3.12/site-packages/airflow/example_dags/example_dag_decorator.py for tasks to queue
[2026-04-01T13:08:26.061+0000] {logging_mixin.py:188} INFO - [2026-04-01T13:08:26.061+0000] {dagbag.py:545} INFO - Filling up the DagBag from /home/airflow/.local/lib/python3.12/site-packages/airflow/example_dags/example_dag_decorator.py
[2026-04-01T13:08:26.140+0000] {processor.py:840} INFO - DAG(s) 'example_dag_decorator' retrieved from /home/airflow/.local/lib/python3.12/site-packages/airflow/example_dags/example_dag_decorator.py
[2026-04-01T13:08:26.332+0000] {logging_mixin.py:188} INFO - [2026-04-01T13:08:26.332+0000] {dag.py:3096} INFO - Sync 1 DAGs
[2026-04-01T13:08:26.339+0000] {logging_mixin.py:188} INFO - [2026-04-01T13:08:26.339+0000] {dag.py:3954} INFO - Setting next_dagrun for example_dag_decorator to None, run_after=None
[2026-04-01T13:08:26.356+0000] {processor.py:183} INFO - Processing /home/airflow/.local/lib/python3.12/site-packages/airflow/example_dags/example_dag_decorator.py took 0.302 seconds
[2026-04-01T13:08:56.407+0000] {processor.py:161} INFO - Started process (PID=1236) to work on /home/airflow/.local/lib/python3.12/site-packages/airflow/example_dags/example_dag_decorator.py
[2026-04-01T13:08:56.408+0000] {processor.py:830} INFO - Processing file /home/airflow/.local/lib/python3.12/site-packages/airflow/example_dags/example_dag_decorator.py for tasks to queue
[2026-04-01T13:08:56.410+0000] {logging_mixin.py:188} INFO - [2026-04-01T13:08:56.410+0000] {dagbag.py:545} INFO - Filling up the DagBag from /home/airflow/.local/lib/python3.12/site-packages/airflow/example_dags/example_dag_decorator.py
[2026-04-01T13:08:56.529+0000] {processor.py:840} INFO - DAG(s) 'example_dag_decorator' retrieved from /home/airflow/.local/lib/python3.12/site-packages/airflow/example_dags/example_dag_decorator.py
[2026-04-01T13:08:56.751+0000] {logging_mixin.py:188} INFO - [2026-04-01T13:08:56.751+0000] {dag.py:3096} INFO - Sync 1 DAGs
[2026-04-01T13:08:56.758+0000] {logging_mixin.py:188} INFO - [2026-04-01T13:08:56.757+0000] {dag.py:3954} INFO - Setting next_dagrun for example_dag_decorator to None, run_after=None
[2026-04-01T13:08:56.774+0000] {processor.py:183} INFO - Processing /home/airflow/.local/lib/python3.12/site-packages/airflow/example_dags/example_dag_decorator.py took 0.372 seconds
[2026-04-01T13:09:26.893+0000] {processor.py:161} INFO - Started process (PID=1296) to work on /home/airflow/.local/lib/python3.12/site-packages/airflow/example_dags/example_dag_decorator.py
[2026-04-01T13:09:26.894+0000] {processor.py:830} INFO - Processing file /home/airflow/.local/lib/python3.12/site-packages/airflow/example_dags/example_dag_decorator.py for tasks to queue
[2026-04-01T13:09:26.895+0000] {logging_mixin.py:188} INFO - [2026-04-01T13:09:26.895+0000] {dagbag.py:545} INFO - Filling up the DagBag from /home/airflow/.local/lib/python3.12/site-packages/airflow/example_dags/example_dag_decorator.py
[2026-04-01T13:09:26.980+0000] {processor.py:840} INFO - DAG(s) 'example_dag_decorator' retrieved from /home/airflow/.local/lib/python3.12/site-packages/airflow/example_dags/example_dag_decorator.py
[2026-04-01T13:09:27.188+0000] {logging_mixin.py:188} INFO - [2026-04-01T13:09:27.188+0000] {dag.py:3096} INFO - Sync 1 DAGs
[2026-04-01T13:09:27.196+0000] {logging_mixin.py:188} INFO - [2026-04-01T13:09:27.195+0000] {dag.py:3954} INFO - Setting next_dagrun for example_dag_decorator to None, run_after=None
[2026-04-01T13:09:27.213+0000] {processor.py:183} INFO - Processing /home/airflow/.local/lib/python3.12/site-packages/airflow/example_dags/example_dag_decorator.py took 0.324 seconds
[2026-04-01T13:09:57.427+0000] {processor.py:161} INFO - Started process (PID=1356) to work on /home/airflow/.local/lib/python3.12/site-packages/airflow/example_dags/example_dag_decorator.py
[2026-04-01T13:09:57.428+0000] {processor.py:830} INFO - Processing file /home/airflow/.local/lib/python3.12/site-packages/airflow/example_dags/example_dag_decorator.py for tasks to queue
[2026-04-01T13:09:57.429+0000] {logging_mixin.py:188} INFO - [2026-04-01T13:09:57.429+0000] {dagbag.py:545} INFO - Filling up the DagBag from /home/airflow/.local/lib/python3.12/site-packages/airflow/example_dags/example_dag_decorator.py
[2026-04-01T13:09:57.514+0000] {processor.py:840} INFO - DAG(s) 'example_dag_decorator' retrieved from /home/airflow/.local/lib/python3.12/site-packages/airflow/example_dags/example_dag_decorator.py
[2026-04-01T13:09:57.536+0000] {logging_mixin.py:188} INFO - [2026-04-01T13:09:57.536+0000] {dag.py:3096} INFO - Sync 1 DAGs
[2026-04-01T13:09:57.546+0000] {logging_mixin.py:188} INFO - [2026-04-01T13:09:57.546+0000] {dag.py:3954} INFO - Setting next_dagrun for example_dag_decorator to None, run_after=None
[2026-04-01T13:09:57.562+0000] {processor.py:183} INFO - Processing /home/airflow/.local/lib/python3.12/site-packages/airflow/example_dags/example_dag_decorator.py took 0.139 seconds
[2026-04-01T13:10:27.593+0000] {processor.py:161} INFO - Started process (PID=1415) to work on /home/airflow/.local/lib/python3.12/site-packages/airflow/example_dags/example_dag_decorator.py
[2026-04-01T13:10:27.593+0000] {processor.py:830} INFO - Processing file /home/airflow/.local/lib/python3.12/site-packages/airflow/example_dags/example_dag_decorator.py for tasks to queue
[2026-04-01T13:10:27.595+0000] {logging_mixin.py:188} INFO - [2026-04-01T13:10:27.595+0000] {dagbag.py:545} INFO - Filling up the DagBag from /home/airflow/.local/lib/python3.12/site-packages/airflow/example_dags/example_dag_decorator.py
[2026-04-01T13:10:27.670+0000] {processor.py:840} INFO - DAG(s) 'example_dag_decorator' retrieved from /home/airflow/.local/lib/python3.12/site-packages/airflow/example_dags/example_dag_decorator.py
[2026-04-01T13:10:27.853+0000] {logging_mixin.py:188} INFO - [2026-04-01T13:10:27.853+0000] {dag.py:3096} INFO - Sync 1 DAGs
[2026-04-01T13:10:27.859+0000] {logging_mixin.py:188} INFO - [2026-04-01T13:10:27.859+0000] {dag.py:3954} INFO - Setting next_dagrun for example_dag_decorator to None, run_after=None
[2026-04-01T13:10:27.877+0000] {processor.py:183} INFO - Processing /home/airflow/.local/lib/python3.12/site-packages/airflow/example_dags/example_dag_decorator.py took 0.290 seconds
[2026-04-01T13:10:58.315+0000] {processor.py:161} INFO - Started process (PID=1475) to work on /home/airflow/.local/lib/python3.12/site-packages/airflow/example_dags/example_dag_decorator.py
[2026-04-01T13:10:58.316+0000] {processor.py:830} INFO - Processing file /home/airflow/.local/lib/python3.12/site-packages/airflow/example_dags/example_dag_decorator.py for tasks to queue
[2026-04-01T13:10:58.317+0000] {logging_mixin.py:188} INFO - [2026-04-01T13:10:58.317+0000] {dagbag.py:545} INFO - Filling up the DagBag from /home/airflow/.local/lib/python3.12/site-packages/airflow/example_dags/example_dag_decorator.py
[2026-04-01T13:10:58.392+0000] {processor.py:840} INFO - DAG(s) 'example_dag_decorator' retrieved from /home/airflow/.local/lib/python3.12/site-packages/airflow/example_dags/example_dag_decorator.py
[2026-04-01T13:10:58.632+0000] {logging_mixin.py:188} INFO - [2026-04-01T13:10:58.631+0000] {dag.py:3096} INFO - Sync 1 DAGs
[2026-04-01T13:10:58.644+0000] {logging_mixin.py:188} INFO - [2026-04-01T13:10:58.643+0000] {dag.py:3954} INFO - Setting next_dagrun for example_dag_decorator to None, run_after=None
[2026-04-01T13:10:58.662+0000] {processor.py:183} INFO - Processing /home/airflow/.local/lib/python3.12/site-packages/airflow/example_dags/example_dag_decorator.py took 0.351 seconds
[2026-04-01T13:11:28.813+0000] {processor.py:161} INFO - Started process (PID=1535) to work on /home/airflow/.local/lib/python3.12/site-packages/airflow/example_dags/example_dag_decorator.py
[2026-04-01T13:11:28.814+0000] {processor.py:830} INFO - Processing file /home/airflow/.local/lib/python3.12/site-packages/airflow/example_dags/example_dag_decorator.py for tasks to queue
[2026-04-01T13:11:28.816+0000] {logging_mixin.py:188} INFO - [2026-04-01T13:11:28.815+0000] {dagbag.py:545} INFO - Filling up the DagBag from /home/airflow/.local/lib/python3.12/site-packages/airflow/example_dags/example_dag_decorator.py
[2026-04-01T13:11:28.890+0000] {processor.py:840} INFO - DAG(s) 'example_dag_decorator' retrieved from /home/airflow/.local/lib/python3.12/site-packages/airflow/example_dags/example_dag_decorator.py
[2026-04-01T13:11:29.053+0000] {logging_mixin.py:188} INFO - [2026-04-01T13:11:29.053+0000] {dag.py:3096} INFO - Sync 1 DAGs
[2026-04-01T13:11:29.062+0000] {logging_mixin.py:188} INFO - [2026-04-01T13:11:29.061+0000] {dag.py:3954} INFO - Setting next_dagrun for example_dag_decorator to None, run_after=None
[2026-04-01T13:11:29.077+0000] {processor.py:183} INFO - Processing /home/airflow/.local/lib/python3.12/site-packages/airflow/example_dags/example_dag_decorator.py took 0.269 seconds
[2026-04-01T13:11:59.368+0000] {processor.py:161} INFO - Started process (PID=1594) to work on /home/airflow/.local/lib/python3.12/site-packages/airflow/example_dags/example_dag_decorator.py
[2026-04-01T13:11:59.369+0000] {processor.py:830} INFO - Processing file /home/airflow/.local/lib/python3.12/site-packages/airflow/example_dags/example_dag_decorator.py for tasks to queue
[2026-04-01T13:11:59.371+0000] {logging_mixin.py:188} INFO - [2026-04-01T13:11:59.370+0000] {dagbag.py:545} INFO - Filling up the DagBag from /home/airflow/.local/lib/python3.12/site-packages/airflow/example_dags/example_dag_decorator.py
[2026-04-01T13:11:59.450+0000] {processor.py:840} INFO - DAG(s) 'example_dag_decorator' retrieved from /home/airflow/.local/lib/python3.12/site-packages/airflow/example_dags/example_dag_decorator.py
[2026-04-01T13:11:59.644+0000] {logging_mixin.py:188} INFO - [2026-04-01T13:11:59.644+0000] {dag.py:3096} INFO - Sync 1 DAGs
[2026-04-01T13:11:59.658+0000] {logging_mixin.py:188} INFO - [2026-04-01T13:11:59.657+0000] {dag.py:3954} INFO - Setting next_dagrun for example_dag_decorator to None, run_after=None
[2026-04-01T13:11:59.679+0000] {processor.py:183} INFO - Processing /home/airflow/.local/lib/python3.12/site-packages/airflow/example_dags/example_dag_decorator.py took 0.317 seconds
[2026-04-01T13:12:30.553+0000] {processor.py:161} INFO - Started process (PID=1652) to work on /home/airflow/.local/lib/python3.12/site-packages/airflow/example_dags/example_dag_decorator.py
[2026-04-01T13:12:30.553+0000] {processor.py:830} INFO - Processing file /home/airflow/.local/lib/python3.12/site-packages/airflow/example_dags/example_dag_decorator.py for tasks to queue
[2026-04-01T13:12:30.555+0000] {logging_mixin.py:188} INFO - [2026-04-01T13:12:30.555+0000] {dagbag.py:545} INFO - Filling up the DagBag from /home/airflow/.local/lib/python3.12/site-packages/airflow/example_dags/example_dag_decorator.py
[2026-04-01T13:12:30.794+0000] {processor.py:840} INFO - DAG(s) 'example_dag_decorator' retrieved from /home/airflow/.local/lib/python3.12/site-packages/airflow/example_dags/example_dag_decorator.py
[2026-04-01T13:12:30.866+0000] {logging_mixin.py:188} INFO - [2026-04-01T13:12:30.865+0000] {dag.py:3096} INFO - Sync 1 DAGs
[2026-04-01T13:12:30.873+0000] {logging_mixin.py:188} INFO - [2026-04-01T13:12:30.873+0000] {dag.py:3954} INFO - Setting next_dagrun for example_dag_decorator to None, run_after=None
[2026-04-01T13:12:30.890+0000] {processor.py:183} INFO - Processing /home/airflow/.local/lib/python3.12/site-packages/airflow/example_dags/example_dag_decorator.py took 0.341 seconds
[2026-04-01T13:13:00.936+0000] {processor.py:161} INFO - Started process (PID=1713) to work on /home/airflow/.local/lib/python3.12/site-packages/airflow/example_dags/example_dag_decorator.py
[2026-04-01T13:13:00.937+0000] {processor.py:830} INFO - Processing file /home/airflow/.local/lib/python3.12/site-packages/airflow/example_dags/example_dag_decorator.py for tasks to queue
[2026-04-01T13:13:00.939+0000] {logging_mixin.py:188} INFO - [2026-04-01T13:13:00.939+0000] {dagbag.py:545} INFO - Filling up the DagBag from /home/airflow/.local/lib/python3.12/site-packages/airflow/example_dags/example_dag_decorator.py
[2026-04-01T13:13:01.134+0000] {processor.py:840} INFO - DAG(s) 'example_dag_decorator' retrieved from /home/airflow/.local/lib/python3.12/site-packages/airflow/example_dags/example_dag_decorator.py
[2026-04-01T13:13:01.197+0000] {logging_mixin.py:188} INFO - [2026-04-01T13:13:01.197+0000] {dag.py:3096} INFO - Sync 1 DAGs
[2026-04-01T13:13:01.205+0000] {logging_mixin.py:188} INFO - [2026-04-01T13:13:01.205+0000] {dag.py:3954} INFO - Setting next_dagrun for example_dag_decorator to None, run_after=None
[2026-04-01T13:13:01.221+0000] {processor.py:183} INFO - Processing /home/airflow/.local/lib/python3.12/site-packages/airflow/example_dags/example_dag_decorator.py took 0.290 seconds
[2026-04-01T13:13:31.396+0000] {processor.py:161} INFO - Started process (PID=1773) to work on /home/airflow/.local/lib/python3.12/site-packages/airflow/example_dags/example_dag_decorator.py
[2026-04-01T13:13:31.396+0000] {processor.py:830} INFO - Processing file /home/airflow/.local/lib/python3.12/site-packages/airflow/example_dags/example_dag_decorator.py for tasks to queue
[2026-04-01T13:13:31.398+0000] {logging_mixin.py:188} INFO - [2026-04-01T13:13:31.398+0000] {dagbag.py:545} INFO - Filling up the DagBag from /home/airflow/.local/lib/python3.12/site-packages/airflow/example_dags/example_dag_decorator.py
[2026-04-01T13:13:31.593+0000] {processor.py:840} INFO - DAG(s) 'example_dag_decorator' retrieved from /home/airflow/.local/lib/python3.12/site-packages/airflow/example_dags/example_dag_decorator.py
[2026-04-01T13:13:31.657+0000] {logging_mixin.py:188} INFO - [2026-04-01T13:13:31.657+0000] {dag.py:3096} INFO - Sync 1 DAGs
[2026-04-01T13:13:31.664+0000] {logging_mixin.py:188} INFO - [2026-04-01T13:13:31.664+0000] {dag.py:3954} INFO - Setting next_dagrun for example_dag_decorator to None, run_after=None
[2026-04-01T13:13:31.679+0000] {processor.py:183} INFO - Processing /home/airflow/.local/lib/python3.12/site-packages/airflow/example_dags/example_dag_decorator.py took 0.287 seconds
[2026-04-01T13:14:01.990+0000] {processor.py:161} INFO - Started process (PID=1833) to work on /home/airflow/.local/lib/python3.12/site-packages/airflow/example_dags/example_dag_decorator.py
[2026-04-01T13:14:01.991+0000] {processor.py:830} INFO - Processing file /home/airflow/.local/lib/python3.12/site-packages/airflow/example_dags/example_dag_decorator.py for tasks to queue
[2026-04-01T13:14:01.993+0000] {logging_mixin.py:188} INFO - [2026-04-01T13:14:01.993+0000] {dagbag.py:545} INFO - Filling up the DagBag from /home/airflow/.local/lib/python3.12/site-packages/airflow/example_dags/example_dag_decorator.py
[2026-04-01T13:14:02.190+0000] {processor.py:840} INFO - DAG(s) 'example_dag_decorator' retrieved from /home/airflow/.local/lib/python3.12/site-packages/airflow/example_dags/example_dag_decorator.py
[2026-04-01T13:14:02.258+0000] {logging_mixin.py:188} INFO - [2026-04-01T13:14:02.258+0000] {dag.py:3096} INFO - Sync 1 DAGs
[2026-04-01T13:14:02.264+0000] {logging_mixin.py:188} INFO - [2026-04-01T13:14:02.264+0000] {dag.py:3954} INFO - Setting next_dagrun for example_dag_decorator to None, run_after=None
[2026-04-01T13:14:02.277+0000] {processor.py:183} INFO - Processing /home/airflow/.local/lib/python3.12/site-packages/airflow/example_dags/example_dag_decorator.py took 0.293 seconds
[2026-04-01T13:14:33.156+0000] {processor.py:161} INFO - Started process (PID=1891) to work on /home/airflow/.local/lib/python3.12/site-packages/airflow/example_dags/example_dag_decorator.py
[2026-04-01T13:14:33.157+0000] {processor.py:830} INFO - Processing file /home/airflow/.local/lib/python3.12/site-packages/airflow/example_dags/example_dag_decorator.py for tasks to queue
[2026-04-01T13:14:33.159+0000] {logging_mixin.py:188} INFO - [2026-04-01T13:14:33.158+0000] {dagbag.py:545} INFO - Filling up the DagBag from /home/airflow/.local/lib/python3.12/site-packages/airflow/example_dags/example_dag_decorator.py
[2026-04-01T13:14:33.238+0000] {processor.py:840} INFO - DAG(s) 'example_dag_decorator' retrieved from /home/airflow/.local/lib/python3.12/site-packages/airflow/example_dags/example_dag_decorator.py
[2026-04-01T13:14:33.411+0000] {logging_mixin.py:188} INFO - [2026-04-01T13:14:33.410+0000] {dag.py:3096} INFO - Sync 1 DAGs
[2026-04-01T13:14:33.417+0000] {logging_mixin.py:188} INFO - [2026-04-01T13:14:33.417+0000] {dag.py:3954} INFO - Setting next_dagrun for example_dag_decorator to None, run_after=None
[2026-04-01T13:14:33.431+0000] {processor.py:183} INFO - Processing /home/airflow/.local/lib/python3.12/site-packages/airflow/example_dags/example_dag_decorator.py took 0.281 seconds
[2026-04-01T13:15:03.658+0000] {processor.py:161} INFO - Started process (PID=1951) to work on /home/airflow/.local/lib/python3.12/site-packages/airflow/example_dags/example_dag_decorator.py
[2026-04-01T13:15:03.659+0000] {processor.py:830} INFO - Processing file /home/airflow/.local/lib/python3.12/site-packages/airflow/example_dags/example_dag_decorator.py for tasks to queue
[2026-04-01T13:15:03.661+0000] {logging_mixin.py:188} INFO - [2026-04-01T13:15:03.661+0000] {dagbag.py:545} INFO - Filling up the DagBag from /home/airflow/.local/lib/python3.12/site-packages/airflow/example_dags/example_dag_decorator.py
[2026-04-01T13:15:03.857+0000] {processor.py:840} INFO - DAG(s) 'example_dag_decorator' retrieved from /home/airflow/.local/lib/python3.12/site-packages/airflow/example_dags/example_dag_decorator.py
[2026-04-01T13:15:03.931+0000] {logging_mixin.py:188} INFO - [2026-04-01T13:15:03.930+0000] {dag.py:3096} INFO - Sync 1 DAGs
[2026-04-01T13:15:03.938+0000] {logging_mixin.py:188} INFO - [2026-04-01T13:15:03.938+0000] {dag.py:3954} INFO - Setting next_dagrun for example_dag_decorator to None, run_after=None
[2026-04-01T13:15:03.957+0000] {processor.py:183} INFO - Processing /home/airflow/.local/lib/python3.12/site-packages/airflow/example_dags/example_dag_decorator.py took 0.303 seconds
[2026-04-01T13:15:34.262+0000] {processor.py:161} INFO - Started process (PID=2009) to work on /home/airflow/.local/lib/python3.12/site-packages/airflow/example_dags/example_dag_decorator.py
[2026-04-01T13:15:34.263+0000] {processor.py:830} INFO - Processing file /home/airflow/.local/lib/python3.12/site-packages/airflow/example_dags/example_dag_decorator.py for tasks to queue
[2026-04-01T13:15:34.264+0000] {logging_mixin.py:188} INFO - [2026-04-01T13:15:34.264+0000] {dagbag.py:545} INFO - Filling up the DagBag from /home/airflow/.local/lib/python3.12/site-packages/airflow/example_dags/example_dag_decorator.py
[2026-04-01T13:15:34.444+0000] {processor.py:840} INFO - DAG(s) 'example_dag_decorator' retrieved from /home/airflow/.local/lib/python3.12/site-packages/airflow/example_dags/example_dag_decorator.py
[2026-04-01T13:15:34.514+0000] {logging_mixin.py:188} INFO - [2026-04-01T13:15:34.514+0000] {dag.py:3096} INFO - Sync 1 DAGs
[2026-04-01T13:15:34.520+0000] {logging_mixin.py:188} INFO - [2026-04-01T13:15:34.520+0000] {dag.py:3954} INFO - Setting next_dagrun for example_dag_decorator to None, run_after=None
[2026-04-01T13:15:34.535+0000] {processor.py:183} INFO - Processing /home/airflow/.local/lib/python3.12/site-packages/airflow/example_dags/example_dag_decorator.py took 0.278 seconds
[2026-04-01T13:16:04.726+0000] {processor.py:161} INFO - Started process (PID=2066) to work on /home/airflow/.local/lib/python3.12/site-packages/airflow/example_dags/example_dag_decorator.py
[2026-04-01T13:16:04.726+0000] {processor.py:830} INFO - Processing file /home/airflow/.local/lib/python3.12/site-packages/airflow/example_dags/example_dag_decorator.py for tasks to queue
[2026-04-01T13:16:04.728+0000] {logging_mixin.py:188} INFO - [2026-04-01T13:16:04.728+0000] {dagbag.py:545} INFO - Filling up the DagBag from /home/airflow/.local/lib/python3.12/site-packages/airflow/example_dags/example_dag_decorator.py
[2026-04-01T13:16:04.944+0000] {processor.py:840} INFO - DAG(s) 'example_dag_decorator' retrieved from /home/airflow/.local/lib/python3.12/site-packages/airflow/example_dags/example_dag_decorator.py
[2026-04-01T13:16:05.014+0000] {logging_mixin.py:188} INFO - [2026-04-01T13:16:05.014+0000] {dag.py:3096} INFO - Sync 1 DAGs
[2026-04-01T13:16:05.024+0000] {logging_mixin.py:188} INFO - [2026-04-01T13:16:05.023+0000] {dag.py:3954} INFO - Setting next_dagrun for example_dag_decorator to None, run_after=None
[2026-04-01T13:16:05.040+0000] {processor.py:183} INFO - Processing /home/airflow/.local/lib/python3.12/site-packages/airflow/example_dags/example_dag_decorator.py took 0.319 seconds
[2026-04-01T13:16:35.189+0000] {processor.py:161} INFO - Started process (PID=2121) to work on /home/airflow/.local/lib/python3.12/site-packages/airflow/example_dags/example_dag_decorator.py
[2026-04-01T13:16:35.190+0000] {processor.py:830} INFO - Processing file /home/airflow/.local/lib/python3.12/site-packages/airflow/example_dags/example_dag_decorator.py for tasks to queue
[2026-04-01T13:16:35.191+0000] {logging_mixin.py:188} INFO - [2026-04-01T13:16:35.191+0000] {dagbag.py:545} INFO - Filling up the DagBag from /home/airflow/.local/lib/python3.12/site-packages/airflow/example_dags/example_dag_decorator.py
[2026-04-01T13:16:35.263+0000] {processor.py:840} INFO - DAG(s) 'example_dag_decorator' retrieved from /home/airflow/.local/lib/python3.12/site-packages/airflow/example_dags/example_dag_decorator.py
[2026-04-01T13:16:35.334+0000] {logging_mixin.py:188} INFO - [2026-04-01T13:16:35.334+0000] {dag.py:3096} INFO - Sync 1 DAGs
[2026-04-01T13:16:35.343+0000] {logging_mixin.py:188} INFO - [2026-04-01T13:16:35.343+0000] {dag.py:3954} INFO - Setting next_dagrun for example_dag_decorator to None, run_after=None
[2026-04-01T13:16:35.358+0000] {processor.py:183} INFO - Processing /home/airflow/.local/lib/python3.12/site-packages/airflow/example_dags/example_dag_decorator.py took 0.173 seconds
[2026-04-01T13:17:05.497+0000] {processor.py:161} INFO - Started process (PID=2177) to work on /home/airflow/.local/lib/python3.12/site-packages/airflow/example_dags/example_dag_decorator.py
[2026-04-01T13:17:05.498+0000] {processor.py:830} INFO - Processing file /home/airflow/.local/lib/python3.12/site-packages/airflow/example_dags/example_dag_decorator.py for tasks to queue
[2026-04-01T13:17:05.499+0000] {logging_mixin.py:188} INFO - [2026-04-01T13:17:05.499+0000] {dagbag.py:545} INFO - Filling up the DagBag from /home/airflow/.local/lib/python3.12/site-packages/airflow/example_dags/example_dag_decorator.py
[2026-04-01T13:17:05.570+0000] {processor.py:840} INFO - DAG(s) 'example_dag_decorator' retrieved from /home/airflow/.local/lib/python3.12/site-packages/airflow/example_dags/example_dag_decorator.py
[2026-04-01T13:17:05.645+0000] {logging_mixin.py:188} INFO - [2026-04-01T13:17:05.644+0000] {dag.py:3096} INFO - Sync 1 DAGs
[2026-04-01T13:17:05.652+0000] {logging_mixin.py:188} INFO - [2026-04-01T13:17:05.652+0000] {dag.py:3954} INFO - Setting next_dagrun for example_dag_decorator to None, run_after=None
[2026-04-01T13:17:05.668+0000] {processor.py:183} INFO - Processing /home/airflow/.local/lib/python3.12/site-packages/airflow/example_dags/example_dag_decorator.py took 0.175 seconds
[2026-04-01T13:17:35.808+0000] {processor.py:161} INFO - Started process (PID=2235) to work on /home/airflow/.local/lib/python3.12/site-packages/airflow/example_dags/example_dag_decorator.py
[2026-04-01T13:17:35.809+0000] {processor.py:830} INFO - Processing file /home/airflow/.local/lib/python3.12/site-packages/airflow/example_dags/example_dag_decorator.py for tasks to queue
[2026-04-01T13:17:35.811+0000] {logging_mixin.py:188} INFO - [2026-04-01T13:17:35.810+0000] {dagbag.py:545} INFO - Filling up the DagBag from /home/airflow/.local/lib/python3.12/site-packages/airflow/example_dags/example_dag_decorator.py
[2026-04-01T13:17:35.885+0000] {processor.py:840} INFO - DAG(s) 'example_dag_decorator' retrieved from /home/airflow/.local/lib/python3.12/site-packages/airflow/example_dags/example_dag_decorator.py
[2026-04-01T13:17:35.963+0000] {logging_mixin.py:188} INFO - [2026-04-01T13:17:35.963+0000] {dag.py:3096} INFO - Sync 1 DAGs
[2026-04-01T13:17:35.970+0000] {logging_mixin.py:188} INFO - [2026-04-01T13:17:35.970+0000] {dag.py:3954} INFO - Setting next_dagrun for example_dag_decorator to None, run_after=None
[2026-04-01T13:17:35.984+0000] {processor.py:183} INFO - Processing /home/airflow/.local/lib/python3.12/site-packages/airflow/example_dags/example_dag_decorator.py took 0.180 seconds
[2026-04-01T13:18:06.025+0000] {processor.py:161} INFO - Started process (PID=2295) to work on /home/airflow/.local/lib/python3.12/site-packages/airflow/example_dags/example_dag_decorator.py
[2026-04-01T13:18:06.026+0000] {processor.py:830} INFO - Processing file /home/airflow/.local/lib/python3.12/site-packages/airflow/example_dags/example_dag_decorator.py for tasks to queue
[2026-04-01T13:18:06.028+0000] {logging_mixin.py:188} INFO - [2026-04-01T13:18:06.028+0000] {dagbag.py:545} INFO - Filling up the DagBag from /home/airflow/.local/lib/python3.12/site-packages/airflow/example_dags/example_dag_decorator.py
[2026-04-01T13:18:06.103+0000] {processor.py:840} INFO - DAG(s) 'example_dag_decorator' retrieved from /home/airflow/.local/lib/python3.12/site-packages/airflow/example_dags/example_dag_decorator.py
[2026-04-01T13:18:06.175+0000] {logging_mixin.py:188} INFO - [2026-04-01T13:18:06.175+0000] {dag.py:3096} INFO - Sync 1 DAGs
[2026-04-01T13:18:06.182+0000] {logging_mixin.py:188} INFO - [2026-04-01T13:18:06.182+0000] {dag.py:3954} INFO - Setting next_dagrun for example_dag_decorator to None, run_after=None
[2026-04-01T13:18:06.197+0000] {processor.py:183} INFO - Processing /home/airflow/.local/lib/python3.12/site-packages/airflow/example_dags/example_dag_decorator.py took 0.177 seconds
[2026-04-01T13:18:36.769+0000] {processor.py:161} INFO - Started process (PID=2353) to work on /home/airflow/.local/lib/python3.12/site-packages/airflow/example_dags/example_dag_decorator.py
[2026-04-01T13:18:36.770+0000] {processor.py:830} INFO - Processing file /home/airflow/.local/lib/python3.12/site-packages/airflow/example_dags/example_dag_decorator.py for tasks to queue
[2026-04-01T13:18:36.772+0000] {logging_mixin.py:188} INFO - [2026-04-01T13:18:36.771+0000] {dagbag.py:545} INFO - Filling up the DagBag from /home/airflow/.local/lib/python3.12/site-packages/airflow/example_dags/example_dag_decorator.py
[2026-04-01T13:18:36.855+0000] {processor.py:840} INFO - DAG(s) 'example_dag_decorator' retrieved from /home/airflow/.local/lib/python3.12/site-packages/airflow/example_dags/example_dag_decorator.py
[2026-04-01T13:18:36.929+0000] {logging_mixin.py:188} INFO - [2026-04-01T13:18:36.929+0000] {dag.py:3096} INFO - Sync 1 DAGs
[2026-04-01T13:18:36.939+0000] {logging_mixin.py:188} INFO - [2026-04-01T13:18:36.939+0000] {dag.py:3954} INFO - Setting next_dagrun for example_dag_decorator to None, run_after=None
[2026-04-01T13:18:36.955+0000] {processor.py:183} INFO - Processing /home/airflow/.local/lib/python3.12/site-packages/airflow/example_dags/example_dag_decorator.py took 0.190 seconds
[2026-04-01T13:19:07.145+0000] {processor.py:161} INFO - Started process (PID=2409) to work on /home/airflow/.local/lib/python3.12/site-packages/airflow/example_dags/example_dag_decorator.py
[2026-04-01T13:19:07.146+0000] {processor.py:830} INFO - Processing file /home/airflow/.local/lib/python3.12/site-packages/airflow/example_dags/example_dag_decorator.py for tasks to queue
[2026-04-01T13:19:07.147+0000] {logging_mixin.py:188} INFO - [2026-04-01T13:19:07.147+0000] {dagbag.py:545} INFO - Filling up the DagBag from /home/airflow/.local/lib/python3.12/site-packages/airflow/example_dags/example_dag_decorator.py
[2026-04-01T13:19:07.222+0000] {processor.py:840} INFO - DAG(s) 'example_dag_decorator' retrieved from /home/airflow/.local/lib/python3.12/site-packages/airflow/example_dags/example_dag_decorator.py
[2026-04-01T13:19:07.303+0000] {logging_mixin.py:188} INFO - [2026-04-01T13:19:07.303+0000] {dag.py:3096} INFO - Sync 1 DAGs
[2026-04-01T13:19:07.311+0000] {logging_mixin.py:188} INFO - [2026-04-01T13:19:07.311+0000] {dag.py:3954} INFO - Setting next_dagrun for example_dag_decorator to None, run_after=None
[2026-04-01T13:19:07.328+0000] {processor.py:183} INFO - Processing /home/airflow/.local/lib/python3.12/site-packages/airflow/example_dags/example_dag_decorator.py took 0.188 seconds
[2026-04-01T13:19:37.386+0000] {processor.py:161} INFO - Started process (PID=2467) to work on /home/airflow/.local/lib/python3.12/site-packages/airflow/example_dags/example_dag_decorator.py
[2026-04-01T13:19:37.387+0000] {processor.py:830} INFO - Processing file /home/airflow/.local/lib/python3.12/site-packages/airflow/example_dags/example_dag_decorator.py for tasks to queue
[2026-04-01T13:19:37.389+0000] {logging_mixin.py:188} INFO - [2026-04-01T13:19:37.388+0000] {dagbag.py:545} INFO - Filling up the DagBag from /home/airflow/.local/lib/python3.12/site-packages/airflow/example_dags/example_dag_decorator.py
[2026-04-01T13:19:37.457+0000] {processor.py:840} INFO - DAG(s) 'example_dag_decorator' retrieved from /home/airflow/.local/lib/python3.12/site-packages/airflow/example_dags/example_dag_decorator.py
[2026-04-01T13:19:37.522+0000] {logging_mixin.py:188} INFO - [2026-04-01T13:19:37.522+0000] {dag.py:3096} INFO - Sync 1 DAGs
[2026-04-01T13:19:37.529+0000] {logging_mixin.py:188} INFO - [2026-04-01T13:19:37.529+0000] {dag.py:3954} INFO - Setting next_dagrun for example_dag_decorator to None, run_after=None
[2026-04-01T13:19:37.543+0000] {processor.py:183} INFO - Processing /home/airflow/.local/lib/python3.12/site-packages/airflow/example_dags/example_dag_decorator.py took 0.161 seconds
[2026-04-01T13:20:07.930+0000] {processor.py:161} INFO - Started process (PID=2525) to work on /home/airflow/.local/lib/python3.12/site-packages/airflow/example_dags/example_dag_decorator.py
[2026-04-01T13:20:07.931+0000] {processor.py:830} INFO - Processing file /home/airflow/.local/lib/python3.12/site-packages/airflow/example_dags/example_dag_decorator.py for tasks to queue
[2026-04-01T13:20:07.933+0000] {logging_mixin.py:188} INFO - [2026-04-01T13:20:07.932+0000] {dagbag.py:545} INFO - Filling up the DagBag from /home/airflow/.local/lib/python3.12/site-packages/airflow/example_dags/example_dag_decorator.py
[2026-04-01T13:20:08.017+0000] {processor.py:840} INFO - DAG(s) 'example_dag_decorator' retrieved from /home/airflow/.local/lib/python3.12/site-packages/airflow/example_dags/example_dag_decorator.py
[2026-04-01T13:20:08.095+0000] {logging_mixin.py:188} INFO - [2026-04-01T13:20:08.094+0000] {dag.py:3096} INFO - Sync 1 DAGs
[2026-04-01T13:20:08.103+0000] {logging_mixin.py:188} INFO - [2026-04-01T13:20:08.102+0000] {dag.py:3954} INFO - Setting next_dagrun for example_dag_decorator to None, run_after=None
[2026-04-01T13:20:08.121+0000] {processor.py:183} INFO - Processing /home/airflow/.local/lib/python3.12/site-packages/airflow/example_dags/example_dag_decorator.py took 0.196 seconds
[2026-04-01T13:20:38.301+0000] {processor.py:161} INFO - Started process (PID=2583) to work on /home/airflow/.local/lib/python3.12/site-packages/airflow/example_dags/example_dag_decorator.py
[2026-04-01T13:20:38.302+0000] {processor.py:830} INFO - Processing file /home/airflow/.local/lib/python3.12/site-packages/airflow/example_dags/example_dag_decorator.py for tasks to queue
[2026-04-01T13:20:38.304+0000] {logging_mixin.py:188} INFO - [2026-04-01T13:20:38.304+0000] {dagbag.py:545} INFO - Filling up the DagBag from /home/airflow/.local/lib/python3.12/site-packages/airflow/example_dags/example_dag_decorator.py
[2026-04-01T13:20:38.385+0000] {processor.py:840} INFO - DAG(s) 'example_dag_decorator' retrieved from /home/airflow/.local/lib/python3.12/site-packages/airflow/example_dags/example_dag_decorator.py
[2026-04-01T13:20:38.472+0000] {logging_mixin.py:188} INFO - [2026-04-01T13:20:38.472+0000] {dag.py:3096} INFO - Sync 1 DAGs
[2026-04-01T13:20:38.480+0000] {logging_mixin.py:188} INFO - [2026-04-01T13:20:38.480+0000] {dag.py:3954} INFO - Setting next_dagrun for example_dag_decorator to None, run_after=None
[2026-04-01T13:20:38.497+0000] {processor.py:183} INFO - Processing /home/airflow/.local/lib/python3.12/site-packages/airflow/example_dags/example_dag_decorator.py took 0.201 seconds
[2026-04-01T13:21:08.803+0000] {processor.py:161} INFO - Started process (PID=2641) to work on /home/airflow/.local/lib/python3.12/site-packages/airflow/example_dags/example_dag_decorator.py
[2026-04-01T13:21:08.803+0000] {processor.py:830} INFO - Processing file /home/airflow/.local/lib/python3.12/site-packages/airflow/example_dags/example_dag_decorator.py for tasks to queue
[2026-04-01T13:21:08.805+0000] {logging_mixin.py:188} INFO - [2026-04-01T13:21:08.805+0000] {dagbag.py:545} INFO - Filling up the DagBag from /home/airflow/.local/lib/python3.12/site-packages/airflow/example_dags/example_dag_decorator.py
[2026-04-01T13:21:08.898+0000] {processor.py:840} INFO - DAG(s) 'example_dag_decorator' retrieved from /home/airflow/.local/lib/python3.12/site-packages/airflow/example_dags/example_dag_decorator.py
[2026-04-01T13:21:09.003+0000] {logging_mixin.py:188} INFO - [2026-04-01T13:21:09.003+0000] {dag.py:3096} INFO - Sync 1 DAGs
[2026-04-01T13:21:09.012+0000] {logging_mixin.py:188} INFO - [2026-04-01T13:21:09.012+0000] {dag.py:3954} INFO - Setting next_dagrun for example_dag_decorator to None, run_after=None
[2026-04-01T13:21:09.032+0000] {processor.py:183} INFO - Processing /home/airflow/.local/lib/python3.12/site-packages/airflow/example_dags/example_dag_decorator.py took 0.234 seconds
[2026-04-01T13:21:39.513+0000] {processor.py:161} INFO - Started process (PID=2700) to work on /home/airflow/.local/lib/python3.12/site-packages/airflow/example_dags/example_dag_decorator.py
[2026-04-01T13:21:39.514+0000] {processor.py:830} INFO - Processing file /home/airflow/.local/lib/python3.12/site-packages/airflow/example_dags/example_dag_decorator.py for tasks to queue
[2026-04-01T13:21:39.516+0000] {logging_mixin.py:188} INFO - [2026-04-01T13:21:39.515+0000] {dagbag.py:545} INFO - Filling up the DagBag from /home/airflow/.local/lib/python3.12/site-packages/airflow/example_dags/example_dag_decorator.py
[2026-04-01T13:21:39.603+0000] {processor.py:840} INFO - DAG(s) 'example_dag_decorator' retrieved from /home/airflow/.local/lib/python3.12/site-packages/airflow/example_dags/example_dag_decorator.py
[2026-04-01T13:21:39.690+0000] {logging_mixin.py:188} INFO - [2026-04-01T13:21:39.689+0000] {dag.py:3096} INFO - Sync 1 DAGs
[2026-04-01T13:21:39.698+0000] {logging_mixin.py:188} INFO - [2026-04-01T13:21:39.698+0000] {dag.py:3954} INFO - Setting next_dagrun for example_dag_decorator to None, run_after=None
[2026-04-01T13:21:39.716+0000] {processor.py:183} INFO - Processing /home/airflow/.local/lib/python3.12/site-packages/airflow/example_dags/example_dag_decorator.py took 0.208 seconds
[2026-04-01T13:22:09.876+0000] {processor.py:161} INFO - Started process (PID=2757) to work on /home/airflow/.local/lib/python3.12/site-packages/airflow/example_dags/example_dag_decorator.py
[2026-04-01T13:22:09.877+0000] {processor.py:830} INFO - Processing file /home/airflow/.local/lib/python3.12/site-packages/airflow/example_dags/example_dag_decorator.py for tasks to queue
[2026-04-01T13:22:09.879+0000] {logging_mixin.py:188} INFO - [2026-04-01T13:22:09.878+0000] {dagbag.py:545} INFO - Filling up the DagBag from /home/airflow/.local/lib/python3.12/site-packages/airflow/example_dags/example_dag_decorator.py
[2026-04-01T13:22:09.966+0000] {processor.py:840} INFO - DAG(s) 'example_dag_decorator' retrieved from /home/airflow/.local/lib/python3.12/site-packages/airflow/example_dags/example_dag_decorator.py
[2026-04-01T13:22:10.051+0000] {logging_mixin.py:188} INFO - [2026-04-01T13:22:10.050+0000] {dag.py:3096} INFO - Sync 1 DAGs
[2026-04-01T13:22:10.058+0000] {logging_mixin.py:188} INFO - [2026-04-01T13:22:10.058+0000] {dag.py:3954} INFO - Setting next_dagrun for example_dag_decorator to None, run_after=None
[2026-04-01T13:22:10.075+0000] {processor.py:183} INFO - Processing /home/airflow/.local/lib/python3.12/site-packages/airflow/example_dags/example_dag_decorator.py took 0.204 seconds
[2026-04-01T13:22:40.464+0000] {processor.py:161} INFO - Started process (PID=2816) to work on /home/airflow/.local/lib/python3.12/site-packages/airflow/example_dags/example_dag_decorator.py
[2026-04-01T13:22:40.465+0000] {processor.py:830} INFO - Processing file /home/airflow/.local/lib/python3.12/site-packages/airflow/example_dags/example_dag_decorator.py for tasks to queue
[2026-04-01T13:22:40.466+0000] {logging_mixin.py:188} INFO - [2026-04-01T13:22:40.466+0000] {dagbag.py:545} INFO - Filling up the DagBag from /home/airflow/.local/lib/python3.12/site-packages/airflow/example_dags/example_dag_decorator.py
[2026-04-01T13:22:40.550+0000] {processor.py:840} INFO - DAG(s) 'example_dag_decorator' retrieved from /home/airflow/.local/lib/python3.12/site-packages/airflow/example_dags/example_dag_decorator.py
[2026-04-01T13:22:40.634+0000] {logging_mixin.py:188} INFO - [2026-04-01T13:22:40.634+0000] {dag.py:3096} INFO - Sync 1 DAGs
[2026-04-01T13:22:40.642+0000] {logging_mixin.py:188} INFO - [2026-04-01T13:22:40.642+0000] {dag.py:3954} INFO - Setting next_dagrun for example_dag_decorator to None, run_after=None
[2026-04-01T13:22:40.661+0000] {processor.py:183} INFO - Processing /home/airflow/.local/lib/python3.12/site-packages/airflow/example_dags/example_dag_decorator.py took 0.202 seconds
[2026-04-01T13:23:10.994+0000] {processor.py:161} INFO - Started process (PID=2874) to work on /home/airflow/.local/lib/python3.12/site-packages/airflow/example_dags/example_dag_decorator.py
[2026-04-01T13:23:10.995+0000] {processor.py:830} INFO - Processing file /home/airflow/.local/lib/python3.12/site-packages/airflow/example_dags/example_dag_decorator.py for tasks to queue
[2026-04-01T13:23:10.997+0000] {logging_mixin.py:188} INFO - [2026-04-01T13:23:10.997+0000] {dagbag.py:545} INFO - Filling up the DagBag from /home/airflow/.local/lib/python3.12/site-packages/airflow/example_dags/example_dag_decorator.py
[2026-04-01T13:23:11.090+0000] {processor.py:840} INFO - DAG(s) 'example_dag_decorator' retrieved from /home/airflow/.local/lib/python3.12/site-packages/airflow/example_dags/example_dag_decorator.py
[2026-04-01T13:23:11.173+0000] {logging_mixin.py:188} INFO - [2026-04-01T13:23:11.173+0000] {dag.py:3096} INFO - Sync 1 DAGs
[2026-04-01T13:23:11.181+0000] {logging_mixin.py:188} INFO - [2026-04-01T13:23:11.181+0000] {dag.py:3954} INFO - Setting next_dagrun for example_dag_decorator to None, run_after=None
[2026-04-01T13:23:11.196+0000] {processor.py:183} INFO - Processing /home/airflow/.local/lib/python3.12/site-packages/airflow/example_dags/example_dag_decorator.py took 0.208 seconds
[2026-04-01T13:23:41.551+0000] {processor.py:161} INFO - Started process (PID=2932) to work on /home/airflow/.local/lib/python3.12/site-packages/airflow/example_dags/example_dag_decorator.py
[2026-04-01T13:23:41.552+0000] {processor.py:830} INFO - Processing file /home/airflow/.local/lib/python3.12/site-packages/airflow/example_dags/example_dag_decorator.py for tasks to queue
[2026-04-01T13:23:41.553+0000] {logging_mixin.py:188} INFO - [2026-04-01T13:23:41.553+0000] {dagbag.py:545} INFO - Filling up the DagBag from /home/airflow/.local/lib/python3.12/site-packages/airflow/example_dags/example_dag_decorator.py
[2026-04-01T13:23:41.643+0000] {processor.py:840} INFO - DAG(s) 'example_dag_decorator' retrieved from /home/airflow/.local/lib/python3.12/site-packages/airflow/example_dags/example_dag_decorator.py
[2026-04-01T13:23:41.727+0000] {logging_mixin.py:188} INFO - [2026-04-01T13:23:41.726+0000] {dag.py:3096} INFO - Sync 1 DAGs
[2026-04-01T13:23:41.735+0000] {logging_mixin.py:188} INFO - [2026-04-01T13:23:41.735+0000] {dag.py:3954} INFO - Setting next_dagrun for example_dag_decorator to None, run_after=None
[2026-04-01T13:23:41.750+0000] {processor.py:183} INFO - Processing /home/airflow/.local/lib/python3.12/site-packages/airflow/example_dags/example_dag_decorator.py took 0.204 seconds
[2026-04-01T13:24:11.875+0000] {processor.py:161} INFO - Started process (PID=2990) to work on /home/airflow/.local/lib/python3.12/site-packages/airflow/example_dags/example_dag_decorator.py
[2026-04-01T13:24:11.876+0000] {processor.py:830} INFO - Processing file /home/airflow/.local/lib/python3.12/site-packages/airflow/example_dags/example_dag_decorator.py for tasks to queue
[2026-04-01T13:24:11.878+0000] {logging_mixin.py:188} INFO - [2026-04-01T13:24:11.878+0000] {dagbag.py:545} INFO - Filling up the DagBag from /home/airflow/.local/lib/python3.12/site-packages/airflow/example_dags/example_dag_decorator.py
[2026-04-01T13:24:11.957+0000] {processor.py:840} INFO - DAG(s) 'example_dag_decorator' retrieved from /home/airflow/.local/lib/python3.12/site-packages/airflow/example_dags/example_dag_decorator.py
[2026-04-01T13:24:12.034+0000] {logging_mixin.py:188} INFO - [2026-04-01T13:24:12.034+0000] {dag.py:3096} INFO - Sync 1 DAGs
[2026-04-01T13:24:12.041+0000] {logging_mixin.py:188} INFO - [2026-04-01T13:24:12.041+0000] {dag.py:3954} INFO - Setting next_dagrun for example_dag_decorator to None, run_after=None
[2026-04-01T13:24:12.056+0000] {processor.py:183} INFO - Processing /home/airflow/.local/lib/python3.12/site-packages/airflow/example_dags/example_dag_decorator.py took 0.186 seconds
[2026-04-01T13:24:42.396+0000] {processor.py:161} INFO - Started process (PID=3048) to work on /home/airflow/.local/lib/python3.12/site-packages/airflow/example_dags/example_dag_decorator.py
[2026-04-01T13:24:42.397+0000] {processor.py:830} INFO - Processing file /home/airflow/.local/lib/python3.12/site-packages/airflow/example_dags/example_dag_decorator.py for tasks to queue
[2026-04-01T13:24:42.398+0000] {logging_mixin.py:188} INFO - [2026-04-01T13:24:42.398+0000] {dagbag.py:545} INFO - Filling up the DagBag from /home/airflow/.local/lib/python3.12/site-packages/airflow/example_dags/example_dag_decorator.py
[2026-04-01T13:24:42.469+0000] {processor.py:840} INFO - DAG(s) 'example_dag_decorator' retrieved from /home/airflow/.local/lib/python3.12/site-packages/airflow/example_dags/example_dag_decorator.py
[2026-04-01T13:24:42.542+0000] {logging_mixin.py:188} INFO - [2026-04-01T13:24:42.542+0000] {dag.py:3096} INFO - Sync 1 DAGs
[2026-04-01T13:24:42.549+0000] {logging_mixin.py:188} INFO - [2026-04-01T13:24:42.549+0000] {dag.py:3954} INFO - Setting next_dagrun for example_dag_decorator to None, run_after=None
[2026-04-01T13:24:42.564+0000] {processor.py:183} INFO - Processing /home/airflow/.local/lib/python3.12/site-packages/airflow/example_dags/example_dag_decorator.py took 0.173 seconds
[2026-04-01T13:25:12.842+0000] {processor.py:161} INFO - Started process (PID=3107) to work on /home/airflow/.local/lib/python3.12/site-packages/airflow/example_dags/example_dag_decorator.py
[2026-04-01T13:25:12.843+0000] {processor.py:830} INFO - Processing file /home/airflow/.local/lib/python3.12/site-packages/airflow/example_dags/example_dag_decorator.py for tasks to queue
[2026-04-01T13:25:12.844+0000] {logging_mixin.py:188} INFO - [2026-04-01T13:25:12.844+0000] {dagbag.py:545} INFO - Filling up the DagBag from /home/airflow/.local/lib/python3.12/site-packages/airflow/example_dags/example_dag_decorator.py
[2026-04-01T13:25:12.918+0000] {processor.py:840} INFO - DAG(s) 'example_dag_decorator' retrieved from /home/airflow/.local/lib/python3.12/site-packages/airflow/example_dags/example_dag_decorator.py
[2026-04-01T13:25:13.012+0000] {logging_mixin.py:188} INFO - [2026-04-01T13:25:13.012+0000] {dag.py:3096} INFO - Sync 1 DAGs
[2026-04-01T13:25:13.020+0000] {logging_mixin.py:188} INFO - [2026-04-01T13:25:13.020+0000] {dag.py:3954} INFO - Setting next_dagrun for example_dag_decorator to None, run_after=None
[2026-04-01T13:25:13.039+0000] {processor.py:183} INFO - Processing /home/airflow/.local/lib/python3.12/site-packages/airflow/example_dags/example_dag_decorator.py took 0.201 seconds
[2026-04-01T13:25:43.289+0000] {processor.py:161} INFO - Started process (PID=3166) to work on /home/airflow/.local/lib/python3.12/site-packages/airflow/example_dags/example_dag_decorator.py
[2026-04-01T13:25:43.290+0000] {processor.py:830} INFO - Processing file /home/airflow/.local/lib/python3.12/site-packages/airflow/example_dags/example_dag_decorator.py for tasks to queue
[2026-04-01T13:25:43.291+0000] {logging_mixin.py:188} INFO - [2026-04-01T13:25:43.291+0000] {dagbag.py:545} INFO - Filling up the DagBag from /home/airflow/.local/lib/python3.12/site-packages/airflow/example_dags/example_dag_decorator.py
[2026-04-01T13:25:43.366+0000] {processor.py:840} INFO - DAG(s) 'example_dag_decorator' retrieved from /home/airflow/.local/lib/python3.12/site-packages/airflow/example_dags/example_dag_decorator.py
[2026-04-01T13:25:43.443+0000] {logging_mixin.py:188} INFO - [2026-04-01T13:25:43.443+0000] {dag.py:3096} INFO - Sync 1 DAGs
[2026-04-01T13:25:43.450+0000] {logging_mixin.py:188} INFO - [2026-04-01T13:25:43.450+0000] {dag.py:3954} INFO - Setting next_dagrun for example_dag_decorator to None, run_after=None
[2026-04-01T13:25:43.466+0000] {processor.py:183} INFO - Processing /home/airflow/.local/lib/python3.12/site-packages/airflow/example_dags/example_dag_decorator.py took 0.181 seconds
[2026-04-01T13:26:13.552+0000] {processor.py:161} INFO - Started process (PID=3224) to work on /home/airflow/.local/lib/python3.12/site-packages/airflow/example_dags/example_dag_decorator.py
[2026-04-01T13:26:13.553+0000] {processor.py:830} INFO - Processing file /home/airflow/.local/lib/python3.12/site-packages/airflow/example_dags/example_dag_decorator.py for tasks to queue
[2026-04-01T13:26:13.554+0000] {logging_mixin.py:188} INFO - [2026-04-01T13:26:13.554+0000] {dagbag.py:545} INFO - Filling up the DagBag from /home/airflow/.local/lib/python3.12/site-packages/airflow/example_dags/example_dag_decorator.py
[2026-04-01T13:26:13.634+0000] {processor.py:840} INFO - DAG(s) 'example_dag_decorator' retrieved from /home/airflow/.local/lib/python3.12/site-packages/airflow/example_dags/example_dag_decorator.py
[2026-04-01T13:26:13.705+0000] {logging_mixin.py:188} INFO - [2026-04-01T13:26:13.705+0000] {dag.py:3096} INFO - Sync 1 DAGs
[2026-04-01T13:26:13.712+0000] {logging_mixin.py:188} INFO - [2026-04-01T13:26:13.712+0000] {dag.py:3954} INFO - Setting next_dagrun for example_dag_decorator to None, run_after=None
[2026-04-01T13:26:13.727+0000] {processor.py:183} INFO - Processing /home/airflow/.local/lib/python3.12/site-packages/airflow/example_dags/example_dag_decorator.py took 0.180 seconds
[2026-04-01T13:26:43.987+0000] {processor.py:161} INFO - Started process (PID=3284) to work on /home/airflow/.local/lib/python3.12/site-packages/airflow/example_dags/example_dag_decorator.py
[2026-04-01T13:26:43.988+0000] {processor.py:830} INFO - Processing file /home/airflow/.local/lib/python3.12/site-packages/airflow/example_dags/example_dag_decorator.py for tasks to queue
[2026-04-01T13:26:43.990+0000] {logging_mixin.py:188} INFO - [2026-04-01T13:26:43.990+0000] {dagbag.py:545} INFO - Filling up the DagBag from /home/airflow/.local/lib/python3.12/site-packages/airflow/example_dags/example_dag_decorator.py
[2026-04-01T13:26:44.095+0000] {processor.py:840} INFO - DAG(s) 'example_dag_decorator' retrieved from /home/airflow/.local/lib/python3.12/site-packages/airflow/example_dags/example_dag_decorator.py
[2026-04-01T13:26:44.181+0000] {logging_mixin.py:188} INFO - [2026-04-01T13:26:44.181+0000] {dag.py:3096} INFO - Sync 1 DAGs
[2026-04-01T13:26:44.189+0000] {logging_mixin.py:188} INFO - [2026-04-01T13:26:44.189+0000] {dag.py:3954} INFO - Setting next_dagrun for example_dag_decorator to None, run_after=None
[2026-04-01T13:26:44.208+0000] {processor.py:183} INFO - Processing /home/airflow/.local/lib/python3.12/site-packages/airflow/example_dags/example_dag_decorator.py took 0.227 seconds
[2026-04-01T13:27:14.521+0000] {processor.py:161} INFO - Started process (PID=3343) to work on /home/airflow/.local/lib/python3.12/site-packages/airflow/example_dags/example_dag_decorator.py
[2026-04-01T13:27:14.522+0000] {processor.py:830} INFO - Processing file /home/airflow/.local/lib/python3.12/site-packages/airflow/example_dags/example_dag_decorator.py for tasks to queue
[2026-04-01T13:27:14.524+0000] {logging_mixin.py:188} INFO - [2026-04-01T13:27:14.524+0000] {dagbag.py:545} INFO - Filling up the DagBag from /home/airflow/.local/lib/python3.12/site-packages/airflow/example_dags/example_dag_decorator.py
[2026-04-01T13:27:14.598+0000] {processor.py:840} INFO - DAG(s) 'example_dag_decorator' retrieved from /home/airflow/.local/lib/python3.12/site-packages/airflow/example_dags/example_dag_decorator.py
[2026-04-01T13:27:14.676+0000] {logging_mixin.py:188} INFO - [2026-04-01T13:27:14.676+0000] {dag.py:3096} INFO - Sync 1 DAGs
[2026-04-01T13:27:14.684+0000] {logging_mixin.py:188} INFO - [2026-04-01T13:27:14.684+0000] {dag.py:3954} INFO - Setting next_dagrun for example_dag_decorator to None, run_after=None
[2026-04-01T13:27:14.701+0000] {processor.py:183} INFO - Processing /home/airflow/.local/lib/python3.12/site-packages/airflow/example_dags/example_dag_decorator.py took 0.184 seconds
[2026-04-01T13:27:44.912+0000] {processor.py:161} INFO - Started process (PID=3394) to work on /home/airflow/.local/lib/python3.12/site-packages/airflow/example_dags/example_dag_decorator.py
[2026-04-01T13:27:44.913+0000] {processor.py:830} INFO - Processing file /home/airflow/.local/lib/python3.12/site-packages/airflow/example_dags/example_dag_decorator.py for tasks to queue
[2026-04-01T13:27:44.915+0000] {logging_mixin.py:188} INFO - [2026-04-01T13:27:44.914+0000] {dagbag.py:545} INFO - Filling up the DagBag from /home/airflow/.local/lib/python3.12/site-packages/airflow/example_dags/example_dag_decorator.py
[2026-04-01T13:27:45.000+0000] {processor.py:840} INFO - DAG(s) 'example_dag_decorator' retrieved from /home/airflow/.local/lib/python3.12/site-packages/airflow/example_dags/example_dag_decorator.py
[2026-04-01T13:27:45.076+0000] {logging_mixin.py:188} INFO - [2026-04-01T13:27:45.075+0000] {dag.py:3096} INFO - Sync 1 DAGs
[2026-04-01T13:27:45.084+0000] {logging_mixin.py:188} INFO - [2026-04-01T13:27:45.084+0000] {dag.py:3954} INFO - Setting next_dagrun for example_dag_decorator to None, run_after=None
[2026-04-01T13:27:45.101+0000] {processor.py:183} INFO - Processing /home/airflow/.local/lib/python3.12/site-packages/airflow/example_dags/example_dag_decorator.py took 0.194 seconds
[2026-04-01T13:28:15.254+0000] {processor.py:161} INFO - Started process (PID=3453) to work on /home/airflow/.local/lib/python3.12/site-packages/airflow/example_dags/example_dag_decorator.py
[2026-04-01T13:28:15.255+0000] {processor.py:830} INFO - Processing file /home/airflow/.local/lib/python3.12/site-packages/airflow/example_dags/example_dag_decorator.py for tasks to queue
[2026-04-01T13:28:15.257+0000] {logging_mixin.py:188} INFO - [2026-04-01T13:28:15.257+0000] {dagbag.py:545} INFO - Filling up the DagBag from /home/airflow/.local/lib/python3.12/site-packages/airflow/example_dags/example_dag_decorator.py
[2026-04-01T13:28:15.341+0000] {processor.py:840} INFO - DAG(s) 'example_dag_decorator' retrieved from /home/airflow/.local/lib/python3.12/site-packages/airflow/example_dags/example_dag_decorator.py
[2026-04-01T13:28:15.359+0000] {logging_mixin.py:188} INFO - [2026-04-01T13:28:15.359+0000] {dag.py:3096} INFO - Sync 1 DAGs
[2026-04-01T13:28:15.367+0000] {logging_mixin.py:188} INFO - [2026-04-01T13:28:15.367+0000] {dag.py:3954} INFO - Setting next_dagrun for example_dag_decorator to None, run_after=None
[2026-04-01T13:28:15.383+0000] {processor.py:183} INFO - Processing /home/airflow/.local/lib/python3.12/site-packages/airflow/example_dags/example_dag_decorator.py took 0.133 seconds
[2026-04-01T13:28:45.644+0000] {processor.py:161} INFO - Started process (PID=3512) to work on /home/airflow/.local/lib/python3.12/site-packages/airflow/example_dags/example_dag_decorator.py
[2026-04-01T13:28:45.645+0000] {processor.py:830} INFO - Processing file /home/airflow/.local/lib/python3.12/site-packages/airflow/example_dags/example_dag_decorator.py for tasks to queue
[2026-04-01T13:28:45.646+0000] {logging_mixin.py:188} INFO - [2026-04-01T13:28:45.646+0000] {dagbag.py:545} INFO - Filling up the DagBag from /home/airflow/.local/lib/python3.12/site-packages/airflow/example_dags/example_dag_decorator.py
[2026-04-01T13:28:45.734+0000] {processor.py:840} INFO - DAG(s) 'example_dag_decorator' retrieved from /home/airflow/.local/lib/python3.12/site-packages/airflow/example_dags/example_dag_decorator.py
[2026-04-01T13:28:45.817+0000] {logging_mixin.py:188} INFO - [2026-04-01T13:28:45.816+0000] {dag.py:3096} INFO - Sync 1 DAGs
[2026-04-01T13:28:45.824+0000] {logging_mixin.py:188} INFO - [2026-04-01T13:28:45.824+0000] {dag.py:3954} INFO - Setting next_dagrun for example_dag_decorator to None, run_after=None
[2026-04-01T13:28:45.842+0000] {processor.py:183} INFO - Processing /home/airflow/.local/lib/python3.12/site-packages/airflow/example_dags/example_dag_decorator.py took 0.202 seconds
[2026-04-01T13:29:16.090+0000] {processor.py:161} INFO - Started process (PID=3571) to work on /home/airflow/.local/lib/python3.12/site-packages/airflow/example_dags/example_dag_decorator.py
[2026-04-01T13:29:16.091+0000] {processor.py:830} INFO - Processing file /home/airflow/.local/lib/python3.12/site-packages/airflow/example_dags/example_dag_decorator.py for tasks to queue
[2026-04-01T13:29:16.092+0000] {logging_mixin.py:188} INFO - [2026-04-01T13:29:16.092+0000] {dagbag.py:545} INFO - Filling up the DagBag from /home/airflow/.local/lib/python3.12/site-packages/airflow/example_dags/example_dag_decorator.py
[2026-04-01T13:29:16.165+0000] {processor.py:840} INFO - DAG(s) 'example_dag_decorator' retrieved from /home/airflow/.local/lib/python3.12/site-packages/airflow/example_dags/example_dag_decorator.py
[2026-04-01T13:29:16.242+0000] {logging_mixin.py:188} INFO - [2026-04-01T13:29:16.242+0000] {dag.py:3096} INFO - Sync 1 DAGs
[2026-04-01T13:29:16.249+0000] {logging_mixin.py:188} INFO - [2026-04-01T13:29:16.249+0000] {dag.py:3954} INFO - Setting next_dagrun for example_dag_decorator to None, run_after=None
[2026-04-01T13:29:16.266+0000] {processor.py:183} INFO - Processing /home/airflow/.local/lib/python3.12/site-packages/airflow/example_dags/example_dag_decorator.py took 0.181 seconds
[2026-04-01T13:29:46.436+0000] {processor.py:161} INFO - Started process (PID=3630) to work on /home/airflow/.local/lib/python3.12/site-packages/airflow/example_dags/example_dag_decorator.py
[2026-04-01T13:29:46.437+0000] {processor.py:830} INFO - Processing file /home/airflow/.local/lib/python3.12/site-packages/airflow/example_dags/example_dag_decorator.py for tasks to queue
[2026-04-01T13:29:46.438+0000] {logging_mixin.py:188} INFO - [2026-04-01T13:29:46.438+0000] {dagbag.py:545} INFO - Filling up the DagBag from /home/airflow/.local/lib/python3.12/site-packages/airflow/example_dags/example_dag_decorator.py
[2026-04-01T13:29:46.528+0000] {processor.py:840} INFO - DAG(s) 'example_dag_decorator' retrieved from /home/airflow/.local/lib/python3.12/site-packages/airflow/example_dags/example_dag_decorator.py
[2026-04-01T13:29:46.609+0000] {logging_mixin.py:188} INFO - [2026-04-01T13:29:46.609+0000] {dag.py:3096} INFO - Sync 1 DAGs
[2026-04-01T13:29:46.619+0000] {logging_mixin.py:188} INFO - [2026-04-01T13:29:46.618+0000] {dag.py:3954} INFO - Setting next_dagrun for example_dag_decorator to None, run_after=None
[2026-04-01T13:29:46.634+0000] {processor.py:183} INFO - Processing /home/airflow/.local/lib/python3.12/site-packages/airflow/example_dags/example_dag_decorator.py took 0.202 seconds
[2026-04-01T13:30:16.695+0000] {processor.py:161} INFO - Started process (PID=3689) to work on /home/airflow/.local/lib/python3.12/site-packages/airflow/example_dags/example_dag_decorator.py
[2026-04-01T13:30:16.696+0000] {processor.py:830} INFO - Processing file /home/airflow/.local/lib/python3.12/site-packages/airflow/example_dags/example_dag_decorator.py for tasks to queue
[2026-04-01T13:30:16.698+0000] {logging_mixin.py:188} INFO - [2026-04-01T13:30:16.697+0000] {dagbag.py:545} INFO - Filling up the DagBag from /home/airflow/.local/lib/python3.12/site-packages/airflow/example_dags/example_dag_decorator.py
[2026-04-01T13:30:16.786+0000] {processor.py:840} INFO - DAG(s) 'example_dag_decorator' retrieved from /home/airflow/.local/lib/python3.12/site-packages/airflow/example_dags/example_dag_decorator.py
[2026-04-01T13:30:16.863+0000] {logging_mixin.py:188} INFO - [2026-04-01T13:30:16.863+0000] {dag.py:3096} INFO - Sync 1 DAGs
[2026-04-01T13:30:16.871+0000] {logging_mixin.py:188} INFO - [2026-04-01T13:30:16.870+0000] {dag.py:3954} INFO - Setting next_dagrun for example_dag_decorator to None, run_after=None
[2026-04-01T13:30:16.888+0000] {processor.py:183} INFO - Processing /home/airflow/.local/lib/python3.12/site-packages/airflow/example_dags/example_dag_decorator.py took 0.200 seconds
[2026-04-01T13:30:47.117+0000] {processor.py:161} INFO - Started process (PID=3748) to work on /home/airflow/.local/lib/python3.12/site-packages/airflow/example_dags/example_dag_decorator.py
[2026-04-01T13:30:47.118+0000] {processor.py:830} INFO - Processing file /home/airflow/.local/lib/python3.12/site-packages/airflow/example_dags/example_dag_decorator.py for tasks to queue
[2026-04-01T13:30:47.120+0000] {logging_mixin.py:188} INFO - [2026-04-01T13:30:47.120+0000] {dagbag.py:545} INFO - Filling up the DagBag from /home/airflow/.local/lib/python3.12/site-packages/airflow/example_dags/example_dag_decorator.py
[2026-04-01T13:30:47.200+0000] {processor.py:840} INFO - DAG(s) 'example_dag_decorator' retrieved from /home/airflow/.local/lib/python3.12/site-packages/airflow/example_dags/example_dag_decorator.py
[2026-04-01T13:30:47.285+0000] {logging_mixin.py:188} INFO - [2026-04-01T13:30:47.285+0000] {dag.py:3096} INFO - Sync 1 DAGs
[2026-04-01T13:30:47.295+0000] {logging_mixin.py:188} INFO - [2026-04-01T13:30:47.295+0000] {dag.py:3954} INFO - Setting next_dagrun for example_dag_decorator to None, run_after=None
[2026-04-01T13:30:47.311+0000] {processor.py:183} INFO - Processing /home/airflow/.local/lib/python3.12/site-packages/airflow/example_dags/example_dag_decorator.py took 0.200 seconds
[2026-04-01T13:31:17.648+0000] {processor.py:161} INFO - Started process (PID=3807) to work on /home/airflow/.local/lib/python3.12/site-packages/airflow/example_dags/example_dag_decorator.py
[2026-04-01T13:31:17.648+0000] {processor.py:830} INFO - Processing file /home/airflow/.local/lib/python3.12/site-packages/airflow/example_dags/example_dag_decorator.py for tasks to queue
[2026-04-01T13:31:17.650+0000] {logging_mixin.py:188} INFO - [2026-04-01T13:31:17.650+0000] {dagbag.py:545} INFO - Filling up the DagBag from /home/airflow/.local/lib/python3.12/site-packages/airflow/example_dags/example_dag_decorator.py
[2026-04-01T13:31:17.730+0000] {processor.py:840} INFO - DAG(s) 'example_dag_decorator' retrieved from /home/airflow/.local/lib/python3.12/site-packages/airflow/example_dags/example_dag_decorator.py
[2026-04-01T13:31:17.808+0000] {logging_mixin.py:188} INFO - [2026-04-01T13:31:17.807+0000] {dag.py:3096} INFO - Sync 1 DAGs
[2026-04-01T13:31:17.817+0000] {logging_mixin.py:188} INFO - [2026-04-01T13:31:17.817+0000] {dag.py:3954} INFO - Setting next_dagrun for example_dag_decorator to None, run_after=None
[2026-04-01T13:31:17.834+0000] {processor.py:183} INFO - Processing /home/airflow/.local/lib/python3.12/site-packages/airflow/example_dags/example_dag_decorator.py took 0.192 seconds
