[2026-04-01T12:58:52.027+0000] {processor.py:161} INFO - Started process (PID=93) to work on /home/airflow/.local/lib/python3.12/site-packages/airflow/example_dags/example_sla_dag.py
[2026-04-01T12:58:52.028+0000] {processor.py:830} INFO - Processing file /home/airflow/.local/lib/python3.12/site-packages/airflow/example_dags/example_sla_dag.py for tasks to queue
[2026-04-01T12:58:52.032+0000] {logging_mixin.py:188} INFO - [2026-04-01T12:58:52.031+0000] {dagbag.py:545} INFO - Filling up the DagBag from /home/airflow/.local/lib/python3.12/site-packages/airflow/example_dags/example_sla_dag.py
[2026-04-01T12:58:52.041+0000] {processor.py:840} INFO - DAG(s) 'example_sla_dag' retrieved from /home/airflow/.local/lib/python3.12/site-packages/airflow/example_dags/example_sla_dag.py
[2026-04-01T12:58:52.051+0000] {logging_mixin.py:188} INFO - [2026-04-01T12:58:52.051+0000] {dag.py:3096} INFO - Sync 1 DAGs
[2026-04-01T12:58:52.071+0000] {logging_mixin.py:188} INFO - [2026-04-01T12:58:52.070+0000] {dag.py:3954} INFO - Setting next_dagrun for example_sla_dag to 2026-04-01 12:56:00+00:00, run_after=2026-04-01 12:58:00+00:00
[2026-04-01T12:58:52.087+0000] {processor.py:183} INFO - Processing /home/airflow/.local/lib/python3.12/site-packages/airflow/example_dags/example_sla_dag.py took 0.064 seconds
[2026-04-01T12:59:22.936+0000] {processor.py:161} INFO - Started process (PID=151) to work on /home/airflow/.local/lib/python3.12/site-packages/airflow/example_dags/example_sla_dag.py
[2026-04-01T12:59:22.936+0000] {processor.py:830} INFO - Processing file /home/airflow/.local/lib/python3.12/site-packages/airflow/example_dags/example_sla_dag.py for tasks to queue
[2026-04-01T12:59:22.938+0000] {logging_mixin.py:188} INFO - [2026-04-01T12:59:22.937+0000] {dagbag.py:545} INFO - Filling up the DagBag from /home/airflow/.local/lib/python3.12/site-packages/airflow/example_dags/example_sla_dag.py
[2026-04-01T12:59:22.944+0000] {processor.py:840} INFO - DAG(s) 'example_sla_dag' retrieved from /home/airflow/.local/lib/python3.12/site-packages/airflow/example_dags/example_sla_dag.py
[2026-04-01T12:59:23.015+0000] {logging_mixin.py:188} INFO - [2026-04-01T12:59:23.015+0000] {dag.py:3096} INFO - Sync 1 DAGs
[2026-04-01T12:59:23.032+0000] {logging_mixin.py:188} INFO - [2026-04-01T12:59:23.032+0000] {dag.py:3954} INFO - Setting next_dagrun for example_sla_dag to 2026-04-01 12:56:00+00:00, run_after=2026-04-01 12:58:00+00:00
[2026-04-01T12:59:23.048+0000] {processor.py:183} INFO - Processing /home/airflow/.local/lib/python3.12/site-packages/airflow/example_dags/example_sla_dag.py took 0.117 seconds
[2026-04-01T12:59:53.848+0000] {processor.py:161} INFO - Started process (PID=209) to work on /home/airflow/.local/lib/python3.12/site-packages/airflow/example_dags/example_sla_dag.py
[2026-04-01T12:59:53.849+0000] {processor.py:830} INFO - Processing file /home/airflow/.local/lib/python3.12/site-packages/airflow/example_dags/example_sla_dag.py for tasks to queue
[2026-04-01T12:59:53.851+0000] {logging_mixin.py:188} INFO - [2026-04-01T12:59:53.850+0000] {dagbag.py:545} INFO - Filling up the DagBag from /home/airflow/.local/lib/python3.12/site-packages/airflow/example_dags/example_sla_dag.py
[2026-04-01T12:59:53.858+0000] {processor.py:840} INFO - DAG(s) 'example_sla_dag' retrieved from /home/airflow/.local/lib/python3.12/site-packages/airflow/example_dags/example_sla_dag.py
[2026-04-01T12:59:53.875+0000] {logging_mixin.py:188} INFO - [2026-04-01T12:59:53.874+0000] {dag.py:3096} INFO - Sync 1 DAGs
[2026-04-01T12:59:53.895+0000] {logging_mixin.py:188} INFO - [2026-04-01T12:59:53.895+0000] {dag.py:3954} INFO - Setting next_dagrun for example_sla_dag to 2026-04-01 12:56:00+00:00, run_after=2026-04-01 12:58:00+00:00
[2026-04-01T12:59:53.913+0000] {processor.py:183} INFO - Processing /home/airflow/.local/lib/python3.12/site-packages/airflow/example_dags/example_sla_dag.py took 0.070 seconds
[2026-04-01T13:00:24.076+0000] {processor.py:161} INFO - Started process (PID=267) to work on /home/airflow/.local/lib/python3.12/site-packages/airflow/example_dags/example_sla_dag.py
[2026-04-01T13:00:24.078+0000] {processor.py:830} INFO - Processing file /home/airflow/.local/lib/python3.12/site-packages/airflow/example_dags/example_sla_dag.py for tasks to queue
[2026-04-01T13:00:24.079+0000] {logging_mixin.py:188} INFO - [2026-04-01T13:00:24.079+0000] {dagbag.py:545} INFO - Filling up the DagBag from /home/airflow/.local/lib/python3.12/site-packages/airflow/example_dags/example_sla_dag.py
[2026-04-01T13:00:24.088+0000] {processor.py:840} INFO - DAG(s) 'example_sla_dag' retrieved from /home/airflow/.local/lib/python3.12/site-packages/airflow/example_dags/example_sla_dag.py
[2026-04-01T13:00:24.110+0000] {logging_mixin.py:188} INFO - [2026-04-01T13:00:24.110+0000] {dag.py:3096} INFO - Sync 1 DAGs
[2026-04-01T13:00:24.130+0000] {logging_mixin.py:188} INFO - [2026-04-01T13:00:24.130+0000] {dag.py:3954} INFO - Setting next_dagrun for example_sla_dag to 2026-04-01 12:58:00+00:00, run_after=2026-04-01 13:00:00+00:00
[2026-04-01T13:00:24.149+0000] {processor.py:183} INFO - Processing /home/airflow/.local/lib/python3.12/site-packages/airflow/example_dags/example_sla_dag.py took 0.079 seconds
[2026-04-01T13:00:54.370+0000] {processor.py:161} INFO - Started process (PID=325) to work on /home/airflow/.local/lib/python3.12/site-packages/airflow/example_dags/example_sla_dag.py
[2026-04-01T13:00:54.371+0000] {processor.py:830} INFO - Processing file /home/airflow/.local/lib/python3.12/site-packages/airflow/example_dags/example_sla_dag.py for tasks to queue
[2026-04-01T13:00:54.373+0000] {logging_mixin.py:188} INFO - [2026-04-01T13:00:54.372+0000] {dagbag.py:545} INFO - Filling up the DagBag from /home/airflow/.local/lib/python3.12/site-packages/airflow/example_dags/example_sla_dag.py
[2026-04-01T13:00:54.379+0000] {processor.py:840} INFO - DAG(s) 'example_sla_dag' retrieved from /home/airflow/.local/lib/python3.12/site-packages/airflow/example_dags/example_sla_dag.py
[2026-04-01T13:00:54.392+0000] {logging_mixin.py:188} INFO - [2026-04-01T13:00:54.392+0000] {dag.py:3096} INFO - Sync 1 DAGs
[2026-04-01T13:00:54.407+0000] {logging_mixin.py:188} INFO - [2026-04-01T13:00:54.407+0000] {dag.py:3954} INFO - Setting next_dagrun for example_sla_dag to 2026-04-01 12:58:00+00:00, run_after=2026-04-01 13:00:00+00:00
[2026-04-01T13:00:54.422+0000] {processor.py:183} INFO - Processing /home/airflow/.local/lib/python3.12/site-packages/airflow/example_dags/example_sla_dag.py took 0.056 seconds
[2026-04-01T13:01:24.565+0000] {processor.py:161} INFO - Started process (PID=383) to work on /home/airflow/.local/lib/python3.12/site-packages/airflow/example_dags/example_sla_dag.py
[2026-04-01T13:01:24.566+0000] {processor.py:830} INFO - Processing file /home/airflow/.local/lib/python3.12/site-packages/airflow/example_dags/example_sla_dag.py for tasks to queue
[2026-04-01T13:01:24.568+0000] {logging_mixin.py:188} INFO - [2026-04-01T13:01:24.567+0000] {dagbag.py:545} INFO - Filling up the DagBag from /home/airflow/.local/lib/python3.12/site-packages/airflow/example_dags/example_sla_dag.py
[2026-04-01T13:01:24.575+0000] {processor.py:840} INFO - DAG(s) 'example_sla_dag' retrieved from /home/airflow/.local/lib/python3.12/site-packages/airflow/example_dags/example_sla_dag.py
[2026-04-01T13:01:24.589+0000] {logging_mixin.py:188} INFO - [2026-04-01T13:01:24.589+0000] {dag.py:3096} INFO - Sync 1 DAGs
[2026-04-01T13:01:24.607+0000] {logging_mixin.py:188} INFO - [2026-04-01T13:01:24.607+0000] {dag.py:3954} INFO - Setting next_dagrun for example_sla_dag to 2026-04-01 12:58:00+00:00, run_after=2026-04-01 13:00:00+00:00
[2026-04-01T13:01:24.621+0000] {processor.py:183} INFO - Processing /home/airflow/.local/lib/python3.12/site-packages/airflow/example_dags/example_sla_dag.py took 0.061 seconds
[2026-04-01T13:01:54.712+0000] {processor.py:161} INFO - Started process (PID=441) to work on /home/airflow/.local/lib/python3.12/site-packages/airflow/example_dags/example_sla_dag.py
[2026-04-01T13:01:54.713+0000] {processor.py:830} INFO - Processing file /home/airflow/.local/lib/python3.12/site-packages/airflow/example_dags/example_sla_dag.py for tasks to queue
[2026-04-01T13:01:54.715+0000] {logging_mixin.py:188} INFO - [2026-04-01T13:01:54.714+0000] {dagbag.py:545} INFO - Filling up the DagBag from /home/airflow/.local/lib/python3.12/site-packages/airflow/example_dags/example_sla_dag.py
[2026-04-01T13:01:54.721+0000] {processor.py:840} INFO - DAG(s) 'example_sla_dag' retrieved from /home/airflow/.local/lib/python3.12/site-packages/airflow/example_dags/example_sla_dag.py
[2026-04-01T13:01:54.734+0000] {logging_mixin.py:188} INFO - [2026-04-01T13:01:54.734+0000] {dag.py:3096} INFO - Sync 1 DAGs
[2026-04-01T13:01:54.749+0000] {logging_mixin.py:188} INFO - [2026-04-01T13:01:54.749+0000] {dag.py:3954} INFO - Setting next_dagrun for example_sla_dag to 2026-04-01 12:58:00+00:00, run_after=2026-04-01 13:00:00+00:00
[2026-04-01T13:01:54.767+0000] {processor.py:183} INFO - Processing /home/airflow/.local/lib/python3.12/site-packages/airflow/example_dags/example_sla_dag.py took 0.059 seconds
[2026-04-01T13:02:24.977+0000] {processor.py:161} INFO - Started process (PID=499) to work on /home/airflow/.local/lib/python3.12/site-packages/airflow/example_dags/example_sla_dag.py
[2026-04-01T13:02:24.978+0000] {processor.py:830} INFO - Processing file /home/airflow/.local/lib/python3.12/site-packages/airflow/example_dags/example_sla_dag.py for tasks to queue
[2026-04-01T13:02:24.979+0000] {logging_mixin.py:188} INFO - [2026-04-01T13:02:24.979+0000] {dagbag.py:545} INFO - Filling up the DagBag from /home/airflow/.local/lib/python3.12/site-packages/airflow/example_dags/example_sla_dag.py
[2026-04-01T13:02:24.986+0000] {processor.py:840} INFO - DAG(s) 'example_sla_dag' retrieved from /home/airflow/.local/lib/python3.12/site-packages/airflow/example_dags/example_sla_dag.py
[2026-04-01T13:02:24.999+0000] {logging_mixin.py:188} INFO - [2026-04-01T13:02:24.999+0000] {dag.py:3096} INFO - Sync 1 DAGs
[2026-04-01T13:02:25.015+0000] {logging_mixin.py:188} INFO - [2026-04-01T13:02:25.015+0000] {dag.py:3954} INFO - Setting next_dagrun for example_sla_dag to 2026-04-01 13:00:00+00:00, run_after=2026-04-01 13:02:00+00:00
[2026-04-01T13:02:25.033+0000] {processor.py:183} INFO - Processing /home/airflow/.local/lib/python3.12/site-packages/airflow/example_dags/example_sla_dag.py took 0.061 seconds
[2026-04-01T13:02:55.136+0000] {processor.py:161} INFO - Started process (PID=557) to work on /home/airflow/.local/lib/python3.12/site-packages/airflow/example_dags/example_sla_dag.py
[2026-04-01T13:02:55.137+0000] {processor.py:830} INFO - Processing file /home/airflow/.local/lib/python3.12/site-packages/airflow/example_dags/example_sla_dag.py for tasks to queue
[2026-04-01T13:02:55.138+0000] {logging_mixin.py:188} INFO - [2026-04-01T13:02:55.138+0000] {dagbag.py:545} INFO - Filling up the DagBag from /home/airflow/.local/lib/python3.12/site-packages/airflow/example_dags/example_sla_dag.py
[2026-04-01T13:02:55.145+0000] {processor.py:840} INFO - DAG(s) 'example_sla_dag' retrieved from /home/airflow/.local/lib/python3.12/site-packages/airflow/example_dags/example_sla_dag.py
[2026-04-01T13:02:55.160+0000] {logging_mixin.py:188} INFO - [2026-04-01T13:02:55.160+0000] {dag.py:3096} INFO - Sync 1 DAGs
[2026-04-01T13:02:55.179+0000] {logging_mixin.py:188} INFO - [2026-04-01T13:02:55.178+0000] {dag.py:3954} INFO - Setting next_dagrun for example_sla_dag to 2026-04-01 13:00:00+00:00, run_after=2026-04-01 13:02:00+00:00
[2026-04-01T13:02:55.193+0000] {processor.py:183} INFO - Processing /home/airflow/.local/lib/python3.12/site-packages/airflow/example_dags/example_sla_dag.py took 0.062 seconds
[2026-04-01T13:03:25.332+0000] {processor.py:161} INFO - Started process (PID=615) to work on /home/airflow/.local/lib/python3.12/site-packages/airflow/example_dags/example_sla_dag.py
[2026-04-01T13:03:25.333+0000] {processor.py:830} INFO - Processing file /home/airflow/.local/lib/python3.12/site-packages/airflow/example_dags/example_sla_dag.py for tasks to queue
[2026-04-01T13:03:25.335+0000] {logging_mixin.py:188} INFO - [2026-04-01T13:03:25.334+0000] {dagbag.py:545} INFO - Filling up the DagBag from /home/airflow/.local/lib/python3.12/site-packages/airflow/example_dags/example_sla_dag.py
[2026-04-01T13:03:25.342+0000] {processor.py:840} INFO - DAG(s) 'example_sla_dag' retrieved from /home/airflow/.local/lib/python3.12/site-packages/airflow/example_dags/example_sla_dag.py
[2026-04-01T13:03:25.357+0000] {logging_mixin.py:188} INFO - [2026-04-01T13:03:25.357+0000] {dag.py:3096} INFO - Sync 1 DAGs
[2026-04-01T13:03:25.377+0000] {logging_mixin.py:188} INFO - [2026-04-01T13:03:25.376+0000] {dag.py:3954} INFO - Setting next_dagrun for example_sla_dag to 2026-04-01 13:00:00+00:00, run_after=2026-04-01 13:02:00+00:00
[2026-04-01T13:03:25.399+0000] {processor.py:183} INFO - Processing /home/airflow/.local/lib/python3.12/site-packages/airflow/example_dags/example_sla_dag.py took 0.072 seconds
[2026-04-01T13:03:55.650+0000] {processor.py:161} INFO - Started process (PID=673) to work on /home/airflow/.local/lib/python3.12/site-packages/airflow/example_dags/example_sla_dag.py
[2026-04-01T13:03:55.651+0000] {processor.py:830} INFO - Processing file /home/airflow/.local/lib/python3.12/site-packages/airflow/example_dags/example_sla_dag.py for tasks to queue
[2026-04-01T13:03:55.652+0000] {logging_mixin.py:188} INFO - [2026-04-01T13:03:55.652+0000] {dagbag.py:545} INFO - Filling up the DagBag from /home/airflow/.local/lib/python3.12/site-packages/airflow/example_dags/example_sla_dag.py
[2026-04-01T13:03:55.659+0000] {processor.py:840} INFO - DAG(s) 'example_sla_dag' retrieved from /home/airflow/.local/lib/python3.12/site-packages/airflow/example_dags/example_sla_dag.py
[2026-04-01T13:03:55.672+0000] {logging_mixin.py:188} INFO - [2026-04-01T13:03:55.672+0000] {dag.py:3096} INFO - Sync 1 DAGs
[2026-04-01T13:03:55.690+0000] {logging_mixin.py:188} INFO - [2026-04-01T13:03:55.690+0000] {dag.py:3954} INFO - Setting next_dagrun for example_sla_dag to 2026-04-01 13:00:00+00:00, run_after=2026-04-01 13:02:00+00:00
[2026-04-01T13:03:55.705+0000] {processor.py:183} INFO - Processing /home/airflow/.local/lib/python3.12/site-packages/airflow/example_dags/example_sla_dag.py took 0.060 seconds
[2026-04-01T13:04:25.985+0000] {processor.py:161} INFO - Started process (PID=731) to work on /home/airflow/.local/lib/python3.12/site-packages/airflow/example_dags/example_sla_dag.py
[2026-04-01T13:04:25.986+0000] {processor.py:830} INFO - Processing file /home/airflow/.local/lib/python3.12/site-packages/airflow/example_dags/example_sla_dag.py for tasks to queue
[2026-04-01T13:04:25.987+0000] {logging_mixin.py:188} INFO - [2026-04-01T13:04:25.987+0000] {dagbag.py:545} INFO - Filling up the DagBag from /home/airflow/.local/lib/python3.12/site-packages/airflow/example_dags/example_sla_dag.py
[2026-04-01T13:04:25.994+0000] {processor.py:840} INFO - DAG(s) 'example_sla_dag' retrieved from /home/airflow/.local/lib/python3.12/site-packages/airflow/example_dags/example_sla_dag.py
[2026-04-01T13:04:26.011+0000] {logging_mixin.py:188} INFO - [2026-04-01T13:04:26.011+0000] {dag.py:3096} INFO - Sync 1 DAGs
[2026-04-01T13:04:26.029+0000] {logging_mixin.py:188} INFO - [2026-04-01T13:04:26.029+0000] {dag.py:3954} INFO - Setting next_dagrun for example_sla_dag to 2026-04-01 13:02:00+00:00, run_after=2026-04-01 13:04:00+00:00
[2026-04-01T13:04:26.048+0000] {processor.py:183} INFO - Processing /home/airflow/.local/lib/python3.12/site-packages/airflow/example_dags/example_sla_dag.py took 0.068 seconds
[2026-04-01T13:04:56.126+0000] {processor.py:161} INFO - Started process (PID=789) to work on /home/airflow/.local/lib/python3.12/site-packages/airflow/example_dags/example_sla_dag.py
[2026-04-01T13:04:56.127+0000] {processor.py:830} INFO - Processing file /home/airflow/.local/lib/python3.12/site-packages/airflow/example_dags/example_sla_dag.py for tasks to queue
[2026-04-01T13:04:56.129+0000] {logging_mixin.py:188} INFO - [2026-04-01T13:04:56.129+0000] {dagbag.py:545} INFO - Filling up the DagBag from /home/airflow/.local/lib/python3.12/site-packages/airflow/example_dags/example_sla_dag.py
[2026-04-01T13:04:56.135+0000] {processor.py:840} INFO - DAG(s) 'example_sla_dag' retrieved from /home/airflow/.local/lib/python3.12/site-packages/airflow/example_dags/example_sla_dag.py
[2026-04-01T13:04:56.148+0000] {logging_mixin.py:188} INFO - [2026-04-01T13:04:56.148+0000] {dag.py:3096} INFO - Sync 1 DAGs
[2026-04-01T13:04:56.164+0000] {logging_mixin.py:188} INFO - [2026-04-01T13:04:56.164+0000] {dag.py:3954} INFO - Setting next_dagrun for example_sla_dag to 2026-04-01 13:02:00+00:00, run_after=2026-04-01 13:04:00+00:00
[2026-04-01T13:04:56.179+0000] {processor.py:183} INFO - Processing /home/airflow/.local/lib/python3.12/site-packages/airflow/example_dags/example_sla_dag.py took 0.057 seconds
[2026-04-01T13:05:26.316+0000] {processor.py:161} INFO - Started process (PID=847) to work on /home/airflow/.local/lib/python3.12/site-packages/airflow/example_dags/example_sla_dag.py
[2026-04-01T13:05:26.317+0000] {processor.py:830} INFO - Processing file /home/airflow/.local/lib/python3.12/site-packages/airflow/example_dags/example_sla_dag.py for tasks to queue
[2026-04-01T13:05:26.318+0000] {logging_mixin.py:188} INFO - [2026-04-01T13:05:26.318+0000] {dagbag.py:545} INFO - Filling up the DagBag from /home/airflow/.local/lib/python3.12/site-packages/airflow/example_dags/example_sla_dag.py
[2026-04-01T13:05:26.325+0000] {processor.py:840} INFO - DAG(s) 'example_sla_dag' retrieved from /home/airflow/.local/lib/python3.12/site-packages/airflow/example_dags/example_sla_dag.py
[2026-04-01T13:05:26.340+0000] {logging_mixin.py:188} INFO - [2026-04-01T13:05:26.339+0000] {dag.py:3096} INFO - Sync 1 DAGs
[2026-04-01T13:05:26.355+0000] {logging_mixin.py:188} INFO - [2026-04-01T13:05:26.355+0000] {dag.py:3954} INFO - Setting next_dagrun for example_sla_dag to 2026-04-01 13:02:00+00:00, run_after=2026-04-01 13:04:00+00:00
[2026-04-01T13:05:26.370+0000] {processor.py:183} INFO - Processing /home/airflow/.local/lib/python3.12/site-packages/airflow/example_dags/example_sla_dag.py took 0.058 seconds
[2026-04-01T13:05:56.509+0000] {processor.py:161} INFO - Started process (PID=905) to work on /home/airflow/.local/lib/python3.12/site-packages/airflow/example_dags/example_sla_dag.py
[2026-04-01T13:05:56.510+0000] {processor.py:830} INFO - Processing file /home/airflow/.local/lib/python3.12/site-packages/airflow/example_dags/example_sla_dag.py for tasks to queue
[2026-04-01T13:05:56.511+0000] {logging_mixin.py:188} INFO - [2026-04-01T13:05:56.511+0000] {dagbag.py:545} INFO - Filling up the DagBag from /home/airflow/.local/lib/python3.12/site-packages/airflow/example_dags/example_sla_dag.py
[2026-04-01T13:05:56.517+0000] {processor.py:840} INFO - DAG(s) 'example_sla_dag' retrieved from /home/airflow/.local/lib/python3.12/site-packages/airflow/example_dags/example_sla_dag.py
[2026-04-01T13:05:56.533+0000] {logging_mixin.py:188} INFO - [2026-04-01T13:05:56.533+0000] {dag.py:3096} INFO - Sync 1 DAGs
[2026-04-01T13:05:56.550+0000] {logging_mixin.py:188} INFO - [2026-04-01T13:05:56.550+0000] {dag.py:3954} INFO - Setting next_dagrun for example_sla_dag to 2026-04-01 13:02:00+00:00, run_after=2026-04-01 13:04:00+00:00
[2026-04-01T13:05:56.568+0000] {processor.py:183} INFO - Processing /home/airflow/.local/lib/python3.12/site-packages/airflow/example_dags/example_sla_dag.py took 0.064 seconds
[2026-04-01T13:06:26.808+0000] {processor.py:161} INFO - Started process (PID=963) to work on /home/airflow/.local/lib/python3.12/site-packages/airflow/example_dags/example_sla_dag.py
[2026-04-01T13:06:26.809+0000] {processor.py:830} INFO - Processing file /home/airflow/.local/lib/python3.12/site-packages/airflow/example_dags/example_sla_dag.py for tasks to queue
[2026-04-01T13:06:26.810+0000] {logging_mixin.py:188} INFO - [2026-04-01T13:06:26.810+0000] {dagbag.py:545} INFO - Filling up the DagBag from /home/airflow/.local/lib/python3.12/site-packages/airflow/example_dags/example_sla_dag.py
[2026-04-01T13:06:26.817+0000] {processor.py:840} INFO - DAG(s) 'example_sla_dag' retrieved from /home/airflow/.local/lib/python3.12/site-packages/airflow/example_dags/example_sla_dag.py
[2026-04-01T13:06:26.831+0000] {logging_mixin.py:188} INFO - [2026-04-01T13:06:26.831+0000] {dag.py:3096} INFO - Sync 1 DAGs
[2026-04-01T13:06:26.847+0000] {logging_mixin.py:188} INFO - [2026-04-01T13:06:26.847+0000] {dag.py:3954} INFO - Setting next_dagrun for example_sla_dag to 2026-04-01 13:04:00+00:00, run_after=2026-04-01 13:06:00+00:00
[2026-04-01T13:06:26.864+0000] {processor.py:183} INFO - Processing /home/airflow/.local/lib/python3.12/site-packages/airflow/example_dags/example_sla_dag.py took 0.061 seconds
[2026-04-01T13:06:57.176+0000] {processor.py:161} INFO - Started process (PID=1021) to work on /home/airflow/.local/lib/python3.12/site-packages/airflow/example_dags/example_sla_dag.py
[2026-04-01T13:06:57.177+0000] {processor.py:830} INFO - Processing file /home/airflow/.local/lib/python3.12/site-packages/airflow/example_dags/example_sla_dag.py for tasks to queue
[2026-04-01T13:06:57.179+0000] {logging_mixin.py:188} INFO - [2026-04-01T13:06:57.179+0000] {dagbag.py:545} INFO - Filling up the DagBag from /home/airflow/.local/lib/python3.12/site-packages/airflow/example_dags/example_sla_dag.py
[2026-04-01T13:06:57.186+0000] {processor.py:840} INFO - DAG(s) 'example_sla_dag' retrieved from /home/airflow/.local/lib/python3.12/site-packages/airflow/example_dags/example_sla_dag.py
[2026-04-01T13:06:57.201+0000] {logging_mixin.py:188} INFO - [2026-04-01T13:06:57.201+0000] {dag.py:3096} INFO - Sync 1 DAGs
[2026-04-01T13:06:57.220+0000] {logging_mixin.py:188} INFO - [2026-04-01T13:06:57.220+0000] {dag.py:3954} INFO - Setting next_dagrun for example_sla_dag to 2026-04-01 13:04:00+00:00, run_after=2026-04-01 13:06:00+00:00
[2026-04-01T13:06:57.233+0000] {processor.py:183} INFO - Processing /home/airflow/.local/lib/python3.12/site-packages/airflow/example_dags/example_sla_dag.py took 0.063 seconds
[2026-04-01T13:07:27.405+0000] {processor.py:161} INFO - Started process (PID=1079) to work on /home/airflow/.local/lib/python3.12/site-packages/airflow/example_dags/example_sla_dag.py
[2026-04-01T13:07:27.406+0000] {processor.py:830} INFO - Processing file /home/airflow/.local/lib/python3.12/site-packages/airflow/example_dags/example_sla_dag.py for tasks to queue
[2026-04-01T13:07:27.407+0000] {logging_mixin.py:188} INFO - [2026-04-01T13:07:27.407+0000] {dagbag.py:545} INFO - Filling up the DagBag from /home/airflow/.local/lib/python3.12/site-packages/airflow/example_dags/example_sla_dag.py
[2026-04-01T13:07:27.414+0000] {processor.py:840} INFO - DAG(s) 'example_sla_dag' retrieved from /home/airflow/.local/lib/python3.12/site-packages/airflow/example_dags/example_sla_dag.py
[2026-04-01T13:07:27.427+0000] {logging_mixin.py:188} INFO - [2026-04-01T13:07:27.427+0000] {dag.py:3096} INFO - Sync 1 DAGs
[2026-04-01T13:07:27.444+0000] {logging_mixin.py:188} INFO - [2026-04-01T13:07:27.444+0000] {dag.py:3954} INFO - Setting next_dagrun for example_sla_dag to 2026-04-01 13:04:00+00:00, run_after=2026-04-01 13:06:00+00:00
[2026-04-01T13:07:27.459+0000] {processor.py:183} INFO - Processing /home/airflow/.local/lib/python3.12/site-packages/airflow/example_dags/example_sla_dag.py took 0.059 seconds
[2026-04-01T13:07:57.579+0000] {processor.py:161} INFO - Started process (PID=1137) to work on /home/airflow/.local/lib/python3.12/site-packages/airflow/example_dags/example_sla_dag.py
[2026-04-01T13:07:57.579+0000] {processor.py:830} INFO - Processing file /home/airflow/.local/lib/python3.12/site-packages/airflow/example_dags/example_sla_dag.py for tasks to queue
[2026-04-01T13:07:57.581+0000] {logging_mixin.py:188} INFO - [2026-04-01T13:07:57.581+0000] {dagbag.py:545} INFO - Filling up the DagBag from /home/airflow/.local/lib/python3.12/site-packages/airflow/example_dags/example_sla_dag.py
[2026-04-01T13:07:57.588+0000] {processor.py:840} INFO - DAG(s) 'example_sla_dag' retrieved from /home/airflow/.local/lib/python3.12/site-packages/airflow/example_dags/example_sla_dag.py
[2026-04-01T13:07:57.602+0000] {logging_mixin.py:188} INFO - [2026-04-01T13:07:57.601+0000] {dag.py:3096} INFO - Sync 1 DAGs
[2026-04-01T13:07:57.618+0000] {logging_mixin.py:188} INFO - [2026-04-01T13:07:57.618+0000] {dag.py:3954} INFO - Setting next_dagrun for example_sla_dag to 2026-04-01 13:04:00+00:00, run_after=2026-04-01 13:06:00+00:00
[2026-04-01T13:07:57.634+0000] {processor.py:183} INFO - Processing /home/airflow/.local/lib/python3.12/site-packages/airflow/example_dags/example_sla_dag.py took 0.059 seconds
[2026-04-01T13:08:27.874+0000] {processor.py:161} INFO - Started process (PID=1195) to work on /home/airflow/.local/lib/python3.12/site-packages/airflow/example_dags/example_sla_dag.py
[2026-04-01T13:08:27.874+0000] {processor.py:830} INFO - Processing file /home/airflow/.local/lib/python3.12/site-packages/airflow/example_dags/example_sla_dag.py for tasks to queue
[2026-04-01T13:08:27.876+0000] {logging_mixin.py:188} INFO - [2026-04-01T13:08:27.876+0000] {dagbag.py:545} INFO - Filling up the DagBag from /home/airflow/.local/lib/python3.12/site-packages/airflow/example_dags/example_sla_dag.py
[2026-04-01T13:08:27.882+0000] {processor.py:840} INFO - DAG(s) 'example_sla_dag' retrieved from /home/airflow/.local/lib/python3.12/site-packages/airflow/example_dags/example_sla_dag.py
[2026-04-01T13:08:27.898+0000] {logging_mixin.py:188} INFO - [2026-04-01T13:08:27.898+0000] {dag.py:3096} INFO - Sync 1 DAGs
[2026-04-01T13:08:27.916+0000] {logging_mixin.py:188} INFO - [2026-04-01T13:08:27.916+0000] {dag.py:3954} INFO - Setting next_dagrun for example_sla_dag to 2026-04-01 13:06:00+00:00, run_after=2026-04-01 13:08:00+00:00
[2026-04-01T13:08:27.931+0000] {processor.py:183} INFO - Processing /home/airflow/.local/lib/python3.12/site-packages/airflow/example_dags/example_sla_dag.py took 0.062 seconds
[2026-04-01T13:08:58.303+0000] {processor.py:161} INFO - Started process (PID=1253) to work on /home/airflow/.local/lib/python3.12/site-packages/airflow/example_dags/example_sla_dag.py
[2026-04-01T13:08:58.303+0000] {processor.py:830} INFO - Processing file /home/airflow/.local/lib/python3.12/site-packages/airflow/example_dags/example_sla_dag.py for tasks to queue
[2026-04-01T13:08:58.305+0000] {logging_mixin.py:188} INFO - [2026-04-01T13:08:58.305+0000] {dagbag.py:545} INFO - Filling up the DagBag from /home/airflow/.local/lib/python3.12/site-packages/airflow/example_dags/example_sla_dag.py
[2026-04-01T13:08:58.311+0000] {processor.py:840} INFO - DAG(s) 'example_sla_dag' retrieved from /home/airflow/.local/lib/python3.12/site-packages/airflow/example_dags/example_sla_dag.py
[2026-04-01T13:08:58.328+0000] {logging_mixin.py:188} INFO - [2026-04-01T13:08:58.328+0000] {dag.py:3096} INFO - Sync 1 DAGs
[2026-04-01T13:08:58.344+0000] {logging_mixin.py:188} INFO - [2026-04-01T13:08:58.344+0000] {dag.py:3954} INFO - Setting next_dagrun for example_sla_dag to 2026-04-01 13:06:00+00:00, run_after=2026-04-01 13:08:00+00:00
[2026-04-01T13:08:58.360+0000] {processor.py:183} INFO - Processing /home/airflow/.local/lib/python3.12/site-packages/airflow/example_dags/example_sla_dag.py took 0.062 seconds
[2026-04-01T13:09:28.686+0000] {processor.py:161} INFO - Started process (PID=1311) to work on /home/airflow/.local/lib/python3.12/site-packages/airflow/example_dags/example_sla_dag.py
[2026-04-01T13:09:28.686+0000] {processor.py:830} INFO - Processing file /home/airflow/.local/lib/python3.12/site-packages/airflow/example_dags/example_sla_dag.py for tasks to queue
[2026-04-01T13:09:28.688+0000] {logging_mixin.py:188} INFO - [2026-04-01T13:09:28.688+0000] {dagbag.py:545} INFO - Filling up the DagBag from /home/airflow/.local/lib/python3.12/site-packages/airflow/example_dags/example_sla_dag.py
[2026-04-01T13:09:28.696+0000] {processor.py:840} INFO - DAG(s) 'example_sla_dag' retrieved from /home/airflow/.local/lib/python3.12/site-packages/airflow/example_dags/example_sla_dag.py
[2026-04-01T13:09:28.712+0000] {logging_mixin.py:188} INFO - [2026-04-01T13:09:28.712+0000] {dag.py:3096} INFO - Sync 1 DAGs
[2026-04-01T13:09:28.732+0000] {logging_mixin.py:188} INFO - [2026-04-01T13:09:28.732+0000] {dag.py:3954} INFO - Setting next_dagrun for example_sla_dag to 2026-04-01 13:06:00+00:00, run_after=2026-04-01 13:08:00+00:00
[2026-04-01T13:09:28.750+0000] {processor.py:183} INFO - Processing /home/airflow/.local/lib/python3.12/site-packages/airflow/example_dags/example_sla_dag.py took 0.069 seconds
[2026-04-01T13:09:58.971+0000] {processor.py:161} INFO - Started process (PID=1369) to work on /home/airflow/.local/lib/python3.12/site-packages/airflow/example_dags/example_sla_dag.py
[2026-04-01T13:09:58.972+0000] {processor.py:830} INFO - Processing file /home/airflow/.local/lib/python3.12/site-packages/airflow/example_dags/example_sla_dag.py for tasks to queue
[2026-04-01T13:09:58.974+0000] {logging_mixin.py:188} INFO - [2026-04-01T13:09:58.974+0000] {dagbag.py:545} INFO - Filling up the DagBag from /home/airflow/.local/lib/python3.12/site-packages/airflow/example_dags/example_sla_dag.py
[2026-04-01T13:09:58.983+0000] {processor.py:840} INFO - DAG(s) 'example_sla_dag' retrieved from /home/airflow/.local/lib/python3.12/site-packages/airflow/example_dags/example_sla_dag.py
[2026-04-01T13:09:58.999+0000] {logging_mixin.py:188} INFO - [2026-04-01T13:09:58.999+0000] {dag.py:3096} INFO - Sync 1 DAGs
[2026-04-01T13:09:59.014+0000] {logging_mixin.py:188} INFO - [2026-04-01T13:09:59.014+0000] {dag.py:3954} INFO - Setting next_dagrun for example_sla_dag to 2026-04-01 13:06:00+00:00, run_after=2026-04-01 13:08:00+00:00
[2026-04-01T13:09:59.028+0000] {processor.py:183} INFO - Processing /home/airflow/.local/lib/python3.12/site-packages/airflow/example_dags/example_sla_dag.py took 0.063 seconds
[2026-04-01T13:10:29.220+0000] {processor.py:161} INFO - Started process (PID=1427) to work on /home/airflow/.local/lib/python3.12/site-packages/airflow/example_dags/example_sla_dag.py
[2026-04-01T13:10:29.220+0000] {processor.py:830} INFO - Processing file /home/airflow/.local/lib/python3.12/site-packages/airflow/example_dags/example_sla_dag.py for tasks to queue
[2026-04-01T13:10:29.222+0000] {logging_mixin.py:188} INFO - [2026-04-01T13:10:29.222+0000] {dagbag.py:545} INFO - Filling up the DagBag from /home/airflow/.local/lib/python3.12/site-packages/airflow/example_dags/example_sla_dag.py
[2026-04-01T13:10:29.229+0000] {processor.py:840} INFO - DAG(s) 'example_sla_dag' retrieved from /home/airflow/.local/lib/python3.12/site-packages/airflow/example_dags/example_sla_dag.py
[2026-04-01T13:10:29.244+0000] {logging_mixin.py:188} INFO - [2026-04-01T13:10:29.244+0000] {dag.py:3096} INFO - Sync 1 DAGs
[2026-04-01T13:10:29.264+0000] {logging_mixin.py:188} INFO - [2026-04-01T13:10:29.264+0000] {dag.py:3954} INFO - Setting next_dagrun for example_sla_dag to 2026-04-01 13:08:00+00:00, run_after=2026-04-01 13:10:00+00:00
[2026-04-01T13:10:29.280+0000] {processor.py:183} INFO - Processing /home/airflow/.local/lib/python3.12/site-packages/airflow/example_dags/example_sla_dag.py took 0.065 seconds
[2026-04-01T13:10:59.881+0000] {processor.py:161} INFO - Started process (PID=1485) to work on /home/airflow/.local/lib/python3.12/site-packages/airflow/example_dags/example_sla_dag.py
[2026-04-01T13:10:59.882+0000] {processor.py:830} INFO - Processing file /home/airflow/.local/lib/python3.12/site-packages/airflow/example_dags/example_sla_dag.py for tasks to queue
[2026-04-01T13:10:59.883+0000] {logging_mixin.py:188} INFO - [2026-04-01T13:10:59.883+0000] {dagbag.py:545} INFO - Filling up the DagBag from /home/airflow/.local/lib/python3.12/site-packages/airflow/example_dags/example_sla_dag.py
[2026-04-01T13:10:59.890+0000] {processor.py:840} INFO - DAG(s) 'example_sla_dag' retrieved from /home/airflow/.local/lib/python3.12/site-packages/airflow/example_dags/example_sla_dag.py
[2026-04-01T13:10:59.904+0000] {logging_mixin.py:188} INFO - [2026-04-01T13:10:59.904+0000] {dag.py:3096} INFO - Sync 1 DAGs
[2026-04-01T13:10:59.924+0000] {logging_mixin.py:188} INFO - [2026-04-01T13:10:59.924+0000] {dag.py:3954} INFO - Setting next_dagrun for example_sla_dag to 2026-04-01 13:08:00+00:00, run_after=2026-04-01 13:10:00+00:00
[2026-04-01T13:10:59.940+0000] {processor.py:183} INFO - Processing /home/airflow/.local/lib/python3.12/site-packages/airflow/example_dags/example_sla_dag.py took 0.064 seconds
[2026-04-01T13:11:30.141+0000] {processor.py:161} INFO - Started process (PID=1543) to work on /home/airflow/.local/lib/python3.12/site-packages/airflow/example_dags/example_sla_dag.py
[2026-04-01T13:11:30.142+0000] {processor.py:830} INFO - Processing file /home/airflow/.local/lib/python3.12/site-packages/airflow/example_dags/example_sla_dag.py for tasks to queue
[2026-04-01T13:11:30.144+0000] {logging_mixin.py:188} INFO - [2026-04-01T13:11:30.143+0000] {dagbag.py:545} INFO - Filling up the DagBag from /home/airflow/.local/lib/python3.12/site-packages/airflow/example_dags/example_sla_dag.py
[2026-04-01T13:11:30.151+0000] {processor.py:840} INFO - DAG(s) 'example_sla_dag' retrieved from /home/airflow/.local/lib/python3.12/site-packages/airflow/example_dags/example_sla_dag.py
[2026-04-01T13:11:30.165+0000] {logging_mixin.py:188} INFO - [2026-04-01T13:11:30.165+0000] {dag.py:3096} INFO - Sync 1 DAGs
[2026-04-01T13:11:30.183+0000] {logging_mixin.py:188} INFO - [2026-04-01T13:11:30.183+0000] {dag.py:3954} INFO - Setting next_dagrun for example_sla_dag to 2026-04-01 13:08:00+00:00, run_after=2026-04-01 13:10:00+00:00
[2026-04-01T13:11:30.197+0000] {processor.py:183} INFO - Processing /home/airflow/.local/lib/python3.12/site-packages/airflow/example_dags/example_sla_dag.py took 0.060 seconds
[2026-04-01T13:12:00.643+0000] {processor.py:161} INFO - Started process (PID=1601) to work on /home/airflow/.local/lib/python3.12/site-packages/airflow/example_dags/example_sla_dag.py
[2026-04-01T13:12:00.644+0000] {processor.py:830} INFO - Processing file /home/airflow/.local/lib/python3.12/site-packages/airflow/example_dags/example_sla_dag.py for tasks to queue
[2026-04-01T13:12:00.646+0000] {logging_mixin.py:188} INFO - [2026-04-01T13:12:00.646+0000] {dagbag.py:545} INFO - Filling up the DagBag from /home/airflow/.local/lib/python3.12/site-packages/airflow/example_dags/example_sla_dag.py
[2026-04-01T13:12:00.654+0000] {processor.py:840} INFO - DAG(s) 'example_sla_dag' retrieved from /home/airflow/.local/lib/python3.12/site-packages/airflow/example_dags/example_sla_dag.py
[2026-04-01T13:12:00.678+0000] {logging_mixin.py:188} INFO - [2026-04-01T13:12:00.677+0000] {dag.py:3096} INFO - Sync 1 DAGs
[2026-04-01T13:12:00.702+0000] {logging_mixin.py:188} INFO - [2026-04-01T13:12:00.701+0000] {dag.py:3954} INFO - Setting next_dagrun for example_sla_dag to 2026-04-01 13:10:00+00:00, run_after=2026-04-01 13:12:00+00:00
[2026-04-01T13:12:00.719+0000] {processor.py:183} INFO - Processing /home/airflow/.local/lib/python3.12/site-packages/airflow/example_dags/example_sla_dag.py took 0.081 seconds
[2026-04-01T13:12:30.995+0000] {processor.py:161} INFO - Started process (PID=1659) to work on /home/airflow/.local/lib/python3.12/site-packages/airflow/example_dags/example_sla_dag.py
[2026-04-01T13:12:30.996+0000] {processor.py:830} INFO - Processing file /home/airflow/.local/lib/python3.12/site-packages/airflow/example_dags/example_sla_dag.py for tasks to queue
[2026-04-01T13:12:30.998+0000] {logging_mixin.py:188} INFO - [2026-04-01T13:12:30.997+0000] {dagbag.py:545} INFO - Filling up the DagBag from /home/airflow/.local/lib/python3.12/site-packages/airflow/example_dags/example_sla_dag.py
[2026-04-01T13:12:31.004+0000] {processor.py:840} INFO - DAG(s) 'example_sla_dag' retrieved from /home/airflow/.local/lib/python3.12/site-packages/airflow/example_dags/example_sla_dag.py
[2026-04-01T13:12:31.019+0000] {logging_mixin.py:188} INFO - [2026-04-01T13:12:31.019+0000] {dag.py:3096} INFO - Sync 1 DAGs
[2026-04-01T13:12:31.041+0000] {logging_mixin.py:188} INFO - [2026-04-01T13:12:31.040+0000] {dag.py:3954} INFO - Setting next_dagrun for example_sla_dag to 2026-04-01 13:10:00+00:00, run_after=2026-04-01 13:12:00+00:00
[2026-04-01T13:12:31.057+0000] {processor.py:183} INFO - Processing /home/airflow/.local/lib/python3.12/site-packages/airflow/example_dags/example_sla_dag.py took 0.067 seconds
[2026-04-01T13:13:01.223+0000] {processor.py:161} INFO - Started process (PID=1717) to work on /home/airflow/.local/lib/python3.12/site-packages/airflow/example_dags/example_sla_dag.py
[2026-04-01T13:13:01.224+0000] {processor.py:830} INFO - Processing file /home/airflow/.local/lib/python3.12/site-packages/airflow/example_dags/example_sla_dag.py for tasks to queue
[2026-04-01T13:13:01.227+0000] {logging_mixin.py:188} INFO - [2026-04-01T13:13:01.226+0000] {dagbag.py:545} INFO - Filling up the DagBag from /home/airflow/.local/lib/python3.12/site-packages/airflow/example_dags/example_sla_dag.py
[2026-04-01T13:13:01.235+0000] {processor.py:840} INFO - DAG(s) 'example_sla_dag' retrieved from /home/airflow/.local/lib/python3.12/site-packages/airflow/example_dags/example_sla_dag.py
[2026-04-01T13:13:01.251+0000] {logging_mixin.py:188} INFO - [2026-04-01T13:13:01.250+0000] {dag.py:3096} INFO - Sync 1 DAGs
[2026-04-01T13:13:01.268+0000] {logging_mixin.py:188} INFO - [2026-04-01T13:13:01.268+0000] {dag.py:3954} INFO - Setting next_dagrun for example_sla_dag to 2026-04-01 13:10:00+00:00, run_after=2026-04-01 13:12:00+00:00
[2026-04-01T13:13:01.285+0000] {processor.py:183} INFO - Processing /home/airflow/.local/lib/python3.12/site-packages/airflow/example_dags/example_sla_dag.py took 0.067 seconds
[2026-04-01T13:13:31.518+0000] {processor.py:161} INFO - Started process (PID=1775) to work on /home/airflow/.local/lib/python3.12/site-packages/airflow/example_dags/example_sla_dag.py
[2026-04-01T13:13:31.519+0000] {processor.py:830} INFO - Processing file /home/airflow/.local/lib/python3.12/site-packages/airflow/example_dags/example_sla_dag.py for tasks to queue
[2026-04-01T13:13:31.521+0000] {logging_mixin.py:188} INFO - [2026-04-01T13:13:31.520+0000] {dagbag.py:545} INFO - Filling up the DagBag from /home/airflow/.local/lib/python3.12/site-packages/airflow/example_dags/example_sla_dag.py
[2026-04-01T13:13:31.528+0000] {processor.py:840} INFO - DAG(s) 'example_sla_dag' retrieved from /home/airflow/.local/lib/python3.12/site-packages/airflow/example_dags/example_sla_dag.py
[2026-04-01T13:13:31.546+0000] {logging_mixin.py:188} INFO - [2026-04-01T13:13:31.546+0000] {dag.py:3096} INFO - Sync 1 DAGs
[2026-04-01T13:13:31.568+0000] {logging_mixin.py:188} INFO - [2026-04-01T13:13:31.568+0000] {dag.py:3954} INFO - Setting next_dagrun for example_sla_dag to 2026-04-01 13:10:00+00:00, run_after=2026-04-01 13:12:00+00:00
[2026-04-01T13:13:31.584+0000] {processor.py:183} INFO - Processing /home/airflow/.local/lib/python3.12/site-packages/airflow/example_dags/example_sla_dag.py took 0.071 seconds
[2026-04-01T13:14:01.900+0000] {processor.py:161} INFO - Started process (PID=1832) to work on /home/airflow/.local/lib/python3.12/site-packages/airflow/example_dags/example_sla_dag.py
[2026-04-01T13:14:01.901+0000] {processor.py:830} INFO - Processing file /home/airflow/.local/lib/python3.12/site-packages/airflow/example_dags/example_sla_dag.py for tasks to queue
[2026-04-01T13:14:01.903+0000] {logging_mixin.py:188} INFO - [2026-04-01T13:14:01.902+0000] {dagbag.py:545} INFO - Filling up the DagBag from /home/airflow/.local/lib/python3.12/site-packages/airflow/example_dags/example_sla_dag.py
[2026-04-01T13:14:01.910+0000] {processor.py:840} INFO - DAG(s) 'example_sla_dag' retrieved from /home/airflow/.local/lib/python3.12/site-packages/airflow/example_dags/example_sla_dag.py
[2026-04-01T13:14:01.925+0000] {logging_mixin.py:188} INFO - [2026-04-01T13:14:01.925+0000] {dag.py:3096} INFO - Sync 1 DAGs
[2026-04-01T13:14:01.943+0000] {logging_mixin.py:188} INFO - [2026-04-01T13:14:01.943+0000] {dag.py:3954} INFO - Setting next_dagrun for example_sla_dag to 2026-04-01 13:12:00+00:00, run_after=2026-04-01 13:14:00+00:00
[2026-04-01T13:14:01.963+0000] {processor.py:183} INFO - Processing /home/airflow/.local/lib/python3.12/site-packages/airflow/example_dags/example_sla_dag.py took 0.067 seconds
[2026-04-01T13:14:32.106+0000] {processor.py:161} INFO - Started process (PID=1890) to work on /home/airflow/.local/lib/python3.12/site-packages/airflow/example_dags/example_sla_dag.py
[2026-04-01T13:14:32.107+0000] {processor.py:830} INFO - Processing file /home/airflow/.local/lib/python3.12/site-packages/airflow/example_dags/example_sla_dag.py for tasks to queue
[2026-04-01T13:14:32.108+0000] {logging_mixin.py:188} INFO - [2026-04-01T13:14:32.108+0000] {dagbag.py:545} INFO - Filling up the DagBag from /home/airflow/.local/lib/python3.12/site-packages/airflow/example_dags/example_sla_dag.py
[2026-04-01T13:14:32.115+0000] {processor.py:840} INFO - DAG(s) 'example_sla_dag' retrieved from /home/airflow/.local/lib/python3.12/site-packages/airflow/example_dags/example_sla_dag.py
[2026-04-01T13:14:32.128+0000] {logging_mixin.py:188} INFO - [2026-04-01T13:14:32.128+0000] {dag.py:3096} INFO - Sync 1 DAGs
[2026-04-01T13:14:32.144+0000] {logging_mixin.py:188} INFO - [2026-04-01T13:14:32.144+0000] {dag.py:3954} INFO - Setting next_dagrun for example_sla_dag to 2026-04-01 13:12:00+00:00, run_after=2026-04-01 13:14:00+00:00
[2026-04-01T13:14:32.158+0000] {processor.py:183} INFO - Processing /home/airflow/.local/lib/python3.12/site-packages/airflow/example_dags/example_sla_dag.py took 0.057 seconds
[2026-04-01T13:15:03.227+0000] {processor.py:161} INFO - Started process (PID=1948) to work on /home/airflow/.local/lib/python3.12/site-packages/airflow/example_dags/example_sla_dag.py
[2026-04-01T13:15:03.228+0000] {processor.py:830} INFO - Processing file /home/airflow/.local/lib/python3.12/site-packages/airflow/example_dags/example_sla_dag.py for tasks to queue
[2026-04-01T13:15:03.230+0000] {logging_mixin.py:188} INFO - [2026-04-01T13:15:03.230+0000] {dagbag.py:545} INFO - Filling up the DagBag from /home/airflow/.local/lib/python3.12/site-packages/airflow/example_dags/example_sla_dag.py
[2026-04-01T13:15:03.238+0000] {processor.py:840} INFO - DAG(s) 'example_sla_dag' retrieved from /home/airflow/.local/lib/python3.12/site-packages/airflow/example_dags/example_sla_dag.py
[2026-04-01T13:15:03.254+0000] {logging_mixin.py:188} INFO - [2026-04-01T13:15:03.254+0000] {dag.py:3096} INFO - Sync 1 DAGs
[2026-04-01T13:15:03.275+0000] {logging_mixin.py:188} INFO - [2026-04-01T13:15:03.275+0000] {dag.py:3954} INFO - Setting next_dagrun for example_sla_dag to 2026-04-01 13:12:00+00:00, run_after=2026-04-01 13:14:00+00:00
[2026-04-01T13:15:03.451+0000] {processor.py:183} INFO - Processing /home/airflow/.local/lib/python3.12/site-packages/airflow/example_dags/example_sla_dag.py took 0.229 seconds
[2026-04-01T13:15:34.114+0000] {processor.py:161} INFO - Started process (PID=2006) to work on /home/airflow/.local/lib/python3.12/site-packages/airflow/example_dags/example_sla_dag.py
[2026-04-01T13:15:34.114+0000] {processor.py:830} INFO - Processing file /home/airflow/.local/lib/python3.12/site-packages/airflow/example_dags/example_sla_dag.py for tasks to queue
[2026-04-01T13:15:34.116+0000] {logging_mixin.py:188} INFO - [2026-04-01T13:15:34.115+0000] {dagbag.py:545} INFO - Filling up the DagBag from /home/airflow/.local/lib/python3.12/site-packages/airflow/example_dags/example_sla_dag.py
[2026-04-01T13:15:34.122+0000] {processor.py:840} INFO - DAG(s) 'example_sla_dag' retrieved from /home/airflow/.local/lib/python3.12/site-packages/airflow/example_dags/example_sla_dag.py
[2026-04-01T13:15:34.138+0000] {logging_mixin.py:188} INFO - [2026-04-01T13:15:34.138+0000] {dag.py:3096} INFO - Sync 1 DAGs
[2026-04-01T13:15:34.154+0000] {logging_mixin.py:188} INFO - [2026-04-01T13:15:34.154+0000] {dag.py:3954} INFO - Setting next_dagrun for example_sla_dag to 2026-04-01 13:12:00+00:00, run_after=2026-04-01 13:14:00+00:00
[2026-04-01T13:15:34.171+0000] {processor.py:183} INFO - Processing /home/airflow/.local/lib/python3.12/site-packages/airflow/example_dags/example_sla_dag.py took 0.063 seconds
[2026-04-01T13:16:04.575+0000] {processor.py:161} INFO - Started process (PID=2064) to work on /home/airflow/.local/lib/python3.12/site-packages/airflow/example_dags/example_sla_dag.py
[2026-04-01T13:16:04.576+0000] {processor.py:830} INFO - Processing file /home/airflow/.local/lib/python3.12/site-packages/airflow/example_dags/example_sla_dag.py for tasks to queue
[2026-04-01T13:16:04.577+0000] {logging_mixin.py:188} INFO - [2026-04-01T13:16:04.577+0000] {dagbag.py:545} INFO - Filling up the DagBag from /home/airflow/.local/lib/python3.12/site-packages/airflow/example_dags/example_sla_dag.py
[2026-04-01T13:16:04.584+0000] {processor.py:840} INFO - DAG(s) 'example_sla_dag' retrieved from /home/airflow/.local/lib/python3.12/site-packages/airflow/example_dags/example_sla_dag.py
[2026-04-01T13:16:04.598+0000] {logging_mixin.py:188} INFO - [2026-04-01T13:16:04.598+0000] {dag.py:3096} INFO - Sync 1 DAGs
[2026-04-01T13:16:04.614+0000] {logging_mixin.py:188} INFO - [2026-04-01T13:16:04.614+0000] {dag.py:3954} INFO - Setting next_dagrun for example_sla_dag to 2026-04-01 13:14:00+00:00, run_after=2026-04-01 13:16:00+00:00
[2026-04-01T13:16:04.632+0000] {processor.py:183} INFO - Processing /home/airflow/.local/lib/python3.12/site-packages/airflow/example_dags/example_sla_dag.py took 0.063 seconds
[2026-04-01T13:16:35.274+0000] {processor.py:161} INFO - Started process (PID=2123) to work on /home/airflow/.local/lib/python3.12/site-packages/airflow/example_dags/example_sla_dag.py
[2026-04-01T13:16:35.275+0000] {processor.py:830} INFO - Processing file /home/airflow/.local/lib/python3.12/site-packages/airflow/example_dags/example_sla_dag.py for tasks to queue
[2026-04-01T13:16:35.277+0000] {logging_mixin.py:188} INFO - [2026-04-01T13:16:35.276+0000] {dagbag.py:545} INFO - Filling up the DagBag from /home/airflow/.local/lib/python3.12/site-packages/airflow/example_dags/example_sla_dag.py
[2026-04-01T13:16:35.283+0000] {processor.py:840} INFO - DAG(s) 'example_sla_dag' retrieved from /home/airflow/.local/lib/python3.12/site-packages/airflow/example_dags/example_sla_dag.py
[2026-04-01T13:16:35.296+0000] {logging_mixin.py:188} INFO - [2026-04-01T13:16:35.296+0000] {dag.py:3096} INFO - Sync 1 DAGs
[2026-04-01T13:16:35.312+0000] {logging_mixin.py:188} INFO - [2026-04-01T13:16:35.312+0000] {dag.py:3954} INFO - Setting next_dagrun for example_sla_dag to 2026-04-01 13:14:00+00:00, run_after=2026-04-01 13:16:00+00:00
[2026-04-01T13:16:35.327+0000] {processor.py:183} INFO - Processing /home/airflow/.local/lib/python3.12/site-packages/airflow/example_dags/example_sla_dag.py took 0.057 seconds
[2026-04-01T13:17:05.782+0000] {processor.py:161} INFO - Started process (PID=2181) to work on /home/airflow/.local/lib/python3.12/site-packages/airflow/example_dags/example_sla_dag.py
[2026-04-01T13:17:05.783+0000] {processor.py:830} INFO - Processing file /home/airflow/.local/lib/python3.12/site-packages/airflow/example_dags/example_sla_dag.py for tasks to queue
[2026-04-01T13:17:05.785+0000] {logging_mixin.py:188} INFO - [2026-04-01T13:17:05.785+0000] {dagbag.py:545} INFO - Filling up the DagBag from /home/airflow/.local/lib/python3.12/site-packages/airflow/example_dags/example_sla_dag.py
[2026-04-01T13:17:05.793+0000] {processor.py:840} INFO - DAG(s) 'example_sla_dag' retrieved from /home/airflow/.local/lib/python3.12/site-packages/airflow/example_dags/example_sla_dag.py
[2026-04-01T13:17:05.808+0000] {logging_mixin.py:188} INFO - [2026-04-01T13:17:05.808+0000] {dag.py:3096} INFO - Sync 1 DAGs
[2026-04-01T13:17:05.824+0000] {logging_mixin.py:188} INFO - [2026-04-01T13:17:05.824+0000] {dag.py:3954} INFO - Setting next_dagrun for example_sla_dag to 2026-04-01 13:14:00+00:00, run_after=2026-04-01 13:16:00+00:00
[2026-04-01T13:17:05.841+0000] {processor.py:183} INFO - Processing /home/airflow/.local/lib/python3.12/site-packages/airflow/example_dags/example_sla_dag.py took 0.065 seconds
[2026-04-01T13:17:36.007+0000] {processor.py:161} INFO - Started process (PID=2239) to work on /home/airflow/.local/lib/python3.12/site-packages/airflow/example_dags/example_sla_dag.py
[2026-04-01T13:17:36.008+0000] {processor.py:830} INFO - Processing file /home/airflow/.local/lib/python3.12/site-packages/airflow/example_dags/example_sla_dag.py for tasks to queue
[2026-04-01T13:17:36.009+0000] {logging_mixin.py:188} INFO - [2026-04-01T13:17:36.009+0000] {dagbag.py:545} INFO - Filling up the DagBag from /home/airflow/.local/lib/python3.12/site-packages/airflow/example_dags/example_sla_dag.py
[2026-04-01T13:17:36.015+0000] {processor.py:840} INFO - DAG(s) 'example_sla_dag' retrieved from /home/airflow/.local/lib/python3.12/site-packages/airflow/example_dags/example_sla_dag.py
[2026-04-01T13:17:36.030+0000] {logging_mixin.py:188} INFO - [2026-04-01T13:17:36.029+0000] {dag.py:3096} INFO - Sync 1 DAGs
[2026-04-01T13:17:36.047+0000] {logging_mixin.py:188} INFO - [2026-04-01T13:17:36.047+0000] {dag.py:3954} INFO - Setting next_dagrun for example_sla_dag to 2026-04-01 13:14:00+00:00, run_after=2026-04-01 13:16:00+00:00
[2026-04-01T13:17:36.064+0000] {processor.py:183} INFO - Processing /home/airflow/.local/lib/python3.12/site-packages/airflow/example_dags/example_sla_dag.py took 0.062 seconds
[2026-04-01T13:18:06.168+0000] {processor.py:161} INFO - Started process (PID=2297) to work on /home/airflow/.local/lib/python3.12/site-packages/airflow/example_dags/example_sla_dag.py
[2026-04-01T13:18:06.168+0000] {processor.py:830} INFO - Processing file /home/airflow/.local/lib/python3.12/site-packages/airflow/example_dags/example_sla_dag.py for tasks to queue
[2026-04-01T13:18:06.170+0000] {logging_mixin.py:188} INFO - [2026-04-01T13:18:06.170+0000] {dagbag.py:545} INFO - Filling up the DagBag from /home/airflow/.local/lib/python3.12/site-packages/airflow/example_dags/example_sla_dag.py
[2026-04-01T13:18:06.176+0000] {processor.py:840} INFO - DAG(s) 'example_sla_dag' retrieved from /home/airflow/.local/lib/python3.12/site-packages/airflow/example_dags/example_sla_dag.py
[2026-04-01T13:18:06.190+0000] {logging_mixin.py:188} INFO - [2026-04-01T13:18:06.190+0000] {dag.py:3096} INFO - Sync 1 DAGs
[2026-04-01T13:18:06.209+0000] {logging_mixin.py:188} INFO - [2026-04-01T13:18:06.209+0000] {dag.py:3954} INFO - Setting next_dagrun for example_sla_dag to 2026-04-01 13:16:00+00:00, run_after=2026-04-01 13:18:00+00:00
[2026-04-01T13:18:06.226+0000] {processor.py:183} INFO - Processing /home/airflow/.local/lib/python3.12/site-packages/airflow/example_dags/example_sla_dag.py took 0.063 seconds
[2026-04-01T13:18:36.867+0000] {processor.py:161} INFO - Started process (PID=2355) to work on /home/airflow/.local/lib/python3.12/site-packages/airflow/example_dags/example_sla_dag.py
[2026-04-01T13:18:36.868+0000] {processor.py:830} INFO - Processing file /home/airflow/.local/lib/python3.12/site-packages/airflow/example_dags/example_sla_dag.py for tasks to queue
[2026-04-01T13:18:36.870+0000] {logging_mixin.py:188} INFO - [2026-04-01T13:18:36.869+0000] {dagbag.py:545} INFO - Filling up the DagBag from /home/airflow/.local/lib/python3.12/site-packages/airflow/example_dags/example_sla_dag.py
[2026-04-01T13:18:36.876+0000] {processor.py:840} INFO - DAG(s) 'example_sla_dag' retrieved from /home/airflow/.local/lib/python3.12/site-packages/airflow/example_dags/example_sla_dag.py
[2026-04-01T13:18:36.891+0000] {logging_mixin.py:188} INFO - [2026-04-01T13:18:36.891+0000] {dag.py:3096} INFO - Sync 1 DAGs
[2026-04-01T13:18:36.914+0000] {logging_mixin.py:188} INFO - [2026-04-01T13:18:36.913+0000] {dag.py:3954} INFO - Setting next_dagrun for example_sla_dag to 2026-04-01 13:16:00+00:00, run_after=2026-04-01 13:18:00+00:00
[2026-04-01T13:18:36.931+0000] {processor.py:183} INFO - Processing /home/airflow/.local/lib/python3.12/site-packages/airflow/example_dags/example_sla_dag.py took 0.068 seconds
[2026-04-01T13:19:07.352+0000] {processor.py:161} INFO - Started process (PID=2413) to work on /home/airflow/.local/lib/python3.12/site-packages/airflow/example_dags/example_sla_dag.py
[2026-04-01T13:19:07.352+0000] {processor.py:830} INFO - Processing file /home/airflow/.local/lib/python3.12/site-packages/airflow/example_dags/example_sla_dag.py for tasks to queue
[2026-04-01T13:19:07.354+0000] {logging_mixin.py:188} INFO - [2026-04-01T13:19:07.354+0000] {dagbag.py:545} INFO - Filling up the DagBag from /home/airflow/.local/lib/python3.12/site-packages/airflow/example_dags/example_sla_dag.py
[2026-04-01T13:19:07.360+0000] {processor.py:840} INFO - DAG(s) 'example_sla_dag' retrieved from /home/airflow/.local/lib/python3.12/site-packages/airflow/example_dags/example_sla_dag.py
[2026-04-01T13:19:07.374+0000] {logging_mixin.py:188} INFO - [2026-04-01T13:19:07.374+0000] {dag.py:3096} INFO - Sync 1 DAGs
[2026-04-01T13:19:07.391+0000] {logging_mixin.py:188} INFO - [2026-04-01T13:19:07.391+0000] {dag.py:3954} INFO - Setting next_dagrun for example_sla_dag to 2026-04-01 13:16:00+00:00, run_after=2026-04-01 13:18:00+00:00
[2026-04-01T13:19:07.412+0000] {processor.py:183} INFO - Processing /home/airflow/.local/lib/python3.12/site-packages/airflow/example_dags/example_sla_dag.py took 0.065 seconds
[2026-04-01T13:19:37.735+0000] {processor.py:161} INFO - Started process (PID=2471) to work on /home/airflow/.local/lib/python3.12/site-packages/airflow/example_dags/example_sla_dag.py
[2026-04-01T13:19:37.736+0000] {processor.py:830} INFO - Processing file /home/airflow/.local/lib/python3.12/site-packages/airflow/example_dags/example_sla_dag.py for tasks to queue
[2026-04-01T13:19:37.738+0000] {logging_mixin.py:188} INFO - [2026-04-01T13:19:37.738+0000] {dagbag.py:545} INFO - Filling up the DagBag from /home/airflow/.local/lib/python3.12/site-packages/airflow/example_dags/example_sla_dag.py
[2026-04-01T13:19:37.744+0000] {processor.py:840} INFO - DAG(s) 'example_sla_dag' retrieved from /home/airflow/.local/lib/python3.12/site-packages/airflow/example_dags/example_sla_dag.py
[2026-04-01T13:19:37.759+0000] {logging_mixin.py:188} INFO - [2026-04-01T13:19:37.759+0000] {dag.py:3096} INFO - Sync 1 DAGs
[2026-04-01T13:19:37.777+0000] {logging_mixin.py:188} INFO - [2026-04-01T13:19:37.777+0000] {dag.py:3954} INFO - Setting next_dagrun for example_sla_dag to 2026-04-01 13:16:00+00:00, run_after=2026-04-01 13:18:00+00:00
[2026-04-01T13:19:37.792+0000] {processor.py:183} INFO - Processing /home/airflow/.local/lib/python3.12/site-packages/airflow/example_dags/example_sla_dag.py took 0.062 seconds
[2026-04-01T13:20:08.143+0000] {processor.py:161} INFO - Started process (PID=2529) to work on /home/airflow/.local/lib/python3.12/site-packages/airflow/example_dags/example_sla_dag.py
[2026-04-01T13:20:08.144+0000] {processor.py:830} INFO - Processing file /home/airflow/.local/lib/python3.12/site-packages/airflow/example_dags/example_sla_dag.py for tasks to queue
[2026-04-01T13:20:08.145+0000] {logging_mixin.py:188} INFO - [2026-04-01T13:20:08.145+0000] {dagbag.py:545} INFO - Filling up the DagBag from /home/airflow/.local/lib/python3.12/site-packages/airflow/example_dags/example_sla_dag.py
[2026-04-01T13:20:08.152+0000] {processor.py:840} INFO - DAG(s) 'example_sla_dag' retrieved from /home/airflow/.local/lib/python3.12/site-packages/airflow/example_dags/example_sla_dag.py
[2026-04-01T13:20:08.168+0000] {logging_mixin.py:188} INFO - [2026-04-01T13:20:08.167+0000] {dag.py:3096} INFO - Sync 1 DAGs
[2026-04-01T13:20:08.186+0000] {logging_mixin.py:188} INFO - [2026-04-01T13:20:08.186+0000] {dag.py:3954} INFO - Setting next_dagrun for example_sla_dag to 2026-04-01 13:18:00+00:00, run_after=2026-04-01 13:20:00+00:00
[2026-04-01T13:20:08.203+0000] {processor.py:183} INFO - Processing /home/airflow/.local/lib/python3.12/site-packages/airflow/example_dags/example_sla_dag.py took 0.065 seconds
[2026-04-01T13:20:38.532+0000] {processor.py:161} INFO - Started process (PID=2587) to work on /home/airflow/.local/lib/python3.12/site-packages/airflow/example_dags/example_sla_dag.py
[2026-04-01T13:20:38.533+0000] {processor.py:830} INFO - Processing file /home/airflow/.local/lib/python3.12/site-packages/airflow/example_dags/example_sla_dag.py for tasks to queue
[2026-04-01T13:20:38.534+0000] {logging_mixin.py:188} INFO - [2026-04-01T13:20:38.534+0000] {dagbag.py:545} INFO - Filling up the DagBag from /home/airflow/.local/lib/python3.12/site-packages/airflow/example_dags/example_sla_dag.py
[2026-04-01T13:20:38.542+0000] {processor.py:840} INFO - DAG(s) 'example_sla_dag' retrieved from /home/airflow/.local/lib/python3.12/site-packages/airflow/example_dags/example_sla_dag.py
[2026-04-01T13:20:38.559+0000] {logging_mixin.py:188} INFO - [2026-04-01T13:20:38.559+0000] {dag.py:3096} INFO - Sync 1 DAGs
[2026-04-01T13:20:38.580+0000] {logging_mixin.py:188} INFO - [2026-04-01T13:20:38.580+0000] {dag.py:3954} INFO - Setting next_dagrun for example_sla_dag to 2026-04-01 13:18:00+00:00, run_after=2026-04-01 13:20:00+00:00
[2026-04-01T13:20:38.596+0000] {processor.py:183} INFO - Processing /home/airflow/.local/lib/python3.12/site-packages/airflow/example_dags/example_sla_dag.py took 0.069 seconds
[2026-04-01T13:21:09.054+0000] {processor.py:161} INFO - Started process (PID=2645) to work on /home/airflow/.local/lib/python3.12/site-packages/airflow/example_dags/example_sla_dag.py
[2026-04-01T13:21:09.055+0000] {processor.py:830} INFO - Processing file /home/airflow/.local/lib/python3.12/site-packages/airflow/example_dags/example_sla_dag.py for tasks to queue
[2026-04-01T13:21:09.056+0000] {logging_mixin.py:188} INFO - [2026-04-01T13:21:09.056+0000] {dagbag.py:545} INFO - Filling up the DagBag from /home/airflow/.local/lib/python3.12/site-packages/airflow/example_dags/example_sla_dag.py
[2026-04-01T13:21:09.064+0000] {processor.py:840} INFO - DAG(s) 'example_sla_dag' retrieved from /home/airflow/.local/lib/python3.12/site-packages/airflow/example_dags/example_sla_dag.py
[2026-04-01T13:21:09.079+0000] {logging_mixin.py:188} INFO - [2026-04-01T13:21:09.079+0000] {dag.py:3096} INFO - Sync 1 DAGs
[2026-04-01T13:21:09.097+0000] {logging_mixin.py:188} INFO - [2026-04-01T13:21:09.097+0000] {dag.py:3954} INFO - Setting next_dagrun for example_sla_dag to 2026-04-01 13:18:00+00:00, run_after=2026-04-01 13:20:00+00:00
[2026-04-01T13:21:09.116+0000] {processor.py:183} INFO - Processing /home/airflow/.local/lib/python3.12/site-packages/airflow/example_dags/example_sla_dag.py took 0.067 seconds
[2026-04-01T13:21:39.694+0000] {processor.py:161} INFO - Started process (PID=2703) to work on /home/airflow/.local/lib/python3.12/site-packages/airflow/example_dags/example_sla_dag.py
[2026-04-01T13:21:39.695+0000] {processor.py:830} INFO - Processing file /home/airflow/.local/lib/python3.12/site-packages/airflow/example_dags/example_sla_dag.py for tasks to queue
[2026-04-01T13:21:39.697+0000] {logging_mixin.py:188} INFO - [2026-04-01T13:21:39.696+0000] {dagbag.py:545} INFO - Filling up the DagBag from /home/airflow/.local/lib/python3.12/site-packages/airflow/example_dags/example_sla_dag.py
[2026-04-01T13:21:39.704+0000] {processor.py:840} INFO - DAG(s) 'example_sla_dag' retrieved from /home/airflow/.local/lib/python3.12/site-packages/airflow/example_dags/example_sla_dag.py
[2026-04-01T13:21:39.721+0000] {logging_mixin.py:188} INFO - [2026-04-01T13:21:39.721+0000] {dag.py:3096} INFO - Sync 1 DAGs
[2026-04-01T13:21:39.745+0000] {logging_mixin.py:188} INFO - [2026-04-01T13:21:39.745+0000] {dag.py:3954} INFO - Setting next_dagrun for example_sla_dag to 2026-04-01 13:18:00+00:00, run_after=2026-04-01 13:20:00+00:00
[2026-04-01T13:21:39.761+0000] {processor.py:183} INFO - Processing /home/airflow/.local/lib/python3.12/site-packages/airflow/example_dags/example_sla_dag.py took 0.072 seconds
[2026-04-01T13:22:10.099+0000] {processor.py:161} INFO - Started process (PID=2761) to work on /home/airflow/.local/lib/python3.12/site-packages/airflow/example_dags/example_sla_dag.py
[2026-04-01T13:22:10.100+0000] {processor.py:830} INFO - Processing file /home/airflow/.local/lib/python3.12/site-packages/airflow/example_dags/example_sla_dag.py for tasks to queue
[2026-04-01T13:22:10.102+0000] {logging_mixin.py:188} INFO - [2026-04-01T13:22:10.102+0000] {dagbag.py:545} INFO - Filling up the DagBag from /home/airflow/.local/lib/python3.12/site-packages/airflow/example_dags/example_sla_dag.py
[2026-04-01T13:22:10.110+0000] {processor.py:840} INFO - DAG(s) 'example_sla_dag' retrieved from /home/airflow/.local/lib/python3.12/site-packages/airflow/example_dags/example_sla_dag.py
[2026-04-01T13:22:10.127+0000] {logging_mixin.py:188} INFO - [2026-04-01T13:22:10.127+0000] {dag.py:3096} INFO - Sync 1 DAGs
[2026-04-01T13:22:10.145+0000] {logging_mixin.py:188} INFO - [2026-04-01T13:22:10.145+0000] {dag.py:3954} INFO - Setting next_dagrun for example_sla_dag to 2026-04-01 13:20:00+00:00, run_after=2026-04-01 13:22:00+00:00
[2026-04-01T13:22:10.161+0000] {processor.py:183} INFO - Processing /home/airflow/.local/lib/python3.12/site-packages/airflow/example_dags/example_sla_dag.py took 0.067 seconds
[2026-04-01T13:22:40.686+0000] {processor.py:161} INFO - Started process (PID=2819) to work on /home/airflow/.local/lib/python3.12/site-packages/airflow/example_dags/example_sla_dag.py
[2026-04-01T13:22:40.688+0000] {processor.py:830} INFO - Processing file /home/airflow/.local/lib/python3.12/site-packages/airflow/example_dags/example_sla_dag.py for tasks to queue
[2026-04-01T13:22:40.690+0000] {logging_mixin.py:188} INFO - [2026-04-01T13:22:40.689+0000] {dagbag.py:545} INFO - Filling up the DagBag from /home/airflow/.local/lib/python3.12/site-packages/airflow/example_dags/example_sla_dag.py
[2026-04-01T13:22:40.698+0000] {processor.py:840} INFO - DAG(s) 'example_sla_dag' retrieved from /home/airflow/.local/lib/python3.12/site-packages/airflow/example_dags/example_sla_dag.py
[2026-04-01T13:22:40.714+0000] {logging_mixin.py:188} INFO - [2026-04-01T13:22:40.714+0000] {dag.py:3096} INFO - Sync 1 DAGs
[2026-04-01T13:22:40.737+0000] {logging_mixin.py:188} INFO - [2026-04-01T13:22:40.737+0000] {dag.py:3954} INFO - Setting next_dagrun for example_sla_dag to 2026-04-01 13:20:00+00:00, run_after=2026-04-01 13:22:00+00:00
[2026-04-01T13:22:40.755+0000] {processor.py:183} INFO - Processing /home/airflow/.local/lib/python3.12/site-packages/airflow/example_dags/example_sla_dag.py took 0.075 seconds
[2026-04-01T13:23:11.188+0000] {processor.py:161} INFO - Started process (PID=2877) to work on /home/airflow/.local/lib/python3.12/site-packages/airflow/example_dags/example_sla_dag.py
[2026-04-01T13:23:11.189+0000] {processor.py:830} INFO - Processing file /home/airflow/.local/lib/python3.12/site-packages/airflow/example_dags/example_sla_dag.py for tasks to queue
[2026-04-01T13:23:11.191+0000] {logging_mixin.py:188} INFO - [2026-04-01T13:23:11.190+0000] {dagbag.py:545} INFO - Filling up the DagBag from /home/airflow/.local/lib/python3.12/site-packages/airflow/example_dags/example_sla_dag.py
[2026-04-01T13:23:11.197+0000] {processor.py:840} INFO - DAG(s) 'example_sla_dag' retrieved from /home/airflow/.local/lib/python3.12/site-packages/airflow/example_dags/example_sla_dag.py
[2026-04-01T13:23:11.213+0000] {logging_mixin.py:188} INFO - [2026-04-01T13:23:11.213+0000] {dag.py:3096} INFO - Sync 1 DAGs
[2026-04-01T13:23:11.231+0000] {logging_mixin.py:188} INFO - [2026-04-01T13:23:11.231+0000] {dag.py:3954} INFO - Setting next_dagrun for example_sla_dag to 2026-04-01 13:20:00+00:00, run_after=2026-04-01 13:22:00+00:00
[2026-04-01T13:23:11.245+0000] {processor.py:183} INFO - Processing /home/airflow/.local/lib/python3.12/site-packages/airflow/example_dags/example_sla_dag.py took 0.061 seconds
[2026-04-01T13:23:41.734+0000] {processor.py:161} INFO - Started process (PID=2935) to work on /home/airflow/.local/lib/python3.12/site-packages/airflow/example_dags/example_sla_dag.py
[2026-04-01T13:23:41.734+0000] {processor.py:830} INFO - Processing file /home/airflow/.local/lib/python3.12/site-packages/airflow/example_dags/example_sla_dag.py for tasks to queue
[2026-04-01T13:23:41.736+0000] {logging_mixin.py:188} INFO - [2026-04-01T13:23:41.736+0000] {dagbag.py:545} INFO - Filling up the DagBag from /home/airflow/.local/lib/python3.12/site-packages/airflow/example_dags/example_sla_dag.py
[2026-04-01T13:23:41.742+0000] {processor.py:840} INFO - DAG(s) 'example_sla_dag' retrieved from /home/airflow/.local/lib/python3.12/site-packages/airflow/example_dags/example_sla_dag.py
[2026-04-01T13:23:41.759+0000] {logging_mixin.py:188} INFO - [2026-04-01T13:23:41.759+0000] {dag.py:3096} INFO - Sync 1 DAGs
[2026-04-01T13:23:41.779+0000] {logging_mixin.py:188} INFO - [2026-04-01T13:23:41.779+0000] {dag.py:3954} INFO - Setting next_dagrun for example_sla_dag to 2026-04-01 13:20:00+00:00, run_after=2026-04-01 13:22:00+00:00
[2026-04-01T13:23:41.796+0000] {processor.py:183} INFO - Processing /home/airflow/.local/lib/python3.12/site-packages/airflow/example_dags/example_sla_dag.py took 0.068 seconds
[2026-04-01T13:24:12.093+0000] {processor.py:161} INFO - Started process (PID=2994) to work on /home/airflow/.local/lib/python3.12/site-packages/airflow/example_dags/example_sla_dag.py
[2026-04-01T13:24:12.094+0000] {processor.py:830} INFO - Processing file /home/airflow/.local/lib/python3.12/site-packages/airflow/example_dags/example_sla_dag.py for tasks to queue
[2026-04-01T13:24:12.096+0000] {logging_mixin.py:188} INFO - [2026-04-01T13:24:12.095+0000] {dagbag.py:545} INFO - Filling up the DagBag from /home/airflow/.local/lib/python3.12/site-packages/airflow/example_dags/example_sla_dag.py
[2026-04-01T13:24:12.102+0000] {processor.py:840} INFO - DAG(s) 'example_sla_dag' retrieved from /home/airflow/.local/lib/python3.12/site-packages/airflow/example_dags/example_sla_dag.py
[2026-04-01T13:24:12.116+0000] {logging_mixin.py:188} INFO - [2026-04-01T13:24:12.116+0000] {dag.py:3096} INFO - Sync 1 DAGs
[2026-04-01T13:24:12.133+0000] {logging_mixin.py:188} INFO - [2026-04-01T13:24:12.133+0000] {dag.py:3954} INFO - Setting next_dagrun for example_sla_dag to 2026-04-01 13:22:00+00:00, run_after=2026-04-01 13:24:00+00:00
[2026-04-01T13:24:12.149+0000] {processor.py:183} INFO - Processing /home/airflow/.local/lib/python3.12/site-packages/airflow/example_dags/example_sla_dag.py took 0.061 seconds
[2026-04-01T13:24:42.773+0000] {processor.py:161} INFO - Started process (PID=3052) to work on /home/airflow/.local/lib/python3.12/site-packages/airflow/example_dags/example_sla_dag.py
[2026-04-01T13:24:42.774+0000] {processor.py:830} INFO - Processing file /home/airflow/.local/lib/python3.12/site-packages/airflow/example_dags/example_sla_dag.py for tasks to queue
[2026-04-01T13:24:42.775+0000] {logging_mixin.py:188} INFO - [2026-04-01T13:24:42.775+0000] {dagbag.py:545} INFO - Filling up the DagBag from /home/airflow/.local/lib/python3.12/site-packages/airflow/example_dags/example_sla_dag.py
[2026-04-01T13:24:42.781+0000] {processor.py:840} INFO - DAG(s) 'example_sla_dag' retrieved from /home/airflow/.local/lib/python3.12/site-packages/airflow/example_dags/example_sla_dag.py
[2026-04-01T13:24:42.795+0000] {logging_mixin.py:188} INFO - [2026-04-01T13:24:42.795+0000] {dag.py:3096} INFO - Sync 1 DAGs
[2026-04-01T13:24:42.813+0000] {logging_mixin.py:188} INFO - [2026-04-01T13:24:42.813+0000] {dag.py:3954} INFO - Setting next_dagrun for example_sla_dag to 2026-04-01 13:22:00+00:00, run_after=2026-04-01 13:24:00+00:00
[2026-04-01T13:24:42.828+0000] {processor.py:183} INFO - Processing /home/airflow/.local/lib/python3.12/site-packages/airflow/example_dags/example_sla_dag.py took 0.059 seconds
[2026-04-01T13:25:13.159+0000] {processor.py:161} INFO - Started process (PID=3112) to work on /home/airflow/.local/lib/python3.12/site-packages/airflow/example_dags/example_sla_dag.py
[2026-04-01T13:25:13.160+0000] {processor.py:830} INFO - Processing file /home/airflow/.local/lib/python3.12/site-packages/airflow/example_dags/example_sla_dag.py for tasks to queue
[2026-04-01T13:25:13.161+0000] {logging_mixin.py:188} INFO - [2026-04-01T13:25:13.161+0000] {dagbag.py:545} INFO - Filling up the DagBag from /home/airflow/.local/lib/python3.12/site-packages/airflow/example_dags/example_sla_dag.py
[2026-04-01T13:25:13.168+0000] {processor.py:840} INFO - DAG(s) 'example_sla_dag' retrieved from /home/airflow/.local/lib/python3.12/site-packages/airflow/example_dags/example_sla_dag.py
[2026-04-01T13:25:13.183+0000] {logging_mixin.py:188} INFO - [2026-04-01T13:25:13.183+0000] {dag.py:3096} INFO - Sync 1 DAGs
[2026-04-01T13:25:13.202+0000] {logging_mixin.py:188} INFO - [2026-04-01T13:25:13.201+0000] {dag.py:3954} INFO - Setting next_dagrun for example_sla_dag to 2026-04-01 13:22:00+00:00, run_after=2026-04-01 13:24:00+00:00
[2026-04-01T13:25:13.220+0000] {processor.py:183} INFO - Processing /home/airflow/.local/lib/python3.12/site-packages/airflow/example_dags/example_sla_dag.py took 0.066 seconds
[2026-04-01T13:25:43.492+0000] {processor.py:161} INFO - Started process (PID=3170) to work on /home/airflow/.local/lib/python3.12/site-packages/airflow/example_dags/example_sla_dag.py
[2026-04-01T13:25:43.492+0000] {processor.py:830} INFO - Processing file /home/airflow/.local/lib/python3.12/site-packages/airflow/example_dags/example_sla_dag.py for tasks to queue
[2026-04-01T13:25:43.494+0000] {logging_mixin.py:188} INFO - [2026-04-01T13:25:43.494+0000] {dagbag.py:545} INFO - Filling up the DagBag from /home/airflow/.local/lib/python3.12/site-packages/airflow/example_dags/example_sla_dag.py
[2026-04-01T13:25:43.501+0000] {processor.py:840} INFO - DAG(s) 'example_sla_dag' retrieved from /home/airflow/.local/lib/python3.12/site-packages/airflow/example_dags/example_sla_dag.py
[2026-04-01T13:25:43.515+0000] {logging_mixin.py:188} INFO - [2026-04-01T13:25:43.515+0000] {dag.py:3096} INFO - Sync 1 DAGs
[2026-04-01T13:25:43.534+0000] {logging_mixin.py:188} INFO - [2026-04-01T13:25:43.534+0000] {dag.py:3954} INFO - Setting next_dagrun for example_sla_dag to 2026-04-01 13:22:00+00:00, run_after=2026-04-01 13:24:00+00:00
[2026-04-01T13:25:43.550+0000] {processor.py:183} INFO - Processing /home/airflow/.local/lib/python3.12/site-packages/airflow/example_dags/example_sla_dag.py took 0.063 seconds
[2026-04-01T13:26:13.783+0000] {processor.py:161} INFO - Started process (PID=3229) to work on /home/airflow/.local/lib/python3.12/site-packages/airflow/example_dags/example_sla_dag.py
[2026-04-01T13:26:13.783+0000] {processor.py:830} INFO - Processing file /home/airflow/.local/lib/python3.12/site-packages/airflow/example_dags/example_sla_dag.py for tasks to queue
[2026-04-01T13:26:13.785+0000] {logging_mixin.py:188} INFO - [2026-04-01T13:26:13.785+0000] {dagbag.py:545} INFO - Filling up the DagBag from /home/airflow/.local/lib/python3.12/site-packages/airflow/example_dags/example_sla_dag.py
[2026-04-01T13:26:13.791+0000] {processor.py:840} INFO - DAG(s) 'example_sla_dag' retrieved from /home/airflow/.local/lib/python3.12/site-packages/airflow/example_dags/example_sla_dag.py
[2026-04-01T13:26:13.805+0000] {logging_mixin.py:188} INFO - [2026-04-01T13:26:13.805+0000] {dag.py:3096} INFO - Sync 1 DAGs
[2026-04-01T13:26:13.822+0000] {logging_mixin.py:188} INFO - [2026-04-01T13:26:13.821+0000] {dag.py:3954} INFO - Setting next_dagrun for example_sla_dag to 2026-04-01 13:24:00+00:00, run_after=2026-04-01 13:26:00+00:00
[2026-04-01T13:26:13.837+0000] {processor.py:183} INFO - Processing /home/airflow/.local/lib/python3.12/site-packages/airflow/example_dags/example_sla_dag.py took 0.059 seconds
[2026-04-01T13:26:44.258+0000] {processor.py:161} INFO - Started process (PID=3288) to work on /home/airflow/.local/lib/python3.12/site-packages/airflow/example_dags/example_sla_dag.py
[2026-04-01T13:26:44.259+0000] {processor.py:830} INFO - Processing file /home/airflow/.local/lib/python3.12/site-packages/airflow/example_dags/example_sla_dag.py for tasks to queue
[2026-04-01T13:26:44.261+0000] {logging_mixin.py:188} INFO - [2026-04-01T13:26:44.260+0000] {dagbag.py:545} INFO - Filling up the DagBag from /home/airflow/.local/lib/python3.12/site-packages/airflow/example_dags/example_sla_dag.py
[2026-04-01T13:26:44.268+0000] {processor.py:840} INFO - DAG(s) 'example_sla_dag' retrieved from /home/airflow/.local/lib/python3.12/site-packages/airflow/example_dags/example_sla_dag.py
[2026-04-01T13:26:44.284+0000] {logging_mixin.py:188} INFO - [2026-04-01T13:26:44.284+0000] {dag.py:3096} INFO - Sync 1 DAGs
[2026-04-01T13:26:44.303+0000] {logging_mixin.py:188} INFO - [2026-04-01T13:26:44.303+0000] {dag.py:3954} INFO - Setting next_dagrun for example_sla_dag to 2026-04-01 13:24:00+00:00, run_after=2026-04-01 13:26:00+00:00
[2026-04-01T13:26:44.318+0000] {processor.py:183} INFO - Processing /home/airflow/.local/lib/python3.12/site-packages/airflow/example_dags/example_sla_dag.py took 0.065 seconds
[2026-04-01T13:27:14.898+0000] {processor.py:161} INFO - Started process (PID=3347) to work on /home/airflow/.local/lib/python3.12/site-packages/airflow/example_dags/example_sla_dag.py
[2026-04-01T13:27:14.898+0000] {processor.py:830} INFO - Processing file /home/airflow/.local/lib/python3.12/site-packages/airflow/example_dags/example_sla_dag.py for tasks to queue
[2026-04-01T13:27:14.900+0000] {logging_mixin.py:188} INFO - [2026-04-01T13:27:14.900+0000] {dagbag.py:545} INFO - Filling up the DagBag from /home/airflow/.local/lib/python3.12/site-packages/airflow/example_dags/example_sla_dag.py
[2026-04-01T13:27:14.907+0000] {processor.py:840} INFO - DAG(s) 'example_sla_dag' retrieved from /home/airflow/.local/lib/python3.12/site-packages/airflow/example_dags/example_sla_dag.py
[2026-04-01T13:27:14.923+0000] {logging_mixin.py:188} INFO - [2026-04-01T13:27:14.923+0000] {dag.py:3096} INFO - Sync 1 DAGs
[2026-04-01T13:27:14.942+0000] {logging_mixin.py:188} INFO - [2026-04-01T13:27:14.942+0000] {dag.py:3954} INFO - Setting next_dagrun for example_sla_dag to 2026-04-01 13:24:00+00:00, run_after=2026-04-01 13:26:00+00:00
[2026-04-01T13:27:14.966+0000] {processor.py:183} INFO - Processing /home/airflow/.local/lib/python3.12/site-packages/airflow/example_dags/example_sla_dag.py took 0.073 seconds
[2026-04-01T13:27:45.469+0000] {processor.py:161} INFO - Started process (PID=3406) to work on /home/airflow/.local/lib/python3.12/site-packages/airflow/example_dags/example_sla_dag.py
[2026-04-01T13:27:45.469+0000] {processor.py:830} INFO - Processing file /home/airflow/.local/lib/python3.12/site-packages/airflow/example_dags/example_sla_dag.py for tasks to queue
[2026-04-01T13:27:45.471+0000] {logging_mixin.py:188} INFO - [2026-04-01T13:27:45.471+0000] {dagbag.py:545} INFO - Filling up the DagBag from /home/airflow/.local/lib/python3.12/site-packages/airflow/example_dags/example_sla_dag.py
[2026-04-01T13:27:45.477+0000] {processor.py:840} INFO - DAG(s) 'example_sla_dag' retrieved from /home/airflow/.local/lib/python3.12/site-packages/airflow/example_dags/example_sla_dag.py
[2026-04-01T13:27:45.493+0000] {logging_mixin.py:188} INFO - [2026-04-01T13:27:45.493+0000] {dag.py:3096} INFO - Sync 1 DAGs
[2026-04-01T13:27:45.512+0000] {logging_mixin.py:188} INFO - [2026-04-01T13:27:45.512+0000] {dag.py:3954} INFO - Setting next_dagrun for example_sla_dag to 2026-04-01 13:24:00+00:00, run_after=2026-04-01 13:26:00+00:00
[2026-04-01T13:27:45.529+0000] {processor.py:183} INFO - Processing /home/airflow/.local/lib/python3.12/site-packages/airflow/example_dags/example_sla_dag.py took 0.065 seconds
[2026-04-01T13:28:15.789+0000] {processor.py:161} INFO - Started process (PID=3465) to work on /home/airflow/.local/lib/python3.12/site-packages/airflow/example_dags/example_sla_dag.py
[2026-04-01T13:28:15.790+0000] {processor.py:830} INFO - Processing file /home/airflow/.local/lib/python3.12/site-packages/airflow/example_dags/example_sla_dag.py for tasks to queue
[2026-04-01T13:28:15.791+0000] {logging_mixin.py:188} INFO - [2026-04-01T13:28:15.791+0000] {dagbag.py:545} INFO - Filling up the DagBag from /home/airflow/.local/lib/python3.12/site-packages/airflow/example_dags/example_sla_dag.py
[2026-04-01T13:28:15.797+0000] {processor.py:840} INFO - DAG(s) 'example_sla_dag' retrieved from /home/airflow/.local/lib/python3.12/site-packages/airflow/example_dags/example_sla_dag.py
[2026-04-01T13:28:15.812+0000] {logging_mixin.py:188} INFO - [2026-04-01T13:28:15.812+0000] {dag.py:3096} INFO - Sync 1 DAGs
[2026-04-01T13:28:15.836+0000] {logging_mixin.py:188} INFO - [2026-04-01T13:28:15.835+0000] {dag.py:3954} INFO - Setting next_dagrun for example_sla_dag to 2026-04-01 13:26:00+00:00, run_after=2026-04-01 13:28:00+00:00
[2026-04-01T13:28:15.853+0000] {processor.py:183} INFO - Processing /home/airflow/.local/lib/python3.12/site-packages/airflow/example_dags/example_sla_dag.py took 0.069 seconds
[2026-04-01T13:28:46.298+0000] {processor.py:161} INFO - Started process (PID=3524) to work on /home/airflow/.local/lib/python3.12/site-packages/airflow/example_dags/example_sla_dag.py
[2026-04-01T13:28:46.298+0000] {processor.py:830} INFO - Processing file /home/airflow/.local/lib/python3.12/site-packages/airflow/example_dags/example_sla_dag.py for tasks to queue
[2026-04-01T13:28:46.300+0000] {logging_mixin.py:188} INFO - [2026-04-01T13:28:46.300+0000] {dagbag.py:545} INFO - Filling up the DagBag from /home/airflow/.local/lib/python3.12/site-packages/airflow/example_dags/example_sla_dag.py
[2026-04-01T13:28:46.306+0000] {processor.py:840} INFO - DAG(s) 'example_sla_dag' retrieved from /home/airflow/.local/lib/python3.12/site-packages/airflow/example_dags/example_sla_dag.py
[2026-04-01T13:28:46.320+0000] {logging_mixin.py:188} INFO - [2026-04-01T13:28:46.320+0000] {dag.py:3096} INFO - Sync 1 DAGs
[2026-04-01T13:28:46.338+0000] {logging_mixin.py:188} INFO - [2026-04-01T13:28:46.338+0000] {dag.py:3954} INFO - Setting next_dagrun for example_sla_dag to 2026-04-01 13:26:00+00:00, run_after=2026-04-01 13:28:00+00:00
[2026-04-01T13:28:46.354+0000] {processor.py:183} INFO - Processing /home/airflow/.local/lib/python3.12/site-packages/airflow/example_dags/example_sla_dag.py took 0.061 seconds
[2026-04-01T13:29:16.604+0000] {processor.py:161} INFO - Started process (PID=3583) to work on /home/airflow/.local/lib/python3.12/site-packages/airflow/example_dags/example_sla_dag.py
[2026-04-01T13:29:16.604+0000] {processor.py:830} INFO - Processing file /home/airflow/.local/lib/python3.12/site-packages/airflow/example_dags/example_sla_dag.py for tasks to queue
[2026-04-01T13:29:16.606+0000] {logging_mixin.py:188} INFO - [2026-04-01T13:29:16.606+0000] {dagbag.py:545} INFO - Filling up the DagBag from /home/airflow/.local/lib/python3.12/site-packages/airflow/example_dags/example_sla_dag.py
[2026-04-01T13:29:16.612+0000] {processor.py:840} INFO - DAG(s) 'example_sla_dag' retrieved from /home/airflow/.local/lib/python3.12/site-packages/airflow/example_dags/example_sla_dag.py
[2026-04-01T13:29:16.627+0000] {logging_mixin.py:188} INFO - [2026-04-01T13:29:16.627+0000] {dag.py:3096} INFO - Sync 1 DAGs
[2026-04-01T13:29:16.645+0000] {logging_mixin.py:188} INFO - [2026-04-01T13:29:16.644+0000] {dag.py:3954} INFO - Setting next_dagrun for example_sla_dag to 2026-04-01 13:26:00+00:00, run_after=2026-04-01 13:28:00+00:00
[2026-04-01T13:29:16.660+0000] {processor.py:183} INFO - Processing /home/airflow/.local/lib/python3.12/site-packages/airflow/example_dags/example_sla_dag.py took 0.060 seconds
[2026-04-01T13:29:46.982+0000] {processor.py:161} INFO - Started process (PID=3642) to work on /home/airflow/.local/lib/python3.12/site-packages/airflow/example_dags/example_sla_dag.py
[2026-04-01T13:29:46.982+0000] {processor.py:830} INFO - Processing file /home/airflow/.local/lib/python3.12/site-packages/airflow/example_dags/example_sla_dag.py for tasks to queue
[2026-04-01T13:29:46.984+0000] {logging_mixin.py:188} INFO - [2026-04-01T13:29:46.984+0000] {dagbag.py:545} INFO - Filling up the DagBag from /home/airflow/.local/lib/python3.12/site-packages/airflow/example_dags/example_sla_dag.py
[2026-04-01T13:29:46.990+0000] {processor.py:840} INFO - DAG(s) 'example_sla_dag' retrieved from /home/airflow/.local/lib/python3.12/site-packages/airflow/example_dags/example_sla_dag.py
[2026-04-01T13:29:47.004+0000] {logging_mixin.py:188} INFO - [2026-04-01T13:29:47.004+0000] {dag.py:3096} INFO - Sync 1 DAGs
[2026-04-01T13:29:47.020+0000] {logging_mixin.py:188} INFO - [2026-04-01T13:29:47.020+0000] {dag.py:3954} INFO - Setting next_dagrun for example_sla_dag to 2026-04-01 13:26:00+00:00, run_after=2026-04-01 13:28:00+00:00
[2026-04-01T13:29:47.036+0000] {processor.py:183} INFO - Processing /home/airflow/.local/lib/python3.12/site-packages/airflow/example_dags/example_sla_dag.py took 0.060 seconds
[2026-04-01T13:30:17.237+0000] {processor.py:161} INFO - Started process (PID=3701) to work on /home/airflow/.local/lib/python3.12/site-packages/airflow/example_dags/example_sla_dag.py
[2026-04-01T13:30:17.237+0000] {processor.py:830} INFO - Processing file /home/airflow/.local/lib/python3.12/site-packages/airflow/example_dags/example_sla_dag.py for tasks to queue
[2026-04-01T13:30:17.239+0000] {logging_mixin.py:188} INFO - [2026-04-01T13:30:17.239+0000] {dagbag.py:545} INFO - Filling up the DagBag from /home/airflow/.local/lib/python3.12/site-packages/airflow/example_dags/example_sla_dag.py
[2026-04-01T13:30:17.245+0000] {processor.py:840} INFO - DAG(s) 'example_sla_dag' retrieved from /home/airflow/.local/lib/python3.12/site-packages/airflow/example_dags/example_sla_dag.py
[2026-04-01T13:30:17.260+0000] {logging_mixin.py:188} INFO - [2026-04-01T13:30:17.260+0000] {dag.py:3096} INFO - Sync 1 DAGs
[2026-04-01T13:30:17.279+0000] {logging_mixin.py:188} INFO - [2026-04-01T13:30:17.278+0000] {dag.py:3954} INFO - Setting next_dagrun for example_sla_dag to 2026-04-01 13:28:00+00:00, run_after=2026-04-01 13:30:00+00:00
[2026-04-01T13:30:17.293+0000] {processor.py:183} INFO - Processing /home/airflow/.local/lib/python3.12/site-packages/airflow/example_dags/example_sla_dag.py took 0.061 seconds
[2026-04-01T13:30:47.669+0000] {processor.py:161} INFO - Started process (PID=3760) to work on /home/airflow/.local/lib/python3.12/site-packages/airflow/example_dags/example_sla_dag.py
[2026-04-01T13:30:47.670+0000] {processor.py:830} INFO - Processing file /home/airflow/.local/lib/python3.12/site-packages/airflow/example_dags/example_sla_dag.py for tasks to queue
[2026-04-01T13:30:47.671+0000] {logging_mixin.py:188} INFO - [2026-04-01T13:30:47.671+0000] {dagbag.py:545} INFO - Filling up the DagBag from /home/airflow/.local/lib/python3.12/site-packages/airflow/example_dags/example_sla_dag.py
[2026-04-01T13:30:47.678+0000] {processor.py:840} INFO - DAG(s) 'example_sla_dag' retrieved from /home/airflow/.local/lib/python3.12/site-packages/airflow/example_dags/example_sla_dag.py
[2026-04-01T13:30:47.696+0000] {logging_mixin.py:188} INFO - [2026-04-01T13:30:47.696+0000] {dag.py:3096} INFO - Sync 1 DAGs
[2026-04-01T13:30:47.713+0000] {logging_mixin.py:188} INFO - [2026-04-01T13:30:47.713+0000] {dag.py:3954} INFO - Setting next_dagrun for example_sla_dag to 2026-04-01 13:28:00+00:00, run_after=2026-04-01 13:30:00+00:00
[2026-04-01T13:30:47.728+0000] {processor.py:183} INFO - Processing /home/airflow/.local/lib/python3.12/site-packages/airflow/example_dags/example_sla_dag.py took 0.064 seconds
[2026-04-01T13:31:18.224+0000] {processor.py:161} INFO - Started process (PID=3819) to work on /home/airflow/.local/lib/python3.12/site-packages/airflow/example_dags/example_sla_dag.py
[2026-04-01T13:31:18.226+0000] {processor.py:830} INFO - Processing file /home/airflow/.local/lib/python3.12/site-packages/airflow/example_dags/example_sla_dag.py for tasks to queue
[2026-04-01T13:31:18.229+0000] {logging_mixin.py:188} INFO - [2026-04-01T13:31:18.228+0000] {dagbag.py:545} INFO - Filling up the DagBag from /home/airflow/.local/lib/python3.12/site-packages/airflow/example_dags/example_sla_dag.py
[2026-04-01T13:31:18.240+0000] {processor.py:840} INFO - DAG(s) 'example_sla_dag' retrieved from /home/airflow/.local/lib/python3.12/site-packages/airflow/example_dags/example_sla_dag.py
[2026-04-01T13:31:18.257+0000] {logging_mixin.py:188} INFO - [2026-04-01T13:31:18.256+0000] {dag.py:3096} INFO - Sync 1 DAGs
[2026-04-01T13:31:18.277+0000] {logging_mixin.py:188} INFO - [2026-04-01T13:31:18.276+0000] {dag.py:3954} INFO - Setting next_dagrun for example_sla_dag to 2026-04-01 13:28:00+00:00, run_after=2026-04-01 13:30:00+00:00
[2026-04-01T13:31:18.296+0000] {processor.py:183} INFO - Processing /home/airflow/.local/lib/python3.12/site-packages/airflow/example_dags/example_sla_dag.py took 0.080 seconds
