[2026-04-01T12:58:51.420+0000] {processor.py:161} INFO - Started process (PID=78) to work on /home/airflow/.local/lib/python3.12/site-packages/airflow/example_dags/example_display_name.py
[2026-04-01T12:58:51.421+0000] {processor.py:830} INFO - Processing file /home/airflow/.local/lib/python3.12/site-packages/airflow/example_dags/example_display_name.py for tasks to queue
[2026-04-01T12:58:51.422+0000] {logging_mixin.py:188} INFO - [2026-04-01T12:58:51.422+0000] {dagbag.py:545} INFO - Filling up the DagBag from /home/airflow/.local/lib/python3.12/site-packages/airflow/example_dags/example_display_name.py
[2026-04-01T12:58:51.427+0000] {processor.py:840} INFO - DAG(s) 'example_display_name' retrieved from /home/airflow/.local/lib/python3.12/site-packages/airflow/example_dags/example_display_name.py
[2026-04-01T12:58:51.435+0000] {logging_mixin.py:188} INFO - [2026-04-01T12:58:51.435+0000] {dag.py:3096} INFO - Sync 1 DAGs
[2026-04-01T12:58:51.444+0000] {logging_mixin.py:188} INFO - [2026-04-01T12:58:51.444+0000] {dag.py:3954} INFO - Setting next_dagrun for example_display_name to None, run_after=None
[2026-04-01T12:58:51.460+0000] {processor.py:183} INFO - Processing /home/airflow/.local/lib/python3.12/site-packages/airflow/example_dags/example_display_name.py took 0.046 seconds
[2026-04-01T12:59:21.843+0000] {processor.py:161} INFO - Started process (PID=136) to work on /home/airflow/.local/lib/python3.12/site-packages/airflow/example_dags/example_display_name.py
[2026-04-01T12:59:21.844+0000] {processor.py:830} INFO - Processing file /home/airflow/.local/lib/python3.12/site-packages/airflow/example_dags/example_display_name.py for tasks to queue
[2026-04-01T12:59:21.845+0000] {logging_mixin.py:188} INFO - [2026-04-01T12:59:21.845+0000] {dagbag.py:545} INFO - Filling up the DagBag from /home/airflow/.local/lib/python3.12/site-packages/airflow/example_dags/example_display_name.py
[2026-04-01T12:59:21.850+0000] {processor.py:840} INFO - DAG(s) 'example_display_name' retrieved from /home/airflow/.local/lib/python3.12/site-packages/airflow/example_dags/example_display_name.py
[2026-04-01T12:59:21.932+0000] {logging_mixin.py:188} INFO - [2026-04-01T12:59:21.932+0000] {dag.py:3096} INFO - Sync 1 DAGs
[2026-04-01T12:59:21.942+0000] {logging_mixin.py:188} INFO - [2026-04-01T12:59:21.942+0000] {dag.py:3954} INFO - Setting next_dagrun for example_display_name to None, run_after=None
[2026-04-01T12:59:21.962+0000] {processor.py:183} INFO - Processing /home/airflow/.local/lib/python3.12/site-packages/airflow/example_dags/example_display_name.py took 0.123 seconds
[2026-04-01T12:59:52.172+0000] {processor.py:161} INFO - Started process (PID=194) to work on /home/airflow/.local/lib/python3.12/site-packages/airflow/example_dags/example_display_name.py
[2026-04-01T12:59:52.173+0000] {processor.py:830} INFO - Processing file /home/airflow/.local/lib/python3.12/site-packages/airflow/example_dags/example_display_name.py for tasks to queue
[2026-04-01T12:59:52.175+0000] {logging_mixin.py:188} INFO - [2026-04-01T12:59:52.174+0000] {dagbag.py:545} INFO - Filling up the DagBag from /home/airflow/.local/lib/python3.12/site-packages/airflow/example_dags/example_display_name.py
[2026-04-01T12:59:52.179+0000] {processor.py:840} INFO - DAG(s) 'example_display_name' retrieved from /home/airflow/.local/lib/python3.12/site-packages/airflow/example_dags/example_display_name.py
[2026-04-01T12:59:52.193+0000] {logging_mixin.py:188} INFO - [2026-04-01T12:59:52.193+0000] {dag.py:3096} INFO - Sync 1 DAGs
[2026-04-01T12:59:52.202+0000] {logging_mixin.py:188} INFO - [2026-04-01T12:59:52.202+0000] {dag.py:3954} INFO - Setting next_dagrun for example_display_name to None, run_after=None
[2026-04-01T12:59:52.223+0000] {processor.py:183} INFO - Processing /home/airflow/.local/lib/python3.12/site-packages/airflow/example_dags/example_display_name.py took 0.054 seconds
[2026-04-01T13:00:22.522+0000] {processor.py:161} INFO - Started process (PID=252) to work on /home/airflow/.local/lib/python3.12/site-packages/airflow/example_dags/example_display_name.py
[2026-04-01T13:00:22.523+0000] {processor.py:830} INFO - Processing file /home/airflow/.local/lib/python3.12/site-packages/airflow/example_dags/example_display_name.py for tasks to queue
[2026-04-01T13:00:22.525+0000] {logging_mixin.py:188} INFO - [2026-04-01T13:00:22.525+0000] {dagbag.py:545} INFO - Filling up the DagBag from /home/airflow/.local/lib/python3.12/site-packages/airflow/example_dags/example_display_name.py
[2026-04-01T13:00:22.530+0000] {processor.py:840} INFO - DAG(s) 'example_display_name' retrieved from /home/airflow/.local/lib/python3.12/site-packages/airflow/example_dags/example_display_name.py
[2026-04-01T13:00:22.545+0000] {logging_mixin.py:188} INFO - [2026-04-01T13:00:22.545+0000] {dag.py:3096} INFO - Sync 1 DAGs
[2026-04-01T13:00:22.555+0000] {logging_mixin.py:188} INFO - [2026-04-01T13:00:22.555+0000] {dag.py:3954} INFO - Setting next_dagrun for example_display_name to None, run_after=None
[2026-04-01T13:00:22.571+0000] {processor.py:183} INFO - Processing /home/airflow/.local/lib/python3.12/site-packages/airflow/example_dags/example_display_name.py took 0.054 seconds
[2026-04-01T13:00:52.757+0000] {processor.py:161} INFO - Started process (PID=310) to work on /home/airflow/.local/lib/python3.12/site-packages/airflow/example_dags/example_display_name.py
[2026-04-01T13:00:52.758+0000] {processor.py:830} INFO - Processing file /home/airflow/.local/lib/python3.12/site-packages/airflow/example_dags/example_display_name.py for tasks to queue
[2026-04-01T13:00:52.760+0000] {logging_mixin.py:188} INFO - [2026-04-01T13:00:52.759+0000] {dagbag.py:545} INFO - Filling up the DagBag from /home/airflow/.local/lib/python3.12/site-packages/airflow/example_dags/example_display_name.py
[2026-04-01T13:00:52.765+0000] {processor.py:840} INFO - DAG(s) 'example_display_name' retrieved from /home/airflow/.local/lib/python3.12/site-packages/airflow/example_dags/example_display_name.py
[2026-04-01T13:00:52.778+0000] {logging_mixin.py:188} INFO - [2026-04-01T13:00:52.778+0000] {dag.py:3096} INFO - Sync 1 DAGs
[2026-04-01T13:00:52.786+0000] {logging_mixin.py:188} INFO - [2026-04-01T13:00:52.786+0000] {dag.py:3954} INFO - Setting next_dagrun for example_display_name to None, run_after=None
[2026-04-01T13:00:52.801+0000] {processor.py:183} INFO - Processing /home/airflow/.local/lib/python3.12/site-packages/airflow/example_dags/example_display_name.py took 0.048 seconds
[2026-04-01T13:01:22.879+0000] {processor.py:161} INFO - Started process (PID=368) to work on /home/airflow/.local/lib/python3.12/site-packages/airflow/example_dags/example_display_name.py
[2026-04-01T13:01:22.879+0000] {processor.py:830} INFO - Processing file /home/airflow/.local/lib/python3.12/site-packages/airflow/example_dags/example_display_name.py for tasks to queue
[2026-04-01T13:01:22.881+0000] {logging_mixin.py:188} INFO - [2026-04-01T13:01:22.881+0000] {dagbag.py:545} INFO - Filling up the DagBag from /home/airflow/.local/lib/python3.12/site-packages/airflow/example_dags/example_display_name.py
[2026-04-01T13:01:22.885+0000] {processor.py:840} INFO - DAG(s) 'example_display_name' retrieved from /home/airflow/.local/lib/python3.12/site-packages/airflow/example_dags/example_display_name.py
[2026-04-01T13:01:22.900+0000] {logging_mixin.py:188} INFO - [2026-04-01T13:01:22.900+0000] {dag.py:3096} INFO - Sync 1 DAGs
[2026-04-01T13:01:22.909+0000] {logging_mixin.py:188} INFO - [2026-04-01T13:01:22.909+0000] {dag.py:3954} INFO - Setting next_dagrun for example_display_name to None, run_after=None
[2026-04-01T13:01:22.923+0000] {processor.py:183} INFO - Processing /home/airflow/.local/lib/python3.12/site-packages/airflow/example_dags/example_display_name.py took 0.049 seconds
[2026-04-01T13:01:53.118+0000] {processor.py:161} INFO - Started process (PID=426) to work on /home/airflow/.local/lib/python3.12/site-packages/airflow/example_dags/example_display_name.py
[2026-04-01T13:01:53.118+0000] {processor.py:830} INFO - Processing file /home/airflow/.local/lib/python3.12/site-packages/airflow/example_dags/example_display_name.py for tasks to queue
[2026-04-01T13:01:53.120+0000] {logging_mixin.py:188} INFO - [2026-04-01T13:01:53.120+0000] {dagbag.py:545} INFO - Filling up the DagBag from /home/airflow/.local/lib/python3.12/site-packages/airflow/example_dags/example_display_name.py
[2026-04-01T13:01:53.125+0000] {processor.py:840} INFO - DAG(s) 'example_display_name' retrieved from /home/airflow/.local/lib/python3.12/site-packages/airflow/example_dags/example_display_name.py
[2026-04-01T13:01:53.141+0000] {logging_mixin.py:188} INFO - [2026-04-01T13:01:53.140+0000] {dag.py:3096} INFO - Sync 1 DAGs
[2026-04-01T13:01:53.152+0000] {logging_mixin.py:188} INFO - [2026-04-01T13:01:53.151+0000] {dag.py:3954} INFO - Setting next_dagrun for example_display_name to None, run_after=None
[2026-04-01T13:01:53.167+0000] {processor.py:183} INFO - Processing /home/airflow/.local/lib/python3.12/site-packages/airflow/example_dags/example_display_name.py took 0.054 seconds
[2026-04-01T13:02:23.353+0000] {processor.py:161} INFO - Started process (PID=484) to work on /home/airflow/.local/lib/python3.12/site-packages/airflow/example_dags/example_display_name.py
[2026-04-01T13:02:23.354+0000] {processor.py:830} INFO - Processing file /home/airflow/.local/lib/python3.12/site-packages/airflow/example_dags/example_display_name.py for tasks to queue
[2026-04-01T13:02:23.355+0000] {logging_mixin.py:188} INFO - [2026-04-01T13:02:23.355+0000] {dagbag.py:545} INFO - Filling up the DagBag from /home/airflow/.local/lib/python3.12/site-packages/airflow/example_dags/example_display_name.py
[2026-04-01T13:02:23.359+0000] {processor.py:840} INFO - DAG(s) 'example_display_name' retrieved from /home/airflow/.local/lib/python3.12/site-packages/airflow/example_dags/example_display_name.py
[2026-04-01T13:02:23.373+0000] {logging_mixin.py:188} INFO - [2026-04-01T13:02:23.372+0000] {dag.py:3096} INFO - Sync 1 DAGs
[2026-04-01T13:02:23.381+0000] {logging_mixin.py:188} INFO - [2026-04-01T13:02:23.381+0000] {dag.py:3954} INFO - Setting next_dagrun for example_display_name to None, run_after=None
[2026-04-01T13:02:23.395+0000] {processor.py:183} INFO - Processing /home/airflow/.local/lib/python3.12/site-packages/airflow/example_dags/example_display_name.py took 0.046 seconds
[2026-04-01T13:02:53.536+0000] {processor.py:161} INFO - Started process (PID=542) to work on /home/airflow/.local/lib/python3.12/site-packages/airflow/example_dags/example_display_name.py
[2026-04-01T13:02:53.537+0000] {processor.py:830} INFO - Processing file /home/airflow/.local/lib/python3.12/site-packages/airflow/example_dags/example_display_name.py for tasks to queue
[2026-04-01T13:02:53.538+0000] {logging_mixin.py:188} INFO - [2026-04-01T13:02:53.538+0000] {dagbag.py:545} INFO - Filling up the DagBag from /home/airflow/.local/lib/python3.12/site-packages/airflow/example_dags/example_display_name.py
[2026-04-01T13:02:53.542+0000] {processor.py:840} INFO - DAG(s) 'example_display_name' retrieved from /home/airflow/.local/lib/python3.12/site-packages/airflow/example_dags/example_display_name.py
[2026-04-01T13:02:53.555+0000] {logging_mixin.py:188} INFO - [2026-04-01T13:02:53.555+0000] {dag.py:3096} INFO - Sync 1 DAGs
[2026-04-01T13:02:53.564+0000] {logging_mixin.py:188} INFO - [2026-04-01T13:02:53.564+0000] {dag.py:3954} INFO - Setting next_dagrun for example_display_name to None, run_after=None
[2026-04-01T13:02:53.580+0000] {processor.py:183} INFO - Processing /home/airflow/.local/lib/python3.12/site-packages/airflow/example_dags/example_display_name.py took 0.049 seconds
[2026-04-01T13:03:23.703+0000] {processor.py:161} INFO - Started process (PID=600) to work on /home/airflow/.local/lib/python3.12/site-packages/airflow/example_dags/example_display_name.py
[2026-04-01T13:03:23.704+0000] {processor.py:830} INFO - Processing file /home/airflow/.local/lib/python3.12/site-packages/airflow/example_dags/example_display_name.py for tasks to queue
[2026-04-01T13:03:23.705+0000] {logging_mixin.py:188} INFO - [2026-04-01T13:03:23.705+0000] {dagbag.py:545} INFO - Filling up the DagBag from /home/airflow/.local/lib/python3.12/site-packages/airflow/example_dags/example_display_name.py
[2026-04-01T13:03:23.710+0000] {processor.py:840} INFO - DAG(s) 'example_display_name' retrieved from /home/airflow/.local/lib/python3.12/site-packages/airflow/example_dags/example_display_name.py
[2026-04-01T13:03:23.724+0000] {logging_mixin.py:188} INFO - [2026-04-01T13:03:23.724+0000] {dag.py:3096} INFO - Sync 1 DAGs
[2026-04-01T13:03:23.735+0000] {logging_mixin.py:188} INFO - [2026-04-01T13:03:23.734+0000] {dag.py:3954} INFO - Setting next_dagrun for example_display_name to None, run_after=None
[2026-04-01T13:03:23.751+0000] {processor.py:183} INFO - Processing /home/airflow/.local/lib/python3.12/site-packages/airflow/example_dags/example_display_name.py took 0.052 seconds
[2026-04-01T13:03:54.027+0000] {processor.py:161} INFO - Started process (PID=658) to work on /home/airflow/.local/lib/python3.12/site-packages/airflow/example_dags/example_display_name.py
[2026-04-01T13:03:54.028+0000] {processor.py:830} INFO - Processing file /home/airflow/.local/lib/python3.12/site-packages/airflow/example_dags/example_display_name.py for tasks to queue
[2026-04-01T13:03:54.029+0000] {logging_mixin.py:188} INFO - [2026-04-01T13:03:54.029+0000] {dagbag.py:545} INFO - Filling up the DagBag from /home/airflow/.local/lib/python3.12/site-packages/airflow/example_dags/example_display_name.py
[2026-04-01T13:03:54.034+0000] {processor.py:840} INFO - DAG(s) 'example_display_name' retrieved from /home/airflow/.local/lib/python3.12/site-packages/airflow/example_dags/example_display_name.py
[2026-04-01T13:03:54.047+0000] {logging_mixin.py:188} INFO - [2026-04-01T13:03:54.047+0000] {dag.py:3096} INFO - Sync 1 DAGs
[2026-04-01T13:03:54.056+0000] {logging_mixin.py:188} INFO - [2026-04-01T13:03:54.056+0000] {dag.py:3954} INFO - Setting next_dagrun for example_display_name to None, run_after=None
[2026-04-01T13:03:54.069+0000] {processor.py:183} INFO - Processing /home/airflow/.local/lib/python3.12/site-packages/airflow/example_dags/example_display_name.py took 0.047 seconds
[2026-04-01T13:04:24.403+0000] {processor.py:161} INFO - Started process (PID=716) to work on /home/airflow/.local/lib/python3.12/site-packages/airflow/example_dags/example_display_name.py
[2026-04-01T13:04:24.404+0000] {processor.py:830} INFO - Processing file /home/airflow/.local/lib/python3.12/site-packages/airflow/example_dags/example_display_name.py for tasks to queue
[2026-04-01T13:04:24.405+0000] {logging_mixin.py:188} INFO - [2026-04-01T13:04:24.405+0000] {dagbag.py:545} INFO - Filling up the DagBag from /home/airflow/.local/lib/python3.12/site-packages/airflow/example_dags/example_display_name.py
[2026-04-01T13:04:24.410+0000] {processor.py:840} INFO - DAG(s) 'example_display_name' retrieved from /home/airflow/.local/lib/python3.12/site-packages/airflow/example_dags/example_display_name.py
[2026-04-01T13:04:24.424+0000] {logging_mixin.py:188} INFO - [2026-04-01T13:04:24.423+0000] {dag.py:3096} INFO - Sync 1 DAGs
[2026-04-01T13:04:24.433+0000] {logging_mixin.py:188} INFO - [2026-04-01T13:04:24.433+0000] {dag.py:3954} INFO - Setting next_dagrun for example_display_name to None, run_after=None
[2026-04-01T13:04:24.448+0000] {processor.py:183} INFO - Processing /home/airflow/.local/lib/python3.12/site-packages/airflow/example_dags/example_display_name.py took 0.050 seconds
[2026-04-01T13:04:54.549+0000] {processor.py:161} INFO - Started process (PID=774) to work on /home/airflow/.local/lib/python3.12/site-packages/airflow/example_dags/example_display_name.py
[2026-04-01T13:04:54.550+0000] {processor.py:830} INFO - Processing file /home/airflow/.local/lib/python3.12/site-packages/airflow/example_dags/example_display_name.py for tasks to queue
[2026-04-01T13:04:54.551+0000] {logging_mixin.py:188} INFO - [2026-04-01T13:04:54.551+0000] {dagbag.py:545} INFO - Filling up the DagBag from /home/airflow/.local/lib/python3.12/site-packages/airflow/example_dags/example_display_name.py
[2026-04-01T13:04:54.556+0000] {processor.py:840} INFO - DAG(s) 'example_display_name' retrieved from /home/airflow/.local/lib/python3.12/site-packages/airflow/example_dags/example_display_name.py
[2026-04-01T13:04:54.570+0000] {logging_mixin.py:188} INFO - [2026-04-01T13:04:54.570+0000] {dag.py:3096} INFO - Sync 1 DAGs
[2026-04-01T13:04:54.581+0000] {logging_mixin.py:188} INFO - [2026-04-01T13:04:54.581+0000] {dag.py:3954} INFO - Setting next_dagrun for example_display_name to None, run_after=None
[2026-04-01T13:04:54.598+0000] {processor.py:183} INFO - Processing /home/airflow/.local/lib/python3.12/site-packages/airflow/example_dags/example_display_name.py took 0.054 seconds
[2026-04-01T13:05:24.730+0000] {processor.py:161} INFO - Started process (PID=832) to work on /home/airflow/.local/lib/python3.12/site-packages/airflow/example_dags/example_display_name.py
[2026-04-01T13:05:24.731+0000] {processor.py:830} INFO - Processing file /home/airflow/.local/lib/python3.12/site-packages/airflow/example_dags/example_display_name.py for tasks to queue
[2026-04-01T13:05:24.732+0000] {logging_mixin.py:188} INFO - [2026-04-01T13:05:24.732+0000] {dagbag.py:545} INFO - Filling up the DagBag from /home/airflow/.local/lib/python3.12/site-packages/airflow/example_dags/example_display_name.py
[2026-04-01T13:05:24.737+0000] {processor.py:840} INFO - DAG(s) 'example_display_name' retrieved from /home/airflow/.local/lib/python3.12/site-packages/airflow/example_dags/example_display_name.py
[2026-04-01T13:05:24.751+0000] {logging_mixin.py:188} INFO - [2026-04-01T13:05:24.751+0000] {dag.py:3096} INFO - Sync 1 DAGs
[2026-04-01T13:05:24.762+0000] {logging_mixin.py:188} INFO - [2026-04-01T13:05:24.762+0000] {dag.py:3954} INFO - Setting next_dagrun for example_display_name to None, run_after=None
[2026-04-01T13:05:24.778+0000] {processor.py:183} INFO - Processing /home/airflow/.local/lib/python3.12/site-packages/airflow/example_dags/example_display_name.py took 0.052 seconds
[2026-04-01T13:05:54.864+0000] {processor.py:161} INFO - Started process (PID=890) to work on /home/airflow/.local/lib/python3.12/site-packages/airflow/example_dags/example_display_name.py
[2026-04-01T13:05:54.865+0000] {processor.py:830} INFO - Processing file /home/airflow/.local/lib/python3.12/site-packages/airflow/example_dags/example_display_name.py for tasks to queue
[2026-04-01T13:05:54.866+0000] {logging_mixin.py:188} INFO - [2026-04-01T13:05:54.866+0000] {dagbag.py:545} INFO - Filling up the DagBag from /home/airflow/.local/lib/python3.12/site-packages/airflow/example_dags/example_display_name.py
[2026-04-01T13:05:54.871+0000] {processor.py:840} INFO - DAG(s) 'example_display_name' retrieved from /home/airflow/.local/lib/python3.12/site-packages/airflow/example_dags/example_display_name.py
[2026-04-01T13:05:54.887+0000] {logging_mixin.py:188} INFO - [2026-04-01T13:05:54.887+0000] {dag.py:3096} INFO - Sync 1 DAGs
[2026-04-01T13:05:54.896+0000] {logging_mixin.py:188} INFO - [2026-04-01T13:05:54.896+0000] {dag.py:3954} INFO - Setting next_dagrun for example_display_name to None, run_after=None
[2026-04-01T13:05:54.912+0000] {processor.py:183} INFO - Processing /home/airflow/.local/lib/python3.12/site-packages/airflow/example_dags/example_display_name.py took 0.053 seconds
[2026-04-01T13:06:25.213+0000] {processor.py:161} INFO - Started process (PID=948) to work on /home/airflow/.local/lib/python3.12/site-packages/airflow/example_dags/example_display_name.py
[2026-04-01T13:06:25.214+0000] {processor.py:830} INFO - Processing file /home/airflow/.local/lib/python3.12/site-packages/airflow/example_dags/example_display_name.py for tasks to queue
[2026-04-01T13:06:25.216+0000] {logging_mixin.py:188} INFO - [2026-04-01T13:06:25.216+0000] {dagbag.py:545} INFO - Filling up the DagBag from /home/airflow/.local/lib/python3.12/site-packages/airflow/example_dags/example_display_name.py
[2026-04-01T13:06:25.223+0000] {processor.py:840} INFO - DAG(s) 'example_display_name' retrieved from /home/airflow/.local/lib/python3.12/site-packages/airflow/example_dags/example_display_name.py
[2026-04-01T13:06:25.237+0000] {logging_mixin.py:188} INFO - [2026-04-01T13:06:25.237+0000] {dag.py:3096} INFO - Sync 1 DAGs
[2026-04-01T13:06:25.247+0000] {logging_mixin.py:188} INFO - [2026-04-01T13:06:25.247+0000] {dag.py:3954} INFO - Setting next_dagrun for example_display_name to None, run_after=None
[2026-04-01T13:06:25.269+0000] {processor.py:183} INFO - Processing /home/airflow/.local/lib/python3.12/site-packages/airflow/example_dags/example_display_name.py took 0.060 seconds
[2026-04-01T13:06:55.494+0000] {processor.py:161} INFO - Started process (PID=1006) to work on /home/airflow/.local/lib/python3.12/site-packages/airflow/example_dags/example_display_name.py
[2026-04-01T13:06:55.495+0000] {processor.py:830} INFO - Processing file /home/airflow/.local/lib/python3.12/site-packages/airflow/example_dags/example_display_name.py for tasks to queue
[2026-04-01T13:06:55.497+0000] {logging_mixin.py:188} INFO - [2026-04-01T13:06:55.497+0000] {dagbag.py:545} INFO - Filling up the DagBag from /home/airflow/.local/lib/python3.12/site-packages/airflow/example_dags/example_display_name.py
[2026-04-01T13:06:55.503+0000] {processor.py:840} INFO - DAG(s) 'example_display_name' retrieved from /home/airflow/.local/lib/python3.12/site-packages/airflow/example_dags/example_display_name.py
[2026-04-01T13:06:55.519+0000] {logging_mixin.py:188} INFO - [2026-04-01T13:06:55.519+0000] {dag.py:3096} INFO - Sync 1 DAGs
[2026-04-01T13:06:55.529+0000] {logging_mixin.py:188} INFO - [2026-04-01T13:06:55.528+0000] {dag.py:3954} INFO - Setting next_dagrun for example_display_name to None, run_after=None
[2026-04-01T13:06:55.545+0000] {processor.py:183} INFO - Processing /home/airflow/.local/lib/python3.12/site-packages/airflow/example_dags/example_display_name.py took 0.056 seconds
[2026-04-01T13:07:25.816+0000] {processor.py:161} INFO - Started process (PID=1064) to work on /home/airflow/.local/lib/python3.12/site-packages/airflow/example_dags/example_display_name.py
[2026-04-01T13:07:25.817+0000] {processor.py:830} INFO - Processing file /home/airflow/.local/lib/python3.12/site-packages/airflow/example_dags/example_display_name.py for tasks to queue
[2026-04-01T13:07:25.819+0000] {logging_mixin.py:188} INFO - [2026-04-01T13:07:25.819+0000] {dagbag.py:545} INFO - Filling up the DagBag from /home/airflow/.local/lib/python3.12/site-packages/airflow/example_dags/example_display_name.py
[2026-04-01T13:07:25.823+0000] {processor.py:840} INFO - DAG(s) 'example_display_name' retrieved from /home/airflow/.local/lib/python3.12/site-packages/airflow/example_dags/example_display_name.py
[2026-04-01T13:07:25.837+0000] {logging_mixin.py:188} INFO - [2026-04-01T13:07:25.837+0000] {dag.py:3096} INFO - Sync 1 DAGs
[2026-04-01T13:07:25.847+0000] {logging_mixin.py:188} INFO - [2026-04-01T13:07:25.847+0000] {dag.py:3954} INFO - Setting next_dagrun for example_display_name to None, run_after=None
[2026-04-01T13:07:25.863+0000] {processor.py:183} INFO - Processing /home/airflow/.local/lib/python3.12/site-packages/airflow/example_dags/example_display_name.py took 0.053 seconds
[2026-04-01T13:07:55.952+0000] {processor.py:161} INFO - Started process (PID=1122) to work on /home/airflow/.local/lib/python3.12/site-packages/airflow/example_dags/example_display_name.py
[2026-04-01T13:07:55.953+0000] {processor.py:830} INFO - Processing file /home/airflow/.local/lib/python3.12/site-packages/airflow/example_dags/example_display_name.py for tasks to queue
[2026-04-01T13:07:55.954+0000] {logging_mixin.py:188} INFO - [2026-04-01T13:07:55.954+0000] {dagbag.py:545} INFO - Filling up the DagBag from /home/airflow/.local/lib/python3.12/site-packages/airflow/example_dags/example_display_name.py
[2026-04-01T13:07:55.959+0000] {processor.py:840} INFO - DAG(s) 'example_display_name' retrieved from /home/airflow/.local/lib/python3.12/site-packages/airflow/example_dags/example_display_name.py
[2026-04-01T13:07:55.974+0000] {logging_mixin.py:188} INFO - [2026-04-01T13:07:55.973+0000] {dag.py:3096} INFO - Sync 1 DAGs
[2026-04-01T13:07:55.984+0000] {logging_mixin.py:188} INFO - [2026-04-01T13:07:55.984+0000] {dag.py:3954} INFO - Setting next_dagrun for example_display_name to None, run_after=None
[2026-04-01T13:07:56.001+0000] {processor.py:183} INFO - Processing /home/airflow/.local/lib/python3.12/site-packages/airflow/example_dags/example_display_name.py took 0.054 seconds
[2026-04-01T13:08:26.151+0000] {processor.py:161} INFO - Started process (PID=1180) to work on /home/airflow/.local/lib/python3.12/site-packages/airflow/example_dags/example_display_name.py
[2026-04-01T13:08:26.152+0000] {processor.py:830} INFO - Processing file /home/airflow/.local/lib/python3.12/site-packages/airflow/example_dags/example_display_name.py for tasks to queue
[2026-04-01T13:08:26.153+0000] {logging_mixin.py:188} INFO - [2026-04-01T13:08:26.153+0000] {dagbag.py:545} INFO - Filling up the DagBag from /home/airflow/.local/lib/python3.12/site-packages/airflow/example_dags/example_display_name.py
[2026-04-01T13:08:26.157+0000] {processor.py:840} INFO - DAG(s) 'example_display_name' retrieved from /home/airflow/.local/lib/python3.12/site-packages/airflow/example_dags/example_display_name.py
[2026-04-01T13:08:26.171+0000] {logging_mixin.py:188} INFO - [2026-04-01T13:08:26.171+0000] {dag.py:3096} INFO - Sync 1 DAGs
[2026-04-01T13:08:26.180+0000] {logging_mixin.py:188} INFO - [2026-04-01T13:08:26.180+0000] {dag.py:3954} INFO - Setting next_dagrun for example_display_name to None, run_after=None
[2026-04-01T13:08:26.196+0000] {processor.py:183} INFO - Processing /home/airflow/.local/lib/python3.12/site-packages/airflow/example_dags/example_display_name.py took 0.050 seconds
[2026-04-01T13:08:56.588+0000] {processor.py:161} INFO - Started process (PID=1238) to work on /home/airflow/.local/lib/python3.12/site-packages/airflow/example_dags/example_display_name.py
[2026-04-01T13:08:56.589+0000] {processor.py:830} INFO - Processing file /home/airflow/.local/lib/python3.12/site-packages/airflow/example_dags/example_display_name.py for tasks to queue
[2026-04-01T13:08:56.590+0000] {logging_mixin.py:188} INFO - [2026-04-01T13:08:56.590+0000] {dagbag.py:545} INFO - Filling up the DagBag from /home/airflow/.local/lib/python3.12/site-packages/airflow/example_dags/example_display_name.py
[2026-04-01T13:08:56.595+0000] {processor.py:840} INFO - DAG(s) 'example_display_name' retrieved from /home/airflow/.local/lib/python3.12/site-packages/airflow/example_dags/example_display_name.py
[2026-04-01T13:08:56.613+0000] {logging_mixin.py:188} INFO - [2026-04-01T13:08:56.613+0000] {dag.py:3096} INFO - Sync 1 DAGs
[2026-04-01T13:08:56.624+0000] {logging_mixin.py:188} INFO - [2026-04-01T13:08:56.624+0000] {dag.py:3954} INFO - Setting next_dagrun for example_display_name to None, run_after=None
[2026-04-01T13:08:56.641+0000] {processor.py:183} INFO - Processing /home/airflow/.local/lib/python3.12/site-packages/airflow/example_dags/example_display_name.py took 0.058 seconds
[2026-04-01T13:09:26.884+0000] {processor.py:161} INFO - Started process (PID=1295) to work on /home/airflow/.local/lib/python3.12/site-packages/airflow/example_dags/example_display_name.py
[2026-04-01T13:09:26.885+0000] {processor.py:830} INFO - Processing file /home/airflow/.local/lib/python3.12/site-packages/airflow/example_dags/example_display_name.py for tasks to queue
[2026-04-01T13:09:26.887+0000] {logging_mixin.py:188} INFO - [2026-04-01T13:09:26.887+0000] {dagbag.py:545} INFO - Filling up the DagBag from /home/airflow/.local/lib/python3.12/site-packages/airflow/example_dags/example_display_name.py
[2026-04-01T13:09:26.891+0000] {processor.py:840} INFO - DAG(s) 'example_display_name' retrieved from /home/airflow/.local/lib/python3.12/site-packages/airflow/example_dags/example_display_name.py
[2026-04-01T13:09:26.905+0000] {logging_mixin.py:188} INFO - [2026-04-01T13:09:26.905+0000] {dag.py:3096} INFO - Sync 1 DAGs
[2026-04-01T13:09:26.915+0000] {logging_mixin.py:188} INFO - [2026-04-01T13:09:26.915+0000] {dag.py:3954} INFO - Setting next_dagrun for example_display_name to None, run_after=None
[2026-04-01T13:09:26.929+0000] {processor.py:183} INFO - Processing /home/airflow/.local/lib/python3.12/site-packages/airflow/example_dags/example_display_name.py took 0.049 seconds
[2026-04-01T13:09:57.291+0000] {processor.py:161} INFO - Started process (PID=1353) to work on /home/airflow/.local/lib/python3.12/site-packages/airflow/example_dags/example_display_name.py
[2026-04-01T13:09:57.292+0000] {processor.py:830} INFO - Processing file /home/airflow/.local/lib/python3.12/site-packages/airflow/example_dags/example_display_name.py for tasks to queue
[2026-04-01T13:09:57.294+0000] {logging_mixin.py:188} INFO - [2026-04-01T13:09:57.293+0000] {dagbag.py:545} INFO - Filling up the DagBag from /home/airflow/.local/lib/python3.12/site-packages/airflow/example_dags/example_display_name.py
[2026-04-01T13:09:57.299+0000] {processor.py:840} INFO - DAG(s) 'example_display_name' retrieved from /home/airflow/.local/lib/python3.12/site-packages/airflow/example_dags/example_display_name.py
[2026-04-01T13:09:57.314+0000] {logging_mixin.py:188} INFO - [2026-04-01T13:09:57.314+0000] {dag.py:3096} INFO - Sync 1 DAGs
[2026-04-01T13:09:57.327+0000] {logging_mixin.py:188} INFO - [2026-04-01T13:09:57.327+0000] {dag.py:3954} INFO - Setting next_dagrun for example_display_name to None, run_after=None
[2026-04-01T13:09:57.346+0000] {processor.py:183} INFO - Processing /home/airflow/.local/lib/python3.12/site-packages/airflow/example_dags/example_display_name.py took 0.059 seconds
[2026-04-01T13:10:27.442+0000] {processor.py:161} INFO - Started process (PID=1411) to work on /home/airflow/.local/lib/python3.12/site-packages/airflow/example_dags/example_display_name.py
[2026-04-01T13:10:27.443+0000] {processor.py:830} INFO - Processing file /home/airflow/.local/lib/python3.12/site-packages/airflow/example_dags/example_display_name.py for tasks to queue
[2026-04-01T13:10:27.444+0000] {logging_mixin.py:188} INFO - [2026-04-01T13:10:27.444+0000] {dagbag.py:545} INFO - Filling up the DagBag from /home/airflow/.local/lib/python3.12/site-packages/airflow/example_dags/example_display_name.py
[2026-04-01T13:10:27.449+0000] {processor.py:840} INFO - DAG(s) 'example_display_name' retrieved from /home/airflow/.local/lib/python3.12/site-packages/airflow/example_dags/example_display_name.py
[2026-04-01T13:10:27.462+0000] {logging_mixin.py:188} INFO - [2026-04-01T13:10:27.462+0000] {dag.py:3096} INFO - Sync 1 DAGs
[2026-04-01T13:10:27.472+0000] {logging_mixin.py:188} INFO - [2026-04-01T13:10:27.472+0000] {dag.py:3954} INFO - Setting next_dagrun for example_display_name to None, run_after=None
[2026-04-01T13:10:27.489+0000] {processor.py:183} INFO - Processing /home/airflow/.local/lib/python3.12/site-packages/airflow/example_dags/example_display_name.py took 0.051 seconds
[2026-04-01T13:10:58.062+0000] {processor.py:161} INFO - Started process (PID=1469) to work on /home/airflow/.local/lib/python3.12/site-packages/airflow/example_dags/example_display_name.py
[2026-04-01T13:10:58.063+0000] {processor.py:830} INFO - Processing file /home/airflow/.local/lib/python3.12/site-packages/airflow/example_dags/example_display_name.py for tasks to queue
[2026-04-01T13:10:58.064+0000] {logging_mixin.py:188} INFO - [2026-04-01T13:10:58.064+0000] {dagbag.py:545} INFO - Filling up the DagBag from /home/airflow/.local/lib/python3.12/site-packages/airflow/example_dags/example_display_name.py
[2026-04-01T13:10:58.070+0000] {processor.py:840} INFO - DAG(s) 'example_display_name' retrieved from /home/airflow/.local/lib/python3.12/site-packages/airflow/example_dags/example_display_name.py
[2026-04-01T13:10:58.086+0000] {logging_mixin.py:188} INFO - [2026-04-01T13:10:58.086+0000] {dag.py:3096} INFO - Sync 1 DAGs
[2026-04-01T13:10:58.100+0000] {logging_mixin.py:188} INFO - [2026-04-01T13:10:58.100+0000] {dag.py:3954} INFO - Setting next_dagrun for example_display_name to None, run_after=None
[2026-04-01T13:10:58.118+0000] {processor.py:183} INFO - Processing /home/airflow/.local/lib/python3.12/site-packages/airflow/example_dags/example_display_name.py took 0.060 seconds
[2026-04-01T13:11:28.389+0000] {processor.py:161} INFO - Started process (PID=1527) to work on /home/airflow/.local/lib/python3.12/site-packages/airflow/example_dags/example_display_name.py
[2026-04-01T13:11:28.390+0000] {processor.py:830} INFO - Processing file /home/airflow/.local/lib/python3.12/site-packages/airflow/example_dags/example_display_name.py for tasks to queue
[2026-04-01T13:11:28.392+0000] {logging_mixin.py:188} INFO - [2026-04-01T13:11:28.392+0000] {dagbag.py:545} INFO - Filling up the DagBag from /home/airflow/.local/lib/python3.12/site-packages/airflow/example_dags/example_display_name.py
[2026-04-01T13:11:28.397+0000] {processor.py:840} INFO - DAG(s) 'example_display_name' retrieved from /home/airflow/.local/lib/python3.12/site-packages/airflow/example_dags/example_display_name.py
[2026-04-01T13:11:28.413+0000] {logging_mixin.py:188} INFO - [2026-04-01T13:11:28.412+0000] {dag.py:3096} INFO - Sync 1 DAGs
[2026-04-01T13:11:28.422+0000] {logging_mixin.py:188} INFO - [2026-04-01T13:11:28.422+0000] {dag.py:3954} INFO - Setting next_dagrun for example_display_name to None, run_after=None
[2026-04-01T13:11:28.438+0000] {processor.py:183} INFO - Processing /home/airflow/.local/lib/python3.12/site-packages/airflow/example_dags/example_display_name.py took 0.054 seconds
[2026-04-01T13:11:58.936+0000] {processor.py:161} INFO - Started process (PID=1585) to work on /home/airflow/.local/lib/python3.12/site-packages/airflow/example_dags/example_display_name.py
[2026-04-01T13:11:58.937+0000] {processor.py:830} INFO - Processing file /home/airflow/.local/lib/python3.12/site-packages/airflow/example_dags/example_display_name.py for tasks to queue
[2026-04-01T13:11:58.940+0000] {logging_mixin.py:188} INFO - [2026-04-01T13:11:58.940+0000] {dagbag.py:545} INFO - Filling up the DagBag from /home/airflow/.local/lib/python3.12/site-packages/airflow/example_dags/example_display_name.py
[2026-04-01T13:11:58.945+0000] {processor.py:840} INFO - DAG(s) 'example_display_name' retrieved from /home/airflow/.local/lib/python3.12/site-packages/airflow/example_dags/example_display_name.py
[2026-04-01T13:11:58.961+0000] {logging_mixin.py:188} INFO - [2026-04-01T13:11:58.961+0000] {dag.py:3096} INFO - Sync 1 DAGs
[2026-04-01T13:11:58.970+0000] {logging_mixin.py:188} INFO - [2026-04-01T13:11:58.970+0000] {dag.py:3954} INFO - Setting next_dagrun for example_display_name to None, run_after=None
[2026-04-01T13:11:58.986+0000] {processor.py:183} INFO - Processing /home/airflow/.local/lib/python3.12/site-packages/airflow/example_dags/example_display_name.py took 0.057 seconds
[2026-04-01T13:12:29.206+0000] {processor.py:161} INFO - Started process (PID=1643) to work on /home/airflow/.local/lib/python3.12/site-packages/airflow/example_dags/example_display_name.py
[2026-04-01T13:12:29.207+0000] {processor.py:830} INFO - Processing file /home/airflow/.local/lib/python3.12/site-packages/airflow/example_dags/example_display_name.py for tasks to queue
[2026-04-01T13:12:29.209+0000] {logging_mixin.py:188} INFO - [2026-04-01T13:12:29.208+0000] {dagbag.py:545} INFO - Filling up the DagBag from /home/airflow/.local/lib/python3.12/site-packages/airflow/example_dags/example_display_name.py
[2026-04-01T13:12:29.213+0000] {processor.py:840} INFO - DAG(s) 'example_display_name' retrieved from /home/airflow/.local/lib/python3.12/site-packages/airflow/example_dags/example_display_name.py
[2026-04-01T13:12:29.228+0000] {logging_mixin.py:188} INFO - [2026-04-01T13:12:29.228+0000] {dag.py:3096} INFO - Sync 1 DAGs
[2026-04-01T13:12:29.238+0000] {logging_mixin.py:188} INFO - [2026-04-01T13:12:29.238+0000] {dag.py:3954} INFO - Setting next_dagrun for example_display_name to None, run_after=None
[2026-04-01T13:12:29.254+0000] {processor.py:183} INFO - Processing /home/airflow/.local/lib/python3.12/site-packages/airflow/example_dags/example_display_name.py took 0.052 seconds
[2026-04-01T13:12:59.469+0000] {processor.py:161} INFO - Started process (PID=1701) to work on /home/airflow/.local/lib/python3.12/site-packages/airflow/example_dags/example_display_name.py
[2026-04-01T13:12:59.470+0000] {processor.py:830} INFO - Processing file /home/airflow/.local/lib/python3.12/site-packages/airflow/example_dags/example_display_name.py for tasks to queue
[2026-04-01T13:12:59.471+0000] {logging_mixin.py:188} INFO - [2026-04-01T13:12:59.471+0000] {dagbag.py:545} INFO - Filling up the DagBag from /home/airflow/.local/lib/python3.12/site-packages/airflow/example_dags/example_display_name.py
[2026-04-01T13:12:59.476+0000] {processor.py:840} INFO - DAG(s) 'example_display_name' retrieved from /home/airflow/.local/lib/python3.12/site-packages/airflow/example_dags/example_display_name.py
[2026-04-01T13:12:59.493+0000] {logging_mixin.py:188} INFO - [2026-04-01T13:12:59.493+0000] {dag.py:3096} INFO - Sync 1 DAGs
[2026-04-01T13:12:59.504+0000] {logging_mixin.py:188} INFO - [2026-04-01T13:12:59.503+0000] {dag.py:3954} INFO - Setting next_dagrun for example_display_name to None, run_after=None
[2026-04-01T13:12:59.520+0000] {processor.py:183} INFO - Processing /home/airflow/.local/lib/python3.12/site-packages/airflow/example_dags/example_display_name.py took 0.055 seconds
[2026-04-01T13:13:29.725+0000] {processor.py:161} INFO - Started process (PID=1759) to work on /home/airflow/.local/lib/python3.12/site-packages/airflow/example_dags/example_display_name.py
[2026-04-01T13:13:29.726+0000] {processor.py:830} INFO - Processing file /home/airflow/.local/lib/python3.12/site-packages/airflow/example_dags/example_display_name.py for tasks to queue
[2026-04-01T13:13:29.728+0000] {logging_mixin.py:188} INFO - [2026-04-01T13:13:29.727+0000] {dagbag.py:545} INFO - Filling up the DagBag from /home/airflow/.local/lib/python3.12/site-packages/airflow/example_dags/example_display_name.py
[2026-04-01T13:13:29.732+0000] {processor.py:840} INFO - DAG(s) 'example_display_name' retrieved from /home/airflow/.local/lib/python3.12/site-packages/airflow/example_dags/example_display_name.py
[2026-04-01T13:13:29.746+0000] {logging_mixin.py:188} INFO - [2026-04-01T13:13:29.746+0000] {dag.py:3096} INFO - Sync 1 DAGs
[2026-04-01T13:13:29.755+0000] {logging_mixin.py:188} INFO - [2026-04-01T13:13:29.755+0000] {dag.py:3954} INFO - Setting next_dagrun for example_display_name to None, run_after=None
[2026-04-01T13:13:29.771+0000] {processor.py:183} INFO - Processing /home/airflow/.local/lib/python3.12/site-packages/airflow/example_dags/example_display_name.py took 0.050 seconds
[2026-04-01T13:14:00.315+0000] {processor.py:161} INFO - Started process (PID=1817) to work on /home/airflow/.local/lib/python3.12/site-packages/airflow/example_dags/example_display_name.py
[2026-04-01T13:14:00.316+0000] {processor.py:830} INFO - Processing file /home/airflow/.local/lib/python3.12/site-packages/airflow/example_dags/example_display_name.py for tasks to queue
[2026-04-01T13:14:00.318+0000] {logging_mixin.py:188} INFO - [2026-04-01T13:14:00.317+0000] {dagbag.py:545} INFO - Filling up the DagBag from /home/airflow/.local/lib/python3.12/site-packages/airflow/example_dags/example_display_name.py
[2026-04-01T13:14:00.322+0000] {processor.py:840} INFO - DAG(s) 'example_display_name' retrieved from /home/airflow/.local/lib/python3.12/site-packages/airflow/example_dags/example_display_name.py
[2026-04-01T13:14:00.337+0000] {logging_mixin.py:188} INFO - [2026-04-01T13:14:00.337+0000] {dag.py:3096} INFO - Sync 1 DAGs
[2026-04-01T13:14:00.347+0000] {logging_mixin.py:188} INFO - [2026-04-01T13:14:00.347+0000] {dag.py:3954} INFO - Setting next_dagrun for example_display_name to None, run_after=None
[2026-04-01T13:14:00.364+0000] {processor.py:183} INFO - Processing /home/airflow/.local/lib/python3.12/site-packages/airflow/example_dags/example_display_name.py took 0.054 seconds
[2026-04-01T13:14:30.954+0000] {processor.py:161} INFO - Started process (PID=1875) to work on /home/airflow/.local/lib/python3.12/site-packages/airflow/example_dags/example_display_name.py
[2026-04-01T13:14:30.954+0000] {processor.py:830} INFO - Processing file /home/airflow/.local/lib/python3.12/site-packages/airflow/example_dags/example_display_name.py for tasks to queue
[2026-04-01T13:14:30.956+0000] {logging_mixin.py:188} INFO - [2026-04-01T13:14:30.956+0000] {dagbag.py:545} INFO - Filling up the DagBag from /home/airflow/.local/lib/python3.12/site-packages/airflow/example_dags/example_display_name.py
[2026-04-01T13:14:30.961+0000] {processor.py:840} INFO - DAG(s) 'example_display_name' retrieved from /home/airflow/.local/lib/python3.12/site-packages/airflow/example_dags/example_display_name.py
[2026-04-01T13:14:30.976+0000] {logging_mixin.py:188} INFO - [2026-04-01T13:14:30.976+0000] {dag.py:3096} INFO - Sync 1 DAGs
[2026-04-01T13:14:30.984+0000] {logging_mixin.py:188} INFO - [2026-04-01T13:14:30.984+0000] {dag.py:3954} INFO - Setting next_dagrun for example_display_name to None, run_after=None
[2026-04-01T13:14:31.002+0000] {processor.py:183} INFO - Processing /home/airflow/.local/lib/python3.12/site-packages/airflow/example_dags/example_display_name.py took 0.053 seconds
[2026-04-01T13:15:01.234+0000] {processor.py:161} INFO - Started process (PID=1933) to work on /home/airflow/.local/lib/python3.12/site-packages/airflow/example_dags/example_display_name.py
[2026-04-01T13:15:01.235+0000] {processor.py:830} INFO - Processing file /home/airflow/.local/lib/python3.12/site-packages/airflow/example_dags/example_display_name.py for tasks to queue
[2026-04-01T13:15:01.236+0000] {logging_mixin.py:188} INFO - [2026-04-01T13:15:01.236+0000] {dagbag.py:545} INFO - Filling up the DagBag from /home/airflow/.local/lib/python3.12/site-packages/airflow/example_dags/example_display_name.py
[2026-04-01T13:15:01.241+0000] {processor.py:840} INFO - DAG(s) 'example_display_name' retrieved from /home/airflow/.local/lib/python3.12/site-packages/airflow/example_dags/example_display_name.py
[2026-04-01T13:15:01.255+0000] {logging_mixin.py:188} INFO - [2026-04-01T13:15:01.255+0000] {dag.py:3096} INFO - Sync 1 DAGs
[2026-04-01T13:15:01.265+0000] {logging_mixin.py:188} INFO - [2026-04-01T13:15:01.264+0000] {dag.py:3954} INFO - Setting next_dagrun for example_display_name to None, run_after=None
[2026-04-01T13:15:01.281+0000] {processor.py:183} INFO - Processing /home/airflow/.local/lib/python3.12/site-packages/airflow/example_dags/example_display_name.py took 0.051 seconds
[2026-04-01T13:15:31.480+0000] {processor.py:161} INFO - Started process (PID=1991) to work on /home/airflow/.local/lib/python3.12/site-packages/airflow/example_dags/example_display_name.py
[2026-04-01T13:15:31.481+0000] {processor.py:830} INFO - Processing file /home/airflow/.local/lib/python3.12/site-packages/airflow/example_dags/example_display_name.py for tasks to queue
[2026-04-01T13:15:31.482+0000] {logging_mixin.py:188} INFO - [2026-04-01T13:15:31.482+0000] {dagbag.py:545} INFO - Filling up the DagBag from /home/airflow/.local/lib/python3.12/site-packages/airflow/example_dags/example_display_name.py
[2026-04-01T13:15:31.487+0000] {processor.py:840} INFO - DAG(s) 'example_display_name' retrieved from /home/airflow/.local/lib/python3.12/site-packages/airflow/example_dags/example_display_name.py
[2026-04-01T13:15:31.500+0000] {logging_mixin.py:188} INFO - [2026-04-01T13:15:31.500+0000] {dag.py:3096} INFO - Sync 1 DAGs
[2026-04-01T13:15:31.509+0000] {logging_mixin.py:188} INFO - [2026-04-01T13:15:31.509+0000] {dag.py:3954} INFO - Setting next_dagrun for example_display_name to None, run_after=None
[2026-04-01T13:15:31.526+0000] {processor.py:183} INFO - Processing /home/airflow/.local/lib/python3.12/site-packages/airflow/example_dags/example_display_name.py took 0.050 seconds
[2026-04-01T13:16:01.951+0000] {processor.py:161} INFO - Started process (PID=2049) to work on /home/airflow/.local/lib/python3.12/site-packages/airflow/example_dags/example_display_name.py
[2026-04-01T13:16:01.952+0000] {processor.py:830} INFO - Processing file /home/airflow/.local/lib/python3.12/site-packages/airflow/example_dags/example_display_name.py for tasks to queue
[2026-04-01T13:16:01.954+0000] {logging_mixin.py:188} INFO - [2026-04-01T13:16:01.953+0000] {dagbag.py:545} INFO - Filling up the DagBag from /home/airflow/.local/lib/python3.12/site-packages/airflow/example_dags/example_display_name.py
[2026-04-01T13:16:01.958+0000] {processor.py:840} INFO - DAG(s) 'example_display_name' retrieved from /home/airflow/.local/lib/python3.12/site-packages/airflow/example_dags/example_display_name.py
[2026-04-01T13:16:01.972+0000] {logging_mixin.py:188} INFO - [2026-04-01T13:16:01.972+0000] {dag.py:3096} INFO - Sync 1 DAGs
[2026-04-01T13:16:01.982+0000] {logging_mixin.py:188} INFO - [2026-04-01T13:16:01.981+0000] {dag.py:3954} INFO - Setting next_dagrun for example_display_name to None, run_after=None
[2026-04-01T13:16:01.999+0000] {processor.py:183} INFO - Processing /home/airflow/.local/lib/python3.12/site-packages/airflow/example_dags/example_display_name.py took 0.053 seconds
[2026-04-01T13:16:33.508+0000] {processor.py:161} INFO - Started process (PID=2107) to work on /home/airflow/.local/lib/python3.12/site-packages/airflow/example_dags/example_display_name.py
[2026-04-01T13:16:33.509+0000] {processor.py:830} INFO - Processing file /home/airflow/.local/lib/python3.12/site-packages/airflow/example_dags/example_display_name.py for tasks to queue
[2026-04-01T13:16:33.510+0000] {logging_mixin.py:188} INFO - [2026-04-01T13:16:33.510+0000] {dagbag.py:545} INFO - Filling up the DagBag from /home/airflow/.local/lib/python3.12/site-packages/airflow/example_dags/example_display_name.py
[2026-04-01T13:16:33.515+0000] {processor.py:840} INFO - DAG(s) 'example_display_name' retrieved from /home/airflow/.local/lib/python3.12/site-packages/airflow/example_dags/example_display_name.py
[2026-04-01T13:16:33.529+0000] {logging_mixin.py:188} INFO - [2026-04-01T13:16:33.529+0000] {dag.py:3096} INFO - Sync 1 DAGs
[2026-04-01T13:16:33.638+0000] {logging_mixin.py:188} INFO - [2026-04-01T13:16:33.638+0000] {dag.py:3954} INFO - Setting next_dagrun for example_display_name to None, run_after=None
[2026-04-01T13:16:33.653+0000] {processor.py:183} INFO - Processing /home/airflow/.local/lib/python3.12/site-packages/airflow/example_dags/example_display_name.py took 0.149 seconds
[2026-04-01T13:17:03.918+0000] {processor.py:161} INFO - Started process (PID=2165) to work on /home/airflow/.local/lib/python3.12/site-packages/airflow/example_dags/example_display_name.py
[2026-04-01T13:17:03.919+0000] {processor.py:830} INFO - Processing file /home/airflow/.local/lib/python3.12/site-packages/airflow/example_dags/example_display_name.py for tasks to queue
[2026-04-01T13:17:03.920+0000] {logging_mixin.py:188} INFO - [2026-04-01T13:17:03.920+0000] {dagbag.py:545} INFO - Filling up the DagBag from /home/airflow/.local/lib/python3.12/site-packages/airflow/example_dags/example_display_name.py
[2026-04-01T13:17:03.925+0000] {processor.py:840} INFO - DAG(s) 'example_display_name' retrieved from /home/airflow/.local/lib/python3.12/site-packages/airflow/example_dags/example_display_name.py
[2026-04-01T13:17:03.938+0000] {logging_mixin.py:188} INFO - [2026-04-01T13:17:03.938+0000] {dag.py:3096} INFO - Sync 1 DAGs
[2026-04-01T13:17:03.948+0000] {logging_mixin.py:188} INFO - [2026-04-01T13:17:03.948+0000] {dag.py:3954} INFO - Setting next_dagrun for example_display_name to None, run_after=None
[2026-04-01T13:17:03.964+0000] {processor.py:183} INFO - Processing /home/airflow/.local/lib/python3.12/site-packages/airflow/example_dags/example_display_name.py took 0.051 seconds
[2026-04-01T13:17:34.286+0000] {processor.py:161} INFO - Started process (PID=2223) to work on /home/airflow/.local/lib/python3.12/site-packages/airflow/example_dags/example_display_name.py
[2026-04-01T13:17:34.288+0000] {processor.py:830} INFO - Processing file /home/airflow/.local/lib/python3.12/site-packages/airflow/example_dags/example_display_name.py for tasks to queue
[2026-04-01T13:17:34.289+0000] {logging_mixin.py:188} INFO - [2026-04-01T13:17:34.289+0000] {dagbag.py:545} INFO - Filling up the DagBag from /home/airflow/.local/lib/python3.12/site-packages/airflow/example_dags/example_display_name.py
[2026-04-01T13:17:34.296+0000] {processor.py:840} INFO - DAG(s) 'example_display_name' retrieved from /home/airflow/.local/lib/python3.12/site-packages/airflow/example_dags/example_display_name.py
[2026-04-01T13:17:34.310+0000] {logging_mixin.py:188} INFO - [2026-04-01T13:17:34.309+0000] {dag.py:3096} INFO - Sync 1 DAGs
[2026-04-01T13:17:34.319+0000] {logging_mixin.py:188} INFO - [2026-04-01T13:17:34.318+0000] {dag.py:3954} INFO - Setting next_dagrun for example_display_name to None, run_after=None
[2026-04-01T13:17:34.333+0000] {processor.py:183} INFO - Processing /home/airflow/.local/lib/python3.12/site-packages/airflow/example_dags/example_display_name.py took 0.051 seconds
[2026-04-01T13:18:04.484+0000] {processor.py:161} INFO - Started process (PID=2281) to work on /home/airflow/.local/lib/python3.12/site-packages/airflow/example_dags/example_display_name.py
[2026-04-01T13:18:04.485+0000] {processor.py:830} INFO - Processing file /home/airflow/.local/lib/python3.12/site-packages/airflow/example_dags/example_display_name.py for tasks to queue
[2026-04-01T13:18:04.487+0000] {logging_mixin.py:188} INFO - [2026-04-01T13:18:04.486+0000] {dagbag.py:545} INFO - Filling up the DagBag from /home/airflow/.local/lib/python3.12/site-packages/airflow/example_dags/example_display_name.py
[2026-04-01T13:18:04.491+0000] {processor.py:840} INFO - DAG(s) 'example_display_name' retrieved from /home/airflow/.local/lib/python3.12/site-packages/airflow/example_dags/example_display_name.py
[2026-04-01T13:18:04.504+0000] {logging_mixin.py:188} INFO - [2026-04-01T13:18:04.504+0000] {dag.py:3096} INFO - Sync 1 DAGs
[2026-04-01T13:18:04.513+0000] {logging_mixin.py:188} INFO - [2026-04-01T13:18:04.512+0000] {dag.py:3954} INFO - Setting next_dagrun for example_display_name to None, run_after=None
[2026-04-01T13:18:04.526+0000] {processor.py:183} INFO - Processing /home/airflow/.local/lib/python3.12/site-packages/airflow/example_dags/example_display_name.py took 0.046 seconds
[2026-04-01T13:18:35.006+0000] {processor.py:161} INFO - Started process (PID=2339) to work on /home/airflow/.local/lib/python3.12/site-packages/airflow/example_dags/example_display_name.py
[2026-04-01T13:18:35.007+0000] {processor.py:830} INFO - Processing file /home/airflow/.local/lib/python3.12/site-packages/airflow/example_dags/example_display_name.py for tasks to queue
[2026-04-01T13:18:35.009+0000] {logging_mixin.py:188} INFO - [2026-04-01T13:18:35.009+0000] {dagbag.py:545} INFO - Filling up the DagBag from /home/airflow/.local/lib/python3.12/site-packages/airflow/example_dags/example_display_name.py
[2026-04-01T13:18:35.014+0000] {processor.py:840} INFO - DAG(s) 'example_display_name' retrieved from /home/airflow/.local/lib/python3.12/site-packages/airflow/example_dags/example_display_name.py
[2026-04-01T13:18:35.027+0000] {logging_mixin.py:188} INFO - [2026-04-01T13:18:35.027+0000] {dag.py:3096} INFO - Sync 1 DAGs
[2026-04-01T13:18:35.035+0000] {logging_mixin.py:188} INFO - [2026-04-01T13:18:35.035+0000] {dag.py:3954} INFO - Setting next_dagrun for example_display_name to None, run_after=None
[2026-04-01T13:18:35.051+0000] {processor.py:183} INFO - Processing /home/airflow/.local/lib/python3.12/site-packages/airflow/example_dags/example_display_name.py took 0.050 seconds
[2026-04-01T13:19:05.521+0000] {processor.py:161} INFO - Started process (PID=2397) to work on /home/airflow/.local/lib/python3.12/site-packages/airflow/example_dags/example_display_name.py
[2026-04-01T13:19:05.521+0000] {processor.py:830} INFO - Processing file /home/airflow/.local/lib/python3.12/site-packages/airflow/example_dags/example_display_name.py for tasks to queue
[2026-04-01T13:19:05.523+0000] {logging_mixin.py:188} INFO - [2026-04-01T13:19:05.523+0000] {dagbag.py:545} INFO - Filling up the DagBag from /home/airflow/.local/lib/python3.12/site-packages/airflow/example_dags/example_display_name.py
[2026-04-01T13:19:05.527+0000] {processor.py:840} INFO - DAG(s) 'example_display_name' retrieved from /home/airflow/.local/lib/python3.12/site-packages/airflow/example_dags/example_display_name.py
[2026-04-01T13:19:05.542+0000] {logging_mixin.py:188} INFO - [2026-04-01T13:19:05.542+0000] {dag.py:3096} INFO - Sync 1 DAGs
[2026-04-01T13:19:05.551+0000] {logging_mixin.py:188} INFO - [2026-04-01T13:19:05.551+0000] {dag.py:3954} INFO - Setting next_dagrun for example_display_name to None, run_after=None
[2026-04-01T13:19:05.567+0000] {processor.py:183} INFO - Processing /home/airflow/.local/lib/python3.12/site-packages/airflow/example_dags/example_display_name.py took 0.050 seconds
[2026-04-01T13:19:35.807+0000] {processor.py:161} INFO - Started process (PID=2455) to work on /home/airflow/.local/lib/python3.12/site-packages/airflow/example_dags/example_display_name.py
[2026-04-01T13:19:35.808+0000] {processor.py:830} INFO - Processing file /home/airflow/.local/lib/python3.12/site-packages/airflow/example_dags/example_display_name.py for tasks to queue
[2026-04-01T13:19:35.809+0000] {logging_mixin.py:188} INFO - [2026-04-01T13:19:35.809+0000] {dagbag.py:545} INFO - Filling up the DagBag from /home/airflow/.local/lib/python3.12/site-packages/airflow/example_dags/example_display_name.py
[2026-04-01T13:19:35.814+0000] {processor.py:840} INFO - DAG(s) 'example_display_name' retrieved from /home/airflow/.local/lib/python3.12/site-packages/airflow/example_dags/example_display_name.py
[2026-04-01T13:19:35.831+0000] {logging_mixin.py:188} INFO - [2026-04-01T13:19:35.831+0000] {dag.py:3096} INFO - Sync 1 DAGs
[2026-04-01T13:19:35.840+0000] {logging_mixin.py:188} INFO - [2026-04-01T13:19:35.840+0000] {dag.py:3954} INFO - Setting next_dagrun for example_display_name to None, run_after=None
[2026-04-01T13:19:35.857+0000] {processor.py:183} INFO - Processing /home/airflow/.local/lib/python3.12/site-packages/airflow/example_dags/example_display_name.py took 0.054 seconds
[2026-04-01T13:20:06.292+0000] {processor.py:161} INFO - Started process (PID=2513) to work on /home/airflow/.local/lib/python3.12/site-packages/airflow/example_dags/example_display_name.py
[2026-04-01T13:20:06.292+0000] {processor.py:830} INFO - Processing file /home/airflow/.local/lib/python3.12/site-packages/airflow/example_dags/example_display_name.py for tasks to queue
[2026-04-01T13:20:06.294+0000] {logging_mixin.py:188} INFO - [2026-04-01T13:20:06.294+0000] {dagbag.py:545} INFO - Filling up the DagBag from /home/airflow/.local/lib/python3.12/site-packages/airflow/example_dags/example_display_name.py
[2026-04-01T13:20:06.299+0000] {processor.py:840} INFO - DAG(s) 'example_display_name' retrieved from /home/airflow/.local/lib/python3.12/site-packages/airflow/example_dags/example_display_name.py
[2026-04-01T13:20:06.312+0000] {logging_mixin.py:188} INFO - [2026-04-01T13:20:06.312+0000] {dag.py:3096} INFO - Sync 1 DAGs
[2026-04-01T13:20:06.321+0000] {logging_mixin.py:188} INFO - [2026-04-01T13:20:06.321+0000] {dag.py:3954} INFO - Setting next_dagrun for example_display_name to None, run_after=None
[2026-04-01T13:20:06.337+0000] {processor.py:183} INFO - Processing /home/airflow/.local/lib/python3.12/site-packages/airflow/example_dags/example_display_name.py took 0.049 seconds
[2026-04-01T13:20:36.793+0000] {processor.py:161} INFO - Started process (PID=2571) to work on /home/airflow/.local/lib/python3.12/site-packages/airflow/example_dags/example_display_name.py
[2026-04-01T13:20:36.794+0000] {processor.py:830} INFO - Processing file /home/airflow/.local/lib/python3.12/site-packages/airflow/example_dags/example_display_name.py for tasks to queue
[2026-04-01T13:20:36.796+0000] {logging_mixin.py:188} INFO - [2026-04-01T13:20:36.795+0000] {dagbag.py:545} INFO - Filling up the DagBag from /home/airflow/.local/lib/python3.12/site-packages/airflow/example_dags/example_display_name.py
[2026-04-01T13:20:36.801+0000] {processor.py:840} INFO - DAG(s) 'example_display_name' retrieved from /home/airflow/.local/lib/python3.12/site-packages/airflow/example_dags/example_display_name.py
[2026-04-01T13:20:36.816+0000] {logging_mixin.py:188} INFO - [2026-04-01T13:20:36.815+0000] {dag.py:3096} INFO - Sync 1 DAGs
[2026-04-01T13:20:36.826+0000] {logging_mixin.py:188} INFO - [2026-04-01T13:20:36.826+0000] {dag.py:3954} INFO - Setting next_dagrun for example_display_name to None, run_after=None
[2026-04-01T13:20:36.844+0000] {processor.py:183} INFO - Processing /home/airflow/.local/lib/python3.12/site-packages/airflow/example_dags/example_display_name.py took 0.056 seconds
[2026-04-01T13:21:07.242+0000] {processor.py:161} INFO - Started process (PID=2629) to work on /home/airflow/.local/lib/python3.12/site-packages/airflow/example_dags/example_display_name.py
[2026-04-01T13:21:07.243+0000] {processor.py:830} INFO - Processing file /home/airflow/.local/lib/python3.12/site-packages/airflow/example_dags/example_display_name.py for tasks to queue
[2026-04-01T13:21:07.246+0000] {logging_mixin.py:188} INFO - [2026-04-01T13:21:07.245+0000] {dagbag.py:545} INFO - Filling up the DagBag from /home/airflow/.local/lib/python3.12/site-packages/airflow/example_dags/example_display_name.py
[2026-04-01T13:21:07.256+0000] {processor.py:840} INFO - DAG(s) 'example_display_name' retrieved from /home/airflow/.local/lib/python3.12/site-packages/airflow/example_dags/example_display_name.py
[2026-04-01T13:21:07.274+0000] {logging_mixin.py:188} INFO - [2026-04-01T13:21:07.274+0000] {dag.py:3096} INFO - Sync 1 DAGs
[2026-04-01T13:21:07.286+0000] {logging_mixin.py:188} INFO - [2026-04-01T13:21:07.285+0000] {dag.py:3954} INFO - Setting next_dagrun for example_display_name to None, run_after=None
[2026-04-01T13:21:07.305+0000] {processor.py:183} INFO - Processing /home/airflow/.local/lib/python3.12/site-packages/airflow/example_dags/example_display_name.py took 0.068 seconds
[2026-04-01T13:21:37.789+0000] {processor.py:161} INFO - Started process (PID=2687) to work on /home/airflow/.local/lib/python3.12/site-packages/airflow/example_dags/example_display_name.py
[2026-04-01T13:21:37.790+0000] {processor.py:830} INFO - Processing file /home/airflow/.local/lib/python3.12/site-packages/airflow/example_dags/example_display_name.py for tasks to queue
[2026-04-01T13:21:37.791+0000] {logging_mixin.py:188} INFO - [2026-04-01T13:21:37.791+0000] {dagbag.py:545} INFO - Filling up the DagBag from /home/airflow/.local/lib/python3.12/site-packages/airflow/example_dags/example_display_name.py
[2026-04-01T13:21:37.796+0000] {processor.py:840} INFO - DAG(s) 'example_display_name' retrieved from /home/airflow/.local/lib/python3.12/site-packages/airflow/example_dags/example_display_name.py
[2026-04-01T13:21:37.811+0000] {logging_mixin.py:188} INFO - [2026-04-01T13:21:37.811+0000] {dag.py:3096} INFO - Sync 1 DAGs
[2026-04-01T13:21:37.821+0000] {logging_mixin.py:188} INFO - [2026-04-01T13:21:37.821+0000] {dag.py:3954} INFO - Setting next_dagrun for example_display_name to None, run_after=None
[2026-04-01T13:21:37.837+0000] {processor.py:183} INFO - Processing /home/airflow/.local/lib/python3.12/site-packages/airflow/example_dags/example_display_name.py took 0.053 seconds
[2026-04-01T13:22:08.310+0000] {processor.py:161} INFO - Started process (PID=2745) to work on /home/airflow/.local/lib/python3.12/site-packages/airflow/example_dags/example_display_name.py
[2026-04-01T13:22:08.311+0000] {processor.py:830} INFO - Processing file /home/airflow/.local/lib/python3.12/site-packages/airflow/example_dags/example_display_name.py for tasks to queue
[2026-04-01T13:22:08.312+0000] {logging_mixin.py:188} INFO - [2026-04-01T13:22:08.312+0000] {dagbag.py:545} INFO - Filling up the DagBag from /home/airflow/.local/lib/python3.12/site-packages/airflow/example_dags/example_display_name.py
[2026-04-01T13:22:08.317+0000] {processor.py:840} INFO - DAG(s) 'example_display_name' retrieved from /home/airflow/.local/lib/python3.12/site-packages/airflow/example_dags/example_display_name.py
[2026-04-01T13:22:08.332+0000] {logging_mixin.py:188} INFO - [2026-04-01T13:22:08.331+0000] {dag.py:3096} INFO - Sync 1 DAGs
[2026-04-01T13:22:08.340+0000] {logging_mixin.py:188} INFO - [2026-04-01T13:22:08.340+0000] {dag.py:3954} INFO - Setting next_dagrun for example_display_name to None, run_after=None
[2026-04-01T13:22:08.356+0000] {processor.py:183} INFO - Processing /home/airflow/.local/lib/python3.12/site-packages/airflow/example_dags/example_display_name.py took 0.051 seconds
[2026-04-01T13:22:38.743+0000] {processor.py:161} INFO - Started process (PID=2803) to work on /home/airflow/.local/lib/python3.12/site-packages/airflow/example_dags/example_display_name.py
[2026-04-01T13:22:38.744+0000] {processor.py:830} INFO - Processing file /home/airflow/.local/lib/python3.12/site-packages/airflow/example_dags/example_display_name.py for tasks to queue
[2026-04-01T13:22:38.746+0000] {logging_mixin.py:188} INFO - [2026-04-01T13:22:38.745+0000] {dagbag.py:545} INFO - Filling up the DagBag from /home/airflow/.local/lib/python3.12/site-packages/airflow/example_dags/example_display_name.py
[2026-04-01T13:22:38.751+0000] {processor.py:840} INFO - DAG(s) 'example_display_name' retrieved from /home/airflow/.local/lib/python3.12/site-packages/airflow/example_dags/example_display_name.py
[2026-04-01T13:22:38.775+0000] {logging_mixin.py:188} INFO - [2026-04-01T13:22:38.775+0000] {dag.py:3096} INFO - Sync 1 DAGs
[2026-04-01T13:22:38.790+0000] {logging_mixin.py:188} INFO - [2026-04-01T13:22:38.790+0000] {dag.py:3954} INFO - Setting next_dagrun for example_display_name to None, run_after=None
[2026-04-01T13:22:38.812+0000] {processor.py:183} INFO - Processing /home/airflow/.local/lib/python3.12/site-packages/airflow/example_dags/example_display_name.py took 0.074 seconds
[2026-04-01T13:23:09.302+0000] {processor.py:161} INFO - Started process (PID=2861) to work on /home/airflow/.local/lib/python3.12/site-packages/airflow/example_dags/example_display_name.py
[2026-04-01T13:23:09.303+0000] {processor.py:830} INFO - Processing file /home/airflow/.local/lib/python3.12/site-packages/airflow/example_dags/example_display_name.py for tasks to queue
[2026-04-01T13:23:09.305+0000] {logging_mixin.py:188} INFO - [2026-04-01T13:23:09.304+0000] {dagbag.py:545} INFO - Filling up the DagBag from /home/airflow/.local/lib/python3.12/site-packages/airflow/example_dags/example_display_name.py
[2026-04-01T13:23:09.310+0000] {processor.py:840} INFO - DAG(s) 'example_display_name' retrieved from /home/airflow/.local/lib/python3.12/site-packages/airflow/example_dags/example_display_name.py
[2026-04-01T13:23:09.325+0000] {logging_mixin.py:188} INFO - [2026-04-01T13:23:09.325+0000] {dag.py:3096} INFO - Sync 1 DAGs
[2026-04-01T13:23:09.334+0000] {logging_mixin.py:188} INFO - [2026-04-01T13:23:09.334+0000] {dag.py:3954} INFO - Setting next_dagrun for example_display_name to None, run_after=None
[2026-04-01T13:23:09.351+0000] {processor.py:183} INFO - Processing /home/airflow/.local/lib/python3.12/site-packages/airflow/example_dags/example_display_name.py took 0.054 seconds
[2026-04-01T13:23:39.818+0000] {processor.py:161} INFO - Started process (PID=2919) to work on /home/airflow/.local/lib/python3.12/site-packages/airflow/example_dags/example_display_name.py
[2026-04-01T13:23:39.819+0000] {processor.py:830} INFO - Processing file /home/airflow/.local/lib/python3.12/site-packages/airflow/example_dags/example_display_name.py for tasks to queue
[2026-04-01T13:23:39.820+0000] {logging_mixin.py:188} INFO - [2026-04-01T13:23:39.820+0000] {dagbag.py:545} INFO - Filling up the DagBag from /home/airflow/.local/lib/python3.12/site-packages/airflow/example_dags/example_display_name.py
[2026-04-01T13:23:39.825+0000] {processor.py:840} INFO - DAG(s) 'example_display_name' retrieved from /home/airflow/.local/lib/python3.12/site-packages/airflow/example_dags/example_display_name.py
[2026-04-01T13:23:39.842+0000] {logging_mixin.py:188} INFO - [2026-04-01T13:23:39.841+0000] {dag.py:3096} INFO - Sync 1 DAGs
[2026-04-01T13:23:39.853+0000] {logging_mixin.py:188} INFO - [2026-04-01T13:23:39.853+0000] {dag.py:3954} INFO - Setting next_dagrun for example_display_name to None, run_after=None
[2026-04-01T13:23:39.874+0000] {processor.py:183} INFO - Processing /home/airflow/.local/lib/python3.12/site-packages/airflow/example_dags/example_display_name.py took 0.062 seconds
[2026-04-01T13:24:10.365+0000] {processor.py:161} INFO - Started process (PID=2978) to work on /home/airflow/.local/lib/python3.12/site-packages/airflow/example_dags/example_display_name.py
[2026-04-01T13:24:10.366+0000] {processor.py:830} INFO - Processing file /home/airflow/.local/lib/python3.12/site-packages/airflow/example_dags/example_display_name.py for tasks to queue
[2026-04-01T13:24:10.367+0000] {logging_mixin.py:188} INFO - [2026-04-01T13:24:10.367+0000] {dagbag.py:545} INFO - Filling up the DagBag from /home/airflow/.local/lib/python3.12/site-packages/airflow/example_dags/example_display_name.py
[2026-04-01T13:24:10.372+0000] {processor.py:840} INFO - DAG(s) 'example_display_name' retrieved from /home/airflow/.local/lib/python3.12/site-packages/airflow/example_dags/example_display_name.py
[2026-04-01T13:24:10.386+0000] {logging_mixin.py:188} INFO - [2026-04-01T13:24:10.386+0000] {dag.py:3096} INFO - Sync 1 DAGs
[2026-04-01T13:24:10.395+0000] {logging_mixin.py:188} INFO - [2026-04-01T13:24:10.395+0000] {dag.py:3954} INFO - Setting next_dagrun for example_display_name to None, run_after=None
[2026-04-01T13:24:10.411+0000] {processor.py:183} INFO - Processing /home/airflow/.local/lib/python3.12/site-packages/airflow/example_dags/example_display_name.py took 0.050 seconds
[2026-04-01T13:24:40.770+0000] {processor.py:161} INFO - Started process (PID=3036) to work on /home/airflow/.local/lib/python3.12/site-packages/airflow/example_dags/example_display_name.py
[2026-04-01T13:24:40.771+0000] {processor.py:830} INFO - Processing file /home/airflow/.local/lib/python3.12/site-packages/airflow/example_dags/example_display_name.py for tasks to queue
[2026-04-01T13:24:40.773+0000] {logging_mixin.py:188} INFO - [2026-04-01T13:24:40.772+0000] {dagbag.py:545} INFO - Filling up the DagBag from /home/airflow/.local/lib/python3.12/site-packages/airflow/example_dags/example_display_name.py
[2026-04-01T13:24:40.777+0000] {processor.py:840} INFO - DAG(s) 'example_display_name' retrieved from /home/airflow/.local/lib/python3.12/site-packages/airflow/example_dags/example_display_name.py
[2026-04-01T13:24:40.791+0000] {logging_mixin.py:188} INFO - [2026-04-01T13:24:40.791+0000] {dag.py:3096} INFO - Sync 1 DAGs
[2026-04-01T13:24:40.801+0000] {logging_mixin.py:188} INFO - [2026-04-01T13:24:40.801+0000] {dag.py:3954} INFO - Setting next_dagrun for example_display_name to None, run_after=None
[2026-04-01T13:24:40.819+0000] {processor.py:183} INFO - Processing /home/airflow/.local/lib/python3.12/site-packages/airflow/example_dags/example_display_name.py took 0.053 seconds
[2026-04-01T13:25:11.348+0000] {processor.py:161} INFO - Started process (PID=3095) to work on /home/airflow/.local/lib/python3.12/site-packages/airflow/example_dags/example_display_name.py
[2026-04-01T13:25:11.349+0000] {processor.py:830} INFO - Processing file /home/airflow/.local/lib/python3.12/site-packages/airflow/example_dags/example_display_name.py for tasks to queue
[2026-04-01T13:25:11.350+0000] {logging_mixin.py:188} INFO - [2026-04-01T13:25:11.350+0000] {dagbag.py:545} INFO - Filling up the DagBag from /home/airflow/.local/lib/python3.12/site-packages/airflow/example_dags/example_display_name.py
[2026-04-01T13:25:11.355+0000] {processor.py:840} INFO - DAG(s) 'example_display_name' retrieved from /home/airflow/.local/lib/python3.12/site-packages/airflow/example_dags/example_display_name.py
[2026-04-01T13:25:11.370+0000] {logging_mixin.py:188} INFO - [2026-04-01T13:25:11.370+0000] {dag.py:3096} INFO - Sync 1 DAGs
[2026-04-01T13:25:11.379+0000] {logging_mixin.py:188} INFO - [2026-04-01T13:25:11.379+0000] {dag.py:3954} INFO - Setting next_dagrun for example_display_name to None, run_after=None
[2026-04-01T13:25:11.396+0000] {processor.py:183} INFO - Processing /home/airflow/.local/lib/python3.12/site-packages/airflow/example_dags/example_display_name.py took 0.052 seconds
[2026-04-01T13:25:41.756+0000] {processor.py:161} INFO - Started process (PID=3154) to work on /home/airflow/.local/lib/python3.12/site-packages/airflow/example_dags/example_display_name.py
[2026-04-01T13:25:41.757+0000] {processor.py:830} INFO - Processing file /home/airflow/.local/lib/python3.12/site-packages/airflow/example_dags/example_display_name.py for tasks to queue
[2026-04-01T13:25:41.758+0000] {logging_mixin.py:188} INFO - [2026-04-01T13:25:41.758+0000] {dagbag.py:545} INFO - Filling up the DagBag from /home/airflow/.local/lib/python3.12/site-packages/airflow/example_dags/example_display_name.py
[2026-04-01T13:25:41.763+0000] {processor.py:840} INFO - DAG(s) 'example_display_name' retrieved from /home/airflow/.local/lib/python3.12/site-packages/airflow/example_dags/example_display_name.py
[2026-04-01T13:25:41.777+0000] {logging_mixin.py:188} INFO - [2026-04-01T13:25:41.777+0000] {dag.py:3096} INFO - Sync 1 DAGs
[2026-04-01T13:25:41.786+0000] {logging_mixin.py:188} INFO - [2026-04-01T13:25:41.786+0000] {dag.py:3954} INFO - Setting next_dagrun for example_display_name to None, run_after=None
[2026-04-01T13:25:41.800+0000] {processor.py:183} INFO - Processing /home/airflow/.local/lib/python3.12/site-packages/airflow/example_dags/example_display_name.py took 0.049 seconds
[2026-04-01T13:26:12.091+0000] {processor.py:161} INFO - Started process (PID=3213) to work on /home/airflow/.local/lib/python3.12/site-packages/airflow/example_dags/example_display_name.py
[2026-04-01T13:26:12.092+0000] {processor.py:830} INFO - Processing file /home/airflow/.local/lib/python3.12/site-packages/airflow/example_dags/example_display_name.py for tasks to queue
[2026-04-01T13:26:12.093+0000] {logging_mixin.py:188} INFO - [2026-04-01T13:26:12.093+0000] {dagbag.py:545} INFO - Filling up the DagBag from /home/airflow/.local/lib/python3.12/site-packages/airflow/example_dags/example_display_name.py
[2026-04-01T13:26:12.098+0000] {processor.py:840} INFO - DAG(s) 'example_display_name' retrieved from /home/airflow/.local/lib/python3.12/site-packages/airflow/example_dags/example_display_name.py
[2026-04-01T13:26:12.111+0000] {logging_mixin.py:188} INFO - [2026-04-01T13:26:12.111+0000] {dag.py:3096} INFO - Sync 1 DAGs
[2026-04-01T13:26:12.119+0000] {logging_mixin.py:188} INFO - [2026-04-01T13:26:12.119+0000] {dag.py:3954} INFO - Setting next_dagrun for example_display_name to None, run_after=None
[2026-04-01T13:26:12.132+0000] {processor.py:183} INFO - Processing /home/airflow/.local/lib/python3.12/site-packages/airflow/example_dags/example_display_name.py took 0.046 seconds
[2026-04-01T13:26:42.475+0000] {processor.py:161} INFO - Started process (PID=3272) to work on /home/airflow/.local/lib/python3.12/site-packages/airflow/example_dags/example_display_name.py
[2026-04-01T13:26:42.476+0000] {processor.py:830} INFO - Processing file /home/airflow/.local/lib/python3.12/site-packages/airflow/example_dags/example_display_name.py for tasks to queue
[2026-04-01T13:26:42.477+0000] {logging_mixin.py:188} INFO - [2026-04-01T13:26:42.477+0000] {dagbag.py:545} INFO - Filling up the DagBag from /home/airflow/.local/lib/python3.12/site-packages/airflow/example_dags/example_display_name.py
[2026-04-01T13:26:42.482+0000] {processor.py:840} INFO - DAG(s) 'example_display_name' retrieved from /home/airflow/.local/lib/python3.12/site-packages/airflow/example_dags/example_display_name.py
[2026-04-01T13:26:42.495+0000] {logging_mixin.py:188} INFO - [2026-04-01T13:26:42.495+0000] {dag.py:3096} INFO - Sync 1 DAGs
[2026-04-01T13:26:42.504+0000] {logging_mixin.py:188} INFO - [2026-04-01T13:26:42.504+0000] {dag.py:3954} INFO - Setting next_dagrun for example_display_name to None, run_after=None
[2026-04-01T13:26:42.520+0000] {processor.py:183} INFO - Processing /home/airflow/.local/lib/python3.12/site-packages/airflow/example_dags/example_display_name.py took 0.050 seconds
[2026-04-01T13:27:12.927+0000] {processor.py:161} INFO - Started process (PID=3331) to work on /home/airflow/.local/lib/python3.12/site-packages/airflow/example_dags/example_display_name.py
[2026-04-01T13:27:12.928+0000] {processor.py:830} INFO - Processing file /home/airflow/.local/lib/python3.12/site-packages/airflow/example_dags/example_display_name.py for tasks to queue
[2026-04-01T13:27:12.930+0000] {logging_mixin.py:188} INFO - [2026-04-01T13:27:12.930+0000] {dagbag.py:545} INFO - Filling up the DagBag from /home/airflow/.local/lib/python3.12/site-packages/airflow/example_dags/example_display_name.py
[2026-04-01T13:27:12.935+0000] {processor.py:840} INFO - DAG(s) 'example_display_name' retrieved from /home/airflow/.local/lib/python3.12/site-packages/airflow/example_dags/example_display_name.py
[2026-04-01T13:27:12.948+0000] {logging_mixin.py:188} INFO - [2026-04-01T13:27:12.948+0000] {dag.py:3096} INFO - Sync 1 DAGs
[2026-04-01T13:27:12.957+0000] {logging_mixin.py:188} INFO - [2026-04-01T13:27:12.957+0000] {dag.py:3954} INFO - Setting next_dagrun for example_display_name to None, run_after=None
[2026-04-01T13:27:12.972+0000] {processor.py:183} INFO - Processing /home/airflow/.local/lib/python3.12/site-packages/airflow/example_dags/example_display_name.py took 0.050 seconds
[2026-04-01T13:27:43.733+0000] {processor.py:161} INFO - Started process (PID=3390) to work on /home/airflow/.local/lib/python3.12/site-packages/airflow/example_dags/example_display_name.py
[2026-04-01T13:27:43.734+0000] {processor.py:830} INFO - Processing file /home/airflow/.local/lib/python3.12/site-packages/airflow/example_dags/example_display_name.py for tasks to queue
[2026-04-01T13:27:43.735+0000] {logging_mixin.py:188} INFO - [2026-04-01T13:27:43.735+0000] {dagbag.py:545} INFO - Filling up the DagBag from /home/airflow/.local/lib/python3.12/site-packages/airflow/example_dags/example_display_name.py
[2026-04-01T13:27:43.741+0000] {processor.py:840} INFO - DAG(s) 'example_display_name' retrieved from /home/airflow/.local/lib/python3.12/site-packages/airflow/example_dags/example_display_name.py
[2026-04-01T13:27:43.757+0000] {logging_mixin.py:188} INFO - [2026-04-01T13:27:43.757+0000] {dag.py:3096} INFO - Sync 1 DAGs
[2026-04-01T13:27:43.770+0000] {logging_mixin.py:188} INFO - [2026-04-01T13:27:43.769+0000] {dag.py:3954} INFO - Setting next_dagrun for example_display_name to None, run_after=None
[2026-04-01T13:27:43.787+0000] {processor.py:183} INFO - Processing /home/airflow/.local/lib/python3.12/site-packages/airflow/example_dags/example_display_name.py took 0.060 seconds
[2026-04-01T13:28:14.080+0000] {processor.py:161} INFO - Started process (PID=3449) to work on /home/airflow/.local/lib/python3.12/site-packages/airflow/example_dags/example_display_name.py
[2026-04-01T13:28:14.080+0000] {processor.py:830} INFO - Processing file /home/airflow/.local/lib/python3.12/site-packages/airflow/example_dags/example_display_name.py for tasks to queue
[2026-04-01T13:28:14.082+0000] {logging_mixin.py:188} INFO - [2026-04-01T13:28:14.082+0000] {dagbag.py:545} INFO - Filling up the DagBag from /home/airflow/.local/lib/python3.12/site-packages/airflow/example_dags/example_display_name.py
[2026-04-01T13:28:14.087+0000] {processor.py:840} INFO - DAG(s) 'example_display_name' retrieved from /home/airflow/.local/lib/python3.12/site-packages/airflow/example_dags/example_display_name.py
[2026-04-01T13:28:14.104+0000] {logging_mixin.py:188} INFO - [2026-04-01T13:28:14.104+0000] {dag.py:3096} INFO - Sync 1 DAGs
[2026-04-01T13:28:14.113+0000] {logging_mixin.py:188} INFO - [2026-04-01T13:28:14.112+0000] {dag.py:3954} INFO - Setting next_dagrun for example_display_name to None, run_after=None
[2026-04-01T13:28:14.128+0000] {processor.py:183} INFO - Processing /home/airflow/.local/lib/python3.12/site-packages/airflow/example_dags/example_display_name.py took 0.053 seconds
[2026-04-01T13:28:44.478+0000] {processor.py:161} INFO - Started process (PID=3508) to work on /home/airflow/.local/lib/python3.12/site-packages/airflow/example_dags/example_display_name.py
[2026-04-01T13:28:44.479+0000] {processor.py:830} INFO - Processing file /home/airflow/.local/lib/python3.12/site-packages/airflow/example_dags/example_display_name.py for tasks to queue
[2026-04-01T13:28:44.480+0000] {logging_mixin.py:188} INFO - [2026-04-01T13:28:44.480+0000] {dagbag.py:545} INFO - Filling up the DagBag from /home/airflow/.local/lib/python3.12/site-packages/airflow/example_dags/example_display_name.py
[2026-04-01T13:28:44.485+0000] {processor.py:840} INFO - DAG(s) 'example_display_name' retrieved from /home/airflow/.local/lib/python3.12/site-packages/airflow/example_dags/example_display_name.py
[2026-04-01T13:28:44.499+0000] {logging_mixin.py:188} INFO - [2026-04-01T13:28:44.499+0000] {dag.py:3096} INFO - Sync 1 DAGs
[2026-04-01T13:28:44.509+0000] {logging_mixin.py:188} INFO - [2026-04-01T13:28:44.509+0000] {dag.py:3954} INFO - Setting next_dagrun for example_display_name to None, run_after=None
[2026-04-01T13:28:44.524+0000] {processor.py:183} INFO - Processing /home/airflow/.local/lib/python3.12/site-packages/airflow/example_dags/example_display_name.py took 0.051 seconds
[2026-04-01T13:29:14.930+0000] {processor.py:161} INFO - Started process (PID=3567) to work on /home/airflow/.local/lib/python3.12/site-packages/airflow/example_dags/example_display_name.py
[2026-04-01T13:29:14.931+0000] {processor.py:830} INFO - Processing file /home/airflow/.local/lib/python3.12/site-packages/airflow/example_dags/example_display_name.py for tasks to queue
[2026-04-01T13:29:14.932+0000] {logging_mixin.py:188} INFO - [2026-04-01T13:29:14.932+0000] {dagbag.py:545} INFO - Filling up the DagBag from /home/airflow/.local/lib/python3.12/site-packages/airflow/example_dags/example_display_name.py
[2026-04-01T13:29:14.937+0000] {processor.py:840} INFO - DAG(s) 'example_display_name' retrieved from /home/airflow/.local/lib/python3.12/site-packages/airflow/example_dags/example_display_name.py
[2026-04-01T13:29:14.953+0000] {logging_mixin.py:188} INFO - [2026-04-01T13:29:14.952+0000] {dag.py:3096} INFO - Sync 1 DAGs
[2026-04-01T13:29:14.961+0000] {logging_mixin.py:188} INFO - [2026-04-01T13:29:14.961+0000] {dag.py:3954} INFO - Setting next_dagrun for example_display_name to None, run_after=None
[2026-04-01T13:29:14.977+0000] {processor.py:183} INFO - Processing /home/airflow/.local/lib/python3.12/site-packages/airflow/example_dags/example_display_name.py took 0.053 seconds
[2026-04-01T13:29:45.275+0000] {processor.py:161} INFO - Started process (PID=3626) to work on /home/airflow/.local/lib/python3.12/site-packages/airflow/example_dags/example_display_name.py
[2026-04-01T13:29:45.276+0000] {processor.py:830} INFO - Processing file /home/airflow/.local/lib/python3.12/site-packages/airflow/example_dags/example_display_name.py for tasks to queue
[2026-04-01T13:29:45.278+0000] {logging_mixin.py:188} INFO - [2026-04-01T13:29:45.277+0000] {dagbag.py:545} INFO - Filling up the DagBag from /home/airflow/.local/lib/python3.12/site-packages/airflow/example_dags/example_display_name.py
[2026-04-01T13:29:45.283+0000] {processor.py:840} INFO - DAG(s) 'example_display_name' retrieved from /home/airflow/.local/lib/python3.12/site-packages/airflow/example_dags/example_display_name.py
[2026-04-01T13:29:45.297+0000] {logging_mixin.py:188} INFO - [2026-04-01T13:29:45.297+0000] {dag.py:3096} INFO - Sync 1 DAGs
[2026-04-01T13:29:45.307+0000] {logging_mixin.py:188} INFO - [2026-04-01T13:29:45.307+0000] {dag.py:3954} INFO - Setting next_dagrun for example_display_name to None, run_after=None
[2026-04-01T13:29:45.323+0000] {processor.py:183} INFO - Processing /home/airflow/.local/lib/python3.12/site-packages/airflow/example_dags/example_display_name.py took 0.054 seconds
[2026-04-01T13:30:15.533+0000] {processor.py:161} INFO - Started process (PID=3685) to work on /home/airflow/.local/lib/python3.12/site-packages/airflow/example_dags/example_display_name.py
[2026-04-01T13:30:15.534+0000] {processor.py:830} INFO - Processing file /home/airflow/.local/lib/python3.12/site-packages/airflow/example_dags/example_display_name.py for tasks to queue
[2026-04-01T13:30:15.535+0000] {logging_mixin.py:188} INFO - [2026-04-01T13:30:15.535+0000] {dagbag.py:545} INFO - Filling up the DagBag from /home/airflow/.local/lib/python3.12/site-packages/airflow/example_dags/example_display_name.py
[2026-04-01T13:30:15.541+0000] {processor.py:840} INFO - DAG(s) 'example_display_name' retrieved from /home/airflow/.local/lib/python3.12/site-packages/airflow/example_dags/example_display_name.py
[2026-04-01T13:30:15.556+0000] {logging_mixin.py:188} INFO - [2026-04-01T13:30:15.556+0000] {dag.py:3096} INFO - Sync 1 DAGs
[2026-04-01T13:30:15.568+0000] {logging_mixin.py:188} INFO - [2026-04-01T13:30:15.567+0000] {dag.py:3954} INFO - Setting next_dagrun for example_display_name to None, run_after=None
[2026-04-01T13:30:15.584+0000] {processor.py:183} INFO - Processing /home/airflow/.local/lib/python3.12/site-packages/airflow/example_dags/example_display_name.py took 0.056 seconds
[2026-04-01T13:30:45.940+0000] {processor.py:161} INFO - Started process (PID=3744) to work on /home/airflow/.local/lib/python3.12/site-packages/airflow/example_dags/example_display_name.py
[2026-04-01T13:30:45.941+0000] {processor.py:830} INFO - Processing file /home/airflow/.local/lib/python3.12/site-packages/airflow/example_dags/example_display_name.py for tasks to queue
[2026-04-01T13:30:45.943+0000] {logging_mixin.py:188} INFO - [2026-04-01T13:30:45.942+0000] {dagbag.py:545} INFO - Filling up the DagBag from /home/airflow/.local/lib/python3.12/site-packages/airflow/example_dags/example_display_name.py
[2026-04-01T13:30:45.947+0000] {processor.py:840} INFO - DAG(s) 'example_display_name' retrieved from /home/airflow/.local/lib/python3.12/site-packages/airflow/example_dags/example_display_name.py
[2026-04-01T13:30:45.961+0000] {logging_mixin.py:188} INFO - [2026-04-01T13:30:45.961+0000] {dag.py:3096} INFO - Sync 1 DAGs
[2026-04-01T13:30:45.970+0000] {logging_mixin.py:188} INFO - [2026-04-01T13:30:45.970+0000] {dag.py:3954} INFO - Setting next_dagrun for example_display_name to None, run_after=None
[2026-04-01T13:30:45.984+0000] {processor.py:183} INFO - Processing /home/airflow/.local/lib/python3.12/site-packages/airflow/example_dags/example_display_name.py took 0.049 seconds
[2026-04-01T13:31:16.377+0000] {processor.py:161} INFO - Started process (PID=3803) to work on /home/airflow/.local/lib/python3.12/site-packages/airflow/example_dags/example_display_name.py
[2026-04-01T13:31:16.378+0000] {processor.py:830} INFO - Processing file /home/airflow/.local/lib/python3.12/site-packages/airflow/example_dags/example_display_name.py for tasks to queue
[2026-04-01T13:31:16.380+0000] {logging_mixin.py:188} INFO - [2026-04-01T13:31:16.380+0000] {dagbag.py:545} INFO - Filling up the DagBag from /home/airflow/.local/lib/python3.12/site-packages/airflow/example_dags/example_display_name.py
[2026-04-01T13:31:16.386+0000] {processor.py:840} INFO - DAG(s) 'example_display_name' retrieved from /home/airflow/.local/lib/python3.12/site-packages/airflow/example_dags/example_display_name.py
[2026-04-01T13:31:16.400+0000] {logging_mixin.py:188} INFO - [2026-04-01T13:31:16.400+0000] {dag.py:3096} INFO - Sync 1 DAGs
[2026-04-01T13:31:16.409+0000] {logging_mixin.py:188} INFO - [2026-04-01T13:31:16.408+0000] {dag.py:3954} INFO - Setting next_dagrun for example_display_name to None, run_after=None
[2026-04-01T13:31:16.427+0000] {processor.py:183} INFO - Processing /home/airflow/.local/lib/python3.12/site-packages/airflow/example_dags/example_display_name.py took 0.056 seconds
