[2026-04-01T12:58:49.806+0000] {processor.py:161} INFO - Started process (PID=60) to work on /home/airflow/.local/lib/python3.12/site-packages/airflow/example_dags/example_short_circuit_operator.py
[2026-04-01T12:58:49.808+0000] {processor.py:830} INFO - Processing file /home/airflow/.local/lib/python3.12/site-packages/airflow/example_dags/example_short_circuit_operator.py for tasks to queue
[2026-04-01T12:58:49.810+0000] {logging_mixin.py:188} INFO - [2026-04-01T12:58:49.810+0000] {dagbag.py:545} INFO - Filling up the DagBag from /home/airflow/.local/lib/python3.12/site-packages/airflow/example_dags/example_short_circuit_operator.py
[2026-04-01T12:58:49.826+0000] {processor.py:840} INFO - DAG(s) 'example_short_circuit_operator' retrieved from /home/airflow/.local/lib/python3.12/site-packages/airflow/example_dags/example_short_circuit_operator.py
[2026-04-01T12:58:49.842+0000] {logging_mixin.py:188} INFO - [2026-04-01T12:58:49.842+0000] {dag.py:3096} INFO - Sync 1 DAGs
[2026-04-01T12:58:49.873+0000] {logging_mixin.py:188} INFO - [2026-04-01T12:58:49.873+0000] {dag.py:3954} INFO - Setting next_dagrun for example_short_circuit_operator to 2026-03-31 00:00:00+00:00, run_after=2026-04-01 00:00:00+00:00
[2026-04-01T12:58:49.902+0000] {processor.py:183} INFO - Processing /home/airflow/.local/lib/python3.12/site-packages/airflow/example_dags/example_short_circuit_operator.py took 0.103 seconds
[2026-04-01T12:59:20.400+0000] {processor.py:161} INFO - Started process (PID=118) to work on /home/airflow/.local/lib/python3.12/site-packages/airflow/example_dags/example_short_circuit_operator.py
[2026-04-01T12:59:20.401+0000] {processor.py:830} INFO - Processing file /home/airflow/.local/lib/python3.12/site-packages/airflow/example_dags/example_short_circuit_operator.py for tasks to queue
[2026-04-01T12:59:20.403+0000] {logging_mixin.py:188} INFO - [2026-04-01T12:59:20.402+0000] {dagbag.py:545} INFO - Filling up the DagBag from /home/airflow/.local/lib/python3.12/site-packages/airflow/example_dags/example_short_circuit_operator.py
[2026-04-01T12:59:20.408+0000] {processor.py:840} INFO - DAG(s) 'example_short_circuit_operator' retrieved from /home/airflow/.local/lib/python3.12/site-packages/airflow/example_dags/example_short_circuit_operator.py
[2026-04-01T12:59:20.496+0000] {logging_mixin.py:188} INFO - [2026-04-01T12:59:20.496+0000] {dag.py:3096} INFO - Sync 1 DAGs
[2026-04-01T12:59:20.512+0000] {logging_mixin.py:188} INFO - [2026-04-01T12:59:20.512+0000] {dag.py:3954} INFO - Setting next_dagrun for example_short_circuit_operator to 2026-03-31 00:00:00+00:00, run_after=2026-04-01 00:00:00+00:00
[2026-04-01T12:59:20.531+0000] {processor.py:183} INFO - Processing /home/airflow/.local/lib/python3.12/site-packages/airflow/example_dags/example_short_circuit_operator.py took 0.137 seconds
[2026-04-01T12:59:51.245+0000] {processor.py:161} INFO - Started process (PID=176) to work on /home/airflow/.local/lib/python3.12/site-packages/airflow/example_dags/example_short_circuit_operator.py
[2026-04-01T12:59:51.246+0000] {processor.py:830} INFO - Processing file /home/airflow/.local/lib/python3.12/site-packages/airflow/example_dags/example_short_circuit_operator.py for tasks to queue
[2026-04-01T12:59:51.248+0000] {logging_mixin.py:188} INFO - [2026-04-01T12:59:51.247+0000] {dagbag.py:545} INFO - Filling up the DagBag from /home/airflow/.local/lib/python3.12/site-packages/airflow/example_dags/example_short_circuit_operator.py
[2026-04-01T12:59:51.253+0000] {processor.py:840} INFO - DAG(s) 'example_short_circuit_operator' retrieved from /home/airflow/.local/lib/python3.12/site-packages/airflow/example_dags/example_short_circuit_operator.py
[2026-04-01T12:59:51.270+0000] {logging_mixin.py:188} INFO - [2026-04-01T12:59:51.270+0000] {dag.py:3096} INFO - Sync 1 DAGs
[2026-04-01T12:59:51.285+0000] {logging_mixin.py:188} INFO - [2026-04-01T12:59:51.285+0000] {dag.py:3954} INFO - Setting next_dagrun for example_short_circuit_operator to 2026-03-31 00:00:00+00:00, run_after=2026-04-01 00:00:00+00:00
[2026-04-01T12:59:51.300+0000] {processor.py:183} INFO - Processing /home/airflow/.local/lib/python3.12/site-packages/airflow/example_dags/example_short_circuit_operator.py took 0.059 seconds
[2026-04-01T13:00:21.706+0000] {processor.py:161} INFO - Started process (PID=234) to work on /home/airflow/.local/lib/python3.12/site-packages/airflow/example_dags/example_short_circuit_operator.py
[2026-04-01T13:00:21.707+0000] {processor.py:830} INFO - Processing file /home/airflow/.local/lib/python3.12/site-packages/airflow/example_dags/example_short_circuit_operator.py for tasks to queue
[2026-04-01T13:00:21.708+0000] {logging_mixin.py:188} INFO - [2026-04-01T13:00:21.708+0000] {dagbag.py:545} INFO - Filling up the DagBag from /home/airflow/.local/lib/python3.12/site-packages/airflow/example_dags/example_short_circuit_operator.py
[2026-04-01T13:00:21.713+0000] {processor.py:840} INFO - DAG(s) 'example_short_circuit_operator' retrieved from /home/airflow/.local/lib/python3.12/site-packages/airflow/example_dags/example_short_circuit_operator.py
[2026-04-01T13:00:21.731+0000] {logging_mixin.py:188} INFO - [2026-04-01T13:00:21.731+0000] {dag.py:3096} INFO - Sync 1 DAGs
[2026-04-01T13:00:21.761+0000] {logging_mixin.py:188} INFO - [2026-04-01T13:00:21.760+0000] {dag.py:3954} INFO - Setting next_dagrun for example_short_circuit_operator to 2026-03-31 00:00:00+00:00, run_after=2026-04-01 00:00:00+00:00
[2026-04-01T13:00:21.789+0000] {processor.py:183} INFO - Processing /home/airflow/.local/lib/python3.12/site-packages/airflow/example_dags/example_short_circuit_operator.py took 0.087 seconds
[2026-04-01T13:00:51.866+0000] {processor.py:161} INFO - Started process (PID=292) to work on /home/airflow/.local/lib/python3.12/site-packages/airflow/example_dags/example_short_circuit_operator.py
[2026-04-01T13:00:51.867+0000] {processor.py:830} INFO - Processing file /home/airflow/.local/lib/python3.12/site-packages/airflow/example_dags/example_short_circuit_operator.py for tasks to queue
[2026-04-01T13:00:51.869+0000] {logging_mixin.py:188} INFO - [2026-04-01T13:00:51.868+0000] {dagbag.py:545} INFO - Filling up the DagBag from /home/airflow/.local/lib/python3.12/site-packages/airflow/example_dags/example_short_circuit_operator.py
[2026-04-01T13:00:51.874+0000] {processor.py:840} INFO - DAG(s) 'example_short_circuit_operator' retrieved from /home/airflow/.local/lib/python3.12/site-packages/airflow/example_dags/example_short_circuit_operator.py
[2026-04-01T13:00:51.891+0000] {logging_mixin.py:188} INFO - [2026-04-01T13:00:51.891+0000] {dag.py:3096} INFO - Sync 1 DAGs
[2026-04-01T13:00:51.907+0000] {logging_mixin.py:188} INFO - [2026-04-01T13:00:51.907+0000] {dag.py:3954} INFO - Setting next_dagrun for example_short_circuit_operator to 2026-03-31 00:00:00+00:00, run_after=2026-04-01 00:00:00+00:00
[2026-04-01T13:00:51.922+0000] {processor.py:183} INFO - Processing /home/airflow/.local/lib/python3.12/site-packages/airflow/example_dags/example_short_circuit_operator.py took 0.061 seconds
[2026-04-01T13:01:22.149+0000] {processor.py:161} INFO - Started process (PID=350) to work on /home/airflow/.local/lib/python3.12/site-packages/airflow/example_dags/example_short_circuit_operator.py
[2026-04-01T13:01:22.150+0000] {processor.py:830} INFO - Processing file /home/airflow/.local/lib/python3.12/site-packages/airflow/example_dags/example_short_circuit_operator.py for tasks to queue
[2026-04-01T13:01:22.152+0000] {logging_mixin.py:188} INFO - [2026-04-01T13:01:22.152+0000] {dagbag.py:545} INFO - Filling up the DagBag from /home/airflow/.local/lib/python3.12/site-packages/airflow/example_dags/example_short_circuit_operator.py
[2026-04-01T13:01:22.157+0000] {processor.py:840} INFO - DAG(s) 'example_short_circuit_operator' retrieved from /home/airflow/.local/lib/python3.12/site-packages/airflow/example_dags/example_short_circuit_operator.py
[2026-04-01T13:01:22.179+0000] {logging_mixin.py:188} INFO - [2026-04-01T13:01:22.179+0000] {dag.py:3096} INFO - Sync 1 DAGs
[2026-04-01T13:01:22.193+0000] {logging_mixin.py:188} INFO - [2026-04-01T13:01:22.193+0000] {dag.py:3954} INFO - Setting next_dagrun for example_short_circuit_operator to 2026-03-31 00:00:00+00:00, run_after=2026-04-01 00:00:00+00:00
[2026-04-01T13:01:22.210+0000] {processor.py:183} INFO - Processing /home/airflow/.local/lib/python3.12/site-packages/airflow/example_dags/example_short_circuit_operator.py took 0.066 seconds
[2026-04-01T13:01:52.375+0000] {processor.py:161} INFO - Started process (PID=408) to work on /home/airflow/.local/lib/python3.12/site-packages/airflow/example_dags/example_short_circuit_operator.py
[2026-04-01T13:01:52.376+0000] {processor.py:830} INFO - Processing file /home/airflow/.local/lib/python3.12/site-packages/airflow/example_dags/example_short_circuit_operator.py for tasks to queue
[2026-04-01T13:01:52.377+0000] {logging_mixin.py:188} INFO - [2026-04-01T13:01:52.377+0000] {dagbag.py:545} INFO - Filling up the DagBag from /home/airflow/.local/lib/python3.12/site-packages/airflow/example_dags/example_short_circuit_operator.py
[2026-04-01T13:01:52.384+0000] {processor.py:840} INFO - DAG(s) 'example_short_circuit_operator' retrieved from /home/airflow/.local/lib/python3.12/site-packages/airflow/example_dags/example_short_circuit_operator.py
[2026-04-01T13:01:52.402+0000] {logging_mixin.py:188} INFO - [2026-04-01T13:01:52.402+0000] {dag.py:3096} INFO - Sync 1 DAGs
[2026-04-01T13:01:52.419+0000] {logging_mixin.py:188} INFO - [2026-04-01T13:01:52.418+0000] {dag.py:3954} INFO - Setting next_dagrun for example_short_circuit_operator to 2026-03-31 00:00:00+00:00, run_after=2026-04-01 00:00:00+00:00
[2026-04-01T13:01:52.434+0000] {processor.py:183} INFO - Processing /home/airflow/.local/lib/python3.12/site-packages/airflow/example_dags/example_short_circuit_operator.py took 0.064 seconds
[2026-04-01T13:02:22.458+0000] {processor.py:161} INFO - Started process (PID=466) to work on /home/airflow/.local/lib/python3.12/site-packages/airflow/example_dags/example_short_circuit_operator.py
[2026-04-01T13:02:22.459+0000] {processor.py:830} INFO - Processing file /home/airflow/.local/lib/python3.12/site-packages/airflow/example_dags/example_short_circuit_operator.py for tasks to queue
[2026-04-01T13:02:22.461+0000] {logging_mixin.py:188} INFO - [2026-04-01T13:02:22.461+0000] {dagbag.py:545} INFO - Filling up the DagBag from /home/airflow/.local/lib/python3.12/site-packages/airflow/example_dags/example_short_circuit_operator.py
[2026-04-01T13:02:22.469+0000] {processor.py:840} INFO - DAG(s) 'example_short_circuit_operator' retrieved from /home/airflow/.local/lib/python3.12/site-packages/airflow/example_dags/example_short_circuit_operator.py
[2026-04-01T13:02:22.488+0000] {logging_mixin.py:188} INFO - [2026-04-01T13:02:22.488+0000] {dag.py:3096} INFO - Sync 1 DAGs
[2026-04-01T13:02:22.507+0000] {logging_mixin.py:188} INFO - [2026-04-01T13:02:22.507+0000] {dag.py:3954} INFO - Setting next_dagrun for example_short_circuit_operator to 2026-03-31 00:00:00+00:00, run_after=2026-04-01 00:00:00+00:00
[2026-04-01T13:02:22.527+0000] {processor.py:183} INFO - Processing /home/airflow/.local/lib/python3.12/site-packages/airflow/example_dags/example_short_circuit_operator.py took 0.075 seconds
[2026-04-01T13:02:52.762+0000] {processor.py:161} INFO - Started process (PID=524) to work on /home/airflow/.local/lib/python3.12/site-packages/airflow/example_dags/example_short_circuit_operator.py
[2026-04-01T13:02:52.762+0000] {processor.py:830} INFO - Processing file /home/airflow/.local/lib/python3.12/site-packages/airflow/example_dags/example_short_circuit_operator.py for tasks to queue
[2026-04-01T13:02:52.764+0000] {logging_mixin.py:188} INFO - [2026-04-01T13:02:52.763+0000] {dagbag.py:545} INFO - Filling up the DagBag from /home/airflow/.local/lib/python3.12/site-packages/airflow/example_dags/example_short_circuit_operator.py
[2026-04-01T13:02:52.769+0000] {processor.py:840} INFO - DAG(s) 'example_short_circuit_operator' retrieved from /home/airflow/.local/lib/python3.12/site-packages/airflow/example_dags/example_short_circuit_operator.py
[2026-04-01T13:02:52.784+0000] {logging_mixin.py:188} INFO - [2026-04-01T13:02:52.784+0000] {dag.py:3096} INFO - Sync 1 DAGs
[2026-04-01T13:02:52.799+0000] {logging_mixin.py:188} INFO - [2026-04-01T13:02:52.799+0000] {dag.py:3954} INFO - Setting next_dagrun for example_short_circuit_operator to 2026-03-31 00:00:00+00:00, run_after=2026-04-01 00:00:00+00:00
[2026-04-01T13:02:52.816+0000] {processor.py:183} INFO - Processing /home/airflow/.local/lib/python3.12/site-packages/airflow/example_dags/example_short_circuit_operator.py took 0.059 seconds
[2026-04-01T13:03:22.923+0000] {processor.py:161} INFO - Started process (PID=582) to work on /home/airflow/.local/lib/python3.12/site-packages/airflow/example_dags/example_short_circuit_operator.py
[2026-04-01T13:03:22.924+0000] {processor.py:830} INFO - Processing file /home/airflow/.local/lib/python3.12/site-packages/airflow/example_dags/example_short_circuit_operator.py for tasks to queue
[2026-04-01T13:03:22.926+0000] {logging_mixin.py:188} INFO - [2026-04-01T13:03:22.925+0000] {dagbag.py:545} INFO - Filling up the DagBag from /home/airflow/.local/lib/python3.12/site-packages/airflow/example_dags/example_short_circuit_operator.py
[2026-04-01T13:03:22.930+0000] {processor.py:840} INFO - DAG(s) 'example_short_circuit_operator' retrieved from /home/airflow/.local/lib/python3.12/site-packages/airflow/example_dags/example_short_circuit_operator.py
[2026-04-01T13:03:22.945+0000] {logging_mixin.py:188} INFO - [2026-04-01T13:03:22.945+0000] {dag.py:3096} INFO - Sync 1 DAGs
[2026-04-01T13:03:22.960+0000] {logging_mixin.py:188} INFO - [2026-04-01T13:03:22.959+0000] {dag.py:3954} INFO - Setting next_dagrun for example_short_circuit_operator to 2026-03-31 00:00:00+00:00, run_after=2026-04-01 00:00:00+00:00
[2026-04-01T13:03:22.974+0000] {processor.py:183} INFO - Processing /home/airflow/.local/lib/python3.12/site-packages/airflow/example_dags/example_short_circuit_operator.py took 0.054 seconds
[2026-04-01T13:03:53.209+0000] {processor.py:161} INFO - Started process (PID=640) to work on /home/airflow/.local/lib/python3.12/site-packages/airflow/example_dags/example_short_circuit_operator.py
[2026-04-01T13:03:53.210+0000] {processor.py:830} INFO - Processing file /home/airflow/.local/lib/python3.12/site-packages/airflow/example_dags/example_short_circuit_operator.py for tasks to queue
[2026-04-01T13:03:53.212+0000] {logging_mixin.py:188} INFO - [2026-04-01T13:03:53.211+0000] {dagbag.py:545} INFO - Filling up the DagBag from /home/airflow/.local/lib/python3.12/site-packages/airflow/example_dags/example_short_circuit_operator.py
[2026-04-01T13:03:53.218+0000] {processor.py:840} INFO - DAG(s) 'example_short_circuit_operator' retrieved from /home/airflow/.local/lib/python3.12/site-packages/airflow/example_dags/example_short_circuit_operator.py
[2026-04-01T13:03:53.235+0000] {logging_mixin.py:188} INFO - [2026-04-01T13:03:53.235+0000] {dag.py:3096} INFO - Sync 1 DAGs
[2026-04-01T13:03:53.250+0000] {logging_mixin.py:188} INFO - [2026-04-01T13:03:53.250+0000] {dag.py:3954} INFO - Setting next_dagrun for example_short_circuit_operator to 2026-03-31 00:00:00+00:00, run_after=2026-04-01 00:00:00+00:00
[2026-04-01T13:03:53.265+0000] {processor.py:183} INFO - Processing /home/airflow/.local/lib/python3.12/site-packages/airflow/example_dags/example_short_circuit_operator.py took 0.062 seconds
[2026-04-01T13:04:23.476+0000] {processor.py:161} INFO - Started process (PID=698) to work on /home/airflow/.local/lib/python3.12/site-packages/airflow/example_dags/example_short_circuit_operator.py
[2026-04-01T13:04:23.476+0000] {processor.py:830} INFO - Processing file /home/airflow/.local/lib/python3.12/site-packages/airflow/example_dags/example_short_circuit_operator.py for tasks to queue
[2026-04-01T13:04:23.478+0000] {logging_mixin.py:188} INFO - [2026-04-01T13:04:23.478+0000] {dagbag.py:545} INFO - Filling up the DagBag from /home/airflow/.local/lib/python3.12/site-packages/airflow/example_dags/example_short_circuit_operator.py
[2026-04-01T13:04:23.484+0000] {processor.py:840} INFO - DAG(s) 'example_short_circuit_operator' retrieved from /home/airflow/.local/lib/python3.12/site-packages/airflow/example_dags/example_short_circuit_operator.py
[2026-04-01T13:04:23.502+0000] {logging_mixin.py:188} INFO - [2026-04-01T13:04:23.502+0000] {dag.py:3096} INFO - Sync 1 DAGs
[2026-04-01T13:04:23.520+0000] {logging_mixin.py:188} INFO - [2026-04-01T13:04:23.520+0000] {dag.py:3954} INFO - Setting next_dagrun for example_short_circuit_operator to 2026-03-31 00:00:00+00:00, run_after=2026-04-01 00:00:00+00:00
[2026-04-01T13:04:23.536+0000] {processor.py:183} INFO - Processing /home/airflow/.local/lib/python3.12/site-packages/airflow/example_dags/example_short_circuit_operator.py took 0.065 seconds
[2026-04-01T13:04:53.783+0000] {processor.py:161} INFO - Started process (PID=756) to work on /home/airflow/.local/lib/python3.12/site-packages/airflow/example_dags/example_short_circuit_operator.py
[2026-04-01T13:04:53.784+0000] {processor.py:830} INFO - Processing file /home/airflow/.local/lib/python3.12/site-packages/airflow/example_dags/example_short_circuit_operator.py for tasks to queue
[2026-04-01T13:04:53.785+0000] {logging_mixin.py:188} INFO - [2026-04-01T13:04:53.785+0000] {dagbag.py:545} INFO - Filling up the DagBag from /home/airflow/.local/lib/python3.12/site-packages/airflow/example_dags/example_short_circuit_operator.py
[2026-04-01T13:04:53.790+0000] {processor.py:840} INFO - DAG(s) 'example_short_circuit_operator' retrieved from /home/airflow/.local/lib/python3.12/site-packages/airflow/example_dags/example_short_circuit_operator.py
[2026-04-01T13:04:53.808+0000] {logging_mixin.py:188} INFO - [2026-04-01T13:04:53.808+0000] {dag.py:3096} INFO - Sync 1 DAGs
[2026-04-01T13:04:53.823+0000] {logging_mixin.py:188} INFO - [2026-04-01T13:04:53.822+0000] {dag.py:3954} INFO - Setting next_dagrun for example_short_circuit_operator to 2026-03-31 00:00:00+00:00, run_after=2026-04-01 00:00:00+00:00
[2026-04-01T13:04:53.838+0000] {processor.py:183} INFO - Processing /home/airflow/.local/lib/python3.12/site-packages/airflow/example_dags/example_short_circuit_operator.py took 0.060 seconds
[2026-04-01T13:05:23.908+0000] {processor.py:161} INFO - Started process (PID=814) to work on /home/airflow/.local/lib/python3.12/site-packages/airflow/example_dags/example_short_circuit_operator.py
[2026-04-01T13:05:23.909+0000] {processor.py:830} INFO - Processing file /home/airflow/.local/lib/python3.12/site-packages/airflow/example_dags/example_short_circuit_operator.py for tasks to queue
[2026-04-01T13:05:23.911+0000] {logging_mixin.py:188} INFO - [2026-04-01T13:05:23.911+0000] {dagbag.py:545} INFO - Filling up the DagBag from /home/airflow/.local/lib/python3.12/site-packages/airflow/example_dags/example_short_circuit_operator.py
[2026-04-01T13:05:23.916+0000] {processor.py:840} INFO - DAG(s) 'example_short_circuit_operator' retrieved from /home/airflow/.local/lib/python3.12/site-packages/airflow/example_dags/example_short_circuit_operator.py
[2026-04-01T13:05:23.935+0000] {logging_mixin.py:188} INFO - [2026-04-01T13:05:23.935+0000] {dag.py:3096} INFO - Sync 1 DAGs
[2026-04-01T13:05:23.951+0000] {logging_mixin.py:188} INFO - [2026-04-01T13:05:23.951+0000] {dag.py:3954} INFO - Setting next_dagrun for example_short_circuit_operator to 2026-03-31 00:00:00+00:00, run_after=2026-04-01 00:00:00+00:00
[2026-04-01T13:05:23.966+0000] {processor.py:183} INFO - Processing /home/airflow/.local/lib/python3.12/site-packages/airflow/example_dags/example_short_circuit_operator.py took 0.062 seconds
[2026-04-01T13:05:54.091+0000] {processor.py:161} INFO - Started process (PID=872) to work on /home/airflow/.local/lib/python3.12/site-packages/airflow/example_dags/example_short_circuit_operator.py
[2026-04-01T13:05:54.092+0000] {processor.py:830} INFO - Processing file /home/airflow/.local/lib/python3.12/site-packages/airflow/example_dags/example_short_circuit_operator.py for tasks to queue
[2026-04-01T13:05:54.093+0000] {logging_mixin.py:188} INFO - [2026-04-01T13:05:54.093+0000] {dagbag.py:545} INFO - Filling up the DagBag from /home/airflow/.local/lib/python3.12/site-packages/airflow/example_dags/example_short_circuit_operator.py
[2026-04-01T13:05:54.098+0000] {processor.py:840} INFO - DAG(s) 'example_short_circuit_operator' retrieved from /home/airflow/.local/lib/python3.12/site-packages/airflow/example_dags/example_short_circuit_operator.py
[2026-04-01T13:05:54.114+0000] {logging_mixin.py:188} INFO - [2026-04-01T13:05:54.114+0000] {dag.py:3096} INFO - Sync 1 DAGs
[2026-04-01T13:05:54.130+0000] {logging_mixin.py:188} INFO - [2026-04-01T13:05:54.129+0000] {dag.py:3954} INFO - Setting next_dagrun for example_short_circuit_operator to 2026-03-31 00:00:00+00:00, run_after=2026-04-01 00:00:00+00:00
[2026-04-01T13:05:54.145+0000] {processor.py:183} INFO - Processing /home/airflow/.local/lib/python3.12/site-packages/airflow/example_dags/example_short_circuit_operator.py took 0.058 seconds
[2026-04-01T13:06:24.317+0000] {processor.py:161} INFO - Started process (PID=930) to work on /home/airflow/.local/lib/python3.12/site-packages/airflow/example_dags/example_short_circuit_operator.py
[2026-04-01T13:06:24.318+0000] {processor.py:830} INFO - Processing file /home/airflow/.local/lib/python3.12/site-packages/airflow/example_dags/example_short_circuit_operator.py for tasks to queue
[2026-04-01T13:06:24.322+0000] {logging_mixin.py:188} INFO - [2026-04-01T13:06:24.322+0000] {dagbag.py:545} INFO - Filling up the DagBag from /home/airflow/.local/lib/python3.12/site-packages/airflow/example_dags/example_short_circuit_operator.py
[2026-04-01T13:06:24.333+0000] {processor.py:840} INFO - DAG(s) 'example_short_circuit_operator' retrieved from /home/airflow/.local/lib/python3.12/site-packages/airflow/example_dags/example_short_circuit_operator.py
[2026-04-01T13:06:24.357+0000] {logging_mixin.py:188} INFO - [2026-04-01T13:06:24.357+0000] {dag.py:3096} INFO - Sync 1 DAGs
[2026-04-01T13:06:24.379+0000] {logging_mixin.py:188} INFO - [2026-04-01T13:06:24.379+0000] {dag.py:3954} INFO - Setting next_dagrun for example_short_circuit_operator to 2026-03-31 00:00:00+00:00, run_after=2026-04-01 00:00:00+00:00
[2026-04-01T13:06:24.396+0000] {processor.py:183} INFO - Processing /home/airflow/.local/lib/python3.12/site-packages/airflow/example_dags/example_short_circuit_operator.py took 0.087 seconds
[2026-04-01T13:06:54.521+0000] {processor.py:161} INFO - Started process (PID=988) to work on /home/airflow/.local/lib/python3.12/site-packages/airflow/example_dags/example_short_circuit_operator.py
[2026-04-01T13:06:54.522+0000] {processor.py:830} INFO - Processing file /home/airflow/.local/lib/python3.12/site-packages/airflow/example_dags/example_short_circuit_operator.py for tasks to queue
[2026-04-01T13:06:54.524+0000] {logging_mixin.py:188} INFO - [2026-04-01T13:06:54.523+0000] {dagbag.py:545} INFO - Filling up the DagBag from /home/airflow/.local/lib/python3.12/site-packages/airflow/example_dags/example_short_circuit_operator.py
[2026-04-01T13:06:54.529+0000] {processor.py:840} INFO - DAG(s) 'example_short_circuit_operator' retrieved from /home/airflow/.local/lib/python3.12/site-packages/airflow/example_dags/example_short_circuit_operator.py
[2026-04-01T13:06:54.545+0000] {logging_mixin.py:188} INFO - [2026-04-01T13:06:54.544+0000] {dag.py:3096} INFO - Sync 1 DAGs
[2026-04-01T13:06:54.559+0000] {logging_mixin.py:188} INFO - [2026-04-01T13:06:54.559+0000] {dag.py:3954} INFO - Setting next_dagrun for example_short_circuit_operator to 2026-03-31 00:00:00+00:00, run_after=2026-04-01 00:00:00+00:00
[2026-04-01T13:06:54.575+0000] {processor.py:183} INFO - Processing /home/airflow/.local/lib/python3.12/site-packages/airflow/example_dags/example_short_circuit_operator.py took 0.058 seconds
[2026-04-01T13:07:24.984+0000] {processor.py:161} INFO - Started process (PID=1046) to work on /home/airflow/.local/lib/python3.12/site-packages/airflow/example_dags/example_short_circuit_operator.py
[2026-04-01T13:07:24.985+0000] {processor.py:830} INFO - Processing file /home/airflow/.local/lib/python3.12/site-packages/airflow/example_dags/example_short_circuit_operator.py for tasks to queue
[2026-04-01T13:07:24.986+0000] {logging_mixin.py:188} INFO - [2026-04-01T13:07:24.986+0000] {dagbag.py:545} INFO - Filling up the DagBag from /home/airflow/.local/lib/python3.12/site-packages/airflow/example_dags/example_short_circuit_operator.py
[2026-04-01T13:07:24.991+0000] {processor.py:840} INFO - DAG(s) 'example_short_circuit_operator' retrieved from /home/airflow/.local/lib/python3.12/site-packages/airflow/example_dags/example_short_circuit_operator.py
[2026-04-01T13:07:25.008+0000] {logging_mixin.py:188} INFO - [2026-04-01T13:07:25.008+0000] {dag.py:3096} INFO - Sync 1 DAGs
[2026-04-01T13:07:25.023+0000] {logging_mixin.py:188} INFO - [2026-04-01T13:07:25.023+0000] {dag.py:3954} INFO - Setting next_dagrun for example_short_circuit_operator to 2026-03-31 00:00:00+00:00, run_after=2026-04-01 00:00:00+00:00
[2026-04-01T13:07:25.038+0000] {processor.py:183} INFO - Processing /home/airflow/.local/lib/python3.12/site-packages/airflow/example_dags/example_short_circuit_operator.py took 0.058 seconds
[2026-04-01T13:07:55.207+0000] {processor.py:161} INFO - Started process (PID=1104) to work on /home/airflow/.local/lib/python3.12/site-packages/airflow/example_dags/example_short_circuit_operator.py
[2026-04-01T13:07:55.208+0000] {processor.py:830} INFO - Processing file /home/airflow/.local/lib/python3.12/site-packages/airflow/example_dags/example_short_circuit_operator.py for tasks to queue
[2026-04-01T13:07:55.209+0000] {logging_mixin.py:188} INFO - [2026-04-01T13:07:55.209+0000] {dagbag.py:545} INFO - Filling up the DagBag from /home/airflow/.local/lib/python3.12/site-packages/airflow/example_dags/example_short_circuit_operator.py
[2026-04-01T13:07:55.214+0000] {processor.py:840} INFO - DAG(s) 'example_short_circuit_operator' retrieved from /home/airflow/.local/lib/python3.12/site-packages/airflow/example_dags/example_short_circuit_operator.py
[2026-04-01T13:07:55.233+0000] {logging_mixin.py:188} INFO - [2026-04-01T13:07:55.232+0000] {dag.py:3096} INFO - Sync 1 DAGs
[2026-04-01T13:07:55.249+0000] {logging_mixin.py:188} INFO - [2026-04-01T13:07:55.249+0000] {dag.py:3954} INFO - Setting next_dagrun for example_short_circuit_operator to 2026-03-31 00:00:00+00:00, run_after=2026-04-01 00:00:00+00:00
[2026-04-01T13:07:55.266+0000] {processor.py:183} INFO - Processing /home/airflow/.local/lib/python3.12/site-packages/airflow/example_dags/example_short_circuit_operator.py took 0.064 seconds
[2026-04-01T13:08:25.317+0000] {processor.py:161} INFO - Started process (PID=1162) to work on /home/airflow/.local/lib/python3.12/site-packages/airflow/example_dags/example_short_circuit_operator.py
[2026-04-01T13:08:25.318+0000] {processor.py:830} INFO - Processing file /home/airflow/.local/lib/python3.12/site-packages/airflow/example_dags/example_short_circuit_operator.py for tasks to queue
[2026-04-01T13:08:25.319+0000] {logging_mixin.py:188} INFO - [2026-04-01T13:08:25.319+0000] {dagbag.py:545} INFO - Filling up the DagBag from /home/airflow/.local/lib/python3.12/site-packages/airflow/example_dags/example_short_circuit_operator.py
[2026-04-01T13:08:25.327+0000] {processor.py:840} INFO - DAG(s) 'example_short_circuit_operator' retrieved from /home/airflow/.local/lib/python3.12/site-packages/airflow/example_dags/example_short_circuit_operator.py
[2026-04-01T13:08:25.346+0000] {logging_mixin.py:188} INFO - [2026-04-01T13:08:25.346+0000] {dag.py:3096} INFO - Sync 1 DAGs
[2026-04-01T13:08:25.366+0000] {logging_mixin.py:188} INFO - [2026-04-01T13:08:25.366+0000] {dag.py:3954} INFO - Setting next_dagrun for example_short_circuit_operator to 2026-03-31 00:00:00+00:00, run_after=2026-04-01 00:00:00+00:00
[2026-04-01T13:08:25.386+0000] {processor.py:183} INFO - Processing /home/airflow/.local/lib/python3.12/site-packages/airflow/example_dags/example_short_circuit_operator.py took 0.073 seconds
[2026-04-01T13:08:55.722+0000] {processor.py:161} INFO - Started process (PID=1220) to work on /home/airflow/.local/lib/python3.12/site-packages/airflow/example_dags/example_short_circuit_operator.py
[2026-04-01T13:08:55.723+0000] {processor.py:830} INFO - Processing file /home/airflow/.local/lib/python3.12/site-packages/airflow/example_dags/example_short_circuit_operator.py for tasks to queue
[2026-04-01T13:08:55.725+0000] {logging_mixin.py:188} INFO - [2026-04-01T13:08:55.724+0000] {dagbag.py:545} INFO - Filling up the DagBag from /home/airflow/.local/lib/python3.12/site-packages/airflow/example_dags/example_short_circuit_operator.py
[2026-04-01T13:08:55.730+0000] {processor.py:840} INFO - DAG(s) 'example_short_circuit_operator' retrieved from /home/airflow/.local/lib/python3.12/site-packages/airflow/example_dags/example_short_circuit_operator.py
[2026-04-01T13:08:55.746+0000] {logging_mixin.py:188} INFO - [2026-04-01T13:08:55.745+0000] {dag.py:3096} INFO - Sync 1 DAGs
[2026-04-01T13:08:55.761+0000] {logging_mixin.py:188} INFO - [2026-04-01T13:08:55.760+0000] {dag.py:3954} INFO - Setting next_dagrun for example_short_circuit_operator to 2026-03-31 00:00:00+00:00, run_after=2026-04-01 00:00:00+00:00
[2026-04-01T13:08:55.778+0000] {processor.py:183} INFO - Processing /home/airflow/.local/lib/python3.12/site-packages/airflow/example_dags/example_short_circuit_operator.py took 0.060 seconds
[2026-04-01T13:09:26.161+0000] {processor.py:161} INFO - Started process (PID=1278) to work on /home/airflow/.local/lib/python3.12/site-packages/airflow/example_dags/example_short_circuit_operator.py
[2026-04-01T13:09:26.162+0000] {processor.py:830} INFO - Processing file /home/airflow/.local/lib/python3.12/site-packages/airflow/example_dags/example_short_circuit_operator.py for tasks to queue
[2026-04-01T13:09:26.164+0000] {logging_mixin.py:188} INFO - [2026-04-01T13:09:26.163+0000] {dagbag.py:545} INFO - Filling up the DagBag from /home/airflow/.local/lib/python3.12/site-packages/airflow/example_dags/example_short_circuit_operator.py
[2026-04-01T13:09:26.172+0000] {processor.py:840} INFO - DAG(s) 'example_short_circuit_operator' retrieved from /home/airflow/.local/lib/python3.12/site-packages/airflow/example_dags/example_short_circuit_operator.py
[2026-04-01T13:09:26.193+0000] {logging_mixin.py:188} INFO - [2026-04-01T13:09:26.193+0000] {dag.py:3096} INFO - Sync 1 DAGs
[2026-04-01T13:09:26.211+0000] {logging_mixin.py:188} INFO - [2026-04-01T13:09:26.210+0000] {dag.py:3954} INFO - Setting next_dagrun for example_short_circuit_operator to 2026-03-31 00:00:00+00:00, run_after=2026-04-01 00:00:00+00:00
[2026-04-01T13:09:26.227+0000] {processor.py:183} INFO - Processing /home/airflow/.local/lib/python3.12/site-packages/airflow/example_dags/example_short_circuit_operator.py took 0.071 seconds
[2026-04-01T13:09:56.545+0000] {processor.py:161} INFO - Started process (PID=1336) to work on /home/airflow/.local/lib/python3.12/site-packages/airflow/example_dags/example_short_circuit_operator.py
[2026-04-01T13:09:56.545+0000] {processor.py:830} INFO - Processing file /home/airflow/.local/lib/python3.12/site-packages/airflow/example_dags/example_short_circuit_operator.py for tasks to queue
[2026-04-01T13:09:56.547+0000] {logging_mixin.py:188} INFO - [2026-04-01T13:09:56.547+0000] {dagbag.py:545} INFO - Filling up the DagBag from /home/airflow/.local/lib/python3.12/site-packages/airflow/example_dags/example_short_circuit_operator.py
[2026-04-01T13:09:56.552+0000] {processor.py:840} INFO - DAG(s) 'example_short_circuit_operator' retrieved from /home/airflow/.local/lib/python3.12/site-packages/airflow/example_dags/example_short_circuit_operator.py
[2026-04-01T13:09:56.569+0000] {logging_mixin.py:188} INFO - [2026-04-01T13:09:56.569+0000] {dag.py:3096} INFO - Sync 1 DAGs
[2026-04-01T13:09:56.591+0000] {logging_mixin.py:188} INFO - [2026-04-01T13:09:56.590+0000] {dag.py:3954} INFO - Setting next_dagrun for example_short_circuit_operator to 2026-03-31 00:00:00+00:00, run_after=2026-04-01 00:00:00+00:00
[2026-04-01T13:09:56.608+0000] {processor.py:183} INFO - Processing /home/airflow/.local/lib/python3.12/site-packages/airflow/example_dags/example_short_circuit_operator.py took 0.068 seconds
[2026-04-01T13:10:26.767+0000] {processor.py:161} INFO - Started process (PID=1394) to work on /home/airflow/.local/lib/python3.12/site-packages/airflow/example_dags/example_short_circuit_operator.py
[2026-04-01T13:10:26.768+0000] {processor.py:830} INFO - Processing file /home/airflow/.local/lib/python3.12/site-packages/airflow/example_dags/example_short_circuit_operator.py for tasks to queue
[2026-04-01T13:10:26.769+0000] {logging_mixin.py:188} INFO - [2026-04-01T13:10:26.769+0000] {dagbag.py:545} INFO - Filling up the DagBag from /home/airflow/.local/lib/python3.12/site-packages/airflow/example_dags/example_short_circuit_operator.py
[2026-04-01T13:10:26.774+0000] {processor.py:840} INFO - DAG(s) 'example_short_circuit_operator' retrieved from /home/airflow/.local/lib/python3.12/site-packages/airflow/example_dags/example_short_circuit_operator.py
[2026-04-01T13:10:26.792+0000] {logging_mixin.py:188} INFO - [2026-04-01T13:10:26.792+0000] {dag.py:3096} INFO - Sync 1 DAGs
[2026-04-01T13:10:26.810+0000] {logging_mixin.py:188} INFO - [2026-04-01T13:10:26.810+0000] {dag.py:3954} INFO - Setting next_dagrun for example_short_circuit_operator to 2026-03-31 00:00:00+00:00, run_after=2026-04-01 00:00:00+00:00
[2026-04-01T13:10:26.825+0000] {processor.py:183} INFO - Processing /home/airflow/.local/lib/python3.12/site-packages/airflow/example_dags/example_short_circuit_operator.py took 0.063 seconds
[2026-04-01T13:10:57.302+0000] {processor.py:161} INFO - Started process (PID=1452) to work on /home/airflow/.local/lib/python3.12/site-packages/airflow/example_dags/example_short_circuit_operator.py
[2026-04-01T13:10:57.304+0000] {processor.py:830} INFO - Processing file /home/airflow/.local/lib/python3.12/site-packages/airflow/example_dags/example_short_circuit_operator.py for tasks to queue
[2026-04-01T13:10:57.306+0000] {logging_mixin.py:188} INFO - [2026-04-01T13:10:57.306+0000] {dagbag.py:545} INFO - Filling up the DagBag from /home/airflow/.local/lib/python3.12/site-packages/airflow/example_dags/example_short_circuit_operator.py
[2026-04-01T13:10:57.313+0000] {processor.py:840} INFO - DAG(s) 'example_short_circuit_operator' retrieved from /home/airflow/.local/lib/python3.12/site-packages/airflow/example_dags/example_short_circuit_operator.py
[2026-04-01T13:10:57.344+0000] {logging_mixin.py:188} INFO - [2026-04-01T13:10:57.343+0000] {dag.py:3096} INFO - Sync 1 DAGs
[2026-04-01T13:10:57.364+0000] {logging_mixin.py:188} INFO - [2026-04-01T13:10:57.363+0000] {dag.py:3954} INFO - Setting next_dagrun for example_short_circuit_operator to 2026-03-31 00:00:00+00:00, run_after=2026-04-01 00:00:00+00:00
[2026-04-01T13:10:57.382+0000] {processor.py:183} INFO - Processing /home/airflow/.local/lib/python3.12/site-packages/airflow/example_dags/example_short_circuit_operator.py took 0.086 seconds
[2026-04-01T13:11:27.582+0000] {processor.py:161} INFO - Started process (PID=1510) to work on /home/airflow/.local/lib/python3.12/site-packages/airflow/example_dags/example_short_circuit_operator.py
[2026-04-01T13:11:27.583+0000] {processor.py:830} INFO - Processing file /home/airflow/.local/lib/python3.12/site-packages/airflow/example_dags/example_short_circuit_operator.py for tasks to queue
[2026-04-01T13:11:27.584+0000] {logging_mixin.py:188} INFO - [2026-04-01T13:11:27.584+0000] {dagbag.py:545} INFO - Filling up the DagBag from /home/airflow/.local/lib/python3.12/site-packages/airflow/example_dags/example_short_circuit_operator.py
[2026-04-01T13:11:27.590+0000] {processor.py:840} INFO - DAG(s) 'example_short_circuit_operator' retrieved from /home/airflow/.local/lib/python3.12/site-packages/airflow/example_dags/example_short_circuit_operator.py
[2026-04-01T13:11:27.608+0000] {logging_mixin.py:188} INFO - [2026-04-01T13:11:27.608+0000] {dag.py:3096} INFO - Sync 1 DAGs
[2026-04-01T13:11:27.624+0000] {logging_mixin.py:188} INFO - [2026-04-01T13:11:27.624+0000] {dag.py:3954} INFO - Setting next_dagrun for example_short_circuit_operator to 2026-03-31 00:00:00+00:00, run_after=2026-04-01 00:00:00+00:00
[2026-04-01T13:11:27.645+0000] {processor.py:183} INFO - Processing /home/airflow/.local/lib/python3.12/site-packages/airflow/example_dags/example_short_circuit_operator.py took 0.068 seconds
[2026-04-01T13:11:57.875+0000] {processor.py:161} INFO - Started process (PID=1568) to work on /home/airflow/.local/lib/python3.12/site-packages/airflow/example_dags/example_short_circuit_operator.py
[2026-04-01T13:11:57.876+0000] {processor.py:830} INFO - Processing file /home/airflow/.local/lib/python3.12/site-packages/airflow/example_dags/example_short_circuit_operator.py for tasks to queue
[2026-04-01T13:11:57.877+0000] {logging_mixin.py:188} INFO - [2026-04-01T13:11:57.877+0000] {dagbag.py:545} INFO - Filling up the DagBag from /home/airflow/.local/lib/python3.12/site-packages/airflow/example_dags/example_short_circuit_operator.py
[2026-04-01T13:11:57.884+0000] {processor.py:840} INFO - DAG(s) 'example_short_circuit_operator' retrieved from /home/airflow/.local/lib/python3.12/site-packages/airflow/example_dags/example_short_circuit_operator.py
[2026-04-01T13:11:57.899+0000] {logging_mixin.py:188} INFO - [2026-04-01T13:11:57.899+0000] {dag.py:3096} INFO - Sync 1 DAGs
[2026-04-01T13:11:57.913+0000] {logging_mixin.py:188} INFO - [2026-04-01T13:11:57.913+0000] {dag.py:3954} INFO - Setting next_dagrun for example_short_circuit_operator to 2026-03-31 00:00:00+00:00, run_after=2026-04-01 00:00:00+00:00
[2026-04-01T13:11:57.929+0000] {processor.py:183} INFO - Processing /home/airflow/.local/lib/python3.12/site-packages/airflow/example_dags/example_short_circuit_operator.py took 0.059 seconds
[2026-04-01T13:12:28.488+0000] {processor.py:161} INFO - Started process (PID=1626) to work on /home/airflow/.local/lib/python3.12/site-packages/airflow/example_dags/example_short_circuit_operator.py
[2026-04-01T13:12:28.489+0000] {processor.py:830} INFO - Processing file /home/airflow/.local/lib/python3.12/site-packages/airflow/example_dags/example_short_circuit_operator.py for tasks to queue
[2026-04-01T13:12:28.490+0000] {logging_mixin.py:188} INFO - [2026-04-01T13:12:28.490+0000] {dagbag.py:545} INFO - Filling up the DagBag from /home/airflow/.local/lib/python3.12/site-packages/airflow/example_dags/example_short_circuit_operator.py
[2026-04-01T13:12:28.495+0000] {processor.py:840} INFO - DAG(s) 'example_short_circuit_operator' retrieved from /home/airflow/.local/lib/python3.12/site-packages/airflow/example_dags/example_short_circuit_operator.py
[2026-04-01T13:12:28.511+0000] {logging_mixin.py:188} INFO - [2026-04-01T13:12:28.511+0000] {dag.py:3096} INFO - Sync 1 DAGs
[2026-04-01T13:12:28.526+0000] {logging_mixin.py:188} INFO - [2026-04-01T13:12:28.526+0000] {dag.py:3954} INFO - Setting next_dagrun for example_short_circuit_operator to 2026-03-31 00:00:00+00:00, run_after=2026-04-01 00:00:00+00:00
[2026-04-01T13:12:28.547+0000] {processor.py:183} INFO - Processing /home/airflow/.local/lib/python3.12/site-packages/airflow/example_dags/example_short_circuit_operator.py took 0.064 seconds
[2026-04-01T13:12:58.800+0000] {processor.py:161} INFO - Started process (PID=1684) to work on /home/airflow/.local/lib/python3.12/site-packages/airflow/example_dags/example_short_circuit_operator.py
[2026-04-01T13:12:58.801+0000] {processor.py:830} INFO - Processing file /home/airflow/.local/lib/python3.12/site-packages/airflow/example_dags/example_short_circuit_operator.py for tasks to queue
[2026-04-01T13:12:58.802+0000] {logging_mixin.py:188} INFO - [2026-04-01T13:12:58.802+0000] {dagbag.py:545} INFO - Filling up the DagBag from /home/airflow/.local/lib/python3.12/site-packages/airflow/example_dags/example_short_circuit_operator.py
[2026-04-01T13:12:58.809+0000] {processor.py:840} INFO - DAG(s) 'example_short_circuit_operator' retrieved from /home/airflow/.local/lib/python3.12/site-packages/airflow/example_dags/example_short_circuit_operator.py
[2026-04-01T13:12:58.825+0000] {logging_mixin.py:188} INFO - [2026-04-01T13:12:58.825+0000] {dag.py:3096} INFO - Sync 1 DAGs
[2026-04-01T13:12:58.841+0000] {logging_mixin.py:188} INFO - [2026-04-01T13:12:58.841+0000] {dag.py:3954} INFO - Setting next_dagrun for example_short_circuit_operator to 2026-03-31 00:00:00+00:00, run_after=2026-04-01 00:00:00+00:00
[2026-04-01T13:12:58.854+0000] {processor.py:183} INFO - Processing /home/airflow/.local/lib/python3.12/site-packages/airflow/example_dags/example_short_circuit_operator.py took 0.059 seconds
[2026-04-01T13:13:29.003+0000] {processor.py:161} INFO - Started process (PID=1742) to work on /home/airflow/.local/lib/python3.12/site-packages/airflow/example_dags/example_short_circuit_operator.py
[2026-04-01T13:13:29.003+0000] {processor.py:830} INFO - Processing file /home/airflow/.local/lib/python3.12/site-packages/airflow/example_dags/example_short_circuit_operator.py for tasks to queue
[2026-04-01T13:13:29.005+0000] {logging_mixin.py:188} INFO - [2026-04-01T13:13:29.004+0000] {dagbag.py:545} INFO - Filling up the DagBag from /home/airflow/.local/lib/python3.12/site-packages/airflow/example_dags/example_short_circuit_operator.py
[2026-04-01T13:13:29.010+0000] {processor.py:840} INFO - DAG(s) 'example_short_circuit_operator' retrieved from /home/airflow/.local/lib/python3.12/site-packages/airflow/example_dags/example_short_circuit_operator.py
[2026-04-01T13:13:29.028+0000] {logging_mixin.py:188} INFO - [2026-04-01T13:13:29.027+0000] {dag.py:3096} INFO - Sync 1 DAGs
[2026-04-01T13:13:29.044+0000] {logging_mixin.py:188} INFO - [2026-04-01T13:13:29.044+0000] {dag.py:3954} INFO - Setting next_dagrun for example_short_circuit_operator to 2026-03-31 00:00:00+00:00, run_after=2026-04-01 00:00:00+00:00
[2026-04-01T13:13:29.065+0000] {processor.py:183} INFO - Processing /home/airflow/.local/lib/python3.12/site-packages/airflow/example_dags/example_short_circuit_operator.py took 0.067 seconds
[2026-04-01T13:13:59.567+0000] {processor.py:161} INFO - Started process (PID=1800) to work on /home/airflow/.local/lib/python3.12/site-packages/airflow/example_dags/example_short_circuit_operator.py
[2026-04-01T13:13:59.568+0000] {processor.py:830} INFO - Processing file /home/airflow/.local/lib/python3.12/site-packages/airflow/example_dags/example_short_circuit_operator.py for tasks to queue
[2026-04-01T13:13:59.570+0000] {logging_mixin.py:188} INFO - [2026-04-01T13:13:59.570+0000] {dagbag.py:545} INFO - Filling up the DagBag from /home/airflow/.local/lib/python3.12/site-packages/airflow/example_dags/example_short_circuit_operator.py
[2026-04-01T13:13:59.577+0000] {processor.py:840} INFO - DAG(s) 'example_short_circuit_operator' retrieved from /home/airflow/.local/lib/python3.12/site-packages/airflow/example_dags/example_short_circuit_operator.py
[2026-04-01T13:13:59.594+0000] {logging_mixin.py:188} INFO - [2026-04-01T13:13:59.594+0000] {dag.py:3096} INFO - Sync 1 DAGs
[2026-04-01T13:13:59.610+0000] {logging_mixin.py:188} INFO - [2026-04-01T13:13:59.610+0000] {dag.py:3954} INFO - Setting next_dagrun for example_short_circuit_operator to 2026-03-31 00:00:00+00:00, run_after=2026-04-01 00:00:00+00:00
[2026-04-01T13:13:59.738+0000] {processor.py:183} INFO - Processing /home/airflow/.local/lib/python3.12/site-packages/airflow/example_dags/example_short_circuit_operator.py took 0.177 seconds
[2026-04-01T13:14:29.961+0000] {processor.py:161} INFO - Started process (PID=1858) to work on /home/airflow/.local/lib/python3.12/site-packages/airflow/example_dags/example_short_circuit_operator.py
[2026-04-01T13:14:29.962+0000] {processor.py:830} INFO - Processing file /home/airflow/.local/lib/python3.12/site-packages/airflow/example_dags/example_short_circuit_operator.py for tasks to queue
[2026-04-01T13:14:29.964+0000] {logging_mixin.py:188} INFO - [2026-04-01T13:14:29.963+0000] {dagbag.py:545} INFO - Filling up the DagBag from /home/airflow/.local/lib/python3.12/site-packages/airflow/example_dags/example_short_circuit_operator.py
[2026-04-01T13:14:29.971+0000] {processor.py:840} INFO - DAG(s) 'example_short_circuit_operator' retrieved from /home/airflow/.local/lib/python3.12/site-packages/airflow/example_dags/example_short_circuit_operator.py
[2026-04-01T13:14:29.987+0000] {logging_mixin.py:188} INFO - [2026-04-01T13:14:29.987+0000] {dag.py:3096} INFO - Sync 1 DAGs
[2026-04-01T13:14:30.003+0000] {logging_mixin.py:188} INFO - [2026-04-01T13:14:30.003+0000] {dag.py:3954} INFO - Setting next_dagrun for example_short_circuit_operator to 2026-03-31 00:00:00+00:00, run_after=2026-04-01 00:00:00+00:00
[2026-04-01T13:14:30.021+0000] {processor.py:183} INFO - Processing /home/airflow/.local/lib/python3.12/site-packages/airflow/example_dags/example_short_circuit_operator.py took 0.064 seconds
[2026-04-01T13:15:00.373+0000] {processor.py:161} INFO - Started process (PID=1916) to work on /home/airflow/.local/lib/python3.12/site-packages/airflow/example_dags/example_short_circuit_operator.py
[2026-04-01T13:15:00.374+0000] {processor.py:830} INFO - Processing file /home/airflow/.local/lib/python3.12/site-packages/airflow/example_dags/example_short_circuit_operator.py for tasks to queue
[2026-04-01T13:15:00.376+0000] {logging_mixin.py:188} INFO - [2026-04-01T13:15:00.375+0000] {dagbag.py:545} INFO - Filling up the DagBag from /home/airflow/.local/lib/python3.12/site-packages/airflow/example_dags/example_short_circuit_operator.py
[2026-04-01T13:15:00.381+0000] {processor.py:840} INFO - DAG(s) 'example_short_circuit_operator' retrieved from /home/airflow/.local/lib/python3.12/site-packages/airflow/example_dags/example_short_circuit_operator.py
[2026-04-01T13:15:00.397+0000] {logging_mixin.py:188} INFO - [2026-04-01T13:15:00.397+0000] {dag.py:3096} INFO - Sync 1 DAGs
[2026-04-01T13:15:00.412+0000] {logging_mixin.py:188} INFO - [2026-04-01T13:15:00.412+0000] {dag.py:3954} INFO - Setting next_dagrun for example_short_circuit_operator to 2026-03-31 00:00:00+00:00, run_after=2026-04-01 00:00:00+00:00
[2026-04-01T13:15:00.428+0000] {processor.py:183} INFO - Processing /home/airflow/.local/lib/python3.12/site-packages/airflow/example_dags/example_short_circuit_operator.py took 0.058 seconds
[2026-04-01T13:15:30.457+0000] {processor.py:161} INFO - Started process (PID=1974) to work on /home/airflow/.local/lib/python3.12/site-packages/airflow/example_dags/example_short_circuit_operator.py
[2026-04-01T13:15:30.458+0000] {processor.py:830} INFO - Processing file /home/airflow/.local/lib/python3.12/site-packages/airflow/example_dags/example_short_circuit_operator.py for tasks to queue
[2026-04-01T13:15:30.460+0000] {logging_mixin.py:188} INFO - [2026-04-01T13:15:30.459+0000] {dagbag.py:545} INFO - Filling up the DagBag from /home/airflow/.local/lib/python3.12/site-packages/airflow/example_dags/example_short_circuit_operator.py
[2026-04-01T13:15:30.465+0000] {processor.py:840} INFO - DAG(s) 'example_short_circuit_operator' retrieved from /home/airflow/.local/lib/python3.12/site-packages/airflow/example_dags/example_short_circuit_operator.py
[2026-04-01T13:15:30.484+0000] {logging_mixin.py:188} INFO - [2026-04-01T13:15:30.484+0000] {dag.py:3096} INFO - Sync 1 DAGs
[2026-04-01T13:15:30.500+0000] {logging_mixin.py:188} INFO - [2026-04-01T13:15:30.500+0000] {dag.py:3954} INFO - Setting next_dagrun for example_short_circuit_operator to 2026-03-31 00:00:00+00:00, run_after=2026-04-01 00:00:00+00:00
[2026-04-01T13:15:30.516+0000] {processor.py:183} INFO - Processing /home/airflow/.local/lib/python3.12/site-packages/airflow/example_dags/example_short_circuit_operator.py took 0.063 seconds
[2026-04-01T13:16:01.282+0000] {processor.py:161} INFO - Started process (PID=2032) to work on /home/airflow/.local/lib/python3.12/site-packages/airflow/example_dags/example_short_circuit_operator.py
[2026-04-01T13:16:01.282+0000] {processor.py:830} INFO - Processing file /home/airflow/.local/lib/python3.12/site-packages/airflow/example_dags/example_short_circuit_operator.py for tasks to queue
[2026-04-01T13:16:01.284+0000] {logging_mixin.py:188} INFO - [2026-04-01T13:16:01.284+0000] {dagbag.py:545} INFO - Filling up the DagBag from /home/airflow/.local/lib/python3.12/site-packages/airflow/example_dags/example_short_circuit_operator.py
[2026-04-01T13:16:01.289+0000] {processor.py:840} INFO - DAG(s) 'example_short_circuit_operator' retrieved from /home/airflow/.local/lib/python3.12/site-packages/airflow/example_dags/example_short_circuit_operator.py
[2026-04-01T13:16:01.309+0000] {logging_mixin.py:188} INFO - [2026-04-01T13:16:01.309+0000] {dag.py:3096} INFO - Sync 1 DAGs
[2026-04-01T13:16:01.325+0000] {logging_mixin.py:188} INFO - [2026-04-01T13:16:01.325+0000] {dag.py:3954} INFO - Setting next_dagrun for example_short_circuit_operator to 2026-03-31 00:00:00+00:00, run_after=2026-04-01 00:00:00+00:00
[2026-04-01T13:16:01.341+0000] {processor.py:183} INFO - Processing /home/airflow/.local/lib/python3.12/site-packages/airflow/example_dags/example_short_circuit_operator.py took 0.064 seconds
[2026-04-01T13:16:31.854+0000] {processor.py:161} INFO - Started process (PID=2090) to work on /home/airflow/.local/lib/python3.12/site-packages/airflow/example_dags/example_short_circuit_operator.py
[2026-04-01T13:16:31.855+0000] {processor.py:830} INFO - Processing file /home/airflow/.local/lib/python3.12/site-packages/airflow/example_dags/example_short_circuit_operator.py for tasks to queue
[2026-04-01T13:16:31.856+0000] {logging_mixin.py:188} INFO - [2026-04-01T13:16:31.856+0000] {dagbag.py:545} INFO - Filling up the DagBag from /home/airflow/.local/lib/python3.12/site-packages/airflow/example_dags/example_short_circuit_operator.py
[2026-04-01T13:16:31.861+0000] {processor.py:840} INFO - DAG(s) 'example_short_circuit_operator' retrieved from /home/airflow/.local/lib/python3.12/site-packages/airflow/example_dags/example_short_circuit_operator.py
[2026-04-01T13:16:31.879+0000] {logging_mixin.py:188} INFO - [2026-04-01T13:16:31.879+0000] {dag.py:3096} INFO - Sync 1 DAGs
[2026-04-01T13:16:32.008+0000] {logging_mixin.py:188} INFO - [2026-04-01T13:16:32.008+0000] {dag.py:3954} INFO - Setting next_dagrun for example_short_circuit_operator to 2026-03-31 00:00:00+00:00, run_after=2026-04-01 00:00:00+00:00
[2026-04-01T13:16:32.022+0000] {processor.py:183} INFO - Processing /home/airflow/.local/lib/python3.12/site-packages/airflow/example_dags/example_short_circuit_operator.py took 0.173 seconds
[2026-04-01T13:17:02.053+0000] {processor.py:161} INFO - Started process (PID=2148) to work on /home/airflow/.local/lib/python3.12/site-packages/airflow/example_dags/example_short_circuit_operator.py
[2026-04-01T13:17:02.054+0000] {processor.py:830} INFO - Processing file /home/airflow/.local/lib/python3.12/site-packages/airflow/example_dags/example_short_circuit_operator.py for tasks to queue
[2026-04-01T13:17:02.055+0000] {logging_mixin.py:188} INFO - [2026-04-01T13:17:02.055+0000] {dagbag.py:545} INFO - Filling up the DagBag from /home/airflow/.local/lib/python3.12/site-packages/airflow/example_dags/example_short_circuit_operator.py
[2026-04-01T13:17:02.060+0000] {processor.py:840} INFO - DAG(s) 'example_short_circuit_operator' retrieved from /home/airflow/.local/lib/python3.12/site-packages/airflow/example_dags/example_short_circuit_operator.py
[2026-04-01T13:17:02.078+0000] {logging_mixin.py:188} INFO - [2026-04-01T13:17:02.078+0000] {dag.py:3096} INFO - Sync 1 DAGs
[2026-04-01T13:17:02.112+0000] {logging_mixin.py:188} INFO - [2026-04-01T13:17:02.111+0000] {dag.py:3954} INFO - Setting next_dagrun for example_short_circuit_operator to 2026-03-31 00:00:00+00:00, run_after=2026-04-01 00:00:00+00:00
[2026-04-01T13:17:02.138+0000] {processor.py:183} INFO - Processing /home/airflow/.local/lib/python3.12/site-packages/airflow/example_dags/example_short_circuit_operator.py took 0.090 seconds
[2026-04-01T13:17:32.482+0000] {processor.py:161} INFO - Started process (PID=2206) to work on /home/airflow/.local/lib/python3.12/site-packages/airflow/example_dags/example_short_circuit_operator.py
[2026-04-01T13:17:32.483+0000] {processor.py:830} INFO - Processing file /home/airflow/.local/lib/python3.12/site-packages/airflow/example_dags/example_short_circuit_operator.py for tasks to queue
[2026-04-01T13:17:32.485+0000] {logging_mixin.py:188} INFO - [2026-04-01T13:17:32.484+0000] {dagbag.py:545} INFO - Filling up the DagBag from /home/airflow/.local/lib/python3.12/site-packages/airflow/example_dags/example_short_circuit_operator.py
[2026-04-01T13:17:32.490+0000] {processor.py:840} INFO - DAG(s) 'example_short_circuit_operator' retrieved from /home/airflow/.local/lib/python3.12/site-packages/airflow/example_dags/example_short_circuit_operator.py
[2026-04-01T13:17:32.507+0000] {logging_mixin.py:188} INFO - [2026-04-01T13:17:32.507+0000] {dag.py:3096} INFO - Sync 1 DAGs
[2026-04-01T13:17:32.522+0000] {logging_mixin.py:188} INFO - [2026-04-01T13:17:32.522+0000] {dag.py:3954} INFO - Setting next_dagrun for example_short_circuit_operator to 2026-03-31 00:00:00+00:00, run_after=2026-04-01 00:00:00+00:00
[2026-04-01T13:17:32.539+0000] {processor.py:183} INFO - Processing /home/airflow/.local/lib/python3.12/site-packages/airflow/example_dags/example_short_circuit_operator.py took 0.062 seconds
[2026-04-01T13:18:02.770+0000] {processor.py:161} INFO - Started process (PID=2264) to work on /home/airflow/.local/lib/python3.12/site-packages/airflow/example_dags/example_short_circuit_operator.py
[2026-04-01T13:18:02.770+0000] {processor.py:830} INFO - Processing file /home/airflow/.local/lib/python3.12/site-packages/airflow/example_dags/example_short_circuit_operator.py for tasks to queue
[2026-04-01T13:18:02.772+0000] {logging_mixin.py:188} INFO - [2026-04-01T13:18:02.772+0000] {dagbag.py:545} INFO - Filling up the DagBag from /home/airflow/.local/lib/python3.12/site-packages/airflow/example_dags/example_short_circuit_operator.py
[2026-04-01T13:18:02.777+0000] {processor.py:840} INFO - DAG(s) 'example_short_circuit_operator' retrieved from /home/airflow/.local/lib/python3.12/site-packages/airflow/example_dags/example_short_circuit_operator.py
[2026-04-01T13:18:02.793+0000] {logging_mixin.py:188} INFO - [2026-04-01T13:18:02.793+0000] {dag.py:3096} INFO - Sync 1 DAGs
[2026-04-01T13:18:02.809+0000] {logging_mixin.py:188} INFO - [2026-04-01T13:18:02.809+0000] {dag.py:3954} INFO - Setting next_dagrun for example_short_circuit_operator to 2026-03-31 00:00:00+00:00, run_after=2026-04-01 00:00:00+00:00
[2026-04-01T13:18:02.824+0000] {processor.py:183} INFO - Processing /home/airflow/.local/lib/python3.12/site-packages/airflow/example_dags/example_short_circuit_operator.py took 0.059 seconds
[2026-04-01T13:18:33.133+0000] {processor.py:161} INFO - Started process (PID=2322) to work on /home/airflow/.local/lib/python3.12/site-packages/airflow/example_dags/example_short_circuit_operator.py
[2026-04-01T13:18:33.134+0000] {processor.py:830} INFO - Processing file /home/airflow/.local/lib/python3.12/site-packages/airflow/example_dags/example_short_circuit_operator.py for tasks to queue
[2026-04-01T13:18:33.135+0000] {logging_mixin.py:188} INFO - [2026-04-01T13:18:33.135+0000] {dagbag.py:545} INFO - Filling up the DagBag from /home/airflow/.local/lib/python3.12/site-packages/airflow/example_dags/example_short_circuit_operator.py
[2026-04-01T13:18:33.141+0000] {processor.py:840} INFO - DAG(s) 'example_short_circuit_operator' retrieved from /home/airflow/.local/lib/python3.12/site-packages/airflow/example_dags/example_short_circuit_operator.py
[2026-04-01T13:18:33.157+0000] {logging_mixin.py:188} INFO - [2026-04-01T13:18:33.156+0000] {dag.py:3096} INFO - Sync 1 DAGs
[2026-04-01T13:18:33.171+0000] {logging_mixin.py:188} INFO - [2026-04-01T13:18:33.171+0000] {dag.py:3954} INFO - Setting next_dagrun for example_short_circuit_operator to 2026-03-31 00:00:00+00:00, run_after=2026-04-01 00:00:00+00:00
[2026-04-01T13:18:33.185+0000] {processor.py:183} INFO - Processing /home/airflow/.local/lib/python3.12/site-packages/airflow/example_dags/example_short_circuit_operator.py took 0.056 seconds
[2026-04-01T13:19:03.760+0000] {processor.py:161} INFO - Started process (PID=2380) to work on /home/airflow/.local/lib/python3.12/site-packages/airflow/example_dags/example_short_circuit_operator.py
[2026-04-01T13:19:03.761+0000] {processor.py:830} INFO - Processing file /home/airflow/.local/lib/python3.12/site-packages/airflow/example_dags/example_short_circuit_operator.py for tasks to queue
[2026-04-01T13:19:03.762+0000] {logging_mixin.py:188} INFO - [2026-04-01T13:19:03.762+0000] {dagbag.py:545} INFO - Filling up the DagBag from /home/airflow/.local/lib/python3.12/site-packages/airflow/example_dags/example_short_circuit_operator.py
[2026-04-01T13:19:03.767+0000] {processor.py:840} INFO - DAG(s) 'example_short_circuit_operator' retrieved from /home/airflow/.local/lib/python3.12/site-packages/airflow/example_dags/example_short_circuit_operator.py
[2026-04-01T13:19:03.784+0000] {logging_mixin.py:188} INFO - [2026-04-01T13:19:03.784+0000] {dag.py:3096} INFO - Sync 1 DAGs
[2026-04-01T13:19:03.800+0000] {logging_mixin.py:188} INFO - [2026-04-01T13:19:03.800+0000] {dag.py:3954} INFO - Setting next_dagrun for example_short_circuit_operator to 2026-03-31 00:00:00+00:00, run_after=2026-04-01 00:00:00+00:00
[2026-04-01T13:19:03.815+0000] {processor.py:183} INFO - Processing /home/airflow/.local/lib/python3.12/site-packages/airflow/example_dags/example_short_circuit_operator.py took 0.062 seconds
[2026-04-01T13:19:34.073+0000] {processor.py:161} INFO - Started process (PID=2438) to work on /home/airflow/.local/lib/python3.12/site-packages/airflow/example_dags/example_short_circuit_operator.py
[2026-04-01T13:19:34.074+0000] {processor.py:830} INFO - Processing file /home/airflow/.local/lib/python3.12/site-packages/airflow/example_dags/example_short_circuit_operator.py for tasks to queue
[2026-04-01T13:19:34.075+0000] {logging_mixin.py:188} INFO - [2026-04-01T13:19:34.075+0000] {dagbag.py:545} INFO - Filling up the DagBag from /home/airflow/.local/lib/python3.12/site-packages/airflow/example_dags/example_short_circuit_operator.py
[2026-04-01T13:19:34.081+0000] {processor.py:840} INFO - DAG(s) 'example_short_circuit_operator' retrieved from /home/airflow/.local/lib/python3.12/site-packages/airflow/example_dags/example_short_circuit_operator.py
[2026-04-01T13:19:34.097+0000] {logging_mixin.py:188} INFO - [2026-04-01T13:19:34.097+0000] {dag.py:3096} INFO - Sync 1 DAGs
[2026-04-01T13:19:34.111+0000] {logging_mixin.py:188} INFO - [2026-04-01T13:19:34.111+0000] {dag.py:3954} INFO - Setting next_dagrun for example_short_circuit_operator to 2026-03-31 00:00:00+00:00, run_after=2026-04-01 00:00:00+00:00
[2026-04-01T13:19:34.126+0000] {processor.py:183} INFO - Processing /home/airflow/.local/lib/python3.12/site-packages/airflow/example_dags/example_short_circuit_operator.py took 0.057 seconds
[2026-04-01T13:20:04.544+0000] {processor.py:161} INFO - Started process (PID=2496) to work on /home/airflow/.local/lib/python3.12/site-packages/airflow/example_dags/example_short_circuit_operator.py
[2026-04-01T13:20:04.545+0000] {processor.py:830} INFO - Processing file /home/airflow/.local/lib/python3.12/site-packages/airflow/example_dags/example_short_circuit_operator.py for tasks to queue
[2026-04-01T13:20:04.546+0000] {logging_mixin.py:188} INFO - [2026-04-01T13:20:04.546+0000] {dagbag.py:545} INFO - Filling up the DagBag from /home/airflow/.local/lib/python3.12/site-packages/airflow/example_dags/example_short_circuit_operator.py
[2026-04-01T13:20:04.551+0000] {processor.py:840} INFO - DAG(s) 'example_short_circuit_operator' retrieved from /home/airflow/.local/lib/python3.12/site-packages/airflow/example_dags/example_short_circuit_operator.py
[2026-04-01T13:20:04.569+0000] {logging_mixin.py:188} INFO - [2026-04-01T13:20:04.569+0000] {dag.py:3096} INFO - Sync 1 DAGs
[2026-04-01T13:20:04.586+0000] {logging_mixin.py:188} INFO - [2026-04-01T13:20:04.586+0000] {dag.py:3954} INFO - Setting next_dagrun for example_short_circuit_operator to 2026-03-31 00:00:00+00:00, run_after=2026-04-01 00:00:00+00:00
[2026-04-01T13:20:04.601+0000] {processor.py:183} INFO - Processing /home/airflow/.local/lib/python3.12/site-packages/airflow/example_dags/example_short_circuit_operator.py took 0.062 seconds
[2026-04-01T13:20:34.965+0000] {processor.py:161} INFO - Started process (PID=2554) to work on /home/airflow/.local/lib/python3.12/site-packages/airflow/example_dags/example_short_circuit_operator.py
[2026-04-01T13:20:34.966+0000] {processor.py:830} INFO - Processing file /home/airflow/.local/lib/python3.12/site-packages/airflow/example_dags/example_short_circuit_operator.py for tasks to queue
[2026-04-01T13:20:34.968+0000] {logging_mixin.py:188} INFO - [2026-04-01T13:20:34.967+0000] {dagbag.py:545} INFO - Filling up the DagBag from /home/airflow/.local/lib/python3.12/site-packages/airflow/example_dags/example_short_circuit_operator.py
[2026-04-01T13:20:34.974+0000] {processor.py:840} INFO - DAG(s) 'example_short_circuit_operator' retrieved from /home/airflow/.local/lib/python3.12/site-packages/airflow/example_dags/example_short_circuit_operator.py
[2026-04-01T13:20:34.996+0000] {logging_mixin.py:188} INFO - [2026-04-01T13:20:34.996+0000] {dag.py:3096} INFO - Sync 1 DAGs
[2026-04-01T13:20:35.017+0000] {logging_mixin.py:188} INFO - [2026-04-01T13:20:35.016+0000] {dag.py:3954} INFO - Setting next_dagrun for example_short_circuit_operator to 2026-03-31 00:00:00+00:00, run_after=2026-04-01 00:00:00+00:00
[2026-04-01T13:20:35.037+0000] {processor.py:183} INFO - Processing /home/airflow/.local/lib/python3.12/site-packages/airflow/example_dags/example_short_circuit_operator.py took 0.078 seconds
[2026-04-01T13:21:05.419+0000] {processor.py:161} INFO - Started process (PID=2612) to work on /home/airflow/.local/lib/python3.12/site-packages/airflow/example_dags/example_short_circuit_operator.py
[2026-04-01T13:21:05.420+0000] {processor.py:830} INFO - Processing file /home/airflow/.local/lib/python3.12/site-packages/airflow/example_dags/example_short_circuit_operator.py for tasks to queue
[2026-04-01T13:21:05.422+0000] {logging_mixin.py:188} INFO - [2026-04-01T13:21:05.421+0000] {dagbag.py:545} INFO - Filling up the DagBag from /home/airflow/.local/lib/python3.12/site-packages/airflow/example_dags/example_short_circuit_operator.py
[2026-04-01T13:21:05.427+0000] {processor.py:840} INFO - DAG(s) 'example_short_circuit_operator' retrieved from /home/airflow/.local/lib/python3.12/site-packages/airflow/example_dags/example_short_circuit_operator.py
[2026-04-01T13:21:05.444+0000] {logging_mixin.py:188} INFO - [2026-04-01T13:21:05.444+0000] {dag.py:3096} INFO - Sync 1 DAGs
[2026-04-01T13:21:05.461+0000] {logging_mixin.py:188} INFO - [2026-04-01T13:21:05.461+0000] {dag.py:3954} INFO - Setting next_dagrun for example_short_circuit_operator to 2026-03-31 00:00:00+00:00, run_after=2026-04-01 00:00:00+00:00
[2026-04-01T13:21:05.480+0000] {processor.py:183} INFO - Processing /home/airflow/.local/lib/python3.12/site-packages/airflow/example_dags/example_short_circuit_operator.py took 0.066 seconds
[2026-04-01T13:21:35.960+0000] {processor.py:161} INFO - Started process (PID=2670) to work on /home/airflow/.local/lib/python3.12/site-packages/airflow/example_dags/example_short_circuit_operator.py
[2026-04-01T13:21:35.961+0000] {processor.py:830} INFO - Processing file /home/airflow/.local/lib/python3.12/site-packages/airflow/example_dags/example_short_circuit_operator.py for tasks to queue
[2026-04-01T13:21:35.963+0000] {logging_mixin.py:188} INFO - [2026-04-01T13:21:35.963+0000] {dagbag.py:545} INFO - Filling up the DagBag from /home/airflow/.local/lib/python3.12/site-packages/airflow/example_dags/example_short_circuit_operator.py
[2026-04-01T13:21:35.969+0000] {processor.py:840} INFO - DAG(s) 'example_short_circuit_operator' retrieved from /home/airflow/.local/lib/python3.12/site-packages/airflow/example_dags/example_short_circuit_operator.py
[2026-04-01T13:21:35.989+0000] {logging_mixin.py:188} INFO - [2026-04-01T13:21:35.989+0000] {dag.py:3096} INFO - Sync 1 DAGs
[2026-04-01T13:21:36.008+0000] {logging_mixin.py:188} INFO - [2026-04-01T13:21:36.008+0000] {dag.py:3954} INFO - Setting next_dagrun for example_short_circuit_operator to 2026-03-31 00:00:00+00:00, run_after=2026-04-01 00:00:00+00:00
[2026-04-01T13:21:36.025+0000] {processor.py:183} INFO - Processing /home/airflow/.local/lib/python3.12/site-packages/airflow/example_dags/example_short_circuit_operator.py took 0.070 seconds
[2026-04-01T13:22:06.528+0000] {processor.py:161} INFO - Started process (PID=2728) to work on /home/airflow/.local/lib/python3.12/site-packages/airflow/example_dags/example_short_circuit_operator.py
[2026-04-01T13:22:06.530+0000] {processor.py:830} INFO - Processing file /home/airflow/.local/lib/python3.12/site-packages/airflow/example_dags/example_short_circuit_operator.py for tasks to queue
[2026-04-01T13:22:06.533+0000] {logging_mixin.py:188} INFO - [2026-04-01T13:22:06.532+0000] {dagbag.py:545} INFO - Filling up the DagBag from /home/airflow/.local/lib/python3.12/site-packages/airflow/example_dags/example_short_circuit_operator.py
[2026-04-01T13:22:06.540+0000] {processor.py:840} INFO - DAG(s) 'example_short_circuit_operator' retrieved from /home/airflow/.local/lib/python3.12/site-packages/airflow/example_dags/example_short_circuit_operator.py
[2026-04-01T13:22:06.561+0000] {logging_mixin.py:188} INFO - [2026-04-01T13:22:06.560+0000] {dag.py:3096} INFO - Sync 1 DAGs
[2026-04-01T13:22:06.578+0000] {logging_mixin.py:188} INFO - [2026-04-01T13:22:06.578+0000] {dag.py:3954} INFO - Setting next_dagrun for example_short_circuit_operator to 2026-03-31 00:00:00+00:00, run_after=2026-04-01 00:00:00+00:00
[2026-04-01T13:22:06.594+0000] {processor.py:183} INFO - Processing /home/airflow/.local/lib/python3.12/site-packages/airflow/example_dags/example_short_circuit_operator.py took 0.072 seconds
[2026-04-01T13:22:36.972+0000] {processor.py:161} INFO - Started process (PID=2786) to work on /home/airflow/.local/lib/python3.12/site-packages/airflow/example_dags/example_short_circuit_operator.py
[2026-04-01T13:22:36.973+0000] {processor.py:830} INFO - Processing file /home/airflow/.local/lib/python3.12/site-packages/airflow/example_dags/example_short_circuit_operator.py for tasks to queue
[2026-04-01T13:22:36.975+0000] {logging_mixin.py:188} INFO - [2026-04-01T13:22:36.975+0000] {dagbag.py:545} INFO - Filling up the DagBag from /home/airflow/.local/lib/python3.12/site-packages/airflow/example_dags/example_short_circuit_operator.py
[2026-04-01T13:22:36.980+0000] {processor.py:840} INFO - DAG(s) 'example_short_circuit_operator' retrieved from /home/airflow/.local/lib/python3.12/site-packages/airflow/example_dags/example_short_circuit_operator.py
[2026-04-01T13:22:36.999+0000] {logging_mixin.py:188} INFO - [2026-04-01T13:22:36.999+0000] {dag.py:3096} INFO - Sync 1 DAGs
[2026-04-01T13:22:37.017+0000] {logging_mixin.py:188} INFO - [2026-04-01T13:22:37.017+0000] {dag.py:3954} INFO - Setting next_dagrun for example_short_circuit_operator to 2026-03-31 00:00:00+00:00, run_after=2026-04-01 00:00:00+00:00
[2026-04-01T13:22:37.034+0000] {processor.py:183} INFO - Processing /home/airflow/.local/lib/python3.12/site-packages/airflow/example_dags/example_short_circuit_operator.py took 0.066 seconds
[2026-04-01T13:23:07.497+0000] {processor.py:161} INFO - Started process (PID=2844) to work on /home/airflow/.local/lib/python3.12/site-packages/airflow/example_dags/example_short_circuit_operator.py
[2026-04-01T13:23:07.498+0000] {processor.py:830} INFO - Processing file /home/airflow/.local/lib/python3.12/site-packages/airflow/example_dags/example_short_circuit_operator.py for tasks to queue
[2026-04-01T13:23:07.499+0000] {logging_mixin.py:188} INFO - [2026-04-01T13:23:07.499+0000] {dagbag.py:545} INFO - Filling up the DagBag from /home/airflow/.local/lib/python3.12/site-packages/airflow/example_dags/example_short_circuit_operator.py
[2026-04-01T13:23:07.504+0000] {processor.py:840} INFO - DAG(s) 'example_short_circuit_operator' retrieved from /home/airflow/.local/lib/python3.12/site-packages/airflow/example_dags/example_short_circuit_operator.py
[2026-04-01T13:23:07.521+0000] {logging_mixin.py:188} INFO - [2026-04-01T13:23:07.521+0000] {dag.py:3096} INFO - Sync 1 DAGs
[2026-04-01T13:23:07.536+0000] {logging_mixin.py:188} INFO - [2026-04-01T13:23:07.536+0000] {dag.py:3954} INFO - Setting next_dagrun for example_short_circuit_operator to 2026-03-31 00:00:00+00:00, run_after=2026-04-01 00:00:00+00:00
[2026-04-01T13:23:07.551+0000] {processor.py:183} INFO - Processing /home/airflow/.local/lib/python3.12/site-packages/airflow/example_dags/example_short_circuit_operator.py took 0.059 seconds
[2026-04-01T13:23:38.015+0000] {processor.py:161} INFO - Started process (PID=2902) to work on /home/airflow/.local/lib/python3.12/site-packages/airflow/example_dags/example_short_circuit_operator.py
[2026-04-01T13:23:38.016+0000] {processor.py:830} INFO - Processing file /home/airflow/.local/lib/python3.12/site-packages/airflow/example_dags/example_short_circuit_operator.py for tasks to queue
[2026-04-01T13:23:38.018+0000] {logging_mixin.py:188} INFO - [2026-04-01T13:23:38.017+0000] {dagbag.py:545} INFO - Filling up the DagBag from /home/airflow/.local/lib/python3.12/site-packages/airflow/example_dags/example_short_circuit_operator.py
[2026-04-01T13:23:38.023+0000] {processor.py:840} INFO - DAG(s) 'example_short_circuit_operator' retrieved from /home/airflow/.local/lib/python3.12/site-packages/airflow/example_dags/example_short_circuit_operator.py
[2026-04-01T13:23:38.040+0000] {logging_mixin.py:188} INFO - [2026-04-01T13:23:38.039+0000] {dag.py:3096} INFO - Sync 1 DAGs
[2026-04-01T13:23:38.056+0000] {logging_mixin.py:188} INFO - [2026-04-01T13:23:38.056+0000] {dag.py:3954} INFO - Setting next_dagrun for example_short_circuit_operator to 2026-03-31 00:00:00+00:00, run_after=2026-04-01 00:00:00+00:00
[2026-04-01T13:23:38.073+0000] {processor.py:183} INFO - Processing /home/airflow/.local/lib/python3.12/site-packages/airflow/example_dags/example_short_circuit_operator.py took 0.062 seconds
[2026-04-01T13:24:08.657+0000] {processor.py:161} INFO - Started process (PID=2961) to work on /home/airflow/.local/lib/python3.12/site-packages/airflow/example_dags/example_short_circuit_operator.py
[2026-04-01T13:24:08.658+0000] {processor.py:830} INFO - Processing file /home/airflow/.local/lib/python3.12/site-packages/airflow/example_dags/example_short_circuit_operator.py for tasks to queue
[2026-04-01T13:24:08.660+0000] {logging_mixin.py:188} INFO - [2026-04-01T13:24:08.660+0000] {dagbag.py:545} INFO - Filling up the DagBag from /home/airflow/.local/lib/python3.12/site-packages/airflow/example_dags/example_short_circuit_operator.py
[2026-04-01T13:24:08.666+0000] {processor.py:840} INFO - DAG(s) 'example_short_circuit_operator' retrieved from /home/airflow/.local/lib/python3.12/site-packages/airflow/example_dags/example_short_circuit_operator.py
[2026-04-01T13:24:08.685+0000] {logging_mixin.py:188} INFO - [2026-04-01T13:24:08.685+0000] {dag.py:3096} INFO - Sync 1 DAGs
[2026-04-01T13:24:08.704+0000] {logging_mixin.py:188} INFO - [2026-04-01T13:24:08.704+0000] {dag.py:3954} INFO - Setting next_dagrun for example_short_circuit_operator to 2026-03-31 00:00:00+00:00, run_after=2026-04-01 00:00:00+00:00
[2026-04-01T13:24:08.721+0000] {processor.py:183} INFO - Processing /home/airflow/.local/lib/python3.12/site-packages/airflow/example_dags/example_short_circuit_operator.py took 0.068 seconds
[2026-04-01T13:24:38.948+0000] {processor.py:161} INFO - Started process (PID=3019) to work on /home/airflow/.local/lib/python3.12/site-packages/airflow/example_dags/example_short_circuit_operator.py
[2026-04-01T13:24:38.949+0000] {processor.py:830} INFO - Processing file /home/airflow/.local/lib/python3.12/site-packages/airflow/example_dags/example_short_circuit_operator.py for tasks to queue
[2026-04-01T13:24:38.950+0000] {logging_mixin.py:188} INFO - [2026-04-01T13:24:38.950+0000] {dagbag.py:545} INFO - Filling up the DagBag from /home/airflow/.local/lib/python3.12/site-packages/airflow/example_dags/example_short_circuit_operator.py
[2026-04-01T13:24:38.957+0000] {processor.py:840} INFO - DAG(s) 'example_short_circuit_operator' retrieved from /home/airflow/.local/lib/python3.12/site-packages/airflow/example_dags/example_short_circuit_operator.py
[2026-04-01T13:24:38.972+0000] {logging_mixin.py:188} INFO - [2026-04-01T13:24:38.972+0000] {dag.py:3096} INFO - Sync 1 DAGs
[2026-04-01T13:24:38.987+0000] {logging_mixin.py:188} INFO - [2026-04-01T13:24:38.987+0000] {dag.py:3954} INFO - Setting next_dagrun for example_short_circuit_operator to 2026-03-31 00:00:00+00:00, run_after=2026-04-01 00:00:00+00:00
[2026-04-01T13:24:39.011+0000] {processor.py:183} INFO - Processing /home/airflow/.local/lib/python3.12/site-packages/airflow/example_dags/example_short_circuit_operator.py took 0.067 seconds
[2026-04-01T13:25:09.578+0000] {processor.py:161} INFO - Started process (PID=3078) to work on /home/airflow/.local/lib/python3.12/site-packages/airflow/example_dags/example_short_circuit_operator.py
[2026-04-01T13:25:09.579+0000] {processor.py:830} INFO - Processing file /home/airflow/.local/lib/python3.12/site-packages/airflow/example_dags/example_short_circuit_operator.py for tasks to queue
[2026-04-01T13:25:09.580+0000] {logging_mixin.py:188} INFO - [2026-04-01T13:25:09.580+0000] {dagbag.py:545} INFO - Filling up the DagBag from /home/airflow/.local/lib/python3.12/site-packages/airflow/example_dags/example_short_circuit_operator.py
[2026-04-01T13:25:09.587+0000] {processor.py:840} INFO - DAG(s) 'example_short_circuit_operator' retrieved from /home/airflow/.local/lib/python3.12/site-packages/airflow/example_dags/example_short_circuit_operator.py
[2026-04-01T13:25:09.605+0000] {logging_mixin.py:188} INFO - [2026-04-01T13:25:09.605+0000] {dag.py:3096} INFO - Sync 1 DAGs
[2026-04-01T13:25:09.621+0000] {logging_mixin.py:188} INFO - [2026-04-01T13:25:09.621+0000] {dag.py:3954} INFO - Setting next_dagrun for example_short_circuit_operator to 2026-03-31 00:00:00+00:00, run_after=2026-04-01 00:00:00+00:00
[2026-04-01T13:25:09.638+0000] {processor.py:183} INFO - Processing /home/airflow/.local/lib/python3.12/site-packages/airflow/example_dags/example_short_circuit_operator.py took 0.065 seconds
[2026-04-01T13:25:39.977+0000] {processor.py:161} INFO - Started process (PID=3137) to work on /home/airflow/.local/lib/python3.12/site-packages/airflow/example_dags/example_short_circuit_operator.py
[2026-04-01T13:25:39.978+0000] {processor.py:830} INFO - Processing file /home/airflow/.local/lib/python3.12/site-packages/airflow/example_dags/example_short_circuit_operator.py for tasks to queue
[2026-04-01T13:25:39.979+0000] {logging_mixin.py:188} INFO - [2026-04-01T13:25:39.979+0000] {dagbag.py:545} INFO - Filling up the DagBag from /home/airflow/.local/lib/python3.12/site-packages/airflow/example_dags/example_short_circuit_operator.py
[2026-04-01T13:25:39.984+0000] {processor.py:840} INFO - DAG(s) 'example_short_circuit_operator' retrieved from /home/airflow/.local/lib/python3.12/site-packages/airflow/example_dags/example_short_circuit_operator.py
[2026-04-01T13:25:40.000+0000] {logging_mixin.py:188} INFO - [2026-04-01T13:25:40.000+0000] {dag.py:3096} INFO - Sync 1 DAGs
[2026-04-01T13:25:40.013+0000] {logging_mixin.py:188} INFO - [2026-04-01T13:25:40.013+0000] {dag.py:3954} INFO - Setting next_dagrun for example_short_circuit_operator to 2026-03-31 00:00:00+00:00, run_after=2026-04-01 00:00:00+00:00
[2026-04-01T13:25:40.027+0000] {processor.py:183} INFO - Processing /home/airflow/.local/lib/python3.12/site-packages/airflow/example_dags/example_short_circuit_operator.py took 0.055 seconds
[2026-04-01T13:26:10.326+0000] {processor.py:161} INFO - Started process (PID=3196) to work on /home/airflow/.local/lib/python3.12/site-packages/airflow/example_dags/example_short_circuit_operator.py
[2026-04-01T13:26:10.326+0000] {processor.py:830} INFO - Processing file /home/airflow/.local/lib/python3.12/site-packages/airflow/example_dags/example_short_circuit_operator.py for tasks to queue
[2026-04-01T13:26:10.328+0000] {logging_mixin.py:188} INFO - [2026-04-01T13:26:10.328+0000] {dagbag.py:545} INFO - Filling up the DagBag from /home/airflow/.local/lib/python3.12/site-packages/airflow/example_dags/example_short_circuit_operator.py
[2026-04-01T13:26:10.333+0000] {processor.py:840} INFO - DAG(s) 'example_short_circuit_operator' retrieved from /home/airflow/.local/lib/python3.12/site-packages/airflow/example_dags/example_short_circuit_operator.py
[2026-04-01T13:26:10.350+0000] {logging_mixin.py:188} INFO - [2026-04-01T13:26:10.349+0000] {dag.py:3096} INFO - Sync 1 DAGs
[2026-04-01T13:26:10.367+0000] {logging_mixin.py:188} INFO - [2026-04-01T13:26:10.367+0000] {dag.py:3954} INFO - Setting next_dagrun for example_short_circuit_operator to 2026-03-31 00:00:00+00:00, run_after=2026-04-01 00:00:00+00:00
[2026-04-01T13:26:10.401+0000] {processor.py:183} INFO - Processing /home/airflow/.local/lib/python3.12/site-packages/airflow/example_dags/example_short_circuit_operator.py took 0.080 seconds
[2026-04-01T13:26:40.630+0000] {processor.py:161} INFO - Started process (PID=3255) to work on /home/airflow/.local/lib/python3.12/site-packages/airflow/example_dags/example_short_circuit_operator.py
[2026-04-01T13:26:40.631+0000] {processor.py:830} INFO - Processing file /home/airflow/.local/lib/python3.12/site-packages/airflow/example_dags/example_short_circuit_operator.py for tasks to queue
[2026-04-01T13:26:40.632+0000] {logging_mixin.py:188} INFO - [2026-04-01T13:26:40.632+0000] {dagbag.py:545} INFO - Filling up the DagBag from /home/airflow/.local/lib/python3.12/site-packages/airflow/example_dags/example_short_circuit_operator.py
[2026-04-01T13:26:40.638+0000] {processor.py:840} INFO - DAG(s) 'example_short_circuit_operator' retrieved from /home/airflow/.local/lib/python3.12/site-packages/airflow/example_dags/example_short_circuit_operator.py
[2026-04-01T13:26:40.656+0000] {logging_mixin.py:188} INFO - [2026-04-01T13:26:40.656+0000] {dag.py:3096} INFO - Sync 1 DAGs
[2026-04-01T13:26:40.672+0000] {logging_mixin.py:188} INFO - [2026-04-01T13:26:40.672+0000] {dag.py:3954} INFO - Setting next_dagrun for example_short_circuit_operator to 2026-03-31 00:00:00+00:00, run_after=2026-04-01 00:00:00+00:00
[2026-04-01T13:26:40.689+0000] {processor.py:183} INFO - Processing /home/airflow/.local/lib/python3.12/site-packages/airflow/example_dags/example_short_circuit_operator.py took 0.064 seconds
[2026-04-01T13:27:11.162+0000] {processor.py:161} INFO - Started process (PID=3314) to work on /home/airflow/.local/lib/python3.12/site-packages/airflow/example_dags/example_short_circuit_operator.py
[2026-04-01T13:27:11.163+0000] {processor.py:830} INFO - Processing file /home/airflow/.local/lib/python3.12/site-packages/airflow/example_dags/example_short_circuit_operator.py for tasks to queue
[2026-04-01T13:27:11.164+0000] {logging_mixin.py:188} INFO - [2026-04-01T13:27:11.164+0000] {dagbag.py:545} INFO - Filling up the DagBag from /home/airflow/.local/lib/python3.12/site-packages/airflow/example_dags/example_short_circuit_operator.py
[2026-04-01T13:27:11.170+0000] {processor.py:840} INFO - DAG(s) 'example_short_circuit_operator' retrieved from /home/airflow/.local/lib/python3.12/site-packages/airflow/example_dags/example_short_circuit_operator.py
[2026-04-01T13:27:11.187+0000] {logging_mixin.py:188} INFO - [2026-04-01T13:27:11.186+0000] {dag.py:3096} INFO - Sync 1 DAGs
[2026-04-01T13:27:11.205+0000] {logging_mixin.py:188} INFO - [2026-04-01T13:27:11.204+0000] {dag.py:3954} INFO - Setting next_dagrun for example_short_circuit_operator to 2026-03-31 00:00:00+00:00, run_after=2026-04-01 00:00:00+00:00
[2026-04-01T13:27:11.221+0000] {processor.py:183} INFO - Processing /home/airflow/.local/lib/python3.12/site-packages/airflow/example_dags/example_short_circuit_operator.py took 0.064 seconds
[2026-04-01T13:27:41.786+0000] {processor.py:161} INFO - Started process (PID=3373) to work on /home/airflow/.local/lib/python3.12/site-packages/airflow/example_dags/example_short_circuit_operator.py
[2026-04-01T13:27:41.787+0000] {processor.py:830} INFO - Processing file /home/airflow/.local/lib/python3.12/site-packages/airflow/example_dags/example_short_circuit_operator.py for tasks to queue
[2026-04-01T13:27:41.789+0000] {logging_mixin.py:188} INFO - [2026-04-01T13:27:41.789+0000] {dagbag.py:545} INFO - Filling up the DagBag from /home/airflow/.local/lib/python3.12/site-packages/airflow/example_dags/example_short_circuit_operator.py
[2026-04-01T13:27:41.796+0000] {processor.py:840} INFO - DAG(s) 'example_short_circuit_operator' retrieved from /home/airflow/.local/lib/python3.12/site-packages/airflow/example_dags/example_short_circuit_operator.py
[2026-04-01T13:27:41.815+0000] {logging_mixin.py:188} INFO - [2026-04-01T13:27:41.815+0000] {dag.py:3096} INFO - Sync 1 DAGs
[2026-04-01T13:27:41.832+0000] {logging_mixin.py:188} INFO - [2026-04-01T13:27:41.831+0000] {dag.py:3954} INFO - Setting next_dagrun for example_short_circuit_operator to 2026-03-31 00:00:00+00:00, run_after=2026-04-01 00:00:00+00:00
[2026-04-01T13:27:41.849+0000] {processor.py:183} INFO - Processing /home/airflow/.local/lib/python3.12/site-packages/airflow/example_dags/example_short_circuit_operator.py took 0.067 seconds
[2026-04-01T13:28:12.327+0000] {processor.py:161} INFO - Started process (PID=3432) to work on /home/airflow/.local/lib/python3.12/site-packages/airflow/example_dags/example_short_circuit_operator.py
[2026-04-01T13:28:12.328+0000] {processor.py:830} INFO - Processing file /home/airflow/.local/lib/python3.12/site-packages/airflow/example_dags/example_short_circuit_operator.py for tasks to queue
[2026-04-01T13:28:12.329+0000] {logging_mixin.py:188} INFO - [2026-04-01T13:28:12.329+0000] {dagbag.py:545} INFO - Filling up the DagBag from /home/airflow/.local/lib/python3.12/site-packages/airflow/example_dags/example_short_circuit_operator.py
[2026-04-01T13:28:12.334+0000] {processor.py:840} INFO - DAG(s) 'example_short_circuit_operator' retrieved from /home/airflow/.local/lib/python3.12/site-packages/airflow/example_dags/example_short_circuit_operator.py
[2026-04-01T13:28:12.353+0000] {logging_mixin.py:188} INFO - [2026-04-01T13:28:12.353+0000] {dag.py:3096} INFO - Sync 1 DAGs
[2026-04-01T13:28:12.371+0000] {logging_mixin.py:188} INFO - [2026-04-01T13:28:12.370+0000] {dag.py:3954} INFO - Setting next_dagrun for example_short_circuit_operator to 2026-03-31 00:00:00+00:00, run_after=2026-04-01 00:00:00+00:00
[2026-04-01T13:28:12.387+0000] {processor.py:183} INFO - Processing /home/airflow/.local/lib/python3.12/site-packages/airflow/example_dags/example_short_circuit_operator.py took 0.065 seconds
[2026-04-01T13:28:42.653+0000] {processor.py:161} INFO - Started process (PID=3491) to work on /home/airflow/.local/lib/python3.12/site-packages/airflow/example_dags/example_short_circuit_operator.py
[2026-04-01T13:28:42.654+0000] {processor.py:830} INFO - Processing file /home/airflow/.local/lib/python3.12/site-packages/airflow/example_dags/example_short_circuit_operator.py for tasks to queue
[2026-04-01T13:28:42.656+0000] {logging_mixin.py:188} INFO - [2026-04-01T13:28:42.655+0000] {dagbag.py:545} INFO - Filling up the DagBag from /home/airflow/.local/lib/python3.12/site-packages/airflow/example_dags/example_short_circuit_operator.py
[2026-04-01T13:28:42.661+0000] {processor.py:840} INFO - DAG(s) 'example_short_circuit_operator' retrieved from /home/airflow/.local/lib/python3.12/site-packages/airflow/example_dags/example_short_circuit_operator.py
[2026-04-01T13:28:42.680+0000] {logging_mixin.py:188} INFO - [2026-04-01T13:28:42.680+0000] {dag.py:3096} INFO - Sync 1 DAGs
[2026-04-01T13:28:42.698+0000] {logging_mixin.py:188} INFO - [2026-04-01T13:28:42.698+0000] {dag.py:3954} INFO - Setting next_dagrun for example_short_circuit_operator to 2026-03-31 00:00:00+00:00, run_after=2026-04-01 00:00:00+00:00
[2026-04-01T13:28:42.714+0000] {processor.py:183} INFO - Processing /home/airflow/.local/lib/python3.12/site-packages/airflow/example_dags/example_short_circuit_operator.py took 0.065 seconds
[2026-04-01T13:29:13.086+0000] {processor.py:161} INFO - Started process (PID=3550) to work on /home/airflow/.local/lib/python3.12/site-packages/airflow/example_dags/example_short_circuit_operator.py
[2026-04-01T13:29:13.087+0000] {processor.py:830} INFO - Processing file /home/airflow/.local/lib/python3.12/site-packages/airflow/example_dags/example_short_circuit_operator.py for tasks to queue
[2026-04-01T13:29:13.089+0000] {logging_mixin.py:188} INFO - [2026-04-01T13:29:13.088+0000] {dagbag.py:545} INFO - Filling up the DagBag from /home/airflow/.local/lib/python3.12/site-packages/airflow/example_dags/example_short_circuit_operator.py
[2026-04-01T13:29:13.096+0000] {processor.py:840} INFO - DAG(s) 'example_short_circuit_operator' retrieved from /home/airflow/.local/lib/python3.12/site-packages/airflow/example_dags/example_short_circuit_operator.py
[2026-04-01T13:29:13.112+0000] {logging_mixin.py:188} INFO - [2026-04-01T13:29:13.112+0000] {dag.py:3096} INFO - Sync 1 DAGs
[2026-04-01T13:29:13.129+0000] {logging_mixin.py:188} INFO - [2026-04-01T13:29:13.129+0000] {dag.py:3954} INFO - Setting next_dagrun for example_short_circuit_operator to 2026-03-31 00:00:00+00:00, run_after=2026-04-01 00:00:00+00:00
[2026-04-01T13:29:13.145+0000] {processor.py:183} INFO - Processing /home/airflow/.local/lib/python3.12/site-packages/airflow/example_dags/example_short_circuit_operator.py took 0.063 seconds
[2026-04-01T13:29:43.498+0000] {processor.py:161} INFO - Started process (PID=3609) to work on /home/airflow/.local/lib/python3.12/site-packages/airflow/example_dags/example_short_circuit_operator.py
[2026-04-01T13:29:43.499+0000] {processor.py:830} INFO - Processing file /home/airflow/.local/lib/python3.12/site-packages/airflow/example_dags/example_short_circuit_operator.py for tasks to queue
[2026-04-01T13:29:43.501+0000] {logging_mixin.py:188} INFO - [2026-04-01T13:29:43.500+0000] {dagbag.py:545} INFO - Filling up the DagBag from /home/airflow/.local/lib/python3.12/site-packages/airflow/example_dags/example_short_circuit_operator.py
[2026-04-01T13:29:43.506+0000] {processor.py:840} INFO - DAG(s) 'example_short_circuit_operator' retrieved from /home/airflow/.local/lib/python3.12/site-packages/airflow/example_dags/example_short_circuit_operator.py
[2026-04-01T13:29:43.523+0000] {logging_mixin.py:188} INFO - [2026-04-01T13:29:43.523+0000] {dag.py:3096} INFO - Sync 1 DAGs
[2026-04-01T13:29:43.541+0000] {logging_mixin.py:188} INFO - [2026-04-01T13:29:43.541+0000] {dag.py:3954} INFO - Setting next_dagrun for example_short_circuit_operator to 2026-03-31 00:00:00+00:00, run_after=2026-04-01 00:00:00+00:00
[2026-04-01T13:29:43.557+0000] {processor.py:183} INFO - Processing /home/airflow/.local/lib/python3.12/site-packages/airflow/example_dags/example_short_circuit_operator.py took 0.063 seconds
[2026-04-01T13:30:13.741+0000] {processor.py:161} INFO - Started process (PID=3668) to work on /home/airflow/.local/lib/python3.12/site-packages/airflow/example_dags/example_short_circuit_operator.py
[2026-04-01T13:30:13.742+0000] {processor.py:830} INFO - Processing file /home/airflow/.local/lib/python3.12/site-packages/airflow/example_dags/example_short_circuit_operator.py for tasks to queue
[2026-04-01T13:30:13.743+0000] {logging_mixin.py:188} INFO - [2026-04-01T13:30:13.743+0000] {dagbag.py:545} INFO - Filling up the DagBag from /home/airflow/.local/lib/python3.12/site-packages/airflow/example_dags/example_short_circuit_operator.py
[2026-04-01T13:30:13.749+0000] {processor.py:840} INFO - DAG(s) 'example_short_circuit_operator' retrieved from /home/airflow/.local/lib/python3.12/site-packages/airflow/example_dags/example_short_circuit_operator.py
[2026-04-01T13:30:13.770+0000] {logging_mixin.py:188} INFO - [2026-04-01T13:30:13.770+0000] {dag.py:3096} INFO - Sync 1 DAGs
[2026-04-01T13:30:13.787+0000] {logging_mixin.py:188} INFO - [2026-04-01T13:30:13.787+0000] {dag.py:3954} INFO - Setting next_dagrun for example_short_circuit_operator to 2026-03-31 00:00:00+00:00, run_after=2026-04-01 00:00:00+00:00
[2026-04-01T13:30:13.806+0000] {processor.py:183} INFO - Processing /home/airflow/.local/lib/python3.12/site-packages/airflow/example_dags/example_short_circuit_operator.py took 0.070 seconds
[2026-04-01T13:30:44.174+0000] {processor.py:161} INFO - Started process (PID=3727) to work on /home/airflow/.local/lib/python3.12/site-packages/airflow/example_dags/example_short_circuit_operator.py
[2026-04-01T13:30:44.174+0000] {processor.py:830} INFO - Processing file /home/airflow/.local/lib/python3.12/site-packages/airflow/example_dags/example_short_circuit_operator.py for tasks to queue
[2026-04-01T13:30:44.176+0000] {logging_mixin.py:188} INFO - [2026-04-01T13:30:44.175+0000] {dagbag.py:545} INFO - Filling up the DagBag from /home/airflow/.local/lib/python3.12/site-packages/airflow/example_dags/example_short_circuit_operator.py
[2026-04-01T13:30:44.181+0000] {processor.py:840} INFO - DAG(s) 'example_short_circuit_operator' retrieved from /home/airflow/.local/lib/python3.12/site-packages/airflow/example_dags/example_short_circuit_operator.py
[2026-04-01T13:30:44.196+0000] {logging_mixin.py:188} INFO - [2026-04-01T13:30:44.196+0000] {dag.py:3096} INFO - Sync 1 DAGs
[2026-04-01T13:30:44.212+0000] {logging_mixin.py:188} INFO - [2026-04-01T13:30:44.212+0000] {dag.py:3954} INFO - Setting next_dagrun for example_short_circuit_operator to 2026-03-31 00:00:00+00:00, run_after=2026-04-01 00:00:00+00:00
[2026-04-01T13:30:44.227+0000] {processor.py:183} INFO - Processing /home/airflow/.local/lib/python3.12/site-packages/airflow/example_dags/example_short_circuit_operator.py took 0.058 seconds
[2026-04-01T13:31:14.589+0000] {processor.py:161} INFO - Started process (PID=3786) to work on /home/airflow/.local/lib/python3.12/site-packages/airflow/example_dags/example_short_circuit_operator.py
[2026-04-01T13:31:14.589+0000] {processor.py:830} INFO - Processing file /home/airflow/.local/lib/python3.12/site-packages/airflow/example_dags/example_short_circuit_operator.py for tasks to queue
[2026-04-01T13:31:14.591+0000] {logging_mixin.py:188} INFO - [2026-04-01T13:31:14.591+0000] {dagbag.py:545} INFO - Filling up the DagBag from /home/airflow/.local/lib/python3.12/site-packages/airflow/example_dags/example_short_circuit_operator.py
[2026-04-01T13:31:14.597+0000] {processor.py:840} INFO - DAG(s) 'example_short_circuit_operator' retrieved from /home/airflow/.local/lib/python3.12/site-packages/airflow/example_dags/example_short_circuit_operator.py
[2026-04-01T13:31:14.617+0000] {logging_mixin.py:188} INFO - [2026-04-01T13:31:14.617+0000] {dag.py:3096} INFO - Sync 1 DAGs
[2026-04-01T13:31:14.633+0000] {logging_mixin.py:188} INFO - [2026-04-01T13:31:14.632+0000] {dag.py:3954} INFO - Setting next_dagrun for example_short_circuit_operator to 2026-03-31 00:00:00+00:00, run_after=2026-04-01 00:00:00+00:00
[2026-04-01T13:31:14.649+0000] {processor.py:183} INFO - Processing /home/airflow/.local/lib/python3.12/site-packages/airflow/example_dags/example_short_circuit_operator.py took 0.065 seconds
