[2026-04-01T12:58:50.886+0000] {processor.py:161} INFO - Started process (PID=71) to work on /home/airflow/.local/lib/python3.12/site-packages/airflow/example_dags/example_local_kubernetes_executor.py
[2026-04-01T12:58:50.888+0000] {processor.py:830} INFO - Processing file /home/airflow/.local/lib/python3.12/site-packages/airflow/example_dags/example_local_kubernetes_executor.py for tasks to queue
[2026-04-01T12:58:50.889+0000] {logging_mixin.py:188} INFO - [2026-04-01T12:58:50.889+0000] {dagbag.py:545} INFO - Filling up the DagBag from /home/airflow/.local/lib/python3.12/site-packages/airflow/example_dags/example_local_kubernetes_executor.py
[2026-04-01T12:58:50.899+0000] {processor.py:840} INFO - DAG(s) 'example_local_kubernetes_executor' retrieved from /home/airflow/.local/lib/python3.12/site-packages/airflow/example_dags/example_local_kubernetes_executor.py
[2026-04-01T12:58:50.912+0000] {logging_mixin.py:188} INFO - [2026-04-01T12:58:50.912+0000] {dag.py:3096} INFO - Sync 1 DAGs
[2026-04-01T12:58:50.926+0000] {logging_mixin.py:188} INFO - [2026-04-01T12:58:50.925+0000] {dag.py:3954} INFO - Setting next_dagrun for example_local_kubernetes_executor to None, run_after=None
[2026-04-01T12:58:50.947+0000] {processor.py:183} INFO - Processing /home/airflow/.local/lib/python3.12/site-packages/airflow/example_dags/example_local_kubernetes_executor.py took 0.067 seconds
[2026-04-01T12:59:21.332+0000] {processor.py:161} INFO - Started process (PID=129) to work on /home/airflow/.local/lib/python3.12/site-packages/airflow/example_dags/example_local_kubernetes_executor.py
[2026-04-01T12:59:21.333+0000] {processor.py:830} INFO - Processing file /home/airflow/.local/lib/python3.12/site-packages/airflow/example_dags/example_local_kubernetes_executor.py for tasks to queue
[2026-04-01T12:59:21.334+0000] {logging_mixin.py:188} INFO - [2026-04-01T12:59:21.334+0000] {dagbag.py:545} INFO - Filling up the DagBag from /home/airflow/.local/lib/python3.12/site-packages/airflow/example_dags/example_local_kubernetes_executor.py
[2026-04-01T12:59:21.340+0000] {processor.py:840} INFO - DAG(s) 'example_local_kubernetes_executor' retrieved from /home/airflow/.local/lib/python3.12/site-packages/airflow/example_dags/example_local_kubernetes_executor.py
[2026-04-01T12:59:21.435+0000] {logging_mixin.py:188} INFO - [2026-04-01T12:59:21.435+0000] {dag.py:3096} INFO - Sync 1 DAGs
[2026-04-01T12:59:21.444+0000] {logging_mixin.py:188} INFO - [2026-04-01T12:59:21.443+0000] {dag.py:3954} INFO - Setting next_dagrun for example_local_kubernetes_executor to None, run_after=None
[2026-04-01T12:59:21.464+0000] {processor.py:183} INFO - Processing /home/airflow/.local/lib/python3.12/site-packages/airflow/example_dags/example_local_kubernetes_executor.py took 0.137 seconds
[2026-04-01T12:59:51.794+0000] {processor.py:161} INFO - Started process (PID=187) to work on /home/airflow/.local/lib/python3.12/site-packages/airflow/example_dags/example_local_kubernetes_executor.py
[2026-04-01T12:59:51.795+0000] {processor.py:830} INFO - Processing file /home/airflow/.local/lib/python3.12/site-packages/airflow/example_dags/example_local_kubernetes_executor.py for tasks to queue
[2026-04-01T12:59:51.796+0000] {logging_mixin.py:188} INFO - [2026-04-01T12:59:51.796+0000] {dagbag.py:545} INFO - Filling up the DagBag from /home/airflow/.local/lib/python3.12/site-packages/airflow/example_dags/example_local_kubernetes_executor.py
[2026-04-01T12:59:51.802+0000] {processor.py:840} INFO - DAG(s) 'example_local_kubernetes_executor' retrieved from /home/airflow/.local/lib/python3.12/site-packages/airflow/example_dags/example_local_kubernetes_executor.py
[2026-04-01T12:59:51.828+0000] {logging_mixin.py:188} INFO - [2026-04-01T12:59:51.828+0000] {dag.py:3096} INFO - Sync 1 DAGs
[2026-04-01T12:59:51.837+0000] {logging_mixin.py:188} INFO - [2026-04-01T12:59:51.837+0000] {dag.py:3954} INFO - Setting next_dagrun for example_local_kubernetes_executor to None, run_after=None
[2026-04-01T12:59:51.850+0000] {processor.py:183} INFO - Processing /home/airflow/.local/lib/python3.12/site-packages/airflow/example_dags/example_local_kubernetes_executor.py took 0.060 seconds
[2026-04-01T13:00:22.210+0000] {processor.py:161} INFO - Started process (PID=245) to work on /home/airflow/.local/lib/python3.12/site-packages/airflow/example_dags/example_local_kubernetes_executor.py
[2026-04-01T13:00:22.210+0000] {processor.py:830} INFO - Processing file /home/airflow/.local/lib/python3.12/site-packages/airflow/example_dags/example_local_kubernetes_executor.py for tasks to queue
[2026-04-01T13:00:22.212+0000] {logging_mixin.py:188} INFO - [2026-04-01T13:00:22.211+0000] {dagbag.py:545} INFO - Filling up the DagBag from /home/airflow/.local/lib/python3.12/site-packages/airflow/example_dags/example_local_kubernetes_executor.py
[2026-04-01T13:00:22.218+0000] {processor.py:840} INFO - DAG(s) 'example_local_kubernetes_executor' retrieved from /home/airflow/.local/lib/python3.12/site-packages/airflow/example_dags/example_local_kubernetes_executor.py
[2026-04-01T13:00:22.242+0000] {logging_mixin.py:188} INFO - [2026-04-01T13:00:22.242+0000] {dag.py:3096} INFO - Sync 1 DAGs
[2026-04-01T13:00:22.253+0000] {logging_mixin.py:188} INFO - [2026-04-01T13:00:22.253+0000] {dag.py:3954} INFO - Setting next_dagrun for example_local_kubernetes_executor to None, run_after=None
[2026-04-01T13:00:22.270+0000] {processor.py:183} INFO - Processing /home/airflow/.local/lib/python3.12/site-packages/airflow/example_dags/example_local_kubernetes_executor.py took 0.065 seconds
[2026-04-01T13:00:52.455+0000] {processor.py:161} INFO - Started process (PID=303) to work on /home/airflow/.local/lib/python3.12/site-packages/airflow/example_dags/example_local_kubernetes_executor.py
[2026-04-01T13:00:52.456+0000] {processor.py:830} INFO - Processing file /home/airflow/.local/lib/python3.12/site-packages/airflow/example_dags/example_local_kubernetes_executor.py for tasks to queue
[2026-04-01T13:00:52.457+0000] {logging_mixin.py:188} INFO - [2026-04-01T13:00:52.457+0000] {dagbag.py:545} INFO - Filling up the DagBag from /home/airflow/.local/lib/python3.12/site-packages/airflow/example_dags/example_local_kubernetes_executor.py
[2026-04-01T13:00:52.463+0000] {processor.py:840} INFO - DAG(s) 'example_local_kubernetes_executor' retrieved from /home/airflow/.local/lib/python3.12/site-packages/airflow/example_dags/example_local_kubernetes_executor.py
[2026-04-01T13:00:52.487+0000] {logging_mixin.py:188} INFO - [2026-04-01T13:00:52.487+0000] {dag.py:3096} INFO - Sync 1 DAGs
[2026-04-01T13:00:52.495+0000] {logging_mixin.py:188} INFO - [2026-04-01T13:00:52.495+0000] {dag.py:3954} INFO - Setting next_dagrun for example_local_kubernetes_executor to None, run_after=None
[2026-04-01T13:00:52.512+0000] {processor.py:183} INFO - Processing /home/airflow/.local/lib/python3.12/site-packages/airflow/example_dags/example_local_kubernetes_executor.py took 0.061 seconds
[2026-04-01T13:01:22.601+0000] {processor.py:161} INFO - Started process (PID=361) to work on /home/airflow/.local/lib/python3.12/site-packages/airflow/example_dags/example_local_kubernetes_executor.py
[2026-04-01T13:01:22.602+0000] {processor.py:830} INFO - Processing file /home/airflow/.local/lib/python3.12/site-packages/airflow/example_dags/example_local_kubernetes_executor.py for tasks to queue
[2026-04-01T13:01:22.603+0000] {logging_mixin.py:188} INFO - [2026-04-01T13:01:22.603+0000] {dagbag.py:545} INFO - Filling up the DagBag from /home/airflow/.local/lib/python3.12/site-packages/airflow/example_dags/example_local_kubernetes_executor.py
[2026-04-01T13:01:22.609+0000] {processor.py:840} INFO - DAG(s) 'example_local_kubernetes_executor' retrieved from /home/airflow/.local/lib/python3.12/site-packages/airflow/example_dags/example_local_kubernetes_executor.py
[2026-04-01T13:01:22.637+0000] {logging_mixin.py:188} INFO - [2026-04-01T13:01:22.637+0000] {dag.py:3096} INFO - Sync 1 DAGs
[2026-04-01T13:01:22.647+0000] {logging_mixin.py:188} INFO - [2026-04-01T13:01:22.647+0000] {dag.py:3954} INFO - Setting next_dagrun for example_local_kubernetes_executor to None, run_after=None
[2026-04-01T13:01:22.663+0000] {processor.py:183} INFO - Processing /home/airflow/.local/lib/python3.12/site-packages/airflow/example_dags/example_local_kubernetes_executor.py took 0.066 seconds
[2026-04-01T13:01:52.854+0000] {processor.py:161} INFO - Started process (PID=419) to work on /home/airflow/.local/lib/python3.12/site-packages/airflow/example_dags/example_local_kubernetes_executor.py
[2026-04-01T13:01:52.854+0000] {processor.py:830} INFO - Processing file /home/airflow/.local/lib/python3.12/site-packages/airflow/example_dags/example_local_kubernetes_executor.py for tasks to queue
[2026-04-01T13:01:52.856+0000] {logging_mixin.py:188} INFO - [2026-04-01T13:01:52.856+0000] {dagbag.py:545} INFO - Filling up the DagBag from /home/airflow/.local/lib/python3.12/site-packages/airflow/example_dags/example_local_kubernetes_executor.py
[2026-04-01T13:01:52.862+0000] {processor.py:840} INFO - DAG(s) 'example_local_kubernetes_executor' retrieved from /home/airflow/.local/lib/python3.12/site-packages/airflow/example_dags/example_local_kubernetes_executor.py
[2026-04-01T13:01:52.885+0000] {logging_mixin.py:188} INFO - [2026-04-01T13:01:52.885+0000] {dag.py:3096} INFO - Sync 1 DAGs
[2026-04-01T13:01:52.894+0000] {logging_mixin.py:188} INFO - [2026-04-01T13:01:52.894+0000] {dag.py:3954} INFO - Setting next_dagrun for example_local_kubernetes_executor to None, run_after=None
[2026-04-01T13:01:52.908+0000] {processor.py:183} INFO - Processing /home/airflow/.local/lib/python3.12/site-packages/airflow/example_dags/example_local_kubernetes_executor.py took 0.060 seconds
[2026-04-01T13:02:23.027+0000] {processor.py:161} INFO - Started process (PID=477) to work on /home/airflow/.local/lib/python3.12/site-packages/airflow/example_dags/example_local_kubernetes_executor.py
[2026-04-01T13:02:23.028+0000] {processor.py:830} INFO - Processing file /home/airflow/.local/lib/python3.12/site-packages/airflow/example_dags/example_local_kubernetes_executor.py for tasks to queue
[2026-04-01T13:02:23.030+0000] {logging_mixin.py:188} INFO - [2026-04-01T13:02:23.029+0000] {dagbag.py:545} INFO - Filling up the DagBag from /home/airflow/.local/lib/python3.12/site-packages/airflow/example_dags/example_local_kubernetes_executor.py
[2026-04-01T13:02:23.036+0000] {processor.py:840} INFO - DAG(s) 'example_local_kubernetes_executor' retrieved from /home/airflow/.local/lib/python3.12/site-packages/airflow/example_dags/example_local_kubernetes_executor.py
[2026-04-01T13:02:23.066+0000] {logging_mixin.py:188} INFO - [2026-04-01T13:02:23.066+0000] {dag.py:3096} INFO - Sync 1 DAGs
[2026-04-01T13:02:23.078+0000] {logging_mixin.py:188} INFO - [2026-04-01T13:02:23.078+0000] {dag.py:3954} INFO - Setting next_dagrun for example_local_kubernetes_executor to None, run_after=None
[2026-04-01T13:02:23.096+0000] {processor.py:183} INFO - Processing /home/airflow/.local/lib/python3.12/site-packages/airflow/example_dags/example_local_kubernetes_executor.py took 0.075 seconds
[2026-04-01T13:02:53.230+0000] {processor.py:161} INFO - Started process (PID=535) to work on /home/airflow/.local/lib/python3.12/site-packages/airflow/example_dags/example_local_kubernetes_executor.py
[2026-04-01T13:02:53.231+0000] {processor.py:830} INFO - Processing file /home/airflow/.local/lib/python3.12/site-packages/airflow/example_dags/example_local_kubernetes_executor.py for tasks to queue
[2026-04-01T13:02:53.233+0000] {logging_mixin.py:188} INFO - [2026-04-01T13:02:53.232+0000] {dagbag.py:545} INFO - Filling up the DagBag from /home/airflow/.local/lib/python3.12/site-packages/airflow/example_dags/example_local_kubernetes_executor.py
[2026-04-01T13:02:53.238+0000] {processor.py:840} INFO - DAG(s) 'example_local_kubernetes_executor' retrieved from /home/airflow/.local/lib/python3.12/site-packages/airflow/example_dags/example_local_kubernetes_executor.py
[2026-04-01T13:02:53.265+0000] {logging_mixin.py:188} INFO - [2026-04-01T13:02:53.265+0000] {dag.py:3096} INFO - Sync 1 DAGs
[2026-04-01T13:02:53.277+0000] {logging_mixin.py:188} INFO - [2026-04-01T13:02:53.277+0000] {dag.py:3954} INFO - Setting next_dagrun for example_local_kubernetes_executor to None, run_after=None
[2026-04-01T13:02:53.293+0000] {processor.py:183} INFO - Processing /home/airflow/.local/lib/python3.12/site-packages/airflow/example_dags/example_local_kubernetes_executor.py took 0.068 seconds
[2026-04-01T13:03:23.446+0000] {processor.py:161} INFO - Started process (PID=593) to work on /home/airflow/.local/lib/python3.12/site-packages/airflow/example_dags/example_local_kubernetes_executor.py
[2026-04-01T13:03:23.447+0000] {processor.py:830} INFO - Processing file /home/airflow/.local/lib/python3.12/site-packages/airflow/example_dags/example_local_kubernetes_executor.py for tasks to queue
[2026-04-01T13:03:23.449+0000] {logging_mixin.py:188} INFO - [2026-04-01T13:03:23.449+0000] {dagbag.py:545} INFO - Filling up the DagBag from /home/airflow/.local/lib/python3.12/site-packages/airflow/example_dags/example_local_kubernetes_executor.py
[2026-04-01T13:03:23.455+0000] {processor.py:840} INFO - DAG(s) 'example_local_kubernetes_executor' retrieved from /home/airflow/.local/lib/python3.12/site-packages/airflow/example_dags/example_local_kubernetes_executor.py
[2026-04-01T13:03:23.478+0000] {logging_mixin.py:188} INFO - [2026-04-01T13:03:23.478+0000] {dag.py:3096} INFO - Sync 1 DAGs
[2026-04-01T13:03:23.488+0000] {logging_mixin.py:188} INFO - [2026-04-01T13:03:23.488+0000] {dag.py:3954} INFO - Setting next_dagrun for example_local_kubernetes_executor to None, run_after=None
[2026-04-01T13:03:23.504+0000] {processor.py:183} INFO - Processing /home/airflow/.local/lib/python3.12/site-packages/airflow/example_dags/example_local_kubernetes_executor.py took 0.063 seconds
[2026-04-01T13:03:53.722+0000] {processor.py:161} INFO - Started process (PID=651) to work on /home/airflow/.local/lib/python3.12/site-packages/airflow/example_dags/example_local_kubernetes_executor.py
[2026-04-01T13:03:53.723+0000] {processor.py:830} INFO - Processing file /home/airflow/.local/lib/python3.12/site-packages/airflow/example_dags/example_local_kubernetes_executor.py for tasks to queue
[2026-04-01T13:03:53.724+0000] {logging_mixin.py:188} INFO - [2026-04-01T13:03:53.724+0000] {dagbag.py:545} INFO - Filling up the DagBag from /home/airflow/.local/lib/python3.12/site-packages/airflow/example_dags/example_local_kubernetes_executor.py
[2026-04-01T13:03:53.730+0000] {processor.py:840} INFO - DAG(s) 'example_local_kubernetes_executor' retrieved from /home/airflow/.local/lib/python3.12/site-packages/airflow/example_dags/example_local_kubernetes_executor.py
[2026-04-01T13:03:53.754+0000] {logging_mixin.py:188} INFO - [2026-04-01T13:03:53.753+0000] {dag.py:3096} INFO - Sync 1 DAGs
[2026-04-01T13:03:53.762+0000] {logging_mixin.py:188} INFO - [2026-04-01T13:03:53.762+0000] {dag.py:3954} INFO - Setting next_dagrun for example_local_kubernetes_executor to None, run_after=None
[2026-04-01T13:03:53.780+0000] {processor.py:183} INFO - Processing /home/airflow/.local/lib/python3.12/site-packages/airflow/example_dags/example_local_kubernetes_executor.py took 0.063 seconds
[2026-04-01T13:04:24.087+0000] {processor.py:161} INFO - Started process (PID=709) to work on /home/airflow/.local/lib/python3.12/site-packages/airflow/example_dags/example_local_kubernetes_executor.py
[2026-04-01T13:04:24.087+0000] {processor.py:830} INFO - Processing file /home/airflow/.local/lib/python3.12/site-packages/airflow/example_dags/example_local_kubernetes_executor.py for tasks to queue
[2026-04-01T13:04:24.089+0000] {logging_mixin.py:188} INFO - [2026-04-01T13:04:24.089+0000] {dagbag.py:545} INFO - Filling up the DagBag from /home/airflow/.local/lib/python3.12/site-packages/airflow/example_dags/example_local_kubernetes_executor.py
[2026-04-01T13:04:24.095+0000] {processor.py:840} INFO - DAG(s) 'example_local_kubernetes_executor' retrieved from /home/airflow/.local/lib/python3.12/site-packages/airflow/example_dags/example_local_kubernetes_executor.py
[2026-04-01T13:04:24.122+0000] {logging_mixin.py:188} INFO - [2026-04-01T13:04:24.122+0000] {dag.py:3096} INFO - Sync 1 DAGs
[2026-04-01T13:04:24.133+0000] {logging_mixin.py:188} INFO - [2026-04-01T13:04:24.133+0000] {dag.py:3954} INFO - Setting next_dagrun for example_local_kubernetes_executor to None, run_after=None
[2026-04-01T13:04:24.151+0000] {processor.py:183} INFO - Processing /home/airflow/.local/lib/python3.12/site-packages/airflow/example_dags/example_local_kubernetes_executor.py took 0.069 seconds
[2026-04-01T13:04:54.285+0000] {processor.py:161} INFO - Started process (PID=767) to work on /home/airflow/.local/lib/python3.12/site-packages/airflow/example_dags/example_local_kubernetes_executor.py
[2026-04-01T13:04:54.286+0000] {processor.py:830} INFO - Processing file /home/airflow/.local/lib/python3.12/site-packages/airflow/example_dags/example_local_kubernetes_executor.py for tasks to queue
[2026-04-01T13:04:54.288+0000] {logging_mixin.py:188} INFO - [2026-04-01T13:04:54.287+0000] {dagbag.py:545} INFO - Filling up the DagBag from /home/airflow/.local/lib/python3.12/site-packages/airflow/example_dags/example_local_kubernetes_executor.py
[2026-04-01T13:04:54.294+0000] {processor.py:840} INFO - DAG(s) 'example_local_kubernetes_executor' retrieved from /home/airflow/.local/lib/python3.12/site-packages/airflow/example_dags/example_local_kubernetes_executor.py
[2026-04-01T13:04:54.319+0000] {logging_mixin.py:188} INFO - [2026-04-01T13:04:54.318+0000] {dag.py:3096} INFO - Sync 1 DAGs
[2026-04-01T13:04:54.327+0000] {logging_mixin.py:188} INFO - [2026-04-01T13:04:54.327+0000] {dag.py:3954} INFO - Setting next_dagrun for example_local_kubernetes_executor to None, run_after=None
[2026-04-01T13:04:54.342+0000] {processor.py:183} INFO - Processing /home/airflow/.local/lib/python3.12/site-packages/airflow/example_dags/example_local_kubernetes_executor.py took 0.061 seconds
[2026-04-01T13:05:24.457+0000] {processor.py:161} INFO - Started process (PID=825) to work on /home/airflow/.local/lib/python3.12/site-packages/airflow/example_dags/example_local_kubernetes_executor.py
[2026-04-01T13:05:24.457+0000] {processor.py:830} INFO - Processing file /home/airflow/.local/lib/python3.12/site-packages/airflow/example_dags/example_local_kubernetes_executor.py for tasks to queue
[2026-04-01T13:05:24.459+0000] {logging_mixin.py:188} INFO - [2026-04-01T13:05:24.459+0000] {dagbag.py:545} INFO - Filling up the DagBag from /home/airflow/.local/lib/python3.12/site-packages/airflow/example_dags/example_local_kubernetes_executor.py
[2026-04-01T13:05:24.468+0000] {processor.py:840} INFO - DAG(s) 'example_local_kubernetes_executor' retrieved from /home/airflow/.local/lib/python3.12/site-packages/airflow/example_dags/example_local_kubernetes_executor.py
[2026-04-01T13:05:24.493+0000] {logging_mixin.py:188} INFO - [2026-04-01T13:05:24.492+0000] {dag.py:3096} INFO - Sync 1 DAGs
[2026-04-01T13:05:24.504+0000] {logging_mixin.py:188} INFO - [2026-04-01T13:05:24.503+0000] {dag.py:3954} INFO - Setting next_dagrun for example_local_kubernetes_executor to None, run_after=None
[2026-04-01T13:05:24.518+0000] {processor.py:183} INFO - Processing /home/airflow/.local/lib/python3.12/site-packages/airflow/example_dags/example_local_kubernetes_executor.py took 0.067 seconds
[2026-04-01T13:05:54.543+0000] {processor.py:161} INFO - Started process (PID=883) to work on /home/airflow/.local/lib/python3.12/site-packages/airflow/example_dags/example_local_kubernetes_executor.py
[2026-04-01T13:05:54.543+0000] {processor.py:830} INFO - Processing file /home/airflow/.local/lib/python3.12/site-packages/airflow/example_dags/example_local_kubernetes_executor.py for tasks to queue
[2026-04-01T13:05:54.545+0000] {logging_mixin.py:188} INFO - [2026-04-01T13:05:54.544+0000] {dagbag.py:545} INFO - Filling up the DagBag from /home/airflow/.local/lib/python3.12/site-packages/airflow/example_dags/example_local_kubernetes_executor.py
[2026-04-01T13:05:54.550+0000] {processor.py:840} INFO - DAG(s) 'example_local_kubernetes_executor' retrieved from /home/airflow/.local/lib/python3.12/site-packages/airflow/example_dags/example_local_kubernetes_executor.py
[2026-04-01T13:05:54.576+0000] {logging_mixin.py:188} INFO - [2026-04-01T13:05:54.576+0000] {dag.py:3096} INFO - Sync 1 DAGs
[2026-04-01T13:05:54.585+0000] {logging_mixin.py:188} INFO - [2026-04-01T13:05:54.585+0000] {dag.py:3954} INFO - Setting next_dagrun for example_local_kubernetes_executor to None, run_after=None
[2026-04-01T13:05:54.601+0000] {processor.py:183} INFO - Processing /home/airflow/.local/lib/python3.12/site-packages/airflow/example_dags/example_local_kubernetes_executor.py took 0.062 seconds
[2026-04-01T13:06:24.755+0000] {processor.py:161} INFO - Started process (PID=940) to work on /home/airflow/.local/lib/python3.12/site-packages/airflow/example_dags/example_local_kubernetes_executor.py
[2026-04-01T13:06:24.755+0000] {processor.py:830} INFO - Processing file /home/airflow/.local/lib/python3.12/site-packages/airflow/example_dags/example_local_kubernetes_executor.py for tasks to queue
[2026-04-01T13:06:24.757+0000] {logging_mixin.py:188} INFO - [2026-04-01T13:06:24.757+0000] {dagbag.py:545} INFO - Filling up the DagBag from /home/airflow/.local/lib/python3.12/site-packages/airflow/example_dags/example_local_kubernetes_executor.py
[2026-04-01T13:06:24.762+0000] {processor.py:840} INFO - DAG(s) 'example_local_kubernetes_executor' retrieved from /home/airflow/.local/lib/python3.12/site-packages/airflow/example_dags/example_local_kubernetes_executor.py
[2026-04-01T13:06:24.789+0000] {logging_mixin.py:188} INFO - [2026-04-01T13:06:24.789+0000] {dag.py:3096} INFO - Sync 1 DAGs
[2026-04-01T13:06:24.801+0000] {logging_mixin.py:188} INFO - [2026-04-01T13:06:24.801+0000] {dag.py:3954} INFO - Setting next_dagrun for example_local_kubernetes_executor to None, run_after=None
[2026-04-01T13:06:24.817+0000] {processor.py:183} INFO - Processing /home/airflow/.local/lib/python3.12/site-packages/airflow/example_dags/example_local_kubernetes_executor.py took 0.067 seconds
[2026-04-01T13:06:55.058+0000] {processor.py:161} INFO - Started process (PID=998) to work on /home/airflow/.local/lib/python3.12/site-packages/airflow/example_dags/example_local_kubernetes_executor.py
[2026-04-01T13:06:55.058+0000] {processor.py:830} INFO - Processing file /home/airflow/.local/lib/python3.12/site-packages/airflow/example_dags/example_local_kubernetes_executor.py for tasks to queue
[2026-04-01T13:06:55.060+0000] {logging_mixin.py:188} INFO - [2026-04-01T13:06:55.059+0000] {dagbag.py:545} INFO - Filling up the DagBag from /home/airflow/.local/lib/python3.12/site-packages/airflow/example_dags/example_local_kubernetes_executor.py
[2026-04-01T13:06:55.065+0000] {processor.py:840} INFO - DAG(s) 'example_local_kubernetes_executor' retrieved from /home/airflow/.local/lib/python3.12/site-packages/airflow/example_dags/example_local_kubernetes_executor.py
[2026-04-01T13:06:55.088+0000] {logging_mixin.py:188} INFO - [2026-04-01T13:06:55.088+0000] {dag.py:3096} INFO - Sync 1 DAGs
[2026-04-01T13:06:55.097+0000] {logging_mixin.py:188} INFO - [2026-04-01T13:06:55.097+0000] {dag.py:3954} INFO - Setting next_dagrun for example_local_kubernetes_executor to None, run_after=None
[2026-04-01T13:06:55.115+0000] {processor.py:183} INFO - Processing /home/airflow/.local/lib/python3.12/site-packages/airflow/example_dags/example_local_kubernetes_executor.py took 0.062 seconds
[2026-04-01T13:07:25.377+0000] {processor.py:161} INFO - Started process (PID=1056) to work on /home/airflow/.local/lib/python3.12/site-packages/airflow/example_dags/example_local_kubernetes_executor.py
[2026-04-01T13:07:25.377+0000] {processor.py:830} INFO - Processing file /home/airflow/.local/lib/python3.12/site-packages/airflow/example_dags/example_local_kubernetes_executor.py for tasks to queue
[2026-04-01T13:07:25.379+0000] {logging_mixin.py:188} INFO - [2026-04-01T13:07:25.378+0000] {dagbag.py:545} INFO - Filling up the DagBag from /home/airflow/.local/lib/python3.12/site-packages/airflow/example_dags/example_local_kubernetes_executor.py
[2026-04-01T13:07:25.386+0000] {processor.py:840} INFO - DAG(s) 'example_local_kubernetes_executor' retrieved from /home/airflow/.local/lib/python3.12/site-packages/airflow/example_dags/example_local_kubernetes_executor.py
[2026-04-01T13:07:25.410+0000] {logging_mixin.py:188} INFO - [2026-04-01T13:07:25.410+0000] {dag.py:3096} INFO - Sync 1 DAGs
[2026-04-01T13:07:25.421+0000] {logging_mixin.py:188} INFO - [2026-04-01T13:07:25.420+0000] {dag.py:3954} INFO - Setting next_dagrun for example_local_kubernetes_executor to None, run_after=None
[2026-04-01T13:07:25.438+0000] {processor.py:183} INFO - Processing /home/airflow/.local/lib/python3.12/site-packages/airflow/example_dags/example_local_kubernetes_executor.py took 0.067 seconds
[2026-04-01T13:07:55.613+0000] {processor.py:161} INFO - Started process (PID=1114) to work on /home/airflow/.local/lib/python3.12/site-packages/airflow/example_dags/example_local_kubernetes_executor.py
[2026-04-01T13:07:55.614+0000] {processor.py:830} INFO - Processing file /home/airflow/.local/lib/python3.12/site-packages/airflow/example_dags/example_local_kubernetes_executor.py for tasks to queue
[2026-04-01T13:07:55.616+0000] {logging_mixin.py:188} INFO - [2026-04-01T13:07:55.616+0000] {dagbag.py:545} INFO - Filling up the DagBag from /home/airflow/.local/lib/python3.12/site-packages/airflow/example_dags/example_local_kubernetes_executor.py
[2026-04-01T13:07:55.624+0000] {processor.py:840} INFO - DAG(s) 'example_local_kubernetes_executor' retrieved from /home/airflow/.local/lib/python3.12/site-packages/airflow/example_dags/example_local_kubernetes_executor.py
[2026-04-01T13:07:55.650+0000] {logging_mixin.py:188} INFO - [2026-04-01T13:07:55.650+0000] {dag.py:3096} INFO - Sync 1 DAGs
[2026-04-01T13:07:55.661+0000] {logging_mixin.py:188} INFO - [2026-04-01T13:07:55.661+0000] {dag.py:3954} INFO - Setting next_dagrun for example_local_kubernetes_executor to None, run_after=None
[2026-04-01T13:07:55.679+0000] {processor.py:183} INFO - Processing /home/airflow/.local/lib/python3.12/site-packages/airflow/example_dags/example_local_kubernetes_executor.py took 0.071 seconds
[2026-04-01T13:08:25.830+0000] {processor.py:161} INFO - Started process (PID=1172) to work on /home/airflow/.local/lib/python3.12/site-packages/airflow/example_dags/example_local_kubernetes_executor.py
[2026-04-01T13:08:25.831+0000] {processor.py:830} INFO - Processing file /home/airflow/.local/lib/python3.12/site-packages/airflow/example_dags/example_local_kubernetes_executor.py for tasks to queue
[2026-04-01T13:08:25.833+0000] {logging_mixin.py:188} INFO - [2026-04-01T13:08:25.833+0000] {dagbag.py:545} INFO - Filling up the DagBag from /home/airflow/.local/lib/python3.12/site-packages/airflow/example_dags/example_local_kubernetes_executor.py
[2026-04-01T13:08:25.839+0000] {processor.py:840} INFO - DAG(s) 'example_local_kubernetes_executor' retrieved from /home/airflow/.local/lib/python3.12/site-packages/airflow/example_dags/example_local_kubernetes_executor.py
[2026-04-01T13:08:25.863+0000] {logging_mixin.py:188} INFO - [2026-04-01T13:08:25.863+0000] {dag.py:3096} INFO - Sync 1 DAGs
[2026-04-01T13:08:25.872+0000] {logging_mixin.py:188} INFO - [2026-04-01T13:08:25.872+0000] {dag.py:3954} INFO - Setting next_dagrun for example_local_kubernetes_executor to None, run_after=None
[2026-04-01T13:08:25.886+0000] {processor.py:183} INFO - Processing /home/airflow/.local/lib/python3.12/site-packages/airflow/example_dags/example_local_kubernetes_executor.py took 0.062 seconds
[2026-04-01T13:08:56.162+0000] {processor.py:161} INFO - Started process (PID=1230) to work on /home/airflow/.local/lib/python3.12/site-packages/airflow/example_dags/example_local_kubernetes_executor.py
[2026-04-01T13:08:56.163+0000] {processor.py:830} INFO - Processing file /home/airflow/.local/lib/python3.12/site-packages/airflow/example_dags/example_local_kubernetes_executor.py for tasks to queue
[2026-04-01T13:08:56.165+0000] {logging_mixin.py:188} INFO - [2026-04-01T13:08:56.165+0000] {dagbag.py:545} INFO - Filling up the DagBag from /home/airflow/.local/lib/python3.12/site-packages/airflow/example_dags/example_local_kubernetes_executor.py
[2026-04-01T13:08:56.171+0000] {processor.py:840} INFO - DAG(s) 'example_local_kubernetes_executor' retrieved from /home/airflow/.local/lib/python3.12/site-packages/airflow/example_dags/example_local_kubernetes_executor.py
[2026-04-01T13:08:56.198+0000] {logging_mixin.py:188} INFO - [2026-04-01T13:08:56.198+0000] {dag.py:3096} INFO - Sync 1 DAGs
[2026-04-01T13:08:56.209+0000] {logging_mixin.py:188} INFO - [2026-04-01T13:08:56.209+0000] {dag.py:3954} INFO - Setting next_dagrun for example_local_kubernetes_executor to None, run_after=None
[2026-04-01T13:08:56.229+0000] {processor.py:183} INFO - Processing /home/airflow/.local/lib/python3.12/site-packages/airflow/example_dags/example_local_kubernetes_executor.py took 0.071 seconds
[2026-04-01T13:09:26.586+0000] {processor.py:161} INFO - Started process (PID=1288) to work on /home/airflow/.local/lib/python3.12/site-packages/airflow/example_dags/example_local_kubernetes_executor.py
[2026-04-01T13:09:26.587+0000] {processor.py:830} INFO - Processing file /home/airflow/.local/lib/python3.12/site-packages/airflow/example_dags/example_local_kubernetes_executor.py for tasks to queue
[2026-04-01T13:09:26.588+0000] {logging_mixin.py:188} INFO - [2026-04-01T13:09:26.588+0000] {dagbag.py:545} INFO - Filling up the DagBag from /home/airflow/.local/lib/python3.12/site-packages/airflow/example_dags/example_local_kubernetes_executor.py
[2026-04-01T13:09:26.594+0000] {processor.py:840} INFO - DAG(s) 'example_local_kubernetes_executor' retrieved from /home/airflow/.local/lib/python3.12/site-packages/airflow/example_dags/example_local_kubernetes_executor.py
[2026-04-01T13:09:26.618+0000] {logging_mixin.py:188} INFO - [2026-04-01T13:09:26.618+0000] {dag.py:3096} INFO - Sync 1 DAGs
[2026-04-01T13:09:26.629+0000] {logging_mixin.py:188} INFO - [2026-04-01T13:09:26.628+0000] {dag.py:3954} INFO - Setting next_dagrun for example_local_kubernetes_executor to None, run_after=None
[2026-04-01T13:09:26.645+0000] {processor.py:183} INFO - Processing /home/airflow/.local/lib/python3.12/site-packages/airflow/example_dags/example_local_kubernetes_executor.py took 0.064 seconds
[2026-04-01T13:09:56.998+0000] {processor.py:161} INFO - Started process (PID=1346) to work on /home/airflow/.local/lib/python3.12/site-packages/airflow/example_dags/example_local_kubernetes_executor.py
[2026-04-01T13:09:56.999+0000] {processor.py:830} INFO - Processing file /home/airflow/.local/lib/python3.12/site-packages/airflow/example_dags/example_local_kubernetes_executor.py for tasks to queue
[2026-04-01T13:09:57.001+0000] {logging_mixin.py:188} INFO - [2026-04-01T13:09:57.000+0000] {dagbag.py:545} INFO - Filling up the DagBag from /home/airflow/.local/lib/python3.12/site-packages/airflow/example_dags/example_local_kubernetes_executor.py
[2026-04-01T13:09:57.006+0000] {processor.py:840} INFO - DAG(s) 'example_local_kubernetes_executor' retrieved from /home/airflow/.local/lib/python3.12/site-packages/airflow/example_dags/example_local_kubernetes_executor.py
[2026-04-01T13:09:57.037+0000] {logging_mixin.py:188} INFO - [2026-04-01T13:09:57.037+0000] {dag.py:3096} INFO - Sync 1 DAGs
[2026-04-01T13:09:57.049+0000] {logging_mixin.py:188} INFO - [2026-04-01T13:09:57.049+0000] {dag.py:3954} INFO - Setting next_dagrun for example_local_kubernetes_executor to None, run_after=None
[2026-04-01T13:09:57.067+0000] {processor.py:183} INFO - Processing /home/airflow/.local/lib/python3.12/site-packages/airflow/example_dags/example_local_kubernetes_executor.py took 0.073 seconds
[2026-04-01T13:10:27.174+0000] {processor.py:161} INFO - Started process (PID=1404) to work on /home/airflow/.local/lib/python3.12/site-packages/airflow/example_dags/example_local_kubernetes_executor.py
[2026-04-01T13:10:27.175+0000] {processor.py:830} INFO - Processing file /home/airflow/.local/lib/python3.12/site-packages/airflow/example_dags/example_local_kubernetes_executor.py for tasks to queue
[2026-04-01T13:10:27.177+0000] {logging_mixin.py:188} INFO - [2026-04-01T13:10:27.177+0000] {dagbag.py:545} INFO - Filling up the DagBag from /home/airflow/.local/lib/python3.12/site-packages/airflow/example_dags/example_local_kubernetes_executor.py
[2026-04-01T13:10:27.184+0000] {processor.py:840} INFO - DAG(s) 'example_local_kubernetes_executor' retrieved from /home/airflow/.local/lib/python3.12/site-packages/airflow/example_dags/example_local_kubernetes_executor.py
[2026-04-01T13:10:27.209+0000] {logging_mixin.py:188} INFO - [2026-04-01T13:10:27.208+0000] {dag.py:3096} INFO - Sync 1 DAGs
[2026-04-01T13:10:27.218+0000] {logging_mixin.py:188} INFO - [2026-04-01T13:10:27.218+0000] {dag.py:3954} INFO - Setting next_dagrun for example_local_kubernetes_executor to None, run_after=None
[2026-04-01T13:10:27.236+0000] {processor.py:183} INFO - Processing /home/airflow/.local/lib/python3.12/site-packages/airflow/example_dags/example_local_kubernetes_executor.py took 0.067 seconds
[2026-04-01T13:10:57.779+0000] {processor.py:161} INFO - Started process (PID=1462) to work on /home/airflow/.local/lib/python3.12/site-packages/airflow/example_dags/example_local_kubernetes_executor.py
[2026-04-01T13:10:57.780+0000] {processor.py:830} INFO - Processing file /home/airflow/.local/lib/python3.12/site-packages/airflow/example_dags/example_local_kubernetes_executor.py for tasks to queue
[2026-04-01T13:10:57.782+0000] {logging_mixin.py:188} INFO - [2026-04-01T13:10:57.782+0000] {dagbag.py:545} INFO - Filling up the DagBag from /home/airflow/.local/lib/python3.12/site-packages/airflow/example_dags/example_local_kubernetes_executor.py
[2026-04-01T13:10:57.789+0000] {processor.py:840} INFO - DAG(s) 'example_local_kubernetes_executor' retrieved from /home/airflow/.local/lib/python3.12/site-packages/airflow/example_dags/example_local_kubernetes_executor.py
[2026-04-01T13:10:57.817+0000] {logging_mixin.py:188} INFO - [2026-04-01T13:10:57.816+0000] {dag.py:3096} INFO - Sync 1 DAGs
[2026-04-01T13:10:57.826+0000] {logging_mixin.py:188} INFO - [2026-04-01T13:10:57.826+0000] {dag.py:3954} INFO - Setting next_dagrun for example_local_kubernetes_executor to None, run_after=None
[2026-04-01T13:10:57.843+0000] {processor.py:183} INFO - Processing /home/airflow/.local/lib/python3.12/site-packages/airflow/example_dags/example_local_kubernetes_executor.py took 0.068 seconds
[2026-04-01T13:11:28.073+0000] {processor.py:161} INFO - Started process (PID=1520) to work on /home/airflow/.local/lib/python3.12/site-packages/airflow/example_dags/example_local_kubernetes_executor.py
[2026-04-01T13:11:28.074+0000] {processor.py:830} INFO - Processing file /home/airflow/.local/lib/python3.12/site-packages/airflow/example_dags/example_local_kubernetes_executor.py for tasks to queue
[2026-04-01T13:11:28.076+0000] {logging_mixin.py:188} INFO - [2026-04-01T13:11:28.075+0000] {dagbag.py:545} INFO - Filling up the DagBag from /home/airflow/.local/lib/python3.12/site-packages/airflow/example_dags/example_local_kubernetes_executor.py
[2026-04-01T13:11:28.081+0000] {processor.py:840} INFO - DAG(s) 'example_local_kubernetes_executor' retrieved from /home/airflow/.local/lib/python3.12/site-packages/airflow/example_dags/example_local_kubernetes_executor.py
[2026-04-01T13:11:28.104+0000] {logging_mixin.py:188} INFO - [2026-04-01T13:11:28.104+0000] {dag.py:3096} INFO - Sync 1 DAGs
[2026-04-01T13:11:28.112+0000] {logging_mixin.py:188} INFO - [2026-04-01T13:11:28.112+0000] {dag.py:3954} INFO - Setting next_dagrun for example_local_kubernetes_executor to None, run_after=None
[2026-04-01T13:11:28.127+0000] {processor.py:183} INFO - Processing /home/airflow/.local/lib/python3.12/site-packages/airflow/example_dags/example_local_kubernetes_executor.py took 0.058 seconds
[2026-04-01T13:11:58.430+0000] {processor.py:161} INFO - Started process (PID=1578) to work on /home/airflow/.local/lib/python3.12/site-packages/airflow/example_dags/example_local_kubernetes_executor.py
[2026-04-01T13:11:58.431+0000] {processor.py:830} INFO - Processing file /home/airflow/.local/lib/python3.12/site-packages/airflow/example_dags/example_local_kubernetes_executor.py for tasks to queue
[2026-04-01T13:11:58.432+0000] {logging_mixin.py:188} INFO - [2026-04-01T13:11:58.432+0000] {dagbag.py:545} INFO - Filling up the DagBag from /home/airflow/.local/lib/python3.12/site-packages/airflow/example_dags/example_local_kubernetes_executor.py
[2026-04-01T13:11:58.438+0000] {processor.py:840} INFO - DAG(s) 'example_local_kubernetes_executor' retrieved from /home/airflow/.local/lib/python3.12/site-packages/airflow/example_dags/example_local_kubernetes_executor.py
[2026-04-01T13:11:58.464+0000] {logging_mixin.py:188} INFO - [2026-04-01T13:11:58.464+0000] {dag.py:3096} INFO - Sync 1 DAGs
[2026-04-01T13:11:58.483+0000] {logging_mixin.py:188} INFO - [2026-04-01T13:11:58.483+0000] {dag.py:3954} INFO - Setting next_dagrun for example_local_kubernetes_executor to None, run_after=None
[2026-04-01T13:11:58.505+0000] {processor.py:183} INFO - Processing /home/airflow/.local/lib/python3.12/site-packages/airflow/example_dags/example_local_kubernetes_executor.py took 0.080 seconds
[2026-04-01T13:12:28.929+0000] {processor.py:161} INFO - Started process (PID=1636) to work on /home/airflow/.local/lib/python3.12/site-packages/airflow/example_dags/example_local_kubernetes_executor.py
[2026-04-01T13:12:28.930+0000] {processor.py:830} INFO - Processing file /home/airflow/.local/lib/python3.12/site-packages/airflow/example_dags/example_local_kubernetes_executor.py for tasks to queue
[2026-04-01T13:12:28.931+0000] {logging_mixin.py:188} INFO - [2026-04-01T13:12:28.931+0000] {dagbag.py:545} INFO - Filling up the DagBag from /home/airflow/.local/lib/python3.12/site-packages/airflow/example_dags/example_local_kubernetes_executor.py
[2026-04-01T13:12:28.937+0000] {processor.py:840} INFO - DAG(s) 'example_local_kubernetes_executor' retrieved from /home/airflow/.local/lib/python3.12/site-packages/airflow/example_dags/example_local_kubernetes_executor.py
[2026-04-01T13:12:28.962+0000] {logging_mixin.py:188} INFO - [2026-04-01T13:12:28.962+0000] {dag.py:3096} INFO - Sync 1 DAGs
[2026-04-01T13:12:28.972+0000] {logging_mixin.py:188} INFO - [2026-04-01T13:12:28.972+0000] {dag.py:3954} INFO - Setting next_dagrun for example_local_kubernetes_executor to None, run_after=None
[2026-04-01T13:12:28.989+0000] {processor.py:183} INFO - Processing /home/airflow/.local/lib/python3.12/site-packages/airflow/example_dags/example_local_kubernetes_executor.py took 0.064 seconds
[2026-04-01T13:12:59.192+0000] {processor.py:161} INFO - Started process (PID=1694) to work on /home/airflow/.local/lib/python3.12/site-packages/airflow/example_dags/example_local_kubernetes_executor.py
[2026-04-01T13:12:59.193+0000] {processor.py:830} INFO - Processing file /home/airflow/.local/lib/python3.12/site-packages/airflow/example_dags/example_local_kubernetes_executor.py for tasks to queue
[2026-04-01T13:12:59.195+0000] {logging_mixin.py:188} INFO - [2026-04-01T13:12:59.194+0000] {dagbag.py:545} INFO - Filling up the DagBag from /home/airflow/.local/lib/python3.12/site-packages/airflow/example_dags/example_local_kubernetes_executor.py
[2026-04-01T13:12:59.201+0000] {processor.py:840} INFO - DAG(s) 'example_local_kubernetes_executor' retrieved from /home/airflow/.local/lib/python3.12/site-packages/airflow/example_dags/example_local_kubernetes_executor.py
[2026-04-01T13:12:59.227+0000] {logging_mixin.py:188} INFO - [2026-04-01T13:12:59.227+0000] {dag.py:3096} INFO - Sync 1 DAGs
[2026-04-01T13:12:59.235+0000] {logging_mixin.py:188} INFO - [2026-04-01T13:12:59.235+0000] {dag.py:3954} INFO - Setting next_dagrun for example_local_kubernetes_executor to None, run_after=None
[2026-04-01T13:12:59.250+0000] {processor.py:183} INFO - Processing /home/airflow/.local/lib/python3.12/site-packages/airflow/example_dags/example_local_kubernetes_executor.py took 0.063 seconds
[2026-04-01T13:13:29.408+0000] {processor.py:161} INFO - Started process (PID=1752) to work on /home/airflow/.local/lib/python3.12/site-packages/airflow/example_dags/example_local_kubernetes_executor.py
[2026-04-01T13:13:29.409+0000] {processor.py:830} INFO - Processing file /home/airflow/.local/lib/python3.12/site-packages/airflow/example_dags/example_local_kubernetes_executor.py for tasks to queue
[2026-04-01T13:13:29.410+0000] {logging_mixin.py:188} INFO - [2026-04-01T13:13:29.410+0000] {dagbag.py:545} INFO - Filling up the DagBag from /home/airflow/.local/lib/python3.12/site-packages/airflow/example_dags/example_local_kubernetes_executor.py
[2026-04-01T13:13:29.416+0000] {processor.py:840} INFO - DAG(s) 'example_local_kubernetes_executor' retrieved from /home/airflow/.local/lib/python3.12/site-packages/airflow/example_dags/example_local_kubernetes_executor.py
[2026-04-01T13:13:29.440+0000] {logging_mixin.py:188} INFO - [2026-04-01T13:13:29.440+0000] {dag.py:3096} INFO - Sync 1 DAGs
[2026-04-01T13:13:29.450+0000] {logging_mixin.py:188} INFO - [2026-04-01T13:13:29.450+0000] {dag.py:3954} INFO - Setting next_dagrun for example_local_kubernetes_executor to None, run_after=None
[2026-04-01T13:13:29.471+0000] {processor.py:183} INFO - Processing /home/airflow/.local/lib/python3.12/site-packages/airflow/example_dags/example_local_kubernetes_executor.py took 0.068 seconds
[2026-04-01T13:14:00.002+0000] {processor.py:161} INFO - Started process (PID=1810) to work on /home/airflow/.local/lib/python3.12/site-packages/airflow/example_dags/example_local_kubernetes_executor.py
[2026-04-01T13:14:00.004+0000] {processor.py:830} INFO - Processing file /home/airflow/.local/lib/python3.12/site-packages/airflow/example_dags/example_local_kubernetes_executor.py for tasks to queue
[2026-04-01T13:14:00.006+0000] {logging_mixin.py:188} INFO - [2026-04-01T13:14:00.006+0000] {dagbag.py:545} INFO - Filling up the DagBag from /home/airflow/.local/lib/python3.12/site-packages/airflow/example_dags/example_local_kubernetes_executor.py
[2026-04-01T13:14:00.012+0000] {processor.py:840} INFO - DAG(s) 'example_local_kubernetes_executor' retrieved from /home/airflow/.local/lib/python3.12/site-packages/airflow/example_dags/example_local_kubernetes_executor.py
[2026-04-01T13:14:00.036+0000] {logging_mixin.py:188} INFO - [2026-04-01T13:14:00.036+0000] {dag.py:3096} INFO - Sync 1 DAGs
[2026-04-01T13:14:00.049+0000] {logging_mixin.py:188} INFO - [2026-04-01T13:14:00.049+0000] {dag.py:3954} INFO - Setting next_dagrun for example_local_kubernetes_executor to None, run_after=None
[2026-04-01T13:14:00.063+0000] {processor.py:183} INFO - Processing /home/airflow/.local/lib/python3.12/site-packages/airflow/example_dags/example_local_kubernetes_executor.py took 0.066 seconds
[2026-04-01T13:14:30.449+0000] {processor.py:161} INFO - Started process (PID=1868) to work on /home/airflow/.local/lib/python3.12/site-packages/airflow/example_dags/example_local_kubernetes_executor.py
[2026-04-01T13:14:30.450+0000] {processor.py:830} INFO - Processing file /home/airflow/.local/lib/python3.12/site-packages/airflow/example_dags/example_local_kubernetes_executor.py for tasks to queue
[2026-04-01T13:14:30.451+0000] {logging_mixin.py:188} INFO - [2026-04-01T13:14:30.451+0000] {dagbag.py:545} INFO - Filling up the DagBag from /home/airflow/.local/lib/python3.12/site-packages/airflow/example_dags/example_local_kubernetes_executor.py
[2026-04-01T13:14:30.457+0000] {processor.py:840} INFO - DAG(s) 'example_local_kubernetes_executor' retrieved from /home/airflow/.local/lib/python3.12/site-packages/airflow/example_dags/example_local_kubernetes_executor.py
[2026-04-01T13:14:30.482+0000] {logging_mixin.py:188} INFO - [2026-04-01T13:14:30.482+0000] {dag.py:3096} INFO - Sync 1 DAGs
[2026-04-01T13:14:30.491+0000] {logging_mixin.py:188} INFO - [2026-04-01T13:14:30.491+0000] {dag.py:3954} INFO - Setting next_dagrun for example_local_kubernetes_executor to None, run_after=None
[2026-04-01T13:14:30.507+0000] {processor.py:183} INFO - Processing /home/airflow/.local/lib/python3.12/site-packages/airflow/example_dags/example_local_kubernetes_executor.py took 0.063 seconds
[2026-04-01T13:15:00.907+0000] {processor.py:161} INFO - Started process (PID=1926) to work on /home/airflow/.local/lib/python3.12/site-packages/airflow/example_dags/example_local_kubernetes_executor.py
[2026-04-01T13:15:00.908+0000] {processor.py:830} INFO - Processing file /home/airflow/.local/lib/python3.12/site-packages/airflow/example_dags/example_local_kubernetes_executor.py for tasks to queue
[2026-04-01T13:15:00.910+0000] {logging_mixin.py:188} INFO - [2026-04-01T13:15:00.910+0000] {dagbag.py:545} INFO - Filling up the DagBag from /home/airflow/.local/lib/python3.12/site-packages/airflow/example_dags/example_local_kubernetes_executor.py
[2026-04-01T13:15:00.916+0000] {processor.py:840} INFO - DAG(s) 'example_local_kubernetes_executor' retrieved from /home/airflow/.local/lib/python3.12/site-packages/airflow/example_dags/example_local_kubernetes_executor.py
[2026-04-01T13:15:00.943+0000] {logging_mixin.py:188} INFO - [2026-04-01T13:15:00.942+0000] {dag.py:3096} INFO - Sync 1 DAGs
[2026-04-01T13:15:00.952+0000] {logging_mixin.py:188} INFO - [2026-04-01T13:15:00.952+0000] {dag.py:3954} INFO - Setting next_dagrun for example_local_kubernetes_executor to None, run_after=None
[2026-04-01T13:15:00.970+0000] {processor.py:183} INFO - Processing /home/airflow/.local/lib/python3.12/site-packages/airflow/example_dags/example_local_kubernetes_executor.py took 0.068 seconds
[2026-04-01T13:15:31.100+0000] {processor.py:161} INFO - Started process (PID=1984) to work on /home/airflow/.local/lib/python3.12/site-packages/airflow/example_dags/example_local_kubernetes_executor.py
[2026-04-01T13:15:31.101+0000] {processor.py:830} INFO - Processing file /home/airflow/.local/lib/python3.12/site-packages/airflow/example_dags/example_local_kubernetes_executor.py for tasks to queue
[2026-04-01T13:15:31.103+0000] {logging_mixin.py:188} INFO - [2026-04-01T13:15:31.102+0000] {dagbag.py:545} INFO - Filling up the DagBag from /home/airflow/.local/lib/python3.12/site-packages/airflow/example_dags/example_local_kubernetes_executor.py
[2026-04-01T13:15:31.108+0000] {processor.py:840} INFO - DAG(s) 'example_local_kubernetes_executor' retrieved from /home/airflow/.local/lib/python3.12/site-packages/airflow/example_dags/example_local_kubernetes_executor.py
[2026-04-01T13:15:31.130+0000] {logging_mixin.py:188} INFO - [2026-04-01T13:15:31.130+0000] {dag.py:3096} INFO - Sync 1 DAGs
[2026-04-01T13:15:31.138+0000] {logging_mixin.py:188} INFO - [2026-04-01T13:15:31.138+0000] {dag.py:3954} INFO - Setting next_dagrun for example_local_kubernetes_executor to None, run_after=None
[2026-04-01T13:15:31.153+0000] {processor.py:183} INFO - Processing /home/airflow/.local/lib/python3.12/site-packages/airflow/example_dags/example_local_kubernetes_executor.py took 0.057 seconds
[2026-04-01T13:16:01.679+0000] {processor.py:161} INFO - Started process (PID=2042) to work on /home/airflow/.local/lib/python3.12/site-packages/airflow/example_dags/example_local_kubernetes_executor.py
[2026-04-01T13:16:01.680+0000] {processor.py:830} INFO - Processing file /home/airflow/.local/lib/python3.12/site-packages/airflow/example_dags/example_local_kubernetes_executor.py for tasks to queue
[2026-04-01T13:16:01.682+0000] {logging_mixin.py:188} INFO - [2026-04-01T13:16:01.681+0000] {dagbag.py:545} INFO - Filling up the DagBag from /home/airflow/.local/lib/python3.12/site-packages/airflow/example_dags/example_local_kubernetes_executor.py
[2026-04-01T13:16:01.690+0000] {processor.py:840} INFO - DAG(s) 'example_local_kubernetes_executor' retrieved from /home/airflow/.local/lib/python3.12/site-packages/airflow/example_dags/example_local_kubernetes_executor.py
[2026-04-01T13:16:01.719+0000] {logging_mixin.py:188} INFO - [2026-04-01T13:16:01.718+0000] {dag.py:3096} INFO - Sync 1 DAGs
[2026-04-01T13:16:01.728+0000] {logging_mixin.py:188} INFO - [2026-04-01T13:16:01.728+0000] {dag.py:3954} INFO - Setting next_dagrun for example_local_kubernetes_executor to None, run_after=None
[2026-04-01T13:16:01.745+0000] {processor.py:183} INFO - Processing /home/airflow/.local/lib/python3.12/site-packages/airflow/example_dags/example_local_kubernetes_executor.py took 0.071 seconds
[2026-04-01T13:16:32.792+0000] {processor.py:161} INFO - Started process (PID=2100) to work on /home/airflow/.local/lib/python3.12/site-packages/airflow/example_dags/example_local_kubernetes_executor.py
[2026-04-01T13:16:32.793+0000] {processor.py:830} INFO - Processing file /home/airflow/.local/lib/python3.12/site-packages/airflow/example_dags/example_local_kubernetes_executor.py for tasks to queue
[2026-04-01T13:16:32.794+0000] {logging_mixin.py:188} INFO - [2026-04-01T13:16:32.794+0000] {dagbag.py:545} INFO - Filling up the DagBag from /home/airflow/.local/lib/python3.12/site-packages/airflow/example_dags/example_local_kubernetes_executor.py
[2026-04-01T13:16:32.800+0000] {processor.py:840} INFO - DAG(s) 'example_local_kubernetes_executor' retrieved from /home/airflow/.local/lib/python3.12/site-packages/airflow/example_dags/example_local_kubernetes_executor.py
[2026-04-01T13:16:32.927+0000] {logging_mixin.py:188} INFO - [2026-04-01T13:16:32.926+0000] {dag.py:3096} INFO - Sync 1 DAGs
[2026-04-01T13:16:32.934+0000] {logging_mixin.py:188} INFO - [2026-04-01T13:16:32.934+0000] {dag.py:3954} INFO - Setting next_dagrun for example_local_kubernetes_executor to None, run_after=None
[2026-04-01T13:16:32.950+0000] {processor.py:183} INFO - Processing /home/airflow/.local/lib/python3.12/site-packages/airflow/example_dags/example_local_kubernetes_executor.py took 0.162 seconds
[2026-04-01T13:17:03.599+0000] {processor.py:161} INFO - Started process (PID=2158) to work on /home/airflow/.local/lib/python3.12/site-packages/airflow/example_dags/example_local_kubernetes_executor.py
[2026-04-01T13:17:03.599+0000] {processor.py:830} INFO - Processing file /home/airflow/.local/lib/python3.12/site-packages/airflow/example_dags/example_local_kubernetes_executor.py for tasks to queue
[2026-04-01T13:17:03.601+0000] {logging_mixin.py:188} INFO - [2026-04-01T13:17:03.600+0000] {dagbag.py:545} INFO - Filling up the DagBag from /home/airflow/.local/lib/python3.12/site-packages/airflow/example_dags/example_local_kubernetes_executor.py
[2026-04-01T13:17:03.606+0000] {processor.py:840} INFO - DAG(s) 'example_local_kubernetes_executor' retrieved from /home/airflow/.local/lib/python3.12/site-packages/airflow/example_dags/example_local_kubernetes_executor.py
[2026-04-01T13:17:03.630+0000] {logging_mixin.py:188} INFO - [2026-04-01T13:17:03.629+0000] {dag.py:3096} INFO - Sync 1 DAGs
[2026-04-01T13:17:03.638+0000] {logging_mixin.py:188} INFO - [2026-04-01T13:17:03.637+0000] {dag.py:3954} INFO - Setting next_dagrun for example_local_kubernetes_executor to None, run_after=None
[2026-04-01T13:17:03.652+0000] {processor.py:183} INFO - Processing /home/airflow/.local/lib/python3.12/site-packages/airflow/example_dags/example_local_kubernetes_executor.py took 0.058 seconds
[2026-04-01T13:17:33.970+0000] {processor.py:161} INFO - Started process (PID=2216) to work on /home/airflow/.local/lib/python3.12/site-packages/airflow/example_dags/example_local_kubernetes_executor.py
[2026-04-01T13:17:33.971+0000] {processor.py:830} INFO - Processing file /home/airflow/.local/lib/python3.12/site-packages/airflow/example_dags/example_local_kubernetes_executor.py for tasks to queue
[2026-04-01T13:17:33.972+0000] {logging_mixin.py:188} INFO - [2026-04-01T13:17:33.972+0000] {dagbag.py:545} INFO - Filling up the DagBag from /home/airflow/.local/lib/python3.12/site-packages/airflow/example_dags/example_local_kubernetes_executor.py
[2026-04-01T13:17:33.978+0000] {processor.py:840} INFO - DAG(s) 'example_local_kubernetes_executor' retrieved from /home/airflow/.local/lib/python3.12/site-packages/airflow/example_dags/example_local_kubernetes_executor.py
[2026-04-01T13:17:34.004+0000] {logging_mixin.py:188} INFO - [2026-04-01T13:17:34.004+0000] {dag.py:3096} INFO - Sync 1 DAGs
[2026-04-01T13:17:34.013+0000] {logging_mixin.py:188} INFO - [2026-04-01T13:17:34.013+0000] {dag.py:3954} INFO - Setting next_dagrun for example_local_kubernetes_executor to None, run_after=None
[2026-04-01T13:17:34.032+0000] {processor.py:183} INFO - Processing /home/airflow/.local/lib/python3.12/site-packages/airflow/example_dags/example_local_kubernetes_executor.py took 0.067 seconds
[2026-04-01T13:18:04.171+0000] {processor.py:161} INFO - Started process (PID=2274) to work on /home/airflow/.local/lib/python3.12/site-packages/airflow/example_dags/example_local_kubernetes_executor.py
[2026-04-01T13:18:04.172+0000] {processor.py:830} INFO - Processing file /home/airflow/.local/lib/python3.12/site-packages/airflow/example_dags/example_local_kubernetes_executor.py for tasks to queue
[2026-04-01T13:18:04.173+0000] {logging_mixin.py:188} INFO - [2026-04-01T13:18:04.173+0000] {dagbag.py:545} INFO - Filling up the DagBag from /home/airflow/.local/lib/python3.12/site-packages/airflow/example_dags/example_local_kubernetes_executor.py
[2026-04-01T13:18:04.179+0000] {processor.py:840} INFO - DAG(s) 'example_local_kubernetes_executor' retrieved from /home/airflow/.local/lib/python3.12/site-packages/airflow/example_dags/example_local_kubernetes_executor.py
[2026-04-01T13:18:04.206+0000] {logging_mixin.py:188} INFO - [2026-04-01T13:18:04.206+0000] {dag.py:3096} INFO - Sync 1 DAGs
[2026-04-01T13:18:04.215+0000] {logging_mixin.py:188} INFO - [2026-04-01T13:18:04.215+0000] {dag.py:3954} INFO - Setting next_dagrun for example_local_kubernetes_executor to None, run_after=None
[2026-04-01T13:18:04.231+0000] {processor.py:183} INFO - Processing /home/airflow/.local/lib/python3.12/site-packages/airflow/example_dags/example_local_kubernetes_executor.py took 0.064 seconds
[2026-04-01T13:18:34.578+0000] {processor.py:161} INFO - Started process (PID=2332) to work on /home/airflow/.local/lib/python3.12/site-packages/airflow/example_dags/example_local_kubernetes_executor.py
[2026-04-01T13:18:34.579+0000] {processor.py:830} INFO - Processing file /home/airflow/.local/lib/python3.12/site-packages/airflow/example_dags/example_local_kubernetes_executor.py for tasks to queue
[2026-04-01T13:18:34.580+0000] {logging_mixin.py:188} INFO - [2026-04-01T13:18:34.580+0000] {dagbag.py:545} INFO - Filling up the DagBag from /home/airflow/.local/lib/python3.12/site-packages/airflow/example_dags/example_local_kubernetes_executor.py
[2026-04-01T13:18:34.586+0000] {processor.py:840} INFO - DAG(s) 'example_local_kubernetes_executor' retrieved from /home/airflow/.local/lib/python3.12/site-packages/airflow/example_dags/example_local_kubernetes_executor.py
[2026-04-01T13:18:34.615+0000] {logging_mixin.py:188} INFO - [2026-04-01T13:18:34.615+0000] {dag.py:3096} INFO - Sync 1 DAGs
[2026-04-01T13:18:34.627+0000] {logging_mixin.py:188} INFO - [2026-04-01T13:18:34.626+0000] {dag.py:3954} INFO - Setting next_dagrun for example_local_kubernetes_executor to None, run_after=None
[2026-04-01T13:18:34.643+0000] {processor.py:183} INFO - Processing /home/airflow/.local/lib/python3.12/site-packages/airflow/example_dags/example_local_kubernetes_executor.py took 0.069 seconds
[2026-04-01T13:19:05.183+0000] {processor.py:161} INFO - Started process (PID=2390) to work on /home/airflow/.local/lib/python3.12/site-packages/airflow/example_dags/example_local_kubernetes_executor.py
[2026-04-01T13:19:05.184+0000] {processor.py:830} INFO - Processing file /home/airflow/.local/lib/python3.12/site-packages/airflow/example_dags/example_local_kubernetes_executor.py for tasks to queue
[2026-04-01T13:19:05.185+0000] {logging_mixin.py:188} INFO - [2026-04-01T13:19:05.185+0000] {dagbag.py:545} INFO - Filling up the DagBag from /home/airflow/.local/lib/python3.12/site-packages/airflow/example_dags/example_local_kubernetes_executor.py
[2026-04-01T13:19:05.191+0000] {processor.py:840} INFO - DAG(s) 'example_local_kubernetes_executor' retrieved from /home/airflow/.local/lib/python3.12/site-packages/airflow/example_dags/example_local_kubernetes_executor.py
[2026-04-01T13:19:05.218+0000] {logging_mixin.py:188} INFO - [2026-04-01T13:19:05.218+0000] {dag.py:3096} INFO - Sync 1 DAGs
[2026-04-01T13:19:05.227+0000] {logging_mixin.py:188} INFO - [2026-04-01T13:19:05.227+0000] {dag.py:3954} INFO - Setting next_dagrun for example_local_kubernetes_executor to None, run_after=None
[2026-04-01T13:19:05.245+0000] {processor.py:183} INFO - Processing /home/airflow/.local/lib/python3.12/site-packages/airflow/example_dags/example_local_kubernetes_executor.py took 0.066 seconds
[2026-04-01T13:19:35.501+0000] {processor.py:161} INFO - Started process (PID=2448) to work on /home/airflow/.local/lib/python3.12/site-packages/airflow/example_dags/example_local_kubernetes_executor.py
[2026-04-01T13:19:35.502+0000] {processor.py:830} INFO - Processing file /home/airflow/.local/lib/python3.12/site-packages/airflow/example_dags/example_local_kubernetes_executor.py for tasks to queue
[2026-04-01T13:19:35.504+0000] {logging_mixin.py:188} INFO - [2026-04-01T13:19:35.503+0000] {dagbag.py:545} INFO - Filling up the DagBag from /home/airflow/.local/lib/python3.12/site-packages/airflow/example_dags/example_local_kubernetes_executor.py
[2026-04-01T13:19:35.509+0000] {processor.py:840} INFO - DAG(s) 'example_local_kubernetes_executor' retrieved from /home/airflow/.local/lib/python3.12/site-packages/airflow/example_dags/example_local_kubernetes_executor.py
[2026-04-01T13:19:35.537+0000] {logging_mixin.py:188} INFO - [2026-04-01T13:19:35.537+0000] {dag.py:3096} INFO - Sync 1 DAGs
[2026-04-01T13:19:35.545+0000] {logging_mixin.py:188} INFO - [2026-04-01T13:19:35.545+0000] {dag.py:3954} INFO - Setting next_dagrun for example_local_kubernetes_executor to None, run_after=None
[2026-04-01T13:19:35.561+0000] {processor.py:183} INFO - Processing /home/airflow/.local/lib/python3.12/site-packages/airflow/example_dags/example_local_kubernetes_executor.py took 0.065 seconds
[2026-04-01T13:20:05.961+0000] {processor.py:161} INFO - Started process (PID=2506) to work on /home/airflow/.local/lib/python3.12/site-packages/airflow/example_dags/example_local_kubernetes_executor.py
[2026-04-01T13:20:05.962+0000] {processor.py:830} INFO - Processing file /home/airflow/.local/lib/python3.12/site-packages/airflow/example_dags/example_local_kubernetes_executor.py for tasks to queue
[2026-04-01T13:20:05.964+0000] {logging_mixin.py:188} INFO - [2026-04-01T13:20:05.964+0000] {dagbag.py:545} INFO - Filling up the DagBag from /home/airflow/.local/lib/python3.12/site-packages/airflow/example_dags/example_local_kubernetes_executor.py
[2026-04-01T13:20:05.970+0000] {processor.py:840} INFO - DAG(s) 'example_local_kubernetes_executor' retrieved from /home/airflow/.local/lib/python3.12/site-packages/airflow/example_dags/example_local_kubernetes_executor.py
[2026-04-01T13:20:05.997+0000] {logging_mixin.py:188} INFO - [2026-04-01T13:20:05.997+0000] {dag.py:3096} INFO - Sync 1 DAGs
[2026-04-01T13:20:06.006+0000] {logging_mixin.py:188} INFO - [2026-04-01T13:20:06.006+0000] {dag.py:3954} INFO - Setting next_dagrun for example_local_kubernetes_executor to None, run_after=None
[2026-04-01T13:20:06.025+0000] {processor.py:183} INFO - Processing /home/airflow/.local/lib/python3.12/site-packages/airflow/example_dags/example_local_kubernetes_executor.py took 0.068 seconds
[2026-04-01T13:20:36.453+0000] {processor.py:161} INFO - Started process (PID=2564) to work on /home/airflow/.local/lib/python3.12/site-packages/airflow/example_dags/example_local_kubernetes_executor.py
[2026-04-01T13:20:36.454+0000] {processor.py:830} INFO - Processing file /home/airflow/.local/lib/python3.12/site-packages/airflow/example_dags/example_local_kubernetes_executor.py for tasks to queue
[2026-04-01T13:20:36.455+0000] {logging_mixin.py:188} INFO - [2026-04-01T13:20:36.455+0000] {dagbag.py:545} INFO - Filling up the DagBag from /home/airflow/.local/lib/python3.12/site-packages/airflow/example_dags/example_local_kubernetes_executor.py
[2026-04-01T13:20:36.461+0000] {processor.py:840} INFO - DAG(s) 'example_local_kubernetes_executor' retrieved from /home/airflow/.local/lib/python3.12/site-packages/airflow/example_dags/example_local_kubernetes_executor.py
[2026-04-01T13:20:36.489+0000] {logging_mixin.py:188} INFO - [2026-04-01T13:20:36.489+0000] {dag.py:3096} INFO - Sync 1 DAGs
[2026-04-01T13:20:36.499+0000] {logging_mixin.py:188} INFO - [2026-04-01T13:20:36.498+0000] {dag.py:3954} INFO - Setting next_dagrun for example_local_kubernetes_executor to None, run_after=None
[2026-04-01T13:20:36.514+0000] {processor.py:183} INFO - Processing /home/airflow/.local/lib/python3.12/site-packages/airflow/example_dags/example_local_kubernetes_executor.py took 0.066 seconds
[2026-04-01T13:21:06.882+0000] {processor.py:161} INFO - Started process (PID=2622) to work on /home/airflow/.local/lib/python3.12/site-packages/airflow/example_dags/example_local_kubernetes_executor.py
[2026-04-01T13:21:06.883+0000] {processor.py:830} INFO - Processing file /home/airflow/.local/lib/python3.12/site-packages/airflow/example_dags/example_local_kubernetes_executor.py for tasks to queue
[2026-04-01T13:21:06.885+0000] {logging_mixin.py:188} INFO - [2026-04-01T13:21:06.884+0000] {dagbag.py:545} INFO - Filling up the DagBag from /home/airflow/.local/lib/python3.12/site-packages/airflow/example_dags/example_local_kubernetes_executor.py
[2026-04-01T13:21:06.892+0000] {processor.py:840} INFO - DAG(s) 'example_local_kubernetes_executor' retrieved from /home/airflow/.local/lib/python3.12/site-packages/airflow/example_dags/example_local_kubernetes_executor.py
[2026-04-01T13:21:06.920+0000] {logging_mixin.py:188} INFO - [2026-04-01T13:21:06.920+0000] {dag.py:3096} INFO - Sync 1 DAGs
[2026-04-01T13:21:06.931+0000] {logging_mixin.py:188} INFO - [2026-04-01T13:21:06.931+0000] {dag.py:3954} INFO - Setting next_dagrun for example_local_kubernetes_executor to None, run_after=None
[2026-04-01T13:21:06.951+0000] {processor.py:183} INFO - Processing /home/airflow/.local/lib/python3.12/site-packages/airflow/example_dags/example_local_kubernetes_executor.py took 0.074 seconds
[2026-04-01T13:21:37.431+0000] {processor.py:161} INFO - Started process (PID=2680) to work on /home/airflow/.local/lib/python3.12/site-packages/airflow/example_dags/example_local_kubernetes_executor.py
[2026-04-01T13:21:37.431+0000] {processor.py:830} INFO - Processing file /home/airflow/.local/lib/python3.12/site-packages/airflow/example_dags/example_local_kubernetes_executor.py for tasks to queue
[2026-04-01T13:21:37.433+0000] {logging_mixin.py:188} INFO - [2026-04-01T13:21:37.433+0000] {dagbag.py:545} INFO - Filling up the DagBag from /home/airflow/.local/lib/python3.12/site-packages/airflow/example_dags/example_local_kubernetes_executor.py
[2026-04-01T13:21:37.440+0000] {processor.py:840} INFO - DAG(s) 'example_local_kubernetes_executor' retrieved from /home/airflow/.local/lib/python3.12/site-packages/airflow/example_dags/example_local_kubernetes_executor.py
[2026-04-01T13:21:37.477+0000] {logging_mixin.py:188} INFO - [2026-04-01T13:21:37.477+0000] {dag.py:3096} INFO - Sync 1 DAGs
[2026-04-01T13:21:37.490+0000] {logging_mixin.py:188} INFO - [2026-04-01T13:21:37.490+0000] {dag.py:3954} INFO - Setting next_dagrun for example_local_kubernetes_executor to None, run_after=None
[2026-04-01T13:21:37.511+0000] {processor.py:183} INFO - Processing /home/airflow/.local/lib/python3.12/site-packages/airflow/example_dags/example_local_kubernetes_executor.py took 0.086 seconds
[2026-04-01T13:22:07.973+0000] {processor.py:161} INFO - Started process (PID=2738) to work on /home/airflow/.local/lib/python3.12/site-packages/airflow/example_dags/example_local_kubernetes_executor.py
[2026-04-01T13:22:07.974+0000] {processor.py:830} INFO - Processing file /home/airflow/.local/lib/python3.12/site-packages/airflow/example_dags/example_local_kubernetes_executor.py for tasks to queue
[2026-04-01T13:22:07.976+0000] {logging_mixin.py:188} INFO - [2026-04-01T13:22:07.975+0000] {dagbag.py:545} INFO - Filling up the DagBag from /home/airflow/.local/lib/python3.12/site-packages/airflow/example_dags/example_local_kubernetes_executor.py
[2026-04-01T13:22:07.982+0000] {processor.py:840} INFO - DAG(s) 'example_local_kubernetes_executor' retrieved from /home/airflow/.local/lib/python3.12/site-packages/airflow/example_dags/example_local_kubernetes_executor.py
[2026-04-01T13:22:08.009+0000] {logging_mixin.py:188} INFO - [2026-04-01T13:22:08.009+0000] {dag.py:3096} INFO - Sync 1 DAGs
[2026-04-01T13:22:08.019+0000] {logging_mixin.py:188} INFO - [2026-04-01T13:22:08.019+0000] {dag.py:3954} INFO - Setting next_dagrun for example_local_kubernetes_executor to None, run_after=None
[2026-04-01T13:22:08.036+0000] {processor.py:183} INFO - Processing /home/airflow/.local/lib/python3.12/site-packages/airflow/example_dags/example_local_kubernetes_executor.py took 0.068 seconds
[2026-04-01T13:22:38.417+0000] {processor.py:161} INFO - Started process (PID=2796) to work on /home/airflow/.local/lib/python3.12/site-packages/airflow/example_dags/example_local_kubernetes_executor.py
[2026-04-01T13:22:38.418+0000] {processor.py:830} INFO - Processing file /home/airflow/.local/lib/python3.12/site-packages/airflow/example_dags/example_local_kubernetes_executor.py for tasks to queue
[2026-04-01T13:22:38.420+0000] {logging_mixin.py:188} INFO - [2026-04-01T13:22:38.419+0000] {dagbag.py:545} INFO - Filling up the DagBag from /home/airflow/.local/lib/python3.12/site-packages/airflow/example_dags/example_local_kubernetes_executor.py
[2026-04-01T13:22:38.427+0000] {processor.py:840} INFO - DAG(s) 'example_local_kubernetes_executor' retrieved from /home/airflow/.local/lib/python3.12/site-packages/airflow/example_dags/example_local_kubernetes_executor.py
[2026-04-01T13:22:38.453+0000] {logging_mixin.py:188} INFO - [2026-04-01T13:22:38.453+0000] {dag.py:3096} INFO - Sync 1 DAGs
[2026-04-01T13:22:38.463+0000] {logging_mixin.py:188} INFO - [2026-04-01T13:22:38.463+0000] {dag.py:3954} INFO - Setting next_dagrun for example_local_kubernetes_executor to None, run_after=None
[2026-04-01T13:22:38.479+0000] {processor.py:183} INFO - Processing /home/airflow/.local/lib/python3.12/site-packages/airflow/example_dags/example_local_kubernetes_executor.py took 0.066 seconds
[2026-04-01T13:23:08.918+0000] {processor.py:161} INFO - Started process (PID=2854) to work on /home/airflow/.local/lib/python3.12/site-packages/airflow/example_dags/example_local_kubernetes_executor.py
[2026-04-01T13:23:08.919+0000] {processor.py:830} INFO - Processing file /home/airflow/.local/lib/python3.12/site-packages/airflow/example_dags/example_local_kubernetes_executor.py for tasks to queue
[2026-04-01T13:23:08.921+0000] {logging_mixin.py:188} INFO - [2026-04-01T13:23:08.920+0000] {dagbag.py:545} INFO - Filling up the DagBag from /home/airflow/.local/lib/python3.12/site-packages/airflow/example_dags/example_local_kubernetes_executor.py
[2026-04-01T13:23:08.926+0000] {processor.py:840} INFO - DAG(s) 'example_local_kubernetes_executor' retrieved from /home/airflow/.local/lib/python3.12/site-packages/airflow/example_dags/example_local_kubernetes_executor.py
[2026-04-01T13:23:08.961+0000] {logging_mixin.py:188} INFO - [2026-04-01T13:23:08.960+0000] {dag.py:3096} INFO - Sync 1 DAGs
[2026-04-01T13:23:08.973+0000] {logging_mixin.py:188} INFO - [2026-04-01T13:23:08.973+0000] {dag.py:3954} INFO - Setting next_dagrun for example_local_kubernetes_executor to None, run_after=None
[2026-04-01T13:23:08.997+0000] {processor.py:183} INFO - Processing /home/airflow/.local/lib/python3.12/site-packages/airflow/example_dags/example_local_kubernetes_executor.py took 0.083 seconds
[2026-04-01T13:23:39.448+0000] {processor.py:161} INFO - Started process (PID=2912) to work on /home/airflow/.local/lib/python3.12/site-packages/airflow/example_dags/example_local_kubernetes_executor.py
[2026-04-01T13:23:39.449+0000] {processor.py:830} INFO - Processing file /home/airflow/.local/lib/python3.12/site-packages/airflow/example_dags/example_local_kubernetes_executor.py for tasks to queue
[2026-04-01T13:23:39.450+0000] {logging_mixin.py:188} INFO - [2026-04-01T13:23:39.450+0000] {dagbag.py:545} INFO - Filling up the DagBag from /home/airflow/.local/lib/python3.12/site-packages/airflow/example_dags/example_local_kubernetes_executor.py
[2026-04-01T13:23:39.457+0000] {processor.py:840} INFO - DAG(s) 'example_local_kubernetes_executor' retrieved from /home/airflow/.local/lib/python3.12/site-packages/airflow/example_dags/example_local_kubernetes_executor.py
[2026-04-01T13:23:39.486+0000] {logging_mixin.py:188} INFO - [2026-04-01T13:23:39.486+0000] {dag.py:3096} INFO - Sync 1 DAGs
[2026-04-01T13:23:39.495+0000] {logging_mixin.py:188} INFO - [2026-04-01T13:23:39.495+0000] {dag.py:3954} INFO - Setting next_dagrun for example_local_kubernetes_executor to None, run_after=None
[2026-04-01T13:23:39.513+0000] {processor.py:183} INFO - Processing /home/airflow/.local/lib/python3.12/site-packages/airflow/example_dags/example_local_kubernetes_executor.py took 0.069 seconds
[2026-04-01T13:24:10.095+0000] {processor.py:161} INFO - Started process (PID=2971) to work on /home/airflow/.local/lib/python3.12/site-packages/airflow/example_dags/example_local_kubernetes_executor.py
[2026-04-01T13:24:10.096+0000] {processor.py:830} INFO - Processing file /home/airflow/.local/lib/python3.12/site-packages/airflow/example_dags/example_local_kubernetes_executor.py for tasks to queue
[2026-04-01T13:24:10.097+0000] {logging_mixin.py:188} INFO - [2026-04-01T13:24:10.097+0000] {dagbag.py:545} INFO - Filling up the DagBag from /home/airflow/.local/lib/python3.12/site-packages/airflow/example_dags/example_local_kubernetes_executor.py
[2026-04-01T13:24:10.104+0000] {processor.py:840} INFO - DAG(s) 'example_local_kubernetes_executor' retrieved from /home/airflow/.local/lib/python3.12/site-packages/airflow/example_dags/example_local_kubernetes_executor.py
[2026-04-01T13:24:10.130+0000] {logging_mixin.py:188} INFO - [2026-04-01T13:24:10.130+0000] {dag.py:3096} INFO - Sync 1 DAGs
[2026-04-01T13:24:10.140+0000] {logging_mixin.py:188} INFO - [2026-04-01T13:24:10.140+0000] {dag.py:3954} INFO - Setting next_dagrun for example_local_kubernetes_executor to None, run_after=None
[2026-04-01T13:24:10.156+0000] {processor.py:183} INFO - Processing /home/airflow/.local/lib/python3.12/site-packages/airflow/example_dags/example_local_kubernetes_executor.py took 0.067 seconds
[2026-04-01T13:24:40.434+0000] {processor.py:161} INFO - Started process (PID=3029) to work on /home/airflow/.local/lib/python3.12/site-packages/airflow/example_dags/example_local_kubernetes_executor.py
[2026-04-01T13:24:40.435+0000] {processor.py:830} INFO - Processing file /home/airflow/.local/lib/python3.12/site-packages/airflow/example_dags/example_local_kubernetes_executor.py for tasks to queue
[2026-04-01T13:24:40.436+0000] {logging_mixin.py:188} INFO - [2026-04-01T13:24:40.436+0000] {dagbag.py:545} INFO - Filling up the DagBag from /home/airflow/.local/lib/python3.12/site-packages/airflow/example_dags/example_local_kubernetes_executor.py
[2026-04-01T13:24:40.442+0000] {processor.py:840} INFO - DAG(s) 'example_local_kubernetes_executor' retrieved from /home/airflow/.local/lib/python3.12/site-packages/airflow/example_dags/example_local_kubernetes_executor.py
[2026-04-01T13:24:40.468+0000] {logging_mixin.py:188} INFO - [2026-04-01T13:24:40.468+0000] {dag.py:3096} INFO - Sync 1 DAGs
[2026-04-01T13:24:40.477+0000] {logging_mixin.py:188} INFO - [2026-04-01T13:24:40.477+0000] {dag.py:3954} INFO - Setting next_dagrun for example_local_kubernetes_executor to None, run_after=None
[2026-04-01T13:24:40.491+0000] {processor.py:183} INFO - Processing /home/airflow/.local/lib/python3.12/site-packages/airflow/example_dags/example_local_kubernetes_executor.py took 0.062 seconds
[2026-04-01T13:25:11.013+0000] {processor.py:161} INFO - Started process (PID=3088) to work on /home/airflow/.local/lib/python3.12/site-packages/airflow/example_dags/example_local_kubernetes_executor.py
[2026-04-01T13:25:11.014+0000] {processor.py:830} INFO - Processing file /home/airflow/.local/lib/python3.12/site-packages/airflow/example_dags/example_local_kubernetes_executor.py for tasks to queue
[2026-04-01T13:25:11.016+0000] {logging_mixin.py:188} INFO - [2026-04-01T13:25:11.016+0000] {dagbag.py:545} INFO - Filling up the DagBag from /home/airflow/.local/lib/python3.12/site-packages/airflow/example_dags/example_local_kubernetes_executor.py
[2026-04-01T13:25:11.021+0000] {processor.py:840} INFO - DAG(s) 'example_local_kubernetes_executor' retrieved from /home/airflow/.local/lib/python3.12/site-packages/airflow/example_dags/example_local_kubernetes_executor.py
[2026-04-01T13:25:11.046+0000] {logging_mixin.py:188} INFO - [2026-04-01T13:25:11.045+0000] {dag.py:3096} INFO - Sync 1 DAGs
[2026-04-01T13:25:11.056+0000] {logging_mixin.py:188} INFO - [2026-04-01T13:25:11.056+0000] {dag.py:3954} INFO - Setting next_dagrun for example_local_kubernetes_executor to None, run_after=None
[2026-04-01T13:25:11.074+0000] {processor.py:183} INFO - Processing /home/airflow/.local/lib/python3.12/site-packages/airflow/example_dags/example_local_kubernetes_executor.py took 0.065 seconds
[2026-04-01T13:25:41.428+0000] {processor.py:161} INFO - Started process (PID=3147) to work on /home/airflow/.local/lib/python3.12/site-packages/airflow/example_dags/example_local_kubernetes_executor.py
[2026-04-01T13:25:41.429+0000] {processor.py:830} INFO - Processing file /home/airflow/.local/lib/python3.12/site-packages/airflow/example_dags/example_local_kubernetes_executor.py for tasks to queue
[2026-04-01T13:25:41.430+0000] {logging_mixin.py:188} INFO - [2026-04-01T13:25:41.430+0000] {dagbag.py:545} INFO - Filling up the DagBag from /home/airflow/.local/lib/python3.12/site-packages/airflow/example_dags/example_local_kubernetes_executor.py
[2026-04-01T13:25:41.437+0000] {processor.py:840} INFO - DAG(s) 'example_local_kubernetes_executor' retrieved from /home/airflow/.local/lib/python3.12/site-packages/airflow/example_dags/example_local_kubernetes_executor.py
[2026-04-01T13:25:41.461+0000] {logging_mixin.py:188} INFO - [2026-04-01T13:25:41.461+0000] {dag.py:3096} INFO - Sync 1 DAGs
[2026-04-01T13:25:41.470+0000] {logging_mixin.py:188} INFO - [2026-04-01T13:25:41.470+0000] {dag.py:3954} INFO - Setting next_dagrun for example_local_kubernetes_executor to None, run_after=None
[2026-04-01T13:25:41.485+0000] {processor.py:183} INFO - Processing /home/airflow/.local/lib/python3.12/site-packages/airflow/example_dags/example_local_kubernetes_executor.py took 0.062 seconds
[2026-04-01T13:26:11.776+0000] {processor.py:161} INFO - Started process (PID=3206) to work on /home/airflow/.local/lib/python3.12/site-packages/airflow/example_dags/example_local_kubernetes_executor.py
[2026-04-01T13:26:11.777+0000] {processor.py:830} INFO - Processing file /home/airflow/.local/lib/python3.12/site-packages/airflow/example_dags/example_local_kubernetes_executor.py for tasks to queue
[2026-04-01T13:26:11.778+0000] {logging_mixin.py:188} INFO - [2026-04-01T13:26:11.778+0000] {dagbag.py:545} INFO - Filling up the DagBag from /home/airflow/.local/lib/python3.12/site-packages/airflow/example_dags/example_local_kubernetes_executor.py
[2026-04-01T13:26:11.783+0000] {processor.py:840} INFO - DAG(s) 'example_local_kubernetes_executor' retrieved from /home/airflow/.local/lib/python3.12/site-packages/airflow/example_dags/example_local_kubernetes_executor.py
[2026-04-01T13:26:11.811+0000] {logging_mixin.py:188} INFO - [2026-04-01T13:26:11.810+0000] {dag.py:3096} INFO - Sync 1 DAGs
[2026-04-01T13:26:11.820+0000] {logging_mixin.py:188} INFO - [2026-04-01T13:26:11.820+0000] {dag.py:3954} INFO - Setting next_dagrun for example_local_kubernetes_executor to None, run_after=None
[2026-04-01T13:26:11.838+0000] {processor.py:183} INFO - Processing /home/airflow/.local/lib/python3.12/site-packages/airflow/example_dags/example_local_kubernetes_executor.py took 0.066 seconds
[2026-04-01T13:26:42.079+0000] {processor.py:161} INFO - Started process (PID=3265) to work on /home/airflow/.local/lib/python3.12/site-packages/airflow/example_dags/example_local_kubernetes_executor.py
[2026-04-01T13:26:42.080+0000] {processor.py:830} INFO - Processing file /home/airflow/.local/lib/python3.12/site-packages/airflow/example_dags/example_local_kubernetes_executor.py for tasks to queue
[2026-04-01T13:26:42.082+0000] {logging_mixin.py:188} INFO - [2026-04-01T13:26:42.081+0000] {dagbag.py:545} INFO - Filling up the DagBag from /home/airflow/.local/lib/python3.12/site-packages/airflow/example_dags/example_local_kubernetes_executor.py
[2026-04-01T13:26:42.087+0000] {processor.py:840} INFO - DAG(s) 'example_local_kubernetes_executor' retrieved from /home/airflow/.local/lib/python3.12/site-packages/airflow/example_dags/example_local_kubernetes_executor.py
[2026-04-01T13:26:42.112+0000] {logging_mixin.py:188} INFO - [2026-04-01T13:26:42.112+0000] {dag.py:3096} INFO - Sync 1 DAGs
[2026-04-01T13:26:42.121+0000] {logging_mixin.py:188} INFO - [2026-04-01T13:26:42.121+0000] {dag.py:3954} INFO - Setting next_dagrun for example_local_kubernetes_executor to None, run_after=None
[2026-04-01T13:26:42.137+0000] {processor.py:183} INFO - Processing /home/airflow/.local/lib/python3.12/site-packages/airflow/example_dags/example_local_kubernetes_executor.py took 0.062 seconds
[2026-04-01T13:27:12.581+0000] {processor.py:161} INFO - Started process (PID=3324) to work on /home/airflow/.local/lib/python3.12/site-packages/airflow/example_dags/example_local_kubernetes_executor.py
[2026-04-01T13:27:12.582+0000] {processor.py:830} INFO - Processing file /home/airflow/.local/lib/python3.12/site-packages/airflow/example_dags/example_local_kubernetes_executor.py for tasks to queue
[2026-04-01T13:27:12.584+0000] {logging_mixin.py:188} INFO - [2026-04-01T13:27:12.583+0000] {dagbag.py:545} INFO - Filling up the DagBag from /home/airflow/.local/lib/python3.12/site-packages/airflow/example_dags/example_local_kubernetes_executor.py
[2026-04-01T13:27:12.589+0000] {processor.py:840} INFO - DAG(s) 'example_local_kubernetes_executor' retrieved from /home/airflow/.local/lib/python3.12/site-packages/airflow/example_dags/example_local_kubernetes_executor.py
[2026-04-01T13:27:12.614+0000] {logging_mixin.py:188} INFO - [2026-04-01T13:27:12.613+0000] {dag.py:3096} INFO - Sync 1 DAGs
[2026-04-01T13:27:12.622+0000] {logging_mixin.py:188} INFO - [2026-04-01T13:27:12.622+0000] {dag.py:3954} INFO - Setting next_dagrun for example_local_kubernetes_executor to None, run_after=None
[2026-04-01T13:27:12.638+0000] {processor.py:183} INFO - Processing /home/airflow/.local/lib/python3.12/site-packages/airflow/example_dags/example_local_kubernetes_executor.py took 0.061 seconds
[2026-04-01T13:27:43.270+0000] {processor.py:161} INFO - Started process (PID=3383) to work on /home/airflow/.local/lib/python3.12/site-packages/airflow/example_dags/example_local_kubernetes_executor.py
[2026-04-01T13:27:43.271+0000] {processor.py:830} INFO - Processing file /home/airflow/.local/lib/python3.12/site-packages/airflow/example_dags/example_local_kubernetes_executor.py for tasks to queue
[2026-04-01T13:27:43.273+0000] {logging_mixin.py:188} INFO - [2026-04-01T13:27:43.272+0000] {dagbag.py:545} INFO - Filling up the DagBag from /home/airflow/.local/lib/python3.12/site-packages/airflow/example_dags/example_local_kubernetes_executor.py
[2026-04-01T13:27:43.279+0000] {processor.py:840} INFO - DAG(s) 'example_local_kubernetes_executor' retrieved from /home/airflow/.local/lib/python3.12/site-packages/airflow/example_dags/example_local_kubernetes_executor.py
[2026-04-01T13:27:43.307+0000] {logging_mixin.py:188} INFO - [2026-04-01T13:27:43.307+0000] {dag.py:3096} INFO - Sync 1 DAGs
[2026-04-01T13:27:43.317+0000] {logging_mixin.py:188} INFO - [2026-04-01T13:27:43.317+0000] {dag.py:3954} INFO - Setting next_dagrun for example_local_kubernetes_executor to None, run_after=None
[2026-04-01T13:27:43.343+0000] {processor.py:183} INFO - Processing /home/airflow/.local/lib/python3.12/site-packages/airflow/example_dags/example_local_kubernetes_executor.py took 0.077 seconds
[2026-04-01T13:28:13.752+0000] {processor.py:161} INFO - Started process (PID=3442) to work on /home/airflow/.local/lib/python3.12/site-packages/airflow/example_dags/example_local_kubernetes_executor.py
[2026-04-01T13:28:13.753+0000] {processor.py:830} INFO - Processing file /home/airflow/.local/lib/python3.12/site-packages/airflow/example_dags/example_local_kubernetes_executor.py for tasks to queue
[2026-04-01T13:28:13.755+0000] {logging_mixin.py:188} INFO - [2026-04-01T13:28:13.754+0000] {dagbag.py:545} INFO - Filling up the DagBag from /home/airflow/.local/lib/python3.12/site-packages/airflow/example_dags/example_local_kubernetes_executor.py
[2026-04-01T13:28:13.760+0000] {processor.py:840} INFO - DAG(s) 'example_local_kubernetes_executor' retrieved from /home/airflow/.local/lib/python3.12/site-packages/airflow/example_dags/example_local_kubernetes_executor.py
[2026-04-01T13:28:13.784+0000] {logging_mixin.py:188} INFO - [2026-04-01T13:28:13.784+0000] {dag.py:3096} INFO - Sync 1 DAGs
[2026-04-01T13:28:13.792+0000] {logging_mixin.py:188} INFO - [2026-04-01T13:28:13.792+0000] {dag.py:3954} INFO - Setting next_dagrun for example_local_kubernetes_executor to None, run_after=None
[2026-04-01T13:28:13.809+0000] {processor.py:183} INFO - Processing /home/airflow/.local/lib/python3.12/site-packages/airflow/example_dags/example_local_kubernetes_executor.py took 0.062 seconds
[2026-04-01T13:28:44.139+0000] {processor.py:161} INFO - Started process (PID=3501) to work on /home/airflow/.local/lib/python3.12/site-packages/airflow/example_dags/example_local_kubernetes_executor.py
[2026-04-01T13:28:44.140+0000] {processor.py:830} INFO - Processing file /home/airflow/.local/lib/python3.12/site-packages/airflow/example_dags/example_local_kubernetes_executor.py for tasks to queue
[2026-04-01T13:28:44.141+0000] {logging_mixin.py:188} INFO - [2026-04-01T13:28:44.141+0000] {dagbag.py:545} INFO - Filling up the DagBag from /home/airflow/.local/lib/python3.12/site-packages/airflow/example_dags/example_local_kubernetes_executor.py
[2026-04-01T13:28:44.148+0000] {processor.py:840} INFO - DAG(s) 'example_local_kubernetes_executor' retrieved from /home/airflow/.local/lib/python3.12/site-packages/airflow/example_dags/example_local_kubernetes_executor.py
[2026-04-01T13:28:44.179+0000] {logging_mixin.py:188} INFO - [2026-04-01T13:28:44.178+0000] {dag.py:3096} INFO - Sync 1 DAGs
[2026-04-01T13:28:44.189+0000] {logging_mixin.py:188} INFO - [2026-04-01T13:28:44.189+0000] {dag.py:3954} INFO - Setting next_dagrun for example_local_kubernetes_executor to None, run_after=None
[2026-04-01T13:28:44.209+0000] {processor.py:183} INFO - Processing /home/airflow/.local/lib/python3.12/site-packages/airflow/example_dags/example_local_kubernetes_executor.py took 0.075 seconds
[2026-04-01T13:29:14.526+0000] {processor.py:161} INFO - Started process (PID=3560) to work on /home/airflow/.local/lib/python3.12/site-packages/airflow/example_dags/example_local_kubernetes_executor.py
[2026-04-01T13:29:14.527+0000] {processor.py:830} INFO - Processing file /home/airflow/.local/lib/python3.12/site-packages/airflow/example_dags/example_local_kubernetes_executor.py for tasks to queue
[2026-04-01T13:29:14.529+0000] {logging_mixin.py:188} INFO - [2026-04-01T13:29:14.528+0000] {dagbag.py:545} INFO - Filling up the DagBag from /home/airflow/.local/lib/python3.12/site-packages/airflow/example_dags/example_local_kubernetes_executor.py
[2026-04-01T13:29:14.534+0000] {processor.py:840} INFO - DAG(s) 'example_local_kubernetes_executor' retrieved from /home/airflow/.local/lib/python3.12/site-packages/airflow/example_dags/example_local_kubernetes_executor.py
[2026-04-01T13:29:14.558+0000] {logging_mixin.py:188} INFO - [2026-04-01T13:29:14.558+0000] {dag.py:3096} INFO - Sync 1 DAGs
[2026-04-01T13:29:14.568+0000] {logging_mixin.py:188} INFO - [2026-04-01T13:29:14.568+0000] {dag.py:3954} INFO - Setting next_dagrun for example_local_kubernetes_executor to None, run_after=None
[2026-04-01T13:29:14.584+0000] {processor.py:183} INFO - Processing /home/airflow/.local/lib/python3.12/site-packages/airflow/example_dags/example_local_kubernetes_executor.py took 0.062 seconds
[2026-04-01T13:29:44.967+0000] {processor.py:161} INFO - Started process (PID=3619) to work on /home/airflow/.local/lib/python3.12/site-packages/airflow/example_dags/example_local_kubernetes_executor.py
[2026-04-01T13:29:44.968+0000] {processor.py:830} INFO - Processing file /home/airflow/.local/lib/python3.12/site-packages/airflow/example_dags/example_local_kubernetes_executor.py for tasks to queue
[2026-04-01T13:29:44.970+0000] {logging_mixin.py:188} INFO - [2026-04-01T13:29:44.969+0000] {dagbag.py:545} INFO - Filling up the DagBag from /home/airflow/.local/lib/python3.12/site-packages/airflow/example_dags/example_local_kubernetes_executor.py
[2026-04-01T13:29:44.976+0000] {processor.py:840} INFO - DAG(s) 'example_local_kubernetes_executor' retrieved from /home/airflow/.local/lib/python3.12/site-packages/airflow/example_dags/example_local_kubernetes_executor.py
[2026-04-01T13:29:45.003+0000] {logging_mixin.py:188} INFO - [2026-04-01T13:29:45.003+0000] {dag.py:3096} INFO - Sync 1 DAGs
[2026-04-01T13:29:45.014+0000] {logging_mixin.py:188} INFO - [2026-04-01T13:29:45.014+0000] {dag.py:3954} INFO - Setting next_dagrun for example_local_kubernetes_executor to None, run_after=None
[2026-04-01T13:29:45.032+0000] {processor.py:183} INFO - Processing /home/airflow/.local/lib/python3.12/site-packages/airflow/example_dags/example_local_kubernetes_executor.py took 0.070 seconds
[2026-04-01T13:30:15.262+0000] {processor.py:161} INFO - Started process (PID=3678) to work on /home/airflow/.local/lib/python3.12/site-packages/airflow/example_dags/example_local_kubernetes_executor.py
[2026-04-01T13:30:15.263+0000] {processor.py:830} INFO - Processing file /home/airflow/.local/lib/python3.12/site-packages/airflow/example_dags/example_local_kubernetes_executor.py for tasks to queue
[2026-04-01T13:30:15.264+0000] {logging_mixin.py:188} INFO - [2026-04-01T13:30:15.264+0000] {dagbag.py:545} INFO - Filling up the DagBag from /home/airflow/.local/lib/python3.12/site-packages/airflow/example_dags/example_local_kubernetes_executor.py
[2026-04-01T13:30:15.270+0000] {processor.py:840} INFO - DAG(s) 'example_local_kubernetes_executor' retrieved from /home/airflow/.local/lib/python3.12/site-packages/airflow/example_dags/example_local_kubernetes_executor.py
[2026-04-01T13:30:15.296+0000] {logging_mixin.py:188} INFO - [2026-04-01T13:30:15.296+0000] {dag.py:3096} INFO - Sync 1 DAGs
[2026-04-01T13:30:15.306+0000] {logging_mixin.py:188} INFO - [2026-04-01T13:30:15.306+0000] {dag.py:3954} INFO - Setting next_dagrun for example_local_kubernetes_executor to None, run_after=None
[2026-04-01T13:30:15.323+0000] {processor.py:183} INFO - Processing /home/airflow/.local/lib/python3.12/site-packages/airflow/example_dags/example_local_kubernetes_executor.py took 0.066 seconds
[2026-04-01T13:30:45.606+0000] {processor.py:161} INFO - Started process (PID=3737) to work on /home/airflow/.local/lib/python3.12/site-packages/airflow/example_dags/example_local_kubernetes_executor.py
[2026-04-01T13:30:45.607+0000] {processor.py:830} INFO - Processing file /home/airflow/.local/lib/python3.12/site-packages/airflow/example_dags/example_local_kubernetes_executor.py for tasks to queue
[2026-04-01T13:30:45.609+0000] {logging_mixin.py:188} INFO - [2026-04-01T13:30:45.608+0000] {dagbag.py:545} INFO - Filling up the DagBag from /home/airflow/.local/lib/python3.12/site-packages/airflow/example_dags/example_local_kubernetes_executor.py
[2026-04-01T13:30:45.614+0000] {processor.py:840} INFO - DAG(s) 'example_local_kubernetes_executor' retrieved from /home/airflow/.local/lib/python3.12/site-packages/airflow/example_dags/example_local_kubernetes_executor.py
[2026-04-01T13:30:45.643+0000] {logging_mixin.py:188} INFO - [2026-04-01T13:30:45.643+0000] {dag.py:3096} INFO - Sync 1 DAGs
[2026-04-01T13:30:45.652+0000] {logging_mixin.py:188} INFO - [2026-04-01T13:30:45.652+0000] {dag.py:3954} INFO - Setting next_dagrun for example_local_kubernetes_executor to None, run_after=None
[2026-04-01T13:30:45.666+0000] {processor.py:183} INFO - Processing /home/airflow/.local/lib/python3.12/site-packages/airflow/example_dags/example_local_kubernetes_executor.py took 0.065 seconds
[2026-04-01T13:31:16.042+0000] {processor.py:161} INFO - Started process (PID=3796) to work on /home/airflow/.local/lib/python3.12/site-packages/airflow/example_dags/example_local_kubernetes_executor.py
[2026-04-01T13:31:16.043+0000] {processor.py:830} INFO - Processing file /home/airflow/.local/lib/python3.12/site-packages/airflow/example_dags/example_local_kubernetes_executor.py for tasks to queue
[2026-04-01T13:31:16.044+0000] {logging_mixin.py:188} INFO - [2026-04-01T13:31:16.044+0000] {dagbag.py:545} INFO - Filling up the DagBag from /home/airflow/.local/lib/python3.12/site-packages/airflow/example_dags/example_local_kubernetes_executor.py
[2026-04-01T13:31:16.050+0000] {processor.py:840} INFO - DAG(s) 'example_local_kubernetes_executor' retrieved from /home/airflow/.local/lib/python3.12/site-packages/airflow/example_dags/example_local_kubernetes_executor.py
[2026-04-01T13:31:16.076+0000] {logging_mixin.py:188} INFO - [2026-04-01T13:31:16.076+0000] {dag.py:3096} INFO - Sync 1 DAGs
[2026-04-01T13:31:16.086+0000] {logging_mixin.py:188} INFO - [2026-04-01T13:31:16.086+0000] {dag.py:3954} INFO - Setting next_dagrun for example_local_kubernetes_executor to None, run_after=None
[2026-04-01T13:31:16.105+0000] {processor.py:183} INFO - Processing /home/airflow/.local/lib/python3.12/site-packages/airflow/example_dags/example_local_kubernetes_executor.py took 0.067 seconds
