[2026-04-01T12:58:51.428+0000] {processor.py:161} INFO - Started process (PID=79) to work on /home/airflow/.local/lib/python3.12/site-packages/airflow/example_dags/example_xcom.py
[2026-04-01T12:58:51.429+0000] {processor.py:830} INFO - Processing file /home/airflow/.local/lib/python3.12/site-packages/airflow/example_dags/example_xcom.py for tasks to queue
[2026-04-01T12:58:51.430+0000] {logging_mixin.py:188} INFO - [2026-04-01T12:58:51.430+0000] {dagbag.py:545} INFO - Filling up the DagBag from /home/airflow/.local/lib/python3.12/site-packages/airflow/example_dags/example_xcom.py
[2026-04-01T12:58:51.436+0000] {processor.py:840} INFO - DAG(s) 'example_xcom' retrieved from /home/airflow/.local/lib/python3.12/site-packages/airflow/example_dags/example_xcom.py
[2026-04-01T12:58:51.445+0000] {logging_mixin.py:188} INFO - [2026-04-01T12:58:51.445+0000] {dag.py:3096} INFO - Sync 1 DAGs
[2026-04-01T12:58:51.461+0000] {logging_mixin.py:188} INFO - [2026-04-01T12:58:51.461+0000] {dag.py:3954} INFO - Setting next_dagrun for example_xcom to 2021-01-01 00:00:00+00:00, run_after=2021-01-01 00:00:00+00:00
[2026-04-01T12:58:51.480+0000] {processor.py:183} INFO - Processing /home/airflow/.local/lib/python3.12/site-packages/airflow/example_dags/example_xcom.py took 0.057 seconds
[2026-04-01T12:59:21.919+0000] {processor.py:161} INFO - Started process (PID=137) to work on /home/airflow/.local/lib/python3.12/site-packages/airflow/example_dags/example_xcom.py
[2026-04-01T12:59:21.920+0000] {processor.py:830} INFO - Processing file /home/airflow/.local/lib/python3.12/site-packages/airflow/example_dags/example_xcom.py for tasks to queue
[2026-04-01T12:59:21.922+0000] {logging_mixin.py:188} INFO - [2026-04-01T12:59:21.921+0000] {dagbag.py:545} INFO - Filling up the DagBag from /home/airflow/.local/lib/python3.12/site-packages/airflow/example_dags/example_xcom.py
[2026-04-01T12:59:21.928+0000] {processor.py:840} INFO - DAG(s) 'example_xcom' retrieved from /home/airflow/.local/lib/python3.12/site-packages/airflow/example_dags/example_xcom.py
[2026-04-01T12:59:22.019+0000] {logging_mixin.py:188} INFO - [2026-04-01T12:59:22.019+0000] {dag.py:3096} INFO - Sync 1 DAGs
[2026-04-01T12:59:22.034+0000] {logging_mixin.py:188} INFO - [2026-04-01T12:59:22.034+0000] {dag.py:3954} INFO - Setting next_dagrun for example_xcom to 2021-01-01 00:00:00+00:00, run_after=2021-01-01 00:00:00+00:00
[2026-04-01T12:59:22.057+0000] {processor.py:183} INFO - Processing /home/airflow/.local/lib/python3.12/site-packages/airflow/example_dags/example_xcom.py took 0.143 seconds
[2026-04-01T12:59:52.177+0000] {processor.py:161} INFO - Started process (PID=195) to work on /home/airflow/.local/lib/python3.12/site-packages/airflow/example_dags/example_xcom.py
[2026-04-01T12:59:52.177+0000] {processor.py:830} INFO - Processing file /home/airflow/.local/lib/python3.12/site-packages/airflow/example_dags/example_xcom.py for tasks to queue
[2026-04-01T12:59:52.179+0000] {logging_mixin.py:188} INFO - [2026-04-01T12:59:52.179+0000] {dagbag.py:545} INFO - Filling up the DagBag from /home/airflow/.local/lib/python3.12/site-packages/airflow/example_dags/example_xcom.py
[2026-04-01T12:59:52.185+0000] {processor.py:840} INFO - DAG(s) 'example_xcom' retrieved from /home/airflow/.local/lib/python3.12/site-packages/airflow/example_dags/example_xcom.py
[2026-04-01T12:59:52.201+0000] {logging_mixin.py:188} INFO - [2026-04-01T12:59:52.200+0000] {dag.py:3096} INFO - Sync 1 DAGs
[2026-04-01T12:59:52.220+0000] {logging_mixin.py:188} INFO - [2026-04-01T12:59:52.220+0000] {dag.py:3954} INFO - Setting next_dagrun for example_xcom to 2021-01-01 00:00:00+00:00, run_after=2021-01-01 00:00:00+00:00
[2026-04-01T12:59:52.239+0000] {processor.py:183} INFO - Processing /home/airflow/.local/lib/python3.12/site-packages/airflow/example_dags/example_xcom.py took 0.067 seconds
[2026-04-01T13:00:22.531+0000] {processor.py:161} INFO - Started process (PID=253) to work on /home/airflow/.local/lib/python3.12/site-packages/airflow/example_dags/example_xcom.py
[2026-04-01T13:00:22.532+0000] {processor.py:830} INFO - Processing file /home/airflow/.local/lib/python3.12/site-packages/airflow/example_dags/example_xcom.py for tasks to queue
[2026-04-01T13:00:22.534+0000] {logging_mixin.py:188} INFO - [2026-04-01T13:00:22.534+0000] {dagbag.py:545} INFO - Filling up the DagBag from /home/airflow/.local/lib/python3.12/site-packages/airflow/example_dags/example_xcom.py
[2026-04-01T13:00:22.540+0000] {processor.py:840} INFO - DAG(s) 'example_xcom' retrieved from /home/airflow/.local/lib/python3.12/site-packages/airflow/example_dags/example_xcom.py
[2026-04-01T13:00:22.555+0000] {logging_mixin.py:188} INFO - [2026-04-01T13:00:22.555+0000] {dag.py:3096} INFO - Sync 1 DAGs
[2026-04-01T13:00:22.570+0000] {logging_mixin.py:188} INFO - [2026-04-01T13:00:22.570+0000] {dag.py:3954} INFO - Setting next_dagrun for example_xcom to 2021-01-01 00:00:00+00:00, run_after=2021-01-01 00:00:00+00:00
[2026-04-01T13:00:22.585+0000] {processor.py:183} INFO - Processing /home/airflow/.local/lib/python3.12/site-packages/airflow/example_dags/example_xcom.py took 0.058 seconds
[2026-04-01T13:00:52.825+0000] {processor.py:161} INFO - Started process (PID=311) to work on /home/airflow/.local/lib/python3.12/site-packages/airflow/example_dags/example_xcom.py
[2026-04-01T13:00:52.826+0000] {processor.py:830} INFO - Processing file /home/airflow/.local/lib/python3.12/site-packages/airflow/example_dags/example_xcom.py for tasks to queue
[2026-04-01T13:00:52.827+0000] {logging_mixin.py:188} INFO - [2026-04-01T13:00:52.827+0000] {dagbag.py:545} INFO - Filling up the DagBag from /home/airflow/.local/lib/python3.12/site-packages/airflow/example_dags/example_xcom.py
[2026-04-01T13:00:52.832+0000] {processor.py:840} INFO - DAG(s) 'example_xcom' retrieved from /home/airflow/.local/lib/python3.12/site-packages/airflow/example_dags/example_xcom.py
[2026-04-01T13:00:52.847+0000] {logging_mixin.py:188} INFO - [2026-04-01T13:00:52.847+0000] {dag.py:3096} INFO - Sync 1 DAGs
[2026-04-01T13:00:52.860+0000] {logging_mixin.py:188} INFO - [2026-04-01T13:00:52.860+0000] {dag.py:3954} INFO - Setting next_dagrun for example_xcom to 2021-01-01 00:00:00+00:00, run_after=2021-01-01 00:00:00+00:00
[2026-04-01T13:00:52.876+0000] {processor.py:183} INFO - Processing /home/airflow/.local/lib/python3.12/site-packages/airflow/example_dags/example_xcom.py took 0.055 seconds
[2026-04-01T13:01:22.907+0000] {processor.py:161} INFO - Started process (PID=369) to work on /home/airflow/.local/lib/python3.12/site-packages/airflow/example_dags/example_xcom.py
[2026-04-01T13:01:22.908+0000] {processor.py:830} INFO - Processing file /home/airflow/.local/lib/python3.12/site-packages/airflow/example_dags/example_xcom.py for tasks to queue
[2026-04-01T13:01:22.910+0000] {logging_mixin.py:188} INFO - [2026-04-01T13:01:22.909+0000] {dagbag.py:545} INFO - Filling up the DagBag from /home/airflow/.local/lib/python3.12/site-packages/airflow/example_dags/example_xcom.py
[2026-04-01T13:01:22.915+0000] {processor.py:840} INFO - DAG(s) 'example_xcom' retrieved from /home/airflow/.local/lib/python3.12/site-packages/airflow/example_dags/example_xcom.py
[2026-04-01T13:01:22.931+0000] {logging_mixin.py:188} INFO - [2026-04-01T13:01:22.931+0000] {dag.py:3096} INFO - Sync 1 DAGs
[2026-04-01T13:01:22.948+0000] {logging_mixin.py:188} INFO - [2026-04-01T13:01:22.948+0000] {dag.py:3954} INFO - Setting next_dagrun for example_xcom to 2021-01-01 00:00:00+00:00, run_after=2021-01-01 00:00:00+00:00
[2026-04-01T13:01:22.963+0000] {processor.py:183} INFO - Processing /home/airflow/.local/lib/python3.12/site-packages/airflow/example_dags/example_xcom.py took 0.060 seconds
[2026-04-01T13:01:53.165+0000] {processor.py:161} INFO - Started process (PID=427) to work on /home/airflow/.local/lib/python3.12/site-packages/airflow/example_dags/example_xcom.py
[2026-04-01T13:01:53.165+0000] {processor.py:830} INFO - Processing file /home/airflow/.local/lib/python3.12/site-packages/airflow/example_dags/example_xcom.py for tasks to queue
[2026-04-01T13:01:53.167+0000] {logging_mixin.py:188} INFO - [2026-04-01T13:01:53.167+0000] {dagbag.py:545} INFO - Filling up the DagBag from /home/airflow/.local/lib/python3.12/site-packages/airflow/example_dags/example_xcom.py
[2026-04-01T13:01:53.173+0000] {processor.py:840} INFO - DAG(s) 'example_xcom' retrieved from /home/airflow/.local/lib/python3.12/site-packages/airflow/example_dags/example_xcom.py
[2026-04-01T13:01:53.188+0000] {logging_mixin.py:188} INFO - [2026-04-01T13:01:53.188+0000] {dag.py:3096} INFO - Sync 1 DAGs
[2026-04-01T13:01:53.203+0000] {logging_mixin.py:188} INFO - [2026-04-01T13:01:53.203+0000] {dag.py:3954} INFO - Setting next_dagrun for example_xcom to 2021-01-01 00:00:00+00:00, run_after=2021-01-01 00:00:00+00:00
[2026-04-01T13:01:53.222+0000] {processor.py:183} INFO - Processing /home/airflow/.local/lib/python3.12/site-packages/airflow/example_dags/example_xcom.py took 0.062 seconds
[2026-04-01T13:02:23.416+0000] {processor.py:161} INFO - Started process (PID=485) to work on /home/airflow/.local/lib/python3.12/site-packages/airflow/example_dags/example_xcom.py
[2026-04-01T13:02:23.417+0000] {processor.py:830} INFO - Processing file /home/airflow/.local/lib/python3.12/site-packages/airflow/example_dags/example_xcom.py for tasks to queue
[2026-04-01T13:02:23.418+0000] {logging_mixin.py:188} INFO - [2026-04-01T13:02:23.418+0000] {dagbag.py:545} INFO - Filling up the DagBag from /home/airflow/.local/lib/python3.12/site-packages/airflow/example_dags/example_xcom.py
[2026-04-01T13:02:23.424+0000] {processor.py:840} INFO - DAG(s) 'example_xcom' retrieved from /home/airflow/.local/lib/python3.12/site-packages/airflow/example_dags/example_xcom.py
[2026-04-01T13:02:23.440+0000] {logging_mixin.py:188} INFO - [2026-04-01T13:02:23.440+0000] {dag.py:3096} INFO - Sync 1 DAGs
[2026-04-01T13:02:23.454+0000] {logging_mixin.py:188} INFO - [2026-04-01T13:02:23.454+0000] {dag.py:3954} INFO - Setting next_dagrun for example_xcom to 2021-01-01 00:00:00+00:00, run_after=2021-01-01 00:00:00+00:00
[2026-04-01T13:02:23.469+0000] {processor.py:183} INFO - Processing /home/airflow/.local/lib/python3.12/site-packages/airflow/example_dags/example_xcom.py took 0.057 seconds
[2026-04-01T13:02:53.542+0000] {processor.py:161} INFO - Started process (PID=543) to work on /home/airflow/.local/lib/python3.12/site-packages/airflow/example_dags/example_xcom.py
[2026-04-01T13:02:53.542+0000] {processor.py:830} INFO - Processing file /home/airflow/.local/lib/python3.12/site-packages/airflow/example_dags/example_xcom.py for tasks to queue
[2026-04-01T13:02:53.544+0000] {logging_mixin.py:188} INFO - [2026-04-01T13:02:53.543+0000] {dagbag.py:545} INFO - Filling up the DagBag from /home/airflow/.local/lib/python3.12/site-packages/airflow/example_dags/example_xcom.py
[2026-04-01T13:02:53.549+0000] {processor.py:840} INFO - DAG(s) 'example_xcom' retrieved from /home/airflow/.local/lib/python3.12/site-packages/airflow/example_dags/example_xcom.py
[2026-04-01T13:02:53.564+0000] {logging_mixin.py:188} INFO - [2026-04-01T13:02:53.564+0000] {dag.py:3096} INFO - Sync 1 DAGs
[2026-04-01T13:02:53.580+0000] {logging_mixin.py:188} INFO - [2026-04-01T13:02:53.580+0000] {dag.py:3954} INFO - Setting next_dagrun for example_xcom to 2021-01-01 00:00:00+00:00, run_after=2021-01-01 00:00:00+00:00
[2026-04-01T13:02:53.596+0000] {processor.py:183} INFO - Processing /home/airflow/.local/lib/python3.12/site-packages/airflow/example_dags/example_xcom.py took 0.059 seconds
[2026-04-01T13:03:23.745+0000] {processor.py:161} INFO - Started process (PID=601) to work on /home/airflow/.local/lib/python3.12/site-packages/airflow/example_dags/example_xcom.py
[2026-04-01T13:03:23.746+0000] {processor.py:830} INFO - Processing file /home/airflow/.local/lib/python3.12/site-packages/airflow/example_dags/example_xcom.py for tasks to queue
[2026-04-01T13:03:23.748+0000] {logging_mixin.py:188} INFO - [2026-04-01T13:03:23.747+0000] {dagbag.py:545} INFO - Filling up the DagBag from /home/airflow/.local/lib/python3.12/site-packages/airflow/example_dags/example_xcom.py
[2026-04-01T13:03:23.754+0000] {processor.py:840} INFO - DAG(s) 'example_xcom' retrieved from /home/airflow/.local/lib/python3.12/site-packages/airflow/example_dags/example_xcom.py
[2026-04-01T13:03:23.771+0000] {logging_mixin.py:188} INFO - [2026-04-01T13:03:23.771+0000] {dag.py:3096} INFO - Sync 1 DAGs
[2026-04-01T13:03:23.786+0000] {logging_mixin.py:188} INFO - [2026-04-01T13:03:23.786+0000] {dag.py:3954} INFO - Setting next_dagrun for example_xcom to 2021-01-01 00:00:00+00:00, run_after=2021-01-01 00:00:00+00:00
[2026-04-01T13:03:23.800+0000] {processor.py:183} INFO - Processing /home/airflow/.local/lib/python3.12/site-packages/airflow/example_dags/example_xcom.py took 0.060 seconds
[2026-04-01T13:03:54.092+0000] {processor.py:161} INFO - Started process (PID=659) to work on /home/airflow/.local/lib/python3.12/site-packages/airflow/example_dags/example_xcom.py
[2026-04-01T13:03:54.092+0000] {processor.py:830} INFO - Processing file /home/airflow/.local/lib/python3.12/site-packages/airflow/example_dags/example_xcom.py for tasks to queue
[2026-04-01T13:03:54.094+0000] {logging_mixin.py:188} INFO - [2026-04-01T13:03:54.094+0000] {dagbag.py:545} INFO - Filling up the DagBag from /home/airflow/.local/lib/python3.12/site-packages/airflow/example_dags/example_xcom.py
[2026-04-01T13:03:54.101+0000] {processor.py:840} INFO - DAG(s) 'example_xcom' retrieved from /home/airflow/.local/lib/python3.12/site-packages/airflow/example_dags/example_xcom.py
[2026-04-01T13:03:54.117+0000] {logging_mixin.py:188} INFO - [2026-04-01T13:03:54.116+0000] {dag.py:3096} INFO - Sync 1 DAGs
[2026-04-01T13:03:54.134+0000] {logging_mixin.py:188} INFO - [2026-04-01T13:03:54.133+0000] {dag.py:3954} INFO - Setting next_dagrun for example_xcom to 2021-01-01 00:00:00+00:00, run_after=2021-01-01 00:00:00+00:00
[2026-04-01T13:03:54.150+0000] {processor.py:183} INFO - Processing /home/airflow/.local/lib/python3.12/site-packages/airflow/example_dags/example_xcom.py took 0.063 seconds
[2026-04-01T13:04:24.413+0000] {processor.py:161} INFO - Started process (PID=717) to work on /home/airflow/.local/lib/python3.12/site-packages/airflow/example_dags/example_xcom.py
[2026-04-01T13:04:24.414+0000] {processor.py:830} INFO - Processing file /home/airflow/.local/lib/python3.12/site-packages/airflow/example_dags/example_xcom.py for tasks to queue
[2026-04-01T13:04:24.416+0000] {logging_mixin.py:188} INFO - [2026-04-01T13:04:24.415+0000] {dagbag.py:545} INFO - Filling up the DagBag from /home/airflow/.local/lib/python3.12/site-packages/airflow/example_dags/example_xcom.py
[2026-04-01T13:04:24.421+0000] {processor.py:840} INFO - DAG(s) 'example_xcom' retrieved from /home/airflow/.local/lib/python3.12/site-packages/airflow/example_dags/example_xcom.py
[2026-04-01T13:04:24.437+0000] {logging_mixin.py:188} INFO - [2026-04-01T13:04:24.437+0000] {dag.py:3096} INFO - Sync 1 DAGs
[2026-04-01T13:04:24.453+0000] {logging_mixin.py:188} INFO - [2026-04-01T13:04:24.453+0000] {dag.py:3954} INFO - Setting next_dagrun for example_xcom to 2021-01-01 00:00:00+00:00, run_after=2021-01-01 00:00:00+00:00
[2026-04-01T13:04:24.470+0000] {processor.py:183} INFO - Processing /home/airflow/.local/lib/python3.12/site-packages/airflow/example_dags/example_xcom.py took 0.062 seconds
[2026-04-01T13:04:54.594+0000] {processor.py:161} INFO - Started process (PID=775) to work on /home/airflow/.local/lib/python3.12/site-packages/airflow/example_dags/example_xcom.py
[2026-04-01T13:04:54.595+0000] {processor.py:830} INFO - Processing file /home/airflow/.local/lib/python3.12/site-packages/airflow/example_dags/example_xcom.py for tasks to queue
[2026-04-01T13:04:54.597+0000] {logging_mixin.py:188} INFO - [2026-04-01T13:04:54.597+0000] {dagbag.py:545} INFO - Filling up the DagBag from /home/airflow/.local/lib/python3.12/site-packages/airflow/example_dags/example_xcom.py
[2026-04-01T13:04:54.604+0000] {processor.py:840} INFO - DAG(s) 'example_xcom' retrieved from /home/airflow/.local/lib/python3.12/site-packages/airflow/example_dags/example_xcom.py
[2026-04-01T13:04:54.621+0000] {logging_mixin.py:188} INFO - [2026-04-01T13:04:54.621+0000] {dag.py:3096} INFO - Sync 1 DAGs
[2026-04-01T13:04:54.638+0000] {logging_mixin.py:188} INFO - [2026-04-01T13:04:54.638+0000] {dag.py:3954} INFO - Setting next_dagrun for example_xcom to 2021-01-01 00:00:00+00:00, run_after=2021-01-01 00:00:00+00:00
[2026-04-01T13:04:54.654+0000] {processor.py:183} INFO - Processing /home/airflow/.local/lib/python3.12/site-packages/airflow/example_dags/example_xcom.py took 0.064 seconds
[2026-04-01T13:05:24.772+0000] {processor.py:161} INFO - Started process (PID=833) to work on /home/airflow/.local/lib/python3.12/site-packages/airflow/example_dags/example_xcom.py
[2026-04-01T13:05:24.773+0000] {processor.py:830} INFO - Processing file /home/airflow/.local/lib/python3.12/site-packages/airflow/example_dags/example_xcom.py for tasks to queue
[2026-04-01T13:05:24.774+0000] {logging_mixin.py:188} INFO - [2026-04-01T13:05:24.774+0000] {dagbag.py:545} INFO - Filling up the DagBag from /home/airflow/.local/lib/python3.12/site-packages/airflow/example_dags/example_xcom.py
[2026-04-01T13:05:24.780+0000] {processor.py:840} INFO - DAG(s) 'example_xcom' retrieved from /home/airflow/.local/lib/python3.12/site-packages/airflow/example_dags/example_xcom.py
[2026-04-01T13:05:24.795+0000] {logging_mixin.py:188} INFO - [2026-04-01T13:05:24.795+0000] {dag.py:3096} INFO - Sync 1 DAGs
[2026-04-01T13:05:24.809+0000] {logging_mixin.py:188} INFO - [2026-04-01T13:05:24.809+0000] {dag.py:3954} INFO - Setting next_dagrun for example_xcom to 2021-01-01 00:00:00+00:00, run_after=2021-01-01 00:00:00+00:00
[2026-04-01T13:05:24.824+0000] {processor.py:183} INFO - Processing /home/airflow/.local/lib/python3.12/site-packages/airflow/example_dags/example_xcom.py took 0.058 seconds
[2026-04-01T13:05:54.897+0000] {processor.py:161} INFO - Started process (PID=891) to work on /home/airflow/.local/lib/python3.12/site-packages/airflow/example_dags/example_xcom.py
[2026-04-01T13:05:54.898+0000] {processor.py:830} INFO - Processing file /home/airflow/.local/lib/python3.12/site-packages/airflow/example_dags/example_xcom.py for tasks to queue
[2026-04-01T13:05:54.900+0000] {logging_mixin.py:188} INFO - [2026-04-01T13:05:54.899+0000] {dagbag.py:545} INFO - Filling up the DagBag from /home/airflow/.local/lib/python3.12/site-packages/airflow/example_dags/example_xcom.py
[2026-04-01T13:05:54.905+0000] {processor.py:840} INFO - DAG(s) 'example_xcom' retrieved from /home/airflow/.local/lib/python3.12/site-packages/airflow/example_dags/example_xcom.py
[2026-04-01T13:05:54.923+0000] {logging_mixin.py:188} INFO - [2026-04-01T13:05:54.922+0000] {dag.py:3096} INFO - Sync 1 DAGs
[2026-04-01T13:05:54.938+0000] {logging_mixin.py:188} INFO - [2026-04-01T13:05:54.938+0000] {dag.py:3954} INFO - Setting next_dagrun for example_xcom to 2021-01-01 00:00:00+00:00, run_after=2021-01-01 00:00:00+00:00
[2026-04-01T13:05:54.952+0000] {processor.py:183} INFO - Processing /home/airflow/.local/lib/python3.12/site-packages/airflow/example_dags/example_xcom.py took 0.059 seconds
[2026-04-01T13:06:25.236+0000] {processor.py:161} INFO - Started process (PID=949) to work on /home/airflow/.local/lib/python3.12/site-packages/airflow/example_dags/example_xcom.py
[2026-04-01T13:06:25.236+0000] {processor.py:830} INFO - Processing file /home/airflow/.local/lib/python3.12/site-packages/airflow/example_dags/example_xcom.py for tasks to queue
[2026-04-01T13:06:25.238+0000] {logging_mixin.py:188} INFO - [2026-04-01T13:06:25.238+0000] {dagbag.py:545} INFO - Filling up the DagBag from /home/airflow/.local/lib/python3.12/site-packages/airflow/example_dags/example_xcom.py
[2026-04-01T13:06:25.243+0000] {processor.py:840} INFO - DAG(s) 'example_xcom' retrieved from /home/airflow/.local/lib/python3.12/site-packages/airflow/example_dags/example_xcom.py
[2026-04-01T13:06:25.267+0000] {logging_mixin.py:188} INFO - [2026-04-01T13:06:25.266+0000] {dag.py:3096} INFO - Sync 1 DAGs
[2026-04-01T13:06:25.294+0000] {logging_mixin.py:188} INFO - [2026-04-01T13:06:25.294+0000] {dag.py:3954} INFO - Setting next_dagrun for example_xcom to 2021-01-01 00:00:00+00:00, run_after=2021-01-01 00:00:00+00:00
[2026-04-01T13:06:25.313+0000] {processor.py:183} INFO - Processing /home/airflow/.local/lib/python3.12/site-packages/airflow/example_dags/example_xcom.py took 0.081 seconds
[2026-04-01T13:06:55.569+0000] {processor.py:161} INFO - Started process (PID=1007) to work on /home/airflow/.local/lib/python3.12/site-packages/airflow/example_dags/example_xcom.py
[2026-04-01T13:06:55.570+0000] {processor.py:830} INFO - Processing file /home/airflow/.local/lib/python3.12/site-packages/airflow/example_dags/example_xcom.py for tasks to queue
[2026-04-01T13:06:55.571+0000] {logging_mixin.py:188} INFO - [2026-04-01T13:06:55.571+0000] {dagbag.py:545} INFO - Filling up the DagBag from /home/airflow/.local/lib/python3.12/site-packages/airflow/example_dags/example_xcom.py
[2026-04-01T13:06:55.576+0000] {processor.py:840} INFO - DAG(s) 'example_xcom' retrieved from /home/airflow/.local/lib/python3.12/site-packages/airflow/example_dags/example_xcom.py
[2026-04-01T13:06:55.590+0000] {logging_mixin.py:188} INFO - [2026-04-01T13:06:55.590+0000] {dag.py:3096} INFO - Sync 1 DAGs
[2026-04-01T13:06:55.604+0000] {logging_mixin.py:188} INFO - [2026-04-01T13:06:55.604+0000] {dag.py:3954} INFO - Setting next_dagrun for example_xcom to 2021-01-01 00:00:00+00:00, run_after=2021-01-01 00:00:00+00:00
[2026-04-01T13:06:55.618+0000] {processor.py:183} INFO - Processing /home/airflow/.local/lib/python3.12/site-packages/airflow/example_dags/example_xcom.py took 0.053 seconds
[2026-04-01T13:07:25.860+0000] {processor.py:161} INFO - Started process (PID=1065) to work on /home/airflow/.local/lib/python3.12/site-packages/airflow/example_dags/example_xcom.py
[2026-04-01T13:07:25.861+0000] {processor.py:830} INFO - Processing file /home/airflow/.local/lib/python3.12/site-packages/airflow/example_dags/example_xcom.py for tasks to queue
[2026-04-01T13:07:25.862+0000] {logging_mixin.py:188} INFO - [2026-04-01T13:07:25.862+0000] {dagbag.py:545} INFO - Filling up the DagBag from /home/airflow/.local/lib/python3.12/site-packages/airflow/example_dags/example_xcom.py
[2026-04-01T13:07:25.869+0000] {processor.py:840} INFO - DAG(s) 'example_xcom' retrieved from /home/airflow/.local/lib/python3.12/site-packages/airflow/example_dags/example_xcom.py
[2026-04-01T13:07:25.886+0000] {logging_mixin.py:188} INFO - [2026-04-01T13:07:25.886+0000] {dag.py:3096} INFO - Sync 1 DAGs
[2026-04-01T13:07:25.901+0000] {logging_mixin.py:188} INFO - [2026-04-01T13:07:25.901+0000] {dag.py:3954} INFO - Setting next_dagrun for example_xcom to 2021-01-01 00:00:00+00:00, run_after=2021-01-01 00:00:00+00:00
[2026-04-01T13:07:25.915+0000] {processor.py:183} INFO - Processing /home/airflow/.local/lib/python3.12/site-packages/airflow/example_dags/example_xcom.py took 0.059 seconds
[2026-04-01T13:07:56.022+0000] {processor.py:161} INFO - Started process (PID=1123) to work on /home/airflow/.local/lib/python3.12/site-packages/airflow/example_dags/example_xcom.py
[2026-04-01T13:07:56.023+0000] {processor.py:830} INFO - Processing file /home/airflow/.local/lib/python3.12/site-packages/airflow/example_dags/example_xcom.py for tasks to queue
[2026-04-01T13:07:56.025+0000] {logging_mixin.py:188} INFO - [2026-04-01T13:07:56.025+0000] {dagbag.py:545} INFO - Filling up the DagBag from /home/airflow/.local/lib/python3.12/site-packages/airflow/example_dags/example_xcom.py
[2026-04-01T13:07:56.030+0000] {processor.py:840} INFO - DAG(s) 'example_xcom' retrieved from /home/airflow/.local/lib/python3.12/site-packages/airflow/example_dags/example_xcom.py
[2026-04-01T13:07:56.047+0000] {logging_mixin.py:188} INFO - [2026-04-01T13:07:56.047+0000] {dag.py:3096} INFO - Sync 1 DAGs
[2026-04-01T13:07:56.063+0000] {logging_mixin.py:188} INFO - [2026-04-01T13:07:56.063+0000] {dag.py:3954} INFO - Setting next_dagrun for example_xcom to 2021-01-01 00:00:00+00:00, run_after=2021-01-01 00:00:00+00:00
[2026-04-01T13:07:56.078+0000] {processor.py:183} INFO - Processing /home/airflow/.local/lib/python3.12/site-packages/airflow/example_dags/example_xcom.py took 0.060 seconds
[2026-04-01T13:08:26.217+0000] {processor.py:161} INFO - Started process (PID=1181) to work on /home/airflow/.local/lib/python3.12/site-packages/airflow/example_dags/example_xcom.py
[2026-04-01T13:08:26.218+0000] {processor.py:830} INFO - Processing file /home/airflow/.local/lib/python3.12/site-packages/airflow/example_dags/example_xcom.py for tasks to queue
[2026-04-01T13:08:26.220+0000] {logging_mixin.py:188} INFO - [2026-04-01T13:08:26.220+0000] {dagbag.py:545} INFO - Filling up the DagBag from /home/airflow/.local/lib/python3.12/site-packages/airflow/example_dags/example_xcom.py
[2026-04-01T13:08:26.226+0000] {processor.py:840} INFO - DAG(s) 'example_xcom' retrieved from /home/airflow/.local/lib/python3.12/site-packages/airflow/example_dags/example_xcom.py
[2026-04-01T13:08:26.241+0000] {logging_mixin.py:188} INFO - [2026-04-01T13:08:26.241+0000] {dag.py:3096} INFO - Sync 1 DAGs
[2026-04-01T13:08:26.258+0000] {logging_mixin.py:188} INFO - [2026-04-01T13:08:26.257+0000] {dag.py:3954} INFO - Setting next_dagrun for example_xcom to 2021-01-01 00:00:00+00:00, run_after=2021-01-01 00:00:00+00:00
[2026-04-01T13:08:26.275+0000] {processor.py:183} INFO - Processing /home/airflow/.local/lib/python3.12/site-packages/airflow/example_dags/example_xcom.py took 0.062 seconds
[2026-04-01T13:08:56.661+0000] {processor.py:161} INFO - Started process (PID=1239) to work on /home/airflow/.local/lib/python3.12/site-packages/airflow/example_dags/example_xcom.py
[2026-04-01T13:08:56.662+0000] {processor.py:830} INFO - Processing file /home/airflow/.local/lib/python3.12/site-packages/airflow/example_dags/example_xcom.py for tasks to queue
[2026-04-01T13:08:56.663+0000] {logging_mixin.py:188} INFO - [2026-04-01T13:08:56.663+0000] {dagbag.py:545} INFO - Filling up the DagBag from /home/airflow/.local/lib/python3.12/site-packages/airflow/example_dags/example_xcom.py
[2026-04-01T13:08:56.671+0000] {processor.py:840} INFO - DAG(s) 'example_xcom' retrieved from /home/airflow/.local/lib/python3.12/site-packages/airflow/example_dags/example_xcom.py
[2026-04-01T13:08:56.692+0000] {logging_mixin.py:188} INFO - [2026-04-01T13:08:56.692+0000] {dag.py:3096} INFO - Sync 1 DAGs
[2026-04-01T13:08:56.710+0000] {logging_mixin.py:188} INFO - [2026-04-01T13:08:56.710+0000] {dag.py:3954} INFO - Setting next_dagrun for example_xcom to 2021-01-01 00:00:00+00:00, run_after=2021-01-01 00:00:00+00:00
[2026-04-01T13:08:56.727+0000] {processor.py:183} INFO - Processing /home/airflow/.local/lib/python3.12/site-packages/airflow/example_dags/example_xcom.py took 0.071 seconds
[2026-04-01T13:09:26.951+0000] {processor.py:161} INFO - Started process (PID=1297) to work on /home/airflow/.local/lib/python3.12/site-packages/airflow/example_dags/example_xcom.py
[2026-04-01T13:09:26.951+0000] {processor.py:830} INFO - Processing file /home/airflow/.local/lib/python3.12/site-packages/airflow/example_dags/example_xcom.py for tasks to queue
[2026-04-01T13:09:26.953+0000] {logging_mixin.py:188} INFO - [2026-04-01T13:09:26.952+0000] {dagbag.py:545} INFO - Filling up the DagBag from /home/airflow/.local/lib/python3.12/site-packages/airflow/example_dags/example_xcom.py
[2026-04-01T13:09:26.959+0000] {processor.py:840} INFO - DAG(s) 'example_xcom' retrieved from /home/airflow/.local/lib/python3.12/site-packages/airflow/example_dags/example_xcom.py
[2026-04-01T13:09:26.977+0000] {logging_mixin.py:188} INFO - [2026-04-01T13:09:26.977+0000] {dag.py:3096} INFO - Sync 1 DAGs
[2026-04-01T13:09:26.998+0000] {logging_mixin.py:188} INFO - [2026-04-01T13:09:26.998+0000] {dag.py:3954} INFO - Setting next_dagrun for example_xcom to 2021-01-01 00:00:00+00:00, run_after=2021-01-01 00:00:00+00:00
[2026-04-01T13:09:27.015+0000] {processor.py:183} INFO - Processing /home/airflow/.local/lib/python3.12/site-packages/airflow/example_dags/example_xcom.py took 0.069 seconds
[2026-04-01T13:09:57.349+0000] {processor.py:161} INFO - Started process (PID=1354) to work on /home/airflow/.local/lib/python3.12/site-packages/airflow/example_dags/example_xcom.py
[2026-04-01T13:09:57.349+0000] {processor.py:830} INFO - Processing file /home/airflow/.local/lib/python3.12/site-packages/airflow/example_dags/example_xcom.py for tasks to queue
[2026-04-01T13:09:57.351+0000] {logging_mixin.py:188} INFO - [2026-04-01T13:09:57.351+0000] {dagbag.py:545} INFO - Filling up the DagBag from /home/airflow/.local/lib/python3.12/site-packages/airflow/example_dags/example_xcom.py
[2026-04-01T13:09:57.359+0000] {processor.py:840} INFO - DAG(s) 'example_xcom' retrieved from /home/airflow/.local/lib/python3.12/site-packages/airflow/example_dags/example_xcom.py
[2026-04-01T13:09:57.374+0000] {logging_mixin.py:188} INFO - [2026-04-01T13:09:57.374+0000] {dag.py:3096} INFO - Sync 1 DAGs
[2026-04-01T13:09:57.390+0000] {logging_mixin.py:188} INFO - [2026-04-01T13:09:57.389+0000] {dag.py:3954} INFO - Setting next_dagrun for example_xcom to 2021-01-01 00:00:00+00:00, run_after=2021-01-01 00:00:00+00:00
[2026-04-01T13:09:57.406+0000] {processor.py:183} INFO - Processing /home/airflow/.local/lib/python3.12/site-packages/airflow/example_dags/example_xcom.py took 0.062 seconds
[2026-04-01T13:10:27.486+0000] {processor.py:161} INFO - Started process (PID=1412) to work on /home/airflow/.local/lib/python3.12/site-packages/airflow/example_dags/example_xcom.py
[2026-04-01T13:10:27.487+0000] {processor.py:830} INFO - Processing file /home/airflow/.local/lib/python3.12/site-packages/airflow/example_dags/example_xcom.py for tasks to queue
[2026-04-01T13:10:27.488+0000] {logging_mixin.py:188} INFO - [2026-04-01T13:10:27.488+0000] {dagbag.py:545} INFO - Filling up the DagBag from /home/airflow/.local/lib/python3.12/site-packages/airflow/example_dags/example_xcom.py
[2026-04-01T13:10:27.494+0000] {processor.py:840} INFO - DAG(s) 'example_xcom' retrieved from /home/airflow/.local/lib/python3.12/site-packages/airflow/example_dags/example_xcom.py
[2026-04-01T13:10:27.510+0000] {logging_mixin.py:188} INFO - [2026-04-01T13:10:27.510+0000] {dag.py:3096} INFO - Sync 1 DAGs
[2026-04-01T13:10:27.526+0000] {logging_mixin.py:188} INFO - [2026-04-01T13:10:27.526+0000] {dag.py:3954} INFO - Setting next_dagrun for example_xcom to 2021-01-01 00:00:00+00:00, run_after=2021-01-01 00:00:00+00:00
[2026-04-01T13:10:27.540+0000] {processor.py:183} INFO - Processing /home/airflow/.local/lib/python3.12/site-packages/airflow/example_dags/example_xcom.py took 0.059 seconds
[2026-04-01T13:10:58.116+0000] {processor.py:161} INFO - Started process (PID=1470) to work on /home/airflow/.local/lib/python3.12/site-packages/airflow/example_dags/example_xcom.py
[2026-04-01T13:10:58.116+0000] {processor.py:830} INFO - Processing file /home/airflow/.local/lib/python3.12/site-packages/airflow/example_dags/example_xcom.py for tasks to queue
[2026-04-01T13:10:58.118+0000] {logging_mixin.py:188} INFO - [2026-04-01T13:10:58.118+0000] {dagbag.py:545} INFO - Filling up the DagBag from /home/airflow/.local/lib/python3.12/site-packages/airflow/example_dags/example_xcom.py
[2026-04-01T13:10:58.125+0000] {processor.py:840} INFO - DAG(s) 'example_xcom' retrieved from /home/airflow/.local/lib/python3.12/site-packages/airflow/example_dags/example_xcom.py
[2026-04-01T13:10:58.141+0000] {logging_mixin.py:188} INFO - [2026-04-01T13:10:58.141+0000] {dag.py:3096} INFO - Sync 1 DAGs
[2026-04-01T13:10:58.158+0000] {logging_mixin.py:188} INFO - [2026-04-01T13:10:58.157+0000] {dag.py:3954} INFO - Setting next_dagrun for example_xcom to 2021-01-01 00:00:00+00:00, run_after=2021-01-01 00:00:00+00:00
[2026-04-01T13:10:58.175+0000] {processor.py:183} INFO - Processing /home/airflow/.local/lib/python3.12/site-packages/airflow/example_dags/example_xcom.py took 0.064 seconds
[2026-04-01T13:11:28.466+0000] {processor.py:161} INFO - Started process (PID=1528) to work on /home/airflow/.local/lib/python3.12/site-packages/airflow/example_dags/example_xcom.py
[2026-04-01T13:11:28.467+0000] {processor.py:830} INFO - Processing file /home/airflow/.local/lib/python3.12/site-packages/airflow/example_dags/example_xcom.py for tasks to queue
[2026-04-01T13:11:28.468+0000] {logging_mixin.py:188} INFO - [2026-04-01T13:11:28.468+0000] {dagbag.py:545} INFO - Filling up the DagBag from /home/airflow/.local/lib/python3.12/site-packages/airflow/example_dags/example_xcom.py
[2026-04-01T13:11:28.474+0000] {processor.py:840} INFO - DAG(s) 'example_xcom' retrieved from /home/airflow/.local/lib/python3.12/site-packages/airflow/example_dags/example_xcom.py
[2026-04-01T13:11:28.497+0000] {logging_mixin.py:188} INFO - [2026-04-01T13:11:28.497+0000] {dag.py:3096} INFO - Sync 1 DAGs
[2026-04-01T13:11:28.515+0000] {logging_mixin.py:188} INFO - [2026-04-01T13:11:28.515+0000] {dag.py:3954} INFO - Setting next_dagrun for example_xcom to 2021-01-01 00:00:00+00:00, run_after=2021-01-01 00:00:00+00:00
[2026-04-01T13:11:28.535+0000] {processor.py:183} INFO - Processing /home/airflow/.local/lib/python3.12/site-packages/airflow/example_dags/example_xcom.py took 0.074 seconds
[2026-04-01T13:11:58.937+0000] {processor.py:161} INFO - Started process (PID=1586) to work on /home/airflow/.local/lib/python3.12/site-packages/airflow/example_dags/example_xcom.py
[2026-04-01T13:11:58.939+0000] {processor.py:830} INFO - Processing file /home/airflow/.local/lib/python3.12/site-packages/airflow/example_dags/example_xcom.py for tasks to queue
[2026-04-01T13:11:58.941+0000] {logging_mixin.py:188} INFO - [2026-04-01T13:11:58.941+0000] {dagbag.py:545} INFO - Filling up the DagBag from /home/airflow/.local/lib/python3.12/site-packages/airflow/example_dags/example_xcom.py
[2026-04-01T13:11:58.947+0000] {processor.py:840} INFO - DAG(s) 'example_xcom' retrieved from /home/airflow/.local/lib/python3.12/site-packages/airflow/example_dags/example_xcom.py
[2026-04-01T13:11:58.962+0000] {logging_mixin.py:188} INFO - [2026-04-01T13:11:58.962+0000] {dag.py:3096} INFO - Sync 1 DAGs
[2026-04-01T13:11:58.977+0000] {logging_mixin.py:188} INFO - [2026-04-01T13:11:58.977+0000] {dag.py:3954} INFO - Setting next_dagrun for example_xcom to 2021-01-01 00:00:00+00:00, run_after=2021-01-01 00:00:00+00:00
[2026-04-01T13:11:58.995+0000] {processor.py:183} INFO - Processing /home/airflow/.local/lib/python3.12/site-packages/airflow/example_dags/example_xcom.py took 0.063 seconds
[2026-04-01T13:12:29.242+0000] {processor.py:161} INFO - Started process (PID=1644) to work on /home/airflow/.local/lib/python3.12/site-packages/airflow/example_dags/example_xcom.py
[2026-04-01T13:12:29.242+0000] {processor.py:830} INFO - Processing file /home/airflow/.local/lib/python3.12/site-packages/airflow/example_dags/example_xcom.py for tasks to queue
[2026-04-01T13:12:29.244+0000] {logging_mixin.py:188} INFO - [2026-04-01T13:12:29.243+0000] {dagbag.py:545} INFO - Filling up the DagBag from /home/airflow/.local/lib/python3.12/site-packages/airflow/example_dags/example_xcom.py
[2026-04-01T13:12:29.250+0000] {processor.py:840} INFO - DAG(s) 'example_xcom' retrieved from /home/airflow/.local/lib/python3.12/site-packages/airflow/example_dags/example_xcom.py
[2026-04-01T13:12:29.266+0000] {logging_mixin.py:188} INFO - [2026-04-01T13:12:29.266+0000] {dag.py:3096} INFO - Sync 1 DAGs
[2026-04-01T13:12:29.281+0000] {logging_mixin.py:188} INFO - [2026-04-01T13:12:29.281+0000] {dag.py:3954} INFO - Setting next_dagrun for example_xcom to 2021-01-01 00:00:00+00:00, run_after=2021-01-01 00:00:00+00:00
[2026-04-01T13:12:29.295+0000] {processor.py:183} INFO - Processing /home/airflow/.local/lib/python3.12/site-packages/airflow/example_dags/example_xcom.py took 0.059 seconds
[2026-04-01T13:12:59.505+0000] {processor.py:161} INFO - Started process (PID=1702) to work on /home/airflow/.local/lib/python3.12/site-packages/airflow/example_dags/example_xcom.py
[2026-04-01T13:12:59.506+0000] {processor.py:830} INFO - Processing file /home/airflow/.local/lib/python3.12/site-packages/airflow/example_dags/example_xcom.py for tasks to queue
[2026-04-01T13:12:59.507+0000] {logging_mixin.py:188} INFO - [2026-04-01T13:12:59.507+0000] {dagbag.py:545} INFO - Filling up the DagBag from /home/airflow/.local/lib/python3.12/site-packages/airflow/example_dags/example_xcom.py
[2026-04-01T13:12:59.513+0000] {processor.py:840} INFO - DAG(s) 'example_xcom' retrieved from /home/airflow/.local/lib/python3.12/site-packages/airflow/example_dags/example_xcom.py
[2026-04-01T13:12:59.529+0000] {logging_mixin.py:188} INFO - [2026-04-01T13:12:59.528+0000] {dag.py:3096} INFO - Sync 1 DAGs
[2026-04-01T13:12:59.545+0000] {logging_mixin.py:188} INFO - [2026-04-01T13:12:59.544+0000] {dag.py:3954} INFO - Setting next_dagrun for example_xcom to 2021-01-01 00:00:00+00:00, run_after=2021-01-01 00:00:00+00:00
[2026-04-01T13:12:59.558+0000] {processor.py:183} INFO - Processing /home/airflow/.local/lib/python3.12/site-packages/airflow/example_dags/example_xcom.py took 0.058 seconds
[2026-04-01T13:13:29.791+0000] {processor.py:161} INFO - Started process (PID=1760) to work on /home/airflow/.local/lib/python3.12/site-packages/airflow/example_dags/example_xcom.py
[2026-04-01T13:13:29.791+0000] {processor.py:830} INFO - Processing file /home/airflow/.local/lib/python3.12/site-packages/airflow/example_dags/example_xcom.py for tasks to queue
[2026-04-01T13:13:29.793+0000] {logging_mixin.py:188} INFO - [2026-04-01T13:13:29.792+0000] {dagbag.py:545} INFO - Filling up the DagBag from /home/airflow/.local/lib/python3.12/site-packages/airflow/example_dags/example_xcom.py
[2026-04-01T13:13:29.798+0000] {processor.py:840} INFO - DAG(s) 'example_xcom' retrieved from /home/airflow/.local/lib/python3.12/site-packages/airflow/example_dags/example_xcom.py
[2026-04-01T13:13:29.812+0000] {logging_mixin.py:188} INFO - [2026-04-01T13:13:29.812+0000] {dag.py:3096} INFO - Sync 1 DAGs
[2026-04-01T13:13:29.826+0000] {logging_mixin.py:188} INFO - [2026-04-01T13:13:29.826+0000] {dag.py:3954} INFO - Setting next_dagrun for example_xcom to 2021-01-01 00:00:00+00:00, run_after=2021-01-01 00:00:00+00:00
[2026-04-01T13:13:29.842+0000] {processor.py:183} INFO - Processing /home/airflow/.local/lib/python3.12/site-packages/airflow/example_dags/example_xcom.py took 0.056 seconds
[2026-04-01T13:14:00.326+0000] {processor.py:161} INFO - Started process (PID=1818) to work on /home/airflow/.local/lib/python3.12/site-packages/airflow/example_dags/example_xcom.py
[2026-04-01T13:14:00.326+0000] {processor.py:830} INFO - Processing file /home/airflow/.local/lib/python3.12/site-packages/airflow/example_dags/example_xcom.py for tasks to queue
[2026-04-01T13:14:00.328+0000] {logging_mixin.py:188} INFO - [2026-04-01T13:14:00.328+0000] {dagbag.py:545} INFO - Filling up the DagBag from /home/airflow/.local/lib/python3.12/site-packages/airflow/example_dags/example_xcom.py
[2026-04-01T13:14:00.334+0000] {processor.py:840} INFO - DAG(s) 'example_xcom' retrieved from /home/airflow/.local/lib/python3.12/site-packages/airflow/example_dags/example_xcom.py
[2026-04-01T13:14:00.352+0000] {logging_mixin.py:188} INFO - [2026-04-01T13:14:00.352+0000] {dag.py:3096} INFO - Sync 1 DAGs
[2026-04-01T13:14:00.370+0000] {logging_mixin.py:188} INFO - [2026-04-01T13:14:00.370+0000] {dag.py:3954} INFO - Setting next_dagrun for example_xcom to 2021-01-01 00:00:00+00:00, run_after=2021-01-01 00:00:00+00:00
[2026-04-01T13:14:00.388+0000] {processor.py:183} INFO - Processing /home/airflow/.local/lib/python3.12/site-packages/airflow/example_dags/example_xcom.py took 0.067 seconds
[2026-04-01T13:14:31.008+0000] {processor.py:161} INFO - Started process (PID=1876) to work on /home/airflow/.local/lib/python3.12/site-packages/airflow/example_dags/example_xcom.py
[2026-04-01T13:14:31.009+0000] {processor.py:830} INFO - Processing file /home/airflow/.local/lib/python3.12/site-packages/airflow/example_dags/example_xcom.py for tasks to queue
[2026-04-01T13:14:31.011+0000] {logging_mixin.py:188} INFO - [2026-04-01T13:14:31.010+0000] {dagbag.py:545} INFO - Filling up the DagBag from /home/airflow/.local/lib/python3.12/site-packages/airflow/example_dags/example_xcom.py
[2026-04-01T13:14:31.018+0000] {processor.py:840} INFO - DAG(s) 'example_xcom' retrieved from /home/airflow/.local/lib/python3.12/site-packages/airflow/example_dags/example_xcom.py
[2026-04-01T13:14:31.033+0000] {logging_mixin.py:188} INFO - [2026-04-01T13:14:31.033+0000] {dag.py:3096} INFO - Sync 1 DAGs
[2026-04-01T13:14:31.050+0000] {logging_mixin.py:188} INFO - [2026-04-01T13:14:31.050+0000] {dag.py:3954} INFO - Setting next_dagrun for example_xcom to 2021-01-01 00:00:00+00:00, run_after=2021-01-01 00:00:00+00:00
[2026-04-01T13:14:31.179+0000] {processor.py:183} INFO - Processing /home/airflow/.local/lib/python3.12/site-packages/airflow/example_dags/example_xcom.py took 0.175 seconds
[2026-04-01T13:15:01.305+0000] {processor.py:161} INFO - Started process (PID=1934) to work on /home/airflow/.local/lib/python3.12/site-packages/airflow/example_dags/example_xcom.py
[2026-04-01T13:15:01.306+0000] {processor.py:830} INFO - Processing file /home/airflow/.local/lib/python3.12/site-packages/airflow/example_dags/example_xcom.py for tasks to queue
[2026-04-01T13:15:01.308+0000] {logging_mixin.py:188} INFO - [2026-04-01T13:15:01.307+0000] {dagbag.py:545} INFO - Filling up the DagBag from /home/airflow/.local/lib/python3.12/site-packages/airflow/example_dags/example_xcom.py
[2026-04-01T13:15:01.314+0000] {processor.py:840} INFO - DAG(s) 'example_xcom' retrieved from /home/airflow/.local/lib/python3.12/site-packages/airflow/example_dags/example_xcom.py
[2026-04-01T13:15:01.331+0000] {logging_mixin.py:188} INFO - [2026-04-01T13:15:01.331+0000] {dag.py:3096} INFO - Sync 1 DAGs
[2026-04-01T13:15:01.346+0000] {logging_mixin.py:188} INFO - [2026-04-01T13:15:01.346+0000] {dag.py:3954} INFO - Setting next_dagrun for example_xcom to 2021-01-01 00:00:00+00:00, run_after=2021-01-01 00:00:00+00:00
[2026-04-01T13:15:01.362+0000] {processor.py:183} INFO - Processing /home/airflow/.local/lib/python3.12/site-packages/airflow/example_dags/example_xcom.py took 0.061 seconds
[2026-04-01T13:15:31.490+0000] {processor.py:161} INFO - Started process (PID=1992) to work on /home/airflow/.local/lib/python3.12/site-packages/airflow/example_dags/example_xcom.py
[2026-04-01T13:15:31.491+0000] {processor.py:830} INFO - Processing file /home/airflow/.local/lib/python3.12/site-packages/airflow/example_dags/example_xcom.py for tasks to queue
[2026-04-01T13:15:31.492+0000] {logging_mixin.py:188} INFO - [2026-04-01T13:15:31.492+0000] {dagbag.py:545} INFO - Filling up the DagBag from /home/airflow/.local/lib/python3.12/site-packages/airflow/example_dags/example_xcom.py
[2026-04-01T13:15:31.497+0000] {processor.py:840} INFO - DAG(s) 'example_xcom' retrieved from /home/airflow/.local/lib/python3.12/site-packages/airflow/example_dags/example_xcom.py
[2026-04-01T13:15:31.513+0000] {logging_mixin.py:188} INFO - [2026-04-01T13:15:31.513+0000] {dag.py:3096} INFO - Sync 1 DAGs
[2026-04-01T13:15:31.529+0000] {logging_mixin.py:188} INFO - [2026-04-01T13:15:31.529+0000] {dag.py:3954} INFO - Setting next_dagrun for example_xcom to 2021-01-01 00:00:00+00:00, run_after=2021-01-01 00:00:00+00:00
[2026-04-01T13:15:31.546+0000] {processor.py:183} INFO - Processing /home/airflow/.local/lib/python3.12/site-packages/airflow/example_dags/example_xcom.py took 0.061 seconds
[2026-04-01T13:16:02.007+0000] {processor.py:161} INFO - Started process (PID=2050) to work on /home/airflow/.local/lib/python3.12/site-packages/airflow/example_dags/example_xcom.py
[2026-04-01T13:16:02.008+0000] {processor.py:830} INFO - Processing file /home/airflow/.local/lib/python3.12/site-packages/airflow/example_dags/example_xcom.py for tasks to queue
[2026-04-01T13:16:02.010+0000] {logging_mixin.py:188} INFO - [2026-04-01T13:16:02.009+0000] {dagbag.py:545} INFO - Filling up the DagBag from /home/airflow/.local/lib/python3.12/site-packages/airflow/example_dags/example_xcom.py
[2026-04-01T13:16:02.016+0000] {processor.py:840} INFO - DAG(s) 'example_xcom' retrieved from /home/airflow/.local/lib/python3.12/site-packages/airflow/example_dags/example_xcom.py
[2026-04-01T13:16:02.031+0000] {logging_mixin.py:188} INFO - [2026-04-01T13:16:02.031+0000] {dag.py:3096} INFO - Sync 1 DAGs
[2026-04-01T13:16:02.047+0000] {logging_mixin.py:188} INFO - [2026-04-01T13:16:02.047+0000] {dag.py:3954} INFO - Setting next_dagrun for example_xcom to 2021-01-01 00:00:00+00:00, run_after=2021-01-01 00:00:00+00:00
[2026-04-01T13:16:02.061+0000] {processor.py:183} INFO - Processing /home/airflow/.local/lib/python3.12/site-packages/airflow/example_dags/example_xcom.py took 0.059 seconds
[2026-04-01T13:16:33.685+0000] {processor.py:161} INFO - Started process (PID=2108) to work on /home/airflow/.local/lib/python3.12/site-packages/airflow/example_dags/example_xcom.py
[2026-04-01T13:16:33.686+0000] {processor.py:830} INFO - Processing file /home/airflow/.local/lib/python3.12/site-packages/airflow/example_dags/example_xcom.py for tasks to queue
[2026-04-01T13:16:33.688+0000] {logging_mixin.py:188} INFO - [2026-04-01T13:16:33.687+0000] {dagbag.py:545} INFO - Filling up the DagBag from /home/airflow/.local/lib/python3.12/site-packages/airflow/example_dags/example_xcom.py
[2026-04-01T13:16:33.693+0000] {processor.py:840} INFO - DAG(s) 'example_xcom' retrieved from /home/airflow/.local/lib/python3.12/site-packages/airflow/example_dags/example_xcom.py
[2026-04-01T13:16:33.806+0000] {logging_mixin.py:188} INFO - [2026-04-01T13:16:33.805+0000] {dag.py:3096} INFO - Sync 1 DAGs
[2026-04-01T13:16:33.818+0000] {logging_mixin.py:188} INFO - [2026-04-01T13:16:33.818+0000] {dag.py:3954} INFO - Setting next_dagrun for example_xcom to 2021-01-01 00:00:00+00:00, run_after=2021-01-01 00:00:00+00:00
[2026-04-01T13:16:33.832+0000] {processor.py:183} INFO - Processing /home/airflow/.local/lib/python3.12/site-packages/airflow/example_dags/example_xcom.py took 0.152 seconds
[2026-04-01T13:17:03.981+0000] {processor.py:161} INFO - Started process (PID=2166) to work on /home/airflow/.local/lib/python3.12/site-packages/airflow/example_dags/example_xcom.py
[2026-04-01T13:17:03.982+0000] {processor.py:830} INFO - Processing file /home/airflow/.local/lib/python3.12/site-packages/airflow/example_dags/example_xcom.py for tasks to queue
[2026-04-01T13:17:03.983+0000] {logging_mixin.py:188} INFO - [2026-04-01T13:17:03.983+0000] {dagbag.py:545} INFO - Filling up the DagBag from /home/airflow/.local/lib/python3.12/site-packages/airflow/example_dags/example_xcom.py
[2026-04-01T13:17:03.988+0000] {processor.py:840} INFO - DAG(s) 'example_xcom' retrieved from /home/airflow/.local/lib/python3.12/site-packages/airflow/example_dags/example_xcom.py
[2026-04-01T13:17:04.002+0000] {logging_mixin.py:188} INFO - [2026-04-01T13:17:04.002+0000] {dag.py:3096} INFO - Sync 1 DAGs
[2026-04-01T13:17:04.016+0000] {logging_mixin.py:188} INFO - [2026-04-01T13:17:04.016+0000] {dag.py:3954} INFO - Setting next_dagrun for example_xcom to 2021-01-01 00:00:00+00:00, run_after=2021-01-01 00:00:00+00:00
[2026-04-01T13:17:04.031+0000] {processor.py:183} INFO - Processing /home/airflow/.local/lib/python3.12/site-packages/airflow/example_dags/example_xcom.py took 0.054 seconds
[2026-04-01T13:17:34.356+0000] {processor.py:161} INFO - Started process (PID=2224) to work on /home/airflow/.local/lib/python3.12/site-packages/airflow/example_dags/example_xcom.py
[2026-04-01T13:17:34.357+0000] {processor.py:830} INFO - Processing file /home/airflow/.local/lib/python3.12/site-packages/airflow/example_dags/example_xcom.py for tasks to queue
[2026-04-01T13:17:34.358+0000] {logging_mixin.py:188} INFO - [2026-04-01T13:17:34.358+0000] {dagbag.py:545} INFO - Filling up the DagBag from /home/airflow/.local/lib/python3.12/site-packages/airflow/example_dags/example_xcom.py
[2026-04-01T13:17:34.364+0000] {processor.py:840} INFO - DAG(s) 'example_xcom' retrieved from /home/airflow/.local/lib/python3.12/site-packages/airflow/example_dags/example_xcom.py
[2026-04-01T13:17:34.379+0000] {logging_mixin.py:188} INFO - [2026-04-01T13:17:34.379+0000] {dag.py:3096} INFO - Sync 1 DAGs
[2026-04-01T13:17:34.395+0000] {logging_mixin.py:188} INFO - [2026-04-01T13:17:34.395+0000] {dag.py:3954} INFO - Setting next_dagrun for example_xcom to 2021-01-01 00:00:00+00:00, run_after=2021-01-01 00:00:00+00:00
[2026-04-01T13:17:34.412+0000] {processor.py:183} INFO - Processing /home/airflow/.local/lib/python3.12/site-packages/airflow/example_dags/example_xcom.py took 0.061 seconds
[2026-04-01T13:18:04.550+0000] {processor.py:161} INFO - Started process (PID=2282) to work on /home/airflow/.local/lib/python3.12/site-packages/airflow/example_dags/example_xcom.py
[2026-04-01T13:18:04.551+0000] {processor.py:830} INFO - Processing file /home/airflow/.local/lib/python3.12/site-packages/airflow/example_dags/example_xcom.py for tasks to queue
[2026-04-01T13:18:04.552+0000] {logging_mixin.py:188} INFO - [2026-04-01T13:18:04.552+0000] {dagbag.py:545} INFO - Filling up the DagBag from /home/airflow/.local/lib/python3.12/site-packages/airflow/example_dags/example_xcom.py
[2026-04-01T13:18:04.558+0000] {processor.py:840} INFO - DAG(s) 'example_xcom' retrieved from /home/airflow/.local/lib/python3.12/site-packages/airflow/example_dags/example_xcom.py
[2026-04-01T13:18:04.575+0000] {logging_mixin.py:188} INFO - [2026-04-01T13:18:04.574+0000] {dag.py:3096} INFO - Sync 1 DAGs
[2026-04-01T13:18:04.591+0000] {logging_mixin.py:188} INFO - [2026-04-01T13:18:04.591+0000] {dag.py:3954} INFO - Setting next_dagrun for example_xcom to 2021-01-01 00:00:00+00:00, run_after=2021-01-01 00:00:00+00:00
[2026-04-01T13:18:04.606+0000] {processor.py:183} INFO - Processing /home/airflow/.local/lib/python3.12/site-packages/airflow/example_dags/example_xcom.py took 0.061 seconds
[2026-04-01T13:18:35.017+0000] {processor.py:161} INFO - Started process (PID=2340) to work on /home/airflow/.local/lib/python3.12/site-packages/airflow/example_dags/example_xcom.py
[2026-04-01T13:18:35.018+0000] {processor.py:830} INFO - Processing file /home/airflow/.local/lib/python3.12/site-packages/airflow/example_dags/example_xcom.py for tasks to queue
[2026-04-01T13:18:35.019+0000] {logging_mixin.py:188} INFO - [2026-04-01T13:18:35.019+0000] {dagbag.py:545} INFO - Filling up the DagBag from /home/airflow/.local/lib/python3.12/site-packages/airflow/example_dags/example_xcom.py
[2026-04-01T13:18:35.025+0000] {processor.py:840} INFO - DAG(s) 'example_xcom' retrieved from /home/airflow/.local/lib/python3.12/site-packages/airflow/example_dags/example_xcom.py
[2026-04-01T13:18:35.039+0000] {logging_mixin.py:188} INFO - [2026-04-01T13:18:35.039+0000] {dag.py:3096} INFO - Sync 1 DAGs
[2026-04-01T13:18:35.054+0000] {logging_mixin.py:188} INFO - [2026-04-01T13:18:35.054+0000] {dag.py:3954} INFO - Setting next_dagrun for example_xcom to 2021-01-01 00:00:00+00:00, run_after=2021-01-01 00:00:00+00:00
[2026-04-01T13:18:35.071+0000] {processor.py:183} INFO - Processing /home/airflow/.local/lib/python3.12/site-packages/airflow/example_dags/example_xcom.py took 0.058 seconds
[2026-04-01T13:19:05.582+0000] {processor.py:161} INFO - Started process (PID=2398) to work on /home/airflow/.local/lib/python3.12/site-packages/airflow/example_dags/example_xcom.py
[2026-04-01T13:19:05.583+0000] {processor.py:830} INFO - Processing file /home/airflow/.local/lib/python3.12/site-packages/airflow/example_dags/example_xcom.py for tasks to queue
[2026-04-01T13:19:05.585+0000] {logging_mixin.py:188} INFO - [2026-04-01T13:19:05.584+0000] {dagbag.py:545} INFO - Filling up the DagBag from /home/airflow/.local/lib/python3.12/site-packages/airflow/example_dags/example_xcom.py
[2026-04-01T13:19:05.592+0000] {processor.py:840} INFO - DAG(s) 'example_xcom' retrieved from /home/airflow/.local/lib/python3.12/site-packages/airflow/example_dags/example_xcom.py
[2026-04-01T13:19:05.608+0000] {logging_mixin.py:188} INFO - [2026-04-01T13:19:05.608+0000] {dag.py:3096} INFO - Sync 1 DAGs
[2026-04-01T13:19:05.626+0000] {logging_mixin.py:188} INFO - [2026-04-01T13:19:05.625+0000] {dag.py:3954} INFO - Setting next_dagrun for example_xcom to 2021-01-01 00:00:00+00:00, run_after=2021-01-01 00:00:00+00:00
[2026-04-01T13:19:05.641+0000] {processor.py:183} INFO - Processing /home/airflow/.local/lib/python3.12/site-packages/airflow/example_dags/example_xcom.py took 0.063 seconds
[2026-04-01T13:19:35.882+0000] {processor.py:161} INFO - Started process (PID=2456) to work on /home/airflow/.local/lib/python3.12/site-packages/airflow/example_dags/example_xcom.py
[2026-04-01T13:19:35.883+0000] {processor.py:830} INFO - Processing file /home/airflow/.local/lib/python3.12/site-packages/airflow/example_dags/example_xcom.py for tasks to queue
[2026-04-01T13:19:35.884+0000] {logging_mixin.py:188} INFO - [2026-04-01T13:19:35.884+0000] {dagbag.py:545} INFO - Filling up the DagBag from /home/airflow/.local/lib/python3.12/site-packages/airflow/example_dags/example_xcom.py
[2026-04-01T13:19:35.890+0000] {processor.py:840} INFO - DAG(s) 'example_xcom' retrieved from /home/airflow/.local/lib/python3.12/site-packages/airflow/example_dags/example_xcom.py
[2026-04-01T13:19:35.904+0000] {logging_mixin.py:188} INFO - [2026-04-01T13:19:35.904+0000] {dag.py:3096} INFO - Sync 1 DAGs
[2026-04-01T13:19:35.918+0000] {logging_mixin.py:188} INFO - [2026-04-01T13:19:35.917+0000] {dag.py:3954} INFO - Setting next_dagrun for example_xcom to 2021-01-01 00:00:00+00:00, run_after=2021-01-01 00:00:00+00:00
[2026-04-01T13:19:35.931+0000] {processor.py:183} INFO - Processing /home/airflow/.local/lib/python3.12/site-packages/airflow/example_dags/example_xcom.py took 0.053 seconds
[2026-04-01T13:20:06.358+0000] {processor.py:161} INFO - Started process (PID=2514) to work on /home/airflow/.local/lib/python3.12/site-packages/airflow/example_dags/example_xcom.py
[2026-04-01T13:20:06.359+0000] {processor.py:830} INFO - Processing file /home/airflow/.local/lib/python3.12/site-packages/airflow/example_dags/example_xcom.py for tasks to queue
[2026-04-01T13:20:06.361+0000] {logging_mixin.py:188} INFO - [2026-04-01T13:20:06.360+0000] {dagbag.py:545} INFO - Filling up the DagBag from /home/airflow/.local/lib/python3.12/site-packages/airflow/example_dags/example_xcom.py
[2026-04-01T13:20:06.366+0000] {processor.py:840} INFO - DAG(s) 'example_xcom' retrieved from /home/airflow/.local/lib/python3.12/site-packages/airflow/example_dags/example_xcom.py
[2026-04-01T13:20:06.381+0000] {logging_mixin.py:188} INFO - [2026-04-01T13:20:06.381+0000] {dag.py:3096} INFO - Sync 1 DAGs
[2026-04-01T13:20:06.395+0000] {logging_mixin.py:188} INFO - [2026-04-01T13:20:06.395+0000] {dag.py:3954} INFO - Setting next_dagrun for example_xcom to 2021-01-01 00:00:00+00:00, run_after=2021-01-01 00:00:00+00:00
[2026-04-01T13:20:06.410+0000] {processor.py:183} INFO - Processing /home/airflow/.local/lib/python3.12/site-packages/airflow/example_dags/example_xcom.py took 0.056 seconds
[2026-04-01T13:20:36.865+0000] {processor.py:161} INFO - Started process (PID=2572) to work on /home/airflow/.local/lib/python3.12/site-packages/airflow/example_dags/example_xcom.py
[2026-04-01T13:20:36.866+0000] {processor.py:830} INFO - Processing file /home/airflow/.local/lib/python3.12/site-packages/airflow/example_dags/example_xcom.py for tasks to queue
[2026-04-01T13:20:36.867+0000] {logging_mixin.py:188} INFO - [2026-04-01T13:20:36.867+0000] {dagbag.py:545} INFO - Filling up the DagBag from /home/airflow/.local/lib/python3.12/site-packages/airflow/example_dags/example_xcom.py
[2026-04-01T13:20:36.873+0000] {processor.py:840} INFO - DAG(s) 'example_xcom' retrieved from /home/airflow/.local/lib/python3.12/site-packages/airflow/example_dags/example_xcom.py
[2026-04-01T13:20:36.890+0000] {logging_mixin.py:188} INFO - [2026-04-01T13:20:36.889+0000] {dag.py:3096} INFO - Sync 1 DAGs
[2026-04-01T13:20:36.906+0000] {logging_mixin.py:188} INFO - [2026-04-01T13:20:36.906+0000] {dag.py:3954} INFO - Setting next_dagrun for example_xcom to 2021-01-01 00:00:00+00:00, run_after=2021-01-01 00:00:00+00:00
[2026-04-01T13:20:36.921+0000] {processor.py:183} INFO - Processing /home/airflow/.local/lib/python3.12/site-packages/airflow/example_dags/example_xcom.py took 0.061 seconds
[2026-04-01T13:21:07.313+0000] {processor.py:161} INFO - Started process (PID=2630) to work on /home/airflow/.local/lib/python3.12/site-packages/airflow/example_dags/example_xcom.py
[2026-04-01T13:21:07.314+0000] {processor.py:830} INFO - Processing file /home/airflow/.local/lib/python3.12/site-packages/airflow/example_dags/example_xcom.py for tasks to queue
[2026-04-01T13:21:07.315+0000] {logging_mixin.py:188} INFO - [2026-04-01T13:21:07.315+0000] {dagbag.py:545} INFO - Filling up the DagBag from /home/airflow/.local/lib/python3.12/site-packages/airflow/example_dags/example_xcom.py
[2026-04-01T13:21:07.321+0000] {processor.py:840} INFO - DAG(s) 'example_xcom' retrieved from /home/airflow/.local/lib/python3.12/site-packages/airflow/example_dags/example_xcom.py
[2026-04-01T13:21:07.337+0000] {logging_mixin.py:188} INFO - [2026-04-01T13:21:07.337+0000] {dag.py:3096} INFO - Sync 1 DAGs
[2026-04-01T13:21:07.358+0000] {logging_mixin.py:188} INFO - [2026-04-01T13:21:07.358+0000] {dag.py:3954} INFO - Setting next_dagrun for example_xcom to 2021-01-01 00:00:00+00:00, run_after=2021-01-01 00:00:00+00:00
[2026-04-01T13:21:07.373+0000] {processor.py:183} INFO - Processing /home/airflow/.local/lib/python3.12/site-packages/airflow/example_dags/example_xcom.py took 0.067 seconds
[2026-04-01T13:21:37.866+0000] {processor.py:161} INFO - Started process (PID=2688) to work on /home/airflow/.local/lib/python3.12/site-packages/airflow/example_dags/example_xcom.py
[2026-04-01T13:21:37.867+0000] {processor.py:830} INFO - Processing file /home/airflow/.local/lib/python3.12/site-packages/airflow/example_dags/example_xcom.py for tasks to queue
[2026-04-01T13:21:37.869+0000] {logging_mixin.py:188} INFO - [2026-04-01T13:21:37.868+0000] {dagbag.py:545} INFO - Filling up the DagBag from /home/airflow/.local/lib/python3.12/site-packages/airflow/example_dags/example_xcom.py
[2026-04-01T13:21:37.875+0000] {processor.py:840} INFO - DAG(s) 'example_xcom' retrieved from /home/airflow/.local/lib/python3.12/site-packages/airflow/example_dags/example_xcom.py
[2026-04-01T13:21:37.890+0000] {logging_mixin.py:188} INFO - [2026-04-01T13:21:37.890+0000] {dag.py:3096} INFO - Sync 1 DAGs
[2026-04-01T13:21:37.907+0000] {logging_mixin.py:188} INFO - [2026-04-01T13:21:37.907+0000] {dag.py:3954} INFO - Setting next_dagrun for example_xcom to 2021-01-01 00:00:00+00:00, run_after=2021-01-01 00:00:00+00:00
[2026-04-01T13:21:37.925+0000] {processor.py:183} INFO - Processing /home/airflow/.local/lib/python3.12/site-packages/airflow/example_dags/example_xcom.py took 0.063 seconds
[2026-04-01T13:22:08.386+0000] {processor.py:161} INFO - Started process (PID=2746) to work on /home/airflow/.local/lib/python3.12/site-packages/airflow/example_dags/example_xcom.py
[2026-04-01T13:22:08.387+0000] {processor.py:830} INFO - Processing file /home/airflow/.local/lib/python3.12/site-packages/airflow/example_dags/example_xcom.py for tasks to queue
[2026-04-01T13:22:08.388+0000] {logging_mixin.py:188} INFO - [2026-04-01T13:22:08.388+0000] {dagbag.py:545} INFO - Filling up the DagBag from /home/airflow/.local/lib/python3.12/site-packages/airflow/example_dags/example_xcom.py
[2026-04-01T13:22:08.396+0000] {processor.py:840} INFO - DAG(s) 'example_xcom' retrieved from /home/airflow/.local/lib/python3.12/site-packages/airflow/example_dags/example_xcom.py
[2026-04-01T13:22:08.413+0000] {logging_mixin.py:188} INFO - [2026-04-01T13:22:08.413+0000] {dag.py:3096} INFO - Sync 1 DAGs
[2026-04-01T13:22:08.430+0000] {logging_mixin.py:188} INFO - [2026-04-01T13:22:08.430+0000] {dag.py:3954} INFO - Setting next_dagrun for example_xcom to 2021-01-01 00:00:00+00:00, run_after=2021-01-01 00:00:00+00:00
[2026-04-01T13:22:08.446+0000] {processor.py:183} INFO - Processing /home/airflow/.local/lib/python3.12/site-packages/airflow/example_dags/example_xcom.py took 0.065 seconds
[2026-04-01T13:22:38.837+0000] {processor.py:161} INFO - Started process (PID=2804) to work on /home/airflow/.local/lib/python3.12/site-packages/airflow/example_dags/example_xcom.py
[2026-04-01T13:22:38.838+0000] {processor.py:830} INFO - Processing file /home/airflow/.local/lib/python3.12/site-packages/airflow/example_dags/example_xcom.py for tasks to queue
[2026-04-01T13:22:38.839+0000] {logging_mixin.py:188} INFO - [2026-04-01T13:22:38.839+0000] {dagbag.py:545} INFO - Filling up the DagBag from /home/airflow/.local/lib/python3.12/site-packages/airflow/example_dags/example_xcom.py
[2026-04-01T13:22:38.845+0000] {processor.py:840} INFO - DAG(s) 'example_xcom' retrieved from /home/airflow/.local/lib/python3.12/site-packages/airflow/example_dags/example_xcom.py
[2026-04-01T13:22:38.860+0000] {logging_mixin.py:188} INFO - [2026-04-01T13:22:38.859+0000] {dag.py:3096} INFO - Sync 1 DAGs
[2026-04-01T13:22:38.875+0000] {logging_mixin.py:188} INFO - [2026-04-01T13:22:38.875+0000] {dag.py:3954} INFO - Setting next_dagrun for example_xcom to 2021-01-01 00:00:00+00:00, run_after=2021-01-01 00:00:00+00:00
[2026-04-01T13:22:38.892+0000] {processor.py:183} INFO - Processing /home/airflow/.local/lib/python3.12/site-packages/airflow/example_dags/example_xcom.py took 0.061 seconds
[2026-04-01T13:23:09.372+0000] {processor.py:161} INFO - Started process (PID=2862) to work on /home/airflow/.local/lib/python3.12/site-packages/airflow/example_dags/example_xcom.py
[2026-04-01T13:23:09.373+0000] {processor.py:830} INFO - Processing file /home/airflow/.local/lib/python3.12/site-packages/airflow/example_dags/example_xcom.py for tasks to queue
[2026-04-01T13:23:09.374+0000] {logging_mixin.py:188} INFO - [2026-04-01T13:23:09.374+0000] {dagbag.py:545} INFO - Filling up the DagBag from /home/airflow/.local/lib/python3.12/site-packages/airflow/example_dags/example_xcom.py
[2026-04-01T13:23:09.380+0000] {processor.py:840} INFO - DAG(s) 'example_xcom' retrieved from /home/airflow/.local/lib/python3.12/site-packages/airflow/example_dags/example_xcom.py
[2026-04-01T13:23:09.395+0000] {logging_mixin.py:188} INFO - [2026-04-01T13:23:09.394+0000] {dag.py:3096} INFO - Sync 1 DAGs
[2026-04-01T13:23:09.408+0000] {logging_mixin.py:188} INFO - [2026-04-01T13:23:09.408+0000] {dag.py:3954} INFO - Setting next_dagrun for example_xcom to 2021-01-01 00:00:00+00:00, run_after=2021-01-01 00:00:00+00:00
[2026-04-01T13:23:09.425+0000] {processor.py:183} INFO - Processing /home/airflow/.local/lib/python3.12/site-packages/airflow/example_dags/example_xcom.py took 0.057 seconds
[2026-04-01T13:23:39.891+0000] {processor.py:161} INFO - Started process (PID=2920) to work on /home/airflow/.local/lib/python3.12/site-packages/airflow/example_dags/example_xcom.py
[2026-04-01T13:23:39.892+0000] {processor.py:830} INFO - Processing file /home/airflow/.local/lib/python3.12/site-packages/airflow/example_dags/example_xcom.py for tasks to queue
[2026-04-01T13:23:39.894+0000] {logging_mixin.py:188} INFO - [2026-04-01T13:23:39.894+0000] {dagbag.py:545} INFO - Filling up the DagBag from /home/airflow/.local/lib/python3.12/site-packages/airflow/example_dags/example_xcom.py
[2026-04-01T13:23:39.900+0000] {processor.py:840} INFO - DAG(s) 'example_xcom' retrieved from /home/airflow/.local/lib/python3.12/site-packages/airflow/example_dags/example_xcom.py
[2026-04-01T13:23:39.920+0000] {logging_mixin.py:188} INFO - [2026-04-01T13:23:39.920+0000] {dag.py:3096} INFO - Sync 1 DAGs
[2026-04-01T13:23:39.938+0000] {logging_mixin.py:188} INFO - [2026-04-01T13:23:39.938+0000] {dag.py:3954} INFO - Setting next_dagrun for example_xcom to 2021-01-01 00:00:00+00:00, run_after=2021-01-01 00:00:00+00:00
[2026-04-01T13:23:39.957+0000] {processor.py:183} INFO - Processing /home/airflow/.local/lib/python3.12/site-packages/airflow/example_dags/example_xcom.py took 0.073 seconds
[2026-04-01T13:24:10.416+0000] {processor.py:161} INFO - Started process (PID=2979) to work on /home/airflow/.local/lib/python3.12/site-packages/airflow/example_dags/example_xcom.py
[2026-04-01T13:24:10.417+0000] {processor.py:830} INFO - Processing file /home/airflow/.local/lib/python3.12/site-packages/airflow/example_dags/example_xcom.py for tasks to queue
[2026-04-01T13:24:10.419+0000] {logging_mixin.py:188} INFO - [2026-04-01T13:24:10.419+0000] {dagbag.py:545} INFO - Filling up the DagBag from /home/airflow/.local/lib/python3.12/site-packages/airflow/example_dags/example_xcom.py
[2026-04-01T13:24:10.426+0000] {processor.py:840} INFO - DAG(s) 'example_xcom' retrieved from /home/airflow/.local/lib/python3.12/site-packages/airflow/example_dags/example_xcom.py
[2026-04-01T13:24:10.442+0000] {logging_mixin.py:188} INFO - [2026-04-01T13:24:10.442+0000] {dag.py:3096} INFO - Sync 1 DAGs
[2026-04-01T13:24:10.457+0000] {logging_mixin.py:188} INFO - [2026-04-01T13:24:10.457+0000] {dag.py:3954} INFO - Setting next_dagrun for example_xcom to 2021-01-01 00:00:00+00:00, run_after=2021-01-01 00:00:00+00:00
[2026-04-01T13:24:10.472+0000] {processor.py:183} INFO - Processing /home/airflow/.local/lib/python3.12/site-packages/airflow/example_dags/example_xcom.py took 0.062 seconds
[2026-04-01T13:24:40.840+0000] {processor.py:161} INFO - Started process (PID=3037) to work on /home/airflow/.local/lib/python3.12/site-packages/airflow/example_dags/example_xcom.py
[2026-04-01T13:24:40.840+0000] {processor.py:830} INFO - Processing file /home/airflow/.local/lib/python3.12/site-packages/airflow/example_dags/example_xcom.py for tasks to queue
[2026-04-01T13:24:40.842+0000] {logging_mixin.py:188} INFO - [2026-04-01T13:24:40.842+0000] {dagbag.py:545} INFO - Filling up the DagBag from /home/airflow/.local/lib/python3.12/site-packages/airflow/example_dags/example_xcom.py
[2026-04-01T13:24:40.848+0000] {processor.py:840} INFO - DAG(s) 'example_xcom' retrieved from /home/airflow/.local/lib/python3.12/site-packages/airflow/example_dags/example_xcom.py
[2026-04-01T13:24:40.862+0000] {logging_mixin.py:188} INFO - [2026-04-01T13:24:40.862+0000] {dag.py:3096} INFO - Sync 1 DAGs
[2026-04-01T13:24:40.878+0000] {logging_mixin.py:188} INFO - [2026-04-01T13:24:40.878+0000] {dag.py:3954} INFO - Setting next_dagrun for example_xcom to 2021-01-01 00:00:00+00:00, run_after=2021-01-01 00:00:00+00:00
[2026-04-01T13:24:40.893+0000] {processor.py:183} INFO - Processing /home/airflow/.local/lib/python3.12/site-packages/airflow/example_dags/example_xcom.py took 0.058 seconds
[2026-04-01T13:25:11.428+0000] {processor.py:161} INFO - Started process (PID=3096) to work on /home/airflow/.local/lib/python3.12/site-packages/airflow/example_dags/example_xcom.py
[2026-04-01T13:25:11.429+0000] {processor.py:830} INFO - Processing file /home/airflow/.local/lib/python3.12/site-packages/airflow/example_dags/example_xcom.py for tasks to queue
[2026-04-01T13:25:11.432+0000] {logging_mixin.py:188} INFO - [2026-04-01T13:25:11.431+0000] {dagbag.py:545} INFO - Filling up the DagBag from /home/airflow/.local/lib/python3.12/site-packages/airflow/example_dags/example_xcom.py
[2026-04-01T13:25:11.440+0000] {processor.py:840} INFO - DAG(s) 'example_xcom' retrieved from /home/airflow/.local/lib/python3.12/site-packages/airflow/example_dags/example_xcom.py
[2026-04-01T13:25:11.459+0000] {logging_mixin.py:188} INFO - [2026-04-01T13:25:11.458+0000] {dag.py:3096} INFO - Sync 1 DAGs
[2026-04-01T13:25:11.479+0000] {logging_mixin.py:188} INFO - [2026-04-01T13:25:11.479+0000] {dag.py:3954} INFO - Setting next_dagrun for example_xcom to 2021-01-01 00:00:00+00:00, run_after=2021-01-01 00:00:00+00:00
[2026-04-01T13:25:11.502+0000] {processor.py:183} INFO - Processing /home/airflow/.local/lib/python3.12/site-packages/airflow/example_dags/example_xcom.py took 0.082 seconds
[2026-04-01T13:25:41.827+0000] {processor.py:161} INFO - Started process (PID=3155) to work on /home/airflow/.local/lib/python3.12/site-packages/airflow/example_dags/example_xcom.py
[2026-04-01T13:25:41.828+0000] {processor.py:830} INFO - Processing file /home/airflow/.local/lib/python3.12/site-packages/airflow/example_dags/example_xcom.py for tasks to queue
[2026-04-01T13:25:41.829+0000] {logging_mixin.py:188} INFO - [2026-04-01T13:25:41.829+0000] {dagbag.py:545} INFO - Filling up the DagBag from /home/airflow/.local/lib/python3.12/site-packages/airflow/example_dags/example_xcom.py
[2026-04-01T13:25:41.836+0000] {processor.py:840} INFO - DAG(s) 'example_xcom' retrieved from /home/airflow/.local/lib/python3.12/site-packages/airflow/example_dags/example_xcom.py
[2026-04-01T13:25:41.853+0000] {logging_mixin.py:188} INFO - [2026-04-01T13:25:41.853+0000] {dag.py:3096} INFO - Sync 1 DAGs
[2026-04-01T13:25:41.867+0000] {logging_mixin.py:188} INFO - [2026-04-01T13:25:41.867+0000] {dag.py:3954} INFO - Setting next_dagrun for example_xcom to 2021-01-01 00:00:00+00:00, run_after=2021-01-01 00:00:00+00:00
[2026-04-01T13:25:41.884+0000] {processor.py:183} INFO - Processing /home/airflow/.local/lib/python3.12/site-packages/airflow/example_dags/example_xcom.py took 0.062 seconds
[2026-04-01T13:26:12.157+0000] {processor.py:161} INFO - Started process (PID=3214) to work on /home/airflow/.local/lib/python3.12/site-packages/airflow/example_dags/example_xcom.py
[2026-04-01T13:26:12.158+0000] {processor.py:830} INFO - Processing file /home/airflow/.local/lib/python3.12/site-packages/airflow/example_dags/example_xcom.py for tasks to queue
[2026-04-01T13:26:12.159+0000] {logging_mixin.py:188} INFO - [2026-04-01T13:26:12.159+0000] {dagbag.py:545} INFO - Filling up the DagBag from /home/airflow/.local/lib/python3.12/site-packages/airflow/example_dags/example_xcom.py
[2026-04-01T13:26:12.165+0000] {processor.py:840} INFO - DAG(s) 'example_xcom' retrieved from /home/airflow/.local/lib/python3.12/site-packages/airflow/example_dags/example_xcom.py
[2026-04-01T13:26:12.180+0000] {logging_mixin.py:188} INFO - [2026-04-01T13:26:12.180+0000] {dag.py:3096} INFO - Sync 1 DAGs
[2026-04-01T13:26:12.195+0000] {logging_mixin.py:188} INFO - [2026-04-01T13:26:12.195+0000] {dag.py:3954} INFO - Setting next_dagrun for example_xcom to 2021-01-01 00:00:00+00:00, run_after=2021-01-01 00:00:00+00:00
[2026-04-01T13:26:12.211+0000] {processor.py:183} INFO - Processing /home/airflow/.local/lib/python3.12/site-packages/airflow/example_dags/example_xcom.py took 0.059 seconds
[2026-04-01T13:26:42.479+0000] {processor.py:161} INFO - Started process (PID=3273) to work on /home/airflow/.local/lib/python3.12/site-packages/airflow/example_dags/example_xcom.py
[2026-04-01T13:26:42.480+0000] {processor.py:830} INFO - Processing file /home/airflow/.local/lib/python3.12/site-packages/airflow/example_dags/example_xcom.py for tasks to queue
[2026-04-01T13:26:42.482+0000] {logging_mixin.py:188} INFO - [2026-04-01T13:26:42.481+0000] {dagbag.py:545} INFO - Filling up the DagBag from /home/airflow/.local/lib/python3.12/site-packages/airflow/example_dags/example_xcom.py
[2026-04-01T13:26:42.487+0000] {processor.py:840} INFO - DAG(s) 'example_xcom' retrieved from /home/airflow/.local/lib/python3.12/site-packages/airflow/example_dags/example_xcom.py
[2026-04-01T13:26:42.502+0000] {logging_mixin.py:188} INFO - [2026-04-01T13:26:42.502+0000] {dag.py:3096} INFO - Sync 1 DAGs
[2026-04-01T13:26:42.519+0000] {logging_mixin.py:188} INFO - [2026-04-01T13:26:42.519+0000] {dag.py:3954} INFO - Setting next_dagrun for example_xcom to 2021-01-01 00:00:00+00:00, run_after=2021-01-01 00:00:00+00:00
[2026-04-01T13:26:42.537+0000] {processor.py:183} INFO - Processing /home/airflow/.local/lib/python3.12/site-packages/airflow/example_dags/example_xcom.py took 0.062 seconds
[2026-04-01T13:27:12.995+0000] {processor.py:161} INFO - Started process (PID=3332) to work on /home/airflow/.local/lib/python3.12/site-packages/airflow/example_dags/example_xcom.py
[2026-04-01T13:27:12.995+0000] {processor.py:830} INFO - Processing file /home/airflow/.local/lib/python3.12/site-packages/airflow/example_dags/example_xcom.py for tasks to queue
[2026-04-01T13:27:12.997+0000] {logging_mixin.py:188} INFO - [2026-04-01T13:27:12.997+0000] {dagbag.py:545} INFO - Filling up the DagBag from /home/airflow/.local/lib/python3.12/site-packages/airflow/example_dags/example_xcom.py
[2026-04-01T13:27:13.003+0000] {processor.py:840} INFO - DAG(s) 'example_xcom' retrieved from /home/airflow/.local/lib/python3.12/site-packages/airflow/example_dags/example_xcom.py
[2026-04-01T13:27:13.017+0000] {logging_mixin.py:188} INFO - [2026-04-01T13:27:13.017+0000] {dag.py:3096} INFO - Sync 1 DAGs
[2026-04-01T13:27:13.031+0000] {logging_mixin.py:188} INFO - [2026-04-01T13:27:13.031+0000] {dag.py:3954} INFO - Setting next_dagrun for example_xcom to 2021-01-01 00:00:00+00:00, run_after=2021-01-01 00:00:00+00:00
[2026-04-01T13:27:13.052+0000] {processor.py:183} INFO - Processing /home/airflow/.local/lib/python3.12/site-packages/airflow/example_dags/example_xcom.py took 0.062 seconds
[2026-04-01T13:27:43.818+0000] {processor.py:161} INFO - Started process (PID=3391) to work on /home/airflow/.local/lib/python3.12/site-packages/airflow/example_dags/example_xcom.py
[2026-04-01T13:27:43.818+0000] {processor.py:830} INFO - Processing file /home/airflow/.local/lib/python3.12/site-packages/airflow/example_dags/example_xcom.py for tasks to queue
[2026-04-01T13:27:43.820+0000] {logging_mixin.py:188} INFO - [2026-04-01T13:27:43.820+0000] {dagbag.py:545} INFO - Filling up the DagBag from /home/airflow/.local/lib/python3.12/site-packages/airflow/example_dags/example_xcom.py
[2026-04-01T13:27:43.827+0000] {processor.py:840} INFO - DAG(s) 'example_xcom' retrieved from /home/airflow/.local/lib/python3.12/site-packages/airflow/example_dags/example_xcom.py
[2026-04-01T13:27:43.844+0000] {logging_mixin.py:188} INFO - [2026-04-01T13:27:43.844+0000] {dag.py:3096} INFO - Sync 1 DAGs
[2026-04-01T13:27:43.859+0000] {logging_mixin.py:188} INFO - [2026-04-01T13:27:43.859+0000] {dag.py:3954} INFO - Setting next_dagrun for example_xcom to 2021-01-01 00:00:00+00:00, run_after=2021-01-01 00:00:00+00:00
[2026-04-01T13:27:43.873+0000] {processor.py:183} INFO - Processing /home/airflow/.local/lib/python3.12/site-packages/airflow/example_dags/example_xcom.py took 0.060 seconds
[2026-04-01T13:28:14.153+0000] {processor.py:161} INFO - Started process (PID=3450) to work on /home/airflow/.local/lib/python3.12/site-packages/airflow/example_dags/example_xcom.py
[2026-04-01T13:28:14.154+0000] {processor.py:830} INFO - Processing file /home/airflow/.local/lib/python3.12/site-packages/airflow/example_dags/example_xcom.py for tasks to queue
[2026-04-01T13:28:14.156+0000] {logging_mixin.py:188} INFO - [2026-04-01T13:28:14.155+0000] {dagbag.py:545} INFO - Filling up the DagBag from /home/airflow/.local/lib/python3.12/site-packages/airflow/example_dags/example_xcom.py
[2026-04-01T13:28:14.163+0000] {processor.py:840} INFO - DAG(s) 'example_xcom' retrieved from /home/airflow/.local/lib/python3.12/site-packages/airflow/example_dags/example_xcom.py
[2026-04-01T13:28:14.177+0000] {logging_mixin.py:188} INFO - [2026-04-01T13:28:14.177+0000] {dag.py:3096} INFO - Sync 1 DAGs
[2026-04-01T13:28:14.193+0000] {logging_mixin.py:188} INFO - [2026-04-01T13:28:14.193+0000] {dag.py:3954} INFO - Setting next_dagrun for example_xcom to 2021-01-01 00:00:00+00:00, run_after=2021-01-01 00:00:00+00:00
[2026-04-01T13:28:14.208+0000] {processor.py:183} INFO - Processing /home/airflow/.local/lib/python3.12/site-packages/airflow/example_dags/example_xcom.py took 0.060 seconds
[2026-04-01T13:28:44.551+0000] {processor.py:161} INFO - Started process (PID=3509) to work on /home/airflow/.local/lib/python3.12/site-packages/airflow/example_dags/example_xcom.py
[2026-04-01T13:28:44.551+0000] {processor.py:830} INFO - Processing file /home/airflow/.local/lib/python3.12/site-packages/airflow/example_dags/example_xcom.py for tasks to queue
[2026-04-01T13:28:44.553+0000] {logging_mixin.py:188} INFO - [2026-04-01T13:28:44.553+0000] {dagbag.py:545} INFO - Filling up the DagBag from /home/airflow/.local/lib/python3.12/site-packages/airflow/example_dags/example_xcom.py
[2026-04-01T13:28:44.559+0000] {processor.py:840} INFO - DAG(s) 'example_xcom' retrieved from /home/airflow/.local/lib/python3.12/site-packages/airflow/example_dags/example_xcom.py
[2026-04-01T13:28:44.574+0000] {logging_mixin.py:188} INFO - [2026-04-01T13:28:44.574+0000] {dag.py:3096} INFO - Sync 1 DAGs
[2026-04-01T13:28:44.589+0000] {logging_mixin.py:188} INFO - [2026-04-01T13:28:44.589+0000] {dag.py:3954} INFO - Setting next_dagrun for example_xcom to 2021-01-01 00:00:00+00:00, run_after=2021-01-01 00:00:00+00:00
[2026-04-01T13:28:44.603+0000] {processor.py:183} INFO - Processing /home/airflow/.local/lib/python3.12/site-packages/airflow/example_dags/example_xcom.py took 0.057 seconds
[2026-04-01T13:29:14.942+0000] {processor.py:161} INFO - Started process (PID=3568) to work on /home/airflow/.local/lib/python3.12/site-packages/airflow/example_dags/example_xcom.py
[2026-04-01T13:29:14.943+0000] {processor.py:830} INFO - Processing file /home/airflow/.local/lib/python3.12/site-packages/airflow/example_dags/example_xcom.py for tasks to queue
[2026-04-01T13:29:14.944+0000] {logging_mixin.py:188} INFO - [2026-04-01T13:29:14.944+0000] {dagbag.py:545} INFO - Filling up the DagBag from /home/airflow/.local/lib/python3.12/site-packages/airflow/example_dags/example_xcom.py
[2026-04-01T13:29:14.951+0000] {processor.py:840} INFO - DAG(s) 'example_xcom' retrieved from /home/airflow/.local/lib/python3.12/site-packages/airflow/example_dags/example_xcom.py
[2026-04-01T13:29:14.966+0000] {logging_mixin.py:188} INFO - [2026-04-01T13:29:14.966+0000] {dag.py:3096} INFO - Sync 1 DAGs
[2026-04-01T13:29:14.982+0000] {logging_mixin.py:188} INFO - [2026-04-01T13:29:14.981+0000] {dag.py:3954} INFO - Setting next_dagrun for example_xcom to 2021-01-01 00:00:00+00:00, run_after=2021-01-01 00:00:00+00:00
[2026-04-01T13:29:14.999+0000] {processor.py:183} INFO - Processing /home/airflow/.local/lib/python3.12/site-packages/airflow/example_dags/example_xcom.py took 0.062 seconds
[2026-04-01T13:29:45.289+0000] {processor.py:161} INFO - Started process (PID=3627) to work on /home/airflow/.local/lib/python3.12/site-packages/airflow/example_dags/example_xcom.py
[2026-04-01T13:29:45.290+0000] {processor.py:830} INFO - Processing file /home/airflow/.local/lib/python3.12/site-packages/airflow/example_dags/example_xcom.py for tasks to queue
[2026-04-01T13:29:45.292+0000] {logging_mixin.py:188} INFO - [2026-04-01T13:29:45.291+0000] {dagbag.py:545} INFO - Filling up the DagBag from /home/airflow/.local/lib/python3.12/site-packages/airflow/example_dags/example_xcom.py
[2026-04-01T13:29:45.297+0000] {processor.py:840} INFO - DAG(s) 'example_xcom' retrieved from /home/airflow/.local/lib/python3.12/site-packages/airflow/example_dags/example_xcom.py
[2026-04-01T13:29:45.315+0000] {logging_mixin.py:188} INFO - [2026-04-01T13:29:45.315+0000] {dag.py:3096} INFO - Sync 1 DAGs
[2026-04-01T13:29:45.331+0000] {logging_mixin.py:188} INFO - [2026-04-01T13:29:45.331+0000] {dag.py:3954} INFO - Setting next_dagrun for example_xcom to 2021-01-01 00:00:00+00:00, run_after=2021-01-01 00:00:00+00:00
[2026-04-01T13:29:45.348+0000] {processor.py:183} INFO - Processing /home/airflow/.local/lib/python3.12/site-packages/airflow/example_dags/example_xcom.py took 0.063 seconds
[2026-04-01T13:30:15.580+0000] {processor.py:161} INFO - Started process (PID=3686) to work on /home/airflow/.local/lib/python3.12/site-packages/airflow/example_dags/example_xcom.py
[2026-04-01T13:30:15.581+0000] {processor.py:830} INFO - Processing file /home/airflow/.local/lib/python3.12/site-packages/airflow/example_dags/example_xcom.py for tasks to queue
[2026-04-01T13:30:15.583+0000] {logging_mixin.py:188} INFO - [2026-04-01T13:30:15.582+0000] {dagbag.py:545} INFO - Filling up the DagBag from /home/airflow/.local/lib/python3.12/site-packages/airflow/example_dags/example_xcom.py
[2026-04-01T13:30:15.589+0000] {processor.py:840} INFO - DAG(s) 'example_xcom' retrieved from /home/airflow/.local/lib/python3.12/site-packages/airflow/example_dags/example_xcom.py
[2026-04-01T13:30:15.605+0000] {logging_mixin.py:188} INFO - [2026-04-01T13:30:15.605+0000] {dag.py:3096} INFO - Sync 1 DAGs
[2026-04-01T13:30:15.621+0000] {logging_mixin.py:188} INFO - [2026-04-01T13:30:15.621+0000] {dag.py:3954} INFO - Setting next_dagrun for example_xcom to 2021-01-01 00:00:00+00:00, run_after=2021-01-01 00:00:00+00:00
[2026-04-01T13:30:15.635+0000] {processor.py:183} INFO - Processing /home/airflow/.local/lib/python3.12/site-packages/airflow/example_dags/example_xcom.py took 0.059 seconds
[2026-04-01T13:30:46.012+0000] {processor.py:161} INFO - Started process (PID=3745) to work on /home/airflow/.local/lib/python3.12/site-packages/airflow/example_dags/example_xcom.py
[2026-04-01T13:30:46.013+0000] {processor.py:830} INFO - Processing file /home/airflow/.local/lib/python3.12/site-packages/airflow/example_dags/example_xcom.py for tasks to queue
[2026-04-01T13:30:46.014+0000] {logging_mixin.py:188} INFO - [2026-04-01T13:30:46.014+0000] {dagbag.py:545} INFO - Filling up the DagBag from /home/airflow/.local/lib/python3.12/site-packages/airflow/example_dags/example_xcom.py
[2026-04-01T13:30:46.020+0000] {processor.py:840} INFO - DAG(s) 'example_xcom' retrieved from /home/airflow/.local/lib/python3.12/site-packages/airflow/example_dags/example_xcom.py
[2026-04-01T13:30:46.036+0000] {logging_mixin.py:188} INFO - [2026-04-01T13:30:46.036+0000] {dag.py:3096} INFO - Sync 1 DAGs
[2026-04-01T13:30:46.053+0000] {logging_mixin.py:188} INFO - [2026-04-01T13:30:46.053+0000] {dag.py:3954} INFO - Setting next_dagrun for example_xcom to 2021-01-01 00:00:00+00:00, run_after=2021-01-01 00:00:00+00:00
[2026-04-01T13:30:46.072+0000] {processor.py:183} INFO - Processing /home/airflow/.local/lib/python3.12/site-packages/airflow/example_dags/example_xcom.py took 0.065 seconds
[2026-04-01T13:31:16.456+0000] {processor.py:161} INFO - Started process (PID=3804) to work on /home/airflow/.local/lib/python3.12/site-packages/airflow/example_dags/example_xcom.py
[2026-04-01T13:31:16.457+0000] {processor.py:830} INFO - Processing file /home/airflow/.local/lib/python3.12/site-packages/airflow/example_dags/example_xcom.py for tasks to queue
[2026-04-01T13:31:16.459+0000] {logging_mixin.py:188} INFO - [2026-04-01T13:31:16.458+0000] {dagbag.py:545} INFO - Filling up the DagBag from /home/airflow/.local/lib/python3.12/site-packages/airflow/example_dags/example_xcom.py
[2026-04-01T13:31:16.464+0000] {processor.py:840} INFO - DAG(s) 'example_xcom' retrieved from /home/airflow/.local/lib/python3.12/site-packages/airflow/example_dags/example_xcom.py
[2026-04-01T13:31:16.480+0000] {logging_mixin.py:188} INFO - [2026-04-01T13:31:16.480+0000] {dag.py:3096} INFO - Sync 1 DAGs
[2026-04-01T13:31:16.497+0000] {logging_mixin.py:188} INFO - [2026-04-01T13:31:16.497+0000] {dag.py:3954} INFO - Setting next_dagrun for example_xcom to 2021-01-01 00:00:00+00:00, run_after=2021-01-01 00:00:00+00:00
[2026-04-01T13:31:16.514+0000] {processor.py:183} INFO - Processing /home/airflow/.local/lib/python3.12/site-packages/airflow/example_dags/example_xcom.py took 0.062 seconds
