[2026-04-01T12:58:51.668+0000] {processor.py:161} INFO - Started process (PID=85) to work on /home/airflow/.local/lib/python3.12/site-packages/airflow/example_dags/example_python_decorator.py
[2026-04-01T12:58:51.669+0000] {processor.py:830} INFO - Processing file /home/airflow/.local/lib/python3.12/site-packages/airflow/example_dags/example_python_decorator.py for tasks to queue
[2026-04-01T12:58:51.671+0000] {logging_mixin.py:188} INFO - [2026-04-01T12:58:51.670+0000] {dagbag.py:545} INFO - Filling up the DagBag from /home/airflow/.local/lib/python3.12/site-packages/airflow/example_dags/example_python_decorator.py
[2026-04-01T12:58:51.681+0000] {processor.py:840} INFO - DAG(s) 'example_python_decorator' retrieved from /home/airflow/.local/lib/python3.12/site-packages/airflow/example_dags/example_python_decorator.py
[2026-04-01T12:58:51.690+0000] {logging_mixin.py:188} INFO - [2026-04-01T12:58:51.690+0000] {dag.py:3096} INFO - Sync 1 DAGs
[2026-04-01T12:58:51.702+0000] {logging_mixin.py:188} INFO - [2026-04-01T12:58:51.702+0000] {dag.py:3954} INFO - Setting next_dagrun for example_python_decorator to None, run_after=None
[2026-04-01T12:58:51.721+0000] {processor.py:183} INFO - Processing /home/airflow/.local/lib/python3.12/site-packages/airflow/example_dags/example_python_decorator.py took 0.058 seconds
[2026-04-01T12:59:22.358+0000] {processor.py:161} INFO - Started process (PID=143) to work on /home/airflow/.local/lib/python3.12/site-packages/airflow/example_dags/example_python_decorator.py
[2026-04-01T12:59:22.359+0000] {processor.py:830} INFO - Processing file /home/airflow/.local/lib/python3.12/site-packages/airflow/example_dags/example_python_decorator.py for tasks to queue
[2026-04-01T12:59:22.361+0000] {logging_mixin.py:188} INFO - [2026-04-01T12:59:22.360+0000] {dagbag.py:545} INFO - Filling up the DagBag from /home/airflow/.local/lib/python3.12/site-packages/airflow/example_dags/example_python_decorator.py
[2026-04-01T12:59:22.370+0000] {processor.py:840} INFO - DAG(s) 'example_python_decorator' retrieved from /home/airflow/.local/lib/python3.12/site-packages/airflow/example_dags/example_python_decorator.py
[2026-04-01T12:59:22.445+0000] {logging_mixin.py:188} INFO - [2026-04-01T12:59:22.445+0000] {dag.py:3096} INFO - Sync 1 DAGs
[2026-04-01T12:59:22.453+0000] {logging_mixin.py:188} INFO - [2026-04-01T12:59:22.453+0000] {dag.py:3954} INFO - Setting next_dagrun for example_python_decorator to None, run_after=None
[2026-04-01T12:59:22.469+0000] {processor.py:183} INFO - Processing /home/airflow/.local/lib/python3.12/site-packages/airflow/example_dags/example_python_decorator.py took 0.115 seconds
[2026-04-01T12:59:52.498+0000] {processor.py:161} INFO - Started process (PID=201) to work on /home/airflow/.local/lib/python3.12/site-packages/airflow/example_dags/example_python_decorator.py
[2026-04-01T12:59:52.499+0000] {processor.py:830} INFO - Processing file /home/airflow/.local/lib/python3.12/site-packages/airflow/example_dags/example_python_decorator.py for tasks to queue
[2026-04-01T12:59:52.501+0000] {logging_mixin.py:188} INFO - [2026-04-01T12:59:52.500+0000] {dagbag.py:545} INFO - Filling up the DagBag from /home/airflow/.local/lib/python3.12/site-packages/airflow/example_dags/example_python_decorator.py
[2026-04-01T12:59:52.510+0000] {processor.py:840} INFO - DAG(s) 'example_python_decorator' retrieved from /home/airflow/.local/lib/python3.12/site-packages/airflow/example_dags/example_python_decorator.py
[2026-04-01T12:59:52.528+0000] {logging_mixin.py:188} INFO - [2026-04-01T12:59:52.527+0000] {dag.py:3096} INFO - Sync 1 DAGs
[2026-04-01T12:59:52.537+0000] {logging_mixin.py:188} INFO - [2026-04-01T12:59:52.537+0000] {dag.py:3954} INFO - Setting next_dagrun for example_python_decorator to None, run_after=None
[2026-04-01T12:59:52.556+0000] {processor.py:183} INFO - Processing /home/airflow/.local/lib/python3.12/site-packages/airflow/example_dags/example_python_decorator.py took 0.062 seconds
[2026-04-01T13:00:22.827+0000] {processor.py:161} INFO - Started process (PID=259) to work on /home/airflow/.local/lib/python3.12/site-packages/airflow/example_dags/example_python_decorator.py
[2026-04-01T13:00:22.829+0000] {processor.py:830} INFO - Processing file /home/airflow/.local/lib/python3.12/site-packages/airflow/example_dags/example_python_decorator.py for tasks to queue
[2026-04-01T13:00:22.830+0000] {logging_mixin.py:188} INFO - [2026-04-01T13:00:22.830+0000] {dagbag.py:545} INFO - Filling up the DagBag from /home/airflow/.local/lib/python3.12/site-packages/airflow/example_dags/example_python_decorator.py
[2026-04-01T13:00:22.839+0000] {processor.py:840} INFO - DAG(s) 'example_python_decorator' retrieved from /home/airflow/.local/lib/python3.12/site-packages/airflow/example_dags/example_python_decorator.py
[2026-04-01T13:00:22.857+0000] {logging_mixin.py:188} INFO - [2026-04-01T13:00:22.857+0000] {dag.py:3096} INFO - Sync 1 DAGs
[2026-04-01T13:00:22.867+0000] {logging_mixin.py:188} INFO - [2026-04-01T13:00:22.867+0000] {dag.py:3954} INFO - Setting next_dagrun for example_python_decorator to None, run_after=None
[2026-04-01T13:00:22.884+0000] {processor.py:183} INFO - Processing /home/airflow/.local/lib/python3.12/site-packages/airflow/example_dags/example_python_decorator.py took 0.061 seconds
[2026-04-01T13:00:53.049+0000] {processor.py:161} INFO - Started process (PID=317) to work on /home/airflow/.local/lib/python3.12/site-packages/airflow/example_dags/example_python_decorator.py
[2026-04-01T13:00:53.049+0000] {processor.py:830} INFO - Processing file /home/airflow/.local/lib/python3.12/site-packages/airflow/example_dags/example_python_decorator.py for tasks to queue
[2026-04-01T13:00:53.051+0000] {logging_mixin.py:188} INFO - [2026-04-01T13:00:53.050+0000] {dagbag.py:545} INFO - Filling up the DagBag from /home/airflow/.local/lib/python3.12/site-packages/airflow/example_dags/example_python_decorator.py
[2026-04-01T13:00:53.060+0000] {processor.py:840} INFO - DAG(s) 'example_python_decorator' retrieved from /home/airflow/.local/lib/python3.12/site-packages/airflow/example_dags/example_python_decorator.py
[2026-04-01T13:00:53.077+0000] {logging_mixin.py:188} INFO - [2026-04-01T13:00:53.076+0000] {dag.py:3096} INFO - Sync 1 DAGs
[2026-04-01T13:00:53.086+0000] {logging_mixin.py:188} INFO - [2026-04-01T13:00:53.086+0000] {dag.py:3954} INFO - Setting next_dagrun for example_python_decorator to None, run_after=None
[2026-04-01T13:00:53.103+0000] {processor.py:183} INFO - Processing /home/airflow/.local/lib/python3.12/site-packages/airflow/example_dags/example_python_decorator.py took 0.059 seconds
[2026-04-01T13:01:23.136+0000] {processor.py:161} INFO - Started process (PID=375) to work on /home/airflow/.local/lib/python3.12/site-packages/airflow/example_dags/example_python_decorator.py
[2026-04-01T13:01:23.137+0000] {processor.py:830} INFO - Processing file /home/airflow/.local/lib/python3.12/site-packages/airflow/example_dags/example_python_decorator.py for tasks to queue
[2026-04-01T13:01:23.138+0000] {logging_mixin.py:188} INFO - [2026-04-01T13:01:23.138+0000] {dagbag.py:545} INFO - Filling up the DagBag from /home/airflow/.local/lib/python3.12/site-packages/airflow/example_dags/example_python_decorator.py
[2026-04-01T13:01:23.149+0000] {processor.py:840} INFO - DAG(s) 'example_python_decorator' retrieved from /home/airflow/.local/lib/python3.12/site-packages/airflow/example_dags/example_python_decorator.py
[2026-04-01T13:01:23.167+0000] {logging_mixin.py:188} INFO - [2026-04-01T13:01:23.167+0000] {dag.py:3096} INFO - Sync 1 DAGs
[2026-04-01T13:01:23.177+0000] {logging_mixin.py:188} INFO - [2026-04-01T13:01:23.177+0000] {dag.py:3954} INFO - Setting next_dagrun for example_python_decorator to None, run_after=None
[2026-04-01T13:01:23.193+0000] {processor.py:183} INFO - Processing /home/airflow/.local/lib/python3.12/site-packages/airflow/example_dags/example_python_decorator.py took 0.061 seconds
[2026-04-01T13:01:53.400+0000] {processor.py:161} INFO - Started process (PID=433) to work on /home/airflow/.local/lib/python3.12/site-packages/airflow/example_dags/example_python_decorator.py
[2026-04-01T13:01:53.401+0000] {processor.py:830} INFO - Processing file /home/airflow/.local/lib/python3.12/site-packages/airflow/example_dags/example_python_decorator.py for tasks to queue
[2026-04-01T13:01:53.403+0000] {logging_mixin.py:188} INFO - [2026-04-01T13:01:53.402+0000] {dagbag.py:545} INFO - Filling up the DagBag from /home/airflow/.local/lib/python3.12/site-packages/airflow/example_dags/example_python_decorator.py
[2026-04-01T13:01:53.413+0000] {processor.py:840} INFO - DAG(s) 'example_python_decorator' retrieved from /home/airflow/.local/lib/python3.12/site-packages/airflow/example_dags/example_python_decorator.py
[2026-04-01T13:01:53.432+0000] {logging_mixin.py:188} INFO - [2026-04-01T13:01:53.431+0000] {dag.py:3096} INFO - Sync 1 DAGs
[2026-04-01T13:01:53.440+0000] {logging_mixin.py:188} INFO - [2026-04-01T13:01:53.440+0000] {dag.py:3954} INFO - Setting next_dagrun for example_python_decorator to None, run_after=None
[2026-04-01T13:01:53.456+0000] {processor.py:183} INFO - Processing /home/airflow/.local/lib/python3.12/site-packages/airflow/example_dags/example_python_decorator.py took 0.060 seconds
[2026-04-01T13:02:23.655+0000] {processor.py:161} INFO - Started process (PID=491) to work on /home/airflow/.local/lib/python3.12/site-packages/airflow/example_dags/example_python_decorator.py
[2026-04-01T13:02:23.656+0000] {processor.py:830} INFO - Processing file /home/airflow/.local/lib/python3.12/site-packages/airflow/example_dags/example_python_decorator.py for tasks to queue
[2026-04-01T13:02:23.658+0000] {logging_mixin.py:188} INFO - [2026-04-01T13:02:23.657+0000] {dagbag.py:545} INFO - Filling up the DagBag from /home/airflow/.local/lib/python3.12/site-packages/airflow/example_dags/example_python_decorator.py
[2026-04-01T13:02:23.668+0000] {processor.py:840} INFO - DAG(s) 'example_python_decorator' retrieved from /home/airflow/.local/lib/python3.12/site-packages/airflow/example_dags/example_python_decorator.py
[2026-04-01T13:02:23.687+0000] {logging_mixin.py:188} INFO - [2026-04-01T13:02:23.687+0000] {dag.py:3096} INFO - Sync 1 DAGs
[2026-04-01T13:02:23.699+0000] {logging_mixin.py:188} INFO - [2026-04-01T13:02:23.699+0000] {dag.py:3954} INFO - Setting next_dagrun for example_python_decorator to None, run_after=None
[2026-04-01T13:02:23.716+0000] {processor.py:183} INFO - Processing /home/airflow/.local/lib/python3.12/site-packages/airflow/example_dags/example_python_decorator.py took 0.065 seconds
[2026-04-01T13:02:53.836+0000] {processor.py:161} INFO - Started process (PID=549) to work on /home/airflow/.local/lib/python3.12/site-packages/airflow/example_dags/example_python_decorator.py
[2026-04-01T13:02:53.837+0000] {processor.py:830} INFO - Processing file /home/airflow/.local/lib/python3.12/site-packages/airflow/example_dags/example_python_decorator.py for tasks to queue
[2026-04-01T13:02:53.838+0000] {logging_mixin.py:188} INFO - [2026-04-01T13:02:53.838+0000] {dagbag.py:545} INFO - Filling up the DagBag from /home/airflow/.local/lib/python3.12/site-packages/airflow/example_dags/example_python_decorator.py
[2026-04-01T13:02:53.847+0000] {processor.py:840} INFO - DAG(s) 'example_python_decorator' retrieved from /home/airflow/.local/lib/python3.12/site-packages/airflow/example_dags/example_python_decorator.py
[2026-04-01T13:02:53.862+0000] {logging_mixin.py:188} INFO - [2026-04-01T13:02:53.862+0000] {dag.py:3096} INFO - Sync 1 DAGs
[2026-04-01T13:02:53.870+0000] {logging_mixin.py:188} INFO - [2026-04-01T13:02:53.869+0000] {dag.py:3954} INFO - Setting next_dagrun for example_python_decorator to None, run_after=None
[2026-04-01T13:02:53.883+0000] {processor.py:183} INFO - Processing /home/airflow/.local/lib/python3.12/site-packages/airflow/example_dags/example_python_decorator.py took 0.050 seconds
[2026-04-01T13:03:24.001+0000] {processor.py:161} INFO - Started process (PID=607) to work on /home/airflow/.local/lib/python3.12/site-packages/airflow/example_dags/example_python_decorator.py
[2026-04-01T13:03:24.003+0000] {processor.py:830} INFO - Processing file /home/airflow/.local/lib/python3.12/site-packages/airflow/example_dags/example_python_decorator.py for tasks to queue
[2026-04-01T13:03:24.006+0000] {logging_mixin.py:188} INFO - [2026-04-01T13:03:24.005+0000] {dagbag.py:545} INFO - Filling up the DagBag from /home/airflow/.local/lib/python3.12/site-packages/airflow/example_dags/example_python_decorator.py
[2026-04-01T13:03:24.017+0000] {processor.py:840} INFO - DAG(s) 'example_python_decorator' retrieved from /home/airflow/.local/lib/python3.12/site-packages/airflow/example_dags/example_python_decorator.py
[2026-04-01T13:03:24.033+0000] {logging_mixin.py:188} INFO - [2026-04-01T13:03:24.033+0000] {dag.py:3096} INFO - Sync 1 DAGs
[2026-04-01T13:03:24.042+0000] {logging_mixin.py:188} INFO - [2026-04-01T13:03:24.042+0000] {dag.py:3954} INFO - Setting next_dagrun for example_python_decorator to None, run_after=None
[2026-04-01T13:03:24.058+0000] {processor.py:183} INFO - Processing /home/airflow/.local/lib/python3.12/site-packages/airflow/example_dags/example_python_decorator.py took 0.062 seconds
[2026-04-01T13:03:54.335+0000] {processor.py:161} INFO - Started process (PID=665) to work on /home/airflow/.local/lib/python3.12/site-packages/airflow/example_dags/example_python_decorator.py
[2026-04-01T13:03:54.336+0000] {processor.py:830} INFO - Processing file /home/airflow/.local/lib/python3.12/site-packages/airflow/example_dags/example_python_decorator.py for tasks to queue
[2026-04-01T13:03:54.338+0000] {logging_mixin.py:188} INFO - [2026-04-01T13:03:54.337+0000] {dagbag.py:545} INFO - Filling up the DagBag from /home/airflow/.local/lib/python3.12/site-packages/airflow/example_dags/example_python_decorator.py
[2026-04-01T13:03:54.348+0000] {processor.py:840} INFO - DAG(s) 'example_python_decorator' retrieved from /home/airflow/.local/lib/python3.12/site-packages/airflow/example_dags/example_python_decorator.py
[2026-04-01T13:03:54.365+0000] {logging_mixin.py:188} INFO - [2026-04-01T13:03:54.365+0000] {dag.py:3096} INFO - Sync 1 DAGs
[2026-04-01T13:03:54.374+0000] {logging_mixin.py:188} INFO - [2026-04-01T13:03:54.374+0000] {dag.py:3954} INFO - Setting next_dagrun for example_python_decorator to None, run_after=None
[2026-04-01T13:03:54.392+0000] {processor.py:183} INFO - Processing /home/airflow/.local/lib/python3.12/site-packages/airflow/example_dags/example_python_decorator.py took 0.063 seconds
[2026-04-01T13:04:24.674+0000] {processor.py:161} INFO - Started process (PID=723) to work on /home/airflow/.local/lib/python3.12/site-packages/airflow/example_dags/example_python_decorator.py
[2026-04-01T13:04:24.675+0000] {processor.py:830} INFO - Processing file /home/airflow/.local/lib/python3.12/site-packages/airflow/example_dags/example_python_decorator.py for tasks to queue
[2026-04-01T13:04:24.677+0000] {logging_mixin.py:188} INFO - [2026-04-01T13:04:24.676+0000] {dagbag.py:545} INFO - Filling up the DagBag from /home/airflow/.local/lib/python3.12/site-packages/airflow/example_dags/example_python_decorator.py
[2026-04-01T13:04:24.686+0000] {processor.py:840} INFO - DAG(s) 'example_python_decorator' retrieved from /home/airflow/.local/lib/python3.12/site-packages/airflow/example_dags/example_python_decorator.py
[2026-04-01T13:04:24.702+0000] {logging_mixin.py:188} INFO - [2026-04-01T13:04:24.702+0000] {dag.py:3096} INFO - Sync 1 DAGs
[2026-04-01T13:04:24.714+0000] {logging_mixin.py:188} INFO - [2026-04-01T13:04:24.713+0000] {dag.py:3954} INFO - Setting next_dagrun for example_python_decorator to None, run_after=None
[2026-04-01T13:04:24.729+0000] {processor.py:183} INFO - Processing /home/airflow/.local/lib/python3.12/site-packages/airflow/example_dags/example_python_decorator.py took 0.061 seconds
[2026-04-01T13:04:54.825+0000] {processor.py:161} INFO - Started process (PID=781) to work on /home/airflow/.local/lib/python3.12/site-packages/airflow/example_dags/example_python_decorator.py
[2026-04-01T13:04:54.825+0000] {processor.py:830} INFO - Processing file /home/airflow/.local/lib/python3.12/site-packages/airflow/example_dags/example_python_decorator.py for tasks to queue
[2026-04-01T13:04:54.827+0000] {logging_mixin.py:188} INFO - [2026-04-01T13:04:54.827+0000] {dagbag.py:545} INFO - Filling up the DagBag from /home/airflow/.local/lib/python3.12/site-packages/airflow/example_dags/example_python_decorator.py
[2026-04-01T13:04:54.838+0000] {processor.py:840} INFO - DAG(s) 'example_python_decorator' retrieved from /home/airflow/.local/lib/python3.12/site-packages/airflow/example_dags/example_python_decorator.py
[2026-04-01T13:04:54.854+0000] {logging_mixin.py:188} INFO - [2026-04-01T13:04:54.854+0000] {dag.py:3096} INFO - Sync 1 DAGs
[2026-04-01T13:04:54.863+0000] {logging_mixin.py:188} INFO - [2026-04-01T13:04:54.863+0000] {dag.py:3954} INFO - Setting next_dagrun for example_python_decorator to None, run_after=None
[2026-04-01T13:04:54.878+0000] {processor.py:183} INFO - Processing /home/airflow/.local/lib/python3.12/site-packages/airflow/example_dags/example_python_decorator.py took 0.058 seconds
[2026-04-01T13:05:25.006+0000] {processor.py:161} INFO - Started process (PID=839) to work on /home/airflow/.local/lib/python3.12/site-packages/airflow/example_dags/example_python_decorator.py
[2026-04-01T13:05:25.006+0000] {processor.py:830} INFO - Processing file /home/airflow/.local/lib/python3.12/site-packages/airflow/example_dags/example_python_decorator.py for tasks to queue
[2026-04-01T13:05:25.008+0000] {logging_mixin.py:188} INFO - [2026-04-01T13:05:25.008+0000] {dagbag.py:545} INFO - Filling up the DagBag from /home/airflow/.local/lib/python3.12/site-packages/airflow/example_dags/example_python_decorator.py
[2026-04-01T13:05:25.018+0000] {processor.py:840} INFO - DAG(s) 'example_python_decorator' retrieved from /home/airflow/.local/lib/python3.12/site-packages/airflow/example_dags/example_python_decorator.py
[2026-04-01T13:05:25.034+0000] {logging_mixin.py:188} INFO - [2026-04-01T13:05:25.034+0000] {dag.py:3096} INFO - Sync 1 DAGs
[2026-04-01T13:05:25.043+0000] {logging_mixin.py:188} INFO - [2026-04-01T13:05:25.043+0000] {dag.py:3954} INFO - Setting next_dagrun for example_python_decorator to None, run_after=None
[2026-04-01T13:05:25.058+0000] {processor.py:183} INFO - Processing /home/airflow/.local/lib/python3.12/site-packages/airflow/example_dags/example_python_decorator.py took 0.057 seconds
[2026-04-01T13:05:55.127+0000] {processor.py:161} INFO - Started process (PID=897) to work on /home/airflow/.local/lib/python3.12/site-packages/airflow/example_dags/example_python_decorator.py
[2026-04-01T13:05:55.127+0000] {processor.py:830} INFO - Processing file /home/airflow/.local/lib/python3.12/site-packages/airflow/example_dags/example_python_decorator.py for tasks to queue
[2026-04-01T13:05:55.129+0000] {logging_mixin.py:188} INFO - [2026-04-01T13:05:55.129+0000] {dagbag.py:545} INFO - Filling up the DagBag from /home/airflow/.local/lib/python3.12/site-packages/airflow/example_dags/example_python_decorator.py
[2026-04-01T13:05:55.139+0000] {processor.py:840} INFO - DAG(s) 'example_python_decorator' retrieved from /home/airflow/.local/lib/python3.12/site-packages/airflow/example_dags/example_python_decorator.py
[2026-04-01T13:05:55.157+0000] {logging_mixin.py:188} INFO - [2026-04-01T13:05:55.157+0000] {dag.py:3096} INFO - Sync 1 DAGs
[2026-04-01T13:05:55.166+0000] {logging_mixin.py:188} INFO - [2026-04-01T13:05:55.165+0000] {dag.py:3954} INFO - Setting next_dagrun for example_python_decorator to None, run_after=None
[2026-04-01T13:05:55.181+0000] {processor.py:183} INFO - Processing /home/airflow/.local/lib/python3.12/site-packages/airflow/example_dags/example_python_decorator.py took 0.059 seconds
[2026-04-01T13:06:25.490+0000] {processor.py:161} INFO - Started process (PID=955) to work on /home/airflow/.local/lib/python3.12/site-packages/airflow/example_dags/example_python_decorator.py
[2026-04-01T13:06:25.490+0000] {processor.py:830} INFO - Processing file /home/airflow/.local/lib/python3.12/site-packages/airflow/example_dags/example_python_decorator.py for tasks to queue
[2026-04-01T13:06:25.492+0000] {logging_mixin.py:188} INFO - [2026-04-01T13:06:25.492+0000] {dagbag.py:545} INFO - Filling up the DagBag from /home/airflow/.local/lib/python3.12/site-packages/airflow/example_dags/example_python_decorator.py
[2026-04-01T13:06:25.502+0000] {processor.py:840} INFO - DAG(s) 'example_python_decorator' retrieved from /home/airflow/.local/lib/python3.12/site-packages/airflow/example_dags/example_python_decorator.py
[2026-04-01T13:06:25.520+0000] {logging_mixin.py:188} INFO - [2026-04-01T13:06:25.520+0000] {dag.py:3096} INFO - Sync 1 DAGs
[2026-04-01T13:06:25.532+0000] {logging_mixin.py:188} INFO - [2026-04-01T13:06:25.531+0000] {dag.py:3954} INFO - Setting next_dagrun for example_python_decorator to None, run_after=None
[2026-04-01T13:06:25.548+0000] {processor.py:183} INFO - Processing /home/airflow/.local/lib/python3.12/site-packages/airflow/example_dags/example_python_decorator.py took 0.064 seconds
[2026-04-01T13:06:55.869+0000] {processor.py:161} INFO - Started process (PID=1013) to work on /home/airflow/.local/lib/python3.12/site-packages/airflow/example_dags/example_python_decorator.py
[2026-04-01T13:06:55.870+0000] {processor.py:830} INFO - Processing file /home/airflow/.local/lib/python3.12/site-packages/airflow/example_dags/example_python_decorator.py for tasks to queue
[2026-04-01T13:06:55.871+0000] {logging_mixin.py:188} INFO - [2026-04-01T13:06:55.871+0000] {dagbag.py:545} INFO - Filling up the DagBag from /home/airflow/.local/lib/python3.12/site-packages/airflow/example_dags/example_python_decorator.py
[2026-04-01T13:06:55.880+0000] {processor.py:840} INFO - DAG(s) 'example_python_decorator' retrieved from /home/airflow/.local/lib/python3.12/site-packages/airflow/example_dags/example_python_decorator.py
[2026-04-01T13:06:55.895+0000] {logging_mixin.py:188} INFO - [2026-04-01T13:06:55.895+0000] {dag.py:3096} INFO - Sync 1 DAGs
[2026-04-01T13:06:55.904+0000] {logging_mixin.py:188} INFO - [2026-04-01T13:06:55.903+0000] {dag.py:3954} INFO - Setting next_dagrun for example_python_decorator to None, run_after=None
[2026-04-01T13:06:55.918+0000] {processor.py:183} INFO - Processing /home/airflow/.local/lib/python3.12/site-packages/airflow/example_dags/example_python_decorator.py took 0.053 seconds
[2026-04-01T13:07:26.093+0000] {processor.py:161} INFO - Started process (PID=1071) to work on /home/airflow/.local/lib/python3.12/site-packages/airflow/example_dags/example_python_decorator.py
[2026-04-01T13:07:26.094+0000] {processor.py:830} INFO - Processing file /home/airflow/.local/lib/python3.12/site-packages/airflow/example_dags/example_python_decorator.py for tasks to queue
[2026-04-01T13:07:26.096+0000] {logging_mixin.py:188} INFO - [2026-04-01T13:07:26.096+0000] {dagbag.py:545} INFO - Filling up the DagBag from /home/airflow/.local/lib/python3.12/site-packages/airflow/example_dags/example_python_decorator.py
[2026-04-01T13:07:26.107+0000] {processor.py:840} INFO - DAG(s) 'example_python_decorator' retrieved from /home/airflow/.local/lib/python3.12/site-packages/airflow/example_dags/example_python_decorator.py
[2026-04-01T13:07:26.128+0000] {logging_mixin.py:188} INFO - [2026-04-01T13:07:26.127+0000] {dag.py:3096} INFO - Sync 1 DAGs
[2026-04-01T13:07:26.138+0000] {logging_mixin.py:188} INFO - [2026-04-01T13:07:26.138+0000] {dag.py:3954} INFO - Setting next_dagrun for example_python_decorator to None, run_after=None
[2026-04-01T13:07:26.155+0000] {processor.py:183} INFO - Processing /home/airflow/.local/lib/python3.12/site-packages/airflow/example_dags/example_python_decorator.py took 0.067 seconds
[2026-04-01T13:07:56.266+0000] {processor.py:161} INFO - Started process (PID=1129) to work on /home/airflow/.local/lib/python3.12/site-packages/airflow/example_dags/example_python_decorator.py
[2026-04-01T13:07:56.267+0000] {processor.py:830} INFO - Processing file /home/airflow/.local/lib/python3.12/site-packages/airflow/example_dags/example_python_decorator.py for tasks to queue
[2026-04-01T13:07:56.268+0000] {logging_mixin.py:188} INFO - [2026-04-01T13:07:56.268+0000] {dagbag.py:545} INFO - Filling up the DagBag from /home/airflow/.local/lib/python3.12/site-packages/airflow/example_dags/example_python_decorator.py
[2026-04-01T13:07:56.279+0000] {processor.py:840} INFO - DAG(s) 'example_python_decorator' retrieved from /home/airflow/.local/lib/python3.12/site-packages/airflow/example_dags/example_python_decorator.py
[2026-04-01T13:07:56.295+0000] {logging_mixin.py:188} INFO - [2026-04-01T13:07:56.295+0000] {dag.py:3096} INFO - Sync 1 DAGs
[2026-04-01T13:07:56.303+0000] {logging_mixin.py:188} INFO - [2026-04-01T13:07:56.303+0000] {dag.py:3954} INFO - Setting next_dagrun for example_python_decorator to None, run_after=None
[2026-04-01T13:07:56.318+0000] {processor.py:183} INFO - Processing /home/airflow/.local/lib/python3.12/site-packages/airflow/example_dags/example_python_decorator.py took 0.058 seconds
[2026-04-01T13:08:26.545+0000] {processor.py:161} INFO - Started process (PID=1187) to work on /home/airflow/.local/lib/python3.12/site-packages/airflow/example_dags/example_python_decorator.py
[2026-04-01T13:08:26.545+0000] {processor.py:830} INFO - Processing file /home/airflow/.local/lib/python3.12/site-packages/airflow/example_dags/example_python_decorator.py for tasks to queue
[2026-04-01T13:08:26.547+0000] {logging_mixin.py:188} INFO - [2026-04-01T13:08:26.547+0000] {dagbag.py:545} INFO - Filling up the DagBag from /home/airflow/.local/lib/python3.12/site-packages/airflow/example_dags/example_python_decorator.py
[2026-04-01T13:08:26.559+0000] {processor.py:840} INFO - DAG(s) 'example_python_decorator' retrieved from /home/airflow/.local/lib/python3.12/site-packages/airflow/example_dags/example_python_decorator.py
[2026-04-01T13:08:26.581+0000] {logging_mixin.py:188} INFO - [2026-04-01T13:08:26.580+0000] {dag.py:3096} INFO - Sync 1 DAGs
[2026-04-01T13:08:26.594+0000] {logging_mixin.py:188} INFO - [2026-04-01T13:08:26.593+0000] {dag.py:3954} INFO - Setting next_dagrun for example_python_decorator to None, run_after=None
[2026-04-01T13:08:26.614+0000] {processor.py:183} INFO - Processing /home/airflow/.local/lib/python3.12/site-packages/airflow/example_dags/example_python_decorator.py took 0.076 seconds
[2026-04-01T13:08:56.978+0000] {processor.py:161} INFO - Started process (PID=1245) to work on /home/airflow/.local/lib/python3.12/site-packages/airflow/example_dags/example_python_decorator.py
[2026-04-01T13:08:56.978+0000] {processor.py:830} INFO - Processing file /home/airflow/.local/lib/python3.12/site-packages/airflow/example_dags/example_python_decorator.py for tasks to queue
[2026-04-01T13:08:56.980+0000] {logging_mixin.py:188} INFO - [2026-04-01T13:08:56.980+0000] {dagbag.py:545} INFO - Filling up the DagBag from /home/airflow/.local/lib/python3.12/site-packages/airflow/example_dags/example_python_decorator.py
[2026-04-01T13:08:56.992+0000] {processor.py:840} INFO - DAG(s) 'example_python_decorator' retrieved from /home/airflow/.local/lib/python3.12/site-packages/airflow/example_dags/example_python_decorator.py
[2026-04-01T13:08:57.010+0000] {logging_mixin.py:188} INFO - [2026-04-01T13:08:57.010+0000] {dag.py:3096} INFO - Sync 1 DAGs
[2026-04-01T13:08:57.020+0000] {logging_mixin.py:188} INFO - [2026-04-01T13:08:57.020+0000] {dag.py:3954} INFO - Setting next_dagrun for example_python_decorator to None, run_after=None
[2026-04-01T13:08:57.036+0000] {processor.py:183} INFO - Processing /home/airflow/.local/lib/python3.12/site-packages/airflow/example_dags/example_python_decorator.py took 0.063 seconds
[2026-04-01T13:09:27.317+0000] {processor.py:161} INFO - Started process (PID=1303) to work on /home/airflow/.local/lib/python3.12/site-packages/airflow/example_dags/example_python_decorator.py
[2026-04-01T13:09:27.317+0000] {processor.py:830} INFO - Processing file /home/airflow/.local/lib/python3.12/site-packages/airflow/example_dags/example_python_decorator.py for tasks to queue
[2026-04-01T13:09:27.319+0000] {logging_mixin.py:188} INFO - [2026-04-01T13:09:27.319+0000] {dagbag.py:545} INFO - Filling up the DagBag from /home/airflow/.local/lib/python3.12/site-packages/airflow/example_dags/example_python_decorator.py
[2026-04-01T13:09:27.328+0000] {processor.py:840} INFO - DAG(s) 'example_python_decorator' retrieved from /home/airflow/.local/lib/python3.12/site-packages/airflow/example_dags/example_python_decorator.py
[2026-04-01T13:09:27.344+0000] {logging_mixin.py:188} INFO - [2026-04-01T13:09:27.344+0000] {dag.py:3096} INFO - Sync 1 DAGs
[2026-04-01T13:09:27.353+0000] {logging_mixin.py:188} INFO - [2026-04-01T13:09:27.353+0000] {dag.py:3954} INFO - Setting next_dagrun for example_python_decorator to None, run_after=None
[2026-04-01T13:09:27.368+0000] {processor.py:183} INFO - Processing /home/airflow/.local/lib/python3.12/site-packages/airflow/example_dags/example_python_decorator.py took 0.056 seconds
[2026-04-01T13:09:57.665+0000] {processor.py:161} INFO - Started process (PID=1361) to work on /home/airflow/.local/lib/python3.12/site-packages/airflow/example_dags/example_python_decorator.py
[2026-04-01T13:09:57.665+0000] {processor.py:830} INFO - Processing file /home/airflow/.local/lib/python3.12/site-packages/airflow/example_dags/example_python_decorator.py for tasks to queue
[2026-04-01T13:09:57.667+0000] {logging_mixin.py:188} INFO - [2026-04-01T13:09:57.666+0000] {dagbag.py:545} INFO - Filling up the DagBag from /home/airflow/.local/lib/python3.12/site-packages/airflow/example_dags/example_python_decorator.py
[2026-04-01T13:09:57.677+0000] {processor.py:840} INFO - DAG(s) 'example_python_decorator' retrieved from /home/airflow/.local/lib/python3.12/site-packages/airflow/example_dags/example_python_decorator.py
[2026-04-01T13:09:57.695+0000] {logging_mixin.py:188} INFO - [2026-04-01T13:09:57.695+0000] {dag.py:3096} INFO - Sync 1 DAGs
[2026-04-01T13:09:57.707+0000] {logging_mixin.py:188} INFO - [2026-04-01T13:09:57.707+0000] {dag.py:3954} INFO - Setting next_dagrun for example_python_decorator to None, run_after=None
[2026-04-01T13:09:57.722+0000] {processor.py:183} INFO - Processing /home/airflow/.local/lib/python3.12/site-packages/airflow/example_dags/example_python_decorator.py took 0.062 seconds
[2026-04-01T13:10:27.886+0000] {processor.py:161} INFO - Started process (PID=1419) to work on /home/airflow/.local/lib/python3.12/site-packages/airflow/example_dags/example_python_decorator.py
[2026-04-01T13:10:27.887+0000] {processor.py:830} INFO - Processing file /home/airflow/.local/lib/python3.12/site-packages/airflow/example_dags/example_python_decorator.py for tasks to queue
[2026-04-01T13:10:27.889+0000] {logging_mixin.py:188} INFO - [2026-04-01T13:10:27.888+0000] {dagbag.py:545} INFO - Filling up the DagBag from /home/airflow/.local/lib/python3.12/site-packages/airflow/example_dags/example_python_decorator.py
[2026-04-01T13:10:27.899+0000] {processor.py:840} INFO - DAG(s) 'example_python_decorator' retrieved from /home/airflow/.local/lib/python3.12/site-packages/airflow/example_dags/example_python_decorator.py
[2026-04-01T13:10:27.915+0000] {logging_mixin.py:188} INFO - [2026-04-01T13:10:27.915+0000] {dag.py:3096} INFO - Sync 1 DAGs
[2026-04-01T13:10:27.924+0000] {logging_mixin.py:188} INFO - [2026-04-01T13:10:27.924+0000] {dag.py:3954} INFO - Setting next_dagrun for example_python_decorator to None, run_after=None
[2026-04-01T13:10:27.939+0000] {processor.py:183} INFO - Processing /home/airflow/.local/lib/python3.12/site-packages/airflow/example_dags/example_python_decorator.py took 0.058 seconds
[2026-04-01T13:10:58.423+0000] {processor.py:161} INFO - Started process (PID=1477) to work on /home/airflow/.local/lib/python3.12/site-packages/airflow/example_dags/example_python_decorator.py
[2026-04-01T13:10:58.424+0000] {processor.py:830} INFO - Processing file /home/airflow/.local/lib/python3.12/site-packages/airflow/example_dags/example_python_decorator.py for tasks to queue
[2026-04-01T13:10:58.426+0000] {logging_mixin.py:188} INFO - [2026-04-01T13:10:58.426+0000] {dagbag.py:545} INFO - Filling up the DagBag from /home/airflow/.local/lib/python3.12/site-packages/airflow/example_dags/example_python_decorator.py
[2026-04-01T13:10:58.438+0000] {processor.py:840} INFO - DAG(s) 'example_python_decorator' retrieved from /home/airflow/.local/lib/python3.12/site-packages/airflow/example_dags/example_python_decorator.py
[2026-04-01T13:10:58.459+0000] {logging_mixin.py:188} INFO - [2026-04-01T13:10:58.459+0000] {dag.py:3096} INFO - Sync 1 DAGs
[2026-04-01T13:10:58.471+0000] {logging_mixin.py:188} INFO - [2026-04-01T13:10:58.471+0000] {dag.py:3954} INFO - Setting next_dagrun for example_python_decorator to None, run_after=None
[2026-04-01T13:10:58.497+0000] {processor.py:183} INFO - Processing /home/airflow/.local/lib/python3.12/site-packages/airflow/example_dags/example_python_decorator.py took 0.079 seconds
[2026-04-01T13:11:28.758+0000] {processor.py:161} INFO - Started process (PID=1534) to work on /home/airflow/.local/lib/python3.12/site-packages/airflow/example_dags/example_python_decorator.py
[2026-04-01T13:11:28.759+0000] {processor.py:830} INFO - Processing file /home/airflow/.local/lib/python3.12/site-packages/airflow/example_dags/example_python_decorator.py for tasks to queue
[2026-04-01T13:11:28.761+0000] {logging_mixin.py:188} INFO - [2026-04-01T13:11:28.761+0000] {dagbag.py:545} INFO - Filling up the DagBag from /home/airflow/.local/lib/python3.12/site-packages/airflow/example_dags/example_python_decorator.py
[2026-04-01T13:11:28.770+0000] {processor.py:840} INFO - DAG(s) 'example_python_decorator' retrieved from /home/airflow/.local/lib/python3.12/site-packages/airflow/example_dags/example_python_decorator.py
[2026-04-01T13:11:28.786+0000] {logging_mixin.py:188} INFO - [2026-04-01T13:11:28.786+0000] {dag.py:3096} INFO - Sync 1 DAGs
[2026-04-01T13:11:28.795+0000] {logging_mixin.py:188} INFO - [2026-04-01T13:11:28.795+0000] {dag.py:3954} INFO - Setting next_dagrun for example_python_decorator to None, run_after=None
[2026-04-01T13:11:28.811+0000] {processor.py:183} INFO - Processing /home/airflow/.local/lib/python3.12/site-packages/airflow/example_dags/example_python_decorator.py took 0.057 seconds
[2026-04-01T13:11:59.269+0000] {processor.py:161} INFO - Started process (PID=1592) to work on /home/airflow/.local/lib/python3.12/site-packages/airflow/example_dags/example_python_decorator.py
[2026-04-01T13:11:59.270+0000] {processor.py:830} INFO - Processing file /home/airflow/.local/lib/python3.12/site-packages/airflow/example_dags/example_python_decorator.py for tasks to queue
[2026-04-01T13:11:59.272+0000] {logging_mixin.py:188} INFO - [2026-04-01T13:11:59.271+0000] {dagbag.py:545} INFO - Filling up the DagBag from /home/airflow/.local/lib/python3.12/site-packages/airflow/example_dags/example_python_decorator.py
[2026-04-01T13:11:59.282+0000] {processor.py:840} INFO - DAG(s) 'example_python_decorator' retrieved from /home/airflow/.local/lib/python3.12/site-packages/airflow/example_dags/example_python_decorator.py
[2026-04-01T13:11:59.303+0000] {logging_mixin.py:188} INFO - [2026-04-01T13:11:59.303+0000] {dag.py:3096} INFO - Sync 1 DAGs
[2026-04-01T13:11:59.316+0000] {logging_mixin.py:188} INFO - [2026-04-01T13:11:59.316+0000] {dag.py:3954} INFO - Setting next_dagrun for example_python_decorator to None, run_after=None
[2026-04-01T13:11:59.337+0000] {processor.py:183} INFO - Processing /home/airflow/.local/lib/python3.12/site-packages/airflow/example_dags/example_python_decorator.py took 0.073 seconds
[2026-04-01T13:12:29.464+0000] {processor.py:161} INFO - Started process (PID=1650) to work on /home/airflow/.local/lib/python3.12/site-packages/airflow/example_dags/example_python_decorator.py
[2026-04-01T13:12:29.464+0000] {processor.py:830} INFO - Processing file /home/airflow/.local/lib/python3.12/site-packages/airflow/example_dags/example_python_decorator.py for tasks to queue
[2026-04-01T13:12:29.466+0000] {logging_mixin.py:188} INFO - [2026-04-01T13:12:29.466+0000] {dagbag.py:545} INFO - Filling up the DagBag from /home/airflow/.local/lib/python3.12/site-packages/airflow/example_dags/example_python_decorator.py
[2026-04-01T13:12:29.475+0000] {processor.py:840} INFO - DAG(s) 'example_python_decorator' retrieved from /home/airflow/.local/lib/python3.12/site-packages/airflow/example_dags/example_python_decorator.py
[2026-04-01T13:12:29.492+0000] {logging_mixin.py:188} INFO - [2026-04-01T13:12:29.492+0000] {dag.py:3096} INFO - Sync 1 DAGs
[2026-04-01T13:12:29.503+0000] {logging_mixin.py:188} INFO - [2026-04-01T13:12:29.503+0000] {dag.py:3954} INFO - Setting next_dagrun for example_python_decorator to None, run_after=None
[2026-04-01T13:12:29.520+0000] {processor.py:183} INFO - Processing /home/airflow/.local/lib/python3.12/site-packages/airflow/example_dags/example_python_decorator.py took 0.060 seconds
[2026-04-01T13:12:59.731+0000] {processor.py:161} INFO - Started process (PID=1708) to work on /home/airflow/.local/lib/python3.12/site-packages/airflow/example_dags/example_python_decorator.py
[2026-04-01T13:12:59.732+0000] {processor.py:830} INFO - Processing file /home/airflow/.local/lib/python3.12/site-packages/airflow/example_dags/example_python_decorator.py for tasks to queue
[2026-04-01T13:12:59.733+0000] {logging_mixin.py:188} INFO - [2026-04-01T13:12:59.733+0000] {dagbag.py:545} INFO - Filling up the DagBag from /home/airflow/.local/lib/python3.12/site-packages/airflow/example_dags/example_python_decorator.py
[2026-04-01T13:12:59.743+0000] {processor.py:840} INFO - DAG(s) 'example_python_decorator' retrieved from /home/airflow/.local/lib/python3.12/site-packages/airflow/example_dags/example_python_decorator.py
[2026-04-01T13:12:59.759+0000] {logging_mixin.py:188} INFO - [2026-04-01T13:12:59.759+0000] {dag.py:3096} INFO - Sync 1 DAGs
[2026-04-01T13:12:59.768+0000] {logging_mixin.py:188} INFO - [2026-04-01T13:12:59.768+0000] {dag.py:3954} INFO - Setting next_dagrun for example_python_decorator to None, run_after=None
[2026-04-01T13:12:59.784+0000] {processor.py:183} INFO - Processing /home/airflow/.local/lib/python3.12/site-packages/airflow/example_dags/example_python_decorator.py took 0.058 seconds
[2026-04-01T13:13:30.105+0000] {processor.py:161} INFO - Started process (PID=1766) to work on /home/airflow/.local/lib/python3.12/site-packages/airflow/example_dags/example_python_decorator.py
[2026-04-01T13:13:30.106+0000] {processor.py:830} INFO - Processing file /home/airflow/.local/lib/python3.12/site-packages/airflow/example_dags/example_python_decorator.py for tasks to queue
[2026-04-01T13:13:30.107+0000] {logging_mixin.py:188} INFO - [2026-04-01T13:13:30.107+0000] {dagbag.py:545} INFO - Filling up the DagBag from /home/airflow/.local/lib/python3.12/site-packages/airflow/example_dags/example_python_decorator.py
[2026-04-01T13:13:30.116+0000] {processor.py:840} INFO - DAG(s) 'example_python_decorator' retrieved from /home/airflow/.local/lib/python3.12/site-packages/airflow/example_dags/example_python_decorator.py
[2026-04-01T13:13:30.131+0000] {logging_mixin.py:188} INFO - [2026-04-01T13:13:30.131+0000] {dag.py:3096} INFO - Sync 1 DAGs
[2026-04-01T13:13:30.139+0000] {logging_mixin.py:188} INFO - [2026-04-01T13:13:30.139+0000] {dag.py:3954} INFO - Setting next_dagrun for example_python_decorator to None, run_after=None
[2026-04-01T13:13:30.157+0000] {processor.py:183} INFO - Processing /home/airflow/.local/lib/python3.12/site-packages/airflow/example_dags/example_python_decorator.py took 0.057 seconds
[2026-04-01T13:14:00.563+0000] {processor.py:161} INFO - Started process (PID=1824) to work on /home/airflow/.local/lib/python3.12/site-packages/airflow/example_dags/example_python_decorator.py
[2026-04-01T13:14:00.564+0000] {processor.py:830} INFO - Processing file /home/airflow/.local/lib/python3.12/site-packages/airflow/example_dags/example_python_decorator.py for tasks to queue
[2026-04-01T13:14:00.565+0000] {logging_mixin.py:188} INFO - [2026-04-01T13:14:00.565+0000] {dagbag.py:545} INFO - Filling up the DagBag from /home/airflow/.local/lib/python3.12/site-packages/airflow/example_dags/example_python_decorator.py
[2026-04-01T13:14:00.574+0000] {processor.py:840} INFO - DAG(s) 'example_python_decorator' retrieved from /home/airflow/.local/lib/python3.12/site-packages/airflow/example_dags/example_python_decorator.py
[2026-04-01T13:14:00.590+0000] {logging_mixin.py:188} INFO - [2026-04-01T13:14:00.590+0000] {dag.py:3096} INFO - Sync 1 DAGs
[2026-04-01T13:14:00.600+0000] {logging_mixin.py:188} INFO - [2026-04-01T13:14:00.600+0000] {dag.py:3954} INFO - Setting next_dagrun for example_python_decorator to None, run_after=None
[2026-04-01T13:14:00.616+0000] {processor.py:183} INFO - Processing /home/airflow/.local/lib/python3.12/site-packages/airflow/example_dags/example_python_decorator.py took 0.058 seconds
[2026-04-01T13:14:31.483+0000] {processor.py:161} INFO - Started process (PID=1882) to work on /home/airflow/.local/lib/python3.12/site-packages/airflow/example_dags/example_python_decorator.py
[2026-04-01T13:14:31.484+0000] {processor.py:830} INFO - Processing file /home/airflow/.local/lib/python3.12/site-packages/airflow/example_dags/example_python_decorator.py for tasks to queue
[2026-04-01T13:14:31.485+0000] {logging_mixin.py:188} INFO - [2026-04-01T13:14:31.485+0000] {dagbag.py:545} INFO - Filling up the DagBag from /home/airflow/.local/lib/python3.12/site-packages/airflow/example_dags/example_python_decorator.py
[2026-04-01T13:14:31.495+0000] {processor.py:840} INFO - DAG(s) 'example_python_decorator' retrieved from /home/airflow/.local/lib/python3.12/site-packages/airflow/example_dags/example_python_decorator.py
[2026-04-01T13:14:31.512+0000] {logging_mixin.py:188} INFO - [2026-04-01T13:14:31.512+0000] {dag.py:3096} INFO - Sync 1 DAGs
[2026-04-01T13:14:31.522+0000] {logging_mixin.py:188} INFO - [2026-04-01T13:14:31.522+0000] {dag.py:3954} INFO - Setting next_dagrun for example_python_decorator to None, run_after=None
[2026-04-01T13:14:31.636+0000] {processor.py:183} INFO - Processing /home/airflow/.local/lib/python3.12/site-packages/airflow/example_dags/example_python_decorator.py took 0.158 seconds
[2026-04-01T13:15:01.695+0000] {processor.py:161} INFO - Started process (PID=1940) to work on /home/airflow/.local/lib/python3.12/site-packages/airflow/example_dags/example_python_decorator.py
[2026-04-01T13:15:01.695+0000] {processor.py:830} INFO - Processing file /home/airflow/.local/lib/python3.12/site-packages/airflow/example_dags/example_python_decorator.py for tasks to queue
[2026-04-01T13:15:01.697+0000] {logging_mixin.py:188} INFO - [2026-04-01T13:15:01.696+0000] {dagbag.py:545} INFO - Filling up the DagBag from /home/airflow/.local/lib/python3.12/site-packages/airflow/example_dags/example_python_decorator.py
[2026-04-01T13:15:01.706+0000] {processor.py:840} INFO - DAG(s) 'example_python_decorator' retrieved from /home/airflow/.local/lib/python3.12/site-packages/airflow/example_dags/example_python_decorator.py
[2026-04-01T13:15:01.721+0000] {logging_mixin.py:188} INFO - [2026-04-01T13:15:01.721+0000] {dag.py:3096} INFO - Sync 1 DAGs
[2026-04-01T13:15:01.738+0000] {logging_mixin.py:188} INFO - [2026-04-01T13:15:01.738+0000] {dag.py:3954} INFO - Setting next_dagrun for example_python_decorator to None, run_after=None
[2026-04-01T13:15:01.756+0000] {processor.py:183} INFO - Processing /home/airflow/.local/lib/python3.12/site-packages/airflow/example_dags/example_python_decorator.py took 0.066 seconds
[2026-04-01T13:15:31.785+0000] {processor.py:161} INFO - Started process (PID=1998) to work on /home/airflow/.local/lib/python3.12/site-packages/airflow/example_dags/example_python_decorator.py
[2026-04-01T13:15:31.785+0000] {processor.py:830} INFO - Processing file /home/airflow/.local/lib/python3.12/site-packages/airflow/example_dags/example_python_decorator.py for tasks to queue
[2026-04-01T13:15:31.787+0000] {logging_mixin.py:188} INFO - [2026-04-01T13:15:31.787+0000] {dagbag.py:545} INFO - Filling up the DagBag from /home/airflow/.local/lib/python3.12/site-packages/airflow/example_dags/example_python_decorator.py
[2026-04-01T13:15:31.795+0000] {processor.py:840} INFO - DAG(s) 'example_python_decorator' retrieved from /home/airflow/.local/lib/python3.12/site-packages/airflow/example_dags/example_python_decorator.py
[2026-04-01T13:15:31.810+0000] {logging_mixin.py:188} INFO - [2026-04-01T13:15:31.810+0000] {dag.py:3096} INFO - Sync 1 DAGs
[2026-04-01T13:15:31.818+0000] {logging_mixin.py:188} INFO - [2026-04-01T13:15:31.818+0000] {dag.py:3954} INFO - Setting next_dagrun for example_python_decorator to None, run_after=None
[2026-04-01T13:15:31.832+0000] {processor.py:183} INFO - Processing /home/airflow/.local/lib/python3.12/site-packages/airflow/example_dags/example_python_decorator.py took 0.052 seconds
[2026-04-01T13:16:02.244+0000] {processor.py:161} INFO - Started process (PID=2056) to work on /home/airflow/.local/lib/python3.12/site-packages/airflow/example_dags/example_python_decorator.py
[2026-04-01T13:16:02.245+0000] {processor.py:830} INFO - Processing file /home/airflow/.local/lib/python3.12/site-packages/airflow/example_dags/example_python_decorator.py for tasks to queue
[2026-04-01T13:16:02.247+0000] {logging_mixin.py:188} INFO - [2026-04-01T13:16:02.246+0000] {dagbag.py:545} INFO - Filling up the DagBag from /home/airflow/.local/lib/python3.12/site-packages/airflow/example_dags/example_python_decorator.py
[2026-04-01T13:16:02.258+0000] {processor.py:840} INFO - DAG(s) 'example_python_decorator' retrieved from /home/airflow/.local/lib/python3.12/site-packages/airflow/example_dags/example_python_decorator.py
[2026-04-01T13:16:02.276+0000] {logging_mixin.py:188} INFO - [2026-04-01T13:16:02.275+0000] {dag.py:3096} INFO - Sync 1 DAGs
[2026-04-01T13:16:02.286+0000] {logging_mixin.py:188} INFO - [2026-04-01T13:16:02.286+0000] {dag.py:3954} INFO - Setting next_dagrun for example_python_decorator to None, run_after=None
[2026-04-01T13:16:02.301+0000] {processor.py:183} INFO - Processing /home/airflow/.local/lib/python3.12/site-packages/airflow/example_dags/example_python_decorator.py took 0.063 seconds
[2026-04-01T13:16:34.410+0000] {processor.py:161} INFO - Started process (PID=2114) to work on /home/airflow/.local/lib/python3.12/site-packages/airflow/example_dags/example_python_decorator.py
[2026-04-01T13:16:34.411+0000] {processor.py:830} INFO - Processing file /home/airflow/.local/lib/python3.12/site-packages/airflow/example_dags/example_python_decorator.py for tasks to queue
[2026-04-01T13:16:34.412+0000] {logging_mixin.py:188} INFO - [2026-04-01T13:16:34.412+0000] {dagbag.py:545} INFO - Filling up the DagBag from /home/airflow/.local/lib/python3.12/site-packages/airflow/example_dags/example_python_decorator.py
[2026-04-01T13:16:34.421+0000] {processor.py:840} INFO - DAG(s) 'example_python_decorator' retrieved from /home/airflow/.local/lib/python3.12/site-packages/airflow/example_dags/example_python_decorator.py
[2026-04-01T13:16:34.537+0000] {logging_mixin.py:188} INFO - [2026-04-01T13:16:34.536+0000] {dag.py:3096} INFO - Sync 1 DAGs
[2026-04-01T13:16:34.544+0000] {logging_mixin.py:188} INFO - [2026-04-01T13:16:34.544+0000] {dag.py:3954} INFO - Setting next_dagrun for example_python_decorator to None, run_after=None
[2026-04-01T13:16:34.557+0000] {processor.py:183} INFO - Processing /home/airflow/.local/lib/python3.12/site-packages/airflow/example_dags/example_python_decorator.py took 0.152 seconds
[2026-04-01T13:17:05.234+0000] {processor.py:161} INFO - Started process (PID=2172) to work on /home/airflow/.local/lib/python3.12/site-packages/airflow/example_dags/example_python_decorator.py
[2026-04-01T13:17:05.235+0000] {processor.py:830} INFO - Processing file /home/airflow/.local/lib/python3.12/site-packages/airflow/example_dags/example_python_decorator.py for tasks to queue
[2026-04-01T13:17:05.236+0000] {logging_mixin.py:188} INFO - [2026-04-01T13:17:05.236+0000] {dagbag.py:545} INFO - Filling up the DagBag from /home/airflow/.local/lib/python3.12/site-packages/airflow/example_dags/example_python_decorator.py
[2026-04-01T13:17:05.249+0000] {processor.py:840} INFO - DAG(s) 'example_python_decorator' retrieved from /home/airflow/.local/lib/python3.12/site-packages/airflow/example_dags/example_python_decorator.py
[2026-04-01T13:17:05.268+0000] {logging_mixin.py:188} INFO - [2026-04-01T13:17:05.268+0000] {dag.py:3096} INFO - Sync 1 DAGs
[2026-04-01T13:17:05.277+0000] {logging_mixin.py:188} INFO - [2026-04-01T13:17:05.277+0000] {dag.py:3954} INFO - Setting next_dagrun for example_python_decorator to None, run_after=None
[2026-04-01T13:17:05.293+0000] {processor.py:183} INFO - Processing /home/airflow/.local/lib/python3.12/site-packages/airflow/example_dags/example_python_decorator.py took 0.063 seconds
[2026-04-01T13:17:35.536+0000] {processor.py:161} INFO - Started process (PID=2230) to work on /home/airflow/.local/lib/python3.12/site-packages/airflow/example_dags/example_python_decorator.py
[2026-04-01T13:17:35.537+0000] {processor.py:830} INFO - Processing file /home/airflow/.local/lib/python3.12/site-packages/airflow/example_dags/example_python_decorator.py for tasks to queue
[2026-04-01T13:17:35.539+0000] {logging_mixin.py:188} INFO - [2026-04-01T13:17:35.538+0000] {dagbag.py:545} INFO - Filling up the DagBag from /home/airflow/.local/lib/python3.12/site-packages/airflow/example_dags/example_python_decorator.py
[2026-04-01T13:17:35.548+0000] {processor.py:840} INFO - DAG(s) 'example_python_decorator' retrieved from /home/airflow/.local/lib/python3.12/site-packages/airflow/example_dags/example_python_decorator.py
[2026-04-01T13:17:35.563+0000] {logging_mixin.py:188} INFO - [2026-04-01T13:17:35.563+0000] {dag.py:3096} INFO - Sync 1 DAGs
[2026-04-01T13:17:35.573+0000] {logging_mixin.py:188} INFO - [2026-04-01T13:17:35.572+0000] {dag.py:3954} INFO - Setting next_dagrun for example_python_decorator to None, run_after=None
[2026-04-01T13:17:35.591+0000] {processor.py:183} INFO - Processing /home/airflow/.local/lib/python3.12/site-packages/airflow/example_dags/example_python_decorator.py took 0.059 seconds
[2026-04-01T13:18:05.732+0000] {processor.py:161} INFO - Started process (PID=2288) to work on /home/airflow/.local/lib/python3.12/site-packages/airflow/example_dags/example_python_decorator.py
[2026-04-01T13:18:05.732+0000] {processor.py:830} INFO - Processing file /home/airflow/.local/lib/python3.12/site-packages/airflow/example_dags/example_python_decorator.py for tasks to queue
[2026-04-01T13:18:05.734+0000] {logging_mixin.py:188} INFO - [2026-04-01T13:18:05.734+0000] {dagbag.py:545} INFO - Filling up the DagBag from /home/airflow/.local/lib/python3.12/site-packages/airflow/example_dags/example_python_decorator.py
[2026-04-01T13:18:05.743+0000] {processor.py:840} INFO - DAG(s) 'example_python_decorator' retrieved from /home/airflow/.local/lib/python3.12/site-packages/airflow/example_dags/example_python_decorator.py
[2026-04-01T13:18:05.758+0000] {logging_mixin.py:188} INFO - [2026-04-01T13:18:05.758+0000] {dag.py:3096} INFO - Sync 1 DAGs
[2026-04-01T13:18:05.767+0000] {logging_mixin.py:188} INFO - [2026-04-01T13:18:05.767+0000] {dag.py:3954} INFO - Setting next_dagrun for example_python_decorator to None, run_after=None
[2026-04-01T13:18:05.785+0000] {processor.py:183} INFO - Processing /home/airflow/.local/lib/python3.12/site-packages/airflow/example_dags/example_python_decorator.py took 0.057 seconds
[2026-04-01T13:18:36.339+0000] {processor.py:161} INFO - Started process (PID=2346) to work on /home/airflow/.local/lib/python3.12/site-packages/airflow/example_dags/example_python_decorator.py
[2026-04-01T13:18:36.340+0000] {processor.py:830} INFO - Processing file /home/airflow/.local/lib/python3.12/site-packages/airflow/example_dags/example_python_decorator.py for tasks to queue
[2026-04-01T13:18:36.341+0000] {logging_mixin.py:188} INFO - [2026-04-01T13:18:36.341+0000] {dagbag.py:545} INFO - Filling up the DagBag from /home/airflow/.local/lib/python3.12/site-packages/airflow/example_dags/example_python_decorator.py
[2026-04-01T13:18:36.351+0000] {processor.py:840} INFO - DAG(s) 'example_python_decorator' retrieved from /home/airflow/.local/lib/python3.12/site-packages/airflow/example_dags/example_python_decorator.py
[2026-04-01T13:18:36.367+0000] {logging_mixin.py:188} INFO - [2026-04-01T13:18:36.366+0000] {dag.py:3096} INFO - Sync 1 DAGs
[2026-04-01T13:18:36.375+0000] {logging_mixin.py:188} INFO - [2026-04-01T13:18:36.375+0000] {dag.py:3954} INFO - Setting next_dagrun for example_python_decorator to None, run_after=None
[2026-04-01T13:18:36.391+0000] {processor.py:183} INFO - Processing /home/airflow/.local/lib/python3.12/site-packages/airflow/example_dags/example_python_decorator.py took 0.061 seconds
[2026-04-01T13:19:06.836+0000] {processor.py:161} INFO - Started process (PID=2404) to work on /home/airflow/.local/lib/python3.12/site-packages/airflow/example_dags/example_python_decorator.py
[2026-04-01T13:19:06.836+0000] {processor.py:830} INFO - Processing file /home/airflow/.local/lib/python3.12/site-packages/airflow/example_dags/example_python_decorator.py for tasks to queue
[2026-04-01T13:19:06.838+0000] {logging_mixin.py:188} INFO - [2026-04-01T13:19:06.838+0000] {dagbag.py:545} INFO - Filling up the DagBag from /home/airflow/.local/lib/python3.12/site-packages/airflow/example_dags/example_python_decorator.py
[2026-04-01T13:19:06.848+0000] {processor.py:840} INFO - DAG(s) 'example_python_decorator' retrieved from /home/airflow/.local/lib/python3.12/site-packages/airflow/example_dags/example_python_decorator.py
[2026-04-01T13:19:06.879+0000] {logging_mixin.py:188} INFO - [2026-04-01T13:19:06.879+0000] {dag.py:3096} INFO - Sync 1 DAGs
[2026-04-01T13:19:06.892+0000] {logging_mixin.py:188} INFO - [2026-04-01T13:19:06.892+0000] {dag.py:3954} INFO - Setting next_dagrun for example_python_decorator to None, run_after=None
[2026-04-01T13:19:06.912+0000] {processor.py:183} INFO - Processing /home/airflow/.local/lib/python3.12/site-packages/airflow/example_dags/example_python_decorator.py took 0.081 seconds
[2026-04-01T13:19:37.124+0000] {processor.py:161} INFO - Started process (PID=2462) to work on /home/airflow/.local/lib/python3.12/site-packages/airflow/example_dags/example_python_decorator.py
[2026-04-01T13:19:37.124+0000] {processor.py:830} INFO - Processing file /home/airflow/.local/lib/python3.12/site-packages/airflow/example_dags/example_python_decorator.py for tasks to queue
[2026-04-01T13:19:37.126+0000] {logging_mixin.py:188} INFO - [2026-04-01T13:19:37.126+0000] {dagbag.py:545} INFO - Filling up the DagBag from /home/airflow/.local/lib/python3.12/site-packages/airflow/example_dags/example_python_decorator.py
[2026-04-01T13:19:37.135+0000] {processor.py:840} INFO - DAG(s) 'example_python_decorator' retrieved from /home/airflow/.local/lib/python3.12/site-packages/airflow/example_dags/example_python_decorator.py
[2026-04-01T13:19:37.151+0000] {logging_mixin.py:188} INFO - [2026-04-01T13:19:37.151+0000] {dag.py:3096} INFO - Sync 1 DAGs
[2026-04-01T13:19:37.160+0000] {logging_mixin.py:188} INFO - [2026-04-01T13:19:37.160+0000] {dag.py:3954} INFO - Setting next_dagrun for example_python_decorator to None, run_after=None
[2026-04-01T13:19:37.178+0000] {processor.py:183} INFO - Processing /home/airflow/.local/lib/python3.12/site-packages/airflow/example_dags/example_python_decorator.py took 0.059 seconds
[2026-04-01T13:20:07.617+0000] {processor.py:161} INFO - Started process (PID=2520) to work on /home/airflow/.local/lib/python3.12/site-packages/airflow/example_dags/example_python_decorator.py
[2026-04-01T13:20:07.618+0000] {processor.py:830} INFO - Processing file /home/airflow/.local/lib/python3.12/site-packages/airflow/example_dags/example_python_decorator.py for tasks to queue
[2026-04-01T13:20:07.620+0000] {logging_mixin.py:188} INFO - [2026-04-01T13:20:07.620+0000] {dagbag.py:545} INFO - Filling up the DagBag from /home/airflow/.local/lib/python3.12/site-packages/airflow/example_dags/example_python_decorator.py
[2026-04-01T13:20:07.631+0000] {processor.py:840} INFO - DAG(s) 'example_python_decorator' retrieved from /home/airflow/.local/lib/python3.12/site-packages/airflow/example_dags/example_python_decorator.py
[2026-04-01T13:20:07.650+0000] {logging_mixin.py:188} INFO - [2026-04-01T13:20:07.649+0000] {dag.py:3096} INFO - Sync 1 DAGs
[2026-04-01T13:20:07.661+0000] {logging_mixin.py:188} INFO - [2026-04-01T13:20:07.661+0000] {dag.py:3954} INFO - Setting next_dagrun for example_python_decorator to None, run_after=None
[2026-04-01T13:20:07.683+0000] {processor.py:183} INFO - Processing /home/airflow/.local/lib/python3.12/site-packages/airflow/example_dags/example_python_decorator.py took 0.072 seconds
[2026-04-01T13:20:38.066+0000] {processor.py:161} INFO - Started process (PID=2578) to work on /home/airflow/.local/lib/python3.12/site-packages/airflow/example_dags/example_python_decorator.py
[2026-04-01T13:20:38.067+0000] {processor.py:830} INFO - Processing file /home/airflow/.local/lib/python3.12/site-packages/airflow/example_dags/example_python_decorator.py for tasks to queue
[2026-04-01T13:20:38.068+0000] {logging_mixin.py:188} INFO - [2026-04-01T13:20:38.068+0000] {dagbag.py:545} INFO - Filling up the DagBag from /home/airflow/.local/lib/python3.12/site-packages/airflow/example_dags/example_python_decorator.py
[2026-04-01T13:20:38.079+0000] {processor.py:840} INFO - DAG(s) 'example_python_decorator' retrieved from /home/airflow/.local/lib/python3.12/site-packages/airflow/example_dags/example_python_decorator.py
[2026-04-01T13:20:38.099+0000] {logging_mixin.py:188} INFO - [2026-04-01T13:20:38.099+0000] {dag.py:3096} INFO - Sync 1 DAGs
[2026-04-01T13:20:38.109+0000] {logging_mixin.py:188} INFO - [2026-04-01T13:20:38.109+0000] {dag.py:3954} INFO - Setting next_dagrun for example_python_decorator to None, run_after=None
[2026-04-01T13:20:38.126+0000] {processor.py:183} INFO - Processing /home/airflow/.local/lib/python3.12/site-packages/airflow/example_dags/example_python_decorator.py took 0.066 seconds
[2026-04-01T13:21:08.518+0000] {processor.py:161} INFO - Started process (PID=2636) to work on /home/airflow/.local/lib/python3.12/site-packages/airflow/example_dags/example_python_decorator.py
[2026-04-01T13:21:08.519+0000] {processor.py:830} INFO - Processing file /home/airflow/.local/lib/python3.12/site-packages/airflow/example_dags/example_python_decorator.py for tasks to queue
[2026-04-01T13:21:08.520+0000] {logging_mixin.py:188} INFO - [2026-04-01T13:21:08.520+0000] {dagbag.py:545} INFO - Filling up the DagBag from /home/airflow/.local/lib/python3.12/site-packages/airflow/example_dags/example_python_decorator.py
[2026-04-01T13:21:08.530+0000] {processor.py:840} INFO - DAG(s) 'example_python_decorator' retrieved from /home/airflow/.local/lib/python3.12/site-packages/airflow/example_dags/example_python_decorator.py
[2026-04-01T13:21:08.546+0000] {logging_mixin.py:188} INFO - [2026-04-01T13:21:08.545+0000] {dag.py:3096} INFO - Sync 1 DAGs
[2026-04-01T13:21:08.555+0000] {logging_mixin.py:188} INFO - [2026-04-01T13:21:08.555+0000] {dag.py:3954} INFO - Setting next_dagrun for example_python_decorator to None, run_after=None
[2026-04-01T13:21:08.573+0000] {processor.py:183} INFO - Processing /home/airflow/.local/lib/python3.12/site-packages/airflow/example_dags/example_python_decorator.py took 0.060 seconds
[2026-04-01T13:21:39.085+0000] {processor.py:161} INFO - Started process (PID=2694) to work on /home/airflow/.local/lib/python3.12/site-packages/airflow/example_dags/example_python_decorator.py
[2026-04-01T13:21:39.086+0000] {processor.py:830} INFO - Processing file /home/airflow/.local/lib/python3.12/site-packages/airflow/example_dags/example_python_decorator.py for tasks to queue
[2026-04-01T13:21:39.088+0000] {logging_mixin.py:188} INFO - [2026-04-01T13:21:39.088+0000] {dagbag.py:545} INFO - Filling up the DagBag from /home/airflow/.local/lib/python3.12/site-packages/airflow/example_dags/example_python_decorator.py
[2026-04-01T13:21:39.100+0000] {processor.py:840} INFO - DAG(s) 'example_python_decorator' retrieved from /home/airflow/.local/lib/python3.12/site-packages/airflow/example_dags/example_python_decorator.py
[2026-04-01T13:21:39.120+0000] {logging_mixin.py:188} INFO - [2026-04-01T13:21:39.120+0000] {dag.py:3096} INFO - Sync 1 DAGs
[2026-04-01T13:21:39.132+0000] {logging_mixin.py:188} INFO - [2026-04-01T13:21:39.132+0000] {dag.py:3954} INFO - Setting next_dagrun for example_python_decorator to None, run_after=None
[2026-04-01T13:21:39.155+0000] {processor.py:183} INFO - Processing /home/airflow/.local/lib/python3.12/site-packages/airflow/example_dags/example_python_decorator.py took 0.075 seconds
[2026-04-01T13:22:09.579+0000] {processor.py:161} INFO - Started process (PID=2752) to work on /home/airflow/.local/lib/python3.12/site-packages/airflow/example_dags/example_python_decorator.py
[2026-04-01T13:22:09.580+0000] {processor.py:830} INFO - Processing file /home/airflow/.local/lib/python3.12/site-packages/airflow/example_dags/example_python_decorator.py for tasks to queue
[2026-04-01T13:22:09.582+0000] {logging_mixin.py:188} INFO - [2026-04-01T13:22:09.581+0000] {dagbag.py:545} INFO - Filling up the DagBag from /home/airflow/.local/lib/python3.12/site-packages/airflow/example_dags/example_python_decorator.py
[2026-04-01T13:22:09.591+0000] {processor.py:840} INFO - DAG(s) 'example_python_decorator' retrieved from /home/airflow/.local/lib/python3.12/site-packages/airflow/example_dags/example_python_decorator.py
[2026-04-01T13:22:09.607+0000] {logging_mixin.py:188} INFO - [2026-04-01T13:22:09.607+0000] {dag.py:3096} INFO - Sync 1 DAGs
[2026-04-01T13:22:09.618+0000] {logging_mixin.py:188} INFO - [2026-04-01T13:22:09.618+0000] {dag.py:3954} INFO - Setting next_dagrun for example_python_decorator to None, run_after=None
[2026-04-01T13:22:09.636+0000] {processor.py:183} INFO - Processing /home/airflow/.local/lib/python3.12/site-packages/airflow/example_dags/example_python_decorator.py took 0.062 seconds
[2026-04-01T13:22:40.214+0000] {processor.py:161} INFO - Started process (PID=2810) to work on /home/airflow/.local/lib/python3.12/site-packages/airflow/example_dags/example_python_decorator.py
[2026-04-01T13:22:40.215+0000] {processor.py:830} INFO - Processing file /home/airflow/.local/lib/python3.12/site-packages/airflow/example_dags/example_python_decorator.py for tasks to queue
[2026-04-01T13:22:40.216+0000] {logging_mixin.py:188} INFO - [2026-04-01T13:22:40.216+0000] {dagbag.py:545} INFO - Filling up the DagBag from /home/airflow/.local/lib/python3.12/site-packages/airflow/example_dags/example_python_decorator.py
[2026-04-01T13:22:40.226+0000] {processor.py:840} INFO - DAG(s) 'example_python_decorator' retrieved from /home/airflow/.local/lib/python3.12/site-packages/airflow/example_dags/example_python_decorator.py
[2026-04-01T13:22:40.243+0000] {logging_mixin.py:188} INFO - [2026-04-01T13:22:40.243+0000] {dag.py:3096} INFO - Sync 1 DAGs
[2026-04-01T13:22:40.253+0000] {logging_mixin.py:188} INFO - [2026-04-01T13:22:40.253+0000] {dag.py:3954} INFO - Setting next_dagrun for example_python_decorator to None, run_after=None
[2026-04-01T13:22:40.272+0000] {processor.py:183} INFO - Processing /home/airflow/.local/lib/python3.12/site-packages/airflow/example_dags/example_python_decorator.py took 0.063 seconds
[2026-04-01T13:23:10.631+0000] {processor.py:161} INFO - Started process (PID=2868) to work on /home/airflow/.local/lib/python3.12/site-packages/airflow/example_dags/example_python_decorator.py
[2026-04-01T13:23:10.631+0000] {processor.py:830} INFO - Processing file /home/airflow/.local/lib/python3.12/site-packages/airflow/example_dags/example_python_decorator.py for tasks to queue
[2026-04-01T13:23:10.633+0000] {logging_mixin.py:188} INFO - [2026-04-01T13:23:10.633+0000] {dagbag.py:545} INFO - Filling up the DagBag from /home/airflow/.local/lib/python3.12/site-packages/airflow/example_dags/example_python_decorator.py
[2026-04-01T13:23:10.642+0000] {processor.py:840} INFO - DAG(s) 'example_python_decorator' retrieved from /home/airflow/.local/lib/python3.12/site-packages/airflow/example_dags/example_python_decorator.py
[2026-04-01T13:23:10.657+0000] {logging_mixin.py:188} INFO - [2026-04-01T13:23:10.657+0000] {dag.py:3096} INFO - Sync 1 DAGs
[2026-04-01T13:23:10.667+0000] {logging_mixin.py:188} INFO - [2026-04-01T13:23:10.667+0000] {dag.py:3954} INFO - Setting next_dagrun for example_python_decorator to None, run_after=None
[2026-04-01T13:23:10.686+0000] {processor.py:183} INFO - Processing /home/airflow/.local/lib/python3.12/site-packages/airflow/example_dags/example_python_decorator.py took 0.060 seconds
[2026-04-01T13:23:41.195+0000] {processor.py:161} INFO - Started process (PID=2926) to work on /home/airflow/.local/lib/python3.12/site-packages/airflow/example_dags/example_python_decorator.py
[2026-04-01T13:23:41.196+0000] {processor.py:830} INFO - Processing file /home/airflow/.local/lib/python3.12/site-packages/airflow/example_dags/example_python_decorator.py for tasks to queue
[2026-04-01T13:23:41.197+0000] {logging_mixin.py:188} INFO - [2026-04-01T13:23:41.197+0000] {dagbag.py:545} INFO - Filling up the DagBag from /home/airflow/.local/lib/python3.12/site-packages/airflow/example_dags/example_python_decorator.py
[2026-04-01T13:23:41.208+0000] {processor.py:840} INFO - DAG(s) 'example_python_decorator' retrieved from /home/airflow/.local/lib/python3.12/site-packages/airflow/example_dags/example_python_decorator.py
[2026-04-01T13:23:41.224+0000] {logging_mixin.py:188} INFO - [2026-04-01T13:23:41.224+0000] {dag.py:3096} INFO - Sync 1 DAGs
[2026-04-01T13:23:41.235+0000] {logging_mixin.py:188} INFO - [2026-04-01T13:23:41.235+0000] {dag.py:3954} INFO - Setting next_dagrun for example_python_decorator to None, run_after=None
[2026-04-01T13:23:41.251+0000] {processor.py:183} INFO - Processing /home/airflow/.local/lib/python3.12/site-packages/airflow/example_dags/example_python_decorator.py took 0.061 seconds
[2026-04-01T13:24:11.633+0000] {processor.py:161} INFO - Started process (PID=2985) to work on /home/airflow/.local/lib/python3.12/site-packages/airflow/example_dags/example_python_decorator.py
[2026-04-01T13:24:11.633+0000] {processor.py:830} INFO - Processing file /home/airflow/.local/lib/python3.12/site-packages/airflow/example_dags/example_python_decorator.py for tasks to queue
[2026-04-01T13:24:11.635+0000] {logging_mixin.py:188} INFO - [2026-04-01T13:24:11.634+0000] {dagbag.py:545} INFO - Filling up the DagBag from /home/airflow/.local/lib/python3.12/site-packages/airflow/example_dags/example_python_decorator.py
[2026-04-01T13:24:11.644+0000] {processor.py:840} INFO - DAG(s) 'example_python_decorator' retrieved from /home/airflow/.local/lib/python3.12/site-packages/airflow/example_dags/example_python_decorator.py
[2026-04-01T13:24:11.662+0000] {logging_mixin.py:188} INFO - [2026-04-01T13:24:11.662+0000] {dag.py:3096} INFO - Sync 1 DAGs
[2026-04-01T13:24:11.672+0000] {logging_mixin.py:188} INFO - [2026-04-01T13:24:11.672+0000] {dag.py:3954} INFO - Setting next_dagrun for example_python_decorator to None, run_after=None
[2026-04-01T13:24:11.690+0000] {processor.py:183} INFO - Processing /home/airflow/.local/lib/python3.12/site-packages/airflow/example_dags/example_python_decorator.py took 0.063 seconds
[2026-04-01T13:24:42.115+0000] {processor.py:161} INFO - Started process (PID=3043) to work on /home/airflow/.local/lib/python3.12/site-packages/airflow/example_dags/example_python_decorator.py
[2026-04-01T13:24:42.116+0000] {processor.py:830} INFO - Processing file /home/airflow/.local/lib/python3.12/site-packages/airflow/example_dags/example_python_decorator.py for tasks to queue
[2026-04-01T13:24:42.117+0000] {logging_mixin.py:188} INFO - [2026-04-01T13:24:42.117+0000] {dagbag.py:545} INFO - Filling up the DagBag from /home/airflow/.local/lib/python3.12/site-packages/airflow/example_dags/example_python_decorator.py
[2026-04-01T13:24:42.127+0000] {processor.py:840} INFO - DAG(s) 'example_python_decorator' retrieved from /home/airflow/.local/lib/python3.12/site-packages/airflow/example_dags/example_python_decorator.py
[2026-04-01T13:24:42.144+0000] {logging_mixin.py:188} INFO - [2026-04-01T13:24:42.144+0000] {dag.py:3096} INFO - Sync 1 DAGs
[2026-04-01T13:24:42.154+0000] {logging_mixin.py:188} INFO - [2026-04-01T13:24:42.154+0000] {dag.py:3954} INFO - Setting next_dagrun for example_python_decorator to None, run_after=None
[2026-04-01T13:24:42.173+0000] {processor.py:183} INFO - Processing /home/airflow/.local/lib/python3.12/site-packages/airflow/example_dags/example_python_decorator.py took 0.063 seconds
[2026-04-01T13:25:12.624+0000] {processor.py:161} INFO - Started process (PID=3102) to work on /home/airflow/.local/lib/python3.12/site-packages/airflow/example_dags/example_python_decorator.py
[2026-04-01T13:25:12.625+0000] {processor.py:830} INFO - Processing file /home/airflow/.local/lib/python3.12/site-packages/airflow/example_dags/example_python_decorator.py for tasks to queue
[2026-04-01T13:25:12.626+0000] {logging_mixin.py:188} INFO - [2026-04-01T13:25:12.626+0000] {dagbag.py:545} INFO - Filling up the DagBag from /home/airflow/.local/lib/python3.12/site-packages/airflow/example_dags/example_python_decorator.py
[2026-04-01T13:25:12.636+0000] {processor.py:840} INFO - DAG(s) 'example_python_decorator' retrieved from /home/airflow/.local/lib/python3.12/site-packages/airflow/example_dags/example_python_decorator.py
[2026-04-01T13:25:12.651+0000] {logging_mixin.py:188} INFO - [2026-04-01T13:25:12.651+0000] {dag.py:3096} INFO - Sync 1 DAGs
[2026-04-01T13:25:12.662+0000] {logging_mixin.py:188} INFO - [2026-04-01T13:25:12.662+0000] {dag.py:3954} INFO - Setting next_dagrun for example_python_decorator to None, run_after=None
[2026-04-01T13:25:12.680+0000] {processor.py:183} INFO - Processing /home/airflow/.local/lib/python3.12/site-packages/airflow/example_dags/example_python_decorator.py took 0.060 seconds
[2026-04-01T13:25:43.012+0000] {processor.py:161} INFO - Started process (PID=3161) to work on /home/airflow/.local/lib/python3.12/site-packages/airflow/example_dags/example_python_decorator.py
[2026-04-01T13:25:43.013+0000] {processor.py:830} INFO - Processing file /home/airflow/.local/lib/python3.12/site-packages/airflow/example_dags/example_python_decorator.py for tasks to queue
[2026-04-01T13:25:43.015+0000] {logging_mixin.py:188} INFO - [2026-04-01T13:25:43.014+0000] {dagbag.py:545} INFO - Filling up the DagBag from /home/airflow/.local/lib/python3.12/site-packages/airflow/example_dags/example_python_decorator.py
[2026-04-01T13:25:43.024+0000] {processor.py:840} INFO - DAG(s) 'example_python_decorator' retrieved from /home/airflow/.local/lib/python3.12/site-packages/airflow/example_dags/example_python_decorator.py
[2026-04-01T13:25:43.040+0000] {logging_mixin.py:188} INFO - [2026-04-01T13:25:43.040+0000] {dag.py:3096} INFO - Sync 1 DAGs
[2026-04-01T13:25:43.049+0000] {logging_mixin.py:188} INFO - [2026-04-01T13:25:43.049+0000] {dag.py:3954} INFO - Setting next_dagrun for example_python_decorator to None, run_after=None
[2026-04-01T13:25:43.065+0000] {processor.py:183} INFO - Processing /home/airflow/.local/lib/python3.12/site-packages/airflow/example_dags/example_python_decorator.py took 0.058 seconds
[2026-04-01T13:26:13.341+0000] {processor.py:161} INFO - Started process (PID=3220) to work on /home/airflow/.local/lib/python3.12/site-packages/airflow/example_dags/example_python_decorator.py
[2026-04-01T13:26:13.342+0000] {processor.py:830} INFO - Processing file /home/airflow/.local/lib/python3.12/site-packages/airflow/example_dags/example_python_decorator.py for tasks to queue
[2026-04-01T13:26:13.343+0000] {logging_mixin.py:188} INFO - [2026-04-01T13:26:13.343+0000] {dagbag.py:545} INFO - Filling up the DagBag from /home/airflow/.local/lib/python3.12/site-packages/airflow/example_dags/example_python_decorator.py
[2026-04-01T13:26:13.354+0000] {processor.py:840} INFO - DAG(s) 'example_python_decorator' retrieved from /home/airflow/.local/lib/python3.12/site-packages/airflow/example_dags/example_python_decorator.py
[2026-04-01T13:26:13.372+0000] {logging_mixin.py:188} INFO - [2026-04-01T13:26:13.372+0000] {dag.py:3096} INFO - Sync 1 DAGs
[2026-04-01T13:26:13.382+0000] {logging_mixin.py:188} INFO - [2026-04-01T13:26:13.382+0000] {dag.py:3954} INFO - Setting next_dagrun for example_python_decorator to None, run_after=None
[2026-04-01T13:26:13.403+0000] {processor.py:183} INFO - Processing /home/airflow/.local/lib/python3.12/site-packages/airflow/example_dags/example_python_decorator.py took 0.066 seconds
[2026-04-01T13:26:43.738+0000] {processor.py:161} INFO - Started process (PID=3279) to work on /home/airflow/.local/lib/python3.12/site-packages/airflow/example_dags/example_python_decorator.py
[2026-04-01T13:26:43.738+0000] {processor.py:830} INFO - Processing file /home/airflow/.local/lib/python3.12/site-packages/airflow/example_dags/example_python_decorator.py for tasks to queue
[2026-04-01T13:26:43.740+0000] {logging_mixin.py:188} INFO - [2026-04-01T13:26:43.740+0000] {dagbag.py:545} INFO - Filling up the DagBag from /home/airflow/.local/lib/python3.12/site-packages/airflow/example_dags/example_python_decorator.py
[2026-04-01T13:26:43.750+0000] {processor.py:840} INFO - DAG(s) 'example_python_decorator' retrieved from /home/airflow/.local/lib/python3.12/site-packages/airflow/example_dags/example_python_decorator.py
[2026-04-01T13:26:43.771+0000] {logging_mixin.py:188} INFO - [2026-04-01T13:26:43.771+0000] {dag.py:3096} INFO - Sync 1 DAGs
[2026-04-01T13:26:43.782+0000] {logging_mixin.py:188} INFO - [2026-04-01T13:26:43.781+0000] {dag.py:3954} INFO - Setting next_dagrun for example_python_decorator to None, run_after=None
[2026-04-01T13:26:43.800+0000] {processor.py:183} INFO - Processing /home/airflow/.local/lib/python3.12/site-packages/airflow/example_dags/example_python_decorator.py took 0.067 seconds
[2026-04-01T13:27:14.249+0000] {processor.py:161} INFO - Started process (PID=3338) to work on /home/airflow/.local/lib/python3.12/site-packages/airflow/example_dags/example_python_decorator.py
[2026-04-01T13:27:14.250+0000] {processor.py:830} INFO - Processing file /home/airflow/.local/lib/python3.12/site-packages/airflow/example_dags/example_python_decorator.py for tasks to queue
[2026-04-01T13:27:14.252+0000] {logging_mixin.py:188} INFO - [2026-04-01T13:27:14.251+0000] {dagbag.py:545} INFO - Filling up the DagBag from /home/airflow/.local/lib/python3.12/site-packages/airflow/example_dags/example_python_decorator.py
[2026-04-01T13:27:14.260+0000] {processor.py:840} INFO - DAG(s) 'example_python_decorator' retrieved from /home/airflow/.local/lib/python3.12/site-packages/airflow/example_dags/example_python_decorator.py
[2026-04-01T13:27:14.277+0000] {logging_mixin.py:188} INFO - [2026-04-01T13:27:14.276+0000] {dag.py:3096} INFO - Sync 1 DAGs
[2026-04-01T13:27:14.286+0000] {logging_mixin.py:188} INFO - [2026-04-01T13:27:14.286+0000] {dag.py:3954} INFO - Setting next_dagrun for example_python_decorator to None, run_after=None
[2026-04-01T13:27:14.302+0000] {processor.py:183} INFO - Processing /home/airflow/.local/lib/python3.12/site-packages/airflow/example_dags/example_python_decorator.py took 0.058 seconds
[2026-04-01T13:27:45.125+0000] {processor.py:161} INFO - Started process (PID=3398) to work on /home/airflow/.local/lib/python3.12/site-packages/airflow/example_dags/example_python_decorator.py
[2026-04-01T13:27:45.126+0000] {processor.py:830} INFO - Processing file /home/airflow/.local/lib/python3.12/site-packages/airflow/example_dags/example_python_decorator.py for tasks to queue
[2026-04-01T13:27:45.127+0000] {logging_mixin.py:188} INFO - [2026-04-01T13:27:45.127+0000] {dagbag.py:545} INFO - Filling up the DagBag from /home/airflow/.local/lib/python3.12/site-packages/airflow/example_dags/example_python_decorator.py
[2026-04-01T13:27:45.138+0000] {processor.py:840} INFO - DAG(s) 'example_python_decorator' retrieved from /home/airflow/.local/lib/python3.12/site-packages/airflow/example_dags/example_python_decorator.py
[2026-04-01T13:27:45.155+0000] {logging_mixin.py:188} INFO - [2026-04-01T13:27:45.155+0000] {dag.py:3096} INFO - Sync 1 DAGs
[2026-04-01T13:27:45.165+0000] {logging_mixin.py:188} INFO - [2026-04-01T13:27:45.165+0000] {dag.py:3954} INFO - Setting next_dagrun for example_python_decorator to None, run_after=None
[2026-04-01T13:27:45.182+0000] {processor.py:183} INFO - Processing /home/airflow/.local/lib/python3.12/site-packages/airflow/example_dags/example_python_decorator.py took 0.062 seconds
[2026-04-01T13:28:15.433+0000] {processor.py:161} INFO - Started process (PID=3457) to work on /home/airflow/.local/lib/python3.12/site-packages/airflow/example_dags/example_python_decorator.py
[2026-04-01T13:28:15.433+0000] {processor.py:830} INFO - Processing file /home/airflow/.local/lib/python3.12/site-packages/airflow/example_dags/example_python_decorator.py for tasks to queue
[2026-04-01T13:28:15.435+0000] {logging_mixin.py:188} INFO - [2026-04-01T13:28:15.435+0000] {dagbag.py:545} INFO - Filling up the DagBag from /home/airflow/.local/lib/python3.12/site-packages/airflow/example_dags/example_python_decorator.py
[2026-04-01T13:28:15.444+0000] {processor.py:840} INFO - DAG(s) 'example_python_decorator' retrieved from /home/airflow/.local/lib/python3.12/site-packages/airflow/example_dags/example_python_decorator.py
[2026-04-01T13:28:15.463+0000] {logging_mixin.py:188} INFO - [2026-04-01T13:28:15.463+0000] {dag.py:3096} INFO - Sync 1 DAGs
[2026-04-01T13:28:15.475+0000] {logging_mixin.py:188} INFO - [2026-04-01T13:28:15.475+0000] {dag.py:3954} INFO - Setting next_dagrun for example_python_decorator to None, run_after=None
[2026-04-01T13:28:15.495+0000] {processor.py:183} INFO - Processing /home/airflow/.local/lib/python3.12/site-packages/airflow/example_dags/example_python_decorator.py took 0.067 seconds
[2026-04-01T13:28:45.868+0000] {processor.py:161} INFO - Started process (PID=3516) to work on /home/airflow/.local/lib/python3.12/site-packages/airflow/example_dags/example_python_decorator.py
[2026-04-01T13:28:45.868+0000] {processor.py:830} INFO - Processing file /home/airflow/.local/lib/python3.12/site-packages/airflow/example_dags/example_python_decorator.py for tasks to queue
[2026-04-01T13:28:45.870+0000] {logging_mixin.py:188} INFO - [2026-04-01T13:28:45.870+0000] {dagbag.py:545} INFO - Filling up the DagBag from /home/airflow/.local/lib/python3.12/site-packages/airflow/example_dags/example_python_decorator.py
[2026-04-01T13:28:45.881+0000] {processor.py:840} INFO - DAG(s) 'example_python_decorator' retrieved from /home/airflow/.local/lib/python3.12/site-packages/airflow/example_dags/example_python_decorator.py
[2026-04-01T13:28:45.901+0000] {logging_mixin.py:188} INFO - [2026-04-01T13:28:45.901+0000] {dag.py:3096} INFO - Sync 1 DAGs
[2026-04-01T13:28:45.913+0000] {logging_mixin.py:188} INFO - [2026-04-01T13:28:45.913+0000] {dag.py:3954} INFO - Setting next_dagrun for example_python_decorator to None, run_after=None
[2026-04-01T13:28:45.929+0000] {processor.py:183} INFO - Processing /home/airflow/.local/lib/python3.12/site-packages/airflow/example_dags/example_python_decorator.py took 0.067 seconds
[2026-04-01T13:29:16.288+0000] {processor.py:161} INFO - Started process (PID=3575) to work on /home/airflow/.local/lib/python3.12/site-packages/airflow/example_dags/example_python_decorator.py
[2026-04-01T13:29:16.289+0000] {processor.py:830} INFO - Processing file /home/airflow/.local/lib/python3.12/site-packages/airflow/example_dags/example_python_decorator.py for tasks to queue
[2026-04-01T13:29:16.290+0000] {logging_mixin.py:188} INFO - [2026-04-01T13:29:16.290+0000] {dagbag.py:545} INFO - Filling up the DagBag from /home/airflow/.local/lib/python3.12/site-packages/airflow/example_dags/example_python_decorator.py
[2026-04-01T13:29:16.302+0000] {processor.py:840} INFO - DAG(s) 'example_python_decorator' retrieved from /home/airflow/.local/lib/python3.12/site-packages/airflow/example_dags/example_python_decorator.py
[2026-04-01T13:29:16.320+0000] {logging_mixin.py:188} INFO - [2026-04-01T13:29:16.320+0000] {dag.py:3096} INFO - Sync 1 DAGs
[2026-04-01T13:29:16.329+0000] {logging_mixin.py:188} INFO - [2026-04-01T13:29:16.329+0000] {dag.py:3954} INFO - Setting next_dagrun for example_python_decorator to None, run_after=None
[2026-04-01T13:29:16.345+0000] {processor.py:183} INFO - Processing /home/airflow/.local/lib/python3.12/site-packages/airflow/example_dags/example_python_decorator.py took 0.061 seconds
[2026-04-01T13:29:46.659+0000] {processor.py:161} INFO - Started process (PID=3634) to work on /home/airflow/.local/lib/python3.12/site-packages/airflow/example_dags/example_python_decorator.py
[2026-04-01T13:29:46.660+0000] {processor.py:830} INFO - Processing file /home/airflow/.local/lib/python3.12/site-packages/airflow/example_dags/example_python_decorator.py for tasks to queue
[2026-04-01T13:29:46.662+0000] {logging_mixin.py:188} INFO - [2026-04-01T13:29:46.662+0000] {dagbag.py:545} INFO - Filling up the DagBag from /home/airflow/.local/lib/python3.12/site-packages/airflow/example_dags/example_python_decorator.py
[2026-04-01T13:29:46.672+0000] {processor.py:840} INFO - DAG(s) 'example_python_decorator' retrieved from /home/airflow/.local/lib/python3.12/site-packages/airflow/example_dags/example_python_decorator.py
[2026-04-01T13:29:46.687+0000] {logging_mixin.py:188} INFO - [2026-04-01T13:29:46.687+0000] {dag.py:3096} INFO - Sync 1 DAGs
[2026-04-01T13:29:46.696+0000] {logging_mixin.py:188} INFO - [2026-04-01T13:29:46.696+0000] {dag.py:3954} INFO - Setting next_dagrun for example_python_decorator to None, run_after=None
[2026-04-01T13:29:46.714+0000] {processor.py:183} INFO - Processing /home/airflow/.local/lib/python3.12/site-packages/airflow/example_dags/example_python_decorator.py took 0.060 seconds
[2026-04-01T13:30:16.912+0000] {processor.py:161} INFO - Started process (PID=3693) to work on /home/airflow/.local/lib/python3.12/site-packages/airflow/example_dags/example_python_decorator.py
[2026-04-01T13:30:16.913+0000] {processor.py:830} INFO - Processing file /home/airflow/.local/lib/python3.12/site-packages/airflow/example_dags/example_python_decorator.py for tasks to queue
[2026-04-01T13:30:16.915+0000] {logging_mixin.py:188} INFO - [2026-04-01T13:30:16.915+0000] {dagbag.py:545} INFO - Filling up the DagBag from /home/airflow/.local/lib/python3.12/site-packages/airflow/example_dags/example_python_decorator.py
[2026-04-01T13:30:16.925+0000] {processor.py:840} INFO - DAG(s) 'example_python_decorator' retrieved from /home/airflow/.local/lib/python3.12/site-packages/airflow/example_dags/example_python_decorator.py
[2026-04-01T13:30:16.941+0000] {logging_mixin.py:188} INFO - [2026-04-01T13:30:16.941+0000] {dag.py:3096} INFO - Sync 1 DAGs
[2026-04-01T13:30:16.950+0000] {logging_mixin.py:188} INFO - [2026-04-01T13:30:16.950+0000] {dag.py:3954} INFO - Setting next_dagrun for example_python_decorator to None, run_after=None
[2026-04-01T13:30:16.966+0000] {processor.py:183} INFO - Processing /home/airflow/.local/lib/python3.12/site-packages/airflow/example_dags/example_python_decorator.py took 0.058 seconds
[2026-04-01T13:30:47.337+0000] {processor.py:161} INFO - Started process (PID=3752) to work on /home/airflow/.local/lib/python3.12/site-packages/airflow/example_dags/example_python_decorator.py
[2026-04-01T13:30:47.338+0000] {processor.py:830} INFO - Processing file /home/airflow/.local/lib/python3.12/site-packages/airflow/example_dags/example_python_decorator.py for tasks to queue
[2026-04-01T13:30:47.340+0000] {logging_mixin.py:188} INFO - [2026-04-01T13:30:47.340+0000] {dagbag.py:545} INFO - Filling up the DagBag from /home/airflow/.local/lib/python3.12/site-packages/airflow/example_dags/example_python_decorator.py
[2026-04-01T13:30:47.349+0000] {processor.py:840} INFO - DAG(s) 'example_python_decorator' retrieved from /home/airflow/.local/lib/python3.12/site-packages/airflow/example_dags/example_python_decorator.py
[2026-04-01T13:30:47.368+0000] {logging_mixin.py:188} INFO - [2026-04-01T13:30:47.368+0000] {dag.py:3096} INFO - Sync 1 DAGs
[2026-04-01T13:30:47.379+0000] {logging_mixin.py:188} INFO - [2026-04-01T13:30:47.379+0000] {dag.py:3954} INFO - Setting next_dagrun for example_python_decorator to None, run_after=None
[2026-04-01T13:30:47.393+0000] {processor.py:183} INFO - Processing /home/airflow/.local/lib/python3.12/site-packages/airflow/example_dags/example_python_decorator.py took 0.061 seconds
[2026-04-01T13:31:17.857+0000] {processor.py:161} INFO - Started process (PID=3811) to work on /home/airflow/.local/lib/python3.12/site-packages/airflow/example_dags/example_python_decorator.py
[2026-04-01T13:31:17.858+0000] {processor.py:830} INFO - Processing file /home/airflow/.local/lib/python3.12/site-packages/airflow/example_dags/example_python_decorator.py for tasks to queue
[2026-04-01T13:31:17.859+0000] {logging_mixin.py:188} INFO - [2026-04-01T13:31:17.859+0000] {dagbag.py:545} INFO - Filling up the DagBag from /home/airflow/.local/lib/python3.12/site-packages/airflow/example_dags/example_python_decorator.py
[2026-04-01T13:31:17.869+0000] {processor.py:840} INFO - DAG(s) 'example_python_decorator' retrieved from /home/airflow/.local/lib/python3.12/site-packages/airflow/example_dags/example_python_decorator.py
[2026-04-01T13:31:17.888+0000] {logging_mixin.py:188} INFO - [2026-04-01T13:31:17.888+0000] {dag.py:3096} INFO - Sync 1 DAGs
[2026-04-01T13:31:17.899+0000] {logging_mixin.py:188} INFO - [2026-04-01T13:31:17.899+0000] {dag.py:3954} INFO - Setting next_dagrun for example_python_decorator to None, run_after=None
[2026-04-01T13:31:17.914+0000] {processor.py:183} INFO - Processing /home/airflow/.local/lib/python3.12/site-packages/airflow/example_dags/example_python_decorator.py took 0.062 seconds
