[2026-04-01T12:58:49.526+0000] {processor.py:161} INFO - Started process (PID=49) to work on /home/airflow/.local/lib/python3.12/site-packages/airflow/example_dags/example_nested_branch_dag.py
[2026-04-01T12:58:49.527+0000] {processor.py:830} INFO - Processing file /home/airflow/.local/lib/python3.12/site-packages/airflow/example_dags/example_nested_branch_dag.py for tasks to queue
[2026-04-01T12:58:49.529+0000] {logging_mixin.py:188} INFO - [2026-04-01T12:58:49.529+0000] {dagbag.py:545} INFO - Filling up the DagBag from /home/airflow/.local/lib/python3.12/site-packages/airflow/example_dags/example_nested_branch_dag.py
[2026-04-01T12:58:49.540+0000] {processor.py:840} INFO - DAG(s) 'example_nested_branch_dag' retrieved from /home/airflow/.local/lib/python3.12/site-packages/airflow/example_dags/example_nested_branch_dag.py
[2026-04-01T12:58:49.554+0000] {logging_mixin.py:188} INFO - [2026-04-01T12:58:49.554+0000] {dag.py:3096} INFO - Sync 1 DAGs
[2026-04-01T12:58:49.584+0000] {logging_mixin.py:188} INFO - [2026-04-01T12:58:49.584+0000] {dag.py:3954} INFO - Setting next_dagrun for example_nested_branch_dag to 2026-03-31 00:00:00+00:00, run_after=2026-04-01 00:00:00+00:00
[2026-04-01T12:58:49.618+0000] {processor.py:183} INFO - Processing /home/airflow/.local/lib/python3.12/site-packages/airflow/example_dags/example_nested_branch_dag.py took 0.097 seconds
[2026-04-01T12:59:19.936+0000] {processor.py:161} INFO - Started process (PID=113) to work on /home/airflow/.local/lib/python3.12/site-packages/airflow/example_dags/example_nested_branch_dag.py
[2026-04-01T12:59:19.937+0000] {processor.py:830} INFO - Processing file /home/airflow/.local/lib/python3.12/site-packages/airflow/example_dags/example_nested_branch_dag.py for tasks to queue
[2026-04-01T12:59:19.939+0000] {logging_mixin.py:188} INFO - [2026-04-01T12:59:19.939+0000] {dagbag.py:545} INFO - Filling up the DagBag from /home/airflow/.local/lib/python3.12/site-packages/airflow/example_dags/example_nested_branch_dag.py
[2026-04-01T12:59:19.946+0000] {processor.py:840} INFO - DAG(s) 'example_nested_branch_dag' retrieved from /home/airflow/.local/lib/python3.12/site-packages/airflow/example_dags/example_nested_branch_dag.py
[2026-04-01T12:59:20.019+0000] {logging_mixin.py:188} INFO - [2026-04-01T12:59:20.019+0000] {dag.py:3096} INFO - Sync 1 DAGs
[2026-04-01T12:59:20.037+0000] {logging_mixin.py:188} INFO - [2026-04-01T12:59:20.037+0000] {dag.py:3954} INFO - Setting next_dagrun for example_nested_branch_dag to 2026-03-31 00:00:00+00:00, run_after=2026-04-01 00:00:00+00:00
[2026-04-01T12:59:20.056+0000] {processor.py:183} INFO - Processing /home/airflow/.local/lib/python3.12/site-packages/airflow/example_dags/example_nested_branch_dag.py took 0.123 seconds
[2026-04-01T12:59:50.964+0000] {processor.py:161} INFO - Started process (PID=171) to work on /home/airflow/.local/lib/python3.12/site-packages/airflow/example_dags/example_nested_branch_dag.py
[2026-04-01T12:59:50.965+0000] {processor.py:830} INFO - Processing file /home/airflow/.local/lib/python3.12/site-packages/airflow/example_dags/example_nested_branch_dag.py for tasks to queue
[2026-04-01T12:59:50.966+0000] {logging_mixin.py:188} INFO - [2026-04-01T12:59:50.966+0000] {dagbag.py:545} INFO - Filling up the DagBag from /home/airflow/.local/lib/python3.12/site-packages/airflow/example_dags/example_nested_branch_dag.py
[2026-04-01T12:59:50.974+0000] {processor.py:840} INFO - DAG(s) 'example_nested_branch_dag' retrieved from /home/airflow/.local/lib/python3.12/site-packages/airflow/example_dags/example_nested_branch_dag.py
[2026-04-01T12:59:50.993+0000] {logging_mixin.py:188} INFO - [2026-04-01T12:59:50.992+0000] {dag.py:3096} INFO - Sync 1 DAGs
[2026-04-01T12:59:51.014+0000] {logging_mixin.py:188} INFO - [2026-04-01T12:59:51.014+0000] {dag.py:3954} INFO - Setting next_dagrun for example_nested_branch_dag to 2026-03-31 00:00:00+00:00, run_after=2026-04-01 00:00:00+00:00
[2026-04-01T12:59:51.032+0000] {processor.py:183} INFO - Processing /home/airflow/.local/lib/python3.12/site-packages/airflow/example_dags/example_nested_branch_dag.py took 0.072 seconds
[2026-04-01T13:00:21.448+0000] {processor.py:161} INFO - Started process (PID=229) to work on /home/airflow/.local/lib/python3.12/site-packages/airflow/example_dags/example_nested_branch_dag.py
[2026-04-01T13:00:21.449+0000] {processor.py:830} INFO - Processing file /home/airflow/.local/lib/python3.12/site-packages/airflow/example_dags/example_nested_branch_dag.py for tasks to queue
[2026-04-01T13:00:21.450+0000] {logging_mixin.py:188} INFO - [2026-04-01T13:00:21.450+0000] {dagbag.py:545} INFO - Filling up the DagBag from /home/airflow/.local/lib/python3.12/site-packages/airflow/example_dags/example_nested_branch_dag.py
[2026-04-01T13:00:21.459+0000] {processor.py:840} INFO - DAG(s) 'example_nested_branch_dag' retrieved from /home/airflow/.local/lib/python3.12/site-packages/airflow/example_dags/example_nested_branch_dag.py
[2026-04-01T13:00:21.476+0000] {logging_mixin.py:188} INFO - [2026-04-01T13:00:21.476+0000] {dag.py:3096} INFO - Sync 1 DAGs
[2026-04-01T13:00:21.496+0000] {logging_mixin.py:188} INFO - [2026-04-01T13:00:21.496+0000] {dag.py:3954} INFO - Setting next_dagrun for example_nested_branch_dag to 2026-03-31 00:00:00+00:00, run_after=2026-04-01 00:00:00+00:00
[2026-04-01T13:00:21.514+0000] {processor.py:183} INFO - Processing /home/airflow/.local/lib/python3.12/site-packages/airflow/example_dags/example_nested_branch_dag.py took 0.072 seconds
[2026-04-01T13:00:51.610+0000] {processor.py:161} INFO - Started process (PID=287) to work on /home/airflow/.local/lib/python3.12/site-packages/airflow/example_dags/example_nested_branch_dag.py
[2026-04-01T13:00:51.611+0000] {processor.py:830} INFO - Processing file /home/airflow/.local/lib/python3.12/site-packages/airflow/example_dags/example_nested_branch_dag.py for tasks to queue
[2026-04-01T13:00:51.612+0000] {logging_mixin.py:188} INFO - [2026-04-01T13:00:51.612+0000] {dagbag.py:545} INFO - Filling up the DagBag from /home/airflow/.local/lib/python3.12/site-packages/airflow/example_dags/example_nested_branch_dag.py
[2026-04-01T13:00:51.621+0000] {processor.py:840} INFO - DAG(s) 'example_nested_branch_dag' retrieved from /home/airflow/.local/lib/python3.12/site-packages/airflow/example_dags/example_nested_branch_dag.py
[2026-04-01T13:00:51.639+0000] {logging_mixin.py:188} INFO - [2026-04-01T13:00:51.638+0000] {dag.py:3096} INFO - Sync 1 DAGs
[2026-04-01T13:00:51.655+0000] {logging_mixin.py:188} INFO - [2026-04-01T13:00:51.655+0000] {dag.py:3954} INFO - Setting next_dagrun for example_nested_branch_dag to 2026-03-31 00:00:00+00:00, run_after=2026-04-01 00:00:00+00:00
[2026-04-01T13:00:51.671+0000] {processor.py:183} INFO - Processing /home/airflow/.local/lib/python3.12/site-packages/airflow/example_dags/example_nested_branch_dag.py took 0.065 seconds
[2026-04-01T13:01:21.889+0000] {processor.py:161} INFO - Started process (PID=345) to work on /home/airflow/.local/lib/python3.12/site-packages/airflow/example_dags/example_nested_branch_dag.py
[2026-04-01T13:01:21.890+0000] {processor.py:830} INFO - Processing file /home/airflow/.local/lib/python3.12/site-packages/airflow/example_dags/example_nested_branch_dag.py for tasks to queue
[2026-04-01T13:01:21.891+0000] {logging_mixin.py:188} INFO - [2026-04-01T13:01:21.891+0000] {dagbag.py:545} INFO - Filling up the DagBag from /home/airflow/.local/lib/python3.12/site-packages/airflow/example_dags/example_nested_branch_dag.py
[2026-04-01T13:01:21.898+0000] {processor.py:840} INFO - DAG(s) 'example_nested_branch_dag' retrieved from /home/airflow/.local/lib/python3.12/site-packages/airflow/example_dags/example_nested_branch_dag.py
[2026-04-01T13:01:21.915+0000] {logging_mixin.py:188} INFO - [2026-04-01T13:01:21.915+0000] {dag.py:3096} INFO - Sync 1 DAGs
[2026-04-01T13:01:21.934+0000] {logging_mixin.py:188} INFO - [2026-04-01T13:01:21.934+0000] {dag.py:3954} INFO - Setting next_dagrun for example_nested_branch_dag to 2026-03-31 00:00:00+00:00, run_after=2026-04-01 00:00:00+00:00
[2026-04-01T13:01:21.952+0000] {processor.py:183} INFO - Processing /home/airflow/.local/lib/python3.12/site-packages/airflow/example_dags/example_nested_branch_dag.py took 0.067 seconds
[2026-04-01T13:01:52.079+0000] {processor.py:161} INFO - Started process (PID=403) to work on /home/airflow/.local/lib/python3.12/site-packages/airflow/example_dags/example_nested_branch_dag.py
[2026-04-01T13:01:52.080+0000] {processor.py:830} INFO - Processing file /home/airflow/.local/lib/python3.12/site-packages/airflow/example_dags/example_nested_branch_dag.py for tasks to queue
[2026-04-01T13:01:52.082+0000] {logging_mixin.py:188} INFO - [2026-04-01T13:01:52.081+0000] {dagbag.py:545} INFO - Filling up the DagBag from /home/airflow/.local/lib/python3.12/site-packages/airflow/example_dags/example_nested_branch_dag.py
[2026-04-01T13:01:52.091+0000] {processor.py:840} INFO - DAG(s) 'example_nested_branch_dag' retrieved from /home/airflow/.local/lib/python3.12/site-packages/airflow/example_dags/example_nested_branch_dag.py
[2026-04-01T13:01:52.109+0000] {logging_mixin.py:188} INFO - [2026-04-01T13:01:52.109+0000] {dag.py:3096} INFO - Sync 1 DAGs
[2026-04-01T13:01:52.127+0000] {logging_mixin.py:188} INFO - [2026-04-01T13:01:52.127+0000] {dag.py:3954} INFO - Setting next_dagrun for example_nested_branch_dag to 2026-03-31 00:00:00+00:00, run_after=2026-04-01 00:00:00+00:00
[2026-04-01T13:01:52.145+0000] {processor.py:183} INFO - Processing /home/airflow/.local/lib/python3.12/site-packages/airflow/example_dags/example_nested_branch_dag.py took 0.071 seconds
[2026-04-01T13:02:22.236+0000] {processor.py:161} INFO - Started process (PID=461) to work on /home/airflow/.local/lib/python3.12/site-packages/airflow/example_dags/example_nested_branch_dag.py
[2026-04-01T13:02:22.237+0000] {processor.py:830} INFO - Processing file /home/airflow/.local/lib/python3.12/site-packages/airflow/example_dags/example_nested_branch_dag.py for tasks to queue
[2026-04-01T13:02:22.239+0000] {logging_mixin.py:188} INFO - [2026-04-01T13:02:22.238+0000] {dagbag.py:545} INFO - Filling up the DagBag from /home/airflow/.local/lib/python3.12/site-packages/airflow/example_dags/example_nested_branch_dag.py
[2026-04-01T13:02:22.245+0000] {processor.py:840} INFO - DAG(s) 'example_nested_branch_dag' retrieved from /home/airflow/.local/lib/python3.12/site-packages/airflow/example_dags/example_nested_branch_dag.py
[2026-04-01T13:02:22.265+0000] {logging_mixin.py:188} INFO - [2026-04-01T13:02:22.264+0000] {dag.py:3096} INFO - Sync 1 DAGs
[2026-04-01T13:02:22.284+0000] {logging_mixin.py:188} INFO - [2026-04-01T13:02:22.284+0000] {dag.py:3954} INFO - Setting next_dagrun for example_nested_branch_dag to 2026-03-31 00:00:00+00:00, run_after=2026-04-01 00:00:00+00:00
[2026-04-01T13:02:22.304+0000] {processor.py:183} INFO - Processing /home/airflow/.local/lib/python3.12/site-packages/airflow/example_dags/example_nested_branch_dag.py took 0.074 seconds
[2026-04-01T13:02:52.504+0000] {processor.py:161} INFO - Started process (PID=519) to work on /home/airflow/.local/lib/python3.12/site-packages/airflow/example_dags/example_nested_branch_dag.py
[2026-04-01T13:02:52.504+0000] {processor.py:830} INFO - Processing file /home/airflow/.local/lib/python3.12/site-packages/airflow/example_dags/example_nested_branch_dag.py for tasks to queue
[2026-04-01T13:02:52.506+0000] {logging_mixin.py:188} INFO - [2026-04-01T13:02:52.505+0000] {dagbag.py:545} INFO - Filling up the DagBag from /home/airflow/.local/lib/python3.12/site-packages/airflow/example_dags/example_nested_branch_dag.py
[2026-04-01T13:02:52.513+0000] {processor.py:840} INFO - DAG(s) 'example_nested_branch_dag' retrieved from /home/airflow/.local/lib/python3.12/site-packages/airflow/example_dags/example_nested_branch_dag.py
[2026-04-01T13:02:52.531+0000] {logging_mixin.py:188} INFO - [2026-04-01T13:02:52.531+0000] {dag.py:3096} INFO - Sync 1 DAGs
[2026-04-01T13:02:52.549+0000] {logging_mixin.py:188} INFO - [2026-04-01T13:02:52.549+0000] {dag.py:3954} INFO - Setting next_dagrun for example_nested_branch_dag to 2026-03-31 00:00:00+00:00, run_after=2026-04-01 00:00:00+00:00
[2026-04-01T13:02:52.567+0000] {processor.py:183} INFO - Processing /home/airflow/.local/lib/python3.12/site-packages/airflow/example_dags/example_nested_branch_dag.py took 0.068 seconds
[2026-04-01T13:03:22.652+0000] {processor.py:161} INFO - Started process (PID=577) to work on /home/airflow/.local/lib/python3.12/site-packages/airflow/example_dags/example_nested_branch_dag.py
[2026-04-01T13:03:22.653+0000] {processor.py:830} INFO - Processing file /home/airflow/.local/lib/python3.12/site-packages/airflow/example_dags/example_nested_branch_dag.py for tasks to queue
[2026-04-01T13:03:22.654+0000] {logging_mixin.py:188} INFO - [2026-04-01T13:03:22.654+0000] {dagbag.py:545} INFO - Filling up the DagBag from /home/airflow/.local/lib/python3.12/site-packages/airflow/example_dags/example_nested_branch_dag.py
[2026-04-01T13:03:22.662+0000] {processor.py:840} INFO - DAG(s) 'example_nested_branch_dag' retrieved from /home/airflow/.local/lib/python3.12/site-packages/airflow/example_dags/example_nested_branch_dag.py
[2026-04-01T13:03:22.679+0000] {logging_mixin.py:188} INFO - [2026-04-01T13:03:22.679+0000] {dag.py:3096} INFO - Sync 1 DAGs
[2026-04-01T13:03:22.696+0000] {logging_mixin.py:188} INFO - [2026-04-01T13:03:22.696+0000] {dag.py:3954} INFO - Setting next_dagrun for example_nested_branch_dag to 2026-03-31 00:00:00+00:00, run_after=2026-04-01 00:00:00+00:00
[2026-04-01T13:03:22.717+0000] {processor.py:183} INFO - Processing /home/airflow/.local/lib/python3.12/site-packages/airflow/example_dags/example_nested_branch_dag.py took 0.070 seconds
[2026-04-01T13:03:52.940+0000] {processor.py:161} INFO - Started process (PID=635) to work on /home/airflow/.local/lib/python3.12/site-packages/airflow/example_dags/example_nested_branch_dag.py
[2026-04-01T13:03:52.941+0000] {processor.py:830} INFO - Processing file /home/airflow/.local/lib/python3.12/site-packages/airflow/example_dags/example_nested_branch_dag.py for tasks to queue
[2026-04-01T13:03:52.942+0000] {logging_mixin.py:188} INFO - [2026-04-01T13:03:52.942+0000] {dagbag.py:545} INFO - Filling up the DagBag from /home/airflow/.local/lib/python3.12/site-packages/airflow/example_dags/example_nested_branch_dag.py
[2026-04-01T13:03:52.952+0000] {processor.py:840} INFO - DAG(s) 'example_nested_branch_dag' retrieved from /home/airflow/.local/lib/python3.12/site-packages/airflow/example_dags/example_nested_branch_dag.py
[2026-04-01T13:03:52.970+0000] {logging_mixin.py:188} INFO - [2026-04-01T13:03:52.969+0000] {dag.py:3096} INFO - Sync 1 DAGs
[2026-04-01T13:03:52.987+0000] {logging_mixin.py:188} INFO - [2026-04-01T13:03:52.987+0000] {dag.py:3954} INFO - Setting next_dagrun for example_nested_branch_dag to 2026-03-31 00:00:00+00:00, run_after=2026-04-01 00:00:00+00:00
[2026-04-01T13:03:53.006+0000] {processor.py:183} INFO - Processing /home/airflow/.local/lib/python3.12/site-packages/airflow/example_dags/example_nested_branch_dag.py took 0.072 seconds
[2026-04-01T13:04:23.197+0000] {processor.py:161} INFO - Started process (PID=693) to work on /home/airflow/.local/lib/python3.12/site-packages/airflow/example_dags/example_nested_branch_dag.py
[2026-04-01T13:04:23.199+0000] {processor.py:830} INFO - Processing file /home/airflow/.local/lib/python3.12/site-packages/airflow/example_dags/example_nested_branch_dag.py for tasks to queue
[2026-04-01T13:04:23.201+0000] {logging_mixin.py:188} INFO - [2026-04-01T13:04:23.200+0000] {dagbag.py:545} INFO - Filling up the DagBag from /home/airflow/.local/lib/python3.12/site-packages/airflow/example_dags/example_nested_branch_dag.py
[2026-04-01T13:04:23.211+0000] {processor.py:840} INFO - DAG(s) 'example_nested_branch_dag' retrieved from /home/airflow/.local/lib/python3.12/site-packages/airflow/example_dags/example_nested_branch_dag.py
[2026-04-01T13:04:23.230+0000] {logging_mixin.py:188} INFO - [2026-04-01T13:04:23.230+0000] {dag.py:3096} INFO - Sync 1 DAGs
[2026-04-01T13:04:23.249+0000] {logging_mixin.py:188} INFO - [2026-04-01T13:04:23.249+0000] {dag.py:3954} INFO - Setting next_dagrun for example_nested_branch_dag to 2026-03-31 00:00:00+00:00, run_after=2026-04-01 00:00:00+00:00
[2026-04-01T13:04:23.268+0000] {processor.py:183} INFO - Processing /home/airflow/.local/lib/python3.12/site-packages/airflow/example_dags/example_nested_branch_dag.py took 0.076 seconds
[2026-04-01T13:04:53.525+0000] {processor.py:161} INFO - Started process (PID=751) to work on /home/airflow/.local/lib/python3.12/site-packages/airflow/example_dags/example_nested_branch_dag.py
[2026-04-01T13:04:53.525+0000] {processor.py:830} INFO - Processing file /home/airflow/.local/lib/python3.12/site-packages/airflow/example_dags/example_nested_branch_dag.py for tasks to queue
[2026-04-01T13:04:53.527+0000] {logging_mixin.py:188} INFO - [2026-04-01T13:04:53.527+0000] {dagbag.py:545} INFO - Filling up the DagBag from /home/airflow/.local/lib/python3.12/site-packages/airflow/example_dags/example_nested_branch_dag.py
[2026-04-01T13:04:53.534+0000] {processor.py:840} INFO - DAG(s) 'example_nested_branch_dag' retrieved from /home/airflow/.local/lib/python3.12/site-packages/airflow/example_dags/example_nested_branch_dag.py
[2026-04-01T13:04:53.552+0000] {logging_mixin.py:188} INFO - [2026-04-01T13:04:53.552+0000] {dag.py:3096} INFO - Sync 1 DAGs
[2026-04-01T13:04:53.569+0000] {logging_mixin.py:188} INFO - [2026-04-01T13:04:53.569+0000] {dag.py:3954} INFO - Setting next_dagrun for example_nested_branch_dag to 2026-03-31 00:00:00+00:00, run_after=2026-04-01 00:00:00+00:00
[2026-04-01T13:04:53.587+0000] {processor.py:183} INFO - Processing /home/airflow/.local/lib/python3.12/site-packages/airflow/example_dags/example_nested_branch_dag.py took 0.067 seconds
[2026-04-01T13:05:23.655+0000] {processor.py:161} INFO - Started process (PID=809) to work on /home/airflow/.local/lib/python3.12/site-packages/airflow/example_dags/example_nested_branch_dag.py
[2026-04-01T13:05:23.656+0000] {processor.py:830} INFO - Processing file /home/airflow/.local/lib/python3.12/site-packages/airflow/example_dags/example_nested_branch_dag.py for tasks to queue
[2026-04-01T13:05:23.658+0000] {logging_mixin.py:188} INFO - [2026-04-01T13:05:23.657+0000] {dagbag.py:545} INFO - Filling up the DagBag from /home/airflow/.local/lib/python3.12/site-packages/airflow/example_dags/example_nested_branch_dag.py
[2026-04-01T13:05:23.665+0000] {processor.py:840} INFO - DAG(s) 'example_nested_branch_dag' retrieved from /home/airflow/.local/lib/python3.12/site-packages/airflow/example_dags/example_nested_branch_dag.py
[2026-04-01T13:05:23.682+0000] {logging_mixin.py:188} INFO - [2026-04-01T13:05:23.682+0000] {dag.py:3096} INFO - Sync 1 DAGs
[2026-04-01T13:05:23.699+0000] {logging_mixin.py:188} INFO - [2026-04-01T13:05:23.699+0000] {dag.py:3954} INFO - Setting next_dagrun for example_nested_branch_dag to 2026-03-31 00:00:00+00:00, run_after=2026-04-01 00:00:00+00:00
[2026-04-01T13:05:23.716+0000] {processor.py:183} INFO - Processing /home/airflow/.local/lib/python3.12/site-packages/airflow/example_dags/example_nested_branch_dag.py took 0.065 seconds
[2026-04-01T13:05:53.838+0000] {processor.py:161} INFO - Started process (PID=867) to work on /home/airflow/.local/lib/python3.12/site-packages/airflow/example_dags/example_nested_branch_dag.py
[2026-04-01T13:05:53.839+0000] {processor.py:830} INFO - Processing file /home/airflow/.local/lib/python3.12/site-packages/airflow/example_dags/example_nested_branch_dag.py for tasks to queue
[2026-04-01T13:05:53.842+0000] {logging_mixin.py:188} INFO - [2026-04-01T13:05:53.842+0000] {dagbag.py:545} INFO - Filling up the DagBag from /home/airflow/.local/lib/python3.12/site-packages/airflow/example_dags/example_nested_branch_dag.py
[2026-04-01T13:05:53.849+0000] {processor.py:840} INFO - DAG(s) 'example_nested_branch_dag' retrieved from /home/airflow/.local/lib/python3.12/site-packages/airflow/example_dags/example_nested_branch_dag.py
[2026-04-01T13:05:53.866+0000] {logging_mixin.py:188} INFO - [2026-04-01T13:05:53.866+0000] {dag.py:3096} INFO - Sync 1 DAGs
[2026-04-01T13:05:53.881+0000] {logging_mixin.py:188} INFO - [2026-04-01T13:05:53.880+0000] {dag.py:3954} INFO - Setting next_dagrun for example_nested_branch_dag to 2026-03-31 00:00:00+00:00, run_after=2026-04-01 00:00:00+00:00
[2026-04-01T13:05:53.897+0000] {processor.py:183} INFO - Processing /home/airflow/.local/lib/python3.12/site-packages/airflow/example_dags/example_nested_branch_dag.py took 0.065 seconds
[2026-04-01T13:06:24.030+0000] {processor.py:161} INFO - Started process (PID=925) to work on /home/airflow/.local/lib/python3.12/site-packages/airflow/example_dags/example_nested_branch_dag.py
[2026-04-01T13:06:24.031+0000] {processor.py:830} INFO - Processing file /home/airflow/.local/lib/python3.12/site-packages/airflow/example_dags/example_nested_branch_dag.py for tasks to queue
[2026-04-01T13:06:24.032+0000] {logging_mixin.py:188} INFO - [2026-04-01T13:06:24.032+0000] {dagbag.py:545} INFO - Filling up the DagBag from /home/airflow/.local/lib/python3.12/site-packages/airflow/example_dags/example_nested_branch_dag.py
[2026-04-01T13:06:24.039+0000] {processor.py:840} INFO - DAG(s) 'example_nested_branch_dag' retrieved from /home/airflow/.local/lib/python3.12/site-packages/airflow/example_dags/example_nested_branch_dag.py
[2026-04-01T13:06:24.059+0000] {logging_mixin.py:188} INFO - [2026-04-01T13:06:24.058+0000] {dag.py:3096} INFO - Sync 1 DAGs
[2026-04-01T13:06:24.087+0000] {logging_mixin.py:188} INFO - [2026-04-01T13:06:24.087+0000] {dag.py:3954} INFO - Setting next_dagrun for example_nested_branch_dag to 2026-03-31 00:00:00+00:00, run_after=2026-04-01 00:00:00+00:00
[2026-04-01T13:06:24.113+0000] {processor.py:183} INFO - Processing /home/airflow/.local/lib/python3.12/site-packages/airflow/example_dags/example_nested_branch_dag.py took 0.088 seconds
[2026-04-01T13:06:54.340+0000] {processor.py:161} INFO - Started process (PID=983) to work on /home/airflow/.local/lib/python3.12/site-packages/airflow/example_dags/example_nested_branch_dag.py
[2026-04-01T13:06:54.341+0000] {processor.py:830} INFO - Processing file /home/airflow/.local/lib/python3.12/site-packages/airflow/example_dags/example_nested_branch_dag.py for tasks to queue
[2026-04-01T13:06:54.343+0000] {logging_mixin.py:188} INFO - [2026-04-01T13:06:54.342+0000] {dagbag.py:545} INFO - Filling up the DagBag from /home/airflow/.local/lib/python3.12/site-packages/airflow/example_dags/example_nested_branch_dag.py
[2026-04-01T13:06:54.349+0000] {processor.py:840} INFO - DAG(s) 'example_nested_branch_dag' retrieved from /home/airflow/.local/lib/python3.12/site-packages/airflow/example_dags/example_nested_branch_dag.py
[2026-04-01T13:06:54.367+0000] {logging_mixin.py:188} INFO - [2026-04-01T13:06:54.367+0000] {dag.py:3096} INFO - Sync 1 DAGs
[2026-04-01T13:06:54.384+0000] {logging_mixin.py:188} INFO - [2026-04-01T13:06:54.384+0000] {dag.py:3954} INFO - Setting next_dagrun for example_nested_branch_dag to 2026-03-31 00:00:00+00:00, run_after=2026-04-01 00:00:00+00:00
[2026-04-01T13:06:54.401+0000] {processor.py:183} INFO - Processing /home/airflow/.local/lib/python3.12/site-packages/airflow/example_dags/example_nested_branch_dag.py took 0.066 seconds
[2026-04-01T13:07:24.722+0000] {processor.py:161} INFO - Started process (PID=1041) to work on /home/airflow/.local/lib/python3.12/site-packages/airflow/example_dags/example_nested_branch_dag.py
[2026-04-01T13:07:24.723+0000] {processor.py:830} INFO - Processing file /home/airflow/.local/lib/python3.12/site-packages/airflow/example_dags/example_nested_branch_dag.py for tasks to queue
[2026-04-01T13:07:24.725+0000] {logging_mixin.py:188} INFO - [2026-04-01T13:07:24.724+0000] {dagbag.py:545} INFO - Filling up the DagBag from /home/airflow/.local/lib/python3.12/site-packages/airflow/example_dags/example_nested_branch_dag.py
[2026-04-01T13:07:24.732+0000] {processor.py:840} INFO - DAG(s) 'example_nested_branch_dag' retrieved from /home/airflow/.local/lib/python3.12/site-packages/airflow/example_dags/example_nested_branch_dag.py
[2026-04-01T13:07:24.752+0000] {logging_mixin.py:188} INFO - [2026-04-01T13:07:24.752+0000] {dag.py:3096} INFO - Sync 1 DAGs
[2026-04-01T13:07:24.771+0000] {logging_mixin.py:188} INFO - [2026-04-01T13:07:24.771+0000] {dag.py:3954} INFO - Setting next_dagrun for example_nested_branch_dag to 2026-03-31 00:00:00+00:00, run_after=2026-04-01 00:00:00+00:00
[2026-04-01T13:07:24.789+0000] {processor.py:183} INFO - Processing /home/airflow/.local/lib/python3.12/site-packages/airflow/example_dags/example_nested_branch_dag.py took 0.073 seconds
[2026-04-01T13:07:54.950+0000] {processor.py:161} INFO - Started process (PID=1099) to work on /home/airflow/.local/lib/python3.12/site-packages/airflow/example_dags/example_nested_branch_dag.py
[2026-04-01T13:07:54.951+0000] {processor.py:830} INFO - Processing file /home/airflow/.local/lib/python3.12/site-packages/airflow/example_dags/example_nested_branch_dag.py for tasks to queue
[2026-04-01T13:07:54.953+0000] {logging_mixin.py:188} INFO - [2026-04-01T13:07:54.952+0000] {dagbag.py:545} INFO - Filling up the DagBag from /home/airflow/.local/lib/python3.12/site-packages/airflow/example_dags/example_nested_branch_dag.py
[2026-04-01T13:07:54.959+0000] {processor.py:840} INFO - DAG(s) 'example_nested_branch_dag' retrieved from /home/airflow/.local/lib/python3.12/site-packages/airflow/example_dags/example_nested_branch_dag.py
[2026-04-01T13:07:54.978+0000] {logging_mixin.py:188} INFO - [2026-04-01T13:07:54.978+0000] {dag.py:3096} INFO - Sync 1 DAGs
[2026-04-01T13:07:54.994+0000] {logging_mixin.py:188} INFO - [2026-04-01T13:07:54.994+0000] {dag.py:3954} INFO - Setting next_dagrun for example_nested_branch_dag to 2026-03-31 00:00:00+00:00, run_after=2026-04-01 00:00:00+00:00
[2026-04-01T13:07:55.010+0000] {processor.py:183} INFO - Processing /home/airflow/.local/lib/python3.12/site-packages/airflow/example_dags/example_nested_branch_dag.py took 0.066 seconds
[2026-04-01T13:08:25.112+0000] {processor.py:161} INFO - Started process (PID=1157) to work on /home/airflow/.local/lib/python3.12/site-packages/airflow/example_dags/example_nested_branch_dag.py
[2026-04-01T13:08:25.113+0000] {processor.py:830} INFO - Processing file /home/airflow/.local/lib/python3.12/site-packages/airflow/example_dags/example_nested_branch_dag.py for tasks to queue
[2026-04-01T13:08:25.115+0000] {logging_mixin.py:188} INFO - [2026-04-01T13:08:25.115+0000] {dagbag.py:545} INFO - Filling up the DagBag from /home/airflow/.local/lib/python3.12/site-packages/airflow/example_dags/example_nested_branch_dag.py
[2026-04-01T13:08:25.124+0000] {processor.py:840} INFO - DAG(s) 'example_nested_branch_dag' retrieved from /home/airflow/.local/lib/python3.12/site-packages/airflow/example_dags/example_nested_branch_dag.py
[2026-04-01T13:08:25.144+0000] {logging_mixin.py:188} INFO - [2026-04-01T13:08:25.144+0000] {dag.py:3096} INFO - Sync 1 DAGs
[2026-04-01T13:08:25.164+0000] {logging_mixin.py:188} INFO - [2026-04-01T13:08:25.163+0000] {dag.py:3954} INFO - Setting next_dagrun for example_nested_branch_dag to 2026-03-31 00:00:00+00:00, run_after=2026-04-01 00:00:00+00:00
[2026-04-01T13:08:25.184+0000] {processor.py:183} INFO - Processing /home/airflow/.local/lib/python3.12/site-packages/airflow/example_dags/example_nested_branch_dag.py took 0.080 seconds
[2026-04-01T13:08:55.420+0000] {processor.py:161} INFO - Started process (PID=1215) to work on /home/airflow/.local/lib/python3.12/site-packages/airflow/example_dags/example_nested_branch_dag.py
[2026-04-01T13:08:55.420+0000] {processor.py:830} INFO - Processing file /home/airflow/.local/lib/python3.12/site-packages/airflow/example_dags/example_nested_branch_dag.py for tasks to queue
[2026-04-01T13:08:55.422+0000] {logging_mixin.py:188} INFO - [2026-04-01T13:08:55.422+0000] {dagbag.py:545} INFO - Filling up the DagBag from /home/airflow/.local/lib/python3.12/site-packages/airflow/example_dags/example_nested_branch_dag.py
[2026-04-01T13:08:55.429+0000] {processor.py:840} INFO - DAG(s) 'example_nested_branch_dag' retrieved from /home/airflow/.local/lib/python3.12/site-packages/airflow/example_dags/example_nested_branch_dag.py
[2026-04-01T13:08:55.450+0000] {logging_mixin.py:188} INFO - [2026-04-01T13:08:55.450+0000] {dag.py:3096} INFO - Sync 1 DAGs
[2026-04-01T13:08:55.469+0000] {logging_mixin.py:188} INFO - [2026-04-01T13:08:55.469+0000] {dag.py:3954} INFO - Setting next_dagrun for example_nested_branch_dag to 2026-03-31 00:00:00+00:00, run_after=2026-04-01 00:00:00+00:00
[2026-04-01T13:08:55.491+0000] {processor.py:183} INFO - Processing /home/airflow/.local/lib/python3.12/site-packages/airflow/example_dags/example_nested_branch_dag.py took 0.076 seconds
[2026-04-01T13:09:25.971+0000] {processor.py:161} INFO - Started process (PID=1273) to work on /home/airflow/.local/lib/python3.12/site-packages/airflow/example_dags/example_nested_branch_dag.py
[2026-04-01T13:09:25.971+0000] {processor.py:830} INFO - Processing file /home/airflow/.local/lib/python3.12/site-packages/airflow/example_dags/example_nested_branch_dag.py for tasks to queue
[2026-04-01T13:09:25.973+0000] {logging_mixin.py:188} INFO - [2026-04-01T13:09:25.973+0000] {dagbag.py:545} INFO - Filling up the DagBag from /home/airflow/.local/lib/python3.12/site-packages/airflow/example_dags/example_nested_branch_dag.py
[2026-04-01T13:09:25.980+0000] {processor.py:840} INFO - DAG(s) 'example_nested_branch_dag' retrieved from /home/airflow/.local/lib/python3.12/site-packages/airflow/example_dags/example_nested_branch_dag.py
[2026-04-01T13:09:25.999+0000] {logging_mixin.py:188} INFO - [2026-04-01T13:09:25.998+0000] {dag.py:3096} INFO - Sync 1 DAGs
[2026-04-01T13:09:26.015+0000] {logging_mixin.py:188} INFO - [2026-04-01T13:09:26.015+0000] {dag.py:3954} INFO - Setting next_dagrun for example_nested_branch_dag to 2026-03-31 00:00:00+00:00, run_after=2026-04-01 00:00:00+00:00
[2026-04-01T13:09:26.030+0000] {processor.py:183} INFO - Processing /home/airflow/.local/lib/python3.12/site-packages/airflow/example_dags/example_nested_branch_dag.py took 0.064 seconds
[2026-04-01T13:09:56.249+0000] {processor.py:161} INFO - Started process (PID=1331) to work on /home/airflow/.local/lib/python3.12/site-packages/airflow/example_dags/example_nested_branch_dag.py
[2026-04-01T13:09:56.250+0000] {processor.py:830} INFO - Processing file /home/airflow/.local/lib/python3.12/site-packages/airflow/example_dags/example_nested_branch_dag.py for tasks to queue
[2026-04-01T13:09:56.251+0000] {logging_mixin.py:188} INFO - [2026-04-01T13:09:56.251+0000] {dagbag.py:545} INFO - Filling up the DagBag from /home/airflow/.local/lib/python3.12/site-packages/airflow/example_dags/example_nested_branch_dag.py
[2026-04-01T13:09:56.259+0000] {processor.py:840} INFO - DAG(s) 'example_nested_branch_dag' retrieved from /home/airflow/.local/lib/python3.12/site-packages/airflow/example_dags/example_nested_branch_dag.py
[2026-04-01T13:09:56.278+0000] {logging_mixin.py:188} INFO - [2026-04-01T13:09:56.278+0000] {dag.py:3096} INFO - Sync 1 DAGs
[2026-04-01T13:09:56.300+0000] {logging_mixin.py:188} INFO - [2026-04-01T13:09:56.300+0000] {dag.py:3954} INFO - Setting next_dagrun for example_nested_branch_dag to 2026-03-31 00:00:00+00:00, run_after=2026-04-01 00:00:00+00:00
[2026-04-01T13:09:56.321+0000] {processor.py:183} INFO - Processing /home/airflow/.local/lib/python3.12/site-packages/airflow/example_dags/example_nested_branch_dag.py took 0.077 seconds
[2026-04-01T13:10:26.505+0000] {processor.py:161} INFO - Started process (PID=1389) to work on /home/airflow/.local/lib/python3.12/site-packages/airflow/example_dags/example_nested_branch_dag.py
[2026-04-01T13:10:26.506+0000] {processor.py:830} INFO - Processing file /home/airflow/.local/lib/python3.12/site-packages/airflow/example_dags/example_nested_branch_dag.py for tasks to queue
[2026-04-01T13:10:26.508+0000] {logging_mixin.py:188} INFO - [2026-04-01T13:10:26.508+0000] {dagbag.py:545} INFO - Filling up the DagBag from /home/airflow/.local/lib/python3.12/site-packages/airflow/example_dags/example_nested_branch_dag.py
[2026-04-01T13:10:26.515+0000] {processor.py:840} INFO - DAG(s) 'example_nested_branch_dag' retrieved from /home/airflow/.local/lib/python3.12/site-packages/airflow/example_dags/example_nested_branch_dag.py
[2026-04-01T13:10:26.531+0000] {logging_mixin.py:188} INFO - [2026-04-01T13:10:26.531+0000] {dag.py:3096} INFO - Sync 1 DAGs
[2026-04-01T13:10:26.550+0000] {logging_mixin.py:188} INFO - [2026-04-01T13:10:26.549+0000] {dag.py:3954} INFO - Setting next_dagrun for example_nested_branch_dag to 2026-03-31 00:00:00+00:00, run_after=2026-04-01 00:00:00+00:00
[2026-04-01T13:10:26.569+0000] {processor.py:183} INFO - Processing /home/airflow/.local/lib/python3.12/site-packages/airflow/example_dags/example_nested_branch_dag.py took 0.069 seconds
[2026-04-01T13:10:56.828+0000] {processor.py:161} INFO - Started process (PID=1447) to work on /home/airflow/.local/lib/python3.12/site-packages/airflow/example_dags/example_nested_branch_dag.py
[2026-04-01T13:10:56.829+0000] {processor.py:830} INFO - Processing file /home/airflow/.local/lib/python3.12/site-packages/airflow/example_dags/example_nested_branch_dag.py for tasks to queue
[2026-04-01T13:10:56.834+0000] {logging_mixin.py:188} INFO - [2026-04-01T13:10:56.833+0000] {dagbag.py:545} INFO - Filling up the DagBag from /home/airflow/.local/lib/python3.12/site-packages/airflow/example_dags/example_nested_branch_dag.py
[2026-04-01T13:10:56.853+0000] {processor.py:840} INFO - DAG(s) 'example_nested_branch_dag' retrieved from /home/airflow/.local/lib/python3.12/site-packages/airflow/example_dags/example_nested_branch_dag.py
[2026-04-01T13:10:56.881+0000] {logging_mixin.py:188} INFO - [2026-04-01T13:10:56.881+0000] {dag.py:3096} INFO - Sync 1 DAGs
[2026-04-01T13:10:56.917+0000] {logging_mixin.py:188} INFO - [2026-04-01T13:10:56.916+0000] {dag.py:3954} INFO - Setting next_dagrun for example_nested_branch_dag to 2026-03-31 00:00:00+00:00, run_after=2026-04-01 00:00:00+00:00
[2026-04-01T13:10:56.951+0000] {processor.py:183} INFO - Processing /home/airflow/.local/lib/python3.12/site-packages/airflow/example_dags/example_nested_branch_dag.py took 0.133 seconds
[2026-04-01T13:11:27.393+0000] {processor.py:161} INFO - Started process (PID=1505) to work on /home/airflow/.local/lib/python3.12/site-packages/airflow/example_dags/example_nested_branch_dag.py
[2026-04-01T13:11:27.394+0000] {processor.py:830} INFO - Processing file /home/airflow/.local/lib/python3.12/site-packages/airflow/example_dags/example_nested_branch_dag.py for tasks to queue
[2026-04-01T13:11:27.396+0000] {logging_mixin.py:188} INFO - [2026-04-01T13:11:27.395+0000] {dagbag.py:545} INFO - Filling up the DagBag from /home/airflow/.local/lib/python3.12/site-packages/airflow/example_dags/example_nested_branch_dag.py
[2026-04-01T13:11:27.403+0000] {processor.py:840} INFO - DAG(s) 'example_nested_branch_dag' retrieved from /home/airflow/.local/lib/python3.12/site-packages/airflow/example_dags/example_nested_branch_dag.py
[2026-04-01T13:11:27.419+0000] {logging_mixin.py:188} INFO - [2026-04-01T13:11:27.419+0000] {dag.py:3096} INFO - Sync 1 DAGs
[2026-04-01T13:11:27.436+0000] {logging_mixin.py:188} INFO - [2026-04-01T13:11:27.436+0000] {dag.py:3954} INFO - Setting next_dagrun for example_nested_branch_dag to 2026-03-31 00:00:00+00:00, run_after=2026-04-01 00:00:00+00:00
[2026-04-01T13:11:27.458+0000] {processor.py:183} INFO - Processing /home/airflow/.local/lib/python3.12/site-packages/airflow/example_dags/example_nested_branch_dag.py took 0.069 seconds
[2026-04-01T13:11:57.672+0000] {processor.py:161} INFO - Started process (PID=1563) to work on /home/airflow/.local/lib/python3.12/site-packages/airflow/example_dags/example_nested_branch_dag.py
[2026-04-01T13:11:57.673+0000] {processor.py:830} INFO - Processing file /home/airflow/.local/lib/python3.12/site-packages/airflow/example_dags/example_nested_branch_dag.py for tasks to queue
[2026-04-01T13:11:57.675+0000] {logging_mixin.py:188} INFO - [2026-04-01T13:11:57.674+0000] {dagbag.py:545} INFO - Filling up the DagBag from /home/airflow/.local/lib/python3.12/site-packages/airflow/example_dags/example_nested_branch_dag.py
[2026-04-01T13:11:57.683+0000] {processor.py:840} INFO - DAG(s) 'example_nested_branch_dag' retrieved from /home/airflow/.local/lib/python3.12/site-packages/airflow/example_dags/example_nested_branch_dag.py
[2026-04-01T13:11:57.700+0000] {logging_mixin.py:188} INFO - [2026-04-01T13:11:57.700+0000] {dag.py:3096} INFO - Sync 1 DAGs
[2026-04-01T13:11:57.716+0000] {logging_mixin.py:188} INFO - [2026-04-01T13:11:57.716+0000] {dag.py:3954} INFO - Setting next_dagrun for example_nested_branch_dag to 2026-03-31 00:00:00+00:00, run_after=2026-04-01 00:00:00+00:00
[2026-04-01T13:11:57.735+0000] {processor.py:183} INFO - Processing /home/airflow/.local/lib/python3.12/site-packages/airflow/example_dags/example_nested_branch_dag.py took 0.067 seconds
[2026-04-01T13:12:28.228+0000] {processor.py:161} INFO - Started process (PID=1621) to work on /home/airflow/.local/lib/python3.12/site-packages/airflow/example_dags/example_nested_branch_dag.py
[2026-04-01T13:12:28.228+0000] {processor.py:830} INFO - Processing file /home/airflow/.local/lib/python3.12/site-packages/airflow/example_dags/example_nested_branch_dag.py for tasks to queue
[2026-04-01T13:12:28.230+0000] {logging_mixin.py:188} INFO - [2026-04-01T13:12:28.230+0000] {dagbag.py:545} INFO - Filling up the DagBag from /home/airflow/.local/lib/python3.12/site-packages/airflow/example_dags/example_nested_branch_dag.py
[2026-04-01T13:12:28.238+0000] {processor.py:840} INFO - DAG(s) 'example_nested_branch_dag' retrieved from /home/airflow/.local/lib/python3.12/site-packages/airflow/example_dags/example_nested_branch_dag.py
[2026-04-01T13:12:28.253+0000] {logging_mixin.py:188} INFO - [2026-04-01T13:12:28.253+0000] {dag.py:3096} INFO - Sync 1 DAGs
[2026-04-01T13:12:28.271+0000] {logging_mixin.py:188} INFO - [2026-04-01T13:12:28.270+0000] {dag.py:3954} INFO - Setting next_dagrun for example_nested_branch_dag to 2026-03-31 00:00:00+00:00, run_after=2026-04-01 00:00:00+00:00
[2026-04-01T13:12:28.288+0000] {processor.py:183} INFO - Processing /home/airflow/.local/lib/python3.12/site-packages/airflow/example_dags/example_nested_branch_dag.py took 0.065 seconds
[2026-04-01T13:12:58.486+0000] {processor.py:161} INFO - Started process (PID=1679) to work on /home/airflow/.local/lib/python3.12/site-packages/airflow/example_dags/example_nested_branch_dag.py
[2026-04-01T13:12:58.486+0000] {processor.py:830} INFO - Processing file /home/airflow/.local/lib/python3.12/site-packages/airflow/example_dags/example_nested_branch_dag.py for tasks to queue
[2026-04-01T13:12:58.488+0000] {logging_mixin.py:188} INFO - [2026-04-01T13:12:58.488+0000] {dagbag.py:545} INFO - Filling up the DagBag from /home/airflow/.local/lib/python3.12/site-packages/airflow/example_dags/example_nested_branch_dag.py
[2026-04-01T13:12:58.495+0000] {processor.py:840} INFO - DAG(s) 'example_nested_branch_dag' retrieved from /home/airflow/.local/lib/python3.12/site-packages/airflow/example_dags/example_nested_branch_dag.py
[2026-04-01T13:12:58.511+0000] {logging_mixin.py:188} INFO - [2026-04-01T13:12:58.511+0000] {dag.py:3096} INFO - Sync 1 DAGs
[2026-04-01T13:12:58.527+0000] {logging_mixin.py:188} INFO - [2026-04-01T13:12:58.527+0000] {dag.py:3954} INFO - Setting next_dagrun for example_nested_branch_dag to 2026-03-31 00:00:00+00:00, run_after=2026-04-01 00:00:00+00:00
[2026-04-01T13:12:58.547+0000] {processor.py:183} INFO - Processing /home/airflow/.local/lib/python3.12/site-packages/airflow/example_dags/example_nested_branch_dag.py took 0.066 seconds
[2026-04-01T13:13:28.718+0000] {processor.py:161} INFO - Started process (PID=1737) to work on /home/airflow/.local/lib/python3.12/site-packages/airflow/example_dags/example_nested_branch_dag.py
[2026-04-01T13:13:28.719+0000] {processor.py:830} INFO - Processing file /home/airflow/.local/lib/python3.12/site-packages/airflow/example_dags/example_nested_branch_dag.py for tasks to queue
[2026-04-01T13:13:28.721+0000] {logging_mixin.py:188} INFO - [2026-04-01T13:13:28.721+0000] {dagbag.py:545} INFO - Filling up the DagBag from /home/airflow/.local/lib/python3.12/site-packages/airflow/example_dags/example_nested_branch_dag.py
[2026-04-01T13:13:28.732+0000] {processor.py:840} INFO - DAG(s) 'example_nested_branch_dag' retrieved from /home/airflow/.local/lib/python3.12/site-packages/airflow/example_dags/example_nested_branch_dag.py
[2026-04-01T13:13:28.754+0000] {logging_mixin.py:188} INFO - [2026-04-01T13:13:28.754+0000] {dag.py:3096} INFO - Sync 1 DAGs
[2026-04-01T13:13:28.777+0000] {logging_mixin.py:188} INFO - [2026-04-01T13:13:28.776+0000] {dag.py:3954} INFO - Setting next_dagrun for example_nested_branch_dag to 2026-03-31 00:00:00+00:00, run_after=2026-04-01 00:00:00+00:00
[2026-04-01T13:13:28.802+0000] {processor.py:183} INFO - Processing /home/airflow/.local/lib/python3.12/site-packages/airflow/example_dags/example_nested_branch_dag.py took 0.090 seconds
[2026-04-01T13:13:59.084+0000] {processor.py:161} INFO - Started process (PID=1795) to work on /home/airflow/.local/lib/python3.12/site-packages/airflow/example_dags/example_nested_branch_dag.py
[2026-04-01T13:13:59.085+0000] {processor.py:830} INFO - Processing file /home/airflow/.local/lib/python3.12/site-packages/airflow/example_dags/example_nested_branch_dag.py for tasks to queue
[2026-04-01T13:13:59.086+0000] {logging_mixin.py:188} INFO - [2026-04-01T13:13:59.086+0000] {dagbag.py:545} INFO - Filling up the DagBag from /home/airflow/.local/lib/python3.12/site-packages/airflow/example_dags/example_nested_branch_dag.py
[2026-04-01T13:13:59.095+0000] {processor.py:840} INFO - DAG(s) 'example_nested_branch_dag' retrieved from /home/airflow/.local/lib/python3.12/site-packages/airflow/example_dags/example_nested_branch_dag.py
[2026-04-01T13:13:59.116+0000] {logging_mixin.py:188} INFO - [2026-04-01T13:13:59.116+0000] {dag.py:3096} INFO - Sync 1 DAGs
[2026-04-01T13:13:59.133+0000] {logging_mixin.py:188} INFO - [2026-04-01T13:13:59.132+0000] {dag.py:3954} INFO - Setting next_dagrun for example_nested_branch_dag to 2026-03-31 00:00:00+00:00, run_after=2026-04-01 00:00:00+00:00
[2026-04-01T13:13:59.152+0000] {processor.py:183} INFO - Processing /home/airflow/.local/lib/python3.12/site-packages/airflow/example_dags/example_nested_branch_dag.py took 0.074 seconds
[2026-04-01T13:14:29.772+0000] {processor.py:161} INFO - Started process (PID=1853) to work on /home/airflow/.local/lib/python3.12/site-packages/airflow/example_dags/example_nested_branch_dag.py
[2026-04-01T13:14:29.773+0000] {processor.py:830} INFO - Processing file /home/airflow/.local/lib/python3.12/site-packages/airflow/example_dags/example_nested_branch_dag.py for tasks to queue
[2026-04-01T13:14:29.775+0000] {logging_mixin.py:188} INFO - [2026-04-01T13:14:29.774+0000] {dagbag.py:545} INFO - Filling up the DagBag from /home/airflow/.local/lib/python3.12/site-packages/airflow/example_dags/example_nested_branch_dag.py
[2026-04-01T13:14:29.781+0000] {processor.py:840} INFO - DAG(s) 'example_nested_branch_dag' retrieved from /home/airflow/.local/lib/python3.12/site-packages/airflow/example_dags/example_nested_branch_dag.py
[2026-04-01T13:14:29.798+0000] {logging_mixin.py:188} INFO - [2026-04-01T13:14:29.798+0000] {dag.py:3096} INFO - Sync 1 DAGs
[2026-04-01T13:14:29.813+0000] {logging_mixin.py:188} INFO - [2026-04-01T13:14:29.812+0000] {dag.py:3954} INFO - Setting next_dagrun for example_nested_branch_dag to 2026-03-31 00:00:00+00:00, run_after=2026-04-01 00:00:00+00:00
[2026-04-01T13:14:29.830+0000] {processor.py:183} INFO - Processing /home/airflow/.local/lib/python3.12/site-packages/airflow/example_dags/example_nested_branch_dag.py took 0.062 seconds
[2026-04-01T13:15:00.120+0000] {processor.py:161} INFO - Started process (PID=1911) to work on /home/airflow/.local/lib/python3.12/site-packages/airflow/example_dags/example_nested_branch_dag.py
[2026-04-01T13:15:00.121+0000] {processor.py:830} INFO - Processing file /home/airflow/.local/lib/python3.12/site-packages/airflow/example_dags/example_nested_branch_dag.py for tasks to queue
[2026-04-01T13:15:00.123+0000] {logging_mixin.py:188} INFO - [2026-04-01T13:15:00.123+0000] {dagbag.py:545} INFO - Filling up the DagBag from /home/airflow/.local/lib/python3.12/site-packages/airflow/example_dags/example_nested_branch_dag.py
[2026-04-01T13:15:00.130+0000] {processor.py:840} INFO - DAG(s) 'example_nested_branch_dag' retrieved from /home/airflow/.local/lib/python3.12/site-packages/airflow/example_dags/example_nested_branch_dag.py
[2026-04-01T13:15:00.145+0000] {logging_mixin.py:188} INFO - [2026-04-01T13:15:00.145+0000] {dag.py:3096} INFO - Sync 1 DAGs
[2026-04-01T13:15:00.160+0000] {logging_mixin.py:188} INFO - [2026-04-01T13:15:00.160+0000] {dag.py:3954} INFO - Setting next_dagrun for example_nested_branch_dag to 2026-03-31 00:00:00+00:00, run_after=2026-04-01 00:00:00+00:00
[2026-04-01T13:15:00.180+0000] {processor.py:183} INFO - Processing /home/airflow/.local/lib/python3.12/site-packages/airflow/example_dags/example_nested_branch_dag.py took 0.064 seconds
[2026-04-01T13:15:30.268+0000] {processor.py:161} INFO - Started process (PID=1969) to work on /home/airflow/.local/lib/python3.12/site-packages/airflow/example_dags/example_nested_branch_dag.py
[2026-04-01T13:15:30.269+0000] {processor.py:830} INFO - Processing file /home/airflow/.local/lib/python3.12/site-packages/airflow/example_dags/example_nested_branch_dag.py for tasks to queue
[2026-04-01T13:15:30.271+0000] {logging_mixin.py:188} INFO - [2026-04-01T13:15:30.270+0000] {dagbag.py:545} INFO - Filling up the DagBag from /home/airflow/.local/lib/python3.12/site-packages/airflow/example_dags/example_nested_branch_dag.py
[2026-04-01T13:15:30.278+0000] {processor.py:840} INFO - DAG(s) 'example_nested_branch_dag' retrieved from /home/airflow/.local/lib/python3.12/site-packages/airflow/example_dags/example_nested_branch_dag.py
[2026-04-01T13:15:30.297+0000] {logging_mixin.py:188} INFO - [2026-04-01T13:15:30.297+0000] {dag.py:3096} INFO - Sync 1 DAGs
[2026-04-01T13:15:30.315+0000] {logging_mixin.py:188} INFO - [2026-04-01T13:15:30.314+0000] {dag.py:3954} INFO - Setting next_dagrun for example_nested_branch_dag to 2026-03-31 00:00:00+00:00, run_after=2026-04-01 00:00:00+00:00
[2026-04-01T13:15:30.331+0000] {processor.py:183} INFO - Processing /home/airflow/.local/lib/python3.12/site-packages/airflow/example_dags/example_nested_branch_dag.py took 0.068 seconds
[2026-04-01T13:16:00.895+0000] {processor.py:161} INFO - Started process (PID=2027) to work on /home/airflow/.local/lib/python3.12/site-packages/airflow/example_dags/example_nested_branch_dag.py
[2026-04-01T13:16:00.895+0000] {processor.py:830} INFO - Processing file /home/airflow/.local/lib/python3.12/site-packages/airflow/example_dags/example_nested_branch_dag.py for tasks to queue
[2026-04-01T13:16:00.897+0000] {logging_mixin.py:188} INFO - [2026-04-01T13:16:00.897+0000] {dagbag.py:545} INFO - Filling up the DagBag from /home/airflow/.local/lib/python3.12/site-packages/airflow/example_dags/example_nested_branch_dag.py
[2026-04-01T13:16:00.905+0000] {processor.py:840} INFO - DAG(s) 'example_nested_branch_dag' retrieved from /home/airflow/.local/lib/python3.12/site-packages/airflow/example_dags/example_nested_branch_dag.py
[2026-04-01T13:16:00.923+0000] {logging_mixin.py:188} INFO - [2026-04-01T13:16:00.923+0000] {dag.py:3096} INFO - Sync 1 DAGs
[2026-04-01T13:16:01.063+0000] {logging_mixin.py:188} INFO - [2026-04-01T13:16:01.063+0000] {dag.py:3954} INFO - Setting next_dagrun for example_nested_branch_dag to 2026-03-31 00:00:00+00:00, run_after=2026-04-01 00:00:00+00:00
[2026-04-01T13:16:01.079+0000] {processor.py:183} INFO - Processing /home/airflow/.local/lib/python3.12/site-packages/airflow/example_dags/example_nested_branch_dag.py took 0.189 seconds
[2026-04-01T13:16:31.290+0000] {processor.py:161} INFO - Started process (PID=2085) to work on /home/airflow/.local/lib/python3.12/site-packages/airflow/example_dags/example_nested_branch_dag.py
[2026-04-01T13:16:31.291+0000] {processor.py:830} INFO - Processing file /home/airflow/.local/lib/python3.12/site-packages/airflow/example_dags/example_nested_branch_dag.py for tasks to queue
[2026-04-01T13:16:31.292+0000] {logging_mixin.py:188} INFO - [2026-04-01T13:16:31.292+0000] {dagbag.py:545} INFO - Filling up the DagBag from /home/airflow/.local/lib/python3.12/site-packages/airflow/example_dags/example_nested_branch_dag.py
[2026-04-01T13:16:31.299+0000] {processor.py:840} INFO - DAG(s) 'example_nested_branch_dag' retrieved from /home/airflow/.local/lib/python3.12/site-packages/airflow/example_dags/example_nested_branch_dag.py
[2026-04-01T13:16:31.315+0000] {logging_mixin.py:188} INFO - [2026-04-01T13:16:31.315+0000] {dag.py:3096} INFO - Sync 1 DAGs
[2026-04-01T13:16:31.331+0000] {logging_mixin.py:188} INFO - [2026-04-01T13:16:31.331+0000] {dag.py:3954} INFO - Setting next_dagrun for example_nested_branch_dag to 2026-03-31 00:00:00+00:00, run_after=2026-04-01 00:00:00+00:00
[2026-04-01T13:16:31.464+0000] {processor.py:183} INFO - Processing /home/airflow/.local/lib/python3.12/site-packages/airflow/example_dags/example_nested_branch_dag.py took 0.180 seconds
[2026-04-01T13:17:01.786+0000] {processor.py:161} INFO - Started process (PID=2143) to work on /home/airflow/.local/lib/python3.12/site-packages/airflow/example_dags/example_nested_branch_dag.py
[2026-04-01T13:17:01.786+0000] {processor.py:830} INFO - Processing file /home/airflow/.local/lib/python3.12/site-packages/airflow/example_dags/example_nested_branch_dag.py for tasks to queue
[2026-04-01T13:17:01.788+0000] {logging_mixin.py:188} INFO - [2026-04-01T13:17:01.788+0000] {dagbag.py:545} INFO - Filling up the DagBag from /home/airflow/.local/lib/python3.12/site-packages/airflow/example_dags/example_nested_branch_dag.py
[2026-04-01T13:17:01.796+0000] {processor.py:840} INFO - DAG(s) 'example_nested_branch_dag' retrieved from /home/airflow/.local/lib/python3.12/site-packages/airflow/example_dags/example_nested_branch_dag.py
[2026-04-01T13:17:01.816+0000] {logging_mixin.py:188} INFO - [2026-04-01T13:17:01.815+0000] {dag.py:3096} INFO - Sync 1 DAGs
[2026-04-01T13:17:01.831+0000] {logging_mixin.py:188} INFO - [2026-04-01T13:17:01.831+0000] {dag.py:3954} INFO - Setting next_dagrun for example_nested_branch_dag to 2026-03-31 00:00:00+00:00, run_after=2026-04-01 00:00:00+00:00
[2026-04-01T13:17:01.851+0000] {processor.py:183} INFO - Processing /home/airflow/.local/lib/python3.12/site-packages/airflow/example_dags/example_nested_branch_dag.py took 0.071 seconds
[2026-04-01T13:17:32.284+0000] {processor.py:161} INFO - Started process (PID=2201) to work on /home/airflow/.local/lib/python3.12/site-packages/airflow/example_dags/example_nested_branch_dag.py
[2026-04-01T13:17:32.285+0000] {processor.py:830} INFO - Processing file /home/airflow/.local/lib/python3.12/site-packages/airflow/example_dags/example_nested_branch_dag.py for tasks to queue
[2026-04-01T13:17:32.286+0000] {logging_mixin.py:188} INFO - [2026-04-01T13:17:32.286+0000] {dagbag.py:545} INFO - Filling up the DagBag from /home/airflow/.local/lib/python3.12/site-packages/airflow/example_dags/example_nested_branch_dag.py
[2026-04-01T13:17:32.293+0000] {processor.py:840} INFO - DAG(s) 'example_nested_branch_dag' retrieved from /home/airflow/.local/lib/python3.12/site-packages/airflow/example_dags/example_nested_branch_dag.py
[2026-04-01T13:17:32.310+0000] {logging_mixin.py:188} INFO - [2026-04-01T13:17:32.310+0000] {dag.py:3096} INFO - Sync 1 DAGs
[2026-04-01T13:17:32.328+0000] {logging_mixin.py:188} INFO - [2026-04-01T13:17:32.328+0000] {dag.py:3954} INFO - Setting next_dagrun for example_nested_branch_dag to 2026-03-31 00:00:00+00:00, run_after=2026-04-01 00:00:00+00:00
[2026-04-01T13:17:32.347+0000] {processor.py:183} INFO - Processing /home/airflow/.local/lib/python3.12/site-packages/airflow/example_dags/example_nested_branch_dag.py took 0.069 seconds
[2026-04-01T13:18:02.510+0000] {processor.py:161} INFO - Started process (PID=2259) to work on /home/airflow/.local/lib/python3.12/site-packages/airflow/example_dags/example_nested_branch_dag.py
[2026-04-01T13:18:02.511+0000] {processor.py:830} INFO - Processing file /home/airflow/.local/lib/python3.12/site-packages/airflow/example_dags/example_nested_branch_dag.py for tasks to queue
[2026-04-01T13:18:02.512+0000] {logging_mixin.py:188} INFO - [2026-04-01T13:18:02.512+0000] {dagbag.py:545} INFO - Filling up the DagBag from /home/airflow/.local/lib/python3.12/site-packages/airflow/example_dags/example_nested_branch_dag.py
[2026-04-01T13:18:02.519+0000] {processor.py:840} INFO - DAG(s) 'example_nested_branch_dag' retrieved from /home/airflow/.local/lib/python3.12/site-packages/airflow/example_dags/example_nested_branch_dag.py
[2026-04-01T13:18:02.536+0000] {logging_mixin.py:188} INFO - [2026-04-01T13:18:02.536+0000] {dag.py:3096} INFO - Sync 1 DAGs
[2026-04-01T13:18:02.554+0000] {logging_mixin.py:188} INFO - [2026-04-01T13:18:02.554+0000] {dag.py:3954} INFO - Setting next_dagrun for example_nested_branch_dag to 2026-03-31 00:00:00+00:00, run_after=2026-04-01 00:00:00+00:00
[2026-04-01T13:18:02.569+0000] {processor.py:183} INFO - Processing /home/airflow/.local/lib/python3.12/site-packages/airflow/example_dags/example_nested_branch_dag.py took 0.063 seconds
[2026-04-01T13:18:32.863+0000] {processor.py:161} INFO - Started process (PID=2317) to work on /home/airflow/.local/lib/python3.12/site-packages/airflow/example_dags/example_nested_branch_dag.py
[2026-04-01T13:18:32.864+0000] {processor.py:830} INFO - Processing file /home/airflow/.local/lib/python3.12/site-packages/airflow/example_dags/example_nested_branch_dag.py for tasks to queue
[2026-04-01T13:18:32.865+0000] {logging_mixin.py:188} INFO - [2026-04-01T13:18:32.865+0000] {dagbag.py:545} INFO - Filling up the DagBag from /home/airflow/.local/lib/python3.12/site-packages/airflow/example_dags/example_nested_branch_dag.py
[2026-04-01T13:18:32.874+0000] {processor.py:840} INFO - DAG(s) 'example_nested_branch_dag' retrieved from /home/airflow/.local/lib/python3.12/site-packages/airflow/example_dags/example_nested_branch_dag.py
[2026-04-01T13:18:32.890+0000] {logging_mixin.py:188} INFO - [2026-04-01T13:18:32.890+0000] {dag.py:3096} INFO - Sync 1 DAGs
[2026-04-01T13:18:32.906+0000] {logging_mixin.py:188} INFO - [2026-04-01T13:18:32.906+0000] {dag.py:3954} INFO - Setting next_dagrun for example_nested_branch_dag to 2026-03-31 00:00:00+00:00, run_after=2026-04-01 00:00:00+00:00
[2026-04-01T13:18:32.925+0000] {processor.py:183} INFO - Processing /home/airflow/.local/lib/python3.12/site-packages/airflow/example_dags/example_nested_branch_dag.py took 0.066 seconds
[2026-04-01T13:19:03.475+0000] {processor.py:161} INFO - Started process (PID=2375) to work on /home/airflow/.local/lib/python3.12/site-packages/airflow/example_dags/example_nested_branch_dag.py
[2026-04-01T13:19:03.476+0000] {processor.py:830} INFO - Processing file /home/airflow/.local/lib/python3.12/site-packages/airflow/example_dags/example_nested_branch_dag.py for tasks to queue
[2026-04-01T13:19:03.478+0000] {logging_mixin.py:188} INFO - [2026-04-01T13:19:03.478+0000] {dagbag.py:545} INFO - Filling up the DagBag from /home/airflow/.local/lib/python3.12/site-packages/airflow/example_dags/example_nested_branch_dag.py
[2026-04-01T13:19:03.486+0000] {processor.py:840} INFO - DAG(s) 'example_nested_branch_dag' retrieved from /home/airflow/.local/lib/python3.12/site-packages/airflow/example_dags/example_nested_branch_dag.py
[2026-04-01T13:19:03.505+0000] {logging_mixin.py:188} INFO - [2026-04-01T13:19:03.505+0000] {dag.py:3096} INFO - Sync 1 DAGs
[2026-04-01T13:19:03.525+0000] {logging_mixin.py:188} INFO - [2026-04-01T13:19:03.525+0000] {dag.py:3954} INFO - Setting next_dagrun for example_nested_branch_dag to 2026-03-31 00:00:00+00:00, run_after=2026-04-01 00:00:00+00:00
[2026-04-01T13:19:03.544+0000] {processor.py:183} INFO - Processing /home/airflow/.local/lib/python3.12/site-packages/airflow/example_dags/example_nested_branch_dag.py took 0.074 seconds
[2026-04-01T13:19:33.884+0000] {processor.py:161} INFO - Started process (PID=2433) to work on /home/airflow/.local/lib/python3.12/site-packages/airflow/example_dags/example_nested_branch_dag.py
[2026-04-01T13:19:33.885+0000] {processor.py:830} INFO - Processing file /home/airflow/.local/lib/python3.12/site-packages/airflow/example_dags/example_nested_branch_dag.py for tasks to queue
[2026-04-01T13:19:33.886+0000] {logging_mixin.py:188} INFO - [2026-04-01T13:19:33.886+0000] {dagbag.py:545} INFO - Filling up the DagBag from /home/airflow/.local/lib/python3.12/site-packages/airflow/example_dags/example_nested_branch_dag.py
[2026-04-01T13:19:33.894+0000] {processor.py:840} INFO - DAG(s) 'example_nested_branch_dag' retrieved from /home/airflow/.local/lib/python3.12/site-packages/airflow/example_dags/example_nested_branch_dag.py
[2026-04-01T13:19:33.914+0000] {logging_mixin.py:188} INFO - [2026-04-01T13:19:33.914+0000] {dag.py:3096} INFO - Sync 1 DAGs
[2026-04-01T13:19:33.931+0000] {logging_mixin.py:188} INFO - [2026-04-01T13:19:33.931+0000] {dag.py:3954} INFO - Setting next_dagrun for example_nested_branch_dag to 2026-03-31 00:00:00+00:00, run_after=2026-04-01 00:00:00+00:00
[2026-04-01T13:19:33.947+0000] {processor.py:183} INFO - Processing /home/airflow/.local/lib/python3.12/site-packages/airflow/example_dags/example_nested_branch_dag.py took 0.069 seconds
[2026-04-01T13:20:04.282+0000] {processor.py:161} INFO - Started process (PID=2491) to work on /home/airflow/.local/lib/python3.12/site-packages/airflow/example_dags/example_nested_branch_dag.py
[2026-04-01T13:20:04.283+0000] {processor.py:830} INFO - Processing file /home/airflow/.local/lib/python3.12/site-packages/airflow/example_dags/example_nested_branch_dag.py for tasks to queue
[2026-04-01T13:20:04.285+0000] {logging_mixin.py:188} INFO - [2026-04-01T13:20:04.284+0000] {dagbag.py:545} INFO - Filling up the DagBag from /home/airflow/.local/lib/python3.12/site-packages/airflow/example_dags/example_nested_branch_dag.py
[2026-04-01T13:20:04.292+0000] {processor.py:840} INFO - DAG(s) 'example_nested_branch_dag' retrieved from /home/airflow/.local/lib/python3.12/site-packages/airflow/example_dags/example_nested_branch_dag.py
[2026-04-01T13:20:04.310+0000] {logging_mixin.py:188} INFO - [2026-04-01T13:20:04.310+0000] {dag.py:3096} INFO - Sync 1 DAGs
[2026-04-01T13:20:04.327+0000] {logging_mixin.py:188} INFO - [2026-04-01T13:20:04.327+0000] {dag.py:3954} INFO - Setting next_dagrun for example_nested_branch_dag to 2026-03-31 00:00:00+00:00, run_after=2026-04-01 00:00:00+00:00
[2026-04-01T13:20:04.342+0000] {processor.py:183} INFO - Processing /home/airflow/.local/lib/python3.12/site-packages/airflow/example_dags/example_nested_branch_dag.py took 0.065 seconds
[2026-04-01T13:20:34.741+0000] {processor.py:161} INFO - Started process (PID=2549) to work on /home/airflow/.local/lib/python3.12/site-packages/airflow/example_dags/example_nested_branch_dag.py
[2026-04-01T13:20:34.742+0000] {processor.py:830} INFO - Processing file /home/airflow/.local/lib/python3.12/site-packages/airflow/example_dags/example_nested_branch_dag.py for tasks to queue
[2026-04-01T13:20:34.744+0000] {logging_mixin.py:188} INFO - [2026-04-01T13:20:34.744+0000] {dagbag.py:545} INFO - Filling up the DagBag from /home/airflow/.local/lib/python3.12/site-packages/airflow/example_dags/example_nested_branch_dag.py
[2026-04-01T13:20:34.754+0000] {processor.py:840} INFO - DAG(s) 'example_nested_branch_dag' retrieved from /home/airflow/.local/lib/python3.12/site-packages/airflow/example_dags/example_nested_branch_dag.py
[2026-04-01T13:20:34.774+0000] {logging_mixin.py:188} INFO - [2026-04-01T13:20:34.774+0000] {dag.py:3096} INFO - Sync 1 DAGs
[2026-04-01T13:20:34.796+0000] {logging_mixin.py:188} INFO - [2026-04-01T13:20:34.796+0000] {dag.py:3954} INFO - Setting next_dagrun for example_nested_branch_dag to 2026-03-31 00:00:00+00:00, run_after=2026-04-01 00:00:00+00:00
[2026-04-01T13:20:34.815+0000] {processor.py:183} INFO - Processing /home/airflow/.local/lib/python3.12/site-packages/airflow/example_dags/example_nested_branch_dag.py took 0.080 seconds
[2026-04-01T13:21:05.196+0000] {processor.py:161} INFO - Started process (PID=2607) to work on /home/airflow/.local/lib/python3.12/site-packages/airflow/example_dags/example_nested_branch_dag.py
[2026-04-01T13:21:05.197+0000] {processor.py:830} INFO - Processing file /home/airflow/.local/lib/python3.12/site-packages/airflow/example_dags/example_nested_branch_dag.py for tasks to queue
[2026-04-01T13:21:05.199+0000] {logging_mixin.py:188} INFO - [2026-04-01T13:21:05.198+0000] {dagbag.py:545} INFO - Filling up the DagBag from /home/airflow/.local/lib/python3.12/site-packages/airflow/example_dags/example_nested_branch_dag.py
[2026-04-01T13:21:05.208+0000] {processor.py:840} INFO - DAG(s) 'example_nested_branch_dag' retrieved from /home/airflow/.local/lib/python3.12/site-packages/airflow/example_dags/example_nested_branch_dag.py
[2026-04-01T13:21:05.229+0000] {logging_mixin.py:188} INFO - [2026-04-01T13:21:05.229+0000] {dag.py:3096} INFO - Sync 1 DAGs
[2026-04-01T13:21:05.247+0000] {logging_mixin.py:188} INFO - [2026-04-01T13:21:05.247+0000] {dag.py:3954} INFO - Setting next_dagrun for example_nested_branch_dag to 2026-03-31 00:00:00+00:00, run_after=2026-04-01 00:00:00+00:00
[2026-04-01T13:21:05.264+0000] {processor.py:183} INFO - Processing /home/airflow/.local/lib/python3.12/site-packages/airflow/example_dags/example_nested_branch_dag.py took 0.074 seconds
[2026-04-01T13:21:35.643+0000] {processor.py:161} INFO - Started process (PID=2665) to work on /home/airflow/.local/lib/python3.12/site-packages/airflow/example_dags/example_nested_branch_dag.py
[2026-04-01T13:21:35.644+0000] {processor.py:830} INFO - Processing file /home/airflow/.local/lib/python3.12/site-packages/airflow/example_dags/example_nested_branch_dag.py for tasks to queue
[2026-04-01T13:21:35.646+0000] {logging_mixin.py:188} INFO - [2026-04-01T13:21:35.645+0000] {dagbag.py:545} INFO - Filling up the DagBag from /home/airflow/.local/lib/python3.12/site-packages/airflow/example_dags/example_nested_branch_dag.py
[2026-04-01T13:21:35.655+0000] {processor.py:840} INFO - DAG(s) 'example_nested_branch_dag' retrieved from /home/airflow/.local/lib/python3.12/site-packages/airflow/example_dags/example_nested_branch_dag.py
[2026-04-01T13:21:35.674+0000] {logging_mixin.py:188} INFO - [2026-04-01T13:21:35.674+0000] {dag.py:3096} INFO - Sync 1 DAGs
[2026-04-01T13:21:35.702+0000] {logging_mixin.py:188} INFO - [2026-04-01T13:21:35.702+0000] {dag.py:3954} INFO - Setting next_dagrun for example_nested_branch_dag to 2026-03-31 00:00:00+00:00, run_after=2026-04-01 00:00:00+00:00
[2026-04-01T13:21:35.722+0000] {processor.py:183} INFO - Processing /home/airflow/.local/lib/python3.12/site-packages/airflow/example_dags/example_nested_branch_dag.py took 0.084 seconds
[2026-04-01T13:22:06.264+0000] {processor.py:161} INFO - Started process (PID=2723) to work on /home/airflow/.local/lib/python3.12/site-packages/airflow/example_dags/example_nested_branch_dag.py
[2026-04-01T13:22:06.265+0000] {processor.py:830} INFO - Processing file /home/airflow/.local/lib/python3.12/site-packages/airflow/example_dags/example_nested_branch_dag.py for tasks to queue
[2026-04-01T13:22:06.266+0000] {logging_mixin.py:188} INFO - [2026-04-01T13:22:06.266+0000] {dagbag.py:545} INFO - Filling up the DagBag from /home/airflow/.local/lib/python3.12/site-packages/airflow/example_dags/example_nested_branch_dag.py
[2026-04-01T13:22:06.275+0000] {processor.py:840} INFO - DAG(s) 'example_nested_branch_dag' retrieved from /home/airflow/.local/lib/python3.12/site-packages/airflow/example_dags/example_nested_branch_dag.py
[2026-04-01T13:22:06.293+0000] {logging_mixin.py:188} INFO - [2026-04-01T13:22:06.293+0000] {dag.py:3096} INFO - Sync 1 DAGs
[2026-04-01T13:22:06.311+0000] {logging_mixin.py:188} INFO - [2026-04-01T13:22:06.311+0000] {dag.py:3954} INFO - Setting next_dagrun for example_nested_branch_dag to 2026-03-31 00:00:00+00:00, run_after=2026-04-01 00:00:00+00:00
[2026-04-01T13:22:06.327+0000] {processor.py:183} INFO - Processing /home/airflow/.local/lib/python3.12/site-packages/airflow/example_dags/example_nested_branch_dag.py took 0.068 seconds
[2026-04-01T13:22:36.692+0000] {processor.py:161} INFO - Started process (PID=2781) to work on /home/airflow/.local/lib/python3.12/site-packages/airflow/example_dags/example_nested_branch_dag.py
[2026-04-01T13:22:36.693+0000] {processor.py:830} INFO - Processing file /home/airflow/.local/lib/python3.12/site-packages/airflow/example_dags/example_nested_branch_dag.py for tasks to queue
[2026-04-01T13:22:36.695+0000] {logging_mixin.py:188} INFO - [2026-04-01T13:22:36.695+0000] {dagbag.py:545} INFO - Filling up the DagBag from /home/airflow/.local/lib/python3.12/site-packages/airflow/example_dags/example_nested_branch_dag.py
[2026-04-01T13:22:36.707+0000] {processor.py:840} INFO - DAG(s) 'example_nested_branch_dag' retrieved from /home/airflow/.local/lib/python3.12/site-packages/airflow/example_dags/example_nested_branch_dag.py
[2026-04-01T13:22:36.726+0000] {logging_mixin.py:188} INFO - [2026-04-01T13:22:36.726+0000] {dag.py:3096} INFO - Sync 1 DAGs
[2026-04-01T13:22:36.743+0000] {logging_mixin.py:188} INFO - [2026-04-01T13:22:36.743+0000] {dag.py:3954} INFO - Setting next_dagrun for example_nested_branch_dag to 2026-03-31 00:00:00+00:00, run_after=2026-04-01 00:00:00+00:00
[2026-04-01T13:22:36.760+0000] {processor.py:183} INFO - Processing /home/airflow/.local/lib/python3.12/site-packages/airflow/example_dags/example_nested_branch_dag.py took 0.077 seconds
[2026-04-01T13:23:07.293+0000] {processor.py:161} INFO - Started process (PID=2839) to work on /home/airflow/.local/lib/python3.12/site-packages/airflow/example_dags/example_nested_branch_dag.py
[2026-04-01T13:23:07.293+0000] {processor.py:830} INFO - Processing file /home/airflow/.local/lib/python3.12/site-packages/airflow/example_dags/example_nested_branch_dag.py for tasks to queue
[2026-04-01T13:23:07.296+0000] {logging_mixin.py:188} INFO - [2026-04-01T13:23:07.295+0000] {dagbag.py:545} INFO - Filling up the DagBag from /home/airflow/.local/lib/python3.12/site-packages/airflow/example_dags/example_nested_branch_dag.py
[2026-04-01T13:23:07.306+0000] {processor.py:840} INFO - DAG(s) 'example_nested_branch_dag' retrieved from /home/airflow/.local/lib/python3.12/site-packages/airflow/example_dags/example_nested_branch_dag.py
[2026-04-01T13:23:07.324+0000] {logging_mixin.py:188} INFO - [2026-04-01T13:23:07.324+0000] {dag.py:3096} INFO - Sync 1 DAGs
[2026-04-01T13:23:07.340+0000] {logging_mixin.py:188} INFO - [2026-04-01T13:23:07.340+0000] {dag.py:3954} INFO - Setting next_dagrun for example_nested_branch_dag to 2026-03-31 00:00:00+00:00, run_after=2026-04-01 00:00:00+00:00
[2026-04-01T13:23:07.356+0000] {processor.py:183} INFO - Processing /home/airflow/.local/lib/python3.12/site-packages/airflow/example_dags/example_nested_branch_dag.py took 0.068 seconds
[2026-04-01T13:23:37.749+0000] {processor.py:161} INFO - Started process (PID=2897) to work on /home/airflow/.local/lib/python3.12/site-packages/airflow/example_dags/example_nested_branch_dag.py
[2026-04-01T13:23:37.750+0000] {processor.py:830} INFO - Processing file /home/airflow/.local/lib/python3.12/site-packages/airflow/example_dags/example_nested_branch_dag.py for tasks to queue
[2026-04-01T13:23:37.751+0000] {logging_mixin.py:188} INFO - [2026-04-01T13:23:37.751+0000] {dagbag.py:545} INFO - Filling up the DagBag from /home/airflow/.local/lib/python3.12/site-packages/airflow/example_dags/example_nested_branch_dag.py
[2026-04-01T13:23:37.758+0000] {processor.py:840} INFO - DAG(s) 'example_nested_branch_dag' retrieved from /home/airflow/.local/lib/python3.12/site-packages/airflow/example_dags/example_nested_branch_dag.py
[2026-04-01T13:23:37.775+0000] {logging_mixin.py:188} INFO - [2026-04-01T13:23:37.775+0000] {dag.py:3096} INFO - Sync 1 DAGs
[2026-04-01T13:23:37.790+0000] {logging_mixin.py:188} INFO - [2026-04-01T13:23:37.790+0000] {dag.py:3954} INFO - Setting next_dagrun for example_nested_branch_dag to 2026-03-31 00:00:00+00:00, run_after=2026-04-01 00:00:00+00:00
[2026-04-01T13:23:37.808+0000] {processor.py:183} INFO - Processing /home/airflow/.local/lib/python3.12/site-packages/airflow/example_dags/example_nested_branch_dag.py took 0.063 seconds
[2026-04-01T13:24:08.372+0000] {processor.py:161} INFO - Started process (PID=2956) to work on /home/airflow/.local/lib/python3.12/site-packages/airflow/example_dags/example_nested_branch_dag.py
[2026-04-01T13:24:08.373+0000] {processor.py:830} INFO - Processing file /home/airflow/.local/lib/python3.12/site-packages/airflow/example_dags/example_nested_branch_dag.py for tasks to queue
[2026-04-01T13:24:08.375+0000] {logging_mixin.py:188} INFO - [2026-04-01T13:24:08.374+0000] {dagbag.py:545} INFO - Filling up the DagBag from /home/airflow/.local/lib/python3.12/site-packages/airflow/example_dags/example_nested_branch_dag.py
[2026-04-01T13:24:08.383+0000] {processor.py:840} INFO - DAG(s) 'example_nested_branch_dag' retrieved from /home/airflow/.local/lib/python3.12/site-packages/airflow/example_dags/example_nested_branch_dag.py
[2026-04-01T13:24:08.401+0000] {logging_mixin.py:188} INFO - [2026-04-01T13:24:08.400+0000] {dag.py:3096} INFO - Sync 1 DAGs
[2026-04-01T13:24:08.418+0000] {logging_mixin.py:188} INFO - [2026-04-01T13:24:08.418+0000] {dag.py:3954} INFO - Setting next_dagrun for example_nested_branch_dag to 2026-03-31 00:00:00+00:00, run_after=2026-04-01 00:00:00+00:00
[2026-04-01T13:24:08.436+0000] {processor.py:183} INFO - Processing /home/airflow/.local/lib/python3.12/site-packages/airflow/example_dags/example_nested_branch_dag.py took 0.069 seconds
[2026-04-01T13:24:38.751+0000] {processor.py:161} INFO - Started process (PID=3014) to work on /home/airflow/.local/lib/python3.12/site-packages/airflow/example_dags/example_nested_branch_dag.py
[2026-04-01T13:24:38.752+0000] {processor.py:830} INFO - Processing file /home/airflow/.local/lib/python3.12/site-packages/airflow/example_dags/example_nested_branch_dag.py for tasks to queue
[2026-04-01T13:24:38.753+0000] {logging_mixin.py:188} INFO - [2026-04-01T13:24:38.753+0000] {dagbag.py:545} INFO - Filling up the DagBag from /home/airflow/.local/lib/python3.12/site-packages/airflow/example_dags/example_nested_branch_dag.py
[2026-04-01T13:24:38.760+0000] {processor.py:840} INFO - DAG(s) 'example_nested_branch_dag' retrieved from /home/airflow/.local/lib/python3.12/site-packages/airflow/example_dags/example_nested_branch_dag.py
[2026-04-01T13:24:38.778+0000] {logging_mixin.py:188} INFO - [2026-04-01T13:24:38.777+0000] {dag.py:3096} INFO - Sync 1 DAGs
[2026-04-01T13:24:38.798+0000] {logging_mixin.py:188} INFO - [2026-04-01T13:24:38.798+0000] {dag.py:3954} INFO - Setting next_dagrun for example_nested_branch_dag to 2026-03-31 00:00:00+00:00, run_after=2026-04-01 00:00:00+00:00
[2026-04-01T13:24:38.816+0000] {processor.py:183} INFO - Processing /home/airflow/.local/lib/python3.12/site-packages/airflow/example_dags/example_nested_branch_dag.py took 0.071 seconds
[2026-04-01T13:25:09.391+0000] {processor.py:161} INFO - Started process (PID=3073) to work on /home/airflow/.local/lib/python3.12/site-packages/airflow/example_dags/example_nested_branch_dag.py
[2026-04-01T13:25:09.391+0000] {processor.py:830} INFO - Processing file /home/airflow/.local/lib/python3.12/site-packages/airflow/example_dags/example_nested_branch_dag.py for tasks to queue
[2026-04-01T13:25:09.393+0000] {logging_mixin.py:188} INFO - [2026-04-01T13:25:09.393+0000] {dagbag.py:545} INFO - Filling up the DagBag from /home/airflow/.local/lib/python3.12/site-packages/airflow/example_dags/example_nested_branch_dag.py
[2026-04-01T13:25:09.400+0000] {processor.py:840} INFO - DAG(s) 'example_nested_branch_dag' retrieved from /home/airflow/.local/lib/python3.12/site-packages/airflow/example_dags/example_nested_branch_dag.py
[2026-04-01T13:25:09.416+0000] {logging_mixin.py:188} INFO - [2026-04-01T13:25:09.416+0000] {dag.py:3096} INFO - Sync 1 DAGs
[2026-04-01T13:25:09.431+0000] {logging_mixin.py:188} INFO - [2026-04-01T13:25:09.431+0000] {dag.py:3954} INFO - Setting next_dagrun for example_nested_branch_dag to 2026-03-31 00:00:00+00:00, run_after=2026-04-01 00:00:00+00:00
[2026-04-01T13:25:09.446+0000] {processor.py:183} INFO - Processing /home/airflow/.local/lib/python3.12/site-packages/airflow/example_dags/example_nested_branch_dag.py took 0.060 seconds
[2026-04-01T13:25:39.709+0000] {processor.py:161} INFO - Started process (PID=3132) to work on /home/airflow/.local/lib/python3.12/site-packages/airflow/example_dags/example_nested_branch_dag.py
[2026-04-01T13:25:39.710+0000] {processor.py:830} INFO - Processing file /home/airflow/.local/lib/python3.12/site-packages/airflow/example_dags/example_nested_branch_dag.py for tasks to queue
[2026-04-01T13:25:39.711+0000] {logging_mixin.py:188} INFO - [2026-04-01T13:25:39.711+0000] {dagbag.py:545} INFO - Filling up the DagBag from /home/airflow/.local/lib/python3.12/site-packages/airflow/example_dags/example_nested_branch_dag.py
[2026-04-01T13:25:39.719+0000] {processor.py:840} INFO - DAG(s) 'example_nested_branch_dag' retrieved from /home/airflow/.local/lib/python3.12/site-packages/airflow/example_dags/example_nested_branch_dag.py
[2026-04-01T13:25:39.737+0000] {logging_mixin.py:188} INFO - [2026-04-01T13:25:39.737+0000] {dag.py:3096} INFO - Sync 1 DAGs
[2026-04-01T13:25:39.752+0000] {logging_mixin.py:188} INFO - [2026-04-01T13:25:39.752+0000] {dag.py:3954} INFO - Setting next_dagrun for example_nested_branch_dag to 2026-03-31 00:00:00+00:00, run_after=2026-04-01 00:00:00+00:00
[2026-04-01T13:25:39.769+0000] {processor.py:183} INFO - Processing /home/airflow/.local/lib/python3.12/site-packages/airflow/example_dags/example_nested_branch_dag.py took 0.065 seconds
[2026-04-01T13:26:10.070+0000] {processor.py:161} INFO - Started process (PID=3191) to work on /home/airflow/.local/lib/python3.12/site-packages/airflow/example_dags/example_nested_branch_dag.py
[2026-04-01T13:26:10.071+0000] {processor.py:830} INFO - Processing file /home/airflow/.local/lib/python3.12/site-packages/airflow/example_dags/example_nested_branch_dag.py for tasks to queue
[2026-04-01T13:26:10.072+0000] {logging_mixin.py:188} INFO - [2026-04-01T13:26:10.072+0000] {dagbag.py:545} INFO - Filling up the DagBag from /home/airflow/.local/lib/python3.12/site-packages/airflow/example_dags/example_nested_branch_dag.py
[2026-04-01T13:26:10.080+0000] {processor.py:840} INFO - DAG(s) 'example_nested_branch_dag' retrieved from /home/airflow/.local/lib/python3.12/site-packages/airflow/example_dags/example_nested_branch_dag.py
[2026-04-01T13:26:10.097+0000] {logging_mixin.py:188} INFO - [2026-04-01T13:26:10.097+0000] {dag.py:3096} INFO - Sync 1 DAGs
[2026-04-01T13:26:10.112+0000] {logging_mixin.py:188} INFO - [2026-04-01T13:26:10.112+0000] {dag.py:3954} INFO - Setting next_dagrun for example_nested_branch_dag to 2026-03-31 00:00:00+00:00, run_after=2026-04-01 00:00:00+00:00
[2026-04-01T13:26:10.127+0000] {processor.py:183} INFO - Processing /home/airflow/.local/lib/python3.12/site-packages/airflow/example_dags/example_nested_branch_dag.py took 0.061 seconds
[2026-04-01T13:26:40.435+0000] {processor.py:161} INFO - Started process (PID=3250) to work on /home/airflow/.local/lib/python3.12/site-packages/airflow/example_dags/example_nested_branch_dag.py
[2026-04-01T13:26:40.436+0000] {processor.py:830} INFO - Processing file /home/airflow/.local/lib/python3.12/site-packages/airflow/example_dags/example_nested_branch_dag.py for tasks to queue
[2026-04-01T13:26:40.437+0000] {logging_mixin.py:188} INFO - [2026-04-01T13:26:40.437+0000] {dagbag.py:545} INFO - Filling up the DagBag from /home/airflow/.local/lib/python3.12/site-packages/airflow/example_dags/example_nested_branch_dag.py
[2026-04-01T13:26:40.445+0000] {processor.py:840} INFO - DAG(s) 'example_nested_branch_dag' retrieved from /home/airflow/.local/lib/python3.12/site-packages/airflow/example_dags/example_nested_branch_dag.py
[2026-04-01T13:26:40.462+0000] {logging_mixin.py:188} INFO - [2026-04-01T13:26:40.462+0000] {dag.py:3096} INFO - Sync 1 DAGs
[2026-04-01T13:26:40.477+0000] {logging_mixin.py:188} INFO - [2026-04-01T13:26:40.477+0000] {dag.py:3954} INFO - Setting next_dagrun for example_nested_branch_dag to 2026-03-31 00:00:00+00:00, run_after=2026-04-01 00:00:00+00:00
[2026-04-01T13:26:40.494+0000] {processor.py:183} INFO - Processing /home/airflow/.local/lib/python3.12/site-packages/airflow/example_dags/example_nested_branch_dag.py took 0.064 seconds
[2026-04-01T13:27:10.885+0000] {processor.py:161} INFO - Started process (PID=3309) to work on /home/airflow/.local/lib/python3.12/site-packages/airflow/example_dags/example_nested_branch_dag.py
[2026-04-01T13:27:10.886+0000] {processor.py:830} INFO - Processing file /home/airflow/.local/lib/python3.12/site-packages/airflow/example_dags/example_nested_branch_dag.py for tasks to queue
[2026-04-01T13:27:10.887+0000] {logging_mixin.py:188} INFO - [2026-04-01T13:27:10.887+0000] {dagbag.py:545} INFO - Filling up the DagBag from /home/airflow/.local/lib/python3.12/site-packages/airflow/example_dags/example_nested_branch_dag.py
[2026-04-01T13:27:10.895+0000] {processor.py:840} INFO - DAG(s) 'example_nested_branch_dag' retrieved from /home/airflow/.local/lib/python3.12/site-packages/airflow/example_dags/example_nested_branch_dag.py
[2026-04-01T13:27:10.916+0000] {logging_mixin.py:188} INFO - [2026-04-01T13:27:10.916+0000] {dag.py:3096} INFO - Sync 1 DAGs
[2026-04-01T13:27:10.937+0000] {logging_mixin.py:188} INFO - [2026-04-01T13:27:10.936+0000] {dag.py:3954} INFO - Setting next_dagrun for example_nested_branch_dag to 2026-03-31 00:00:00+00:00, run_after=2026-04-01 00:00:00+00:00
[2026-04-01T13:27:10.954+0000] {processor.py:183} INFO - Processing /home/airflow/.local/lib/python3.12/site-packages/airflow/example_dags/example_nested_branch_dag.py took 0.075 seconds
[2026-04-01T13:27:41.514+0000] {processor.py:161} INFO - Started process (PID=3368) to work on /home/airflow/.local/lib/python3.12/site-packages/airflow/example_dags/example_nested_branch_dag.py
[2026-04-01T13:27:41.516+0000] {processor.py:830} INFO - Processing file /home/airflow/.local/lib/python3.12/site-packages/airflow/example_dags/example_nested_branch_dag.py for tasks to queue
[2026-04-01T13:27:41.518+0000] {logging_mixin.py:188} INFO - [2026-04-01T13:27:41.518+0000] {dagbag.py:545} INFO - Filling up the DagBag from /home/airflow/.local/lib/python3.12/site-packages/airflow/example_dags/example_nested_branch_dag.py
[2026-04-01T13:27:41.527+0000] {processor.py:840} INFO - DAG(s) 'example_nested_branch_dag' retrieved from /home/airflow/.local/lib/python3.12/site-packages/airflow/example_dags/example_nested_branch_dag.py
[2026-04-01T13:27:41.552+0000] {logging_mixin.py:188} INFO - [2026-04-01T13:27:41.551+0000] {dag.py:3096} INFO - Sync 1 DAGs
[2026-04-01T13:27:41.569+0000] {logging_mixin.py:188} INFO - [2026-04-01T13:27:41.569+0000] {dag.py:3954} INFO - Setting next_dagrun for example_nested_branch_dag to 2026-03-31 00:00:00+00:00, run_after=2026-04-01 00:00:00+00:00
[2026-04-01T13:27:41.586+0000] {processor.py:183} INFO - Processing /home/airflow/.local/lib/python3.12/site-packages/airflow/example_dags/example_nested_branch_dag.py took 0.081 seconds
[2026-04-01T13:28:12.066+0000] {processor.py:161} INFO - Started process (PID=3427) to work on /home/airflow/.local/lib/python3.12/site-packages/airflow/example_dags/example_nested_branch_dag.py
[2026-04-01T13:28:12.067+0000] {processor.py:830} INFO - Processing file /home/airflow/.local/lib/python3.12/site-packages/airflow/example_dags/example_nested_branch_dag.py for tasks to queue
[2026-04-01T13:28:12.069+0000] {logging_mixin.py:188} INFO - [2026-04-01T13:28:12.069+0000] {dagbag.py:545} INFO - Filling up the DagBag from /home/airflow/.local/lib/python3.12/site-packages/airflow/example_dags/example_nested_branch_dag.py
[2026-04-01T13:28:12.079+0000] {processor.py:840} INFO - DAG(s) 'example_nested_branch_dag' retrieved from /home/airflow/.local/lib/python3.12/site-packages/airflow/example_dags/example_nested_branch_dag.py
[2026-04-01T13:28:12.095+0000] {logging_mixin.py:188} INFO - [2026-04-01T13:28:12.095+0000] {dag.py:3096} INFO - Sync 1 DAGs
[2026-04-01T13:28:12.111+0000] {logging_mixin.py:188} INFO - [2026-04-01T13:28:12.111+0000] {dag.py:3954} INFO - Setting next_dagrun for example_nested_branch_dag to 2026-03-31 00:00:00+00:00, run_after=2026-04-01 00:00:00+00:00
[2026-04-01T13:28:12.127+0000] {processor.py:183} INFO - Processing /home/airflow/.local/lib/python3.12/site-packages/airflow/example_dags/example_nested_branch_dag.py took 0.066 seconds
[2026-04-01T13:28:42.394+0000] {processor.py:161} INFO - Started process (PID=3486) to work on /home/airflow/.local/lib/python3.12/site-packages/airflow/example_dags/example_nested_branch_dag.py
[2026-04-01T13:28:42.394+0000] {processor.py:830} INFO - Processing file /home/airflow/.local/lib/python3.12/site-packages/airflow/example_dags/example_nested_branch_dag.py for tasks to queue
[2026-04-01T13:28:42.396+0000] {logging_mixin.py:188} INFO - [2026-04-01T13:28:42.396+0000] {dagbag.py:545} INFO - Filling up the DagBag from /home/airflow/.local/lib/python3.12/site-packages/airflow/example_dags/example_nested_branch_dag.py
[2026-04-01T13:28:42.403+0000] {processor.py:840} INFO - DAG(s) 'example_nested_branch_dag' retrieved from /home/airflow/.local/lib/python3.12/site-packages/airflow/example_dags/example_nested_branch_dag.py
[2026-04-01T13:28:42.419+0000] {logging_mixin.py:188} INFO - [2026-04-01T13:28:42.418+0000] {dag.py:3096} INFO - Sync 1 DAGs
[2026-04-01T13:28:42.437+0000] {logging_mixin.py:188} INFO - [2026-04-01T13:28:42.436+0000] {dag.py:3954} INFO - Setting next_dagrun for example_nested_branch_dag to 2026-03-31 00:00:00+00:00, run_after=2026-04-01 00:00:00+00:00
[2026-04-01T13:28:42.454+0000] {processor.py:183} INFO - Processing /home/airflow/.local/lib/python3.12/site-packages/airflow/example_dags/example_nested_branch_dag.py took 0.065 seconds
[2026-04-01T13:29:12.892+0000] {processor.py:161} INFO - Started process (PID=3545) to work on /home/airflow/.local/lib/python3.12/site-packages/airflow/example_dags/example_nested_branch_dag.py
[2026-04-01T13:29:12.893+0000] {processor.py:830} INFO - Processing file /home/airflow/.local/lib/python3.12/site-packages/airflow/example_dags/example_nested_branch_dag.py for tasks to queue
[2026-04-01T13:29:12.895+0000] {logging_mixin.py:188} INFO - [2026-04-01T13:29:12.895+0000] {dagbag.py:545} INFO - Filling up the DagBag from /home/airflow/.local/lib/python3.12/site-packages/airflow/example_dags/example_nested_branch_dag.py
[2026-04-01T13:29:12.902+0000] {processor.py:840} INFO - DAG(s) 'example_nested_branch_dag' retrieved from /home/airflow/.local/lib/python3.12/site-packages/airflow/example_dags/example_nested_branch_dag.py
[2026-04-01T13:29:12.919+0000] {logging_mixin.py:188} INFO - [2026-04-01T13:29:12.919+0000] {dag.py:3096} INFO - Sync 1 DAGs
[2026-04-01T13:29:12.936+0000] {logging_mixin.py:188} INFO - [2026-04-01T13:29:12.936+0000] {dag.py:3954} INFO - Setting next_dagrun for example_nested_branch_dag to 2026-03-31 00:00:00+00:00, run_after=2026-04-01 00:00:00+00:00
[2026-04-01T13:29:12.953+0000] {processor.py:183} INFO - Processing /home/airflow/.local/lib/python3.12/site-packages/airflow/example_dags/example_nested_branch_dag.py took 0.066 seconds
[2026-04-01T13:29:43.236+0000] {processor.py:161} INFO - Started process (PID=3604) to work on /home/airflow/.local/lib/python3.12/site-packages/airflow/example_dags/example_nested_branch_dag.py
[2026-04-01T13:29:43.237+0000] {processor.py:830} INFO - Processing file /home/airflow/.local/lib/python3.12/site-packages/airflow/example_dags/example_nested_branch_dag.py for tasks to queue
[2026-04-01T13:29:43.238+0000] {logging_mixin.py:188} INFO - [2026-04-01T13:29:43.238+0000] {dagbag.py:545} INFO - Filling up the DagBag from /home/airflow/.local/lib/python3.12/site-packages/airflow/example_dags/example_nested_branch_dag.py
[2026-04-01T13:29:43.245+0000] {processor.py:840} INFO - DAG(s) 'example_nested_branch_dag' retrieved from /home/airflow/.local/lib/python3.12/site-packages/airflow/example_dags/example_nested_branch_dag.py
[2026-04-01T13:29:43.262+0000] {logging_mixin.py:188} INFO - [2026-04-01T13:29:43.262+0000] {dag.py:3096} INFO - Sync 1 DAGs
[2026-04-01T13:29:43.279+0000] {logging_mixin.py:188} INFO - [2026-04-01T13:29:43.279+0000] {dag.py:3954} INFO - Setting next_dagrun for example_nested_branch_dag to 2026-03-31 00:00:00+00:00, run_after=2026-04-01 00:00:00+00:00
[2026-04-01T13:29:43.298+0000] {processor.py:183} INFO - Processing /home/airflow/.local/lib/python3.12/site-packages/airflow/example_dags/example_nested_branch_dag.py took 0.067 seconds
[2026-04-01T13:30:13.555+0000] {processor.py:161} INFO - Started process (PID=3663) to work on /home/airflow/.local/lib/python3.12/site-packages/airflow/example_dags/example_nested_branch_dag.py
[2026-04-01T13:30:13.556+0000] {processor.py:830} INFO - Processing file /home/airflow/.local/lib/python3.12/site-packages/airflow/example_dags/example_nested_branch_dag.py for tasks to queue
[2026-04-01T13:30:13.557+0000] {logging_mixin.py:188} INFO - [2026-04-01T13:30:13.557+0000] {dagbag.py:545} INFO - Filling up the DagBag from /home/airflow/.local/lib/python3.12/site-packages/airflow/example_dags/example_nested_branch_dag.py
[2026-04-01T13:30:13.564+0000] {processor.py:840} INFO - DAG(s) 'example_nested_branch_dag' retrieved from /home/airflow/.local/lib/python3.12/site-packages/airflow/example_dags/example_nested_branch_dag.py
[2026-04-01T13:30:13.583+0000] {logging_mixin.py:188} INFO - [2026-04-01T13:30:13.582+0000] {dag.py:3096} INFO - Sync 1 DAGs
[2026-04-01T13:30:13.598+0000] {logging_mixin.py:188} INFO - [2026-04-01T13:30:13.598+0000] {dag.py:3954} INFO - Setting next_dagrun for example_nested_branch_dag to 2026-03-31 00:00:00+00:00, run_after=2026-04-01 00:00:00+00:00
[2026-04-01T13:30:13.615+0000] {processor.py:183} INFO - Processing /home/airflow/.local/lib/python3.12/site-packages/airflow/example_dags/example_nested_branch_dag.py took 0.064 seconds
[2026-04-01T13:30:43.892+0000] {processor.py:161} INFO - Started process (PID=3722) to work on /home/airflow/.local/lib/python3.12/site-packages/airflow/example_dags/example_nested_branch_dag.py
[2026-04-01T13:30:43.894+0000] {processor.py:830} INFO - Processing file /home/airflow/.local/lib/python3.12/site-packages/airflow/example_dags/example_nested_branch_dag.py for tasks to queue
[2026-04-01T13:30:43.896+0000] {logging_mixin.py:188} INFO - [2026-04-01T13:30:43.896+0000] {dagbag.py:545} INFO - Filling up the DagBag from /home/airflow/.local/lib/python3.12/site-packages/airflow/example_dags/example_nested_branch_dag.py
[2026-04-01T13:30:43.903+0000] {processor.py:840} INFO - DAG(s) 'example_nested_branch_dag' retrieved from /home/airflow/.local/lib/python3.12/site-packages/airflow/example_dags/example_nested_branch_dag.py
[2026-04-01T13:30:43.921+0000] {logging_mixin.py:188} INFO - [2026-04-01T13:30:43.921+0000] {dag.py:3096} INFO - Sync 1 DAGs
[2026-04-01T13:30:43.944+0000] {logging_mixin.py:188} INFO - [2026-04-01T13:30:43.944+0000] {dag.py:3954} INFO - Setting next_dagrun for example_nested_branch_dag to 2026-03-31 00:00:00+00:00, run_after=2026-04-01 00:00:00+00:00
[2026-04-01T13:30:43.961+0000] {processor.py:183} INFO - Processing /home/airflow/.local/lib/python3.12/site-packages/airflow/example_dags/example_nested_branch_dag.py took 0.075 seconds
[2026-04-01T13:31:14.331+0000] {processor.py:161} INFO - Started process (PID=3781) to work on /home/airflow/.local/lib/python3.12/site-packages/airflow/example_dags/example_nested_branch_dag.py
[2026-04-01T13:31:14.332+0000] {processor.py:830} INFO - Processing file /home/airflow/.local/lib/python3.12/site-packages/airflow/example_dags/example_nested_branch_dag.py for tasks to queue
[2026-04-01T13:31:14.333+0000] {logging_mixin.py:188} INFO - [2026-04-01T13:31:14.333+0000] {dagbag.py:545} INFO - Filling up the DagBag from /home/airflow/.local/lib/python3.12/site-packages/airflow/example_dags/example_nested_branch_dag.py
[2026-04-01T13:31:14.342+0000] {processor.py:840} INFO - DAG(s) 'example_nested_branch_dag' retrieved from /home/airflow/.local/lib/python3.12/site-packages/airflow/example_dags/example_nested_branch_dag.py
[2026-04-01T13:31:14.361+0000] {logging_mixin.py:188} INFO - [2026-04-01T13:31:14.361+0000] {dag.py:3096} INFO - Sync 1 DAGs
[2026-04-01T13:31:14.376+0000] {logging_mixin.py:188} INFO - [2026-04-01T13:31:14.376+0000] {dag.py:3954} INFO - Setting next_dagrun for example_nested_branch_dag to 2026-03-31 00:00:00+00:00, run_after=2026-04-01 00:00:00+00:00
[2026-04-01T13:31:14.391+0000] {processor.py:183} INFO - Processing /home/airflow/.local/lib/python3.12/site-packages/airflow/example_dags/example_nested_branch_dag.py took 0.065 seconds
