[2026-04-01T12:58:49.684+0000] {processor.py:161} INFO - Started process (PID=52) to work on /home/airflow/.local/lib/python3.12/site-packages/airflow/example_dags/example_short_circuit_decorator.py
[2026-04-01T12:58:49.686+0000] {processor.py:830} INFO - Processing file /home/airflow/.local/lib/python3.12/site-packages/airflow/example_dags/example_short_circuit_decorator.py for tasks to queue
[2026-04-01T12:58:49.688+0000] {logging_mixin.py:188} INFO - [2026-04-01T12:58:49.688+0000] {dagbag.py:545} INFO - Filling up the DagBag from /home/airflow/.local/lib/python3.12/site-packages/airflow/example_dags/example_short_circuit_decorator.py
[2026-04-01T12:58:49.707+0000] {processor.py:840} INFO - DAG(s) 'example_short_circuit_decorator' retrieved from /home/airflow/.local/lib/python3.12/site-packages/airflow/example_dags/example_short_circuit_decorator.py
[2026-04-01T12:58:49.722+0000] {logging_mixin.py:188} INFO - [2026-04-01T12:58:49.722+0000] {dag.py:3096} INFO - Sync 1 DAGs
[2026-04-01T12:58:49.746+0000] {logging_mixin.py:188} INFO - [2026-04-01T12:58:49.746+0000] {dag.py:3954} INFO - Setting next_dagrun for example_short_circuit_decorator to 2026-03-31 00:00:00+00:00, run_after=2026-04-01 00:00:00+00:00
[2026-04-01T12:58:49.769+0000] {processor.py:183} INFO - Processing /home/airflow/.local/lib/python3.12/site-packages/airflow/example_dags/example_short_circuit_decorator.py took 0.094 seconds
[2026-04-01T12:59:20.095+0000] {processor.py:161} INFO - Started process (PID=116) to work on /home/airflow/.local/lib/python3.12/site-packages/airflow/example_dags/example_short_circuit_decorator.py
[2026-04-01T12:59:20.096+0000] {processor.py:830} INFO - Processing file /home/airflow/.local/lib/python3.12/site-packages/airflow/example_dags/example_short_circuit_decorator.py for tasks to queue
[2026-04-01T12:59:20.097+0000] {logging_mixin.py:188} INFO - [2026-04-01T12:59:20.097+0000] {dagbag.py:545} INFO - Filling up the DagBag from /home/airflow/.local/lib/python3.12/site-packages/airflow/example_dags/example_short_circuit_decorator.py
[2026-04-01T12:59:20.105+0000] {processor.py:840} INFO - DAG(s) 'example_short_circuit_decorator' retrieved from /home/airflow/.local/lib/python3.12/site-packages/airflow/example_dags/example_short_circuit_decorator.py
[2026-04-01T12:59:20.193+0000] {logging_mixin.py:188} INFO - [2026-04-01T12:59:20.192+0000] {dag.py:3096} INFO - Sync 1 DAGs
[2026-04-01T12:59:20.208+0000] {logging_mixin.py:188} INFO - [2026-04-01T12:59:20.208+0000] {dag.py:3954} INFO - Setting next_dagrun for example_short_circuit_decorator to 2026-03-31 00:00:00+00:00, run_after=2026-04-01 00:00:00+00:00
[2026-04-01T12:59:20.225+0000] {processor.py:183} INFO - Processing /home/airflow/.local/lib/python3.12/site-packages/airflow/example_dags/example_short_circuit_decorator.py took 0.135 seconds
[2026-04-01T12:59:51.083+0000] {processor.py:161} INFO - Started process (PID=174) to work on /home/airflow/.local/lib/python3.12/site-packages/airflow/example_dags/example_short_circuit_decorator.py
[2026-04-01T12:59:51.084+0000] {processor.py:830} INFO - Processing file /home/airflow/.local/lib/python3.12/site-packages/airflow/example_dags/example_short_circuit_decorator.py for tasks to queue
[2026-04-01T12:59:51.086+0000] {logging_mixin.py:188} INFO - [2026-04-01T12:59:51.086+0000] {dagbag.py:545} INFO - Filling up the DagBag from /home/airflow/.local/lib/python3.12/site-packages/airflow/example_dags/example_short_circuit_decorator.py
[2026-04-01T12:59:51.095+0000] {processor.py:840} INFO - DAG(s) 'example_short_circuit_decorator' retrieved from /home/airflow/.local/lib/python3.12/site-packages/airflow/example_dags/example_short_circuit_decorator.py
[2026-04-01T12:59:51.116+0000] {logging_mixin.py:188} INFO - [2026-04-01T12:59:51.116+0000] {dag.py:3096} INFO - Sync 1 DAGs
[2026-04-01T12:59:51.131+0000] {logging_mixin.py:188} INFO - [2026-04-01T12:59:51.131+0000] {dag.py:3954} INFO - Setting next_dagrun for example_short_circuit_decorator to 2026-03-31 00:00:00+00:00, run_after=2026-04-01 00:00:00+00:00
[2026-04-01T12:59:51.146+0000] {processor.py:183} INFO - Processing /home/airflow/.local/lib/python3.12/site-packages/airflow/example_dags/example_short_circuit_decorator.py took 0.070 seconds
[2026-04-01T13:00:21.552+0000] {processor.py:161} INFO - Started process (PID=232) to work on /home/airflow/.local/lib/python3.12/site-packages/airflow/example_dags/example_short_circuit_decorator.py
[2026-04-01T13:00:21.553+0000] {processor.py:830} INFO - Processing file /home/airflow/.local/lib/python3.12/site-packages/airflow/example_dags/example_short_circuit_decorator.py for tasks to queue
[2026-04-01T13:00:21.554+0000] {logging_mixin.py:188} INFO - [2026-04-01T13:00:21.554+0000] {dagbag.py:545} INFO - Filling up the DagBag from /home/airflow/.local/lib/python3.12/site-packages/airflow/example_dags/example_short_circuit_decorator.py
[2026-04-01T13:00:21.561+0000] {processor.py:840} INFO - DAG(s) 'example_short_circuit_decorator' retrieved from /home/airflow/.local/lib/python3.12/site-packages/airflow/example_dags/example_short_circuit_decorator.py
[2026-04-01T13:00:21.577+0000] {logging_mixin.py:188} INFO - [2026-04-01T13:00:21.577+0000] {dag.py:3096} INFO - Sync 1 DAGs
[2026-04-01T13:00:21.593+0000] {logging_mixin.py:188} INFO - [2026-04-01T13:00:21.593+0000] {dag.py:3954} INFO - Setting next_dagrun for example_short_circuit_decorator to 2026-03-31 00:00:00+00:00, run_after=2026-04-01 00:00:00+00:00
[2026-04-01T13:00:21.609+0000] {processor.py:183} INFO - Processing /home/airflow/.local/lib/python3.12/site-packages/airflow/example_dags/example_short_circuit_decorator.py took 0.061 seconds
[2026-04-01T13:00:51.710+0000] {processor.py:161} INFO - Started process (PID=290) to work on /home/airflow/.local/lib/python3.12/site-packages/airflow/example_dags/example_short_circuit_decorator.py
[2026-04-01T13:00:51.711+0000] {processor.py:830} INFO - Processing file /home/airflow/.local/lib/python3.12/site-packages/airflow/example_dags/example_short_circuit_decorator.py for tasks to queue
[2026-04-01T13:00:51.712+0000] {logging_mixin.py:188} INFO - [2026-04-01T13:00:51.712+0000] {dagbag.py:545} INFO - Filling up the DagBag from /home/airflow/.local/lib/python3.12/site-packages/airflow/example_dags/example_short_circuit_decorator.py
[2026-04-01T13:00:51.718+0000] {processor.py:840} INFO - DAG(s) 'example_short_circuit_decorator' retrieved from /home/airflow/.local/lib/python3.12/site-packages/airflow/example_dags/example_short_circuit_decorator.py
[2026-04-01T13:00:51.733+0000] {logging_mixin.py:188} INFO - [2026-04-01T13:00:51.733+0000] {dag.py:3096} INFO - Sync 1 DAGs
[2026-04-01T13:00:51.748+0000] {logging_mixin.py:188} INFO - [2026-04-01T13:00:51.748+0000] {dag.py:3954} INFO - Setting next_dagrun for example_short_circuit_decorator to 2026-03-31 00:00:00+00:00, run_after=2026-04-01 00:00:00+00:00
[2026-04-01T13:00:51.765+0000] {processor.py:183} INFO - Processing /home/airflow/.local/lib/python3.12/site-packages/airflow/example_dags/example_short_circuit_decorator.py took 0.060 seconds
[2026-04-01T13:01:21.993+0000] {processor.py:161} INFO - Started process (PID=348) to work on /home/airflow/.local/lib/python3.12/site-packages/airflow/example_dags/example_short_circuit_decorator.py
[2026-04-01T13:01:21.994+0000] {processor.py:830} INFO - Processing file /home/airflow/.local/lib/python3.12/site-packages/airflow/example_dags/example_short_circuit_decorator.py for tasks to queue
[2026-04-01T13:01:21.995+0000] {logging_mixin.py:188} INFO - [2026-04-01T13:01:21.995+0000] {dagbag.py:545} INFO - Filling up the DagBag from /home/airflow/.local/lib/python3.12/site-packages/airflow/example_dags/example_short_circuit_decorator.py
[2026-04-01T13:01:22.003+0000] {processor.py:840} INFO - DAG(s) 'example_short_circuit_decorator' retrieved from /home/airflow/.local/lib/python3.12/site-packages/airflow/example_dags/example_short_circuit_decorator.py
[2026-04-01T13:01:22.019+0000] {logging_mixin.py:188} INFO - [2026-04-01T13:01:22.019+0000] {dag.py:3096} INFO - Sync 1 DAGs
[2026-04-01T13:01:22.034+0000] {logging_mixin.py:188} INFO - [2026-04-01T13:01:22.034+0000] {dag.py:3954} INFO - Setting next_dagrun for example_short_circuit_decorator to 2026-03-31 00:00:00+00:00, run_after=2026-04-01 00:00:00+00:00
[2026-04-01T13:01:22.049+0000] {processor.py:183} INFO - Processing /home/airflow/.local/lib/python3.12/site-packages/airflow/example_dags/example_short_circuit_decorator.py took 0.061 seconds
[2026-04-01T13:01:52.187+0000] {processor.py:161} INFO - Started process (PID=406) to work on /home/airflow/.local/lib/python3.12/site-packages/airflow/example_dags/example_short_circuit_decorator.py
[2026-04-01T13:01:52.188+0000] {processor.py:830} INFO - Processing file /home/airflow/.local/lib/python3.12/site-packages/airflow/example_dags/example_short_circuit_decorator.py for tasks to queue
[2026-04-01T13:01:52.190+0000] {logging_mixin.py:188} INFO - [2026-04-01T13:01:52.190+0000] {dagbag.py:545} INFO - Filling up the DagBag from /home/airflow/.local/lib/python3.12/site-packages/airflow/example_dags/example_short_circuit_decorator.py
[2026-04-01T13:01:52.197+0000] {processor.py:840} INFO - DAG(s) 'example_short_circuit_decorator' retrieved from /home/airflow/.local/lib/python3.12/site-packages/airflow/example_dags/example_short_circuit_decorator.py
[2026-04-01T13:01:52.215+0000] {logging_mixin.py:188} INFO - [2026-04-01T13:01:52.214+0000] {dag.py:3096} INFO - Sync 1 DAGs
[2026-04-01T13:01:52.232+0000] {logging_mixin.py:188} INFO - [2026-04-01T13:01:52.232+0000] {dag.py:3954} INFO - Setting next_dagrun for example_short_circuit_decorator to 2026-03-31 00:00:00+00:00, run_after=2026-04-01 00:00:00+00:00
[2026-04-01T13:01:52.251+0000] {processor.py:183} INFO - Processing /home/airflow/.local/lib/python3.12/site-packages/airflow/example_dags/example_short_circuit_decorator.py took 0.069 seconds
[2026-04-01T13:02:22.355+0000] {processor.py:161} INFO - Started process (PID=464) to work on /home/airflow/.local/lib/python3.12/site-packages/airflow/example_dags/example_short_circuit_decorator.py
[2026-04-01T13:02:22.356+0000] {processor.py:830} INFO - Processing file /home/airflow/.local/lib/python3.12/site-packages/airflow/example_dags/example_short_circuit_decorator.py for tasks to queue
[2026-04-01T13:02:22.358+0000] {logging_mixin.py:188} INFO - [2026-04-01T13:02:22.358+0000] {dagbag.py:545} INFO - Filling up the DagBag from /home/airflow/.local/lib/python3.12/site-packages/airflow/example_dags/example_short_circuit_decorator.py
[2026-04-01T13:02:22.365+0000] {processor.py:840} INFO - DAG(s) 'example_short_circuit_decorator' retrieved from /home/airflow/.local/lib/python3.12/site-packages/airflow/example_dags/example_short_circuit_decorator.py
[2026-04-01T13:02:22.385+0000] {logging_mixin.py:188} INFO - [2026-04-01T13:02:22.385+0000] {dag.py:3096} INFO - Sync 1 DAGs
[2026-04-01T13:02:22.405+0000] {logging_mixin.py:188} INFO - [2026-04-01T13:02:22.405+0000] {dag.py:3954} INFO - Setting next_dagrun for example_short_circuit_decorator to 2026-03-31 00:00:00+00:00, run_after=2026-04-01 00:00:00+00:00
[2026-04-01T13:02:22.429+0000] {processor.py:183} INFO - Processing /home/airflow/.local/lib/python3.12/site-packages/airflow/example_dags/example_short_circuit_decorator.py took 0.080 seconds
[2026-04-01T13:02:52.607+0000] {processor.py:161} INFO - Started process (PID=522) to work on /home/airflow/.local/lib/python3.12/site-packages/airflow/example_dags/example_short_circuit_decorator.py
[2026-04-01T13:02:52.608+0000] {processor.py:830} INFO - Processing file /home/airflow/.local/lib/python3.12/site-packages/airflow/example_dags/example_short_circuit_decorator.py for tasks to queue
[2026-04-01T13:02:52.610+0000] {logging_mixin.py:188} INFO - [2026-04-01T13:02:52.609+0000] {dagbag.py:545} INFO - Filling up the DagBag from /home/airflow/.local/lib/python3.12/site-packages/airflow/example_dags/example_short_circuit_decorator.py
[2026-04-01T13:02:52.616+0000] {processor.py:840} INFO - DAG(s) 'example_short_circuit_decorator' retrieved from /home/airflow/.local/lib/python3.12/site-packages/airflow/example_dags/example_short_circuit_decorator.py
[2026-04-01T13:02:52.635+0000] {logging_mixin.py:188} INFO - [2026-04-01T13:02:52.635+0000] {dag.py:3096} INFO - Sync 1 DAGs
[2026-04-01T13:02:52.651+0000] {logging_mixin.py:188} INFO - [2026-04-01T13:02:52.651+0000] {dag.py:3954} INFO - Setting next_dagrun for example_short_circuit_decorator to 2026-03-31 00:00:00+00:00, run_after=2026-04-01 00:00:00+00:00
[2026-04-01T13:02:52.668+0000] {processor.py:183} INFO - Processing /home/airflow/.local/lib/python3.12/site-packages/airflow/example_dags/example_short_circuit_decorator.py took 0.065 seconds
[2026-04-01T13:03:22.762+0000] {processor.py:161} INFO - Started process (PID=580) to work on /home/airflow/.local/lib/python3.12/site-packages/airflow/example_dags/example_short_circuit_decorator.py
[2026-04-01T13:03:22.763+0000] {processor.py:830} INFO - Processing file /home/airflow/.local/lib/python3.12/site-packages/airflow/example_dags/example_short_circuit_decorator.py for tasks to queue
[2026-04-01T13:03:22.765+0000] {logging_mixin.py:188} INFO - [2026-04-01T13:03:22.765+0000] {dagbag.py:545} INFO - Filling up the DagBag from /home/airflow/.local/lib/python3.12/site-packages/airflow/example_dags/example_short_circuit_decorator.py
[2026-04-01T13:03:22.772+0000] {processor.py:840} INFO - DAG(s) 'example_short_circuit_decorator' retrieved from /home/airflow/.local/lib/python3.12/site-packages/airflow/example_dags/example_short_circuit_decorator.py
[2026-04-01T13:03:22.787+0000] {logging_mixin.py:188} INFO - [2026-04-01T13:03:22.787+0000] {dag.py:3096} INFO - Sync 1 DAGs
[2026-04-01T13:03:22.807+0000] {logging_mixin.py:188} INFO - [2026-04-01T13:03:22.807+0000] {dag.py:3954} INFO - Setting next_dagrun for example_short_circuit_decorator to 2026-03-31 00:00:00+00:00, run_after=2026-04-01 00:00:00+00:00
[2026-04-01T13:03:22.827+0000] {processor.py:183} INFO - Processing /home/airflow/.local/lib/python3.12/site-packages/airflow/example_dags/example_short_circuit_decorator.py took 0.071 seconds
[2026-04-01T13:03:53.041+0000] {processor.py:161} INFO - Started process (PID=638) to work on /home/airflow/.local/lib/python3.12/site-packages/airflow/example_dags/example_short_circuit_decorator.py
[2026-04-01T13:03:53.041+0000] {processor.py:830} INFO - Processing file /home/airflow/.local/lib/python3.12/site-packages/airflow/example_dags/example_short_circuit_decorator.py for tasks to queue
[2026-04-01T13:03:53.043+0000] {logging_mixin.py:188} INFO - [2026-04-01T13:03:53.043+0000] {dagbag.py:545} INFO - Filling up the DagBag from /home/airflow/.local/lib/python3.12/site-packages/airflow/example_dags/example_short_circuit_decorator.py
[2026-04-01T13:03:53.050+0000] {processor.py:840} INFO - DAG(s) 'example_short_circuit_decorator' retrieved from /home/airflow/.local/lib/python3.12/site-packages/airflow/example_dags/example_short_circuit_decorator.py
[2026-04-01T13:03:53.070+0000] {logging_mixin.py:188} INFO - [2026-04-01T13:03:53.069+0000] {dag.py:3096} INFO - Sync 1 DAGs
[2026-04-01T13:03:53.087+0000] {logging_mixin.py:188} INFO - [2026-04-01T13:03:53.087+0000] {dag.py:3954} INFO - Setting next_dagrun for example_short_circuit_decorator to 2026-03-31 00:00:00+00:00, run_after=2026-04-01 00:00:00+00:00
[2026-04-01T13:03:53.103+0000] {processor.py:183} INFO - Processing /home/airflow/.local/lib/python3.12/site-packages/airflow/example_dags/example_short_circuit_decorator.py took 0.066 seconds
[2026-04-01T13:04:23.308+0000] {processor.py:161} INFO - Started process (PID=696) to work on /home/airflow/.local/lib/python3.12/site-packages/airflow/example_dags/example_short_circuit_decorator.py
[2026-04-01T13:04:23.308+0000] {processor.py:830} INFO - Processing file /home/airflow/.local/lib/python3.12/site-packages/airflow/example_dags/example_short_circuit_decorator.py for tasks to queue
[2026-04-01T13:04:23.310+0000] {logging_mixin.py:188} INFO - [2026-04-01T13:04:23.310+0000] {dagbag.py:545} INFO - Filling up the DagBag from /home/airflow/.local/lib/python3.12/site-packages/airflow/example_dags/example_short_circuit_decorator.py
[2026-04-01T13:04:23.318+0000] {processor.py:840} INFO - DAG(s) 'example_short_circuit_decorator' retrieved from /home/airflow/.local/lib/python3.12/site-packages/airflow/example_dags/example_short_circuit_decorator.py
[2026-04-01T13:04:23.337+0000] {logging_mixin.py:188} INFO - [2026-04-01T13:04:23.336+0000] {dag.py:3096} INFO - Sync 1 DAGs
[2026-04-01T13:04:23.353+0000] {logging_mixin.py:188} INFO - [2026-04-01T13:04:23.353+0000] {dag.py:3954} INFO - Setting next_dagrun for example_short_circuit_decorator to 2026-03-31 00:00:00+00:00, run_after=2026-04-01 00:00:00+00:00
[2026-04-01T13:04:23.369+0000] {processor.py:183} INFO - Processing /home/airflow/.local/lib/python3.12/site-packages/airflow/example_dags/example_short_circuit_decorator.py took 0.067 seconds
[2026-04-01T13:04:53.624+0000] {processor.py:161} INFO - Started process (PID=754) to work on /home/airflow/.local/lib/python3.12/site-packages/airflow/example_dags/example_short_circuit_decorator.py
[2026-04-01T13:04:53.625+0000] {processor.py:830} INFO - Processing file /home/airflow/.local/lib/python3.12/site-packages/airflow/example_dags/example_short_circuit_decorator.py for tasks to queue
[2026-04-01T13:04:53.626+0000] {logging_mixin.py:188} INFO - [2026-04-01T13:04:53.626+0000] {dagbag.py:545} INFO - Filling up the DagBag from /home/airflow/.local/lib/python3.12/site-packages/airflow/example_dags/example_short_circuit_decorator.py
[2026-04-01T13:04:53.633+0000] {processor.py:840} INFO - DAG(s) 'example_short_circuit_decorator' retrieved from /home/airflow/.local/lib/python3.12/site-packages/airflow/example_dags/example_short_circuit_decorator.py
[2026-04-01T13:04:53.648+0000] {logging_mixin.py:188} INFO - [2026-04-01T13:04:53.648+0000] {dag.py:3096} INFO - Sync 1 DAGs
[2026-04-01T13:04:53.665+0000] {logging_mixin.py:188} INFO - [2026-04-01T13:04:53.664+0000] {dag.py:3954} INFO - Setting next_dagrun for example_short_circuit_decorator to 2026-03-31 00:00:00+00:00, run_after=2026-04-01 00:00:00+00:00
[2026-04-01T13:04:53.680+0000] {processor.py:183} INFO - Processing /home/airflow/.local/lib/python3.12/site-packages/airflow/example_dags/example_short_circuit_decorator.py took 0.060 seconds
[2026-04-01T13:05:23.755+0000] {processor.py:161} INFO - Started process (PID=812) to work on /home/airflow/.local/lib/python3.12/site-packages/airflow/example_dags/example_short_circuit_decorator.py
[2026-04-01T13:05:23.756+0000] {processor.py:830} INFO - Processing file /home/airflow/.local/lib/python3.12/site-packages/airflow/example_dags/example_short_circuit_decorator.py for tasks to queue
[2026-04-01T13:05:23.758+0000] {logging_mixin.py:188} INFO - [2026-04-01T13:05:23.757+0000] {dagbag.py:545} INFO - Filling up the DagBag from /home/airflow/.local/lib/python3.12/site-packages/airflow/example_dags/example_short_circuit_decorator.py
[2026-04-01T13:05:23.765+0000] {processor.py:840} INFO - DAG(s) 'example_short_circuit_decorator' retrieved from /home/airflow/.local/lib/python3.12/site-packages/airflow/example_dags/example_short_circuit_decorator.py
[2026-04-01T13:05:23.780+0000] {logging_mixin.py:188} INFO - [2026-04-01T13:05:23.780+0000] {dag.py:3096} INFO - Sync 1 DAGs
[2026-04-01T13:05:23.796+0000] {logging_mixin.py:188} INFO - [2026-04-01T13:05:23.796+0000] {dag.py:3954} INFO - Setting next_dagrun for example_short_circuit_decorator to 2026-03-31 00:00:00+00:00, run_after=2026-04-01 00:00:00+00:00
[2026-04-01T13:05:23.813+0000] {processor.py:183} INFO - Processing /home/airflow/.local/lib/python3.12/site-packages/airflow/example_dags/example_short_circuit_decorator.py took 0.062 seconds
[2026-04-01T13:05:53.941+0000] {processor.py:161} INFO - Started process (PID=870) to work on /home/airflow/.local/lib/python3.12/site-packages/airflow/example_dags/example_short_circuit_decorator.py
[2026-04-01T13:05:53.941+0000] {processor.py:830} INFO - Processing file /home/airflow/.local/lib/python3.12/site-packages/airflow/example_dags/example_short_circuit_decorator.py for tasks to queue
[2026-04-01T13:05:53.943+0000] {logging_mixin.py:188} INFO - [2026-04-01T13:05:53.943+0000] {dagbag.py:545} INFO - Filling up the DagBag from /home/airflow/.local/lib/python3.12/site-packages/airflow/example_dags/example_short_circuit_decorator.py
[2026-04-01T13:05:53.949+0000] {processor.py:840} INFO - DAG(s) 'example_short_circuit_decorator' retrieved from /home/airflow/.local/lib/python3.12/site-packages/airflow/example_dags/example_short_circuit_decorator.py
[2026-04-01T13:05:53.967+0000] {logging_mixin.py:188} INFO - [2026-04-01T13:05:53.967+0000] {dag.py:3096} INFO - Sync 1 DAGs
[2026-04-01T13:05:53.983+0000] {logging_mixin.py:188} INFO - [2026-04-01T13:05:53.983+0000] {dag.py:3954} INFO - Setting next_dagrun for example_short_circuit_decorator to 2026-03-31 00:00:00+00:00, run_after=2026-04-01 00:00:00+00:00
[2026-04-01T13:05:53.999+0000] {processor.py:183} INFO - Processing /home/airflow/.local/lib/python3.12/site-packages/airflow/example_dags/example_short_circuit_decorator.py took 0.063 seconds
[2026-04-01T13:06:24.153+0000] {processor.py:161} INFO - Started process (PID=928) to work on /home/airflow/.local/lib/python3.12/site-packages/airflow/example_dags/example_short_circuit_decorator.py
[2026-04-01T13:06:24.154+0000] {processor.py:830} INFO - Processing file /home/airflow/.local/lib/python3.12/site-packages/airflow/example_dags/example_short_circuit_decorator.py for tasks to queue
[2026-04-01T13:06:24.156+0000] {logging_mixin.py:188} INFO - [2026-04-01T13:06:24.155+0000] {dagbag.py:545} INFO - Filling up the DagBag from /home/airflow/.local/lib/python3.12/site-packages/airflow/example_dags/example_short_circuit_decorator.py
[2026-04-01T13:06:24.163+0000] {processor.py:840} INFO - DAG(s) 'example_short_circuit_decorator' retrieved from /home/airflow/.local/lib/python3.12/site-packages/airflow/example_dags/example_short_circuit_decorator.py
[2026-04-01T13:06:24.180+0000] {logging_mixin.py:188} INFO - [2026-04-01T13:06:24.180+0000] {dag.py:3096} INFO - Sync 1 DAGs
[2026-04-01T13:06:24.196+0000] {logging_mixin.py:188} INFO - [2026-04-01T13:06:24.196+0000] {dag.py:3954} INFO - Setting next_dagrun for example_short_circuit_decorator to 2026-03-31 00:00:00+00:00, run_after=2026-04-01 00:00:00+00:00
[2026-04-01T13:06:24.214+0000] {processor.py:183} INFO - Processing /home/airflow/.local/lib/python3.12/site-packages/airflow/example_dags/example_short_circuit_decorator.py took 0.066 seconds
[2026-04-01T13:06:54.441+0000] {processor.py:161} INFO - Started process (PID=986) to work on /home/airflow/.local/lib/python3.12/site-packages/airflow/example_dags/example_short_circuit_decorator.py
[2026-04-01T13:06:54.442+0000] {processor.py:830} INFO - Processing file /home/airflow/.local/lib/python3.12/site-packages/airflow/example_dags/example_short_circuit_decorator.py for tasks to queue
[2026-04-01T13:06:54.444+0000] {logging_mixin.py:188} INFO - [2026-04-01T13:06:54.443+0000] {dagbag.py:545} INFO - Filling up the DagBag from /home/airflow/.local/lib/python3.12/site-packages/airflow/example_dags/example_short_circuit_decorator.py
[2026-04-01T13:06:54.451+0000] {processor.py:840} INFO - DAG(s) 'example_short_circuit_decorator' retrieved from /home/airflow/.local/lib/python3.12/site-packages/airflow/example_dags/example_short_circuit_decorator.py
[2026-04-01T13:06:54.466+0000] {logging_mixin.py:188} INFO - [2026-04-01T13:06:54.466+0000] {dag.py:3096} INFO - Sync 1 DAGs
[2026-04-01T13:06:54.481+0000] {logging_mixin.py:188} INFO - [2026-04-01T13:06:54.481+0000] {dag.py:3954} INFO - Setting next_dagrun for example_short_circuit_decorator to 2026-03-31 00:00:00+00:00, run_after=2026-04-01 00:00:00+00:00
[2026-04-01T13:06:54.497+0000] {processor.py:183} INFO - Processing /home/airflow/.local/lib/python3.12/site-packages/airflow/example_dags/example_short_circuit_decorator.py took 0.060 seconds
[2026-04-01T13:07:24.831+0000] {processor.py:161} INFO - Started process (PID=1044) to work on /home/airflow/.local/lib/python3.12/site-packages/airflow/example_dags/example_short_circuit_decorator.py
[2026-04-01T13:07:24.832+0000] {processor.py:830} INFO - Processing file /home/airflow/.local/lib/python3.12/site-packages/airflow/example_dags/example_short_circuit_decorator.py for tasks to queue
[2026-04-01T13:07:24.834+0000] {logging_mixin.py:188} INFO - [2026-04-01T13:07:24.833+0000] {dagbag.py:545} INFO - Filling up the DagBag from /home/airflow/.local/lib/python3.12/site-packages/airflow/example_dags/example_short_circuit_decorator.py
[2026-04-01T13:07:24.840+0000] {processor.py:840} INFO - DAG(s) 'example_short_circuit_decorator' retrieved from /home/airflow/.local/lib/python3.12/site-packages/airflow/example_dags/example_short_circuit_decorator.py
[2026-04-01T13:07:24.856+0000] {logging_mixin.py:188} INFO - [2026-04-01T13:07:24.856+0000] {dag.py:3096} INFO - Sync 1 DAGs
[2026-04-01T13:07:24.872+0000] {logging_mixin.py:188} INFO - [2026-04-01T13:07:24.872+0000] {dag.py:3954} INFO - Setting next_dagrun for example_short_circuit_decorator to 2026-03-31 00:00:00+00:00, run_after=2026-04-01 00:00:00+00:00
[2026-04-01T13:07:24.886+0000] {processor.py:183} INFO - Processing /home/airflow/.local/lib/python3.12/site-packages/airflow/example_dags/example_short_circuit_decorator.py took 0.060 seconds
[2026-04-01T13:07:55.050+0000] {processor.py:161} INFO - Started process (PID=1102) to work on /home/airflow/.local/lib/python3.12/site-packages/airflow/example_dags/example_short_circuit_decorator.py
[2026-04-01T13:07:55.051+0000] {processor.py:830} INFO - Processing file /home/airflow/.local/lib/python3.12/site-packages/airflow/example_dags/example_short_circuit_decorator.py for tasks to queue
[2026-04-01T13:07:55.053+0000] {logging_mixin.py:188} INFO - [2026-04-01T13:07:55.053+0000] {dagbag.py:545} INFO - Filling up the DagBag from /home/airflow/.local/lib/python3.12/site-packages/airflow/example_dags/example_short_circuit_decorator.py
[2026-04-01T13:07:55.059+0000] {processor.py:840} INFO - DAG(s) 'example_short_circuit_decorator' retrieved from /home/airflow/.local/lib/python3.12/site-packages/airflow/example_dags/example_short_circuit_decorator.py
[2026-04-01T13:07:55.076+0000] {logging_mixin.py:188} INFO - [2026-04-01T13:07:55.076+0000] {dag.py:3096} INFO - Sync 1 DAGs
[2026-04-01T13:07:55.091+0000] {logging_mixin.py:188} INFO - [2026-04-01T13:07:55.091+0000] {dag.py:3954} INFO - Setting next_dagrun for example_short_circuit_decorator to 2026-03-31 00:00:00+00:00, run_after=2026-04-01 00:00:00+00:00
[2026-04-01T13:07:55.106+0000] {processor.py:183} INFO - Processing /home/airflow/.local/lib/python3.12/site-packages/airflow/example_dags/example_short_circuit_decorator.py took 0.061 seconds
[2026-04-01T13:08:25.233+0000] {processor.py:161} INFO - Started process (PID=1160) to work on /home/airflow/.local/lib/python3.12/site-packages/airflow/example_dags/example_short_circuit_decorator.py
[2026-04-01T13:08:25.234+0000] {processor.py:830} INFO - Processing file /home/airflow/.local/lib/python3.12/site-packages/airflow/example_dags/example_short_circuit_decorator.py for tasks to queue
[2026-04-01T13:08:25.235+0000] {logging_mixin.py:188} INFO - [2026-04-01T13:08:25.235+0000] {dagbag.py:545} INFO - Filling up the DagBag from /home/airflow/.local/lib/python3.12/site-packages/airflow/example_dags/example_short_circuit_decorator.py
[2026-04-01T13:08:25.242+0000] {processor.py:840} INFO - DAG(s) 'example_short_circuit_decorator' retrieved from /home/airflow/.local/lib/python3.12/site-packages/airflow/example_dags/example_short_circuit_decorator.py
[2026-04-01T13:08:25.260+0000] {logging_mixin.py:188} INFO - [2026-04-01T13:08:25.260+0000] {dag.py:3096} INFO - Sync 1 DAGs
[2026-04-01T13:08:25.277+0000] {logging_mixin.py:188} INFO - [2026-04-01T13:08:25.277+0000] {dag.py:3954} INFO - Setting next_dagrun for example_short_circuit_decorator to 2026-03-31 00:00:00+00:00, run_after=2026-04-01 00:00:00+00:00
[2026-04-01T13:08:25.295+0000] {processor.py:183} INFO - Processing /home/airflow/.local/lib/python3.12/site-packages/airflow/example_dags/example_short_circuit_decorator.py took 0.068 seconds
[2026-04-01T13:08:55.536+0000] {processor.py:161} INFO - Started process (PID=1218) to work on /home/airflow/.local/lib/python3.12/site-packages/airflow/example_dags/example_short_circuit_decorator.py
[2026-04-01T13:08:55.536+0000] {processor.py:830} INFO - Processing file /home/airflow/.local/lib/python3.12/site-packages/airflow/example_dags/example_short_circuit_decorator.py for tasks to queue
[2026-04-01T13:08:55.538+0000] {logging_mixin.py:188} INFO - [2026-04-01T13:08:55.538+0000] {dagbag.py:545} INFO - Filling up the DagBag from /home/airflow/.local/lib/python3.12/site-packages/airflow/example_dags/example_short_circuit_decorator.py
[2026-04-01T13:08:55.546+0000] {processor.py:840} INFO - DAG(s) 'example_short_circuit_decorator' retrieved from /home/airflow/.local/lib/python3.12/site-packages/airflow/example_dags/example_short_circuit_decorator.py
[2026-04-01T13:08:55.572+0000] {logging_mixin.py:188} INFO - [2026-04-01T13:08:55.572+0000] {dag.py:3096} INFO - Sync 1 DAGs
[2026-04-01T13:08:55.592+0000] {logging_mixin.py:188} INFO - [2026-04-01T13:08:55.592+0000] {dag.py:3954} INFO - Setting next_dagrun for example_short_circuit_decorator to 2026-03-31 00:00:00+00:00, run_after=2026-04-01 00:00:00+00:00
[2026-04-01T13:08:55.611+0000] {processor.py:183} INFO - Processing /home/airflow/.local/lib/python3.12/site-packages/airflow/example_dags/example_short_circuit_decorator.py took 0.081 seconds
[2026-04-01T13:09:26.074+0000] {processor.py:161} INFO - Started process (PID=1276) to work on /home/airflow/.local/lib/python3.12/site-packages/airflow/example_dags/example_short_circuit_decorator.py
[2026-04-01T13:09:26.076+0000] {processor.py:830} INFO - Processing file /home/airflow/.local/lib/python3.12/site-packages/airflow/example_dags/example_short_circuit_decorator.py for tasks to queue
[2026-04-01T13:09:26.078+0000] {logging_mixin.py:188} INFO - [2026-04-01T13:09:26.077+0000] {dagbag.py:545} INFO - Filling up the DagBag from /home/airflow/.local/lib/python3.12/site-packages/airflow/example_dags/example_short_circuit_decorator.py
[2026-04-01T13:09:26.085+0000] {processor.py:840} INFO - DAG(s) 'example_short_circuit_decorator' retrieved from /home/airflow/.local/lib/python3.12/site-packages/airflow/example_dags/example_short_circuit_decorator.py
[2026-04-01T13:09:26.104+0000] {logging_mixin.py:188} INFO - [2026-04-01T13:09:26.104+0000] {dag.py:3096} INFO - Sync 1 DAGs
[2026-04-01T13:09:26.120+0000] {logging_mixin.py:188} INFO - [2026-04-01T13:09:26.120+0000] {dag.py:3954} INFO - Setting next_dagrun for example_short_circuit_decorator to 2026-03-31 00:00:00+00:00, run_after=2026-04-01 00:00:00+00:00
[2026-04-01T13:09:26.137+0000] {processor.py:183} INFO - Processing /home/airflow/.local/lib/python3.12/site-packages/airflow/example_dags/example_short_circuit_decorator.py took 0.068 seconds
[2026-04-01T13:09:56.361+0000] {processor.py:161} INFO - Started process (PID=1334) to work on /home/airflow/.local/lib/python3.12/site-packages/airflow/example_dags/example_short_circuit_decorator.py
[2026-04-01T13:09:56.362+0000] {processor.py:830} INFO - Processing file /home/airflow/.local/lib/python3.12/site-packages/airflow/example_dags/example_short_circuit_decorator.py for tasks to queue
[2026-04-01T13:09:56.363+0000] {logging_mixin.py:188} INFO - [2026-04-01T13:09:56.363+0000] {dagbag.py:545} INFO - Filling up the DagBag from /home/airflow/.local/lib/python3.12/site-packages/airflow/example_dags/example_short_circuit_decorator.py
[2026-04-01T13:09:56.376+0000] {processor.py:840} INFO - DAG(s) 'example_short_circuit_decorator' retrieved from /home/airflow/.local/lib/python3.12/site-packages/airflow/example_dags/example_short_circuit_decorator.py
[2026-04-01T13:09:56.399+0000] {logging_mixin.py:188} INFO - [2026-04-01T13:09:56.399+0000] {dag.py:3096} INFO - Sync 1 DAGs
[2026-04-01T13:09:56.418+0000] {logging_mixin.py:188} INFO - [2026-04-01T13:09:56.418+0000] {dag.py:3954} INFO - Setting next_dagrun for example_short_circuit_decorator to 2026-03-31 00:00:00+00:00, run_after=2026-04-01 00:00:00+00:00
[2026-04-01T13:09:56.436+0000] {processor.py:183} INFO - Processing /home/airflow/.local/lib/python3.12/site-packages/airflow/example_dags/example_short_circuit_decorator.py took 0.080 seconds
[2026-04-01T13:10:26.607+0000] {processor.py:161} INFO - Started process (PID=1392) to work on /home/airflow/.local/lib/python3.12/site-packages/airflow/example_dags/example_short_circuit_decorator.py
[2026-04-01T13:10:26.608+0000] {processor.py:830} INFO - Processing file /home/airflow/.local/lib/python3.12/site-packages/airflow/example_dags/example_short_circuit_decorator.py for tasks to queue
[2026-04-01T13:10:26.610+0000] {logging_mixin.py:188} INFO - [2026-04-01T13:10:26.609+0000] {dagbag.py:545} INFO - Filling up the DagBag from /home/airflow/.local/lib/python3.12/site-packages/airflow/example_dags/example_short_circuit_decorator.py
[2026-04-01T13:10:26.616+0000] {processor.py:840} INFO - DAG(s) 'example_short_circuit_decorator' retrieved from /home/airflow/.local/lib/python3.12/site-packages/airflow/example_dags/example_short_circuit_decorator.py
[2026-04-01T13:10:26.636+0000] {logging_mixin.py:188} INFO - [2026-04-01T13:10:26.635+0000] {dag.py:3096} INFO - Sync 1 DAGs
[2026-04-01T13:10:26.655+0000] {logging_mixin.py:188} INFO - [2026-04-01T13:10:26.655+0000] {dag.py:3954} INFO - Setting next_dagrun for example_short_circuit_decorator to 2026-03-31 00:00:00+00:00, run_after=2026-04-01 00:00:00+00:00
[2026-04-01T13:10:26.672+0000] {processor.py:183} INFO - Processing /home/airflow/.local/lib/python3.12/site-packages/airflow/example_dags/example_short_circuit_decorator.py took 0.070 seconds
[2026-04-01T13:10:57.019+0000] {processor.py:161} INFO - Started process (PID=1450) to work on /home/airflow/.local/lib/python3.12/site-packages/airflow/example_dags/example_short_circuit_decorator.py
[2026-04-01T13:10:57.020+0000] {processor.py:830} INFO - Processing file /home/airflow/.local/lib/python3.12/site-packages/airflow/example_dags/example_short_circuit_decorator.py for tasks to queue
[2026-04-01T13:10:57.022+0000] {logging_mixin.py:188} INFO - [2026-04-01T13:10:57.022+0000] {dagbag.py:545} INFO - Filling up the DagBag from /home/airflow/.local/lib/python3.12/site-packages/airflow/example_dags/example_short_circuit_decorator.py
[2026-04-01T13:10:57.033+0000] {processor.py:840} INFO - DAG(s) 'example_short_circuit_decorator' retrieved from /home/airflow/.local/lib/python3.12/site-packages/airflow/example_dags/example_short_circuit_decorator.py
[2026-04-01T13:10:57.067+0000] {logging_mixin.py:188} INFO - [2026-04-01T13:10:57.067+0000] {dag.py:3096} INFO - Sync 1 DAGs
[2026-04-01T13:10:57.105+0000] {logging_mixin.py:188} INFO - [2026-04-01T13:10:57.105+0000] {dag.py:3954} INFO - Setting next_dagrun for example_short_circuit_decorator to 2026-03-31 00:00:00+00:00, run_after=2026-04-01 00:00:00+00:00
[2026-04-01T13:10:57.132+0000] {processor.py:183} INFO - Processing /home/airflow/.local/lib/python3.12/site-packages/airflow/example_dags/example_short_circuit_decorator.py took 0.120 seconds
[2026-04-01T13:11:27.497+0000] {processor.py:161} INFO - Started process (PID=1508) to work on /home/airflow/.local/lib/python3.12/site-packages/airflow/example_dags/example_short_circuit_decorator.py
[2026-04-01T13:11:27.498+0000] {processor.py:830} INFO - Processing file /home/airflow/.local/lib/python3.12/site-packages/airflow/example_dags/example_short_circuit_decorator.py for tasks to queue
[2026-04-01T13:11:27.500+0000] {logging_mixin.py:188} INFO - [2026-04-01T13:11:27.500+0000] {dagbag.py:545} INFO - Filling up the DagBag from /home/airflow/.local/lib/python3.12/site-packages/airflow/example_dags/example_short_circuit_decorator.py
[2026-04-01T13:11:27.506+0000] {processor.py:840} INFO - DAG(s) 'example_short_circuit_decorator' retrieved from /home/airflow/.local/lib/python3.12/site-packages/airflow/example_dags/example_short_circuit_decorator.py
[2026-04-01T13:11:27.522+0000] {logging_mixin.py:188} INFO - [2026-04-01T13:11:27.522+0000] {dag.py:3096} INFO - Sync 1 DAGs
[2026-04-01T13:11:27.540+0000] {logging_mixin.py:188} INFO - [2026-04-01T13:11:27.540+0000] {dag.py:3954} INFO - Setting next_dagrun for example_short_circuit_decorator to 2026-03-31 00:00:00+00:00, run_after=2026-04-01 00:00:00+00:00
[2026-04-01T13:11:27.557+0000] {processor.py:183} INFO - Processing /home/airflow/.local/lib/python3.12/site-packages/airflow/example_dags/example_short_circuit_decorator.py took 0.064 seconds
[2026-04-01T13:11:57.777+0000] {processor.py:161} INFO - Started process (PID=1566) to work on /home/airflow/.local/lib/python3.12/site-packages/airflow/example_dags/example_short_circuit_decorator.py
[2026-04-01T13:11:57.778+0000] {processor.py:830} INFO - Processing file /home/airflow/.local/lib/python3.12/site-packages/airflow/example_dags/example_short_circuit_decorator.py for tasks to queue
[2026-04-01T13:11:57.780+0000] {logging_mixin.py:188} INFO - [2026-04-01T13:11:57.779+0000] {dagbag.py:545} INFO - Filling up the DagBag from /home/airflow/.local/lib/python3.12/site-packages/airflow/example_dags/example_short_circuit_decorator.py
[2026-04-01T13:11:57.786+0000] {processor.py:840} INFO - DAG(s) 'example_short_circuit_decorator' retrieved from /home/airflow/.local/lib/python3.12/site-packages/airflow/example_dags/example_short_circuit_decorator.py
[2026-04-01T13:11:57.810+0000] {logging_mixin.py:188} INFO - [2026-04-01T13:11:57.810+0000] {dag.py:3096} INFO - Sync 1 DAGs
[2026-04-01T13:11:57.832+0000] {logging_mixin.py:188} INFO - [2026-04-01T13:11:57.832+0000] {dag.py:3954} INFO - Setting next_dagrun for example_short_circuit_decorator to 2026-03-31 00:00:00+00:00, run_after=2026-04-01 00:00:00+00:00
[2026-04-01T13:11:57.851+0000] {processor.py:183} INFO - Processing /home/airflow/.local/lib/python3.12/site-packages/airflow/example_dags/example_short_circuit_decorator.py took 0.078 seconds
[2026-04-01T13:12:28.329+0000] {processor.py:161} INFO - Started process (PID=1624) to work on /home/airflow/.local/lib/python3.12/site-packages/airflow/example_dags/example_short_circuit_decorator.py
[2026-04-01T13:12:28.330+0000] {processor.py:830} INFO - Processing file /home/airflow/.local/lib/python3.12/site-packages/airflow/example_dags/example_short_circuit_decorator.py for tasks to queue
[2026-04-01T13:12:28.331+0000] {logging_mixin.py:188} INFO - [2026-04-01T13:12:28.331+0000] {dagbag.py:545} INFO - Filling up the DagBag from /home/airflow/.local/lib/python3.12/site-packages/airflow/example_dags/example_short_circuit_decorator.py
[2026-04-01T13:12:28.337+0000] {processor.py:840} INFO - DAG(s) 'example_short_circuit_decorator' retrieved from /home/airflow/.local/lib/python3.12/site-packages/airflow/example_dags/example_short_circuit_decorator.py
[2026-04-01T13:12:28.355+0000] {logging_mixin.py:188} INFO - [2026-04-01T13:12:28.354+0000] {dag.py:3096} INFO - Sync 1 DAGs
[2026-04-01T13:12:28.371+0000] {logging_mixin.py:188} INFO - [2026-04-01T13:12:28.371+0000] {dag.py:3954} INFO - Setting next_dagrun for example_short_circuit_decorator to 2026-03-31 00:00:00+00:00, run_after=2026-04-01 00:00:00+00:00
[2026-04-01T13:12:28.387+0000] {processor.py:183} INFO - Processing /home/airflow/.local/lib/python3.12/site-packages/airflow/example_dags/example_short_circuit_decorator.py took 0.062 seconds
[2026-04-01T13:12:58.601+0000] {processor.py:161} INFO - Started process (PID=1682) to work on /home/airflow/.local/lib/python3.12/site-packages/airflow/example_dags/example_short_circuit_decorator.py
[2026-04-01T13:12:58.602+0000] {processor.py:830} INFO - Processing file /home/airflow/.local/lib/python3.12/site-packages/airflow/example_dags/example_short_circuit_decorator.py for tasks to queue
[2026-04-01T13:12:58.604+0000] {logging_mixin.py:188} INFO - [2026-04-01T13:12:58.603+0000] {dagbag.py:545} INFO - Filling up the DagBag from /home/airflow/.local/lib/python3.12/site-packages/airflow/example_dags/example_short_circuit_decorator.py
[2026-04-01T13:12:58.613+0000] {processor.py:840} INFO - DAG(s) 'example_short_circuit_decorator' retrieved from /home/airflow/.local/lib/python3.12/site-packages/airflow/example_dags/example_short_circuit_decorator.py
[2026-04-01T13:12:58.636+0000] {logging_mixin.py:188} INFO - [2026-04-01T13:12:58.636+0000] {dag.py:3096} INFO - Sync 1 DAGs
[2026-04-01T13:12:58.657+0000] {logging_mixin.py:188} INFO - [2026-04-01T13:12:58.657+0000] {dag.py:3954} INFO - Setting next_dagrun for example_short_circuit_decorator to 2026-03-31 00:00:00+00:00, run_after=2026-04-01 00:00:00+00:00
[2026-04-01T13:12:58.677+0000] {processor.py:183} INFO - Processing /home/airflow/.local/lib/python3.12/site-packages/airflow/example_dags/example_short_circuit_decorator.py took 0.082 seconds
[2026-04-01T13:13:28.838+0000] {processor.py:161} INFO - Started process (PID=1740) to work on /home/airflow/.local/lib/python3.12/site-packages/airflow/example_dags/example_short_circuit_decorator.py
[2026-04-01T13:13:28.838+0000] {processor.py:830} INFO - Processing file /home/airflow/.local/lib/python3.12/site-packages/airflow/example_dags/example_short_circuit_decorator.py for tasks to queue
[2026-04-01T13:13:28.840+0000] {logging_mixin.py:188} INFO - [2026-04-01T13:13:28.840+0000] {dagbag.py:545} INFO - Filling up the DagBag from /home/airflow/.local/lib/python3.12/site-packages/airflow/example_dags/example_short_circuit_decorator.py
[2026-04-01T13:13:28.847+0000] {processor.py:840} INFO - DAG(s) 'example_short_circuit_decorator' retrieved from /home/airflow/.local/lib/python3.12/site-packages/airflow/example_dags/example_short_circuit_decorator.py
[2026-04-01T13:13:28.862+0000] {logging_mixin.py:188} INFO - [2026-04-01T13:13:28.862+0000] {dag.py:3096} INFO - Sync 1 DAGs
[2026-04-01T13:13:28.878+0000] {logging_mixin.py:188} INFO - [2026-04-01T13:13:28.877+0000] {dag.py:3954} INFO - Setting next_dagrun for example_short_circuit_decorator to 2026-03-31 00:00:00+00:00, run_after=2026-04-01 00:00:00+00:00
[2026-04-01T13:13:28.896+0000] {processor.py:183} INFO - Processing /home/airflow/.local/lib/python3.12/site-packages/airflow/example_dags/example_short_circuit_decorator.py took 0.063 seconds
[2026-04-01T13:13:59.188+0000] {processor.py:161} INFO - Started process (PID=1798) to work on /home/airflow/.local/lib/python3.12/site-packages/airflow/example_dags/example_short_circuit_decorator.py
[2026-04-01T13:13:59.188+0000] {processor.py:830} INFO - Processing file /home/airflow/.local/lib/python3.12/site-packages/airflow/example_dags/example_short_circuit_decorator.py for tasks to queue
[2026-04-01T13:13:59.190+0000] {logging_mixin.py:188} INFO - [2026-04-01T13:13:59.190+0000] {dagbag.py:545} INFO - Filling up the DagBag from /home/airflow/.local/lib/python3.12/site-packages/airflow/example_dags/example_short_circuit_decorator.py
[2026-04-01T13:13:59.198+0000] {processor.py:840} INFO - DAG(s) 'example_short_circuit_decorator' retrieved from /home/airflow/.local/lib/python3.12/site-packages/airflow/example_dags/example_short_circuit_decorator.py
[2026-04-01T13:13:59.216+0000] {logging_mixin.py:188} INFO - [2026-04-01T13:13:59.216+0000] {dag.py:3096} INFO - Sync 1 DAGs
[2026-04-01T13:13:59.232+0000] {logging_mixin.py:188} INFO - [2026-04-01T13:13:59.232+0000] {dag.py:3954} INFO - Setting next_dagrun for example_short_circuit_decorator to 2026-03-31 00:00:00+00:00, run_after=2026-04-01 00:00:00+00:00
[2026-04-01T13:13:59.372+0000] {processor.py:183} INFO - Processing /home/airflow/.local/lib/python3.12/site-packages/airflow/example_dags/example_short_circuit_decorator.py took 0.189 seconds
[2026-04-01T13:14:29.873+0000] {processor.py:161} INFO - Started process (PID=1856) to work on /home/airflow/.local/lib/python3.12/site-packages/airflow/example_dags/example_short_circuit_decorator.py
[2026-04-01T13:14:29.874+0000] {processor.py:830} INFO - Processing file /home/airflow/.local/lib/python3.12/site-packages/airflow/example_dags/example_short_circuit_decorator.py for tasks to queue
[2026-04-01T13:14:29.875+0000] {logging_mixin.py:188} INFO - [2026-04-01T13:14:29.875+0000] {dagbag.py:545} INFO - Filling up the DagBag from /home/airflow/.local/lib/python3.12/site-packages/airflow/example_dags/example_short_circuit_decorator.py
[2026-04-01T13:14:29.881+0000] {processor.py:840} INFO - DAG(s) 'example_short_circuit_decorator' retrieved from /home/airflow/.local/lib/python3.12/site-packages/airflow/example_dags/example_short_circuit_decorator.py
[2026-04-01T13:14:29.898+0000] {logging_mixin.py:188} INFO - [2026-04-01T13:14:29.898+0000] {dag.py:3096} INFO - Sync 1 DAGs
[2026-04-01T13:14:29.912+0000] {logging_mixin.py:188} INFO - [2026-04-01T13:14:29.912+0000] {dag.py:3954} INFO - Setting next_dagrun for example_short_circuit_decorator to 2026-03-31 00:00:00+00:00, run_after=2026-04-01 00:00:00+00:00
[2026-04-01T13:14:29.928+0000] {processor.py:183} INFO - Processing /home/airflow/.local/lib/python3.12/site-packages/airflow/example_dags/example_short_circuit_decorator.py took 0.059 seconds
[2026-04-01T13:15:00.214+0000] {processor.py:161} INFO - Started process (PID=1914) to work on /home/airflow/.local/lib/python3.12/site-packages/airflow/example_dags/example_short_circuit_decorator.py
[2026-04-01T13:15:00.215+0000] {processor.py:830} INFO - Processing file /home/airflow/.local/lib/python3.12/site-packages/airflow/example_dags/example_short_circuit_decorator.py for tasks to queue
[2026-04-01T13:15:00.216+0000] {logging_mixin.py:188} INFO - [2026-04-01T13:15:00.216+0000] {dagbag.py:545} INFO - Filling up the DagBag from /home/airflow/.local/lib/python3.12/site-packages/airflow/example_dags/example_short_circuit_decorator.py
[2026-04-01T13:15:00.222+0000] {processor.py:840} INFO - DAG(s) 'example_short_circuit_decorator' retrieved from /home/airflow/.local/lib/python3.12/site-packages/airflow/example_dags/example_short_circuit_decorator.py
[2026-04-01T13:15:00.237+0000] {logging_mixin.py:188} INFO - [2026-04-01T13:15:00.237+0000] {dag.py:3096} INFO - Sync 1 DAGs
[2026-04-01T13:15:00.254+0000] {logging_mixin.py:188} INFO - [2026-04-01T13:15:00.253+0000] {dag.py:3954} INFO - Setting next_dagrun for example_short_circuit_decorator to 2026-03-31 00:00:00+00:00, run_after=2026-04-01 00:00:00+00:00
[2026-04-01T13:15:00.271+0000] {processor.py:183} INFO - Processing /home/airflow/.local/lib/python3.12/site-packages/airflow/example_dags/example_short_circuit_decorator.py took 0.061 seconds
[2026-04-01T13:15:30.379+0000] {processor.py:161} INFO - Started process (PID=1972) to work on /home/airflow/.local/lib/python3.12/site-packages/airflow/example_dags/example_short_circuit_decorator.py
[2026-04-01T13:15:30.380+0000] {processor.py:830} INFO - Processing file /home/airflow/.local/lib/python3.12/site-packages/airflow/example_dags/example_short_circuit_decorator.py for tasks to queue
[2026-04-01T13:15:30.382+0000] {logging_mixin.py:188} INFO - [2026-04-01T13:15:30.382+0000] {dagbag.py:545} INFO - Filling up the DagBag from /home/airflow/.local/lib/python3.12/site-packages/airflow/example_dags/example_short_circuit_decorator.py
[2026-04-01T13:15:30.388+0000] {processor.py:840} INFO - DAG(s) 'example_short_circuit_decorator' retrieved from /home/airflow/.local/lib/python3.12/site-packages/airflow/example_dags/example_short_circuit_decorator.py
[2026-04-01T13:15:30.406+0000] {logging_mixin.py:188} INFO - [2026-04-01T13:15:30.406+0000] {dag.py:3096} INFO - Sync 1 DAGs
[2026-04-01T13:15:30.420+0000] {logging_mixin.py:188} INFO - [2026-04-01T13:15:30.420+0000] {dag.py:3954} INFO - Setting next_dagrun for example_short_circuit_decorator to 2026-03-31 00:00:00+00:00, run_after=2026-04-01 00:00:00+00:00
[2026-04-01T13:15:30.436+0000] {processor.py:183} INFO - Processing /home/airflow/.local/lib/python3.12/site-packages/airflow/example_dags/example_short_circuit_decorator.py took 0.064 seconds
[2026-04-01T13:16:01.127+0000] {processor.py:161} INFO - Started process (PID=2030) to work on /home/airflow/.local/lib/python3.12/site-packages/airflow/example_dags/example_short_circuit_decorator.py
[2026-04-01T13:16:01.128+0000] {processor.py:830} INFO - Processing file /home/airflow/.local/lib/python3.12/site-packages/airflow/example_dags/example_short_circuit_decorator.py for tasks to queue
[2026-04-01T13:16:01.129+0000] {logging_mixin.py:188} INFO - [2026-04-01T13:16:01.129+0000] {dagbag.py:545} INFO - Filling up the DagBag from /home/airflow/.local/lib/python3.12/site-packages/airflow/example_dags/example_short_circuit_decorator.py
[2026-04-01T13:16:01.135+0000] {processor.py:840} INFO - DAG(s) 'example_short_circuit_decorator' retrieved from /home/airflow/.local/lib/python3.12/site-packages/airflow/example_dags/example_short_circuit_decorator.py
[2026-04-01T13:16:01.152+0000] {logging_mixin.py:188} INFO - [2026-04-01T13:16:01.151+0000] {dag.py:3096} INFO - Sync 1 DAGs
[2026-04-01T13:16:01.167+0000] {logging_mixin.py:188} INFO - [2026-04-01T13:16:01.167+0000] {dag.py:3954} INFO - Setting next_dagrun for example_short_circuit_decorator to 2026-03-31 00:00:00+00:00, run_after=2026-04-01 00:00:00+00:00
[2026-04-01T13:16:01.183+0000] {processor.py:183} INFO - Processing /home/airflow/.local/lib/python3.12/site-packages/airflow/example_dags/example_short_circuit_decorator.py took 0.060 seconds
[2026-04-01T13:16:31.504+0000] {processor.py:161} INFO - Started process (PID=2088) to work on /home/airflow/.local/lib/python3.12/site-packages/airflow/example_dags/example_short_circuit_decorator.py
[2026-04-01T13:16:31.505+0000] {processor.py:830} INFO - Processing file /home/airflow/.local/lib/python3.12/site-packages/airflow/example_dags/example_short_circuit_decorator.py for tasks to queue
[2026-04-01T13:16:31.506+0000] {logging_mixin.py:188} INFO - [2026-04-01T13:16:31.506+0000] {dagbag.py:545} INFO - Filling up the DagBag from /home/airflow/.local/lib/python3.12/site-packages/airflow/example_dags/example_short_circuit_decorator.py
[2026-04-01T13:16:31.513+0000] {processor.py:840} INFO - DAG(s) 'example_short_circuit_decorator' retrieved from /home/airflow/.local/lib/python3.12/site-packages/airflow/example_dags/example_short_circuit_decorator.py
[2026-04-01T13:16:31.527+0000] {logging_mixin.py:188} INFO - [2026-04-01T13:16:31.527+0000] {dag.py:3096} INFO - Sync 1 DAGs
[2026-04-01T13:16:31.642+0000] {logging_mixin.py:188} INFO - [2026-04-01T13:16:31.642+0000] {dag.py:3954} INFO - Setting next_dagrun for example_short_circuit_decorator to 2026-03-31 00:00:00+00:00, run_after=2026-04-01 00:00:00+00:00
[2026-04-01T13:16:31.658+0000] {processor.py:183} INFO - Processing /home/airflow/.local/lib/python3.12/site-packages/airflow/example_dags/example_short_circuit_decorator.py took 0.158 seconds
[2026-04-01T13:17:01.890+0000] {processor.py:161} INFO - Started process (PID=2146) to work on /home/airflow/.local/lib/python3.12/site-packages/airflow/example_dags/example_short_circuit_decorator.py
[2026-04-01T13:17:01.890+0000] {processor.py:830} INFO - Processing file /home/airflow/.local/lib/python3.12/site-packages/airflow/example_dags/example_short_circuit_decorator.py for tasks to queue
[2026-04-01T13:17:01.892+0000] {logging_mixin.py:188} INFO - [2026-04-01T13:17:01.892+0000] {dagbag.py:545} INFO - Filling up the DagBag from /home/airflow/.local/lib/python3.12/site-packages/airflow/example_dags/example_short_circuit_decorator.py
[2026-04-01T13:17:01.899+0000] {processor.py:840} INFO - DAG(s) 'example_short_circuit_decorator' retrieved from /home/airflow/.local/lib/python3.12/site-packages/airflow/example_dags/example_short_circuit_decorator.py
[2026-04-01T13:17:01.916+0000] {logging_mixin.py:188} INFO - [2026-04-01T13:17:01.915+0000] {dag.py:3096} INFO - Sync 1 DAGs
[2026-04-01T13:17:01.933+0000] {logging_mixin.py:188} INFO - [2026-04-01T13:17:01.933+0000] {dag.py:3954} INFO - Setting next_dagrun for example_short_circuit_decorator to 2026-03-31 00:00:00+00:00, run_after=2026-04-01 00:00:00+00:00
[2026-04-01T13:17:01.950+0000] {processor.py:183} INFO - Processing /home/airflow/.local/lib/python3.12/site-packages/airflow/example_dags/example_short_circuit_decorator.py took 0.065 seconds
[2026-04-01T13:17:32.388+0000] {processor.py:161} INFO - Started process (PID=2204) to work on /home/airflow/.local/lib/python3.12/site-packages/airflow/example_dags/example_short_circuit_decorator.py
[2026-04-01T13:17:32.389+0000] {processor.py:830} INFO - Processing file /home/airflow/.local/lib/python3.12/site-packages/airflow/example_dags/example_short_circuit_decorator.py for tasks to queue
[2026-04-01T13:17:32.390+0000] {logging_mixin.py:188} INFO - [2026-04-01T13:17:32.390+0000] {dagbag.py:545} INFO - Filling up the DagBag from /home/airflow/.local/lib/python3.12/site-packages/airflow/example_dags/example_short_circuit_decorator.py
[2026-04-01T13:17:32.398+0000] {processor.py:840} INFO - DAG(s) 'example_short_circuit_decorator' retrieved from /home/airflow/.local/lib/python3.12/site-packages/airflow/example_dags/example_short_circuit_decorator.py
[2026-04-01T13:17:32.420+0000] {logging_mixin.py:188} INFO - [2026-04-01T13:17:32.420+0000] {dag.py:3096} INFO - Sync 1 DAGs
[2026-04-01T13:17:32.435+0000] {logging_mixin.py:188} INFO - [2026-04-01T13:17:32.435+0000] {dag.py:3954} INFO - Setting next_dagrun for example_short_circuit_decorator to 2026-03-31 00:00:00+00:00, run_after=2026-04-01 00:00:00+00:00
[2026-04-01T13:17:32.453+0000] {processor.py:183} INFO - Processing /home/airflow/.local/lib/python3.12/site-packages/airflow/example_dags/example_short_circuit_decorator.py took 0.070 seconds
[2026-04-01T13:18:02.615+0000] {processor.py:161} INFO - Started process (PID=2262) to work on /home/airflow/.local/lib/python3.12/site-packages/airflow/example_dags/example_short_circuit_decorator.py
[2026-04-01T13:18:02.616+0000] {processor.py:830} INFO - Processing file /home/airflow/.local/lib/python3.12/site-packages/airflow/example_dags/example_short_circuit_decorator.py for tasks to queue
[2026-04-01T13:18:02.618+0000] {logging_mixin.py:188} INFO - [2026-04-01T13:18:02.617+0000] {dagbag.py:545} INFO - Filling up the DagBag from /home/airflow/.local/lib/python3.12/site-packages/airflow/example_dags/example_short_circuit_decorator.py
[2026-04-01T13:18:02.626+0000] {processor.py:840} INFO - DAG(s) 'example_short_circuit_decorator' retrieved from /home/airflow/.local/lib/python3.12/site-packages/airflow/example_dags/example_short_circuit_decorator.py
[2026-04-01T13:18:02.642+0000] {logging_mixin.py:188} INFO - [2026-04-01T13:18:02.642+0000] {dag.py:3096} INFO - Sync 1 DAGs
[2026-04-01T13:18:02.656+0000] {logging_mixin.py:188} INFO - [2026-04-01T13:18:02.656+0000] {dag.py:3954} INFO - Setting next_dagrun for example_short_circuit_decorator to 2026-03-31 00:00:00+00:00, run_after=2026-04-01 00:00:00+00:00
[2026-04-01T13:18:02.672+0000] {processor.py:183} INFO - Processing /home/airflow/.local/lib/python3.12/site-packages/airflow/example_dags/example_short_circuit_decorator.py took 0.062 seconds
[2026-04-01T13:18:32.967+0000] {processor.py:161} INFO - Started process (PID=2320) to work on /home/airflow/.local/lib/python3.12/site-packages/airflow/example_dags/example_short_circuit_decorator.py
[2026-04-01T13:18:32.967+0000] {processor.py:830} INFO - Processing file /home/airflow/.local/lib/python3.12/site-packages/airflow/example_dags/example_short_circuit_decorator.py for tasks to queue
[2026-04-01T13:18:32.969+0000] {logging_mixin.py:188} INFO - [2026-04-01T13:18:32.969+0000] {dagbag.py:545} INFO - Filling up the DagBag from /home/airflow/.local/lib/python3.12/site-packages/airflow/example_dags/example_short_circuit_decorator.py
[2026-04-01T13:18:32.976+0000] {processor.py:840} INFO - DAG(s) 'example_short_circuit_decorator' retrieved from /home/airflow/.local/lib/python3.12/site-packages/airflow/example_dags/example_short_circuit_decorator.py
[2026-04-01T13:18:32.995+0000] {logging_mixin.py:188} INFO - [2026-04-01T13:18:32.995+0000] {dag.py:3096} INFO - Sync 1 DAGs
[2026-04-01T13:18:33.011+0000] {logging_mixin.py:188} INFO - [2026-04-01T13:18:33.011+0000] {dag.py:3954} INFO - Setting next_dagrun for example_short_circuit_decorator to 2026-03-31 00:00:00+00:00, run_after=2026-04-01 00:00:00+00:00
[2026-04-01T13:18:33.027+0000] {processor.py:183} INFO - Processing /home/airflow/.local/lib/python3.12/site-packages/airflow/example_dags/example_short_circuit_decorator.py took 0.065 seconds
[2026-04-01T13:19:03.585+0000] {processor.py:161} INFO - Started process (PID=2378) to work on /home/airflow/.local/lib/python3.12/site-packages/airflow/example_dags/example_short_circuit_decorator.py
[2026-04-01T13:19:03.586+0000] {processor.py:830} INFO - Processing file /home/airflow/.local/lib/python3.12/site-packages/airflow/example_dags/example_short_circuit_decorator.py for tasks to queue
[2026-04-01T13:19:03.588+0000] {logging_mixin.py:188} INFO - [2026-04-01T13:19:03.588+0000] {dagbag.py:545} INFO - Filling up the DagBag from /home/airflow/.local/lib/python3.12/site-packages/airflow/example_dags/example_short_circuit_decorator.py
[2026-04-01T13:19:03.594+0000] {processor.py:840} INFO - DAG(s) 'example_short_circuit_decorator' retrieved from /home/airflow/.local/lib/python3.12/site-packages/airflow/example_dags/example_short_circuit_decorator.py
[2026-04-01T13:19:03.611+0000] {logging_mixin.py:188} INFO - [2026-04-01T13:19:03.610+0000] {dag.py:3096} INFO - Sync 1 DAGs
[2026-04-01T13:19:03.626+0000] {logging_mixin.py:188} INFO - [2026-04-01T13:19:03.626+0000] {dag.py:3954} INFO - Setting next_dagrun for example_short_circuit_decorator to 2026-03-31 00:00:00+00:00, run_after=2026-04-01 00:00:00+00:00
[2026-04-01T13:19:03.643+0000] {processor.py:183} INFO - Processing /home/airflow/.local/lib/python3.12/site-packages/airflow/example_dags/example_short_circuit_decorator.py took 0.062 seconds
[2026-04-01T13:19:33.988+0000] {processor.py:161} INFO - Started process (PID=2436) to work on /home/airflow/.local/lib/python3.12/site-packages/airflow/example_dags/example_short_circuit_decorator.py
[2026-04-01T13:19:33.989+0000] {processor.py:830} INFO - Processing file /home/airflow/.local/lib/python3.12/site-packages/airflow/example_dags/example_short_circuit_decorator.py for tasks to queue
[2026-04-01T13:19:33.991+0000] {logging_mixin.py:188} INFO - [2026-04-01T13:19:33.991+0000] {dagbag.py:545} INFO - Filling up the DagBag from /home/airflow/.local/lib/python3.12/site-packages/airflow/example_dags/example_short_circuit_decorator.py
[2026-04-01T13:19:33.997+0000] {processor.py:840} INFO - DAG(s) 'example_short_circuit_decorator' retrieved from /home/airflow/.local/lib/python3.12/site-packages/airflow/example_dags/example_short_circuit_decorator.py
[2026-04-01T13:19:34.015+0000] {logging_mixin.py:188} INFO - [2026-04-01T13:19:34.015+0000] {dag.py:3096} INFO - Sync 1 DAGs
[2026-04-01T13:19:34.033+0000] {logging_mixin.py:188} INFO - [2026-04-01T13:19:34.033+0000] {dag.py:3954} INFO - Setting next_dagrun for example_short_circuit_decorator to 2026-03-31 00:00:00+00:00, run_after=2026-04-01 00:00:00+00:00
[2026-04-01T13:19:34.049+0000] {processor.py:183} INFO - Processing /home/airflow/.local/lib/python3.12/site-packages/airflow/example_dags/example_short_circuit_decorator.py took 0.065 seconds
[2026-04-01T13:20:04.383+0000] {processor.py:161} INFO - Started process (PID=2494) to work on /home/airflow/.local/lib/python3.12/site-packages/airflow/example_dags/example_short_circuit_decorator.py
[2026-04-01T13:20:04.383+0000] {processor.py:830} INFO - Processing file /home/airflow/.local/lib/python3.12/site-packages/airflow/example_dags/example_short_circuit_decorator.py for tasks to queue
[2026-04-01T13:20:04.385+0000] {logging_mixin.py:188} INFO - [2026-04-01T13:20:04.385+0000] {dagbag.py:545} INFO - Filling up the DagBag from /home/airflow/.local/lib/python3.12/site-packages/airflow/example_dags/example_short_circuit_decorator.py
[2026-04-01T13:20:04.391+0000] {processor.py:840} INFO - DAG(s) 'example_short_circuit_decorator' retrieved from /home/airflow/.local/lib/python3.12/site-packages/airflow/example_dags/example_short_circuit_decorator.py
[2026-04-01T13:20:04.409+0000] {logging_mixin.py:188} INFO - [2026-04-01T13:20:04.409+0000] {dag.py:3096} INFO - Sync 1 DAGs
[2026-04-01T13:20:04.426+0000] {logging_mixin.py:188} INFO - [2026-04-01T13:20:04.426+0000] {dag.py:3954} INFO - Setting next_dagrun for example_short_circuit_decorator to 2026-03-31 00:00:00+00:00, run_after=2026-04-01 00:00:00+00:00
[2026-04-01T13:20:04.443+0000] {processor.py:183} INFO - Processing /home/airflow/.local/lib/python3.12/site-packages/airflow/example_dags/example_short_circuit_decorator.py took 0.065 seconds
[2026-04-01T13:20:34.873+0000] {processor.py:161} INFO - Started process (PID=2552) to work on /home/airflow/.local/lib/python3.12/site-packages/airflow/example_dags/example_short_circuit_decorator.py
[2026-04-01T13:20:34.874+0000] {processor.py:830} INFO - Processing file /home/airflow/.local/lib/python3.12/site-packages/airflow/example_dags/example_short_circuit_decorator.py for tasks to queue
[2026-04-01T13:20:34.876+0000] {logging_mixin.py:188} INFO - [2026-04-01T13:20:34.875+0000] {dagbag.py:545} INFO - Filling up the DagBag from /home/airflow/.local/lib/python3.12/site-packages/airflow/example_dags/example_short_circuit_decorator.py
[2026-04-01T13:20:34.883+0000] {processor.py:840} INFO - DAG(s) 'example_short_circuit_decorator' retrieved from /home/airflow/.local/lib/python3.12/site-packages/airflow/example_dags/example_short_circuit_decorator.py
[2026-04-01T13:20:34.902+0000] {logging_mixin.py:188} INFO - [2026-04-01T13:20:34.902+0000] {dag.py:3096} INFO - Sync 1 DAGs
[2026-04-01T13:20:34.920+0000] {logging_mixin.py:188} INFO - [2026-04-01T13:20:34.920+0000] {dag.py:3954} INFO - Setting next_dagrun for example_short_circuit_decorator to 2026-03-31 00:00:00+00:00, run_after=2026-04-01 00:00:00+00:00
[2026-04-01T13:20:34.938+0000] {processor.py:183} INFO - Processing /home/airflow/.local/lib/python3.12/site-packages/airflow/example_dags/example_short_circuit_decorator.py took 0.072 seconds
[2026-04-01T13:21:05.321+0000] {processor.py:161} INFO - Started process (PID=2610) to work on /home/airflow/.local/lib/python3.12/site-packages/airflow/example_dags/example_short_circuit_decorator.py
[2026-04-01T13:21:05.321+0000] {processor.py:830} INFO - Processing file /home/airflow/.local/lib/python3.12/site-packages/airflow/example_dags/example_short_circuit_decorator.py for tasks to queue
[2026-04-01T13:21:05.323+0000] {logging_mixin.py:188} INFO - [2026-04-01T13:21:05.323+0000] {dagbag.py:545} INFO - Filling up the DagBag from /home/airflow/.local/lib/python3.12/site-packages/airflow/example_dags/example_short_circuit_decorator.py
[2026-04-01T13:21:05.332+0000] {processor.py:840} INFO - DAG(s) 'example_short_circuit_decorator' retrieved from /home/airflow/.local/lib/python3.12/site-packages/airflow/example_dags/example_short_circuit_decorator.py
[2026-04-01T13:21:05.350+0000] {logging_mixin.py:188} INFO - [2026-04-01T13:21:05.350+0000] {dag.py:3096} INFO - Sync 1 DAGs
[2026-04-01T13:21:05.373+0000] {logging_mixin.py:188} INFO - [2026-04-01T13:21:05.372+0000] {dag.py:3954} INFO - Setting next_dagrun for example_short_circuit_decorator to 2026-03-31 00:00:00+00:00, run_after=2026-04-01 00:00:00+00:00
[2026-04-01T13:21:05.391+0000] {processor.py:183} INFO - Processing /home/airflow/.local/lib/python3.12/site-packages/airflow/example_dags/example_short_circuit_decorator.py took 0.076 seconds
[2026-04-01T13:21:35.764+0000] {processor.py:161} INFO - Started process (PID=2668) to work on /home/airflow/.local/lib/python3.12/site-packages/airflow/example_dags/example_short_circuit_decorator.py
[2026-04-01T13:21:35.765+0000] {processor.py:830} INFO - Processing file /home/airflow/.local/lib/python3.12/site-packages/airflow/example_dags/example_short_circuit_decorator.py for tasks to queue
[2026-04-01T13:21:35.766+0000] {logging_mixin.py:188} INFO - [2026-04-01T13:21:35.766+0000] {dagbag.py:545} INFO - Filling up the DagBag from /home/airflow/.local/lib/python3.12/site-packages/airflow/example_dags/example_short_circuit_decorator.py
[2026-04-01T13:21:35.775+0000] {processor.py:840} INFO - DAG(s) 'example_short_circuit_decorator' retrieved from /home/airflow/.local/lib/python3.12/site-packages/airflow/example_dags/example_short_circuit_decorator.py
[2026-04-01T13:21:35.798+0000] {logging_mixin.py:188} INFO - [2026-04-01T13:21:35.798+0000] {dag.py:3096} INFO - Sync 1 DAGs
[2026-04-01T13:21:35.817+0000] {logging_mixin.py:188} INFO - [2026-04-01T13:21:35.817+0000] {dag.py:3954} INFO - Setting next_dagrun for example_short_circuit_decorator to 2026-03-31 00:00:00+00:00, run_after=2026-04-01 00:00:00+00:00
[2026-04-01T13:21:35.836+0000] {processor.py:183} INFO - Processing /home/airflow/.local/lib/python3.12/site-packages/airflow/example_dags/example_short_circuit_decorator.py took 0.077 seconds
[2026-04-01T13:22:06.374+0000] {processor.py:161} INFO - Started process (PID=2726) to work on /home/airflow/.local/lib/python3.12/site-packages/airflow/example_dags/example_short_circuit_decorator.py
[2026-04-01T13:22:06.375+0000] {processor.py:830} INFO - Processing file /home/airflow/.local/lib/python3.12/site-packages/airflow/example_dags/example_short_circuit_decorator.py for tasks to queue
[2026-04-01T13:22:06.377+0000] {logging_mixin.py:188} INFO - [2026-04-01T13:22:06.376+0000] {dagbag.py:545} INFO - Filling up the DagBag from /home/airflow/.local/lib/python3.12/site-packages/airflow/example_dags/example_short_circuit_decorator.py
[2026-04-01T13:22:06.383+0000] {processor.py:840} INFO - DAG(s) 'example_short_circuit_decorator' retrieved from /home/airflow/.local/lib/python3.12/site-packages/airflow/example_dags/example_short_circuit_decorator.py
[2026-04-01T13:22:06.398+0000] {logging_mixin.py:188} INFO - [2026-04-01T13:22:06.398+0000] {dag.py:3096} INFO - Sync 1 DAGs
[2026-04-01T13:22:06.413+0000] {logging_mixin.py:188} INFO - [2026-04-01T13:22:06.412+0000] {dag.py:3954} INFO - Setting next_dagrun for example_short_circuit_decorator to 2026-03-31 00:00:00+00:00, run_after=2026-04-01 00:00:00+00:00
[2026-04-01T13:22:06.428+0000] {processor.py:183} INFO - Processing /home/airflow/.local/lib/python3.12/site-packages/airflow/example_dags/example_short_circuit_decorator.py took 0.059 seconds
[2026-04-01T13:22:36.799+0000] {processor.py:161} INFO - Started process (PID=2784) to work on /home/airflow/.local/lib/python3.12/site-packages/airflow/example_dags/example_short_circuit_decorator.py
[2026-04-01T13:22:36.799+0000] {processor.py:830} INFO - Processing file /home/airflow/.local/lib/python3.12/site-packages/airflow/example_dags/example_short_circuit_decorator.py for tasks to queue
[2026-04-01T13:22:36.801+0000] {logging_mixin.py:188} INFO - [2026-04-01T13:22:36.801+0000] {dagbag.py:545} INFO - Filling up the DagBag from /home/airflow/.local/lib/python3.12/site-packages/airflow/example_dags/example_short_circuit_decorator.py
[2026-04-01T13:22:36.808+0000] {processor.py:840} INFO - DAG(s) 'example_short_circuit_decorator' retrieved from /home/airflow/.local/lib/python3.12/site-packages/airflow/example_dags/example_short_circuit_decorator.py
[2026-04-01T13:22:36.828+0000] {logging_mixin.py:188} INFO - [2026-04-01T13:22:36.828+0000] {dag.py:3096} INFO - Sync 1 DAGs
[2026-04-01T13:22:36.843+0000] {logging_mixin.py:188} INFO - [2026-04-01T13:22:36.843+0000] {dag.py:3954} INFO - Setting next_dagrun for example_short_circuit_decorator to 2026-03-31 00:00:00+00:00, run_after=2026-04-01 00:00:00+00:00
[2026-04-01T13:22:36.860+0000] {processor.py:183} INFO - Processing /home/airflow/.local/lib/python3.12/site-packages/airflow/example_dags/example_short_circuit_decorator.py took 0.066 seconds
[2026-04-01T13:23:07.413+0000] {processor.py:161} INFO - Started process (PID=2842) to work on /home/airflow/.local/lib/python3.12/site-packages/airflow/example_dags/example_short_circuit_decorator.py
[2026-04-01T13:23:07.414+0000] {processor.py:830} INFO - Processing file /home/airflow/.local/lib/python3.12/site-packages/airflow/example_dags/example_short_circuit_decorator.py for tasks to queue
[2026-04-01T13:23:07.416+0000] {logging_mixin.py:188} INFO - [2026-04-01T13:23:07.416+0000] {dagbag.py:545} INFO - Filling up the DagBag from /home/airflow/.local/lib/python3.12/site-packages/airflow/example_dags/example_short_circuit_decorator.py
[2026-04-01T13:23:07.423+0000] {processor.py:840} INFO - DAG(s) 'example_short_circuit_decorator' retrieved from /home/airflow/.local/lib/python3.12/site-packages/airflow/example_dags/example_short_circuit_decorator.py
[2026-04-01T13:23:07.444+0000] {logging_mixin.py:188} INFO - [2026-04-01T13:23:07.444+0000] {dag.py:3096} INFO - Sync 1 DAGs
[2026-04-01T13:23:07.460+0000] {logging_mixin.py:188} INFO - [2026-04-01T13:23:07.460+0000] {dag.py:3954} INFO - Setting next_dagrun for example_short_circuit_decorator to 2026-03-31 00:00:00+00:00, run_after=2026-04-01 00:00:00+00:00
[2026-04-01T13:23:07.474+0000] {processor.py:183} INFO - Processing /home/airflow/.local/lib/python3.12/site-packages/airflow/example_dags/example_short_circuit_decorator.py took 0.067 seconds
[2026-04-01T13:23:37.846+0000] {processor.py:161} INFO - Started process (PID=2900) to work on /home/airflow/.local/lib/python3.12/site-packages/airflow/example_dags/example_short_circuit_decorator.py
[2026-04-01T13:23:37.846+0000] {processor.py:830} INFO - Processing file /home/airflow/.local/lib/python3.12/site-packages/airflow/example_dags/example_short_circuit_decorator.py for tasks to queue
[2026-04-01T13:23:37.848+0000] {logging_mixin.py:188} INFO - [2026-04-01T13:23:37.848+0000] {dagbag.py:545} INFO - Filling up the DagBag from /home/airflow/.local/lib/python3.12/site-packages/airflow/example_dags/example_short_circuit_decorator.py
[2026-04-01T13:23:37.855+0000] {processor.py:840} INFO - DAG(s) 'example_short_circuit_decorator' retrieved from /home/airflow/.local/lib/python3.12/site-packages/airflow/example_dags/example_short_circuit_decorator.py
[2026-04-01T13:23:37.870+0000] {logging_mixin.py:188} INFO - [2026-04-01T13:23:37.870+0000] {dag.py:3096} INFO - Sync 1 DAGs
[2026-04-01T13:23:37.887+0000] {logging_mixin.py:188} INFO - [2026-04-01T13:23:37.887+0000] {dag.py:3954} INFO - Setting next_dagrun for example_short_circuit_decorator to 2026-03-31 00:00:00+00:00, run_after=2026-04-01 00:00:00+00:00
[2026-04-01T13:23:37.904+0000] {processor.py:183} INFO - Processing /home/airflow/.local/lib/python3.12/site-packages/airflow/example_dags/example_short_circuit_decorator.py took 0.063 seconds
[2026-04-01T13:24:08.479+0000] {processor.py:161} INFO - Started process (PID=2959) to work on /home/airflow/.local/lib/python3.12/site-packages/airflow/example_dags/example_short_circuit_decorator.py
[2026-04-01T13:24:08.480+0000] {processor.py:830} INFO - Processing file /home/airflow/.local/lib/python3.12/site-packages/airflow/example_dags/example_short_circuit_decorator.py for tasks to queue
[2026-04-01T13:24:08.482+0000] {logging_mixin.py:188} INFO - [2026-04-01T13:24:08.481+0000] {dagbag.py:545} INFO - Filling up the DagBag from /home/airflow/.local/lib/python3.12/site-packages/airflow/example_dags/example_short_circuit_decorator.py
[2026-04-01T13:24:08.489+0000] {processor.py:840} INFO - DAG(s) 'example_short_circuit_decorator' retrieved from /home/airflow/.local/lib/python3.12/site-packages/airflow/example_dags/example_short_circuit_decorator.py
[2026-04-01T13:24:08.507+0000] {logging_mixin.py:188} INFO - [2026-04-01T13:24:08.507+0000] {dag.py:3096} INFO - Sync 1 DAGs
[2026-04-01T13:24:08.525+0000] {logging_mixin.py:188} INFO - [2026-04-01T13:24:08.525+0000] {dag.py:3954} INFO - Setting next_dagrun for example_short_circuit_decorator to 2026-03-31 00:00:00+00:00, run_after=2026-04-01 00:00:00+00:00
[2026-04-01T13:24:08.544+0000] {processor.py:183} INFO - Processing /home/airflow/.local/lib/python3.12/site-packages/airflow/example_dags/example_short_circuit_decorator.py took 0.070 seconds
[2026-04-01T13:24:38.855+0000] {processor.py:161} INFO - Started process (PID=3017) to work on /home/airflow/.local/lib/python3.12/site-packages/airflow/example_dags/example_short_circuit_decorator.py
[2026-04-01T13:24:38.855+0000] {processor.py:830} INFO - Processing file /home/airflow/.local/lib/python3.12/site-packages/airflow/example_dags/example_short_circuit_decorator.py for tasks to queue
[2026-04-01T13:24:38.857+0000] {logging_mixin.py:188} INFO - [2026-04-01T13:24:38.857+0000] {dagbag.py:545} INFO - Filling up the DagBag from /home/airflow/.local/lib/python3.12/site-packages/airflow/example_dags/example_short_circuit_decorator.py
[2026-04-01T13:24:38.863+0000] {processor.py:840} INFO - DAG(s) 'example_short_circuit_decorator' retrieved from /home/airflow/.local/lib/python3.12/site-packages/airflow/example_dags/example_short_circuit_decorator.py
[2026-04-01T13:24:38.881+0000] {logging_mixin.py:188} INFO - [2026-04-01T13:24:38.881+0000] {dag.py:3096} INFO - Sync 1 DAGs
[2026-04-01T13:24:38.897+0000] {logging_mixin.py:188} INFO - [2026-04-01T13:24:38.897+0000] {dag.py:3954} INFO - Setting next_dagrun for example_short_circuit_decorator to 2026-03-31 00:00:00+00:00, run_after=2026-04-01 00:00:00+00:00
[2026-04-01T13:24:38.914+0000] {processor.py:183} INFO - Processing /home/airflow/.local/lib/python3.12/site-packages/airflow/example_dags/example_short_circuit_decorator.py took 0.064 seconds
[2026-04-01T13:25:09.489+0000] {processor.py:161} INFO - Started process (PID=3076) to work on /home/airflow/.local/lib/python3.12/site-packages/airflow/example_dags/example_short_circuit_decorator.py
[2026-04-01T13:25:09.490+0000] {processor.py:830} INFO - Processing file /home/airflow/.local/lib/python3.12/site-packages/airflow/example_dags/example_short_circuit_decorator.py for tasks to queue
[2026-04-01T13:25:09.492+0000] {logging_mixin.py:188} INFO - [2026-04-01T13:25:09.491+0000] {dagbag.py:545} INFO - Filling up the DagBag from /home/airflow/.local/lib/python3.12/site-packages/airflow/example_dags/example_short_circuit_decorator.py
[2026-04-01T13:25:09.498+0000] {processor.py:840} INFO - DAG(s) 'example_short_circuit_decorator' retrieved from /home/airflow/.local/lib/python3.12/site-packages/airflow/example_dags/example_short_circuit_decorator.py
[2026-04-01T13:25:09.517+0000] {logging_mixin.py:188} INFO - [2026-04-01T13:25:09.517+0000] {dag.py:3096} INFO - Sync 1 DAGs
[2026-04-01T13:25:09.537+0000] {logging_mixin.py:188} INFO - [2026-04-01T13:25:09.537+0000] {dag.py:3954} INFO - Setting next_dagrun for example_short_circuit_decorator to 2026-03-31 00:00:00+00:00, run_after=2026-04-01 00:00:00+00:00
[2026-04-01T13:25:09.555+0000] {processor.py:183} INFO - Processing /home/airflow/.local/lib/python3.12/site-packages/airflow/example_dags/example_short_circuit_decorator.py took 0.071 seconds
[2026-04-01T13:25:39.811+0000] {processor.py:161} INFO - Started process (PID=3135) to work on /home/airflow/.local/lib/python3.12/site-packages/airflow/example_dags/example_short_circuit_decorator.py
[2026-04-01T13:25:39.812+0000] {processor.py:830} INFO - Processing file /home/airflow/.local/lib/python3.12/site-packages/airflow/example_dags/example_short_circuit_decorator.py for tasks to queue
[2026-04-01T13:25:39.813+0000] {logging_mixin.py:188} INFO - [2026-04-01T13:25:39.813+0000] {dagbag.py:545} INFO - Filling up the DagBag from /home/airflow/.local/lib/python3.12/site-packages/airflow/example_dags/example_short_circuit_decorator.py
[2026-04-01T13:25:39.821+0000] {processor.py:840} INFO - DAG(s) 'example_short_circuit_decorator' retrieved from /home/airflow/.local/lib/python3.12/site-packages/airflow/example_dags/example_short_circuit_decorator.py
[2026-04-01T13:25:39.838+0000] {logging_mixin.py:188} INFO - [2026-04-01T13:25:39.837+0000] {dag.py:3096} INFO - Sync 1 DAGs
[2026-04-01T13:25:39.855+0000] {logging_mixin.py:188} INFO - [2026-04-01T13:25:39.855+0000] {dag.py:3954} INFO - Setting next_dagrun for example_short_circuit_decorator to 2026-03-31 00:00:00+00:00, run_after=2026-04-01 00:00:00+00:00
[2026-04-01T13:25:39.872+0000] {processor.py:183} INFO - Processing /home/airflow/.local/lib/python3.12/site-packages/airflow/example_dags/example_short_circuit_decorator.py took 0.065 seconds
[2026-04-01T13:26:10.166+0000] {processor.py:161} INFO - Started process (PID=3194) to work on /home/airflow/.local/lib/python3.12/site-packages/airflow/example_dags/example_short_circuit_decorator.py
[2026-04-01T13:26:10.167+0000] {processor.py:830} INFO - Processing file /home/airflow/.local/lib/python3.12/site-packages/airflow/example_dags/example_short_circuit_decorator.py for tasks to queue
[2026-04-01T13:26:10.168+0000] {logging_mixin.py:188} INFO - [2026-04-01T13:26:10.168+0000] {dagbag.py:545} INFO - Filling up the DagBag from /home/airflow/.local/lib/python3.12/site-packages/airflow/example_dags/example_short_circuit_decorator.py
[2026-04-01T13:26:10.176+0000] {processor.py:840} INFO - DAG(s) 'example_short_circuit_decorator' retrieved from /home/airflow/.local/lib/python3.12/site-packages/airflow/example_dags/example_short_circuit_decorator.py
[2026-04-01T13:26:10.197+0000] {logging_mixin.py:188} INFO - [2026-04-01T13:26:10.197+0000] {dag.py:3096} INFO - Sync 1 DAGs
[2026-04-01T13:26:10.212+0000] {logging_mixin.py:188} INFO - [2026-04-01T13:26:10.212+0000] {dag.py:3954} INFO - Setting next_dagrun for example_short_circuit_decorator to 2026-03-31 00:00:00+00:00, run_after=2026-04-01 00:00:00+00:00
[2026-04-01T13:26:10.228+0000] {processor.py:183} INFO - Processing /home/airflow/.local/lib/python3.12/site-packages/airflow/example_dags/example_short_circuit_decorator.py took 0.066 seconds
[2026-04-01T13:26:40.541+0000] {processor.py:161} INFO - Started process (PID=3253) to work on /home/airflow/.local/lib/python3.12/site-packages/airflow/example_dags/example_short_circuit_decorator.py
[2026-04-01T13:26:40.541+0000] {processor.py:830} INFO - Processing file /home/airflow/.local/lib/python3.12/site-packages/airflow/example_dags/example_short_circuit_decorator.py for tasks to queue
[2026-04-01T13:26:40.543+0000] {logging_mixin.py:188} INFO - [2026-04-01T13:26:40.543+0000] {dagbag.py:545} INFO - Filling up the DagBag from /home/airflow/.local/lib/python3.12/site-packages/airflow/example_dags/example_short_circuit_decorator.py
[2026-04-01T13:26:40.549+0000] {processor.py:840} INFO - DAG(s) 'example_short_circuit_decorator' retrieved from /home/airflow/.local/lib/python3.12/site-packages/airflow/example_dags/example_short_circuit_decorator.py
[2026-04-01T13:26:40.564+0000] {logging_mixin.py:188} INFO - [2026-04-01T13:26:40.564+0000] {dag.py:3096} INFO - Sync 1 DAGs
[2026-04-01T13:26:40.582+0000] {logging_mixin.py:188} INFO - [2026-04-01T13:26:40.581+0000] {dag.py:3954} INFO - Setting next_dagrun for example_short_circuit_decorator to 2026-03-31 00:00:00+00:00, run_after=2026-04-01 00:00:00+00:00
[2026-04-01T13:26:40.604+0000] {processor.py:183} INFO - Processing /home/airflow/.local/lib/python3.12/site-packages/airflow/example_dags/example_short_circuit_decorator.py took 0.068 seconds
[2026-04-01T13:27:10.996+0000] {processor.py:161} INFO - Started process (PID=3312) to work on /home/airflow/.local/lib/python3.12/site-packages/airflow/example_dags/example_short_circuit_decorator.py
[2026-04-01T13:27:10.996+0000] {processor.py:830} INFO - Processing file /home/airflow/.local/lib/python3.12/site-packages/airflow/example_dags/example_short_circuit_decorator.py for tasks to queue
[2026-04-01T13:27:10.998+0000] {logging_mixin.py:188} INFO - [2026-04-01T13:27:10.998+0000] {dagbag.py:545} INFO - Filling up the DagBag from /home/airflow/.local/lib/python3.12/site-packages/airflow/example_dags/example_short_circuit_decorator.py
[2026-04-01T13:27:11.005+0000] {processor.py:840} INFO - DAG(s) 'example_short_circuit_decorator' retrieved from /home/airflow/.local/lib/python3.12/site-packages/airflow/example_dags/example_short_circuit_decorator.py
[2026-04-01T13:27:11.021+0000] {logging_mixin.py:188} INFO - [2026-04-01T13:27:11.020+0000] {dag.py:3096} INFO - Sync 1 DAGs
[2026-04-01T13:27:11.036+0000] {logging_mixin.py:188} INFO - [2026-04-01T13:27:11.035+0000] {dag.py:3954} INFO - Setting next_dagrun for example_short_circuit_decorator to 2026-03-31 00:00:00+00:00, run_after=2026-04-01 00:00:00+00:00
[2026-04-01T13:27:11.054+0000] {processor.py:183} INFO - Processing /home/airflow/.local/lib/python3.12/site-packages/airflow/example_dags/example_short_circuit_decorator.py took 0.063 seconds
[2026-04-01T13:27:41.623+0000] {processor.py:161} INFO - Started process (PID=3371) to work on /home/airflow/.local/lib/python3.12/site-packages/airflow/example_dags/example_short_circuit_decorator.py
[2026-04-01T13:27:41.624+0000] {processor.py:830} INFO - Processing file /home/airflow/.local/lib/python3.12/site-packages/airflow/example_dags/example_short_circuit_decorator.py for tasks to queue
[2026-04-01T13:27:41.625+0000] {logging_mixin.py:188} INFO - [2026-04-01T13:27:41.625+0000] {dagbag.py:545} INFO - Filling up the DagBag from /home/airflow/.local/lib/python3.12/site-packages/airflow/example_dags/example_short_circuit_decorator.py
[2026-04-01T13:27:41.632+0000] {processor.py:840} INFO - DAG(s) 'example_short_circuit_decorator' retrieved from /home/airflow/.local/lib/python3.12/site-packages/airflow/example_dags/example_short_circuit_decorator.py
[2026-04-01T13:27:41.649+0000] {logging_mixin.py:188} INFO - [2026-04-01T13:27:41.648+0000] {dag.py:3096} INFO - Sync 1 DAGs
[2026-04-01T13:27:41.667+0000] {logging_mixin.py:188} INFO - [2026-04-01T13:27:41.667+0000] {dag.py:3954} INFO - Setting next_dagrun for example_short_circuit_decorator to 2026-03-31 00:00:00+00:00, run_after=2026-04-01 00:00:00+00:00
[2026-04-01T13:27:41.683+0000] {processor.py:183} INFO - Processing /home/airflow/.local/lib/python3.12/site-packages/airflow/example_dags/example_short_circuit_decorator.py took 0.064 seconds
[2026-04-01T13:28:12.168+0000] {processor.py:161} INFO - Started process (PID=3430) to work on /home/airflow/.local/lib/python3.12/site-packages/airflow/example_dags/example_short_circuit_decorator.py
[2026-04-01T13:28:12.168+0000] {processor.py:830} INFO - Processing file /home/airflow/.local/lib/python3.12/site-packages/airflow/example_dags/example_short_circuit_decorator.py for tasks to queue
[2026-04-01T13:28:12.170+0000] {logging_mixin.py:188} INFO - [2026-04-01T13:28:12.170+0000] {dagbag.py:545} INFO - Filling up the DagBag from /home/airflow/.local/lib/python3.12/site-packages/airflow/example_dags/example_short_circuit_decorator.py
[2026-04-01T13:28:12.176+0000] {processor.py:840} INFO - DAG(s) 'example_short_circuit_decorator' retrieved from /home/airflow/.local/lib/python3.12/site-packages/airflow/example_dags/example_short_circuit_decorator.py
[2026-04-01T13:28:12.192+0000] {logging_mixin.py:188} INFO - [2026-04-01T13:28:12.192+0000] {dag.py:3096} INFO - Sync 1 DAGs
[2026-04-01T13:28:12.207+0000] {logging_mixin.py:188} INFO - [2026-04-01T13:28:12.207+0000] {dag.py:3954} INFO - Setting next_dagrun for example_short_circuit_decorator to 2026-03-31 00:00:00+00:00, run_after=2026-04-01 00:00:00+00:00
[2026-04-01T13:28:12.224+0000] {processor.py:183} INFO - Processing /home/airflow/.local/lib/python3.12/site-packages/airflow/example_dags/example_short_circuit_decorator.py took 0.060 seconds
[2026-04-01T13:28:42.497+0000] {processor.py:161} INFO - Started process (PID=3489) to work on /home/airflow/.local/lib/python3.12/site-packages/airflow/example_dags/example_short_circuit_decorator.py
[2026-04-01T13:28:42.498+0000] {processor.py:830} INFO - Processing file /home/airflow/.local/lib/python3.12/site-packages/airflow/example_dags/example_short_circuit_decorator.py for tasks to queue
[2026-04-01T13:28:42.500+0000] {logging_mixin.py:188} INFO - [2026-04-01T13:28:42.499+0000] {dagbag.py:545} INFO - Filling up the DagBag from /home/airflow/.local/lib/python3.12/site-packages/airflow/example_dags/example_short_circuit_decorator.py
[2026-04-01T13:28:42.506+0000] {processor.py:840} INFO - DAG(s) 'example_short_circuit_decorator' retrieved from /home/airflow/.local/lib/python3.12/site-packages/airflow/example_dags/example_short_circuit_decorator.py
[2026-04-01T13:28:42.522+0000] {logging_mixin.py:188} INFO - [2026-04-01T13:28:42.521+0000] {dag.py:3096} INFO - Sync 1 DAGs
[2026-04-01T13:28:42.536+0000] {logging_mixin.py:188} INFO - [2026-04-01T13:28:42.536+0000] {dag.py:3954} INFO - Setting next_dagrun for example_short_circuit_decorator to 2026-03-31 00:00:00+00:00, run_after=2026-04-01 00:00:00+00:00
[2026-04-01T13:28:42.553+0000] {processor.py:183} INFO - Processing /home/airflow/.local/lib/python3.12/site-packages/airflow/example_dags/example_short_circuit_decorator.py took 0.060 seconds
[2026-04-01T13:29:13.005+0000] {processor.py:161} INFO - Started process (PID=3548) to work on /home/airflow/.local/lib/python3.12/site-packages/airflow/example_dags/example_short_circuit_decorator.py
[2026-04-01T13:29:13.005+0000] {processor.py:830} INFO - Processing file /home/airflow/.local/lib/python3.12/site-packages/airflow/example_dags/example_short_circuit_decorator.py for tasks to queue
[2026-04-01T13:29:13.007+0000] {logging_mixin.py:188} INFO - [2026-04-01T13:29:13.007+0000] {dagbag.py:545} INFO - Filling up the DagBag from /home/airflow/.local/lib/python3.12/site-packages/airflow/example_dags/example_short_circuit_decorator.py
[2026-04-01T13:29:13.014+0000] {processor.py:840} INFO - DAG(s) 'example_short_circuit_decorator' retrieved from /home/airflow/.local/lib/python3.12/site-packages/airflow/example_dags/example_short_circuit_decorator.py
[2026-04-01T13:29:13.029+0000] {logging_mixin.py:188} INFO - [2026-04-01T13:29:13.029+0000] {dag.py:3096} INFO - Sync 1 DAGs
[2026-04-01T13:29:13.045+0000] {logging_mixin.py:188} INFO - [2026-04-01T13:29:13.045+0000] {dag.py:3954} INFO - Setting next_dagrun for example_short_circuit_decorator to 2026-03-31 00:00:00+00:00, run_after=2026-04-01 00:00:00+00:00
[2026-04-01T13:29:13.061+0000] {processor.py:183} INFO - Processing /home/airflow/.local/lib/python3.12/site-packages/airflow/example_dags/example_short_circuit_decorator.py took 0.062 seconds
[2026-04-01T13:29:43.339+0000] {processor.py:161} INFO - Started process (PID=3607) to work on /home/airflow/.local/lib/python3.12/site-packages/airflow/example_dags/example_short_circuit_decorator.py
[2026-04-01T13:29:43.339+0000] {processor.py:830} INFO - Processing file /home/airflow/.local/lib/python3.12/site-packages/airflow/example_dags/example_short_circuit_decorator.py for tasks to queue
[2026-04-01T13:29:43.341+0000] {logging_mixin.py:188} INFO - [2026-04-01T13:29:43.341+0000] {dagbag.py:545} INFO - Filling up the DagBag from /home/airflow/.local/lib/python3.12/site-packages/airflow/example_dags/example_short_circuit_decorator.py
[2026-04-01T13:29:43.350+0000] {processor.py:840} INFO - DAG(s) 'example_short_circuit_decorator' retrieved from /home/airflow/.local/lib/python3.12/site-packages/airflow/example_dags/example_short_circuit_decorator.py
[2026-04-01T13:29:43.366+0000] {logging_mixin.py:188} INFO - [2026-04-01T13:29:43.366+0000] {dag.py:3096} INFO - Sync 1 DAGs
[2026-04-01T13:29:43.381+0000] {logging_mixin.py:188} INFO - [2026-04-01T13:29:43.381+0000] {dag.py:3954} INFO - Setting next_dagrun for example_short_circuit_decorator to 2026-03-31 00:00:00+00:00, run_after=2026-04-01 00:00:00+00:00
[2026-04-01T13:29:43.395+0000] {processor.py:183} INFO - Processing /home/airflow/.local/lib/python3.12/site-packages/airflow/example_dags/example_short_circuit_decorator.py took 0.062 seconds
[2026-04-01T13:30:13.655+0000] {processor.py:161} INFO - Started process (PID=3666) to work on /home/airflow/.local/lib/python3.12/site-packages/airflow/example_dags/example_short_circuit_decorator.py
[2026-04-01T13:30:13.656+0000] {processor.py:830} INFO - Processing file /home/airflow/.local/lib/python3.12/site-packages/airflow/example_dags/example_short_circuit_decorator.py for tasks to queue
[2026-04-01T13:30:13.658+0000] {logging_mixin.py:188} INFO - [2026-04-01T13:30:13.657+0000] {dagbag.py:545} INFO - Filling up the DagBag from /home/airflow/.local/lib/python3.12/site-packages/airflow/example_dags/example_short_circuit_decorator.py
[2026-04-01T13:30:13.664+0000] {processor.py:840} INFO - DAG(s) 'example_short_circuit_decorator' retrieved from /home/airflow/.local/lib/python3.12/site-packages/airflow/example_dags/example_short_circuit_decorator.py
[2026-04-01T13:30:13.682+0000] {logging_mixin.py:188} INFO - [2026-04-01T13:30:13.682+0000] {dag.py:3096} INFO - Sync 1 DAGs
[2026-04-01T13:30:13.698+0000] {logging_mixin.py:188} INFO - [2026-04-01T13:30:13.698+0000] {dag.py:3954} INFO - Setting next_dagrun for example_short_circuit_decorator to 2026-03-31 00:00:00+00:00, run_after=2026-04-01 00:00:00+00:00
[2026-04-01T13:30:13.716+0000] {processor.py:183} INFO - Processing /home/airflow/.local/lib/python3.12/site-packages/airflow/example_dags/example_short_circuit_decorator.py took 0.065 seconds
[2026-04-01T13:30:44.008+0000] {processor.py:161} INFO - Started process (PID=3725) to work on /home/airflow/.local/lib/python3.12/site-packages/airflow/example_dags/example_short_circuit_decorator.py
[2026-04-01T13:30:44.009+0000] {processor.py:830} INFO - Processing file /home/airflow/.local/lib/python3.12/site-packages/airflow/example_dags/example_short_circuit_decorator.py for tasks to queue
[2026-04-01T13:30:44.010+0000] {logging_mixin.py:188} INFO - [2026-04-01T13:30:44.010+0000] {dagbag.py:545} INFO - Filling up the DagBag from /home/airflow/.local/lib/python3.12/site-packages/airflow/example_dags/example_short_circuit_decorator.py
[2026-04-01T13:30:44.017+0000] {processor.py:840} INFO - DAG(s) 'example_short_circuit_decorator' retrieved from /home/airflow/.local/lib/python3.12/site-packages/airflow/example_dags/example_short_circuit_decorator.py
[2026-04-01T13:30:44.033+0000] {logging_mixin.py:188} INFO - [2026-04-01T13:30:44.033+0000] {dag.py:3096} INFO - Sync 1 DAGs
[2026-04-01T13:30:44.048+0000] {logging_mixin.py:188} INFO - [2026-04-01T13:30:44.048+0000] {dag.py:3954} INFO - Setting next_dagrun for example_short_circuit_decorator to 2026-03-31 00:00:00+00:00, run_after=2026-04-01 00:00:00+00:00
[2026-04-01T13:30:44.069+0000] {processor.py:183} INFO - Processing /home/airflow/.local/lib/python3.12/site-packages/airflow/example_dags/example_short_circuit_decorator.py took 0.065 seconds
[2026-04-01T13:31:14.429+0000] {processor.py:161} INFO - Started process (PID=3784) to work on /home/airflow/.local/lib/python3.12/site-packages/airflow/example_dags/example_short_circuit_decorator.py
[2026-04-01T13:31:14.429+0000] {processor.py:830} INFO - Processing file /home/airflow/.local/lib/python3.12/site-packages/airflow/example_dags/example_short_circuit_decorator.py for tasks to queue
[2026-04-01T13:31:14.431+0000] {logging_mixin.py:188} INFO - [2026-04-01T13:31:14.431+0000] {dagbag.py:545} INFO - Filling up the DagBag from /home/airflow/.local/lib/python3.12/site-packages/airflow/example_dags/example_short_circuit_decorator.py
[2026-04-01T13:31:14.440+0000] {processor.py:840} INFO - DAG(s) 'example_short_circuit_decorator' retrieved from /home/airflow/.local/lib/python3.12/site-packages/airflow/example_dags/example_short_circuit_decorator.py
[2026-04-01T13:31:14.458+0000] {logging_mixin.py:188} INFO - [2026-04-01T13:31:14.458+0000] {dag.py:3096} INFO - Sync 1 DAGs
[2026-04-01T13:31:14.473+0000] {logging_mixin.py:188} INFO - [2026-04-01T13:31:14.473+0000] {dag.py:3954} INFO - Setting next_dagrun for example_short_circuit_decorator to 2026-03-31 00:00:00+00:00, run_after=2026-04-01 00:00:00+00:00
[2026-04-01T13:31:14.490+0000] {processor.py:183} INFO - Processing /home/airflow/.local/lib/python3.12/site-packages/airflow/example_dags/example_short_circuit_decorator.py took 0.066 seconds
