[2026-04-01T12:58:51.503+0000] {processor.py:161} INFO - Started process (PID=81) to work on /home/airflow/.local/lib/python3.12/site-packages/airflow/example_dags/tutorial.py
[2026-04-01T12:58:51.504+0000] {processor.py:830} INFO - Processing file /home/airflow/.local/lib/python3.12/site-packages/airflow/example_dags/tutorial.py for tasks to queue
[2026-04-01T12:58:51.505+0000] {logging_mixin.py:188} INFO - [2026-04-01T12:58:51.505+0000] {dagbag.py:545} INFO - Filling up the DagBag from /home/airflow/.local/lib/python3.12/site-packages/airflow/example_dags/tutorial.py
[2026-04-01T12:58:51.510+0000] {processor.py:840} INFO - DAG(s) 'tutorial' retrieved from /home/airflow/.local/lib/python3.12/site-packages/airflow/example_dags/tutorial.py
[2026-04-01T12:58:51.520+0000] {logging_mixin.py:188} INFO - [2026-04-01T12:58:51.520+0000] {dag.py:3096} INFO - Sync 1 DAGs
[2026-04-01T12:58:51.538+0000] {logging_mixin.py:188} INFO - [2026-04-01T12:58:51.538+0000] {dag.py:3954} INFO - Setting next_dagrun for tutorial to 2026-03-31 00:00:00+00:00, run_after=2026-04-01 00:00:00+00:00
[2026-04-01T12:58:51.559+0000] {processor.py:183} INFO - Processing /home/airflow/.local/lib/python3.12/site-packages/airflow/example_dags/tutorial.py took 0.062 seconds
[2026-04-01T12:59:22.080+0000] {processor.py:161} INFO - Started process (PID=139) to work on /home/airflow/.local/lib/python3.12/site-packages/airflow/example_dags/tutorial.py
[2026-04-01T12:59:22.081+0000] {processor.py:830} INFO - Processing file /home/airflow/.local/lib/python3.12/site-packages/airflow/example_dags/tutorial.py for tasks to queue
[2026-04-01T12:59:22.082+0000] {logging_mixin.py:188} INFO - [2026-04-01T12:59:22.082+0000] {dagbag.py:545} INFO - Filling up the DagBag from /home/airflow/.local/lib/python3.12/site-packages/airflow/example_dags/tutorial.py
[2026-04-01T12:59:22.087+0000] {processor.py:840} INFO - DAG(s) 'tutorial' retrieved from /home/airflow/.local/lib/python3.12/site-packages/airflow/example_dags/tutorial.py
[2026-04-01T12:59:22.166+0000] {logging_mixin.py:188} INFO - [2026-04-01T12:59:22.166+0000] {dag.py:3096} INFO - Sync 1 DAGs
[2026-04-01T12:59:22.182+0000] {logging_mixin.py:188} INFO - [2026-04-01T12:59:22.182+0000] {dag.py:3954} INFO - Setting next_dagrun for tutorial to 2026-03-31 00:00:00+00:00, run_after=2026-04-01 00:00:00+00:00
[2026-04-01T12:59:22.197+0000] {processor.py:183} INFO - Processing /home/airflow/.local/lib/python3.12/site-packages/airflow/example_dags/tutorial.py took 0.122 seconds
[2026-04-01T12:59:52.260+0000] {processor.py:161} INFO - Started process (PID=197) to work on /home/airflow/.local/lib/python3.12/site-packages/airflow/example_dags/tutorial.py
[2026-04-01T12:59:52.261+0000] {processor.py:830} INFO - Processing file /home/airflow/.local/lib/python3.12/site-packages/airflow/example_dags/tutorial.py for tasks to queue
[2026-04-01T12:59:52.262+0000] {logging_mixin.py:188} INFO - [2026-04-01T12:59:52.262+0000] {dagbag.py:545} INFO - Filling up the DagBag from /home/airflow/.local/lib/python3.12/site-packages/airflow/example_dags/tutorial.py
[2026-04-01T12:59:52.267+0000] {processor.py:840} INFO - DAG(s) 'tutorial' retrieved from /home/airflow/.local/lib/python3.12/site-packages/airflow/example_dags/tutorial.py
[2026-04-01T12:59:52.283+0000] {logging_mixin.py:188} INFO - [2026-04-01T12:59:52.283+0000] {dag.py:3096} INFO - Sync 1 DAGs
[2026-04-01T12:59:52.300+0000] {logging_mixin.py:188} INFO - [2026-04-01T12:59:52.299+0000] {dag.py:3954} INFO - Setting next_dagrun for tutorial to 2026-03-31 00:00:00+00:00, run_after=2026-04-01 00:00:00+00:00
[2026-04-01T12:59:52.316+0000] {processor.py:183} INFO - Processing /home/airflow/.local/lib/python3.12/site-packages/airflow/example_dags/tutorial.py took 0.061 seconds
[2026-04-01T13:00:22.605+0000] {processor.py:161} INFO - Started process (PID=255) to work on /home/airflow/.local/lib/python3.12/site-packages/airflow/example_dags/tutorial.py
[2026-04-01T13:00:22.606+0000] {processor.py:830} INFO - Processing file /home/airflow/.local/lib/python3.12/site-packages/airflow/example_dags/tutorial.py for tasks to queue
[2026-04-01T13:00:22.608+0000] {logging_mixin.py:188} INFO - [2026-04-01T13:00:22.607+0000] {dagbag.py:545} INFO - Filling up the DagBag from /home/airflow/.local/lib/python3.12/site-packages/airflow/example_dags/tutorial.py
[2026-04-01T13:00:22.612+0000] {processor.py:840} INFO - DAG(s) 'tutorial' retrieved from /home/airflow/.local/lib/python3.12/site-packages/airflow/example_dags/tutorial.py
[2026-04-01T13:00:22.626+0000] {logging_mixin.py:188} INFO - [2026-04-01T13:00:22.626+0000] {dag.py:3096} INFO - Sync 1 DAGs
[2026-04-01T13:00:22.640+0000] {logging_mixin.py:188} INFO - [2026-04-01T13:00:22.640+0000] {dag.py:3954} INFO - Setting next_dagrun for tutorial to 2026-03-31 00:00:00+00:00, run_after=2026-04-01 00:00:00+00:00
[2026-04-01T13:00:22.657+0000] {processor.py:183} INFO - Processing /home/airflow/.local/lib/python3.12/site-packages/airflow/example_dags/tutorial.py took 0.057 seconds
[2026-04-01T13:00:52.898+0000] {processor.py:161} INFO - Started process (PID=313) to work on /home/airflow/.local/lib/python3.12/site-packages/airflow/example_dags/tutorial.py
[2026-04-01T13:00:52.899+0000] {processor.py:830} INFO - Processing file /home/airflow/.local/lib/python3.12/site-packages/airflow/example_dags/tutorial.py for tasks to queue
[2026-04-01T13:00:52.901+0000] {logging_mixin.py:188} INFO - [2026-04-01T13:00:52.901+0000] {dagbag.py:545} INFO - Filling up the DagBag from /home/airflow/.local/lib/python3.12/site-packages/airflow/example_dags/tutorial.py
[2026-04-01T13:00:52.905+0000] {processor.py:840} INFO - DAG(s) 'tutorial' retrieved from /home/airflow/.local/lib/python3.12/site-packages/airflow/example_dags/tutorial.py
[2026-04-01T13:00:52.919+0000] {logging_mixin.py:188} INFO - [2026-04-01T13:00:52.919+0000] {dag.py:3096} INFO - Sync 1 DAGs
[2026-04-01T13:00:52.934+0000] {logging_mixin.py:188} INFO - [2026-04-01T13:00:52.934+0000] {dag.py:3954} INFO - Setting next_dagrun for tutorial to 2026-03-31 00:00:00+00:00, run_after=2026-04-01 00:00:00+00:00
[2026-04-01T13:00:52.951+0000] {processor.py:183} INFO - Processing /home/airflow/.local/lib/python3.12/site-packages/airflow/example_dags/tutorial.py took 0.058 seconds
[2026-04-01T13:01:22.983+0000] {processor.py:161} INFO - Started process (PID=371) to work on /home/airflow/.local/lib/python3.12/site-packages/airflow/example_dags/tutorial.py
[2026-04-01T13:01:22.984+0000] {processor.py:830} INFO - Processing file /home/airflow/.local/lib/python3.12/site-packages/airflow/example_dags/tutorial.py for tasks to queue
[2026-04-01T13:01:22.986+0000] {logging_mixin.py:188} INFO - [2026-04-01T13:01:22.986+0000] {dagbag.py:545} INFO - Filling up the DagBag from /home/airflow/.local/lib/python3.12/site-packages/airflow/example_dags/tutorial.py
[2026-04-01T13:01:22.990+0000] {processor.py:840} INFO - DAG(s) 'tutorial' retrieved from /home/airflow/.local/lib/python3.12/site-packages/airflow/example_dags/tutorial.py
[2026-04-01T13:01:23.004+0000] {logging_mixin.py:188} INFO - [2026-04-01T13:01:23.004+0000] {dag.py:3096} INFO - Sync 1 DAGs
[2026-04-01T13:01:23.022+0000] {logging_mixin.py:188} INFO - [2026-04-01T13:01:23.021+0000] {dag.py:3954} INFO - Setting next_dagrun for tutorial to 2026-03-31 00:00:00+00:00, run_after=2026-04-01 00:00:00+00:00
[2026-04-01T13:01:23.037+0000] {processor.py:183} INFO - Processing /home/airflow/.local/lib/python3.12/site-packages/airflow/example_dags/tutorial.py took 0.059 seconds
[2026-04-01T13:01:53.244+0000] {processor.py:161} INFO - Started process (PID=429) to work on /home/airflow/.local/lib/python3.12/site-packages/airflow/example_dags/tutorial.py
[2026-04-01T13:01:53.245+0000] {processor.py:830} INFO - Processing file /home/airflow/.local/lib/python3.12/site-packages/airflow/example_dags/tutorial.py for tasks to queue
[2026-04-01T13:01:53.247+0000] {logging_mixin.py:188} INFO - [2026-04-01T13:01:53.247+0000] {dagbag.py:545} INFO - Filling up the DagBag from /home/airflow/.local/lib/python3.12/site-packages/airflow/example_dags/tutorial.py
[2026-04-01T13:01:53.252+0000] {processor.py:840} INFO - DAG(s) 'tutorial' retrieved from /home/airflow/.local/lib/python3.12/site-packages/airflow/example_dags/tutorial.py
[2026-04-01T13:01:53.270+0000] {logging_mixin.py:188} INFO - [2026-04-01T13:01:53.270+0000] {dag.py:3096} INFO - Sync 1 DAGs
[2026-04-01T13:01:53.287+0000] {logging_mixin.py:188} INFO - [2026-04-01T13:01:53.287+0000] {dag.py:3954} INFO - Setting next_dagrun for tutorial to 2026-03-31 00:00:00+00:00, run_after=2026-04-01 00:00:00+00:00
[2026-04-01T13:01:53.303+0000] {processor.py:183} INFO - Processing /home/airflow/.local/lib/python3.12/site-packages/airflow/example_dags/tutorial.py took 0.064 seconds
[2026-04-01T13:02:23.495+0000] {processor.py:161} INFO - Started process (PID=487) to work on /home/airflow/.local/lib/python3.12/site-packages/airflow/example_dags/tutorial.py
[2026-04-01T13:02:23.496+0000] {processor.py:830} INFO - Processing file /home/airflow/.local/lib/python3.12/site-packages/airflow/example_dags/tutorial.py for tasks to queue
[2026-04-01T13:02:23.498+0000] {logging_mixin.py:188} INFO - [2026-04-01T13:02:23.497+0000] {dagbag.py:545} INFO - Filling up the DagBag from /home/airflow/.local/lib/python3.12/site-packages/airflow/example_dags/tutorial.py
[2026-04-01T13:02:23.502+0000] {processor.py:840} INFO - DAG(s) 'tutorial' retrieved from /home/airflow/.local/lib/python3.12/site-packages/airflow/example_dags/tutorial.py
[2026-04-01T13:02:23.516+0000] {logging_mixin.py:188} INFO - [2026-04-01T13:02:23.516+0000] {dag.py:3096} INFO - Sync 1 DAGs
[2026-04-01T13:02:23.530+0000] {logging_mixin.py:188} INFO - [2026-04-01T13:02:23.529+0000] {dag.py:3954} INFO - Setting next_dagrun for tutorial to 2026-03-31 00:00:00+00:00, run_after=2026-04-01 00:00:00+00:00
[2026-04-01T13:02:23.544+0000] {processor.py:183} INFO - Processing /home/airflow/.local/lib/python3.12/site-packages/airflow/example_dags/tutorial.py took 0.053 seconds
[2026-04-01T13:02:53.617+0000] {processor.py:161} INFO - Started process (PID=545) to work on /home/airflow/.local/lib/python3.12/site-packages/airflow/example_dags/tutorial.py
[2026-04-01T13:02:53.618+0000] {processor.py:830} INFO - Processing file /home/airflow/.local/lib/python3.12/site-packages/airflow/example_dags/tutorial.py for tasks to queue
[2026-04-01T13:02:53.619+0000] {logging_mixin.py:188} INFO - [2026-04-01T13:02:53.619+0000] {dagbag.py:545} INFO - Filling up the DagBag from /home/airflow/.local/lib/python3.12/site-packages/airflow/example_dags/tutorial.py
[2026-04-01T13:02:53.624+0000] {processor.py:840} INFO - DAG(s) 'tutorial' retrieved from /home/airflow/.local/lib/python3.12/site-packages/airflow/example_dags/tutorial.py
[2026-04-01T13:02:53.638+0000] {logging_mixin.py:188} INFO - [2026-04-01T13:02:53.638+0000] {dag.py:3096} INFO - Sync 1 DAGs
[2026-04-01T13:02:53.653+0000] {logging_mixin.py:188} INFO - [2026-04-01T13:02:53.653+0000] {dag.py:3954} INFO - Setting next_dagrun for tutorial to 2026-03-31 00:00:00+00:00, run_after=2026-04-01 00:00:00+00:00
[2026-04-01T13:02:53.671+0000] {processor.py:183} INFO - Processing /home/airflow/.local/lib/python3.12/site-packages/airflow/example_dags/tutorial.py took 0.059 seconds
[2026-04-01T13:03:23.822+0000] {processor.py:161} INFO - Started process (PID=603) to work on /home/airflow/.local/lib/python3.12/site-packages/airflow/example_dags/tutorial.py
[2026-04-01T13:03:23.822+0000] {processor.py:830} INFO - Processing file /home/airflow/.local/lib/python3.12/site-packages/airflow/example_dags/tutorial.py for tasks to queue
[2026-04-01T13:03:23.824+0000] {logging_mixin.py:188} INFO - [2026-04-01T13:03:23.824+0000] {dagbag.py:545} INFO - Filling up the DagBag from /home/airflow/.local/lib/python3.12/site-packages/airflow/example_dags/tutorial.py
[2026-04-01T13:03:23.828+0000] {processor.py:840} INFO - DAG(s) 'tutorial' retrieved from /home/airflow/.local/lib/python3.12/site-packages/airflow/example_dags/tutorial.py
[2026-04-01T13:03:23.846+0000] {logging_mixin.py:188} INFO - [2026-04-01T13:03:23.846+0000] {dag.py:3096} INFO - Sync 1 DAGs
[2026-04-01T13:03:23.863+0000] {logging_mixin.py:188} INFO - [2026-04-01T13:03:23.863+0000] {dag.py:3954} INFO - Setting next_dagrun for tutorial to 2026-03-31 00:00:00+00:00, run_after=2026-04-01 00:00:00+00:00
[2026-04-01T13:03:23.879+0000] {processor.py:183} INFO - Processing /home/airflow/.local/lib/python3.12/site-packages/airflow/example_dags/tutorial.py took 0.062 seconds
[2026-04-01T13:03:54.173+0000] {processor.py:161} INFO - Started process (PID=661) to work on /home/airflow/.local/lib/python3.12/site-packages/airflow/example_dags/tutorial.py
[2026-04-01T13:03:54.174+0000] {processor.py:830} INFO - Processing file /home/airflow/.local/lib/python3.12/site-packages/airflow/example_dags/tutorial.py for tasks to queue
[2026-04-01T13:03:54.175+0000] {logging_mixin.py:188} INFO - [2026-04-01T13:03:54.175+0000] {dagbag.py:545} INFO - Filling up the DagBag from /home/airflow/.local/lib/python3.12/site-packages/airflow/example_dags/tutorial.py
[2026-04-01T13:03:54.180+0000] {processor.py:840} INFO - DAG(s) 'tutorial' retrieved from /home/airflow/.local/lib/python3.12/site-packages/airflow/example_dags/tutorial.py
[2026-04-01T13:03:54.193+0000] {logging_mixin.py:188} INFO - [2026-04-01T13:03:54.193+0000] {dag.py:3096} INFO - Sync 1 DAGs
[2026-04-01T13:03:54.207+0000] {logging_mixin.py:188} INFO - [2026-04-01T13:03:54.207+0000] {dag.py:3954} INFO - Setting next_dagrun for tutorial to 2026-03-31 00:00:00+00:00, run_after=2026-04-01 00:00:00+00:00
[2026-04-01T13:03:54.221+0000] {processor.py:183} INFO - Processing /home/airflow/.local/lib/python3.12/site-packages/airflow/example_dags/tutorial.py took 0.053 seconds
[2026-04-01T13:04:24.493+0000] {processor.py:161} INFO - Started process (PID=719) to work on /home/airflow/.local/lib/python3.12/site-packages/airflow/example_dags/tutorial.py
[2026-04-01T13:04:24.494+0000] {processor.py:830} INFO - Processing file /home/airflow/.local/lib/python3.12/site-packages/airflow/example_dags/tutorial.py for tasks to queue
[2026-04-01T13:04:24.495+0000] {logging_mixin.py:188} INFO - [2026-04-01T13:04:24.495+0000] {dagbag.py:545} INFO - Filling up the DagBag from /home/airflow/.local/lib/python3.12/site-packages/airflow/example_dags/tutorial.py
[2026-04-01T13:04:24.500+0000] {processor.py:840} INFO - DAG(s) 'tutorial' retrieved from /home/airflow/.local/lib/python3.12/site-packages/airflow/example_dags/tutorial.py
[2026-04-01T13:04:24.516+0000] {logging_mixin.py:188} INFO - [2026-04-01T13:04:24.516+0000] {dag.py:3096} INFO - Sync 1 DAGs
[2026-04-01T13:04:24.544+0000] {logging_mixin.py:188} INFO - [2026-04-01T13:04:24.544+0000] {dag.py:3954} INFO - Setting next_dagrun for tutorial to 2026-03-31 00:00:00+00:00, run_after=2026-04-01 00:00:00+00:00
[2026-04-01T13:04:24.566+0000] {processor.py:183} INFO - Processing /home/airflow/.local/lib/python3.12/site-packages/airflow/example_dags/tutorial.py took 0.078 seconds
[2026-04-01T13:04:54.674+0000] {processor.py:161} INFO - Started process (PID=777) to work on /home/airflow/.local/lib/python3.12/site-packages/airflow/example_dags/tutorial.py
[2026-04-01T13:04:54.675+0000] {processor.py:830} INFO - Processing file /home/airflow/.local/lib/python3.12/site-packages/airflow/example_dags/tutorial.py for tasks to queue
[2026-04-01T13:04:54.677+0000] {logging_mixin.py:188} INFO - [2026-04-01T13:04:54.676+0000] {dagbag.py:545} INFO - Filling up the DagBag from /home/airflow/.local/lib/python3.12/site-packages/airflow/example_dags/tutorial.py
[2026-04-01T13:04:54.682+0000] {processor.py:840} INFO - DAG(s) 'tutorial' retrieved from /home/airflow/.local/lib/python3.12/site-packages/airflow/example_dags/tutorial.py
[2026-04-01T13:04:54.697+0000] {logging_mixin.py:188} INFO - [2026-04-01T13:04:54.697+0000] {dag.py:3096} INFO - Sync 1 DAGs
[2026-04-01T13:04:54.714+0000] {logging_mixin.py:188} INFO - [2026-04-01T13:04:54.714+0000] {dag.py:3954} INFO - Setting next_dagrun for tutorial to 2026-03-31 00:00:00+00:00, run_after=2026-04-01 00:00:00+00:00
[2026-04-01T13:04:54.729+0000] {processor.py:183} INFO - Processing /home/airflow/.local/lib/python3.12/site-packages/airflow/example_dags/tutorial.py took 0.059 seconds
[2026-04-01T13:05:24.845+0000] {processor.py:161} INFO - Started process (PID=835) to work on /home/airflow/.local/lib/python3.12/site-packages/airflow/example_dags/tutorial.py
[2026-04-01T13:05:24.846+0000] {processor.py:830} INFO - Processing file /home/airflow/.local/lib/python3.12/site-packages/airflow/example_dags/tutorial.py for tasks to queue
[2026-04-01T13:05:24.847+0000] {logging_mixin.py:188} INFO - [2026-04-01T13:05:24.847+0000] {dagbag.py:545} INFO - Filling up the DagBag from /home/airflow/.local/lib/python3.12/site-packages/airflow/example_dags/tutorial.py
[2026-04-01T13:05:24.852+0000] {processor.py:840} INFO - DAG(s) 'tutorial' retrieved from /home/airflow/.local/lib/python3.12/site-packages/airflow/example_dags/tutorial.py
[2026-04-01T13:05:24.870+0000] {logging_mixin.py:188} INFO - [2026-04-01T13:05:24.870+0000] {dag.py:3096} INFO - Sync 1 DAGs
[2026-04-01T13:05:24.886+0000] {logging_mixin.py:188} INFO - [2026-04-01T13:05:24.886+0000] {dag.py:3954} INFO - Setting next_dagrun for tutorial to 2026-03-31 00:00:00+00:00, run_after=2026-04-01 00:00:00+00:00
[2026-04-01T13:05:24.903+0000] {processor.py:183} INFO - Processing /home/airflow/.local/lib/python3.12/site-packages/airflow/example_dags/tutorial.py took 0.063 seconds
[2026-04-01T13:05:54.973+0000] {processor.py:161} INFO - Started process (PID=893) to work on /home/airflow/.local/lib/python3.12/site-packages/airflow/example_dags/tutorial.py
[2026-04-01T13:05:54.973+0000] {processor.py:830} INFO - Processing file /home/airflow/.local/lib/python3.12/site-packages/airflow/example_dags/tutorial.py for tasks to queue
[2026-04-01T13:05:54.975+0000] {logging_mixin.py:188} INFO - [2026-04-01T13:05:54.975+0000] {dagbag.py:545} INFO - Filling up the DagBag from /home/airflow/.local/lib/python3.12/site-packages/airflow/example_dags/tutorial.py
[2026-04-01T13:05:54.981+0000] {processor.py:840} INFO - DAG(s) 'tutorial' retrieved from /home/airflow/.local/lib/python3.12/site-packages/airflow/example_dags/tutorial.py
[2026-04-01T13:05:54.997+0000] {logging_mixin.py:188} INFO - [2026-04-01T13:05:54.996+0000] {dag.py:3096} INFO - Sync 1 DAGs
[2026-04-01T13:05:55.013+0000] {logging_mixin.py:188} INFO - [2026-04-01T13:05:55.013+0000] {dag.py:3954} INFO - Setting next_dagrun for tutorial to 2026-03-31 00:00:00+00:00, run_after=2026-04-01 00:00:00+00:00
[2026-04-01T13:05:55.030+0000] {processor.py:183} INFO - Processing /home/airflow/.local/lib/python3.12/site-packages/airflow/example_dags/tutorial.py took 0.062 seconds
[2026-04-01T13:06:25.333+0000] {processor.py:161} INFO - Started process (PID=951) to work on /home/airflow/.local/lib/python3.12/site-packages/airflow/example_dags/tutorial.py
[2026-04-01T13:06:25.334+0000] {processor.py:830} INFO - Processing file /home/airflow/.local/lib/python3.12/site-packages/airflow/example_dags/tutorial.py for tasks to queue
[2026-04-01T13:06:25.336+0000] {logging_mixin.py:188} INFO - [2026-04-01T13:06:25.335+0000] {dagbag.py:545} INFO - Filling up the DagBag from /home/airflow/.local/lib/python3.12/site-packages/airflow/example_dags/tutorial.py
[2026-04-01T13:06:25.341+0000] {processor.py:840} INFO - DAG(s) 'tutorial' retrieved from /home/airflow/.local/lib/python3.12/site-packages/airflow/example_dags/tutorial.py
[2026-04-01T13:06:25.357+0000] {logging_mixin.py:188} INFO - [2026-04-01T13:06:25.357+0000] {dag.py:3096} INFO - Sync 1 DAGs
[2026-04-01T13:06:25.375+0000] {logging_mixin.py:188} INFO - [2026-04-01T13:06:25.375+0000] {dag.py:3954} INFO - Setting next_dagrun for tutorial to 2026-03-31 00:00:00+00:00, run_after=2026-04-01 00:00:00+00:00
[2026-04-01T13:06:25.390+0000] {processor.py:183} INFO - Processing /home/airflow/.local/lib/python3.12/site-packages/airflow/example_dags/tutorial.py took 0.062 seconds
[2026-04-01T13:06:55.720+0000] {processor.py:161} INFO - Started process (PID=1009) to work on /home/airflow/.local/lib/python3.12/site-packages/airflow/example_dags/tutorial.py
[2026-04-01T13:06:55.720+0000] {processor.py:830} INFO - Processing file /home/airflow/.local/lib/python3.12/site-packages/airflow/example_dags/tutorial.py for tasks to queue
[2026-04-01T13:06:55.722+0000] {logging_mixin.py:188} INFO - [2026-04-01T13:06:55.722+0000] {dagbag.py:545} INFO - Filling up the DagBag from /home/airflow/.local/lib/python3.12/site-packages/airflow/example_dags/tutorial.py
[2026-04-01T13:06:55.726+0000] {processor.py:840} INFO - DAG(s) 'tutorial' retrieved from /home/airflow/.local/lib/python3.12/site-packages/airflow/example_dags/tutorial.py
[2026-04-01T13:06:55.741+0000] {logging_mixin.py:188} INFO - [2026-04-01T13:06:55.740+0000] {dag.py:3096} INFO - Sync 1 DAGs
[2026-04-01T13:06:55.756+0000] {logging_mixin.py:188} INFO - [2026-04-01T13:06:55.755+0000] {dag.py:3954} INFO - Setting next_dagrun for tutorial to 2026-03-31 00:00:00+00:00, run_after=2026-04-01 00:00:00+00:00
[2026-04-01T13:06:55.771+0000] {processor.py:183} INFO - Processing /home/airflow/.local/lib/python3.12/site-packages/airflow/example_dags/tutorial.py took 0.056 seconds
[2026-04-01T13:07:25.936+0000] {processor.py:161} INFO - Started process (PID=1067) to work on /home/airflow/.local/lib/python3.12/site-packages/airflow/example_dags/tutorial.py
[2026-04-01T13:07:25.937+0000] {processor.py:830} INFO - Processing file /home/airflow/.local/lib/python3.12/site-packages/airflow/example_dags/tutorial.py for tasks to queue
[2026-04-01T13:07:25.938+0000] {logging_mixin.py:188} INFO - [2026-04-01T13:07:25.938+0000] {dagbag.py:545} INFO - Filling up the DagBag from /home/airflow/.local/lib/python3.12/site-packages/airflow/example_dags/tutorial.py
[2026-04-01T13:07:25.943+0000] {processor.py:840} INFO - DAG(s) 'tutorial' retrieved from /home/airflow/.local/lib/python3.12/site-packages/airflow/example_dags/tutorial.py
[2026-04-01T13:07:25.959+0000] {logging_mixin.py:188} INFO - [2026-04-01T13:07:25.959+0000] {dag.py:3096} INFO - Sync 1 DAGs
[2026-04-01T13:07:25.974+0000] {logging_mixin.py:188} INFO - [2026-04-01T13:07:25.974+0000] {dag.py:3954} INFO - Setting next_dagrun for tutorial to 2026-03-31 00:00:00+00:00, run_after=2026-04-01 00:00:00+00:00
[2026-04-01T13:07:25.990+0000] {processor.py:183} INFO - Processing /home/airflow/.local/lib/python3.12/site-packages/airflow/example_dags/tutorial.py took 0.059 seconds
[2026-04-01T13:07:56.098+0000] {processor.py:161} INFO - Started process (PID=1125) to work on /home/airflow/.local/lib/python3.12/site-packages/airflow/example_dags/tutorial.py
[2026-04-01T13:07:56.099+0000] {processor.py:830} INFO - Processing file /home/airflow/.local/lib/python3.12/site-packages/airflow/example_dags/tutorial.py for tasks to queue
[2026-04-01T13:07:56.100+0000] {logging_mixin.py:188} INFO - [2026-04-01T13:07:56.100+0000] {dagbag.py:545} INFO - Filling up the DagBag from /home/airflow/.local/lib/python3.12/site-packages/airflow/example_dags/tutorial.py
[2026-04-01T13:07:56.105+0000] {processor.py:840} INFO - DAG(s) 'tutorial' retrieved from /home/airflow/.local/lib/python3.12/site-packages/airflow/example_dags/tutorial.py
[2026-04-01T13:07:56.121+0000] {logging_mixin.py:188} INFO - [2026-04-01T13:07:56.120+0000] {dag.py:3096} INFO - Sync 1 DAGs
[2026-04-01T13:07:56.139+0000] {logging_mixin.py:188} INFO - [2026-04-01T13:07:56.139+0000] {dag.py:3954} INFO - Setting next_dagrun for tutorial to 2026-03-31 00:00:00+00:00, run_after=2026-04-01 00:00:00+00:00
[2026-04-01T13:07:56.155+0000] {processor.py:183} INFO - Processing /home/airflow/.local/lib/python3.12/site-packages/airflow/example_dags/tutorial.py took 0.061 seconds
[2026-04-01T13:08:26.377+0000] {processor.py:161} INFO - Started process (PID=1183) to work on /home/airflow/.local/lib/python3.12/site-packages/airflow/example_dags/tutorial.py
[2026-04-01T13:08:26.378+0000] {processor.py:830} INFO - Processing file /home/airflow/.local/lib/python3.12/site-packages/airflow/example_dags/tutorial.py for tasks to queue
[2026-04-01T13:08:26.379+0000] {logging_mixin.py:188} INFO - [2026-04-01T13:08:26.379+0000] {dagbag.py:545} INFO - Filling up the DagBag from /home/airflow/.local/lib/python3.12/site-packages/airflow/example_dags/tutorial.py
[2026-04-01T13:08:26.384+0000] {processor.py:840} INFO - DAG(s) 'tutorial' retrieved from /home/airflow/.local/lib/python3.12/site-packages/airflow/example_dags/tutorial.py
[2026-04-01T13:08:26.399+0000] {logging_mixin.py:188} INFO - [2026-04-01T13:08:26.399+0000] {dag.py:3096} INFO - Sync 1 DAGs
[2026-04-01T13:08:26.413+0000] {logging_mixin.py:188} INFO - [2026-04-01T13:08:26.413+0000] {dag.py:3954} INFO - Setting next_dagrun for tutorial to 2026-03-31 00:00:00+00:00, run_after=2026-04-01 00:00:00+00:00
[2026-04-01T13:08:26.426+0000] {processor.py:183} INFO - Processing /home/airflow/.local/lib/python3.12/site-packages/airflow/example_dags/tutorial.py took 0.053 seconds
[2026-04-01T13:08:56.811+0000] {processor.py:161} INFO - Started process (PID=1241) to work on /home/airflow/.local/lib/python3.12/site-packages/airflow/example_dags/tutorial.py
[2026-04-01T13:08:56.812+0000] {processor.py:830} INFO - Processing file /home/airflow/.local/lib/python3.12/site-packages/airflow/example_dags/tutorial.py for tasks to queue
[2026-04-01T13:08:56.814+0000] {logging_mixin.py:188} INFO - [2026-04-01T13:08:56.814+0000] {dagbag.py:545} INFO - Filling up the DagBag from /home/airflow/.local/lib/python3.12/site-packages/airflow/example_dags/tutorial.py
[2026-04-01T13:08:56.822+0000] {processor.py:840} INFO - DAG(s) 'tutorial' retrieved from /home/airflow/.local/lib/python3.12/site-packages/airflow/example_dags/tutorial.py
[2026-04-01T13:08:56.845+0000] {logging_mixin.py:188} INFO - [2026-04-01T13:08:56.845+0000] {dag.py:3096} INFO - Sync 1 DAGs
[2026-04-01T13:08:56.863+0000] {logging_mixin.py:188} INFO - [2026-04-01T13:08:56.863+0000] {dag.py:3954} INFO - Setting next_dagrun for tutorial to 2026-03-31 00:00:00+00:00, run_after=2026-04-01 00:00:00+00:00
[2026-04-01T13:08:56.879+0000] {processor.py:183} INFO - Processing /home/airflow/.local/lib/python3.12/site-packages/airflow/example_dags/tutorial.py took 0.075 seconds
[2026-04-01T13:09:27.124+0000] {processor.py:161} INFO - Started process (PID=1299) to work on /home/airflow/.local/lib/python3.12/site-packages/airflow/example_dags/tutorial.py
[2026-04-01T13:09:27.125+0000] {processor.py:830} INFO - Processing file /home/airflow/.local/lib/python3.12/site-packages/airflow/example_dags/tutorial.py for tasks to queue
[2026-04-01T13:09:27.127+0000] {logging_mixin.py:188} INFO - [2026-04-01T13:09:27.126+0000] {dagbag.py:545} INFO - Filling up the DagBag from /home/airflow/.local/lib/python3.12/site-packages/airflow/example_dags/tutorial.py
[2026-04-01T13:09:27.132+0000] {processor.py:840} INFO - DAG(s) 'tutorial' retrieved from /home/airflow/.local/lib/python3.12/site-packages/airflow/example_dags/tutorial.py
[2026-04-01T13:09:27.151+0000] {logging_mixin.py:188} INFO - [2026-04-01T13:09:27.151+0000] {dag.py:3096} INFO - Sync 1 DAGs
[2026-04-01T13:09:27.173+0000] {logging_mixin.py:188} INFO - [2026-04-01T13:09:27.173+0000] {dag.py:3954} INFO - Setting next_dagrun for tutorial to 2026-03-31 00:00:00+00:00, run_after=2026-04-01 00:00:00+00:00
[2026-04-01T13:09:27.188+0000] {processor.py:183} INFO - Processing /home/airflow/.local/lib/python3.12/site-packages/airflow/example_dags/tutorial.py took 0.068 seconds
[2026-04-01T13:09:57.449+0000] {processor.py:161} INFO - Started process (PID=1357) to work on /home/airflow/.local/lib/python3.12/site-packages/airflow/example_dags/tutorial.py
[2026-04-01T13:09:57.449+0000] {processor.py:830} INFO - Processing file /home/airflow/.local/lib/python3.12/site-packages/airflow/example_dags/tutorial.py for tasks to queue
[2026-04-01T13:09:57.451+0000] {logging_mixin.py:188} INFO - [2026-04-01T13:09:57.451+0000] {dagbag.py:545} INFO - Filling up the DagBag from /home/airflow/.local/lib/python3.12/site-packages/airflow/example_dags/tutorial.py
[2026-04-01T13:09:57.456+0000] {processor.py:840} INFO - DAG(s) 'tutorial' retrieved from /home/airflow/.local/lib/python3.12/site-packages/airflow/example_dags/tutorial.py
[2026-04-01T13:09:57.471+0000] {logging_mixin.py:188} INFO - [2026-04-01T13:09:57.470+0000] {dag.py:3096} INFO - Sync 1 DAGs
[2026-04-01T13:09:57.487+0000] {logging_mixin.py:188} INFO - [2026-04-01T13:09:57.486+0000] {dag.py:3954} INFO - Setting next_dagrun for tutorial to 2026-03-31 00:00:00+00:00, run_after=2026-04-01 00:00:00+00:00
[2026-04-01T13:09:57.505+0000] {processor.py:183} INFO - Processing /home/airflow/.local/lib/python3.12/site-packages/airflow/example_dags/tutorial.py took 0.061 seconds
[2026-04-01T13:10:27.565+0000] {processor.py:161} INFO - Started process (PID=1414) to work on /home/airflow/.local/lib/python3.12/site-packages/airflow/example_dags/tutorial.py
[2026-04-01T13:10:27.566+0000] {processor.py:830} INFO - Processing file /home/airflow/.local/lib/python3.12/site-packages/airflow/example_dags/tutorial.py for tasks to queue
[2026-04-01T13:10:27.567+0000] {logging_mixin.py:188} INFO - [2026-04-01T13:10:27.567+0000] {dagbag.py:545} INFO - Filling up the DagBag from /home/airflow/.local/lib/python3.12/site-packages/airflow/example_dags/tutorial.py
[2026-04-01T13:10:27.572+0000] {processor.py:840} INFO - DAG(s) 'tutorial' retrieved from /home/airflow/.local/lib/python3.12/site-packages/airflow/example_dags/tutorial.py
[2026-04-01T13:10:27.588+0000] {logging_mixin.py:188} INFO - [2026-04-01T13:10:27.588+0000] {dag.py:3096} INFO - Sync 1 DAGs
[2026-04-01T13:10:27.604+0000] {logging_mixin.py:188} INFO - [2026-04-01T13:10:27.604+0000] {dag.py:3954} INFO - Setting next_dagrun for tutorial to 2026-03-31 00:00:00+00:00, run_after=2026-04-01 00:00:00+00:00
[2026-04-01T13:10:27.620+0000] {processor.py:183} INFO - Processing /home/airflow/.local/lib/python3.12/site-packages/airflow/example_dags/tutorial.py took 0.061 seconds
[2026-04-01T13:10:58.197+0000] {processor.py:161} INFO - Started process (PID=1472) to work on /home/airflow/.local/lib/python3.12/site-packages/airflow/example_dags/tutorial.py
[2026-04-01T13:10:58.198+0000] {processor.py:830} INFO - Processing file /home/airflow/.local/lib/python3.12/site-packages/airflow/example_dags/tutorial.py for tasks to queue
[2026-04-01T13:10:58.199+0000] {logging_mixin.py:188} INFO - [2026-04-01T13:10:58.199+0000] {dagbag.py:545} INFO - Filling up the DagBag from /home/airflow/.local/lib/python3.12/site-packages/airflow/example_dags/tutorial.py
[2026-04-01T13:10:58.204+0000] {processor.py:840} INFO - DAG(s) 'tutorial' retrieved from /home/airflow/.local/lib/python3.12/site-packages/airflow/example_dags/tutorial.py
[2026-04-01T13:10:58.222+0000] {logging_mixin.py:188} INFO - [2026-04-01T13:10:58.222+0000] {dag.py:3096} INFO - Sync 1 DAGs
[2026-04-01T13:10:58.239+0000] {logging_mixin.py:188} INFO - [2026-04-01T13:10:58.238+0000] {dag.py:3954} INFO - Setting next_dagrun for tutorial to 2026-03-31 00:00:00+00:00, run_after=2026-04-01 00:00:00+00:00
[2026-04-01T13:10:58.254+0000] {processor.py:183} INFO - Processing /home/airflow/.local/lib/python3.12/site-packages/airflow/example_dags/tutorial.py took 0.061 seconds
[2026-04-01T13:11:28.571+0000] {processor.py:161} INFO - Started process (PID=1530) to work on /home/airflow/.local/lib/python3.12/site-packages/airflow/example_dags/tutorial.py
[2026-04-01T13:11:28.572+0000] {processor.py:830} INFO - Processing file /home/airflow/.local/lib/python3.12/site-packages/airflow/example_dags/tutorial.py for tasks to queue
[2026-04-01T13:11:28.573+0000] {logging_mixin.py:188} INFO - [2026-04-01T13:11:28.573+0000] {dagbag.py:545} INFO - Filling up the DagBag from /home/airflow/.local/lib/python3.12/site-packages/airflow/example_dags/tutorial.py
[2026-04-01T13:11:28.580+0000] {processor.py:840} INFO - DAG(s) 'tutorial' retrieved from /home/airflow/.local/lib/python3.12/site-packages/airflow/example_dags/tutorial.py
[2026-04-01T13:11:28.596+0000] {logging_mixin.py:188} INFO - [2026-04-01T13:11:28.596+0000] {dag.py:3096} INFO - Sync 1 DAGs
[2026-04-01T13:11:28.613+0000] {logging_mixin.py:188} INFO - [2026-04-01T13:11:28.613+0000] {dag.py:3954} INFO - Setting next_dagrun for tutorial to 2026-03-31 00:00:00+00:00, run_after=2026-04-01 00:00:00+00:00
[2026-04-01T13:11:28.633+0000] {processor.py:183} INFO - Processing /home/airflow/.local/lib/python3.12/site-packages/airflow/example_dags/tutorial.py took 0.068 seconds
[2026-04-01T13:11:59.018+0000] {processor.py:161} INFO - Started process (PID=1588) to work on /home/airflow/.local/lib/python3.12/site-packages/airflow/example_dags/tutorial.py
[2026-04-01T13:11:59.019+0000] {processor.py:830} INFO - Processing file /home/airflow/.local/lib/python3.12/site-packages/airflow/example_dags/tutorial.py for tasks to queue
[2026-04-01T13:11:59.020+0000] {logging_mixin.py:188} INFO - [2026-04-01T13:11:59.020+0000] {dagbag.py:545} INFO - Filling up the DagBag from /home/airflow/.local/lib/python3.12/site-packages/airflow/example_dags/tutorial.py
[2026-04-01T13:11:59.025+0000] {processor.py:840} INFO - DAG(s) 'tutorial' retrieved from /home/airflow/.local/lib/python3.12/site-packages/airflow/example_dags/tutorial.py
[2026-04-01T13:11:59.039+0000] {logging_mixin.py:188} INFO - [2026-04-01T13:11:59.039+0000] {dag.py:3096} INFO - Sync 1 DAGs
[2026-04-01T13:11:59.054+0000] {logging_mixin.py:188} INFO - [2026-04-01T13:11:59.054+0000] {dag.py:3954} INFO - Setting next_dagrun for tutorial to 2026-03-31 00:00:00+00:00, run_after=2026-04-01 00:00:00+00:00
[2026-04-01T13:11:59.072+0000] {processor.py:183} INFO - Processing /home/airflow/.local/lib/python3.12/site-packages/airflow/example_dags/tutorial.py took 0.059 seconds
[2026-04-01T13:12:29.317+0000] {processor.py:161} INFO - Started process (PID=1646) to work on /home/airflow/.local/lib/python3.12/site-packages/airflow/example_dags/tutorial.py
[2026-04-01T13:12:29.318+0000] {processor.py:830} INFO - Processing file /home/airflow/.local/lib/python3.12/site-packages/airflow/example_dags/tutorial.py for tasks to queue
[2026-04-01T13:12:29.319+0000] {logging_mixin.py:188} INFO - [2026-04-01T13:12:29.319+0000] {dagbag.py:545} INFO - Filling up the DagBag from /home/airflow/.local/lib/python3.12/site-packages/airflow/example_dags/tutorial.py
[2026-04-01T13:12:29.324+0000] {processor.py:840} INFO - DAG(s) 'tutorial' retrieved from /home/airflow/.local/lib/python3.12/site-packages/airflow/example_dags/tutorial.py
[2026-04-01T13:12:29.339+0000] {logging_mixin.py:188} INFO - [2026-04-01T13:12:29.339+0000] {dag.py:3096} INFO - Sync 1 DAGs
[2026-04-01T13:12:29.355+0000] {logging_mixin.py:188} INFO - [2026-04-01T13:12:29.355+0000] {dag.py:3954} INFO - Setting next_dagrun for tutorial to 2026-03-31 00:00:00+00:00, run_after=2026-04-01 00:00:00+00:00
[2026-04-01T13:12:29.372+0000] {processor.py:183} INFO - Processing /home/airflow/.local/lib/python3.12/site-packages/airflow/example_dags/tutorial.py took 0.060 seconds
[2026-04-01T13:12:59.579+0000] {processor.py:161} INFO - Started process (PID=1704) to work on /home/airflow/.local/lib/python3.12/site-packages/airflow/example_dags/tutorial.py
[2026-04-01T13:12:59.579+0000] {processor.py:830} INFO - Processing file /home/airflow/.local/lib/python3.12/site-packages/airflow/example_dags/tutorial.py for tasks to queue
[2026-04-01T13:12:59.581+0000] {logging_mixin.py:188} INFO - [2026-04-01T13:12:59.580+0000] {dagbag.py:545} INFO - Filling up the DagBag from /home/airflow/.local/lib/python3.12/site-packages/airflow/example_dags/tutorial.py
[2026-04-01T13:12:59.585+0000] {processor.py:840} INFO - DAG(s) 'tutorial' retrieved from /home/airflow/.local/lib/python3.12/site-packages/airflow/example_dags/tutorial.py
[2026-04-01T13:12:59.601+0000] {logging_mixin.py:188} INFO - [2026-04-01T13:12:59.601+0000] {dag.py:3096} INFO - Sync 1 DAGs
[2026-04-01T13:12:59.619+0000] {logging_mixin.py:188} INFO - [2026-04-01T13:12:59.619+0000] {dag.py:3954} INFO - Setting next_dagrun for tutorial to 2026-03-31 00:00:00+00:00, run_after=2026-04-01 00:00:00+00:00
[2026-04-01T13:12:59.635+0000] {processor.py:183} INFO - Processing /home/airflow/.local/lib/python3.12/site-packages/airflow/example_dags/tutorial.py took 0.061 seconds
[2026-04-01T13:13:29.940+0000] {processor.py:161} INFO - Started process (PID=1762) to work on /home/airflow/.local/lib/python3.12/site-packages/airflow/example_dags/tutorial.py
[2026-04-01T13:13:29.941+0000] {processor.py:830} INFO - Processing file /home/airflow/.local/lib/python3.12/site-packages/airflow/example_dags/tutorial.py for tasks to queue
[2026-04-01T13:13:29.943+0000] {logging_mixin.py:188} INFO - [2026-04-01T13:13:29.942+0000] {dagbag.py:545} INFO - Filling up the DagBag from /home/airflow/.local/lib/python3.12/site-packages/airflow/example_dags/tutorial.py
[2026-04-01T13:13:29.947+0000] {processor.py:840} INFO - DAG(s) 'tutorial' retrieved from /home/airflow/.local/lib/python3.12/site-packages/airflow/example_dags/tutorial.py
[2026-04-01T13:13:29.962+0000] {logging_mixin.py:188} INFO - [2026-04-01T13:13:29.962+0000] {dag.py:3096} INFO - Sync 1 DAGs
[2026-04-01T13:13:29.977+0000] {logging_mixin.py:188} INFO - [2026-04-01T13:13:29.977+0000] {dag.py:3954} INFO - Setting next_dagrun for tutorial to 2026-03-31 00:00:00+00:00, run_after=2026-04-01 00:00:00+00:00
[2026-04-01T13:13:29.994+0000] {processor.py:183} INFO - Processing /home/airflow/.local/lib/python3.12/site-packages/airflow/example_dags/tutorial.py took 0.059 seconds
[2026-04-01T13:14:00.410+0000] {processor.py:161} INFO - Started process (PID=1820) to work on /home/airflow/.local/lib/python3.12/site-packages/airflow/example_dags/tutorial.py
[2026-04-01T13:14:00.410+0000] {processor.py:830} INFO - Processing file /home/airflow/.local/lib/python3.12/site-packages/airflow/example_dags/tutorial.py for tasks to queue
[2026-04-01T13:14:00.412+0000] {logging_mixin.py:188} INFO - [2026-04-01T13:14:00.412+0000] {dagbag.py:545} INFO - Filling up the DagBag from /home/airflow/.local/lib/python3.12/site-packages/airflow/example_dags/tutorial.py
[2026-04-01T13:14:00.416+0000] {processor.py:840} INFO - DAG(s) 'tutorial' retrieved from /home/airflow/.local/lib/python3.12/site-packages/airflow/example_dags/tutorial.py
[2026-04-01T13:14:00.431+0000] {logging_mixin.py:188} INFO - [2026-04-01T13:14:00.430+0000] {dag.py:3096} INFO - Sync 1 DAGs
[2026-04-01T13:14:00.447+0000] {logging_mixin.py:188} INFO - [2026-04-01T13:14:00.447+0000] {dag.py:3954} INFO - Setting next_dagrun for tutorial to 2026-03-31 00:00:00+00:00, run_after=2026-04-01 00:00:00+00:00
[2026-04-01T13:14:00.464+0000] {processor.py:183} INFO - Processing /home/airflow/.local/lib/python3.12/site-packages/airflow/example_dags/tutorial.py took 0.059 seconds
[2026-04-01T13:14:31.202+0000] {processor.py:161} INFO - Started process (PID=1878) to work on /home/airflow/.local/lib/python3.12/site-packages/airflow/example_dags/tutorial.py
[2026-04-01T13:14:31.203+0000] {processor.py:830} INFO - Processing file /home/airflow/.local/lib/python3.12/site-packages/airflow/example_dags/tutorial.py for tasks to queue
[2026-04-01T13:14:31.205+0000] {logging_mixin.py:188} INFO - [2026-04-01T13:14:31.204+0000] {dagbag.py:545} INFO - Filling up the DagBag from /home/airflow/.local/lib/python3.12/site-packages/airflow/example_dags/tutorial.py
[2026-04-01T13:14:31.210+0000] {processor.py:840} INFO - DAG(s) 'tutorial' retrieved from /home/airflow/.local/lib/python3.12/site-packages/airflow/example_dags/tutorial.py
[2026-04-01T13:14:31.225+0000] {logging_mixin.py:188} INFO - [2026-04-01T13:14:31.224+0000] {dag.py:3096} INFO - Sync 1 DAGs
[2026-04-01T13:14:31.241+0000] {logging_mixin.py:188} INFO - [2026-04-01T13:14:31.240+0000] {dag.py:3954} INFO - Setting next_dagrun for tutorial to 2026-03-31 00:00:00+00:00, run_after=2026-04-01 00:00:00+00:00
[2026-04-01T13:14:31.366+0000] {processor.py:183} INFO - Processing /home/airflow/.local/lib/python3.12/site-packages/airflow/example_dags/tutorial.py took 0.169 seconds
[2026-04-01T13:15:01.396+0000] {processor.py:161} INFO - Started process (PID=1936) to work on /home/airflow/.local/lib/python3.12/site-packages/airflow/example_dags/tutorial.py
[2026-04-01T13:15:01.397+0000] {processor.py:830} INFO - Processing file /home/airflow/.local/lib/python3.12/site-packages/airflow/example_dags/tutorial.py for tasks to queue
[2026-04-01T13:15:01.399+0000] {logging_mixin.py:188} INFO - [2026-04-01T13:15:01.399+0000] {dagbag.py:545} INFO - Filling up the DagBag from /home/airflow/.local/lib/python3.12/site-packages/airflow/example_dags/tutorial.py
[2026-04-01T13:15:01.404+0000] {processor.py:840} INFO - DAG(s) 'tutorial' retrieved from /home/airflow/.local/lib/python3.12/site-packages/airflow/example_dags/tutorial.py
[2026-04-01T13:15:01.419+0000] {logging_mixin.py:188} INFO - [2026-04-01T13:15:01.419+0000] {dag.py:3096} INFO - Sync 1 DAGs
[2026-04-01T13:15:01.434+0000] {logging_mixin.py:188} INFO - [2026-04-01T13:15:01.434+0000] {dag.py:3954} INFO - Setting next_dagrun for tutorial to 2026-03-31 00:00:00+00:00, run_after=2026-04-01 00:00:00+00:00
[2026-04-01T13:15:01.448+0000] {processor.py:183} INFO - Processing /home/airflow/.local/lib/python3.12/site-packages/airflow/example_dags/tutorial.py took 0.057 seconds
[2026-04-01T13:15:31.569+0000] {processor.py:161} INFO - Started process (PID=1994) to work on /home/airflow/.local/lib/python3.12/site-packages/airflow/example_dags/tutorial.py
[2026-04-01T13:15:31.570+0000] {processor.py:830} INFO - Processing file /home/airflow/.local/lib/python3.12/site-packages/airflow/example_dags/tutorial.py for tasks to queue
[2026-04-01T13:15:31.571+0000] {logging_mixin.py:188} INFO - [2026-04-01T13:15:31.571+0000] {dagbag.py:545} INFO - Filling up the DagBag from /home/airflow/.local/lib/python3.12/site-packages/airflow/example_dags/tutorial.py
[2026-04-01T13:15:31.575+0000] {processor.py:840} INFO - DAG(s) 'tutorial' retrieved from /home/airflow/.local/lib/python3.12/site-packages/airflow/example_dags/tutorial.py
[2026-04-01T13:15:31.590+0000] {logging_mixin.py:188} INFO - [2026-04-01T13:15:31.590+0000] {dag.py:3096} INFO - Sync 1 DAGs
[2026-04-01T13:15:31.605+0000] {logging_mixin.py:188} INFO - [2026-04-01T13:15:31.605+0000] {dag.py:3954} INFO - Setting next_dagrun for tutorial to 2026-03-31 00:00:00+00:00, run_after=2026-04-01 00:00:00+00:00
[2026-04-01T13:15:31.621+0000] {processor.py:183} INFO - Processing /home/airflow/.local/lib/python3.12/site-packages/airflow/example_dags/tutorial.py took 0.057 seconds
[2026-04-01T13:16:02.085+0000] {processor.py:161} INFO - Started process (PID=2052) to work on /home/airflow/.local/lib/python3.12/site-packages/airflow/example_dags/tutorial.py
[2026-04-01T13:16:02.086+0000] {processor.py:830} INFO - Processing file /home/airflow/.local/lib/python3.12/site-packages/airflow/example_dags/tutorial.py for tasks to queue
[2026-04-01T13:16:02.088+0000] {logging_mixin.py:188} INFO - [2026-04-01T13:16:02.088+0000] {dagbag.py:545} INFO - Filling up the DagBag from /home/airflow/.local/lib/python3.12/site-packages/airflow/example_dags/tutorial.py
[2026-04-01T13:16:02.094+0000] {processor.py:840} INFO - DAG(s) 'tutorial' retrieved from /home/airflow/.local/lib/python3.12/site-packages/airflow/example_dags/tutorial.py
[2026-04-01T13:16:02.110+0000] {logging_mixin.py:188} INFO - [2026-04-01T13:16:02.109+0000] {dag.py:3096} INFO - Sync 1 DAGs
[2026-04-01T13:16:02.125+0000] {logging_mixin.py:188} INFO - [2026-04-01T13:16:02.125+0000] {dag.py:3954} INFO - Setting next_dagrun for tutorial to 2026-03-31 00:00:00+00:00, run_after=2026-04-01 00:00:00+00:00
[2026-04-01T13:16:02.142+0000] {processor.py:183} INFO - Processing /home/airflow/.local/lib/python3.12/site-packages/airflow/example_dags/tutorial.py took 0.062 seconds
[2026-04-01T13:16:33.857+0000] {processor.py:161} INFO - Started process (PID=2110) to work on /home/airflow/.local/lib/python3.12/site-packages/airflow/example_dags/tutorial.py
[2026-04-01T13:16:33.857+0000] {processor.py:830} INFO - Processing file /home/airflow/.local/lib/python3.12/site-packages/airflow/example_dags/tutorial.py for tasks to queue
[2026-04-01T13:16:33.859+0000] {logging_mixin.py:188} INFO - [2026-04-01T13:16:33.859+0000] {dagbag.py:545} INFO - Filling up the DagBag from /home/airflow/.local/lib/python3.12/site-packages/airflow/example_dags/tutorial.py
[2026-04-01T13:16:33.863+0000] {processor.py:840} INFO - DAG(s) 'tutorial' retrieved from /home/airflow/.local/lib/python3.12/site-packages/airflow/example_dags/tutorial.py
[2026-04-01T13:16:33.999+0000] {logging_mixin.py:188} INFO - [2026-04-01T13:16:33.998+0000] {dag.py:3096} INFO - Sync 1 DAGs
[2026-04-01T13:16:34.011+0000] {logging_mixin.py:188} INFO - [2026-04-01T13:16:34.011+0000] {dag.py:3954} INFO - Setting next_dagrun for tutorial to 2026-03-31 00:00:00+00:00, run_after=2026-04-01 00:00:00+00:00
[2026-04-01T13:16:34.024+0000] {processor.py:183} INFO - Processing /home/airflow/.local/lib/python3.12/site-packages/airflow/example_dags/tutorial.py took 0.172 seconds
[2026-04-01T13:17:04.058+0000] {processor.py:161} INFO - Started process (PID=2168) to work on /home/airflow/.local/lib/python3.12/site-packages/airflow/example_dags/tutorial.py
[2026-04-01T13:17:04.058+0000] {processor.py:830} INFO - Processing file /home/airflow/.local/lib/python3.12/site-packages/airflow/example_dags/tutorial.py for tasks to queue
[2026-04-01T13:17:04.060+0000] {logging_mixin.py:188} INFO - [2026-04-01T13:17:04.059+0000] {dagbag.py:545} INFO - Filling up the DagBag from /home/airflow/.local/lib/python3.12/site-packages/airflow/example_dags/tutorial.py
[2026-04-01T13:17:04.065+0000] {processor.py:840} INFO - DAG(s) 'tutorial' retrieved from /home/airflow/.local/lib/python3.12/site-packages/airflow/example_dags/tutorial.py
[2026-04-01T13:17:04.081+0000] {logging_mixin.py:188} INFO - [2026-04-01T13:17:04.081+0000] {dag.py:3096} INFO - Sync 1 DAGs
[2026-04-01T13:17:04.095+0000] {logging_mixin.py:188} INFO - [2026-04-01T13:17:04.095+0000] {dag.py:3954} INFO - Setting next_dagrun for tutorial to 2026-03-31 00:00:00+00:00, run_after=2026-04-01 00:00:00+00:00
[2026-04-01T13:17:04.113+0000] {processor.py:183} INFO - Processing /home/airflow/.local/lib/python3.12/site-packages/airflow/example_dags/tutorial.py took 0.059 seconds
[2026-04-01T13:17:34.438+0000] {processor.py:161} INFO - Started process (PID=2226) to work on /home/airflow/.local/lib/python3.12/site-packages/airflow/example_dags/tutorial.py
[2026-04-01T13:17:34.439+0000] {processor.py:830} INFO - Processing file /home/airflow/.local/lib/python3.12/site-packages/airflow/example_dags/tutorial.py for tasks to queue
[2026-04-01T13:17:34.440+0000] {logging_mixin.py:188} INFO - [2026-04-01T13:17:34.440+0000] {dagbag.py:545} INFO - Filling up the DagBag from /home/airflow/.local/lib/python3.12/site-packages/airflow/example_dags/tutorial.py
[2026-04-01T13:17:34.444+0000] {processor.py:840} INFO - DAG(s) 'tutorial' retrieved from /home/airflow/.local/lib/python3.12/site-packages/airflow/example_dags/tutorial.py
[2026-04-01T13:17:34.460+0000] {logging_mixin.py:188} INFO - [2026-04-01T13:17:34.459+0000] {dag.py:3096} INFO - Sync 1 DAGs
[2026-04-01T13:17:34.476+0000] {logging_mixin.py:188} INFO - [2026-04-01T13:17:34.476+0000] {dag.py:3954} INFO - Setting next_dagrun for tutorial to 2026-03-31 00:00:00+00:00, run_after=2026-04-01 00:00:00+00:00
[2026-04-01T13:17:34.492+0000] {processor.py:183} INFO - Processing /home/airflow/.local/lib/python3.12/site-packages/airflow/example_dags/tutorial.py took 0.059 seconds
[2026-04-01T13:18:04.631+0000] {processor.py:161} INFO - Started process (PID=2284) to work on /home/airflow/.local/lib/python3.12/site-packages/airflow/example_dags/tutorial.py
[2026-04-01T13:18:04.632+0000] {processor.py:830} INFO - Processing file /home/airflow/.local/lib/python3.12/site-packages/airflow/example_dags/tutorial.py for tasks to queue
[2026-04-01T13:18:04.633+0000] {logging_mixin.py:188} INFO - [2026-04-01T13:18:04.633+0000] {dagbag.py:545} INFO - Filling up the DagBag from /home/airflow/.local/lib/python3.12/site-packages/airflow/example_dags/tutorial.py
[2026-04-01T13:18:04.638+0000] {processor.py:840} INFO - DAG(s) 'tutorial' retrieved from /home/airflow/.local/lib/python3.12/site-packages/airflow/example_dags/tutorial.py
[2026-04-01T13:18:04.652+0000] {logging_mixin.py:188} INFO - [2026-04-01T13:18:04.651+0000] {dag.py:3096} INFO - Sync 1 DAGs
[2026-04-01T13:18:04.666+0000] {logging_mixin.py:188} INFO - [2026-04-01T13:18:04.665+0000] {dag.py:3954} INFO - Setting next_dagrun for tutorial to 2026-03-31 00:00:00+00:00, run_after=2026-04-01 00:00:00+00:00
[2026-04-01T13:18:04.680+0000] {processor.py:183} INFO - Processing /home/airflow/.local/lib/python3.12/site-packages/airflow/example_dags/tutorial.py took 0.053 seconds
[2026-04-01T13:18:35.092+0000] {processor.py:161} INFO - Started process (PID=2342) to work on /home/airflow/.local/lib/python3.12/site-packages/airflow/example_dags/tutorial.py
[2026-04-01T13:18:35.092+0000] {processor.py:830} INFO - Processing file /home/airflow/.local/lib/python3.12/site-packages/airflow/example_dags/tutorial.py for tasks to queue
[2026-04-01T13:18:35.094+0000] {logging_mixin.py:188} INFO - [2026-04-01T13:18:35.094+0000] {dagbag.py:545} INFO - Filling up the DagBag from /home/airflow/.local/lib/python3.12/site-packages/airflow/example_dags/tutorial.py
[2026-04-01T13:18:35.098+0000] {processor.py:840} INFO - DAG(s) 'tutorial' retrieved from /home/airflow/.local/lib/python3.12/site-packages/airflow/example_dags/tutorial.py
[2026-04-01T13:18:35.114+0000] {logging_mixin.py:188} INFO - [2026-04-01T13:18:35.114+0000] {dag.py:3096} INFO - Sync 1 DAGs
[2026-04-01T13:18:35.131+0000] {logging_mixin.py:188} INFO - [2026-04-01T13:18:35.131+0000] {dag.py:3954} INFO - Setting next_dagrun for tutorial to 2026-03-31 00:00:00+00:00, run_after=2026-04-01 00:00:00+00:00
[2026-04-01T13:18:35.150+0000] {processor.py:183} INFO - Processing /home/airflow/.local/lib/python3.12/site-packages/airflow/example_dags/tutorial.py took 0.063 seconds
[2026-04-01T13:19:05.667+0000] {processor.py:161} INFO - Started process (PID=2400) to work on /home/airflow/.local/lib/python3.12/site-packages/airflow/example_dags/tutorial.py
[2026-04-01T13:19:05.668+0000] {processor.py:830} INFO - Processing file /home/airflow/.local/lib/python3.12/site-packages/airflow/example_dags/tutorial.py for tasks to queue
[2026-04-01T13:19:05.670+0000] {logging_mixin.py:188} INFO - [2026-04-01T13:19:05.669+0000] {dagbag.py:545} INFO - Filling up the DagBag from /home/airflow/.local/lib/python3.12/site-packages/airflow/example_dags/tutorial.py
[2026-04-01T13:19:05.674+0000] {processor.py:840} INFO - DAG(s) 'tutorial' retrieved from /home/airflow/.local/lib/python3.12/site-packages/airflow/example_dags/tutorial.py
[2026-04-01T13:19:05.688+0000] {logging_mixin.py:188} INFO - [2026-04-01T13:19:05.687+0000] {dag.py:3096} INFO - Sync 1 DAGs
[2026-04-01T13:19:05.703+0000] {logging_mixin.py:188} INFO - [2026-04-01T13:19:05.703+0000] {dag.py:3954} INFO - Setting next_dagrun for tutorial to 2026-03-31 00:00:00+00:00, run_after=2026-04-01 00:00:00+00:00
[2026-04-01T13:19:05.719+0000] {processor.py:183} INFO - Processing /home/airflow/.local/lib/python3.12/site-packages/airflow/example_dags/tutorial.py took 0.056 seconds
[2026-04-01T13:19:35.957+0000] {processor.py:161} INFO - Started process (PID=2458) to work on /home/airflow/.local/lib/python3.12/site-packages/airflow/example_dags/tutorial.py
[2026-04-01T13:19:35.958+0000] {processor.py:830} INFO - Processing file /home/airflow/.local/lib/python3.12/site-packages/airflow/example_dags/tutorial.py for tasks to queue
[2026-04-01T13:19:35.960+0000] {logging_mixin.py:188} INFO - [2026-04-01T13:19:35.959+0000] {dagbag.py:545} INFO - Filling up the DagBag from /home/airflow/.local/lib/python3.12/site-packages/airflow/example_dags/tutorial.py
[2026-04-01T13:19:35.964+0000] {processor.py:840} INFO - DAG(s) 'tutorial' retrieved from /home/airflow/.local/lib/python3.12/site-packages/airflow/example_dags/tutorial.py
[2026-04-01T13:19:35.982+0000] {logging_mixin.py:188} INFO - [2026-04-01T13:19:35.981+0000] {dag.py:3096} INFO - Sync 1 DAGs
[2026-04-01T13:19:36.001+0000] {logging_mixin.py:188} INFO - [2026-04-01T13:19:36.000+0000] {dag.py:3954} INFO - Setting next_dagrun for tutorial to 2026-03-31 00:00:00+00:00, run_after=2026-04-01 00:00:00+00:00
[2026-04-01T13:19:36.021+0000] {processor.py:183} INFO - Processing /home/airflow/.local/lib/python3.12/site-packages/airflow/example_dags/tutorial.py took 0.070 seconds
[2026-04-01T13:20:06.435+0000] {processor.py:161} INFO - Started process (PID=2516) to work on /home/airflow/.local/lib/python3.12/site-packages/airflow/example_dags/tutorial.py
[2026-04-01T13:20:06.435+0000] {processor.py:830} INFO - Processing file /home/airflow/.local/lib/python3.12/site-packages/airflow/example_dags/tutorial.py for tasks to queue
[2026-04-01T13:20:06.437+0000] {logging_mixin.py:188} INFO - [2026-04-01T13:20:06.437+0000] {dagbag.py:545} INFO - Filling up the DagBag from /home/airflow/.local/lib/python3.12/site-packages/airflow/example_dags/tutorial.py
[2026-04-01T13:20:06.442+0000] {processor.py:840} INFO - DAG(s) 'tutorial' retrieved from /home/airflow/.local/lib/python3.12/site-packages/airflow/example_dags/tutorial.py
[2026-04-01T13:20:06.458+0000] {logging_mixin.py:188} INFO - [2026-04-01T13:20:06.458+0000] {dag.py:3096} INFO - Sync 1 DAGs
[2026-04-01T13:20:06.474+0000] {logging_mixin.py:188} INFO - [2026-04-01T13:20:06.473+0000] {dag.py:3954} INFO - Setting next_dagrun for tutorial to 2026-03-31 00:00:00+00:00, run_after=2026-04-01 00:00:00+00:00
[2026-04-01T13:20:06.488+0000] {processor.py:183} INFO - Processing /home/airflow/.local/lib/python3.12/site-packages/airflow/example_dags/tutorial.py took 0.057 seconds
[2026-04-01T13:20:36.950+0000] {processor.py:161} INFO - Started process (PID=2574) to work on /home/airflow/.local/lib/python3.12/site-packages/airflow/example_dags/tutorial.py
[2026-04-01T13:20:36.950+0000] {processor.py:830} INFO - Processing file /home/airflow/.local/lib/python3.12/site-packages/airflow/example_dags/tutorial.py for tasks to queue
[2026-04-01T13:20:36.952+0000] {logging_mixin.py:188} INFO - [2026-04-01T13:20:36.952+0000] {dagbag.py:545} INFO - Filling up the DagBag from /home/airflow/.local/lib/python3.12/site-packages/airflow/example_dags/tutorial.py
[2026-04-01T13:20:36.958+0000] {processor.py:840} INFO - DAG(s) 'tutorial' retrieved from /home/airflow/.local/lib/python3.12/site-packages/airflow/example_dags/tutorial.py
[2026-04-01T13:20:36.974+0000] {logging_mixin.py:188} INFO - [2026-04-01T13:20:36.974+0000] {dag.py:3096} INFO - Sync 1 DAGs
[2026-04-01T13:20:36.993+0000] {logging_mixin.py:188} INFO - [2026-04-01T13:20:36.993+0000] {dag.py:3954} INFO - Setting next_dagrun for tutorial to 2026-03-31 00:00:00+00:00, run_after=2026-04-01 00:00:00+00:00
[2026-04-01T13:20:37.011+0000] {processor.py:183} INFO - Processing /home/airflow/.local/lib/python3.12/site-packages/airflow/example_dags/tutorial.py took 0.067 seconds
[2026-04-01T13:21:07.397+0000] {processor.py:161} INFO - Started process (PID=2632) to work on /home/airflow/.local/lib/python3.12/site-packages/airflow/example_dags/tutorial.py
[2026-04-01T13:21:07.398+0000] {processor.py:830} INFO - Processing file /home/airflow/.local/lib/python3.12/site-packages/airflow/example_dags/tutorial.py for tasks to queue
[2026-04-01T13:21:07.399+0000] {logging_mixin.py:188} INFO - [2026-04-01T13:21:07.399+0000] {dagbag.py:545} INFO - Filling up the DagBag from /home/airflow/.local/lib/python3.12/site-packages/airflow/example_dags/tutorial.py
[2026-04-01T13:21:07.406+0000] {processor.py:840} INFO - DAG(s) 'tutorial' retrieved from /home/airflow/.local/lib/python3.12/site-packages/airflow/example_dags/tutorial.py
[2026-04-01T13:21:07.421+0000] {logging_mixin.py:188} INFO - [2026-04-01T13:21:07.421+0000] {dag.py:3096} INFO - Sync 1 DAGs
[2026-04-01T13:21:07.439+0000] {logging_mixin.py:188} INFO - [2026-04-01T13:21:07.439+0000] {dag.py:3954} INFO - Setting next_dagrun for tutorial to 2026-03-31 00:00:00+00:00, run_after=2026-04-01 00:00:00+00:00
[2026-04-01T13:21:07.454+0000] {processor.py:183} INFO - Processing /home/airflow/.local/lib/python3.12/site-packages/airflow/example_dags/tutorial.py took 0.063 seconds
[2026-04-01T13:21:37.952+0000] {processor.py:161} INFO - Started process (PID=2690) to work on /home/airflow/.local/lib/python3.12/site-packages/airflow/example_dags/tutorial.py
[2026-04-01T13:21:37.952+0000] {processor.py:830} INFO - Processing file /home/airflow/.local/lib/python3.12/site-packages/airflow/example_dags/tutorial.py for tasks to queue
[2026-04-01T13:21:37.954+0000] {logging_mixin.py:188} INFO - [2026-04-01T13:21:37.954+0000] {dagbag.py:545} INFO - Filling up the DagBag from /home/airflow/.local/lib/python3.12/site-packages/airflow/example_dags/tutorial.py
[2026-04-01T13:21:37.958+0000] {processor.py:840} INFO - DAG(s) 'tutorial' retrieved from /home/airflow/.local/lib/python3.12/site-packages/airflow/example_dags/tutorial.py
[2026-04-01T13:21:37.973+0000] {logging_mixin.py:188} INFO - [2026-04-01T13:21:37.973+0000] {dag.py:3096} INFO - Sync 1 DAGs
[2026-04-01T13:21:37.988+0000] {logging_mixin.py:188} INFO - [2026-04-01T13:21:37.988+0000] {dag.py:3954} INFO - Setting next_dagrun for tutorial to 2026-03-31 00:00:00+00:00, run_after=2026-04-01 00:00:00+00:00
[2026-04-01T13:21:38.004+0000] {processor.py:183} INFO - Processing /home/airflow/.local/lib/python3.12/site-packages/airflow/example_dags/tutorial.py took 0.057 seconds
[2026-04-01T13:22:08.473+0000] {processor.py:161} INFO - Started process (PID=2748) to work on /home/airflow/.local/lib/python3.12/site-packages/airflow/example_dags/tutorial.py
[2026-04-01T13:22:08.474+0000] {processor.py:830} INFO - Processing file /home/airflow/.local/lib/python3.12/site-packages/airflow/example_dags/tutorial.py for tasks to queue
[2026-04-01T13:22:08.476+0000] {logging_mixin.py:188} INFO - [2026-04-01T13:22:08.476+0000] {dagbag.py:545} INFO - Filling up the DagBag from /home/airflow/.local/lib/python3.12/site-packages/airflow/example_dags/tutorial.py
[2026-04-01T13:22:08.481+0000] {processor.py:840} INFO - DAG(s) 'tutorial' retrieved from /home/airflow/.local/lib/python3.12/site-packages/airflow/example_dags/tutorial.py
[2026-04-01T13:22:08.495+0000] {logging_mixin.py:188} INFO - [2026-04-01T13:22:08.495+0000] {dag.py:3096} INFO - Sync 1 DAGs
[2026-04-01T13:22:08.512+0000] {logging_mixin.py:188} INFO - [2026-04-01T13:22:08.512+0000] {dag.py:3954} INFO - Setting next_dagrun for tutorial to 2026-03-31 00:00:00+00:00, run_after=2026-04-01 00:00:00+00:00
[2026-04-01T13:22:08.527+0000] {processor.py:183} INFO - Processing /home/airflow/.local/lib/python3.12/site-packages/airflow/example_dags/tutorial.py took 0.060 seconds
[2026-04-01T13:22:39.032+0000] {processor.py:161} INFO - Started process (PID=2806) to work on /home/airflow/.local/lib/python3.12/site-packages/airflow/example_dags/tutorial.py
[2026-04-01T13:22:39.032+0000] {processor.py:830} INFO - Processing file /home/airflow/.local/lib/python3.12/site-packages/airflow/example_dags/tutorial.py for tasks to queue
[2026-04-01T13:22:39.034+0000] {logging_mixin.py:188} INFO - [2026-04-01T13:22:39.034+0000] {dagbag.py:545} INFO - Filling up the DagBag from /home/airflow/.local/lib/python3.12/site-packages/airflow/example_dags/tutorial.py
[2026-04-01T13:22:39.040+0000] {processor.py:840} INFO - DAG(s) 'tutorial' retrieved from /home/airflow/.local/lib/python3.12/site-packages/airflow/example_dags/tutorial.py
[2026-04-01T13:22:39.056+0000] {logging_mixin.py:188} INFO - [2026-04-01T13:22:39.056+0000] {dag.py:3096} INFO - Sync 1 DAGs
[2026-04-01T13:22:39.072+0000] {logging_mixin.py:188} INFO - [2026-04-01T13:22:39.072+0000] {dag.py:3954} INFO - Setting next_dagrun for tutorial to 2026-03-31 00:00:00+00:00, run_after=2026-04-01 00:00:00+00:00
[2026-04-01T13:22:39.087+0000] {processor.py:183} INFO - Processing /home/airflow/.local/lib/python3.12/site-packages/airflow/example_dags/tutorial.py took 0.060 seconds
[2026-04-01T13:23:09.457+0000] {processor.py:161} INFO - Started process (PID=2864) to work on /home/airflow/.local/lib/python3.12/site-packages/airflow/example_dags/tutorial.py
[2026-04-01T13:23:09.458+0000] {processor.py:830} INFO - Processing file /home/airflow/.local/lib/python3.12/site-packages/airflow/example_dags/tutorial.py for tasks to queue
[2026-04-01T13:23:09.460+0000] {logging_mixin.py:188} INFO - [2026-04-01T13:23:09.459+0000] {dagbag.py:545} INFO - Filling up the DagBag from /home/airflow/.local/lib/python3.12/site-packages/airflow/example_dags/tutorial.py
[2026-04-01T13:23:09.464+0000] {processor.py:840} INFO - DAG(s) 'tutorial' retrieved from /home/airflow/.local/lib/python3.12/site-packages/airflow/example_dags/tutorial.py
[2026-04-01T13:23:09.479+0000] {logging_mixin.py:188} INFO - [2026-04-01T13:23:09.479+0000] {dag.py:3096} INFO - Sync 1 DAGs
[2026-04-01T13:23:09.494+0000] {logging_mixin.py:188} INFO - [2026-04-01T13:23:09.493+0000] {dag.py:3954} INFO - Setting next_dagrun for tutorial to 2026-03-31 00:00:00+00:00, run_after=2026-04-01 00:00:00+00:00
[2026-04-01T13:23:09.509+0000] {processor.py:183} INFO - Processing /home/airflow/.local/lib/python3.12/site-packages/airflow/example_dags/tutorial.py took 0.057 seconds
[2026-04-01T13:23:39.985+0000] {processor.py:161} INFO - Started process (PID=2922) to work on /home/airflow/.local/lib/python3.12/site-packages/airflow/example_dags/tutorial.py
[2026-04-01T13:23:39.986+0000] {processor.py:830} INFO - Processing file /home/airflow/.local/lib/python3.12/site-packages/airflow/example_dags/tutorial.py for tasks to queue
[2026-04-01T13:23:39.987+0000] {logging_mixin.py:188} INFO - [2026-04-01T13:23:39.987+0000] {dagbag.py:545} INFO - Filling up the DagBag from /home/airflow/.local/lib/python3.12/site-packages/airflow/example_dags/tutorial.py
[2026-04-01T13:23:39.993+0000] {processor.py:840} INFO - DAG(s) 'tutorial' retrieved from /home/airflow/.local/lib/python3.12/site-packages/airflow/example_dags/tutorial.py
[2026-04-01T13:23:40.008+0000] {logging_mixin.py:188} INFO - [2026-04-01T13:23:40.007+0000] {dag.py:3096} INFO - Sync 1 DAGs
[2026-04-01T13:23:40.024+0000] {logging_mixin.py:188} INFO - [2026-04-01T13:23:40.024+0000] {dag.py:3954} INFO - Setting next_dagrun for tutorial to 2026-03-31 00:00:00+00:00, run_after=2026-04-01 00:00:00+00:00
[2026-04-01T13:23:40.042+0000] {processor.py:183} INFO - Processing /home/airflow/.local/lib/python3.12/site-packages/airflow/example_dags/tutorial.py took 0.064 seconds
[2026-04-01T13:24:10.494+0000] {processor.py:161} INFO - Started process (PID=2981) to work on /home/airflow/.local/lib/python3.12/site-packages/airflow/example_dags/tutorial.py
[2026-04-01T13:24:10.495+0000] {processor.py:830} INFO - Processing file /home/airflow/.local/lib/python3.12/site-packages/airflow/example_dags/tutorial.py for tasks to queue
[2026-04-01T13:24:10.496+0000] {logging_mixin.py:188} INFO - [2026-04-01T13:24:10.496+0000] {dagbag.py:545} INFO - Filling up the DagBag from /home/airflow/.local/lib/python3.12/site-packages/airflow/example_dags/tutorial.py
[2026-04-01T13:24:10.502+0000] {processor.py:840} INFO - DAG(s) 'tutorial' retrieved from /home/airflow/.local/lib/python3.12/site-packages/airflow/example_dags/tutorial.py
[2026-04-01T13:24:10.517+0000] {logging_mixin.py:188} INFO - [2026-04-01T13:24:10.516+0000] {dag.py:3096} INFO - Sync 1 DAGs
[2026-04-01T13:24:10.532+0000] {logging_mixin.py:188} INFO - [2026-04-01T13:24:10.532+0000] {dag.py:3954} INFO - Setting next_dagrun for tutorial to 2026-03-31 00:00:00+00:00, run_after=2026-04-01 00:00:00+00:00
[2026-04-01T13:24:10.546+0000] {processor.py:183} INFO - Processing /home/airflow/.local/lib/python3.12/site-packages/airflow/example_dags/tutorial.py took 0.057 seconds
[2026-04-01T13:24:40.919+0000] {processor.py:161} INFO - Started process (PID=3039) to work on /home/airflow/.local/lib/python3.12/site-packages/airflow/example_dags/tutorial.py
[2026-04-01T13:24:40.920+0000] {processor.py:830} INFO - Processing file /home/airflow/.local/lib/python3.12/site-packages/airflow/example_dags/tutorial.py for tasks to queue
[2026-04-01T13:24:40.921+0000] {logging_mixin.py:188} INFO - [2026-04-01T13:24:40.921+0000] {dagbag.py:545} INFO - Filling up the DagBag from /home/airflow/.local/lib/python3.12/site-packages/airflow/example_dags/tutorial.py
[2026-04-01T13:24:40.926+0000] {processor.py:840} INFO - DAG(s) 'tutorial' retrieved from /home/airflow/.local/lib/python3.12/site-packages/airflow/example_dags/tutorial.py
[2026-04-01T13:24:40.941+0000] {logging_mixin.py:188} INFO - [2026-04-01T13:24:40.941+0000] {dag.py:3096} INFO - Sync 1 DAGs
[2026-04-01T13:24:40.956+0000] {logging_mixin.py:188} INFO - [2026-04-01T13:24:40.956+0000] {dag.py:3954} INFO - Setting next_dagrun for tutorial to 2026-03-31 00:00:00+00:00, run_after=2026-04-01 00:00:00+00:00
[2026-04-01T13:24:40.972+0000] {processor.py:183} INFO - Processing /home/airflow/.local/lib/python3.12/site-packages/airflow/example_dags/tutorial.py took 0.057 seconds
[2026-04-01T13:25:11.530+0000] {processor.py:161} INFO - Started process (PID=3098) to work on /home/airflow/.local/lib/python3.12/site-packages/airflow/example_dags/tutorial.py
[2026-04-01T13:25:11.532+0000] {processor.py:830} INFO - Processing file /home/airflow/.local/lib/python3.12/site-packages/airflow/example_dags/tutorial.py for tasks to queue
[2026-04-01T13:25:11.534+0000] {logging_mixin.py:188} INFO - [2026-04-01T13:25:11.533+0000] {dagbag.py:545} INFO - Filling up the DagBag from /home/airflow/.local/lib/python3.12/site-packages/airflow/example_dags/tutorial.py
[2026-04-01T13:25:11.540+0000] {processor.py:840} INFO - DAG(s) 'tutorial' retrieved from /home/airflow/.local/lib/python3.12/site-packages/airflow/example_dags/tutorial.py
[2026-04-01T13:25:11.559+0000] {logging_mixin.py:188} INFO - [2026-04-01T13:25:11.559+0000] {dag.py:3096} INFO - Sync 1 DAGs
[2026-04-01T13:25:11.579+0000] {logging_mixin.py:188} INFO - [2026-04-01T13:25:11.578+0000] {dag.py:3954} INFO - Setting next_dagrun for tutorial to 2026-03-31 00:00:00+00:00, run_after=2026-04-01 00:00:00+00:00
[2026-04-01T13:25:11.596+0000] {processor.py:183} INFO - Processing /home/airflow/.local/lib/python3.12/site-packages/airflow/example_dags/tutorial.py took 0.072 seconds
[2026-04-01T13:25:41.910+0000] {processor.py:161} INFO - Started process (PID=3157) to work on /home/airflow/.local/lib/python3.12/site-packages/airflow/example_dags/tutorial.py
[2026-04-01T13:25:41.911+0000] {processor.py:830} INFO - Processing file /home/airflow/.local/lib/python3.12/site-packages/airflow/example_dags/tutorial.py for tasks to queue
[2026-04-01T13:25:41.913+0000] {logging_mixin.py:188} INFO - [2026-04-01T13:25:41.912+0000] {dagbag.py:545} INFO - Filling up the DagBag from /home/airflow/.local/lib/python3.12/site-packages/airflow/example_dags/tutorial.py
[2026-04-01T13:25:41.917+0000] {processor.py:840} INFO - DAG(s) 'tutorial' retrieved from /home/airflow/.local/lib/python3.12/site-packages/airflow/example_dags/tutorial.py
[2026-04-01T13:25:41.931+0000] {logging_mixin.py:188} INFO - [2026-04-01T13:25:41.931+0000] {dag.py:3096} INFO - Sync 1 DAGs
[2026-04-01T13:25:41.945+0000] {logging_mixin.py:188} INFO - [2026-04-01T13:25:41.945+0000] {dag.py:3954} INFO - Setting next_dagrun for tutorial to 2026-03-31 00:00:00+00:00, run_after=2026-04-01 00:00:00+00:00
[2026-04-01T13:25:41.961+0000] {processor.py:183} INFO - Processing /home/airflow/.local/lib/python3.12/site-packages/airflow/example_dags/tutorial.py took 0.055 seconds
[2026-04-01T13:26:12.236+0000] {processor.py:161} INFO - Started process (PID=3216) to work on /home/airflow/.local/lib/python3.12/site-packages/airflow/example_dags/tutorial.py
[2026-04-01T13:26:12.237+0000] {processor.py:830} INFO - Processing file /home/airflow/.local/lib/python3.12/site-packages/airflow/example_dags/tutorial.py for tasks to queue
[2026-04-01T13:26:12.239+0000] {logging_mixin.py:188} INFO - [2026-04-01T13:26:12.238+0000] {dagbag.py:545} INFO - Filling up the DagBag from /home/airflow/.local/lib/python3.12/site-packages/airflow/example_dags/tutorial.py
[2026-04-01T13:26:12.243+0000] {processor.py:840} INFO - DAG(s) 'tutorial' retrieved from /home/airflow/.local/lib/python3.12/site-packages/airflow/example_dags/tutorial.py
[2026-04-01T13:26:12.256+0000] {logging_mixin.py:188} INFO - [2026-04-01T13:26:12.256+0000] {dag.py:3096} INFO - Sync 1 DAGs
[2026-04-01T13:26:12.271+0000] {logging_mixin.py:188} INFO - [2026-04-01T13:26:12.271+0000] {dag.py:3954} INFO - Setting next_dagrun for tutorial to 2026-03-31 00:00:00+00:00, run_after=2026-04-01 00:00:00+00:00
[2026-04-01T13:26:12.286+0000] {processor.py:183} INFO - Processing /home/airflow/.local/lib/python3.12/site-packages/airflow/example_dags/tutorial.py took 0.054 seconds
[2026-04-01T13:26:42.562+0000] {processor.py:161} INFO - Started process (PID=3275) to work on /home/airflow/.local/lib/python3.12/site-packages/airflow/example_dags/tutorial.py
[2026-04-01T13:26:42.562+0000] {processor.py:830} INFO - Processing file /home/airflow/.local/lib/python3.12/site-packages/airflow/example_dags/tutorial.py for tasks to queue
[2026-04-01T13:26:42.564+0000] {logging_mixin.py:188} INFO - [2026-04-01T13:26:42.564+0000] {dagbag.py:545} INFO - Filling up the DagBag from /home/airflow/.local/lib/python3.12/site-packages/airflow/example_dags/tutorial.py
[2026-04-01T13:26:42.571+0000] {processor.py:840} INFO - DAG(s) 'tutorial' retrieved from /home/airflow/.local/lib/python3.12/site-packages/airflow/example_dags/tutorial.py
[2026-04-01T13:26:42.589+0000] {logging_mixin.py:188} INFO - [2026-04-01T13:26:42.589+0000] {dag.py:3096} INFO - Sync 1 DAGs
[2026-04-01T13:26:42.607+0000] {logging_mixin.py:188} INFO - [2026-04-01T13:26:42.607+0000] {dag.py:3954} INFO - Setting next_dagrun for tutorial to 2026-03-31 00:00:00+00:00, run_after=2026-04-01 00:00:00+00:00
[2026-04-01T13:26:42.626+0000] {processor.py:183} INFO - Processing /home/airflow/.local/lib/python3.12/site-packages/airflow/example_dags/tutorial.py took 0.070 seconds
[2026-04-01T13:27:13.076+0000] {processor.py:161} INFO - Started process (PID=3334) to work on /home/airflow/.local/lib/python3.12/site-packages/airflow/example_dags/tutorial.py
[2026-04-01T13:27:13.076+0000] {processor.py:830} INFO - Processing file /home/airflow/.local/lib/python3.12/site-packages/airflow/example_dags/tutorial.py for tasks to queue
[2026-04-01T13:27:13.078+0000] {logging_mixin.py:188} INFO - [2026-04-01T13:27:13.078+0000] {dagbag.py:545} INFO - Filling up the DagBag from /home/airflow/.local/lib/python3.12/site-packages/airflow/example_dags/tutorial.py
[2026-04-01T13:27:13.082+0000] {processor.py:840} INFO - DAG(s) 'tutorial' retrieved from /home/airflow/.local/lib/python3.12/site-packages/airflow/example_dags/tutorial.py
[2026-04-01T13:27:13.097+0000] {logging_mixin.py:188} INFO - [2026-04-01T13:27:13.097+0000] {dag.py:3096} INFO - Sync 1 DAGs
[2026-04-01T13:27:13.112+0000] {logging_mixin.py:188} INFO - [2026-04-01T13:27:13.112+0000] {dag.py:3954} INFO - Setting next_dagrun for tutorial to 2026-03-31 00:00:00+00:00, run_after=2026-04-01 00:00:00+00:00
[2026-04-01T13:27:13.129+0000] {processor.py:183} INFO - Processing /home/airflow/.local/lib/python3.12/site-packages/airflow/example_dags/tutorial.py took 0.058 seconds
[2026-04-01T13:27:43.901+0000] {processor.py:161} INFO - Started process (PID=3393) to work on /home/airflow/.local/lib/python3.12/site-packages/airflow/example_dags/tutorial.py
[2026-04-01T13:27:43.902+0000] {processor.py:830} INFO - Processing file /home/airflow/.local/lib/python3.12/site-packages/airflow/example_dags/tutorial.py for tasks to queue
[2026-04-01T13:27:43.904+0000] {logging_mixin.py:188} INFO - [2026-04-01T13:27:43.904+0000] {dagbag.py:545} INFO - Filling up the DagBag from /home/airflow/.local/lib/python3.12/site-packages/airflow/example_dags/tutorial.py
[2026-04-01T13:27:43.910+0000] {processor.py:840} INFO - DAG(s) 'tutorial' retrieved from /home/airflow/.local/lib/python3.12/site-packages/airflow/example_dags/tutorial.py
[2026-04-01T13:27:43.931+0000] {logging_mixin.py:188} INFO - [2026-04-01T13:27:43.930+0000] {dag.py:3096} INFO - Sync 1 DAGs
[2026-04-01T13:27:43.949+0000] {logging_mixin.py:188} INFO - [2026-04-01T13:27:43.949+0000] {dag.py:3954} INFO - Setting next_dagrun for tutorial to 2026-03-31 00:00:00+00:00, run_after=2026-04-01 00:00:00+00:00
[2026-04-01T13:27:43.970+0000] {processor.py:183} INFO - Processing /home/airflow/.local/lib/python3.12/site-packages/airflow/example_dags/tutorial.py took 0.074 seconds
[2026-04-01T13:28:14.229+0000] {processor.py:161} INFO - Started process (PID=3452) to work on /home/airflow/.local/lib/python3.12/site-packages/airflow/example_dags/tutorial.py
[2026-04-01T13:28:14.230+0000] {processor.py:830} INFO - Processing file /home/airflow/.local/lib/python3.12/site-packages/airflow/example_dags/tutorial.py for tasks to queue
[2026-04-01T13:28:14.231+0000] {logging_mixin.py:188} INFO - [2026-04-01T13:28:14.231+0000] {dagbag.py:545} INFO - Filling up the DagBag from /home/airflow/.local/lib/python3.12/site-packages/airflow/example_dags/tutorial.py
[2026-04-01T13:28:14.236+0000] {processor.py:840} INFO - DAG(s) 'tutorial' retrieved from /home/airflow/.local/lib/python3.12/site-packages/airflow/example_dags/tutorial.py
[2026-04-01T13:28:14.252+0000] {logging_mixin.py:188} INFO - [2026-04-01T13:28:14.252+0000] {dag.py:3096} INFO - Sync 1 DAGs
[2026-04-01T13:28:14.268+0000] {logging_mixin.py:188} INFO - [2026-04-01T13:28:14.268+0000] {dag.py:3954} INFO - Setting next_dagrun for tutorial to 2026-03-31 00:00:00+00:00, run_after=2026-04-01 00:00:00+00:00
[2026-04-01T13:28:14.282+0000] {processor.py:183} INFO - Processing /home/airflow/.local/lib/python3.12/site-packages/airflow/example_dags/tutorial.py took 0.057 seconds
[2026-04-01T13:28:44.629+0000] {processor.py:161} INFO - Started process (PID=3511) to work on /home/airflow/.local/lib/python3.12/site-packages/airflow/example_dags/tutorial.py
[2026-04-01T13:28:44.629+0000] {processor.py:830} INFO - Processing file /home/airflow/.local/lib/python3.12/site-packages/airflow/example_dags/tutorial.py for tasks to queue
[2026-04-01T13:28:44.631+0000] {logging_mixin.py:188} INFO - [2026-04-01T13:28:44.631+0000] {dagbag.py:545} INFO - Filling up the DagBag from /home/airflow/.local/lib/python3.12/site-packages/airflow/example_dags/tutorial.py
[2026-04-01T13:28:44.637+0000] {processor.py:840} INFO - DAG(s) 'tutorial' retrieved from /home/airflow/.local/lib/python3.12/site-packages/airflow/example_dags/tutorial.py
[2026-04-01T13:28:44.652+0000] {logging_mixin.py:188} INFO - [2026-04-01T13:28:44.651+0000] {dag.py:3096} INFO - Sync 1 DAGs
[2026-04-01T13:28:44.668+0000] {logging_mixin.py:188} INFO - [2026-04-01T13:28:44.668+0000] {dag.py:3954} INFO - Setting next_dagrun for tutorial to 2026-03-31 00:00:00+00:00, run_after=2026-04-01 00:00:00+00:00
[2026-04-01T13:28:44.684+0000] {processor.py:183} INFO - Processing /home/airflow/.local/lib/python3.12/site-packages/airflow/example_dags/tutorial.py took 0.059 seconds
[2026-04-01T13:29:15.023+0000] {processor.py:161} INFO - Started process (PID=3570) to work on /home/airflow/.local/lib/python3.12/site-packages/airflow/example_dags/tutorial.py
[2026-04-01T13:29:15.024+0000] {processor.py:830} INFO - Processing file /home/airflow/.local/lib/python3.12/site-packages/airflow/example_dags/tutorial.py for tasks to queue
[2026-04-01T13:29:15.026+0000] {logging_mixin.py:188} INFO - [2026-04-01T13:29:15.025+0000] {dagbag.py:545} INFO - Filling up the DagBag from /home/airflow/.local/lib/python3.12/site-packages/airflow/example_dags/tutorial.py
[2026-04-01T13:29:15.031+0000] {processor.py:840} INFO - DAG(s) 'tutorial' retrieved from /home/airflow/.local/lib/python3.12/site-packages/airflow/example_dags/tutorial.py
[2026-04-01T13:29:15.046+0000] {logging_mixin.py:188} INFO - [2026-04-01T13:29:15.045+0000] {dag.py:3096} INFO - Sync 1 DAGs
[2026-04-01T13:29:15.062+0000] {logging_mixin.py:188} INFO - [2026-04-01T13:29:15.062+0000] {dag.py:3954} INFO - Setting next_dagrun for tutorial to 2026-03-31 00:00:00+00:00, run_after=2026-04-01 00:00:00+00:00
[2026-04-01T13:29:15.078+0000] {processor.py:183} INFO - Processing /home/airflow/.local/lib/python3.12/site-packages/airflow/example_dags/tutorial.py took 0.059 seconds
[2026-04-01T13:29:45.370+0000] {processor.py:161} INFO - Started process (PID=3629) to work on /home/airflow/.local/lib/python3.12/site-packages/airflow/example_dags/tutorial.py
[2026-04-01T13:29:45.371+0000] {processor.py:830} INFO - Processing file /home/airflow/.local/lib/python3.12/site-packages/airflow/example_dags/tutorial.py for tasks to queue
[2026-04-01T13:29:45.372+0000] {logging_mixin.py:188} INFO - [2026-04-01T13:29:45.372+0000] {dagbag.py:545} INFO - Filling up the DagBag from /home/airflow/.local/lib/python3.12/site-packages/airflow/example_dags/tutorial.py
[2026-04-01T13:29:45.378+0000] {processor.py:840} INFO - DAG(s) 'tutorial' retrieved from /home/airflow/.local/lib/python3.12/site-packages/airflow/example_dags/tutorial.py
[2026-04-01T13:29:45.392+0000] {logging_mixin.py:188} INFO - [2026-04-01T13:29:45.392+0000] {dag.py:3096} INFO - Sync 1 DAGs
[2026-04-01T13:29:45.408+0000] {logging_mixin.py:188} INFO - [2026-04-01T13:29:45.408+0000] {dag.py:3954} INFO - Setting next_dagrun for tutorial to 2026-03-31 00:00:00+00:00, run_after=2026-04-01 00:00:00+00:00
[2026-04-01T13:29:45.424+0000] {processor.py:183} INFO - Processing /home/airflow/.local/lib/python3.12/site-packages/airflow/example_dags/tutorial.py took 0.058 seconds
[2026-04-01T13:30:15.661+0000] {processor.py:161} INFO - Started process (PID=3688) to work on /home/airflow/.local/lib/python3.12/site-packages/airflow/example_dags/tutorial.py
[2026-04-01T13:30:15.662+0000] {processor.py:830} INFO - Processing file /home/airflow/.local/lib/python3.12/site-packages/airflow/example_dags/tutorial.py for tasks to queue
[2026-04-01T13:30:15.664+0000] {logging_mixin.py:188} INFO - [2026-04-01T13:30:15.664+0000] {dagbag.py:545} INFO - Filling up the DagBag from /home/airflow/.local/lib/python3.12/site-packages/airflow/example_dags/tutorial.py
[2026-04-01T13:30:15.669+0000] {processor.py:840} INFO - DAG(s) 'tutorial' retrieved from /home/airflow/.local/lib/python3.12/site-packages/airflow/example_dags/tutorial.py
[2026-04-01T13:30:15.683+0000] {logging_mixin.py:188} INFO - [2026-04-01T13:30:15.683+0000] {dag.py:3096} INFO - Sync 1 DAGs
[2026-04-01T13:30:15.697+0000] {logging_mixin.py:188} INFO - [2026-04-01T13:30:15.697+0000] {dag.py:3954} INFO - Setting next_dagrun for tutorial to 2026-03-31 00:00:00+00:00, run_after=2026-04-01 00:00:00+00:00
[2026-04-01T13:30:15.711+0000] {processor.py:183} INFO - Processing /home/airflow/.local/lib/python3.12/site-packages/airflow/example_dags/tutorial.py took 0.055 seconds
[2026-04-01T13:30:46.100+0000] {processor.py:161} INFO - Started process (PID=3747) to work on /home/airflow/.local/lib/python3.12/site-packages/airflow/example_dags/tutorial.py
[2026-04-01T13:30:46.101+0000] {processor.py:830} INFO - Processing file /home/airflow/.local/lib/python3.12/site-packages/airflow/example_dags/tutorial.py for tasks to queue
[2026-04-01T13:30:46.103+0000] {logging_mixin.py:188} INFO - [2026-04-01T13:30:46.102+0000] {dagbag.py:545} INFO - Filling up the DagBag from /home/airflow/.local/lib/python3.12/site-packages/airflow/example_dags/tutorial.py
[2026-04-01T13:30:46.107+0000] {processor.py:840} INFO - DAG(s) 'tutorial' retrieved from /home/airflow/.local/lib/python3.12/site-packages/airflow/example_dags/tutorial.py
[2026-04-01T13:30:46.121+0000] {logging_mixin.py:188} INFO - [2026-04-01T13:30:46.121+0000] {dag.py:3096} INFO - Sync 1 DAGs
[2026-04-01T13:30:46.135+0000] {logging_mixin.py:188} INFO - [2026-04-01T13:30:46.135+0000] {dag.py:3954} INFO - Setting next_dagrun for tutorial to 2026-03-31 00:00:00+00:00, run_after=2026-04-01 00:00:00+00:00
[2026-04-01T13:30:46.149+0000] {processor.py:183} INFO - Processing /home/airflow/.local/lib/python3.12/site-packages/airflow/example_dags/tutorial.py took 0.054 seconds
[2026-04-01T13:31:16.637+0000] {processor.py:161} INFO - Started process (PID=3806) to work on /home/airflow/.local/lib/python3.12/site-packages/airflow/example_dags/tutorial.py
[2026-04-01T13:31:16.638+0000] {processor.py:830} INFO - Processing file /home/airflow/.local/lib/python3.12/site-packages/airflow/example_dags/tutorial.py for tasks to queue
[2026-04-01T13:31:16.640+0000] {logging_mixin.py:188} INFO - [2026-04-01T13:31:16.639+0000] {dagbag.py:545} INFO - Filling up the DagBag from /home/airflow/.local/lib/python3.12/site-packages/airflow/example_dags/tutorial.py
[2026-04-01T13:31:16.644+0000] {processor.py:840} INFO - DAG(s) 'tutorial' retrieved from /home/airflow/.local/lib/python3.12/site-packages/airflow/example_dags/tutorial.py
[2026-04-01T13:31:16.661+0000] {logging_mixin.py:188} INFO - [2026-04-01T13:31:16.661+0000] {dag.py:3096} INFO - Sync 1 DAGs
[2026-04-01T13:31:16.678+0000] {logging_mixin.py:188} INFO - [2026-04-01T13:31:16.678+0000] {dag.py:3954} INFO - Setting next_dagrun for tutorial to 2026-03-31 00:00:00+00:00, run_after=2026-04-01 00:00:00+00:00
[2026-04-01T13:31:16.694+0000] {processor.py:183} INFO - Processing /home/airflow/.local/lib/python3.12/site-packages/airflow/example_dags/tutorial.py took 0.062 seconds
